xilinx rtfpga
INFO: [Synth 8-3886] merging instance 'reds_y_reg[1][9][0]' (FDSE) to 'reds_y_reg[1][9][1]'
INFO: [Synth 8-3886] merging instance 'reds_y_reg[1][9][8]' (FDRE) to 'reds_y_reg[1][9][2]'
INFO: [Synth 8-3886] merging instance 'reds_y_reg[1][9][7]' (FDRE) to 'reds_y_reg[1][9][2]'
INFO: [Synth 8-3886] merging instance 'reds_y_reg[1][9][6]' (FDSE) to 'reds_y_reg[1][9][1]'
INFO: [Synth 8-3886] merging instance 'reds_y_reg[1][9][5]' (FDSE) to 'reds_y_reg[1][9][1]'
INFO: [Synth 8-3886] merging instance 'reds_y_reg[1][9][1]' (FDSE) to 'reds_y_reg[1][9][4]'
INFO: [Synth 8-3886] merging instance 'reds_y_reg[1][9][2]' (FDRE) to 'reds_y_reg[1][9][3]'
INFO: [Synth 8-3886] merging instance 'reds_y_reg[1][9][3]' (FDRE) to 'reds_y_reg[1][9][9]'
INFO: [Synth 8-3886] merging instance 'reds_y_reg[1][9][4]' (FDSE) to 'blues_y_reg[0][9][7]'
INFO: [Synth 8-3886] merging instance 'reds_y_reg[1][9][9]' (FDRE) to 'blues_y_reg[0][9][9]'
INFO: [Synth 8-3886] merging instance 'blues_y_reg[0][9][0]' (FDRE) to 'blues_y_reg[0][9][9]'
INFO: [Synth 8-3886] merging instance 'blues_y_reg[0][9][8]' (FDRE) to 'blues_y_reg[0][9][9]'
INFO: [Synth 8-3886] merging instance 'blues_y_reg[0][9][7]' (FDSE) to 'blues_y_reg[0][9][5]'
INFO: [Synth 8-3886] merging instance 'blues_y_reg[0][9][6]' (FDRE) to 'blues_y_reg[0][9][9]'
INFO: [Synth 8-3333] propagating constant 1 across sequential element (\blues_y_reg[0][9][5] )
INFO: [Synth 8-3886] merging instance 'blues_y_reg[0][9][1]' (FDRE) to 'blues_y_reg[0][9][9]'
INFO: [Synth 8-3886] merging instance 'blues_y_reg[0][9][2]' (FDRE) to 'blues_y_reg[0][9][9]'
INFO: [Synth 8-3886] merging instance 'blues_y_reg[0][9][3]' (FDRE) to 'blues_y_reg[0][9][9]'
INFO: [Synth 8-3886] merging instance 'blues_y_reg[0][9][4]' (FDRE) to 'blues_y_reg[0][9][9]'
INFO: [Synth 8-3333] propagating constant 0 across sequential element (\blues_y_reg[0][9][9] )
