GENOME NON_GENOME PIN 228: GENOME NON_GENOME PIN 15 GENOME NON_GENOME PIN 229 GENOME NON_GENOME PIN 230
GENOME NON_GENOME PIN 15: GENOME NON_GENOME PIN 228
GENOME NON_GENOME PIN 16: GENOME NON_GENOME PIN 28 GENOME NON_GENOME PIN 229
GENOME NON_GENOME PIN 28: GENOME NON_GENOME PIN 16
GENOME NON_GENOME PIN 52: GENOME NON_GENOME PIN 40 GENOME NON_GENOME PIN 139
GENOME NON_GENOME PIN 40: GENOME NON_GENOME PIN 52
GENOME NON_GENOME PIN 138: GENOME NON_GENOME PIN 51 GENOME NON_GENOME PIN 139
GENOME NON_GENOME PIN 51: GENOME NON_GENOME PIN 138 GENOME NON_GENOME PIN 47
GENOME NON_GENOME PIN 163: GENOME NON_GENOME PIN 68 GENOME NON_GENOME PIN 174 GENOME NON_GENOME PIN 164 GENOME NON_GENOME PIN 165
GENOME NON_GENOME PIN 68: GENOME NON_GENOME PIN 163
GENOME NON_GENOME PIN 184: GENOME NON_GENOME PIN 79 GENOME NON_GENOME PIN 188
GENOME NON_GENOME PIN 79: GENOME NON_GENOME PIN 184
GENOME NON_GENOME PIN 80: GENOME NON_GENOME PIN 92 GENOME NON_GENOME PIN 185
GENOME NON_GENOME PIN 92: GENOME NON_GENOME PIN 80
GENOME NON_GENOME PIN 118: GENOME NON_GENOME PIN 106 GENOME NON_GENOME PIN 255
GENOME NON_GENOME PIN 106: GENOME NON_GENOME PIN 118
GENOME NON_GENOME PIN 254: GENOME NON_GENOME PIN 117
GENOME NON_GENOME PIN 117: GENOME NON_GENOME PIN 254 GENOME NON_GENOME PIN 119
GENOME NON_GENOME PIN 139: GENOME NON_GENOME PIN 52 GENOME NON_GENOME PIN 138
GENOME NON_GENOME PIN 162: GENOME NON_GENOME PIN 173
GENOME NON_GENOME PIN 173: GENOME NON_GENOME PIN 162 GENOME NON_GENOME PIN 174 GENOME NON_GENOME PIN 177 GENOME NON_GENOME PIN 178
GENOME NON_GENOME PIN 174: GENOME NON_GENOME PIN 163 GENOME NON_GENOME PIN 173
GENOME NON_GENOME PIN 185: GENOME NON_GENOME PIN 80
GENOME NON_GENOME PIN 229: GENOME NON_GENOME PIN 16 GENOME NON_GENOME PIN 228
GENOME NON_GENOME PIN 255: GENOME NON_GENOME PIN 118 GENOME NON_GENOME PIN 72
GENOME NON_GENOME PIN 45: GENOME NON_GENOME PIN 10 GENOME NON_GENOME PIN 56
GENOME NON_GENOME PIN 10: GENOME NON_GENOME PIN 45
GENOME NON_GENOME PIN 291: GENOME NON_GENOME PIN 21
GENOME NON_GENOME PIN 21: GENOME NON_GENOME PIN 291 GENOME NON_GENOME PIN 459
GENOME NON_GENOME PIN 292: GENOME NON_GENOME PIN 22 GENOME NON_GENOME PIN 34
GENOME NON_GENOME PIN 22: GENOME NON_GENOME PIN 292
GENOME NON_GENOME PIN 34: GENOME NON_GENOME PIN 292 GENOME NON_GENOME PIN 410
GENOME NON_GENOME PIN 44: GENOME NON_GENOME PIN 55
GENOME NON_GENOME PIN 55: GENOME NON_GENOME PIN 44
GENOME NON_GENOME PIN 56: GENOME NON_GENOME PIN 45
GENOME NON_GENOME PIN 72: GENOME NON_GENOME PIN 255
GENOME NON_GENOME PIN 256: GENOME NON_GENOME PIN 73 GENOME NON_GENOME PIN 84
GENOME NON_GENOME PIN 73: GENOME NON_GENOME PIN 256
GENOME NON_GENOME PIN 84: GENOME NON_GENOME PIN 256
GENOME NON_GENOME PIN 98: GENOME NON_GENOME PIN 101
GENOME NON_GENOME PIN 101: GENOME NON_GENOME PIN 98 GENOME NON_GENOME PIN 484
GENOME NON_GENOME PIN 87: GENOME NON_GENOME PIN 103
GENOME NON_GENOME PIN 103: GENOME NON_GENOME PIN 87 GENOME NON_GENOME PIN 37
GENOME NON_GENOME PIN 119: GENOME NON_GENOME PIN 117
GENOME NON_GENOME PIN 120: GENOME NON_GENOME PIN 123 GENOME NON_GENOME PIN 115
GENOME NON_GENOME PIN 123: GENOME NON_GENOME PIN 120
GENOME NON_GENOME PIN 1: GENOME NON_GENOME PIN 108
GENOME NON_GENOME PIN 108: GENOME NON_GENOME PIN 1
GENOME NON_GENOME PIN 3: GENOME NON_GENOME PIN 109 GENOME NON_GENOME PIN 4 GENOME NON_GENOME PIN 5 GENOME NON_GENOME PIN 9
GENOME NON_GENOME PIN 109: GENOME NON_GENOME PIN 3
GENOME NON_GENOME PIN 19: GENOME NON_GENOME PIN 110
GENOME NON_GENOME PIN 110: GENOME NON_GENOME PIN 19
GENOME NON_GENOME PIN 25: GENOME NON_GENOME PIN 111
GENOME NON_GENOME PIN 111: GENOME NON_GENOME PIN 25
GENOME NON_GENOME PIN 115: GENOME NON_GENOME PIN 120 GENOME NON_GENOME PIN 459
GENOME NON_GENOME PIN 113: GENOME NON_GENOME PIN 121
GENOME NON_GENOME PIN 121: GENOME NON_GENOME PIN 113
GENOME NON_GENOME PIN 4: GENOME NON_GENOME PIN 3
GENOME NON_GENOME PIN 5: GENOME NON_GENOME PIN 3
GENOME NON_GENOME PIN 459: GENOME NON_GENOME PIN 21 GENOME NON_GENOME PIN 115
GENOME NON_GENOME PIN 410: GENOME NON_GENOME PIN 34 GENOME NON_GENOME PIN 128
GENOME NON_GENOME PIN 411: GENOME NON_GENOME PIN 35 GENOME NON_GENOME PIN 36
GENOME NON_GENOME PIN 35: GENOME NON_GENOME PIN 411
GENOME NON_GENOME PIN 36: GENOME NON_GENOME PIN 411
GENOME NON_GENOME PIN 435: GENOME NON_GENOME PIN 41 GENOME NON_GENOME PIN 42
GENOME NON_GENOME PIN 41: GENOME NON_GENOME PIN 435
GENOME NON_GENOME PIN 42: GENOME NON_GENOME PIN 435
GENOME NON_GENOME PIN 47: GENOME NON_GENOME PIN 51
GENOME NON_GENOME PIN 586: GENOME NON_GENOME PIN 66 GENOME NON_GENOME PIN 78
GENOME NON_GENOME PIN 66: GENOME NON_GENOME PIN 586
GENOME NON_GENOME PIN 585: GENOME NON_GENOME PIN 77
GENOME NON_GENOME PIN 77: GENOME NON_GENOME PIN 585
GENOME NON_GENOME PIN 78: GENOME NON_GENOME PIN 586
GENOME NON_GENOME PIN 485: GENOME NON_GENOME PIN 90 GENOME NON_GENOME PIN 102
GENOME NON_GENOME PIN 90: GENOME NON_GENOME PIN 485
GENOME NON_GENOME PIN 484: GENOME NON_GENOME PIN 101
GENOME NON_GENOME PIN 102: GENOME NON_GENOME PIN 485 GENOME NON_GENOME PIN 38
GENOME NON_GENOME PIN 458: GENOME NON_GENOME PIN 114
GENOME NON_GENOME PIN 114: GENOME NON_GENOME PIN 458
GENOME NON_GENOME PIN 409: GENOME NON_GENOME PIN 127
GENOME NON_GENOME PIN 127: GENOME NON_GENOME PIN 409
GENOME NON_GENOME PIN 128: GENOME NON_GENOME PIN 410
GENOME NON_GENOME PIN 399: GENOME NON_GENOME PIN 129 GENOME NON_GENOME PIN 130
GENOME NON_GENOME PIN 129: GENOME NON_GENOME PIN 399
GENOME NON_GENOME PIN 130: GENOME NON_GENOME PIN 399
GENOME NON_GENOME PIN 497: GENOME NON_GENOME PIN 142
GENOME NON_GENOME PIN 142: GENOME NON_GENOME PIN 497
GENOME NON_GENOME PIN 148: GENOME NON_GENOME PIN 149 GENOME NON_GENOME PIN 152 GENOME NON_GENOME PIN 153
GENOME NON_GENOME PIN 149: GENOME NON_GENOME PIN 148
GENOME NON_GENOME PIN 152: GENOME NON_GENOME PIN 148
GENOME NON_GENOME PIN 153: GENOME NON_GENOME PIN 148
GENOME NON_GENOME PIN 486: GENOME NON_GENOME PIN 156 GENOME NON_GENOME PIN 157
GENOME NON_GENOME PIN 156: GENOME NON_GENOME PIN 486
GENOME NON_GENOME PIN 157: GENOME NON_GENOME PIN 486
GENOME NON_GENOME PIN 164: GENOME NON_GENOME PIN 163
GENOME NON_GENOME PIN 165: GENOME NON_GENOME PIN 163
GENOME NON_GENOME PIN 177: GENOME NON_GENOME PIN 173
GENOME NON_GENOME PIN 178: GENOME NON_GENOME PIN 173
GENOME NON_GENOME PIN 188: GENOME NON_GENOME PIN 184
GENOME NON_GENOME PIN 194: GENOME NON_GENOME PIN 195 GENOME NON_GENOME PIN 196
GENOME NON_GENOME PIN 195: GENOME NON_GENOME PIN 194
GENOME NON_GENOME PIN 196: GENOME NON_GENOME PIN 194
GENOME NON_GENOME PIN 213: GENOME NON_GENOME PIN 214 GENOME NON_GENOME PIN 215 GENOME NON_GENOME PIN 216
GENOME NON_GENOME PIN 214: GENOME NON_GENOME PIN 213
GENOME NON_GENOME PIN 215: GENOME NON_GENOME PIN 213
GENOME NON_GENOME PIN 216: GENOME NON_GENOME PIN 213
GENOME NON_GENOME PIN 230: GENOME NON_GENOME PIN 228
GENOME NON_GENOME PIN 244: GENOME NON_GENOME PIN 245 GENOME NON_GENOME PIN 246 GENOME NON_GENOME PIN 247
GENOME NON_GENOME PIN 245: GENOME NON_GENOME PIN 244
GENOME NON_GENOME PIN 246: GENOME NON_GENOME PIN 244
GENOME NON_GENOME PIN 247: GENOME NON_GENOME PIN 244
GENOME NON_GENOME PIN 249: GENOME NON_GENOME PIN 250 GENOME NON_GENOME PIN 251 GENOME NON_GENOME PIN 252
GENOME NON_GENOME PIN 250: GENOME NON_GENOME PIN 249
GENOME NON_GENOME PIN 251: GENOME NON_GENOME PIN 249
GENOME NON_GENOME PIN 252: GENOME NON_GENOME PIN 249
GENOME NON_GENOME PIN 270: GENOME NON_GENOME PIN 271 GENOME NON_GENOME PIN 272 GENOME NON_GENOME PIN 273
GENOME NON_GENOME PIN 271: GENOME NON_GENOME PIN 270
GENOME NON_GENOME PIN 272: GENOME NON_GENOME PIN 270
GENOME NON_GENOME PIN 273: GENOME NON_GENOME PIN 270
GENOME NON_GENOME PIN 274: GENOME NON_GENOME PIN 275 GENOME NON_GENOME PIN 276 GENOME NON_GENOME PIN 277
GENOME NON_GENOME PIN 275: GENOME NON_GENOME PIN 274
GENOME NON_GENOME PIN 276: GENOME NON_GENOME PIN 274
GENOME NON_GENOME PIN 277: GENOME NON_GENOME PIN 274
GENOME NON_GENOME PIN 299: GENOME NON_GENOME PIN 300 GENOME NON_GENOME PIN 301 GENOME NON_GENOME PIN 302
GENOME NON_GENOME PIN 300: GENOME NON_GENOME PIN 299
GENOME NON_GENOME PIN 301: GENOME NON_GENOME PIN 299
GENOME NON_GENOME PIN 302: GENOME NON_GENOME PIN 299
GENOME NON_GENOME PIN 305: GENOME NON_GENOME PIN 307
GENOME NON_GENOME PIN 307: GENOME NON_GENOME PIN 305
GENOME NON_GENOME PIN 321: GENOME NON_GENOME PIN 322 GENOME NON_GENOME PIN 323 GENOME NON_GENOME PIN 324
GENOME NON_GENOME PIN 322: GENOME NON_GENOME PIN 321
GENOME NON_GENOME PIN 323: GENOME NON_GENOME PIN 321
GENOME NON_GENOME PIN 324: GENOME NON_GENOME PIN 321
GENOME NON_GENOME PIN 327: GENOME NON_GENOME PIN 329
GENOME NON_GENOME PIN 329: GENOME NON_GENOME PIN 327
GENOME NON_GENOME PIN 344: GENOME NON_GENOME PIN 345 GENOME NON_GENOME PIN 346
GENOME NON_GENOME PIN 345: GENOME NON_GENOME PIN 344
GENOME NON_GENOME PIN 346: GENOME NON_GENOME PIN 344
GENOME NON_GENOME PIN 362: GENOME NON_GENOME PIN 363 GENOME NON_GENOME PIN 364 GENOME NON_GENOME PIN 365
GENOME NON_GENOME PIN 363: GENOME NON_GENOME PIN 362
GENOME NON_GENOME PIN 364: GENOME NON_GENOME PIN 362
GENOME NON_GENOME PIN 365: GENOME NON_GENOME PIN 362
GENOME NON_GENOME PIN 375: GENOME NON_GENOME PIN 376 GENOME NON_GENOME PIN 377 GENOME NON_GENOME PIN 378
GENOME NON_GENOME PIN 376: GENOME NON_GENOME PIN 375
GENOME NON_GENOME PIN 377: GENOME NON_GENOME PIN 375
GENOME NON_GENOME PIN 378: GENOME NON_GENOME PIN 375
INST gameplay_screen__GB9 PIN 80: INST gameplay_screen__GB9 PIN 185 TYPE 2 INST gameplay_screen__GB8 PIN 324 TYPE 4
INST gameplay_screen__GB9 PIN 52: INST gameplay_screen__GB9 PIN 139 TYPE 2 INST gameplay_screen__GB8 PIN 356 TYPE 4
INST gameplay_screen__GB9 PIN 118: INST gameplay_screen__GB9 PIN 255 TYPE 2 INST gameplay_screen__GB8 PIN 378 TYPE 4
INST gameplay_screen__GB9 PIN 16: INST gameplay_screen__GB9 PIN 229 TYPE 2 INST gameplay_screen__GB8 PIN 391 TYPE 4
INST gameplay_screen__GB9 PIN 163: INST gameplay_screen__GB9 PIN 174 TYPE 2 INST gameplay_screen__GB13 PIN 486 TYPE 4 INST gameplay_screen__GB8 PIN 578 TYPE 4
INST gameplay_screen__GB0 PIN 276: INST gameplay_screen__GB14 PIN 156 TYPE 3 INST gameplay_screen__GB10 PIN 879 TYPE 4 INST gameplay_screen__GB8 PIN 687 TYPE 4 INST gameplay_screen__GB6 PIN 833 TYPE 4 INST gameplay_screen__GB3 PIN 574 TYPE 4
INST gameplay_screen__GB14 PIN 344: INST gameplay_screen__GB14 PIN 345 TYPE 2 INST gameplay_screen__GB8 PIN 696 TYPE 4 INST gameplay_screen__GB14 PIN 346 TYPE 2 INST gameplay_screen__GB8 PIN 697 TYPE 4
INST gameplay_screen__GB14 PIN 347: INST gameplay_screen__GB8 PIN 698 TYPE 0 GENOME gameplay_screen__GB14 PIN 347
INST gameplay_screen__GB14 PIN 348: INST gameplay_screen__GB8 PIN 699 TYPE 0 GENOME gameplay_screen__GB14 PIN 348
INST gameplay_screen__GB0 PIN 363: INST gameplay_screen__GB14 PIN 35 TYPE 3 INST gameplay_screen__GB10 PIN 805 TYPE 4 INST gameplay_screen__GB8 PIN 808 TYPE 4 INST gameplay_screen__GB5 PIN 655 TYPE 4 INST gameplay_screen__GB3 PIN 675 TYPE 4
INST gameplay_screen__GB0 PIN 167: INST gameplay_screen__GB14 PIN 41 TYPE 3 INST gameplay_screen__GB10 PIN 686 TYPE 4 INST gameplay_screen__GB8 PIN 853 TYPE 4 INST gameplay_screen__GB6 PIN 805 TYPE 4 INST gameplay_screen__GB3 PIN 652 TYPE 4 INST gameplay_screen__GB0 PIN 1268 TYPE 4
INST gameplay_screen__GB0 PIN 217: INST gameplay_screen__GB14 PIN 129 TYPE 3 INST gameplay_screen__GB8 PIN 924 TYPE 4 INST gameplay_screen__GB6 PIN 824 TYPE 4 INST gameplay_screen__GB0 PIN 1441 TYPE 4
INST gameplay_screen__GB13 PIN 340: INST gameplay_screen__GB14 PIN 128 TYPE 3 INST gameplay_screen__GB13 PIN 593 TYPE 4
INST gameplay_screen__GB13 PIN 327: INST gameplay_screen__GB14 PIN 102 TYPE 3 INST gameplay_screen__GB13 PIN 626 TYPE 4
INST gameplay_screen__GB13 PIN 386: INST gameplay_screen__GB14 PIN 115 TYPE 3 INST gameplay_screen__GB13 PIN 639 TYPE 4
INST gameplay_screen__GB13 PIN 69: INST gameplay_screen__GB14 PIN 78 TYPE 3 INST gameplay_screen__GB13 PIN 661 TYPE 4
INST gameplay_screen__GB14 PIN 191: INST gameplay_screen__GB15 PIN 695 TYPE 0 INST gameplay_screen__GB13 PIN 718 TYPE 0 GENOME gameplay_screen__GB14 PIN 191
INST gameplay_screen__GB14 PIN 192: INST gameplay_screen__GB15 PIN 696 TYPE 0 INST gameplay_screen__GB13 PIN 719 TYPE 0 GENOME gameplay_screen__GB14 PIN 192
INST gameplay_screen__GB14 PIN 193: INST gameplay_screen__GB15 PIN 697 TYPE 0 INST gameplay_screen__GB13 PIN 720 TYPE 0 GENOME gameplay_screen__GB14 PIN 193
INST gameplay_screen__GB14 PIN 194: INST gameplay_screen__GB14 PIN 195 TYPE 2 INST gameplay_screen__GB15 PIN 699 TYPE 4 INST gameplay_screen__GB13 PIN 722 TYPE 4 INST gameplay_screen__GB14 PIN 196 TYPE 2 INST gameplay_screen__GB15 PIN 700 TYPE 4 INST gameplay_screen__GB13 PIN 723 TYPE 4
INST gameplay_screen__GB14 PIN 197: INST gameplay_screen__GB15 PIN 701 TYPE 0 INST gameplay_screen__GB13 PIN 724 TYPE 0 GENOME gameplay_screen__GB14 PIN 197
INST gameplay_screen__GB14 PIN 198: INST gameplay_screen__GB15 PIN 702 TYPE 0 INST gameplay_screen__GB13 PIN 725 TYPE 0 GENOME gameplay_screen__GB14 PIN 198
INST gameplay_screen__GB14 PIN 274: INST gameplay_screen__GB14 PIN 275 TYPE 2 INST gameplay_screen__GB1 PIN 163 TYPE 4 INST gameplay_screen__GB14 PIN 276 TYPE 2 INST gameplay_screen__GB1 PIN 164 TYPE 4 INST gameplay_screen__GB14 PIN 277 TYPE 2 INST gameplay_screen__GB1 PIN 165 TYPE 4
INST gameplay_screen__GB14 PIN 278: INST gameplay_screen__GB1 PIN 166 TYPE 0 GENOME gameplay_screen__GB14 PIN 278
INST gameplay_screen__GB14 PIN 279: INST gameplay_screen__GB1 PIN 167 TYPE 0 GENOME gameplay_screen__GB14 PIN 279
INST gameplay_screen__GB14 PIN 280: INST gameplay_screen__GB1 PIN 168 TYPE 0 GENOME gameplay_screen__GB14 PIN 280
INST gameplay_screen__GB14 PIN 281: INST gameplay_screen__GB1 PIN 169 TYPE 0 GENOME gameplay_screen__GB14 PIN 281
INST gameplay_screen__GB14 PIN 282: INST gameplay_screen__GB1 PIN 170 TYPE 0 GENOME gameplay_screen__GB14 PIN 282
INST gameplay_screen__GB14 PIN 283: INST gameplay_screen__GB1 PIN 171 TYPE 0 GENOME gameplay_screen__GB14 PIN 283
INST gameplay_screen__GB14 PIN 284: INST gameplay_screen__GB1 PIN 172 TYPE 0 GENOME gameplay_screen__GB14 PIN 284
INST gameplay_screen__GB14 PIN 285: INST gameplay_screen__GB1 PIN 173 TYPE 0 GENOME gameplay_screen__GB14 PIN 285
INST gameplay_screen__GB14 PIN 249: INST gameplay_screen__GB14 PIN 250 TYPE 2 INST gameplay_screen__GB1 PIN 187 TYPE 4 INST gameplay_screen__GB14 PIN 251 TYPE 2 INST gameplay_screen__GB1 PIN 188 TYPE 4 INST gameplay_screen__GB14 PIN 252 TYPE 2 INST gameplay_screen__GB1 PIN 189 TYPE 4
INST gameplay_screen__GB14 PIN 253: INST gameplay_screen__GB1 PIN 190 TYPE 0 GENOME gameplay_screen__GB14 PIN 253
INST gameplay_screen__GB14 PIN 254: INST gameplay_screen__GB1 PIN 191 TYPE 0 GENOME gameplay_screen__GB14 PIN 254
INST gameplay_screen__GB14 PIN 255: INST gameplay_screen__GB1 PIN 192 TYPE 0 GENOME gameplay_screen__GB14 PIN 255
INST gameplay_screen__GB14 PIN 256: INST gameplay_screen__GB1 PIN 193 TYPE 0 GENOME gameplay_screen__GB14 PIN 256
INST gameplay_screen__GB14 PIN 257: INST gameplay_screen__GB1 PIN 194 TYPE 0 GENOME gameplay_screen__GB14 PIN 257
INST gameplay_screen__GB14 PIN 258: INST gameplay_screen__GB1 PIN 195 TYPE 0 GENOME gameplay_screen__GB14 PIN 258
INST gameplay_screen__GB14 PIN 259: INST gameplay_screen__GB1 PIN 196 TYPE 0 GENOME gameplay_screen__GB14 PIN 259
INST gameplay_screen__GB14 PIN 260: INST gameplay_screen__GB1 PIN 197 TYPE 0 GENOME gameplay_screen__GB14 PIN 260
INST gameplay_screen__GB14 PIN 213: INST gameplay_screen__GB14 PIN 214 TYPE 2 INST gameplay_screen__GB1 PIN 199 TYPE 4 INST gameplay_screen__GB14 PIN 215 TYPE 2 INST gameplay_screen__GB1 PIN 200 TYPE 4 INST gameplay_screen__GB14 PIN 216 TYPE 2 INST gameplay_screen__GB1 PIN 201 TYPE 4
INST gameplay_screen__GB14 PIN 217: INST gameplay_screen__GB1 PIN 202 TYPE 0 GENOME gameplay_screen__GB14 PIN 217
INST gameplay_screen__GB14 PIN 218: INST gameplay_screen__GB1 PIN 203 TYPE 0 GENOME gameplay_screen__GB14 PIN 218
INST gameplay_screen__GB14 PIN 219: INST gameplay_screen__GB1 PIN 204 TYPE 0 GENOME gameplay_screen__GB14 PIN 219
INST gameplay_screen__GB14 PIN 220: INST gameplay_screen__GB1 PIN 205 TYPE 0 GENOME gameplay_screen__GB14 PIN 220
INST gameplay_screen__GB14 PIN 221: INST gameplay_screen__GB1 PIN 206 TYPE 0 GENOME gameplay_screen__GB14 PIN 221
INST gameplay_screen__GB14 PIN 222: INST gameplay_screen__GB1 PIN 207 TYPE 0 GENOME gameplay_screen__GB14 PIN 222
INST gameplay_screen__GB14 PIN 223: INST gameplay_screen__GB1 PIN 208 TYPE 0 GENOME gameplay_screen__GB14 PIN 223
INST gameplay_screen__GB14 PIN 224: INST gameplay_screen__GB1 PIN 209 TYPE 0 GENOME gameplay_screen__GB14 PIN 224
INST gameplay_screen__GB14 PIN 236: INST gameplay_screen__GB1 PIN 234 TYPE 0 GENOME gameplay_screen__GB14 PIN 236
INST gameplay_screen__GB14 PIN 237: INST gameplay_screen__GB1 PIN 235 TYPE 0 GENOME gameplay_screen__GB14 PIN 237
INST gameplay_screen__GB14 PIN 238: INST gameplay_screen__GB1 PIN 236 TYPE 0 GENOME gameplay_screen__GB14 PIN 238
INST gameplay_screen__GB14 PIN 239: INST gameplay_screen__GB1 PIN 237 TYPE 0 GENOME gameplay_screen__GB14 PIN 239
INST gameplay_screen__GB14 PIN 240: INST gameplay_screen__GB1 PIN 238 TYPE 0 GENOME gameplay_screen__GB14 PIN 240
INST gameplay_screen__GB14 PIN 241: INST gameplay_screen__GB1 PIN 239 TYPE 0 GENOME gameplay_screen__GB14 PIN 241
INST gameplay_screen__GB14 PIN 242: INST gameplay_screen__GB1 PIN 240 TYPE 0 GENOME gameplay_screen__GB14 PIN 242
INST gameplay_screen__GB14 PIN 243: INST gameplay_screen__GB1 PIN 241 TYPE 0 GENOME gameplay_screen__GB14 PIN 243
INST gameplay_screen__GB14 PIN 244: INST gameplay_screen__GB14 PIN 245 TYPE 2 INST gameplay_screen__GB1 PIN 243 TYPE 4 INST gameplay_screen__GB14 PIN 246 TYPE 2 INST gameplay_screen__GB1 PIN 244 TYPE 4 INST gameplay_screen__GB14 PIN 247 TYPE 2 INST gameplay_screen__GB1 PIN 245 TYPE 4
INST gameplay_screen__GB14 PIN 262: INST gameplay_screen__GB1 PIN 258 TYPE 0 GENOME gameplay_screen__GB14 PIN 262
INST gameplay_screen__GB14 PIN 263: INST gameplay_screen__GB1 PIN 259 TYPE 0 GENOME gameplay_screen__GB14 PIN 263
INST gameplay_screen__GB14 PIN 264: INST gameplay_screen__GB1 PIN 260 TYPE 0 GENOME gameplay_screen__GB14 PIN 264
INST gameplay_screen__GB14 PIN 265: INST gameplay_screen__GB1 PIN 261 TYPE 0 GENOME gameplay_screen__GB14 PIN 265
INST gameplay_screen__GB14 PIN 266: INST gameplay_screen__GB1 PIN 262 TYPE 0 GENOME gameplay_screen__GB14 PIN 266
INST gameplay_screen__GB14 PIN 267: INST gameplay_screen__GB1 PIN 263 TYPE 0 GENOME gameplay_screen__GB14 PIN 267
INST gameplay_screen__GB14 PIN 268: INST gameplay_screen__GB1 PIN 264 TYPE 0 GENOME gameplay_screen__GB14 PIN 268
INST gameplay_screen__GB14 PIN 269: INST gameplay_screen__GB1 PIN 265 TYPE 0 GENOME gameplay_screen__GB14 PIN 269
INST gameplay_screen__GB14 PIN 270: INST gameplay_screen__GB14 PIN 271 TYPE 2 INST gameplay_screen__GB1 PIN 267 TYPE 4 INST gameplay_screen__GB14 PIN 272 TYPE 2 INST gameplay_screen__GB1 PIN 268 TYPE 4 INST gameplay_screen__GB14 PIN 273 TYPE 2 INST gameplay_screen__GB1 PIN 269 TYPE 4
INST gameplay_screen__GB10 PIN 473: INST gameplay_screen__GB11 PIN 22 TYPE 3 INST gameplay_screen__GB12 PIN 152 TYPE 4
INST gameplay_screen__GB10 PIN 247: INST gameplay_screen__GB11 PIN 73 TYPE 3 INST gameplay_screen__GB12 PIN 205 TYPE 4
INST gameplay_screen__GB11 PIN 45: INST gameplay_screen__GB11 PIN 56 TYPE 2 INST gameplay_screen__GB12 PIN 391 TYPE 4
INST gameplay_screen__GB14 PIN 375: INST gameplay_screen__GB14 PIN 376 TYPE 2 INST gameplay_screen__GB16 PIN 530 TYPE 4 INST gameplay_screen__GB14 PIN 377 TYPE 2 INST gameplay_screen__GB16 PIN 531 TYPE 4 INST gameplay_screen__GB14 PIN 378 TYPE 2 INST gameplay_screen__GB16 PIN 532 TYPE 4
INST gameplay_screen__GB14 PIN 379: INST gameplay_screen__GB16 PIN 533 TYPE 0 GENOME gameplay_screen__GB14 PIN 379
INST gameplay_screen__GB14 PIN 380: INST gameplay_screen__GB16 PIN 534 TYPE 0 GENOME gameplay_screen__GB14 PIN 380
INST gameplay_screen__GB14 PIN 381: INST gameplay_screen__GB16 PIN 535 TYPE 0 GENOME gameplay_screen__GB14 PIN 381
INST gameplay_screen__GB14 PIN 382: INST gameplay_screen__GB16 PIN 536 TYPE 0 GENOME gameplay_screen__GB14 PIN 382
INST gameplay_screen__GB14 PIN 383: INST gameplay_screen__GB16 PIN 537 TYPE 0 GENOME gameplay_screen__GB14 PIN 383
INST gameplay_screen__GB14 PIN 384: INST gameplay_screen__GB16 PIN 538 TYPE 0 GENOME gameplay_screen__GB14 PIN 384
INST gameplay_screen__GB14 PIN 385: INST gameplay_screen__GB16 PIN 539 TYPE 0 GENOME gameplay_screen__GB14 PIN 385
INST gameplay_screen__GB14 PIN 386: INST gameplay_screen__GB16 PIN 540 TYPE 0 GENOME gameplay_screen__GB14 PIN 386
INST gameplay_screen__GB14 PIN 362: INST gameplay_screen__GB14 PIN 363 TYPE 2 INST gameplay_screen__GB16 PIN 544 TYPE 4 INST gameplay_screen__GB14 PIN 364 TYPE 2 INST gameplay_screen__GB16 PIN 545 TYPE 4 INST gameplay_screen__GB14 PIN 365 TYPE 2 INST gameplay_screen__GB16 PIN 546 TYPE 4
INST gameplay_screen__GB14 PIN 366: INST gameplay_screen__GB16 PIN 547 TYPE 0 GENOME gameplay_screen__GB14 PIN 366
INST gameplay_screen__GB14 PIN 367: INST gameplay_screen__GB16 PIN 548 TYPE 0 GENOME gameplay_screen__GB14 PIN 367
INST gameplay_screen__GB14 PIN 368: INST gameplay_screen__GB16 PIN 549 TYPE 0 GENOME gameplay_screen__GB14 PIN 368
INST gameplay_screen__GB14 PIN 369: INST gameplay_screen__GB16 PIN 550 TYPE 0 GENOME gameplay_screen__GB14 PIN 369
INST gameplay_screen__GB14 PIN 370: INST gameplay_screen__GB16 PIN 551 TYPE 0 GENOME gameplay_screen__GB14 PIN 370
INST gameplay_screen__GB14 PIN 371: INST gameplay_screen__GB16 PIN 552 TYPE 0 GENOME gameplay_screen__GB14 PIN 371
INST gameplay_screen__GB14 PIN 372: INST gameplay_screen__GB16 PIN 553 TYPE 0 GENOME gameplay_screen__GB14 PIN 372
INST gameplay_screen__GB14 PIN 373: INST gameplay_screen__GB16 PIN 554 TYPE 0 GENOME gameplay_screen__GB14 PIN 373
INST gameplay_screen__GB14 PIN 313: INST gameplay_screen__GB16 PIN 558 TYPE 0 GENOME gameplay_screen__GB14 PIN 313
INST gameplay_screen__GB14 PIN 314: INST gameplay_screen__GB16 PIN 559 TYPE 0 GENOME gameplay_screen__GB14 PIN 314
INST gameplay_screen__GB14 PIN 315: INST gameplay_screen__GB16 PIN 560 TYPE 0 GENOME gameplay_screen__GB14 PIN 315
INST gameplay_screen__GB14 PIN 316: INST gameplay_screen__GB16 PIN 561 TYPE 0 GENOME gameplay_screen__GB14 PIN 316
INST gameplay_screen__GB14 PIN 317: INST gameplay_screen__GB16 PIN 562 TYPE 0 GENOME gameplay_screen__GB14 PIN 317
INST gameplay_screen__GB14 PIN 318: INST gameplay_screen__GB16 PIN 563 TYPE 0 GENOME gameplay_screen__GB14 PIN 318
INST gameplay_screen__GB14 PIN 319: INST gameplay_screen__GB16 PIN 564 TYPE 0 GENOME gameplay_screen__GB14 PIN 319
INST gameplay_screen__GB14 PIN 320: INST gameplay_screen__GB16 PIN 565 TYPE 0 GENOME gameplay_screen__GB14 PIN 320
INST gameplay_screen__GB14 PIN 321: INST gameplay_screen__GB14 PIN 322 TYPE 2 INST gameplay_screen__GB16 PIN 567 TYPE 4 INST gameplay_screen__GB14 PIN 323 TYPE 2 INST gameplay_screen__GB16 PIN 568 TYPE 4 INST gameplay_screen__GB14 PIN 324 TYPE 2 INST gameplay_screen__GB16 PIN 569 TYPE 4
INST gameplay_screen__GB14 PIN 291: INST gameplay_screen__GB16 PIN 584 TYPE 0 GENOME gameplay_screen__GB14 PIN 291
INST gameplay_screen__GB14 PIN 292: INST gameplay_screen__GB16 PIN 585 TYPE 0 GENOME gameplay_screen__GB14 PIN 292
INST gameplay_screen__GB14 PIN 293: INST gameplay_screen__GB16 PIN 586 TYPE 0 GENOME gameplay_screen__GB14 PIN 293
INST gameplay_screen__GB14 PIN 294: INST gameplay_screen__GB16 PIN 587 TYPE 0 GENOME gameplay_screen__GB14 PIN 294
INST gameplay_screen__GB14 PIN 295: INST gameplay_screen__GB16 PIN 588 TYPE 0 GENOME gameplay_screen__GB14 PIN 295
INST gameplay_screen__GB14 PIN 296: INST gameplay_screen__GB16 PIN 589 TYPE 0 GENOME gameplay_screen__GB14 PIN 296
INST gameplay_screen__GB14 PIN 297: INST gameplay_screen__GB16 PIN 590 TYPE 0 GENOME gameplay_screen__GB14 PIN 297
INST gameplay_screen__GB14 PIN 298: INST gameplay_screen__GB16 PIN 591 TYPE 0 GENOME gameplay_screen__GB14 PIN 298
INST gameplay_screen__GB14 PIN 299: INST gameplay_screen__GB14 PIN 300 TYPE 2 INST gameplay_screen__GB16 PIN 593 TYPE 4 INST gameplay_screen__GB14 PIN 301 TYPE 2 INST gameplay_screen__GB16 PIN 594 TYPE 4 INST gameplay_screen__GB14 PIN 302 TYPE 2 INST gameplay_screen__GB16 PIN 595 TYPE 4
INST gameplay_screen__GB14 PIN 225: INST gameplay_screen__GB15 PIN 377 TYPE 0 GENOME gameplay_screen__GB14 PIN 225
INST gameplay_screen__GB14 PIN 226: INST gameplay_screen__GB15 PIN 378 TYPE 0 GENOME gameplay_screen__GB14 PIN 226
INST gameplay_screen__GB14 PIN 227: INST gameplay_screen__GB15 PIN 379 TYPE 0 GENOME gameplay_screen__GB14 PIN 227
INST gameplay_screen__GB14 PIN 228: INST gameplay_screen__GB14 PIN 229 TYPE 2 INST gameplay_screen__GB15 PIN 381 TYPE 4 INST gameplay_screen__GB14 PIN 230 TYPE 2 INST gameplay_screen__GB15 PIN 382 TYPE 4
INST gameplay_screen__GB14 PIN 231: INST gameplay_screen__GB15 PIN 383 TYPE 0 GENOME gameplay_screen__GB14 PIN 231
INST gameplay_screen__GB14 PIN 232: INST gameplay_screen__GB15 PIN 384 TYPE 0 GENOME gameplay_screen__GB14 PIN 232
INST gameplay_screen__GB14 PIN 171: INST gameplay_screen__GB15 PIN 463 TYPE 0 GENOME gameplay_screen__GB14 PIN 171
INST gameplay_screen__GB14 PIN 172: INST gameplay_screen__GB15 PIN 464 TYPE 0 GENOME gameplay_screen__GB14 PIN 172
INST gameplay_screen__GB14 PIN 173: INST gameplay_screen__GB14 PIN 174 TYPE 2 INST gameplay_screen__GB15 PIN 466 TYPE 4 INST gameplay_screen__GB14 PIN 177 TYPE 2 INST gameplay_screen__GB15 PIN 469 TYPE 4 INST gameplay_screen__GB14 PIN 178 TYPE 2 INST gameplay_screen__GB15 PIN 470 TYPE 4
INST gameplay_screen__GB14 PIN 175: INST gameplay_screen__GB15 PIN 467 TYPE 0 GENOME gameplay_screen__GB14 PIN 175
INST gameplay_screen__GB14 PIN 176: INST gameplay_screen__GB15 PIN 468 TYPE 0 GENOME gameplay_screen__GB14 PIN 176
INST gameplay_screen__GB14 PIN 0: INST gameplay_screen__GB15 PIN 503 TYPE 0 GENOME gameplay_screen__GB14 PIN 0
INST gameplay_screen__GB14 PIN 1: INST gameplay_screen__GB15 PIN 504 TYPE 0 GENOME gameplay_screen__GB14 PIN 1
INST gameplay_screen__GB14 PIN 2: INST gameplay_screen__GB15 PIN 505 TYPE 0 GENOME gameplay_screen__GB14 PIN 2
INST gameplay_screen__GB14 PIN 3: INST gameplay_screen__GB14 PIN 4 TYPE 2 INST gameplay_screen__GB15 PIN 507 TYPE 4 INST gameplay_screen__GB14 PIN 5 TYPE 2 INST gameplay_screen__GB15 PIN 508 TYPE 4 INST gameplay_screen__GB14 PIN 9 TYPE 2 INST gameplay_screen__GB15 PIN 512 TYPE 4
INST gameplay_screen__GB14 PIN 6: INST gameplay_screen__GB15 PIN 509 TYPE 0 GENOME gameplay_screen__GB14 PIN 6
INST gameplay_screen__GB14 PIN 7: INST gameplay_screen__GB15 PIN 510 TYPE 0 GENOME gameplay_screen__GB14 PIN 7
INST gameplay_screen__GB14 PIN 44: INST gameplay_screen__GB15 PIN 583 TYPE 0 GENOME gameplay_screen__GB14 PIN 44
INST gameplay_screen__GB14 PIN 45: INST gameplay_screen__GB15 PIN 584 TYPE 0 GENOME gameplay_screen__GB14 PIN 45
INST gameplay_screen__GB14 PIN 46: INST gameplay_screen__GB15 PIN 585 TYPE 0 GENOME gameplay_screen__GB14 PIN 46
INST gameplay_screen__GB14 PIN 48: INST gameplay_screen__GB15 PIN 587 TYPE 0 GENOME gameplay_screen__GB14 PIN 48
INST gameplay_screen__GB14 PIN 49: INST gameplay_screen__GB15 PIN 588 TYPE 0 GENOME gameplay_screen__GB14 PIN 49
INST gameplay_screen__GB14 PIN 50: INST gameplay_screen__GB15 PIN 589 TYPE 0 GENOME gameplay_screen__GB14 PIN 50
INST gameplay_screen__GB14 PIN 47: INST gameplay_screen__GB14 PIN 51 TYPE 2 INST gameplay_screen__GB15 PIN 590 TYPE 4
INST gameplay_screen__GB14 PIN 146: INST gameplay_screen__GB15 PIN 663 TYPE 0 GENOME gameplay_screen__GB14 PIN 146
INST gameplay_screen__GB14 PIN 147: INST gameplay_screen__GB15 PIN 664 TYPE 0 GENOME gameplay_screen__GB14 PIN 147
INST gameplay_screen__GB14 PIN 148: INST gameplay_screen__GB14 PIN 149 TYPE 2 INST gameplay_screen__GB15 PIN 666 TYPE 4 INST gameplay_screen__GB14 PIN 152 TYPE 2 INST gameplay_screen__GB15 PIN 669 TYPE 4 INST gameplay_screen__GB14 PIN 153 TYPE 2 INST gameplay_screen__GB15 PIN 670 TYPE 4
INST gameplay_screen__GB14 PIN 150: INST gameplay_screen__GB15 PIN 667 TYPE 0 GENOME gameplay_screen__GB14 PIN 150
INST gameplay_screen__GB14 PIN 151: INST gameplay_screen__GB15 PIN 668 TYPE 0 GENOME gameplay_screen__GB14 PIN 151
INST gameplay_screen__GB14 PIN 160: INST gameplay_screen__GB15 PIN 685 TYPE 0 GENOME gameplay_screen__GB14 PIN 160
INST gameplay_screen__GB14 PIN 161: INST gameplay_screen__GB15 PIN 686 TYPE 0 GENOME gameplay_screen__GB14 PIN 161
INST gameplay_screen__GB14 PIN 162: INST gameplay_screen__GB15 PIN 687 TYPE 0 GENOME gameplay_screen__GB14 PIN 162
INST gameplay_screen__GB14 PIN 163: INST gameplay_screen__GB14 PIN 164 TYPE 2 INST gameplay_screen__GB15 PIN 689 TYPE 4 INST gameplay_screen__GB14 PIN 165 TYPE 2 INST gameplay_screen__GB15 PIN 690 TYPE 4
INST gameplay_screen__GB14 PIN 166: INST gameplay_screen__GB15 PIN 691 TYPE 0 GENOME gameplay_screen__GB14 PIN 166
INST gameplay_screen__GB14 PIN 167: INST gameplay_screen__GB15 PIN 692 TYPE 0 GENOME gameplay_screen__GB14 PIN 167
INST gameplay_screen__GB14 PIN 181: INST gameplay_screen__GB15 PIN 705 TYPE 0 GENOME gameplay_screen__GB14 PIN 181
INST gameplay_screen__GB14 PIN 182: INST gameplay_screen__GB15 PIN 706 TYPE 0 GENOME gameplay_screen__GB14 PIN 182
INST gameplay_screen__GB14 PIN 183: INST gameplay_screen__GB15 PIN 707 TYPE 0 GENOME gameplay_screen__GB14 PIN 183
INST gameplay_screen__GB14 PIN 185: INST gameplay_screen__GB15 PIN 709 TYPE 0 GENOME gameplay_screen__GB14 PIN 185
INST gameplay_screen__GB14 PIN 186: INST gameplay_screen__GB15 PIN 710 TYPE 0 GENOME gameplay_screen__GB14 PIN 186
INST gameplay_screen__GB14 PIN 187: INST gameplay_screen__GB15 PIN 711 TYPE 0 GENOME gameplay_screen__GB14 PIN 187
INST gameplay_screen__GB14 PIN 184: INST gameplay_screen__GB14 PIN 188 TYPE 2 INST gameplay_screen__GB15 PIN 712 TYPE 4
INST gameplay_screen__GB14 PIN 325: INST gameplay_screen__GB15 PIN 801 TYPE 0 GENOME gameplay_screen__GB14 PIN 325
INST gameplay_screen__GB14 PIN 326: INST gameplay_screen__GB15 PIN 802 TYPE 0 GENOME gameplay_screen__GB14 PIN 326
INST gameplay_screen__GB14 PIN 328: INST gameplay_screen__GB15 PIN 804 TYPE 0 GENOME gameplay_screen__GB14 PIN 328
INST gameplay_screen__GB14 PIN 327: INST gameplay_screen__GB14 PIN 329 TYPE 2 INST gameplay_screen__GB15 PIN 805 TYPE 4
INST gameplay_screen__GB14 PIN 330: INST gameplay_screen__GB15 PIN 806 TYPE 0 GENOME gameplay_screen__GB14 PIN 330
INST gameplay_screen__GB14 PIN 331: INST gameplay_screen__GB15 PIN 807 TYPE 0 GENOME gameplay_screen__GB14 PIN 331
INST gameplay_screen__GB14 PIN 332: INST gameplay_screen__GB15 PIN 808 TYPE 0 GENOME gameplay_screen__GB14 PIN 332
INST gameplay_screen__GB14 PIN 303: INST gameplay_screen__GB15 PIN 853 TYPE 0 GENOME gameplay_screen__GB14 PIN 303
INST gameplay_screen__GB14 PIN 304: INST gameplay_screen__GB15 PIN 854 TYPE 0 GENOME gameplay_screen__GB14 PIN 304
INST gameplay_screen__GB14 PIN 306: INST gameplay_screen__GB15 PIN 856 TYPE 0 GENOME gameplay_screen__GB14 PIN 306
INST gameplay_screen__GB14 PIN 305: INST gameplay_screen__GB14 PIN 307 TYPE 2 INST gameplay_screen__GB15 PIN 857 TYPE 4
INST gameplay_screen__GB14 PIN 308: INST gameplay_screen__GB15 PIN 858 TYPE 0 GENOME gameplay_screen__GB14 PIN 308
INST gameplay_screen__GB14 PIN 309: INST gameplay_screen__GB15 PIN 859 TYPE 0 GENOME gameplay_screen__GB14 PIN 309
INST gameplay_screen__GB14 PIN 310: INST gameplay_screen__GB15 PIN 860 TYPE 0 GENOME gameplay_screen__GB14 PIN 310
INST gameplay_screen__GB14 PIN 4: GENOME gameplay_screen__GB14 PIN 4
INST gameplay_screen__GB14 PIN 5: GENOME gameplay_screen__GB14 PIN 5
INST gameplay_screen__GB14 PIN 35: GENOME gameplay_screen__GB14 PIN 35
INST gameplay_screen__GB14 PIN 41: GENOME gameplay_screen__GB14 PIN 41
INST gameplay_screen__GB14 PIN 51: GENOME gameplay_screen__GB14 PIN 51
INST gameplay_screen__GB14 PIN 78: GENOME gameplay_screen__GB14 PIN 78
INST gameplay_screen__GB14 PIN 102: GENOME gameplay_screen__GB14 PIN 102
INST gameplay_screen__GB14 PIN 115: GENOME gameplay_screen__GB14 PIN 115
INST gameplay_screen__GB14 PIN 128: GENOME gameplay_screen__GB14 PIN 128
INST gameplay_screen__GB14 PIN 129: GENOME gameplay_screen__GB14 PIN 129
INST gameplay_screen__GB14 PIN 149: GENOME gameplay_screen__GB14 PIN 149
INST gameplay_screen__GB14 PIN 152: GENOME gameplay_screen__GB14 PIN 152
INST gameplay_screen__GB14 PIN 153: GENOME gameplay_screen__GB14 PIN 153
INST gameplay_screen__GB14 PIN 156: GENOME gameplay_screen__GB14 PIN 156
INST gameplay_screen__GB14 PIN 164: GENOME gameplay_screen__GB14 PIN 164
INST gameplay_screen__GB14 PIN 165: GENOME gameplay_screen__GB14 PIN 165
INST gameplay_screen__GB14 PIN 174: GENOME gameplay_screen__GB14 PIN 174
INST gameplay_screen__GB14 PIN 177: GENOME gameplay_screen__GB14 PIN 177
INST gameplay_screen__GB14 PIN 178: GENOME gameplay_screen__GB14 PIN 178
INST gameplay_screen__GB14 PIN 188: GENOME gameplay_screen__GB14 PIN 188
INST gameplay_screen__GB14 PIN 195: GENOME gameplay_screen__GB14 PIN 195
INST gameplay_screen__GB14 PIN 196: GENOME gameplay_screen__GB14 PIN 196
INST gameplay_screen__GB14 PIN 214: GENOME gameplay_screen__GB14 PIN 214
INST gameplay_screen__GB14 PIN 215: GENOME gameplay_screen__GB14 PIN 215
INST gameplay_screen__GB14 PIN 216: GENOME gameplay_screen__GB14 PIN 216
INST gameplay_screen__GB14 PIN 229: GENOME gameplay_screen__GB14 PIN 229
INST gameplay_screen__GB14 PIN 230: GENOME gameplay_screen__GB14 PIN 230
INST gameplay_screen__GB14 PIN 245: GENOME gameplay_screen__GB14 PIN 245
INST gameplay_screen__GB14 PIN 246: GENOME gameplay_screen__GB14 PIN 246
INST gameplay_screen__GB14 PIN 247: GENOME gameplay_screen__GB14 PIN 247
INST gameplay_screen__GB14 PIN 250: GENOME gameplay_screen__GB14 PIN 250
INST gameplay_screen__GB14 PIN 251: GENOME gameplay_screen__GB14 PIN 251
INST gameplay_screen__GB14 PIN 252: GENOME gameplay_screen__GB14 PIN 252
INST gameplay_screen__GB14 PIN 271: GENOME gameplay_screen__GB14 PIN 271
INST gameplay_screen__GB14 PIN 272: GENOME gameplay_screen__GB14 PIN 272
INST gameplay_screen__GB14 PIN 273: GENOME gameplay_screen__GB14 PIN 273
INST gameplay_screen__GB14 PIN 275: GENOME gameplay_screen__GB14 PIN 275
INST gameplay_screen__GB14 PIN 276: GENOME gameplay_screen__GB14 PIN 276
INST gameplay_screen__GB14 PIN 277: GENOME gameplay_screen__GB14 PIN 277
INST gameplay_screen__GB14 PIN 300: GENOME gameplay_screen__GB14 PIN 300
INST gameplay_screen__GB14 PIN 301: GENOME gameplay_screen__GB14 PIN 301
INST gameplay_screen__GB14 PIN 302: GENOME gameplay_screen__GB14 PIN 302
INST gameplay_screen__GB14 PIN 307: GENOME gameplay_screen__GB14 PIN 307
INST gameplay_screen__GB14 PIN 322: GENOME gameplay_screen__GB14 PIN 322
INST gameplay_screen__GB14 PIN 323: GENOME gameplay_screen__GB14 PIN 323
INST gameplay_screen__GB14 PIN 324: GENOME gameplay_screen__GB14 PIN 324
INST gameplay_screen__GB14 PIN 329: GENOME gameplay_screen__GB14 PIN 329
INST gameplay_screen__GB14 PIN 345: GENOME gameplay_screen__GB14 PIN 345
INST gameplay_screen__GB14 PIN 346: GENOME gameplay_screen__GB14 PIN 346
INST gameplay_screen__GB14 PIN 363: GENOME gameplay_screen__GB14 PIN 363
INST gameplay_screen__GB14 PIN 364: GENOME gameplay_screen__GB14 PIN 364
INST gameplay_screen__GB14 PIN 365: GENOME gameplay_screen__GB14 PIN 365
INST gameplay_screen__GB14 PIN 376: GENOME gameplay_screen__GB14 PIN 376
INST gameplay_screen__GB14 PIN 377: GENOME gameplay_screen__GB14 PIN 377
INST gameplay_screen__GB14 PIN 378: GENOME gameplay_screen__GB14 PIN 378
INST top_level__GC0 PIN 102: GENOME top_level__GC0 PIN 102 INST top_level__GC0 PIN 38 TYPE 5
INST top_level__GC0 PIN 38: GENOME top_level__GC0 PIN 38
INST top_level__GC0 PIN 103: GENOME top_level__GC0 PIN 103 INST top_level__GC0 PIN 37 TYPE 5
INST top_level__GC0 PIN 37: GENOME top_level__GC0 PIN 37
INST top_level__GC0 PIN 104: GENOME top_level__GC0 PIN 104 INST top_level__GC0 PIN 39 TYPE 5
INST top_level__GC0 PIN 39: GENOME top_level__GC0 PIN 39
GENOME NON_GENOME PIN 38: GENOME NON_GENOME PIN 102
GENOME NON_GENOME PIN 37: GENOME NON_GENOME PIN 103
GENOME NON_GENOME PIN 39: GENOME NON_GENOME PIN 104
GENOME NON_GENOME PIN 104: GENOME NON_GENOME PIN 39
INST gameplay_screen__GB9 PIN 139: GENOME gameplay_screen__GB9 PIN 139
INST gameplay_screen__GB9 PIN 174: GENOME gameplay_screen__GB9 PIN 174
INST gameplay_screen__GB9 PIN 185: GENOME gameplay_screen__GB9 PIN 185
INST gameplay_screen__GB9 PIN 229: GENOME gameplay_screen__GB9 PIN 229
INST gameplay_screen__GB9 PIN 255: GENOME gameplay_screen__GB9 PIN 255
INST gameplay_screen__GB11 PIN 22: GENOME gameplay_screen__GB11 PIN 22
INST gameplay_screen__GB11 PIN 56: GENOME gameplay_screen__GB11 PIN 56
INST gameplay_screen__GB11 PIN 73: GENOME gameplay_screen__GB11 PIN 73
GENOME NON_GENOME PIN 9: GENOME NON_GENOME PIN 3
INST gameplay_screen__GB14 PIN 349: INST gameplay_screen__GB8 PIN 700 TYPE 1
INST gameplay_screen__GB14 PIN 199: INST gameplay_screen__GB15 PIN 703 TYPE 1 INST gameplay_screen__GB13 PIN 726 TYPE 1
INST gameplay_screen__GB14 PIN 233: INST gameplay_screen__GB15 PIN 385 TYPE 1
INST gameplay_screen__GB14 PIN 8: INST gameplay_screen__GB15 PIN 511 TYPE 1
INST gameplay_screen__GB14 PIN 52: INST gameplay_screen__GB15 PIN 591 TYPE 1
INST gameplay_screen__GB14 PIN 53: INST gameplay_screen__GB15 PIN 592 TYPE 0
INST gameplay_screen__GB14 PIN 168: INST gameplay_screen__GB15 PIN 693 TYPE 1
INST gameplay_screen__GB14 PIN 189: INST gameplay_screen__GB15 PIN 713 TYPE 1
INST gameplay_screen__GB14 PIN 190: INST gameplay_screen__GB15 PIN 714 TYPE 0
INST gameplay_screen__GB14 PIN 334: INST gameplay_screen__GB15 PIN 810 TYPE 0
INST gameplay_screen__GB14 PIN 312: INST gameplay_screen__GB15 PIN 862 TYPE 0
