GENOME NON_GENOME PIN 310: GENOME NON_GENOME PIN 15 GENOME NON_GENOME PIN 26
GENOME NON_GENOME PIN 15: GENOME NON_GENOME PIN 310
GENOME NON_GENOME PIN 309: GENOME NON_GENOME PIN 25
GENOME NON_GENOME PIN 25: GENOME NON_GENOME PIN 309
GENOME NON_GENOME PIN 26: GENOME NON_GENOME PIN 310
GENOME NON_GENOME PIN 351: GENOME NON_GENOME PIN 11 GENOME NON_GENOME PIN 22
GENOME NON_GENOME PIN 11: GENOME NON_GENOME PIN 351
GENOME NON_GENOME PIN 350: GENOME NON_GENOME PIN 21
GENOME NON_GENOME PIN 21: GENOME NON_GENOME PIN 350
GENOME NON_GENOME PIN 22: GENOME NON_GENOME PIN 351
GENOME NON_GENOME PIN 362: GENOME NON_GENOME PIN 34 GENOME NON_GENOME PIN 45
GENOME NON_GENOME PIN 34: GENOME NON_GENOME PIN 362
GENOME NON_GENOME PIN 361: GENOME NON_GENOME PIN 44
GENOME NON_GENOME PIN 44: GENOME NON_GENOME PIN 361
GENOME NON_GENOME PIN 45: GENOME NON_GENOME PIN 362
GENOME NON_GENOME PIN 373: GENOME NON_GENOME PIN 57 GENOME NON_GENOME PIN 68
GENOME NON_GENOME PIN 57: GENOME NON_GENOME PIN 373
GENOME NON_GENOME PIN 372: GENOME NON_GENOME PIN 67
GENOME NON_GENOME PIN 67: GENOME NON_GENOME PIN 372
GENOME NON_GENOME PIN 68: GENOME NON_GENOME PIN 373
GENOME NON_GENOME PIN 384: GENOME NON_GENOME PIN 80 GENOME NON_GENOME PIN 91
GENOME NON_GENOME PIN 80: GENOME NON_GENOME PIN 384
GENOME NON_GENOME PIN 383: GENOME NON_GENOME PIN 90
GENOME NON_GENOME PIN 90: GENOME NON_GENOME PIN 383
GENOME NON_GENOME PIN 91: GENOME NON_GENOME PIN 384
GENOME NON_GENOME PIN 396: GENOME NON_GENOME PIN 109 GENOME NON_GENOME PIN 120
GENOME NON_GENOME PIN 109: GENOME NON_GENOME PIN 396
GENOME NON_GENOME PIN 395: GENOME NON_GENOME PIN 119
GENOME NON_GENOME PIN 119: GENOME NON_GENOME PIN 395
GENOME NON_GENOME PIN 120: GENOME NON_GENOME PIN 396
INST gameplay_screen__GB5 PIN 168: INST gameplay_screen__GB2 PIN 22 TYPE 3 INST gameplay_screen__GB1 PIN 112 TYPE 4
INST gameplay_screen__GB5 PIN 190: INST gameplay_screen__GB2 PIN 45 TYPE 3 INST gameplay_screen__GB1 PIN 134 TYPE 4
INST gameplay_screen__GB4 PIN 233: INST gameplay_screen__GB2 PIN 68 TYPE 3 INST gameplay_screen__GB1 PIN 156 TYPE 4
INST gameplay_screen__GB4 PIN 277: INST gameplay_screen__GB2 PIN 120 TYPE 3 INST gameplay_screen__GB1 PIN 189 TYPE 4
INST gameplay_screen__GB5 PIN 223: INST gameplay_screen__GB1 PIN 26 TYPE 3 INST gameplay_screen__GB2 PIN 248 TYPE 4
INST gameplay_screen__GB5 PIN 201: INST gameplay_screen__GB2 PIN 91 TYPE 3 INST gameplay_screen__GB0 PIN 1351 TYPE 4
INST top_level__GC0 PIN 102: GENOME top_level__GC0 PIN 102 INST top_level__GC0 PIN 38 TYPE 5
INST top_level__GC0 PIN 38: GENOME top_level__GC0 PIN 38
INST top_level__GC0 PIN 103: GENOME top_level__GC0 PIN 103 INST top_level__GC0 PIN 37 TYPE 5
INST top_level__GC0 PIN 37: GENOME top_level__GC0 PIN 37
INST top_level__GC0 PIN 104: GENOME top_level__GC0 PIN 104 INST top_level__GC0 PIN 39 TYPE 5
INST top_level__GC0 PIN 39: GENOME top_level__GC0 PIN 39
GENOME NON_GENOME PIN 38: GENOME NON_GENOME PIN 102
GENOME NON_GENOME PIN 102: GENOME NON_GENOME PIN 38
GENOME NON_GENOME PIN 37: GENOME NON_GENOME PIN 103
GENOME NON_GENOME PIN 103: GENOME NON_GENOME PIN 37
GENOME NON_GENOME PIN 39: GENOME NON_GENOME PIN 104
GENOME NON_GENOME PIN 104: GENOME NON_GENOME PIN 39
INST gameplay_screen__GB2 PIN 22: GENOME gameplay_screen__GB2 PIN 22
INST gameplay_screen__GB2 PIN 45: GENOME gameplay_screen__GB2 PIN 45
INST gameplay_screen__GB2 PIN 68: GENOME gameplay_screen__GB2 PIN 68
INST gameplay_screen__GB2 PIN 91: GENOME gameplay_screen__GB2 PIN 91
INST gameplay_screen__GB2 PIN 120: GENOME gameplay_screen__GB2 PIN 120
INST gameplay_screen__GB1 PIN 26: GENOME gameplay_screen__GB1 PIN 26
