xilinx rtfpga
INFO: [Synth 8-3886] merging instance 'blues4_y_reg[9][0]' (FDRE) to 'blues0_y_reg[9][0]'
INFO: [Synth 8-3886] merging instance 'blues0_y_reg[9][0]' (FDRE) to 'blues0_y_reg[9][2]'
INFO: [Synth 8-3886] merging instance 'blues4_y_reg[9][8]' (FDRE) to 'blues0_y_reg[9][2]'
INFO: [Synth 8-3886] merging instance 'blues4_y_reg[9][7]' (FDSE) to 'blues0_y_reg[9][1]'
INFO: [Synth 8-3886] merging instance 'blues4_y_reg[9][6]' (FDRE) to 'blues0_y_reg[9][2]'
INFO: [Synth 8-3886] merging instance 'blues4_y_reg[9][5]' (FDSE) to 'blues0_y_reg[9][1]'
INFO: [Synth 8-3886] merging instance 'blues4_y_reg[9][1]' (FDSE) to 'blues0_y_reg[9][1]'
INFO: [Synth 8-3886] merging instance 'blues4_y_reg[9][2]' (FDSE) to 'blues0_y_reg[9][1]'
INFO: [Synth 8-3886] merging instance 'blues4_y_reg[9][3]' (FDSE) to 'blues0_y_reg[9][1]'
INFO: [Synth 8-3886] merging instance 'blues4_y_reg[9][4]' (FDSE) to 'blues0_y_reg[9][1]'
INFO: [Synth 8-3886] merging instance 'blues4_y_reg[9][9]' (FDRE) to 'blues0_y_reg[9][2]'
INFO: [Synth 8-3886] merging instance 'blues0_y_reg[9][8]' (FDRE) to 'blues0_y_reg[9][2]'
INFO: [Synth 8-3886] merging instance 'blues0_y_reg[9][7]' (FDRE) to 'blues0_y_reg[9][2]'
INFO: [Synth 8-3886] merging instance 'blues0_y_reg[9][6]' (FDRE) to 'blues0_y_reg[9][2]'
INFO: [Synth 8-3886] merging instance 'blues0_y_reg[9][5]' (FDRE) to 'blues0_y_reg[9][2]'
INFO: [Synth 8-3886] merging instance 'blues0_y_reg[9][1]' (FDSE) to 'blues0_y_reg[9][3]'
INFO: [Synth 8-3886] merging instance 'blues0_y_reg[9][2]' (FDRE) to 'blues0_y_reg[9][4]'
INFO: [Synth 8-3886] merging instance 'blues0_y_reg[9][3]' (FDSE) to 'blues0_x_reg[2][0]'
INFO: [Synth 8-3886] merging instance 'blues0_y_reg[9][4]' (FDRE) to 'blues0_y_reg[9][9]'
INFO: [Synth 8-3886] merging instance 'blues0_y_reg[9][9]' (FDRE) to 'blues0_x_reg[2][2]'
INFO: [Synth 8-3886] merging instance 'reds0_x_reg[0][0]' (FDRE) to 'blues0_x_reg[2][2]'
INFO: [Synth 8-3886] merging instance 'reds0_x_reg[0][9]' (FDRE) to 'blues0_x_reg[2][2]'
INFO: [Synth 8-3886] merging instance 'reds0_x_reg[0][8]' (FDRE) to 'blues0_x_reg[2][2]'
INFO: [Synth 8-3886] merging instance 'reds0_x_reg[0][7]' (FDRE) to 'blues0_x_reg[2][2]'
INFO: [Synth 8-3886] merging instance 'reds0_x_reg[0][6]' (FDRE) to 'blues0_x_reg[2][2]'
INFO: [Synth 8-3886] merging instance 'reds0_x_reg[0][5]' (FDSE) to 'blues0_x_reg[2][0]'
INFO: [Synth 8-3886] merging instance 'reds0_x_reg[0][1]' (FDRE) to 'blues0_x_reg[2][2]'
INFO: [Synth 8-3886] merging instance 'reds0_x_reg[0][2]' (FDSE) to 'blues0_x_reg[2][0]'
INFO: [Synth 8-3886] merging instance 'reds0_x_reg[0][3]' (FDSE) to 'blues0_x_reg[2][0]'
INFO: [Synth 8-3886] merging instance 'reds0_x_reg[0][4]' (FDSE) to 'blues0_x_reg[2][0]'
INFO: [Synth 8-3886] merging instance 'reds0_x_reg[0][10]' (FDRE) to 'blues0_x_reg[2][2]'
INFO: [Synth 8-3886] merging instance 'blues0_x_reg[2][0]' (FDSE) to 'blues0_x_reg[2][1]'
INFO: [Synth 8-3886] merging instance 'blues0_x_reg[2][9]' (FDRE) to 'blues0_x_reg[2][2]'
INFO: [Synth 8-3886] merging instance 'blues0_x_reg[2][8]' (FDRE) to 'blues0_x_reg[2][2]'
INFO: [Synth 8-3886] merging instance 'blues0_x_reg[2][7]' (FDSE) to 'blues0_x_reg[2][1]'
INFO: [Synth 8-3886] merging instance 'blues0_x_reg[2][6]' (FDSE) to 'blues0_x_reg[2][1]'
INFO: [Synth 8-3886] merging instance 'blues0_x_reg[2][5]' (FDRE) to 'blues0_x_reg[2][2]'
INFO: [Synth 8-3886] merging instance 'blues0_x_reg[2][1]' (FDSE) to 'blues0_x_reg[4][0]'
INFO: [Synth 8-3886] merging instance 'blues0_x_reg[2][2]' (FDRE) to 'blues0_x_reg[2][3]'
INFO: [Synth 8-3886] merging instance 'blues0_x_reg[2][3]' (FDRE) to 'blues0_x_reg[2][4]'
INFO: [Synth 8-3886] merging instance 'blues0_x_reg[2][4]' (FDRE) to 'blues0_x_reg[2][10]'
INFO: [Synth 8-3886] merging instance 'blues0_x_reg[2][10]' (FDRE) to 'blues0_x_reg[4][3]'
INFO: [Synth 8-3886] merging instance 'blues0_x_reg[3][0]' (FDSE) to 'blues0_x_reg[4][0]'
INFO: [Synth 8-3886] merging instance 'blues0_x_reg[3][9]' (FDRE) to 'blues0_x_reg[4][3]'
INFO: [Synth 8-3886] merging instance 'blues0_x_reg[3][8]' (FDSE) to 'blues0_x_reg[4][0]'
INFO: [Synth 8-3886] merging instance 'blues0_x_reg[3][7]' (FDRE) to 'blues0_x_reg[4][3]'
INFO: [Synth 8-3886] merging instance 'blues0_x_reg[3][6]' (FDRE) to 'blues0_x_reg[4][3]'
INFO: [Synth 8-3886] merging instance 'blues0_x_reg[3][5]' (FDRE) to 'blues0_x_reg[4][3]'
INFO: [Synth 8-3886] merging instance 'blues0_x_reg[3][1]' (FDRE) to 'blues0_x_reg[4][3]'
INFO: [Synth 8-3886] merging instance 'blues0_x_reg[3][2]' (FDSE) to 'blues0_x_reg[4][0]'
INFO: [Synth 8-3886] merging instance 'blues0_x_reg[3][3]' (FDSE) to 'blues0_x_reg[4][0]'
INFO: [Synth 8-3886] merging instance 'blues0_x_reg[3][4]' (FDSE) to 'blues0_x_reg[4][0]'
INFO: [Synth 8-3886] merging instance 'blues0_x_reg[3][10]' (FDRE) to 'blues0_x_reg[4][3]'
INFO: [Synth 8-3886] merging instance 'blues0_x_reg[4][0]' (FDSE) to 'blues0_x_reg[4][1]'
INFO: [Synth 8-3886] merging instance 'blues0_x_reg[4][9]' (FDRE) to 'blues0_x_reg[4][3]'
INFO: [Synth 8-3886] merging instance 'blues0_x_reg[4][8]' (FDSE) to 'blues0_x_reg[4][1]'
INFO: [Synth 8-3886] merging instance 'blues0_x_reg[4][7]' (FDRE) to 'blues0_x_reg[4][3]'
INFO: [Synth 8-3886] merging instance 'blues0_x_reg[4][6]' (FDSE) to 'blues0_x_reg[4][1]'
INFO: [Synth 8-3886] merging instance 'blues0_x_reg[4][5]' (FDSE) to 'blues0_x_reg[4][1]'
INFO: [Synth 8-3886] merging instance 'blues0_x_reg[4][1]' (FDSE) to 'blues0_x_reg[4][2]'
INFO: [Synth 8-3886] merging instance 'blues0_x_reg[4][2]' (FDSE) to 'blues0_x_reg[4][4]'
INFO: [Synth 8-3886] merging instance 'blues0_x_reg[4][3]' (FDRE) to 'blues0_x_reg[4][10]'
INFO: [Synth 8-3886] merging instance 'blues0_x_reg[4][4]' (FDSE) to 'reds0_x_reg[2][4]'
INFO: [Synth 8-3886] merging instance 'blues0_x_reg[4][10]' (FDRE) to 'reds0_x_reg[2][0]'
INFO: [Synth 8-3886] merging instance 'blues0_x_reg[8][0]' (FDSE) to 'reds0_x_reg[2][4]'
INFO: [Synth 8-3886] merging instance 'blues0_x_reg[8][9]' (FDSE) to 'reds0_x_reg[2][4]'
INFO: [Synth 8-3886] merging instance 'blues0_x_reg[8][8]' (FDRE) to 'reds0_x_reg[2][0]'
INFO: [Synth 8-3886] merging instance 'blues0_x_reg[8][7]' (FDSE) to 'reds0_x_reg[2][4]'
INFO: [Synth 8-3886] merging instance 'blues0_x_reg[8][6]' (FDSE) to 'reds0_x_reg[2][4]'
INFO: [Synth 8-3886] merging instance 'blues0_x_reg[8][5]' (FDRE) to 'reds0_x_reg[2][0]'
INFO: [Synth 8-3886] merging instance 'blues0_x_reg[8][1]' (FDSE) to 'reds0_x_reg[2][4]'
INFO: [Synth 8-3886] merging instance 'blues0_x_reg[8][2]' (FDSE) to 'reds0_x_reg[2][4]'
INFO: [Synth 8-3886] merging instance 'blues0_x_reg[8][3]' (FDSE) to 'reds0_x_reg[2][4]'
INFO: [Synth 8-3886] merging instance 'blues0_x_reg[8][4]' (FDSE) to 'reds0_x_reg[2][4]'
INFO: [Synth 8-3886] merging instance 'blues0_x_reg[8][10]' (FDRE) to 'reds0_x_reg[2][0]'
INFO: [Synth 8-3886] merging instance 'reds0_x_reg[2][0]' (FDRE) to 'reds0_x_reg[2][1]'
INFO: [Synth 8-3886] merging instance 'reds0_x_reg[2][9]' (FDRE) to 'reds0_x_reg[2][1]'
INFO: [Synth 8-3886] merging instance 'reds0_x_reg[2][8]' (FDRE) to 'reds0_x_reg[2][1]'
INFO: [Synth 8-3886] merging instance 'reds0_x_reg[2][7]' (FDSE) to 'reds0_x_reg[2][4]'
INFO: [Synth 8-3886] merging instance 'reds0_x_reg[2][6]' (FDSE) to 'reds0_x_reg[2][4]'
INFO: [Synth 8-3886] merging instance 'reds0_x_reg[2][5]' (FDSE) to 'reds0_x_reg[2][4]'
INFO: [Synth 8-3886] merging instance 'reds0_x_reg[2][1]' (FDRE) to 'reds0_x_reg[2][2]'
INFO: [Synth 8-3886] merging instance 'reds0_x_reg[2][2]' (FDRE) to 'reds0_x_reg[2][3]'
INFO: [Synth 8-3886] merging instance 'reds0_x_reg[2][3]' (FDRE) to 'reds0_x_reg[2][10]'
INFO: [Synth 8-3886] merging instance 'reds0_x_reg[2][4]' (FDSE) to 'reds0_x_reg[4][8]'
INFO: [Synth 8-3886] merging instance 'reds0_x_reg[2][10]' (FDRE) to 'reds0_x_reg[4][10]'
INFO: [Synth 8-3886] merging instance 'reds0_x_reg[4][0]' (FDRE) to 'reds0_x_reg[4][10]'
INFO: [Synth 8-3886] merging instance 'reds0_x_reg[4][9]' (FDRE) to 'reds0_x_reg[4][10]'
INFO: [Synth 8-3886] merging instance 'reds0_x_reg[4][8]' (FDSE) to 'reds0_x_reg[4][7]'
INFO: [Synth 8-3886] merging instance 'reds0_x_reg[4][7]' (FDSE) to 'reds0_x_reg[4][5]'
INFO: [Synth 8-3886] merging instance 'reds0_x_reg[4][6]' (FDRE) to 'reds0_x_reg[4][10]'
INFO: [Synth 8-3886] merging instance 'reds0_x_reg[4][5]' (FDSE) to 'reds0_x_reg[4][2]'
INFO: [Common 17-14] Message 'Synth 8-3886' appears 100 times and further instances of the messages will be disabled. Use the Tcl command set_msg_config to change the current settings.
INFO: [Synth 8-3333] propagating constant 1 across sequential element (\reds0_x_reg[4][2] )
INFO: [Synth 8-3333] propagating constant 0 across sequential element (\reds0_x_reg[4][10] )
