xilinx rtfpga
INFO: [Synth 8-3886] merging instance 'reds1_x_reg[0][0]' (FDSE) to 'blues4_y_reg[9][0]'
INFO: [Synth 8-3886] merging instance 'reds1_x_reg[0][1]' (FDSE) to 'blues4_y_reg[9][0]'
INFO: [Synth 8-3886] merging instance 'reds1_x_reg[0][2]' (FDSE) to 'blues4_y_reg[9][0]'
INFO: [Synth 8-3886] merging instance 'reds1_x_reg[0][3]' (FDRE) to 'blues4_y_reg[9][2]'
INFO: [Synth 8-3886] merging instance 'reds1_x_reg[0][4]' (FDSE) to 'blues4_y_reg[9][0]'
INFO: [Synth 8-3886] merging instance 'reds1_x_reg[0][5]' (FDRE) to 'blues4_y_reg[9][2]'
INFO: [Synth 8-3886] merging instance 'reds1_x_reg[0][6]' (FDSE) to 'blues4_y_reg[9][0]'
INFO: [Synth 8-3886] merging instance 'reds1_x_reg[0][7]' (FDSE) to 'blues4_y_reg[9][0]'
INFO: [Synth 8-3886] merging instance 'reds1_x_reg[0][8]' (FDRE) to 'blues4_y_reg[9][2]'
INFO: [Synth 8-3886] merging instance 'reds1_x_reg[0][9]' (FDRE) to 'blues4_y_reg[9][2]'
INFO: [Synth 8-3886] merging instance 'reds1_x_reg[0][10]' (FDRE) to 'blues4_y_reg[9][2]'
INFO: [Synth 8-3886] merging instance 'blues4_y_reg[9][0]' (FDSE) to 'blues4_y_reg[9][1]'
INFO: [Synth 8-3886] merging instance 'reds1_x_reg[1][0]' (FDRE) to 'blues4_y_reg[9][2]'
INFO: [Synth 8-3886] merging instance 'reds1_x_reg[1][1]' (FDRE) to 'blues4_y_reg[9][2]'
INFO: [Synth 8-3886] merging instance 'reds1_x_reg[1][2]' (FDSE) to 'blues4_y_reg[9][1]'
INFO: [Synth 8-3886] merging instance 'reds1_x_reg[1][3]' (FDRE) to 'blues4_y_reg[9][2]'
INFO: [Synth 8-3886] merging instance 'reds1_x_reg[1][4]' (FDRE) to 'blues4_y_reg[9][2]'
INFO: [Synth 8-3886] merging instance 'reds1_x_reg[1][5]' (FDRE) to 'blues4_y_reg[9][2]'
INFO: [Synth 8-3886] merging instance 'reds1_x_reg[1][6]' (FDRE) to 'blues4_y_reg[9][2]'
INFO: [Synth 8-3886] merging instance 'reds1_x_reg[1][7]' (FDRE) to 'blues4_y_reg[9][2]'
INFO: [Synth 8-3886] merging instance 'reds1_x_reg[1][8]' (FDSE) to 'blues4_y_reg[9][1]'
INFO: [Synth 8-3886] merging instance 'reds1_x_reg[1][9]' (FDRE) to 'blues4_y_reg[9][2]'
INFO: [Synth 8-3886] merging instance 'reds1_x_reg[1][10]' (FDRE) to 'blues4_y_reg[9][2]'
INFO: [Synth 8-3886] merging instance 'reds1_y_reg[9][0]' (FDRE) to 'blues4_y_reg[9][2]'
INFO: [Synth 8-3886] merging instance 'reds1_y_reg[9][1]' (FDRE) to 'blues4_y_reg[9][2]'
INFO: [Synth 8-3886] merging instance 'reds1_y_reg[9][2]' (FDSE) to 'blues4_y_reg[9][1]'
INFO: [Synth 8-3886] merging instance 'reds1_y_reg[9][3]' (FDSE) to 'blues4_y_reg[9][1]'
INFO: [Synth 8-3886] merging instance 'reds1_y_reg[9][4]' (FDSE) to 'blues4_y_reg[9][1]'
INFO: [Synth 8-3886] merging instance 'reds1_y_reg[9][5]' (FDSE) to 'blues4_y_reg[9][1]'
INFO: [Synth 8-3886] merging instance 'reds1_y_reg[9][6]' (FDRE) to 'blues4_y_reg[9][2]'
INFO: [Synth 8-3886] merging instance 'reds1_y_reg[9][7]' (FDRE) to 'blues4_y_reg[9][2]'
INFO: [Synth 8-3886] merging instance 'reds1_y_reg[9][8]' (FDRE) to 'blues4_y_reg[9][2]'
INFO: [Synth 8-3886] merging instance 'reds1_y_reg[9][9]' (FDRE) to 'blues4_y_reg[9][2]'
INFO: [Synth 8-3886] merging instance 'reds2_y_reg[9][0]' (FDSE) to 'blues4_y_reg[9][1]'
INFO: [Synth 8-3886] merging instance 'blues3_y_reg[9][0]' (FDRE) to 'blues4_y_reg[9][2]'
INFO: [Synth 8-3886] merging instance 'reds1_x_reg[2][0]' (FDSE) to 'blues4_y_reg[9][1]'
INFO: [Synth 8-3886] merging instance 'reds1_x_reg[3][0]' (FDRE) to 'blues4_y_reg[9][2]'
INFO: [Synth 8-3886] merging instance 'reds1_x_reg[4][0]' (FDSE) to 'blues4_y_reg[9][1]'
INFO: [Synth 8-3886] merging instance 'reds1_x_reg[5][0]' (FDRE) to 'blues4_y_reg[9][2]'
INFO: [Synth 8-3886] merging instance 'reds1_x_reg[6][0]' (FDSE) to 'blues4_y_reg[9][1]'
INFO: [Synth 8-3886] merging instance 'reds1_x_reg[7][0]' (FDRE) to 'blues4_y_reg[9][2]'
INFO: [Synth 8-3886] merging instance 'reds1_x_reg[8][0]' (FDSE) to 'blues4_y_reg[9][1]'
INFO: [Synth 8-3886] merging instance 'reds1_x_reg[9][0]' (FDRE) to 'blues4_y_reg[9][2]'
INFO: [Synth 8-3886] merging instance 'reds1_x_reg[5][9]' (FDRE) to 'blues4_y_reg[9][2]'
INFO: [Synth 8-3886] merging instance 'reds1_x_reg[5][8]' (FDSE) to 'blues4_y_reg[9][1]'
INFO: [Synth 8-3886] merging instance 'reds1_x_reg[5][7]' (FDSE) to 'blues4_y_reg[9][1]'
INFO: [Synth 8-3886] merging instance 'reds1_x_reg[5][6]' (FDRE) to 'blues4_y_reg[9][2]'
INFO: [Synth 8-3886] merging instance 'reds1_x_reg[5][5]' (FDSE) to 'blues4_y_reg[9][1]'
INFO: [Synth 8-3886] merging instance 'reds1_x_reg[5][1]' (FDRE) to 'blues4_y_reg[9][2]'
INFO: [Synth 8-3886] merging instance 'reds1_x_reg[5][2]' (FDRE) to 'blues4_y_reg[9][2]'
INFO: [Synth 8-3886] merging instance 'reds1_x_reg[5][3]' (FDSE) to 'blues4_y_reg[9][1]'
INFO: [Synth 8-3886] merging instance 'reds1_x_reg[5][4]' (FDSE) to 'blues4_y_reg[9][1]'
INFO: [Synth 8-3886] merging instance 'reds1_x_reg[5][10]' (FDRE) to 'blues4_y_reg[9][2]'
INFO: [Synth 8-3886] merging instance 'reds1_x_reg[4][9]' (FDRE) to 'blues4_y_reg[9][2]'
INFO: [Synth 8-3886] merging instance 'reds1_x_reg[4][8]' (FDSE) to 'blues4_y_reg[9][1]'
INFO: [Synth 8-3886] merging instance 'reds1_x_reg[4][7]' (FDSE) to 'blues4_y_reg[9][1]'
INFO: [Synth 8-3886] merging instance 'reds1_x_reg[4][6]' (FDRE) to 'blues4_y_reg[9][2]'
INFO: [Synth 8-3886] merging instance 'reds1_x_reg[4][5]' (FDRE) to 'blues4_y_reg[9][2]'
INFO: [Synth 8-3886] merging instance 'reds1_x_reg[4][1]' (FDSE) to 'blues4_y_reg[9][1]'
INFO: [Synth 8-3886] merging instance 'reds1_x_reg[4][2]' (FDRE) to 'blues4_y_reg[9][2]'
INFO: [Synth 8-3886] merging instance 'reds1_x_reg[4][3]' (FDSE) to 'blues4_y_reg[9][1]'
INFO: [Synth 8-3886] merging instance 'reds1_x_reg[4][4]' (FDRE) to 'blues4_y_reg[9][2]'
INFO: [Synth 8-3886] merging instance 'reds1_x_reg[4][10]' (FDRE) to 'blues4_y_reg[9][2]'
INFO: [Synth 8-3886] merging instance 'reds2_y_reg[9][8]' (FDRE) to 'blues4_y_reg[9][2]'
INFO: [Synth 8-3886] merging instance 'reds2_y_reg[9][7]' (FDRE) to 'blues4_y_reg[9][2]'
INFO: [Synth 8-3886] merging instance 'reds2_y_reg[9][6]' (FDSE) to 'blues4_y_reg[9][1]'
INFO: [Synth 8-3886] merging instance 'reds2_y_reg[9][5]' (FDSE) to 'blues4_y_reg[9][1]'
INFO: [Synth 8-3886] merging instance 'reds2_y_reg[9][1]' (FDRE) to 'blues4_y_reg[9][2]'
INFO: [Synth 8-3886] merging instance 'reds2_y_reg[9][2]' (FDRE) to 'blues4_y_reg[9][2]'
INFO: [Synth 8-3886] merging instance 'reds2_y_reg[9][3]' (FDSE) to 'blues4_y_reg[9][1]'
INFO: [Synth 8-3886] merging instance 'reds2_y_reg[9][4]' (FDRE) to 'blues4_y_reg[9][2]'
INFO: [Synth 8-3886] merging instance 'reds2_y_reg[9][9]' (FDRE) to 'blues4_y_reg[9][2]'
INFO: [Synth 8-3886] merging instance 'reds1_x_reg[7][9]' (FDSE) to 'blues4_y_reg[9][1]'
INFO: [Synth 8-3886] merging instance 'reds1_x_reg[7][8]' (FDRE) to 'blues4_y_reg[9][2]'
INFO: [Synth 8-3886] merging instance 'reds1_x_reg[7][7]' (FDRE) to 'blues4_y_reg[9][2]'
INFO: [Synth 8-3886] merging instance 'reds1_x_reg[7][6]' (FDRE) to 'blues4_y_reg[9][2]'
INFO: [Synth 8-3886] merging instance 'reds1_x_reg[7][5]' (FDRE) to 'blues4_y_reg[9][2]'
INFO: [Synth 8-3886] merging instance 'reds1_x_reg[7][1]' (FDSE) to 'blues4_y_reg[9][1]'
INFO: [Synth 8-3886] merging instance 'reds1_x_reg[7][2]' (FDRE) to 'blues4_y_reg[9][2]'
INFO: [Synth 8-3886] merging instance 'reds1_x_reg[7][3]' (FDRE) to 'blues4_y_reg[9][2]'
INFO: [Synth 8-3886] merging instance 'reds1_x_reg[7][4]' (FDSE) to 'blues4_y_reg[9][1]'
INFO: [Synth 8-3886] merging instance 'reds1_x_reg[7][10]' (FDRE) to 'blues4_y_reg[9][2]'
INFO: [Synth 8-3886] merging instance 'reds1_x_reg[3][9]' (FDRE) to 'blues4_y_reg[9][2]'
INFO: [Synth 8-3886] merging instance 'reds1_x_reg[3][8]' (FDSE) to 'blues4_y_reg[9][1]'
INFO: [Synth 8-3886] merging instance 'reds1_x_reg[3][7]' (FDRE) to 'blues4_y_reg[9][2]'
INFO: [Synth 8-3886] merging instance 'reds1_x_reg[3][6]' (FDSE) to 'blues4_y_reg[9][1]'
INFO: [Synth 8-3886] merging instance 'reds1_x_reg[3][5]' (FDRE) to 'blues4_y_reg[9][2]'
INFO: [Synth 8-3886] merging instance 'reds1_x_reg[3][1]' (FDSE) to 'blues4_y_reg[9][1]'
INFO: [Synth 8-3886] merging instance 'reds1_x_reg[3][2]' (FDSE) to 'blues4_y_reg[9][1]'
INFO: [Synth 8-3886] merging instance 'reds1_x_reg[3][3]' (FDSE) to 'blues4_y_reg[9][1]'
INFO: [Synth 8-3886] merging instance 'reds1_x_reg[3][4]' (FDSE) to 'blues4_y_reg[9][1]'
INFO: [Synth 8-3886] merging instance 'reds1_x_reg[3][10]' (FDRE) to 'blues4_y_reg[9][2]'
INFO: [Synth 8-3886] merging instance 'reds1_x_reg[2][9]' (FDRE) to 'blues4_y_reg[9][2]'
INFO: [Synth 8-3886] merging instance 'reds1_x_reg[2][8]' (FDSE) to 'blues4_y_reg[9][1]'
INFO: [Synth 8-3886] merging instance 'reds1_x_reg[2][7]' (FDRE) to 'blues4_y_reg[9][2]'
INFO: [Synth 8-3886] merging instance 'reds1_x_reg[2][6]' (FDRE) to 'blues4_y_reg[9][2]'
INFO: [Synth 8-3886] merging instance 'reds1_x_reg[2][5]' (FDSE) to 'blues4_y_reg[9][1]'
INFO: [Synth 8-3886] merging instance 'reds1_x_reg[2][1]' (FDRE) to 'blues4_y_reg[9][2]'
INFO: [Synth 8-3886] merging instance 'reds1_x_reg[2][2]' (FDRE) to 'blues4_y_reg[9][2]'
INFO: [Synth 8-3886] merging instance 'reds1_x_reg[2][3]' (FDRE) to 'blues4_y_reg[9][2]'
INFO: [Common 17-14] Message 'Synth 8-3886' appears 100 times and further instances of the messages will be disabled. Use the Tcl command set_msg_config to change the current settings.
INFO: [Synth 8-3333] propagating constant 1 across sequential element (\blues4_y_reg[9][1] )
INFO: [Synth 8-3333] propagating constant 0 across sequential element (\blues4_y_reg[9][9] )
