GENOME NON_GENOME PIN 339: GENOME NON_GENOME PIN 9 GENOME NON_GENOME PIN 340 GENOME NON_GENOME PIN 341 GENOME NON_GENOME PIN 342 GENOME NON_GENOME PIN 343 GENOME NON_GENOME PIN 344 GENOME NON_GENOME PIN 345 GENOME NON_GENOME PIN 346 GENOME NON_GENOME PIN 347 GENOME NON_GENOME PIN 348 GENOME NON_GENOME PIN 349 GENOME NON_GENOME PIN 350
GENOME NON_GENOME PIN 9: GENOME NON_GENOME PIN 339
GENOME NON_GENOME PIN 340: GENOME NON_GENOME PIN 10 GENOME NON_GENOME PIN 21 GENOME NON_GENOME PIN 339
GENOME NON_GENOME PIN 10: GENOME NON_GENOME PIN 340
GENOME NON_GENOME PIN 21: GENOME NON_GENOME PIN 340
GENOME NON_GENOME PIN 328: GENOME NON_GENOME PIN 32 GENOME NON_GENOME PIN 327
GENOME NON_GENOME PIN 32: GENOME NON_GENOME PIN 328
GENOME NON_GENOME PIN 329: GENOME NON_GENOME PIN 33 GENOME NON_GENOME PIN 44 GENOME NON_GENOME PIN 327
GENOME NON_GENOME PIN 33: GENOME NON_GENOME PIN 329
GENOME NON_GENOME PIN 44: GENOME NON_GENOME PIN 329
GENOME NON_GENOME PIN 317: GENOME NON_GENOME PIN 55 GENOME NON_GENOME PIN 315
GENOME NON_GENOME PIN 55: GENOME NON_GENOME PIN 317 GENOME NON_GENOME PIN 52
GENOME NON_GENOME PIN 318: GENOME NON_GENOME PIN 56 GENOME NON_GENOME PIN 67 GENOME NON_GENOME PIN 315
GENOME NON_GENOME PIN 56: GENOME NON_GENOME PIN 318
GENOME NON_GENOME PIN 67: GENOME NON_GENOME PIN 318
GENOME NON_GENOME PIN 284: GENOME NON_GENOME PIN 79
GENOME NON_GENOME PIN 79: GENOME NON_GENOME PIN 284
GENOME NON_GENOME PIN 285: GENOME NON_GENOME PIN 80 GENOME NON_GENOME PIN 91
GENOME NON_GENOME PIN 80: GENOME NON_GENOME PIN 285
GENOME NON_GENOME PIN 91: GENOME NON_GENOME PIN 285
GENOME NON_GENOME PIN 52: GENOME NON_GENOME PIN 53 GENOME NON_GENOME PIN 54 GENOME NON_GENOME PIN 55
GENOME NON_GENOME PIN 53: GENOME NON_GENOME PIN 52
GENOME NON_GENOME PIN 54: GENOME NON_GENOME PIN 52
GENOME NON_GENOME PIN 75: GENOME NON_GENOME PIN 76 GENOME NON_GENOME PIN 77 GENOME NON_GENOME PIN 78
GENOME NON_GENOME PIN 76: GENOME NON_GENOME PIN 75
GENOME NON_GENOME PIN 77: GENOME NON_GENOME PIN 75
GENOME NON_GENOME PIN 78: GENOME NON_GENOME PIN 75
GENOME NON_GENOME PIN 87: GENOME NON_GENOME PIN 88 GENOME NON_GENOME PIN 89 GENOME NON_GENOME PIN 90
GENOME NON_GENOME PIN 88: GENOME NON_GENOME PIN 87
GENOME NON_GENOME PIN 89: GENOME NON_GENOME PIN 87
GENOME NON_GENOME PIN 90: GENOME NON_GENOME PIN 87
GENOME NON_GENOME PIN 107: GENOME NON_GENOME PIN 108 GENOME NON_GENOME PIN 109 GENOME NON_GENOME PIN 110
GENOME NON_GENOME PIN 108: GENOME NON_GENOME PIN 107
GENOME NON_GENOME PIN 109: GENOME NON_GENOME PIN 107
GENOME NON_GENOME PIN 110: GENOME NON_GENOME PIN 107
GENOME NON_GENOME PIN 111: GENOME NON_GENOME PIN 112 GENOME NON_GENOME PIN 113 GENOME NON_GENOME PIN 114
GENOME NON_GENOME PIN 112: GENOME NON_GENOME PIN 111
GENOME NON_GENOME PIN 113: GENOME NON_GENOME PIN 111
GENOME NON_GENOME PIN 114: GENOME NON_GENOME PIN 111
GENOME NON_GENOME PIN 123: GENOME NON_GENOME PIN 124 GENOME NON_GENOME PIN 125 GENOME NON_GENOME PIN 126
GENOME NON_GENOME PIN 124: GENOME NON_GENOME PIN 123
GENOME NON_GENOME PIN 125: GENOME NON_GENOME PIN 123
GENOME NON_GENOME PIN 126: GENOME NON_GENOME PIN 123
GENOME NON_GENOME PIN 135: GENOME NON_GENOME PIN 136 GENOME NON_GENOME PIN 137 GENOME NON_GENOME PIN 138
GENOME NON_GENOME PIN 136: GENOME NON_GENOME PIN 135
GENOME NON_GENOME PIN 137: GENOME NON_GENOME PIN 135
GENOME NON_GENOME PIN 138: GENOME NON_GENOME PIN 135
GENOME NON_GENOME PIN 155: GENOME NON_GENOME PIN 156 GENOME NON_GENOME PIN 157 GENOME NON_GENOME PIN 158
GENOME NON_GENOME PIN 156: GENOME NON_GENOME PIN 155
GENOME NON_GENOME PIN 157: GENOME NON_GENOME PIN 155
GENOME NON_GENOME PIN 158: GENOME NON_GENOME PIN 155
GENOME NON_GENOME PIN 159: GENOME NON_GENOME PIN 160 GENOME NON_GENOME PIN 161 GENOME NON_GENOME PIN 162
GENOME NON_GENOME PIN 160: GENOME NON_GENOME PIN 159
GENOME NON_GENOME PIN 161: GENOME NON_GENOME PIN 159
GENOME NON_GENOME PIN 162: GENOME NON_GENOME PIN 159
GENOME NON_GENOME PIN 171: GENOME NON_GENOME PIN 172 GENOME NON_GENOME PIN 173 GENOME NON_GENOME PIN 174
GENOME NON_GENOME PIN 172: GENOME NON_GENOME PIN 171
GENOME NON_GENOME PIN 173: GENOME NON_GENOME PIN 171
GENOME NON_GENOME PIN 174: GENOME NON_GENOME PIN 171
GENOME NON_GENOME PIN 191: GENOME NON_GENOME PIN 192 GENOME NON_GENOME PIN 193 GENOME NON_GENOME PIN 194
GENOME NON_GENOME PIN 192: GENOME NON_GENOME PIN 191
GENOME NON_GENOME PIN 193: GENOME NON_GENOME PIN 191
GENOME NON_GENOME PIN 194: GENOME NON_GENOME PIN 191
GENOME NON_GENOME PIN 195: GENOME NON_GENOME PIN 196 GENOME NON_GENOME PIN 197 GENOME NON_GENOME PIN 198
GENOME NON_GENOME PIN 196: GENOME NON_GENOME PIN 195
GENOME NON_GENOME PIN 197: GENOME NON_GENOME PIN 195
GENOME NON_GENOME PIN 198: GENOME NON_GENOME PIN 195
GENOME NON_GENOME PIN 215: GENOME NON_GENOME PIN 216 GENOME NON_GENOME PIN 217 GENOME NON_GENOME PIN 218
GENOME NON_GENOME PIN 216: GENOME NON_GENOME PIN 215
GENOME NON_GENOME PIN 217: GENOME NON_GENOME PIN 215
GENOME NON_GENOME PIN 218: GENOME NON_GENOME PIN 215
GENOME NON_GENOME PIN 219: GENOME NON_GENOME PIN 220 GENOME NON_GENOME PIN 221 GENOME NON_GENOME PIN 222
GENOME NON_GENOME PIN 220: GENOME NON_GENOME PIN 219
GENOME NON_GENOME PIN 221: GENOME NON_GENOME PIN 219
GENOME NON_GENOME PIN 222: GENOME NON_GENOME PIN 219
GENOME NON_GENOME PIN 231: GENOME NON_GENOME PIN 232 GENOME NON_GENOME PIN 233 GENOME NON_GENOME PIN 234
GENOME NON_GENOME PIN 232: GENOME NON_GENOME PIN 231
GENOME NON_GENOME PIN 233: GENOME NON_GENOME PIN 231
GENOME NON_GENOME PIN 234: GENOME NON_GENOME PIN 231
GENOME NON_GENOME PIN 243: GENOME NON_GENOME PIN 244 GENOME NON_GENOME PIN 245 GENOME NON_GENOME PIN 246
GENOME NON_GENOME PIN 244: GENOME NON_GENOME PIN 243
GENOME NON_GENOME PIN 245: GENOME NON_GENOME PIN 243
GENOME NON_GENOME PIN 246: GENOME NON_GENOME PIN 243
GENOME NON_GENOME PIN 255: GENOME NON_GENOME PIN 256 GENOME NON_GENOME PIN 257 GENOME NON_GENOME PIN 258
GENOME NON_GENOME PIN 256: GENOME NON_GENOME PIN 255
GENOME NON_GENOME PIN 257: GENOME NON_GENOME PIN 255
GENOME NON_GENOME PIN 258: GENOME NON_GENOME PIN 255
GENOME NON_GENOME PIN 267: GENOME NON_GENOME PIN 268 GENOME NON_GENOME PIN 269 GENOME NON_GENOME PIN 270
GENOME NON_GENOME PIN 268: GENOME NON_GENOME PIN 267
GENOME NON_GENOME PIN 269: GENOME NON_GENOME PIN 267
GENOME NON_GENOME PIN 270: GENOME NON_GENOME PIN 267
GENOME NON_GENOME PIN 279: GENOME NON_GENOME PIN 280 GENOME NON_GENOME PIN 281 GENOME NON_GENOME PIN 282
GENOME NON_GENOME PIN 280: GENOME NON_GENOME PIN 279
GENOME NON_GENOME PIN 281: GENOME NON_GENOME PIN 279
GENOME NON_GENOME PIN 282: GENOME NON_GENOME PIN 279
GENOME NON_GENOME PIN 291: GENOME NON_GENOME PIN 292 GENOME NON_GENOME PIN 293 GENOME NON_GENOME PIN 294
GENOME NON_GENOME PIN 292: GENOME NON_GENOME PIN 291
GENOME NON_GENOME PIN 293: GENOME NON_GENOME PIN 291
GENOME NON_GENOME PIN 294: GENOME NON_GENOME PIN 291
GENOME NON_GENOME PIN 303: GENOME NON_GENOME PIN 304 GENOME NON_GENOME PIN 305 GENOME NON_GENOME PIN 306 GENOME NON_GENOME PIN 307 GENOME NON_GENOME PIN 308 GENOME NON_GENOME PIN 309 GENOME NON_GENOME PIN 310 GENOME NON_GENOME PIN 311 GENOME NON_GENOME PIN 312 GENOME NON_GENOME PIN 313 GENOME NON_GENOME PIN 314
GENOME NON_GENOME PIN 304: GENOME NON_GENOME PIN 303
GENOME NON_GENOME PIN 305: GENOME NON_GENOME PIN 303
GENOME NON_GENOME PIN 306: GENOME NON_GENOME PIN 303
GENOME NON_GENOME PIN 307: GENOME NON_GENOME PIN 303
GENOME NON_GENOME PIN 308: GENOME NON_GENOME PIN 303
GENOME NON_GENOME PIN 309: GENOME NON_GENOME PIN 303
GENOME NON_GENOME PIN 310: GENOME NON_GENOME PIN 303
GENOME NON_GENOME PIN 311: GENOME NON_GENOME PIN 303
GENOME NON_GENOME PIN 312: GENOME NON_GENOME PIN 303
GENOME NON_GENOME PIN 313: GENOME NON_GENOME PIN 303
GENOME NON_GENOME PIN 314: GENOME NON_GENOME PIN 303
GENOME NON_GENOME PIN 315: GENOME NON_GENOME PIN 316 GENOME NON_GENOME PIN 317 GENOME NON_GENOME PIN 318 GENOME NON_GENOME PIN 319 GENOME NON_GENOME PIN 320 GENOME NON_GENOME PIN 321 GENOME NON_GENOME PIN 322 GENOME NON_GENOME PIN 323 GENOME NON_GENOME PIN 324 GENOME NON_GENOME PIN 325 GENOME NON_GENOME PIN 326
GENOME NON_GENOME PIN 316: GENOME NON_GENOME PIN 315
GENOME NON_GENOME PIN 319: GENOME NON_GENOME PIN 315
GENOME NON_GENOME PIN 320: GENOME NON_GENOME PIN 315
GENOME NON_GENOME PIN 321: GENOME NON_GENOME PIN 315
GENOME NON_GENOME PIN 322: GENOME NON_GENOME PIN 315
GENOME NON_GENOME PIN 323: GENOME NON_GENOME PIN 315
GENOME NON_GENOME PIN 324: GENOME NON_GENOME PIN 315
GENOME NON_GENOME PIN 325: GENOME NON_GENOME PIN 315
GENOME NON_GENOME PIN 326: GENOME NON_GENOME PIN 315
GENOME NON_GENOME PIN 327: GENOME NON_GENOME PIN 328 GENOME NON_GENOME PIN 329 GENOME NON_GENOME PIN 330 GENOME NON_GENOME PIN 331 GENOME NON_GENOME PIN 332 GENOME NON_GENOME PIN 333 GENOME NON_GENOME PIN 334 GENOME NON_GENOME PIN 335 GENOME NON_GENOME PIN 336 GENOME NON_GENOME PIN 337 GENOME NON_GENOME PIN 338
GENOME NON_GENOME PIN 330: GENOME NON_GENOME PIN 327
GENOME NON_GENOME PIN 331: GENOME NON_GENOME PIN 327
GENOME NON_GENOME PIN 332: GENOME NON_GENOME PIN 327
GENOME NON_GENOME PIN 333: GENOME NON_GENOME PIN 327
GENOME NON_GENOME PIN 334: GENOME NON_GENOME PIN 327
GENOME NON_GENOME PIN 335: GENOME NON_GENOME PIN 327
GENOME NON_GENOME PIN 336: GENOME NON_GENOME PIN 327
GENOME NON_GENOME PIN 337: GENOME NON_GENOME PIN 327
GENOME NON_GENOME PIN 338: GENOME NON_GENOME PIN 327
GENOME NON_GENOME PIN 341: GENOME NON_GENOME PIN 339
GENOME NON_GENOME PIN 342: GENOME NON_GENOME PIN 339
GENOME NON_GENOME PIN 343: GENOME NON_GENOME PIN 339
GENOME NON_GENOME PIN 344: GENOME NON_GENOME PIN 339
GENOME NON_GENOME PIN 345: GENOME NON_GENOME PIN 339
GENOME NON_GENOME PIN 346: GENOME NON_GENOME PIN 339
GENOME NON_GENOME PIN 347: GENOME NON_GENOME PIN 339
GENOME NON_GENOME PIN 348: GENOME NON_GENOME PIN 339
GENOME NON_GENOME PIN 349: GENOME NON_GENOME PIN 339
GENOME NON_GENOME PIN 350: GENOME NON_GENOME PIN 339
INST gameplay_screen__GB11 PIN 351: INST top_level__GC0 PIN 40 TYPE 5
INST gameplay_screen__GB11 PIN 352: INST top_level__GC0 PIN 15 TYPE 5
INST gameplay_screen__GB9 PIN 262: INST top_level__GC0 PIN 40 TYPE 5
INST gameplay_screen__GB11 PIN 64: INST gameplay_screen__GB10 PIN 421 TYPE 0 INST gameplay_screen__GB9 PIN 319 TYPE 0 GENOME gameplay_screen__GB11 PIN 64
INST gameplay_screen__GB11 PIN 65: INST gameplay_screen__GB10 PIN 422 TYPE 0 INST gameplay_screen__GB9 PIN 320 TYPE 0 GENOME gameplay_screen__GB11 PIN 65
INST gameplay_screen__GB11 PIN 66: INST gameplay_screen__GB10 PIN 423 TYPE 0 INST gameplay_screen__GB9 PIN 321 TYPE 0 GENOME gameplay_screen__GB11 PIN 66
INST gameplay_screen__GB11 PIN 67: INST gameplay_screen__GB10 PIN 424 TYPE 0 INST gameplay_screen__GB9 PIN 322 TYPE 0 GENOME gameplay_screen__GB11 PIN 67
INST gameplay_screen__GB11 PIN 68: INST gameplay_screen__GB10 PIN 425 TYPE 1 INST gameplay_screen__GB9 PIN 323 TYPE 1 GENOME gameplay_screen__GB11 PIN 68
INST gameplay_screen__GB11 PIN 69: INST gameplay_screen__GB10 PIN 426 TYPE 1 INST gameplay_screen__GB9 PIN 324 TYPE 1 GENOME gameplay_screen__GB11 PIN 69
INST gameplay_screen__GB11 PIN 70: INST gameplay_screen__GB10 PIN 427 TYPE 0 INST gameplay_screen__GB9 PIN 325 TYPE 0 GENOME gameplay_screen__GB11 PIN 70
INST gameplay_screen__GB11 PIN 71: INST gameplay_screen__GB10 PIN 428 TYPE 1 INST gameplay_screen__GB9 PIN 326 TYPE 1 GENOME gameplay_screen__GB11 PIN 71
INST gameplay_screen__GB11 PIN 72: INST gameplay_screen__GB10 PIN 429 TYPE 0 INST gameplay_screen__GB9 PIN 327 TYPE 0 GENOME gameplay_screen__GB11 PIN 72
INST gameplay_screen__GB11 PIN 73: INST gameplay_screen__GB10 PIN 430 TYPE 0 INST gameplay_screen__GB9 PIN 328 TYPE 0 GENOME gameplay_screen__GB11 PIN 73
INST gameplay_screen__GB11 PIN 74: INST gameplay_screen__GB10 PIN 431 TYPE 1 INST gameplay_screen__GB9 PIN 329 TYPE 1 GENOME gameplay_screen__GB11 PIN 74
INST gameplay_screen__GB11 PIN 10: INST gameplay_screen__GB10 PIN 380 TYPE 0 INST gameplay_screen__GB9 PIN 330 TYPE 0 GENOME gameplay_screen__GB11 PIN 10
INST gameplay_screen__GB11 PIN 11: INST gameplay_screen__GB10 PIN 381 TYPE 0 INST gameplay_screen__GB9 PIN 331 TYPE 0 GENOME gameplay_screen__GB11 PIN 11
INST gameplay_screen__GB11 PIN 12: INST gameplay_screen__GB10 PIN 382 TYPE 0 INST gameplay_screen__GB9 PIN 332 TYPE 0 GENOME gameplay_screen__GB11 PIN 12
INST gameplay_screen__GB11 PIN 13: INST gameplay_screen__GB10 PIN 383 TYPE 0 INST gameplay_screen__GB9 PIN 333 TYPE 0 GENOME gameplay_screen__GB11 PIN 13
INST gameplay_screen__GB11 PIN 14: INST gameplay_screen__GB10 PIN 384 TYPE 0 INST gameplay_screen__GB9 PIN 334 TYPE 0 GENOME gameplay_screen__GB11 PIN 14
INST gameplay_screen__GB11 PIN 15: INST gameplay_screen__GB10 PIN 385 TYPE 0 INST gameplay_screen__GB9 PIN 335 TYPE 0 GENOME gameplay_screen__GB11 PIN 15
INST gameplay_screen__GB11 PIN 16: INST gameplay_screen__GB10 PIN 386 TYPE 0 INST gameplay_screen__GB9 PIN 336 TYPE 0 GENOME gameplay_screen__GB11 PIN 16
INST gameplay_screen__GB11 PIN 17: INST gameplay_screen__GB10 PIN 387 TYPE 1 INST gameplay_screen__GB9 PIN 337 TYPE 1 GENOME gameplay_screen__GB11 PIN 17
INST gameplay_screen__GB11 PIN 18: INST gameplay_screen__GB10 PIN 388 TYPE 1 INST gameplay_screen__GB9 PIN 338 TYPE 1 GENOME gameplay_screen__GB11 PIN 18
INST gameplay_screen__GB11 PIN 19: INST gameplay_screen__GB10 PIN 389 TYPE 1 INST gameplay_screen__GB9 PIN 339 TYPE 1 GENOME gameplay_screen__GB11 PIN 19
INST gameplay_screen__GB11 PIN 20: INST gameplay_screen__GB10 PIN 390 TYPE 1 INST gameplay_screen__GB9 PIN 340 TYPE 1 GENOME gameplay_screen__GB11 PIN 20
INST gameplay_screen__GB9 PIN 104: INST gameplay_screen__GB8 PIN 241 TYPE 0 GENOME gameplay_screen__GB9 PIN 104
INST gameplay_screen__GB9 PIN 105: INST gameplay_screen__GB8 PIN 242 TYPE 1 GENOME gameplay_screen__GB9 PIN 105
INST gameplay_screen__GB9 PIN 106: INST gameplay_screen__GB8 PIN 243 TYPE 1 GENOME gameplay_screen__GB9 PIN 106
INST gameplay_screen__GB9 PIN 107: INST gameplay_screen__GB8 PIN 244 TYPE 0 GENOME gameplay_screen__GB9 PIN 107
INST gameplay_screen__GB9 PIN 108: INST gameplay_screen__GB8 PIN 245 TYPE 0 GENOME gameplay_screen__GB9 PIN 108
INST gameplay_screen__GB9 PIN 109: INST gameplay_screen__GB8 PIN 246 TYPE 0 GENOME gameplay_screen__GB9 PIN 109
INST gameplay_screen__GB9 PIN 110: INST gameplay_screen__GB8 PIN 247 TYPE 0 GENOME gameplay_screen__GB9 PIN 110
INST gameplay_screen__GB9 PIN 111: INST gameplay_screen__GB8 PIN 248 TYPE 1 GENOME gameplay_screen__GB9 PIN 111
INST gameplay_screen__GB9 PIN 112: INST gameplay_screen__GB8 PIN 249 TYPE 0 GENOME gameplay_screen__GB9 PIN 112
INST gameplay_screen__GB9 PIN 113: INST gameplay_screen__GB8 PIN 250 TYPE 0 GENOME gameplay_screen__GB9 PIN 113
INST gameplay_screen__GB9 PIN 114: INST gameplay_screen__GB8 PIN 251 TYPE 1 GENOME gameplay_screen__GB9 PIN 114
INST gameplay_screen__GB9 PIN 93: INST gameplay_screen__GB8 PIN 252 TYPE 0 GENOME gameplay_screen__GB9 PIN 93
INST gameplay_screen__GB9 PIN 94: INST gameplay_screen__GB8 PIN 253 TYPE 1 GENOME gameplay_screen__GB9 PIN 94
INST gameplay_screen__GB9 PIN 95: INST gameplay_screen__GB8 PIN 254 TYPE 1 GENOME gameplay_screen__GB9 PIN 95
INST gameplay_screen__GB9 PIN 96: INST gameplay_screen__GB8 PIN 255 TYPE 0 GENOME gameplay_screen__GB9 PIN 96
INST gameplay_screen__GB9 PIN 97: INST gameplay_screen__GB8 PIN 256 TYPE 0 GENOME gameplay_screen__GB9 PIN 97
INST gameplay_screen__GB9 PIN 98: INST gameplay_screen__GB8 PIN 257 TYPE 1 GENOME gameplay_screen__GB9 PIN 98
INST gameplay_screen__GB9 PIN 99: INST gameplay_screen__GB8 PIN 258 TYPE 0 GENOME gameplay_screen__GB9 PIN 99
INST gameplay_screen__GB9 PIN 100: INST gameplay_screen__GB8 PIN 259 TYPE 1 GENOME gameplay_screen__GB9 PIN 100
INST gameplay_screen__GB9 PIN 101: INST gameplay_screen__GB8 PIN 260 TYPE 0 GENOME gameplay_screen__GB9 PIN 101
INST gameplay_screen__GB9 PIN 102: INST gameplay_screen__GB8 PIN 261 TYPE 1 GENOME gameplay_screen__GB9 PIN 102
INST gameplay_screen__GB9 PIN 103: INST gameplay_screen__GB8 PIN 262 TYPE 0 GENOME gameplay_screen__GB9 PIN 103
INST gameplay_screen__GB10 PIN 81: INST gameplay_screen__GB9 PIN 56 TYPE 3 INST gameplay_screen__GB8 PIN 284 TYPE 4
INST gameplay_screen__GB10 PIN 136: INST gameplay_screen__GB9 PIN 80 TYPE 3 INST gameplay_screen__GB8 PIN 328 TYPE 4
INST gameplay_screen__GB9 PIN 44: INST gameplay_screen__GB8 PIN 339 TYPE 0 GENOME gameplay_screen__GB9 PIN 44
INST gameplay_screen__GB9 PIN 32: INST gameplay_screen__GB8 PIN 349 TYPE 1 GENOME gameplay_screen__GB9 PIN 32
INST gameplay_screen__GB9 PIN 33: INST gameplay_screen__GB8 PIN 350 TYPE 1 GENOME gameplay_screen__GB9 PIN 33
INST gameplay_screen__GB9 PIN 21: INST gameplay_screen__GB8 PIN 361 TYPE 0 GENOME gameplay_screen__GB9 PIN 21
INST gameplay_screen__GB9 PIN 9: INST gameplay_screen__GB8 PIN 371 TYPE 0 GENOME gameplay_screen__GB9 PIN 9
INST gameplay_screen__GB9 PIN 10: INST gameplay_screen__GB8 PIN 372 TYPE 1 GENOME gameplay_screen__GB9 PIN 10
INST gameplay_screen__GB11 PIN 31: INST gameplay_screen__GB8 PIN 373 TYPE 0 INST gameplay_screen__GB7 PIN 877 TYPE 0 GENOME gameplay_screen__GB11 PIN 31
INST gameplay_screen__GB11 PIN 32: INST gameplay_screen__GB8 PIN 374 TYPE 0 INST gameplay_screen__GB7 PIN 878 TYPE 0 GENOME gameplay_screen__GB11 PIN 32
INST gameplay_screen__GB11 PIN 33: INST gameplay_screen__GB8 PIN 375 TYPE 0 INST gameplay_screen__GB7 PIN 879 TYPE 0 GENOME gameplay_screen__GB11 PIN 33
INST gameplay_screen__GB11 PIN 34: INST gameplay_screen__GB8 PIN 376 TYPE 0 INST gameplay_screen__GB7 PIN 880 TYPE 0 GENOME gameplay_screen__GB11 PIN 34
INST gameplay_screen__GB11 PIN 35: INST gameplay_screen__GB8 PIN 377 TYPE 0 INST gameplay_screen__GB7 PIN 881 TYPE 0 GENOME gameplay_screen__GB11 PIN 35
INST gameplay_screen__GB11 PIN 36: INST gameplay_screen__GB8 PIN 378 TYPE 1 INST gameplay_screen__GB7 PIN 882 TYPE 1 GENOME gameplay_screen__GB11 PIN 36
INST gameplay_screen__GB11 PIN 37: INST gameplay_screen__GB8 PIN 379 TYPE 1 INST gameplay_screen__GB7 PIN 883 TYPE 1 GENOME gameplay_screen__GB11 PIN 37
INST gameplay_screen__GB11 PIN 38: INST gameplay_screen__GB8 PIN 380 TYPE 1 INST gameplay_screen__GB7 PIN 884 TYPE 1 GENOME gameplay_screen__GB11 PIN 38
INST gameplay_screen__GB11 PIN 39: INST gameplay_screen__GB8 PIN 381 TYPE 1 INST gameplay_screen__GB7 PIN 885 TYPE 1 GENOME gameplay_screen__GB11 PIN 39
INST gameplay_screen__GB11 PIN 40: INST gameplay_screen__GB8 PIN 382 TYPE 0 INST gameplay_screen__GB7 PIN 886 TYPE 0 GENOME gameplay_screen__GB11 PIN 40
INST gameplay_screen__GB11 PIN 41: INST gameplay_screen__GB8 PIN 383 TYPE 0 INST gameplay_screen__GB7 PIN 887 TYPE 0 GENOME gameplay_screen__GB11 PIN 41
INST gameplay_screen__GB11 PIN 0: INST gameplay_screen__GB12 PIN 291 TYPE 0 INST gameplay_screen__GB10 PIN 401 TYPE 0 GENOME gameplay_screen__GB11 PIN 0
INST gameplay_screen__GB11 PIN 1: INST gameplay_screen__GB12 PIN 292 TYPE 0 INST gameplay_screen__GB10 PIN 402 TYPE 0 GENOME gameplay_screen__GB11 PIN 1
INST gameplay_screen__GB11 PIN 2: INST gameplay_screen__GB12 PIN 293 TYPE 1 INST gameplay_screen__GB10 PIN 403 TYPE 1 GENOME gameplay_screen__GB11 PIN 2
INST gameplay_screen__GB11 PIN 3: INST gameplay_screen__GB12 PIN 294 TYPE 0 INST gameplay_screen__GB10 PIN 404 TYPE 0 GENOME gameplay_screen__GB11 PIN 3
INST gameplay_screen__GB11 PIN 4: INST gameplay_screen__GB12 PIN 295 TYPE 0 INST gameplay_screen__GB10 PIN 405 TYPE 0 GENOME gameplay_screen__GB11 PIN 4
INST gameplay_screen__GB11 PIN 5: INST gameplay_screen__GB12 PIN 296 TYPE 1 INST gameplay_screen__GB10 PIN 406 TYPE 1 GENOME gameplay_screen__GB11 PIN 5
INST gameplay_screen__GB11 PIN 6: INST gameplay_screen__GB12 PIN 297 TYPE 0 INST gameplay_screen__GB10 PIN 407 TYPE 0 GENOME gameplay_screen__GB11 PIN 6
INST gameplay_screen__GB11 PIN 7: INST gameplay_screen__GB12 PIN 298 TYPE 0 INST gameplay_screen__GB10 PIN 408 TYPE 0 GENOME gameplay_screen__GB11 PIN 7
INST gameplay_screen__GB11 PIN 8: INST gameplay_screen__GB12 PIN 299 TYPE 0 INST gameplay_screen__GB10 PIN 409 TYPE 0 GENOME gameplay_screen__GB11 PIN 8
INST gameplay_screen__GB11 PIN 9: INST gameplay_screen__GB12 PIN 300 TYPE 1 INST gameplay_screen__GB10 PIN 410 TYPE 1 GENOME gameplay_screen__GB11 PIN 9
INST gameplay_screen__GB11 PIN 21: INST gameplay_screen__GB12 PIN 311 TYPE 0 INST gameplay_screen__GB10 PIN 432 TYPE 0 GENOME gameplay_screen__GB11 PIN 21
INST gameplay_screen__GB11 PIN 22: INST gameplay_screen__GB12 PIN 312 TYPE 0 INST gameplay_screen__GB10 PIN 433 TYPE 0 GENOME gameplay_screen__GB11 PIN 22
INST gameplay_screen__GB11 PIN 23: INST gameplay_screen__GB12 PIN 313 TYPE 0 INST gameplay_screen__GB10 PIN 434 TYPE 0 GENOME gameplay_screen__GB11 PIN 23
INST gameplay_screen__GB11 PIN 24: INST gameplay_screen__GB12 PIN 314 TYPE 0 INST gameplay_screen__GB10 PIN 435 TYPE 0 GENOME gameplay_screen__GB11 PIN 24
INST gameplay_screen__GB11 PIN 25: INST gameplay_screen__GB12 PIN 315 TYPE 1 INST gameplay_screen__GB10 PIN 436 TYPE 1 GENOME gameplay_screen__GB11 PIN 25
INST gameplay_screen__GB11 PIN 26: INST gameplay_screen__GB12 PIN 316 TYPE 1 INST gameplay_screen__GB10 PIN 437 TYPE 1 GENOME gameplay_screen__GB11 PIN 26
INST gameplay_screen__GB11 PIN 27: INST gameplay_screen__GB12 PIN 317 TYPE 0 INST gameplay_screen__GB10 PIN 438 TYPE 0 GENOME gameplay_screen__GB11 PIN 27
INST gameplay_screen__GB11 PIN 28: INST gameplay_screen__GB12 PIN 318 TYPE 1 INST gameplay_screen__GB10 PIN 439 TYPE 1 GENOME gameplay_screen__GB11 PIN 28
INST gameplay_screen__GB11 PIN 29: INST gameplay_screen__GB12 PIN 319 TYPE 1 INST gameplay_screen__GB10 PIN 440 TYPE 1 GENOME gameplay_screen__GB11 PIN 29
INST gameplay_screen__GB11 PIN 30: INST gameplay_screen__GB12 PIN 320 TYPE 1 INST gameplay_screen__GB10 PIN 441 TYPE 1 GENOME gameplay_screen__GB11 PIN 30
INST gameplay_screen__GB11 PIN 42: INST gameplay_screen__GB12 PIN 321 TYPE 0 INST gameplay_screen__GB10 PIN 442 TYPE 0 GENOME gameplay_screen__GB11 PIN 42
INST gameplay_screen__GB11 PIN 43: INST gameplay_screen__GB12 PIN 322 TYPE 0 INST gameplay_screen__GB10 PIN 443 TYPE 0 GENOME gameplay_screen__GB11 PIN 43
INST gameplay_screen__GB11 PIN 44: INST gameplay_screen__GB12 PIN 323 TYPE 0 INST gameplay_screen__GB10 PIN 444 TYPE 0 GENOME gameplay_screen__GB11 PIN 44
INST gameplay_screen__GB11 PIN 45: INST gameplay_screen__GB12 PIN 324 TYPE 1 INST gameplay_screen__GB10 PIN 445 TYPE 1 GENOME gameplay_screen__GB11 PIN 45
INST gameplay_screen__GB11 PIN 46: INST gameplay_screen__GB12 PIN 325 TYPE 1 INST gameplay_screen__GB10 PIN 446 TYPE 1 GENOME gameplay_screen__GB11 PIN 46
INST gameplay_screen__GB11 PIN 47: INST gameplay_screen__GB12 PIN 326 TYPE 0 INST gameplay_screen__GB10 PIN 447 TYPE 0 GENOME gameplay_screen__GB11 PIN 47
INST gameplay_screen__GB11 PIN 48: INST gameplay_screen__GB12 PIN 327 TYPE 0 INST gameplay_screen__GB10 PIN 448 TYPE 0 GENOME gameplay_screen__GB11 PIN 48
INST gameplay_screen__GB11 PIN 49: INST gameplay_screen__GB12 PIN 328 TYPE 1 INST gameplay_screen__GB10 PIN 449 TYPE 1 GENOME gameplay_screen__GB11 PIN 49
INST gameplay_screen__GB11 PIN 50: INST gameplay_screen__GB12 PIN 329 TYPE 0 INST gameplay_screen__GB10 PIN 450 TYPE 0 GENOME gameplay_screen__GB11 PIN 50
INST gameplay_screen__GB11 PIN 51: INST gameplay_screen__GB12 PIN 330 TYPE 0 INST gameplay_screen__GB10 PIN 451 TYPE 0 GENOME gameplay_screen__GB11 PIN 51
INST gameplay_screen__GB9 PIN 140: INST gameplay_screen__GB10 PIN 452 TYPE 0 GENOME gameplay_screen__GB9 PIN 140
INST gameplay_screen__GB9 PIN 141: INST gameplay_screen__GB10 PIN 453 TYPE 1 GENOME gameplay_screen__GB9 PIN 141
INST gameplay_screen__GB9 PIN 142: INST gameplay_screen__GB10 PIN 454 TYPE 1 GENOME gameplay_screen__GB9 PIN 142
INST gameplay_screen__GB9 PIN 143: INST gameplay_screen__GB10 PIN 455 TYPE 0 GENOME gameplay_screen__GB9 PIN 143
INST gameplay_screen__GB9 PIN 144: INST gameplay_screen__GB10 PIN 456 TYPE 0 GENOME gameplay_screen__GB9 PIN 144
INST gameplay_screen__GB9 PIN 145: INST gameplay_screen__GB10 PIN 457 TYPE 0 GENOME gameplay_screen__GB9 PIN 145
INST gameplay_screen__GB9 PIN 146: INST gameplay_screen__GB10 PIN 458 TYPE 0 GENOME gameplay_screen__GB9 PIN 146
INST gameplay_screen__GB9 PIN 147: INST gameplay_screen__GB10 PIN 459 TYPE 1 GENOME gameplay_screen__GB9 PIN 147
INST gameplay_screen__GB9 PIN 148: INST gameplay_screen__GB10 PIN 460 TYPE 1 GENOME gameplay_screen__GB9 PIN 148
INST gameplay_screen__GB9 PIN 149: INST gameplay_screen__GB10 PIN 461 TYPE 0 GENOME gameplay_screen__GB9 PIN 149
INST gameplay_screen__GB9 PIN 150: INST gameplay_screen__GB10 PIN 462 TYPE 0 GENOME gameplay_screen__GB9 PIN 150
INST gameplay_screen__GB11 PIN 219: INST gameplay_screen__GB11 PIN 220 TYPE 2 INST gameplay_screen__GB10 PIN 464 TYPE 4 INST gameplay_screen__GB11 PIN 221 TYPE 2 INST gameplay_screen__GB10 PIN 465 TYPE 4 INST gameplay_screen__GB11 PIN 222 TYPE 2 INST gameplay_screen__GB10 PIN 466 TYPE 4
INST gameplay_screen__GB11 PIN 223: INST gameplay_screen__GB10 PIN 467 TYPE 0 GENOME gameplay_screen__GB11 PIN 223
INST gameplay_screen__GB11 PIN 224: INST gameplay_screen__GB10 PIN 468 TYPE 0 GENOME gameplay_screen__GB11 PIN 224
INST gameplay_screen__GB11 PIN 225: INST gameplay_screen__GB10 PIN 469 TYPE 0 GENOME gameplay_screen__GB11 PIN 225
INST gameplay_screen__GB11 PIN 226: INST gameplay_screen__GB10 PIN 470 TYPE 0 GENOME gameplay_screen__GB11 PIN 226
INST gameplay_screen__GB11 PIN 227: INST gameplay_screen__GB10 PIN 471 TYPE 0 GENOME gameplay_screen__GB11 PIN 227
INST gameplay_screen__GB11 PIN 228: INST gameplay_screen__GB10 PIN 472 TYPE 0 GENOME gameplay_screen__GB11 PIN 228
INST gameplay_screen__GB11 PIN 229: INST gameplay_screen__GB10 PIN 473 TYPE 0 GENOME gameplay_screen__GB11 PIN 229
INST gameplay_screen__GB11 PIN 230: INST gameplay_screen__GB10 PIN 474 TYPE 0 GENOME gameplay_screen__GB11 PIN 230
INST gameplay_screen__GB11 PIN 255: INST gameplay_screen__GB11 PIN 256 TYPE 2 INST gameplay_screen__GB10 PIN 488 TYPE 4 INST gameplay_screen__GB11 PIN 257 TYPE 2 INST gameplay_screen__GB10 PIN 489 TYPE 4 INST gameplay_screen__GB11 PIN 258 TYPE 2 INST gameplay_screen__GB10 PIN 490 TYPE 4
INST gameplay_screen__GB11 PIN 259: INST gameplay_screen__GB10 PIN 491 TYPE 0 GENOME gameplay_screen__GB11 PIN 259
INST gameplay_screen__GB11 PIN 260: INST gameplay_screen__GB10 PIN 492 TYPE 0 GENOME gameplay_screen__GB11 PIN 260
INST gameplay_screen__GB11 PIN 261: INST gameplay_screen__GB10 PIN 493 TYPE 0 GENOME gameplay_screen__GB11 PIN 261
INST gameplay_screen__GB11 PIN 262: INST gameplay_screen__GB10 PIN 494 TYPE 0 GENOME gameplay_screen__GB11 PIN 262
INST gameplay_screen__GB11 PIN 263: INST gameplay_screen__GB10 PIN 495 TYPE 0 GENOME gameplay_screen__GB11 PIN 263
INST gameplay_screen__GB11 PIN 264: INST gameplay_screen__GB10 PIN 496 TYPE 0 GENOME gameplay_screen__GB11 PIN 264
INST gameplay_screen__GB11 PIN 265: INST gameplay_screen__GB10 PIN 497 TYPE 0 GENOME gameplay_screen__GB11 PIN 265
INST gameplay_screen__GB11 PIN 266: INST gameplay_screen__GB10 PIN 498 TYPE 0 GENOME gameplay_screen__GB11 PIN 266
INST gameplay_screen__GB11 PIN 267: INST gameplay_screen__GB11 PIN 268 TYPE 2 INST gameplay_screen__GB10 PIN 548 TYPE 4 INST gameplay_screen__GB11 PIN 269 TYPE 2 INST gameplay_screen__GB10 PIN 549 TYPE 4 INST gameplay_screen__GB11 PIN 270 TYPE 2 INST gameplay_screen__GB10 PIN 550 TYPE 4
INST gameplay_screen__GB11 PIN 271: INST gameplay_screen__GB10 PIN 551 TYPE 0 GENOME gameplay_screen__GB11 PIN 271
INST gameplay_screen__GB11 PIN 272: INST gameplay_screen__GB10 PIN 552 TYPE 0 GENOME gameplay_screen__GB11 PIN 272
INST gameplay_screen__GB11 PIN 273: INST gameplay_screen__GB10 PIN 553 TYPE 0 GENOME gameplay_screen__GB11 PIN 273
INST gameplay_screen__GB11 PIN 274: INST gameplay_screen__GB10 PIN 554 TYPE 0 GENOME gameplay_screen__GB11 PIN 274
INST gameplay_screen__GB11 PIN 275: INST gameplay_screen__GB10 PIN 555 TYPE 0 GENOME gameplay_screen__GB11 PIN 275
INST gameplay_screen__GB11 PIN 276: INST gameplay_screen__GB10 PIN 556 TYPE 0 GENOME gameplay_screen__GB11 PIN 276
INST gameplay_screen__GB11 PIN 277: INST gameplay_screen__GB10 PIN 557 TYPE 0 GENOME gameplay_screen__GB11 PIN 277
INST gameplay_screen__GB11 PIN 278: INST gameplay_screen__GB10 PIN 558 TYPE 0 GENOME gameplay_screen__GB11 PIN 278
INST gameplay_screen__GB11 PIN 279: INST gameplay_screen__GB11 PIN 280 TYPE 2 INST gameplay_screen__GB10 PIN 560 TYPE 4 INST gameplay_screen__GB11 PIN 281 TYPE 2 INST gameplay_screen__GB10 PIN 561 TYPE 4 INST gameplay_screen__GB11 PIN 282 TYPE 2 INST gameplay_screen__GB10 PIN 562 TYPE 4
INST gameplay_screen__GB11 PIN 283: INST gameplay_screen__GB10 PIN 563 TYPE 0 GENOME gameplay_screen__GB11 PIN 283
INST gameplay_screen__GB11 PIN 284: INST gameplay_screen__GB10 PIN 564 TYPE 0 GENOME gameplay_screen__GB11 PIN 284
INST gameplay_screen__GB11 PIN 285: INST gameplay_screen__GB10 PIN 565 TYPE 0 GENOME gameplay_screen__GB11 PIN 285
INST gameplay_screen__GB11 PIN 286: INST gameplay_screen__GB10 PIN 566 TYPE 0 GENOME gameplay_screen__GB11 PIN 286
INST gameplay_screen__GB11 PIN 287: INST gameplay_screen__GB10 PIN 567 TYPE 0 GENOME gameplay_screen__GB11 PIN 287
INST gameplay_screen__GB11 PIN 288: INST gameplay_screen__GB10 PIN 568 TYPE 0 GENOME gameplay_screen__GB11 PIN 288
INST gameplay_screen__GB11 PIN 289: INST gameplay_screen__GB10 PIN 569 TYPE 0 GENOME gameplay_screen__GB11 PIN 289
INST gameplay_screen__GB11 PIN 290: INST gameplay_screen__GB10 PIN 570 TYPE 0 GENOME gameplay_screen__GB11 PIN 290
INST gameplay_screen__GB11 PIN 291: INST gameplay_screen__GB11 PIN 292 TYPE 2 INST gameplay_screen__GB10 PIN 572 TYPE 4 INST gameplay_screen__GB11 PIN 293 TYPE 2 INST gameplay_screen__GB10 PIN 573 TYPE 4 INST gameplay_screen__GB11 PIN 294 TYPE 2 INST gameplay_screen__GB10 PIN 574 TYPE 4
INST gameplay_screen__GB11 PIN 295: INST gameplay_screen__GB10 PIN 575 TYPE 0 GENOME gameplay_screen__GB11 PIN 295
INST gameplay_screen__GB11 PIN 296: INST gameplay_screen__GB10 PIN 576 TYPE 0 GENOME gameplay_screen__GB11 PIN 296
INST gameplay_screen__GB11 PIN 297: INST gameplay_screen__GB10 PIN 577 TYPE 0 GENOME gameplay_screen__GB11 PIN 297
INST gameplay_screen__GB11 PIN 298: INST gameplay_screen__GB10 PIN 578 TYPE 0 GENOME gameplay_screen__GB11 PIN 298
INST gameplay_screen__GB11 PIN 299: INST gameplay_screen__GB10 PIN 579 TYPE 0 GENOME gameplay_screen__GB11 PIN 299
INST gameplay_screen__GB11 PIN 300: INST gameplay_screen__GB10 PIN 580 TYPE 0 GENOME gameplay_screen__GB11 PIN 300
INST gameplay_screen__GB11 PIN 301: INST gameplay_screen__GB10 PIN 581 TYPE 0 GENOME gameplay_screen__GB11 PIN 301
INST gameplay_screen__GB11 PIN 302: INST gameplay_screen__GB10 PIN 582 TYPE 0 GENOME gameplay_screen__GB11 PIN 302
INST gameplay_screen__GB11 PIN 52: INST gameplay_screen__GB11 PIN 53 TYPE 2 INST gameplay_screen__GB10 PIN 584 TYPE 4 INST gameplay_screen__GB11 PIN 54 TYPE 2 INST gameplay_screen__GB10 PIN 585 TYPE 4 INST gameplay_screen__GB11 PIN 55 TYPE 2 INST gameplay_screen__GB10 PIN 586 TYPE 4
INST gameplay_screen__GB11 PIN 56: INST gameplay_screen__GB10 PIN 587 TYPE 0 GENOME gameplay_screen__GB11 PIN 56
INST gameplay_screen__GB11 PIN 57: INST gameplay_screen__GB10 PIN 588 TYPE 0 GENOME gameplay_screen__GB11 PIN 57
INST gameplay_screen__GB11 PIN 58: INST gameplay_screen__GB10 PIN 589 TYPE 0 GENOME gameplay_screen__GB11 PIN 58
INST gameplay_screen__GB11 PIN 59: INST gameplay_screen__GB10 PIN 590 TYPE 0 GENOME gameplay_screen__GB11 PIN 59
INST gameplay_screen__GB11 PIN 60: INST gameplay_screen__GB10 PIN 591 TYPE 0 GENOME gameplay_screen__GB11 PIN 60
INST gameplay_screen__GB11 PIN 61: INST gameplay_screen__GB10 PIN 592 TYPE 0 GENOME gameplay_screen__GB11 PIN 61
INST gameplay_screen__GB11 PIN 62: INST gameplay_screen__GB10 PIN 593 TYPE 0 GENOME gameplay_screen__GB11 PIN 62
INST gameplay_screen__GB11 PIN 63: INST gameplay_screen__GB10 PIN 594 TYPE 0 GENOME gameplay_screen__GB11 PIN 63
INST gameplay_screen__GB11 PIN 75: INST gameplay_screen__GB11 PIN 76 TYPE 2 INST gameplay_screen__GB10 PIN 596 TYPE 4 INST gameplay_screen__GB11 PIN 77 TYPE 2 INST gameplay_screen__GB10 PIN 597 TYPE 4 INST gameplay_screen__GB11 PIN 78 TYPE 2 INST gameplay_screen__GB10 PIN 598 TYPE 4
INST gameplay_screen__GB11 PIN 79: INST gameplay_screen__GB10 PIN 599 TYPE 0 GENOME gameplay_screen__GB11 PIN 79
INST gameplay_screen__GB11 PIN 80: INST gameplay_screen__GB10 PIN 600 TYPE 0 GENOME gameplay_screen__GB11 PIN 80
INST gameplay_screen__GB11 PIN 81: INST gameplay_screen__GB10 PIN 601 TYPE 0 GENOME gameplay_screen__GB11 PIN 81
INST gameplay_screen__GB11 PIN 82: INST gameplay_screen__GB10 PIN 602 TYPE 0 GENOME gameplay_screen__GB11 PIN 82
INST gameplay_screen__GB11 PIN 83: INST gameplay_screen__GB10 PIN 603 TYPE 0 GENOME gameplay_screen__GB11 PIN 83
INST gameplay_screen__GB11 PIN 84: INST gameplay_screen__GB10 PIN 604 TYPE 0 GENOME gameplay_screen__GB11 PIN 84
INST gameplay_screen__GB11 PIN 85: INST gameplay_screen__GB10 PIN 605 TYPE 0 GENOME gameplay_screen__GB11 PIN 85
INST gameplay_screen__GB11 PIN 86: INST gameplay_screen__GB10 PIN 606 TYPE 0 GENOME gameplay_screen__GB11 PIN 86
INST gameplay_screen__GB11 PIN 87: INST gameplay_screen__GB11 PIN 88 TYPE 2 INST gameplay_screen__GB10 PIN 608 TYPE 4 INST gameplay_screen__GB11 PIN 89 TYPE 2 INST gameplay_screen__GB10 PIN 609 TYPE 4 INST gameplay_screen__GB11 PIN 90 TYPE 2 INST gameplay_screen__GB10 PIN 610 TYPE 4
INST gameplay_screen__GB11 PIN 91: INST gameplay_screen__GB10 PIN 611 TYPE 0 GENOME gameplay_screen__GB11 PIN 91
INST gameplay_screen__GB11 PIN 92: INST gameplay_screen__GB10 PIN 612 TYPE 0 GENOME gameplay_screen__GB11 PIN 92
INST gameplay_screen__GB11 PIN 93: INST gameplay_screen__GB10 PIN 613 TYPE 0 GENOME gameplay_screen__GB11 PIN 93
INST gameplay_screen__GB11 PIN 94: INST gameplay_screen__GB10 PIN 614 TYPE 0 GENOME gameplay_screen__GB11 PIN 94
INST gameplay_screen__GB11 PIN 95: INST gameplay_screen__GB10 PIN 615 TYPE 0 GENOME gameplay_screen__GB11 PIN 95
INST gameplay_screen__GB11 PIN 96: INST gameplay_screen__GB10 PIN 616 TYPE 0 GENOME gameplay_screen__GB11 PIN 96
INST gameplay_screen__GB11 PIN 97: INST gameplay_screen__GB10 PIN 617 TYPE 0 GENOME gameplay_screen__GB11 PIN 97
INST gameplay_screen__GB11 PIN 98: INST gameplay_screen__GB10 PIN 618 TYPE 0 GENOME gameplay_screen__GB11 PIN 98
INST gameplay_screen__GB11 PIN 99: INST gameplay_screen__GB10 PIN 619 TYPE 0 GENOME gameplay_screen__GB11 PIN 99
INST gameplay_screen__GB11 PIN 100: INST gameplay_screen__GB10 PIN 620 TYPE 0 GENOME gameplay_screen__GB11 PIN 100
INST gameplay_screen__GB11 PIN 101: INST gameplay_screen__GB10 PIN 621 TYPE 0 GENOME gameplay_screen__GB11 PIN 101
INST gameplay_screen__GB11 PIN 102: INST gameplay_screen__GB10 PIN 622 TYPE 0 GENOME gameplay_screen__GB11 PIN 102
INST gameplay_screen__GB11 PIN 103: INST gameplay_screen__GB10 PIN 623 TYPE 0 GENOME gameplay_screen__GB11 PIN 103
INST gameplay_screen__GB11 PIN 104: INST gameplay_screen__GB10 PIN 624 TYPE 0 GENOME gameplay_screen__GB11 PIN 104
INST gameplay_screen__GB11 PIN 105: INST gameplay_screen__GB10 PIN 625 TYPE 0 GENOME gameplay_screen__GB11 PIN 105
INST gameplay_screen__GB11 PIN 106: INST gameplay_screen__GB10 PIN 626 TYPE 0 GENOME gameplay_screen__GB11 PIN 106
INST gameplay_screen__GB11 PIN 107: INST gameplay_screen__GB11 PIN 108 TYPE 2 INST gameplay_screen__GB10 PIN 628 TYPE 4 INST gameplay_screen__GB11 PIN 109 TYPE 2 INST gameplay_screen__GB10 PIN 629 TYPE 4 INST gameplay_screen__GB11 PIN 110 TYPE 2 INST gameplay_screen__GB10 PIN 630 TYPE 4
INST gameplay_screen__GB11 PIN 111: INST gameplay_screen__GB11 PIN 112 TYPE 2 INST gameplay_screen__GB10 PIN 632 TYPE 4 INST gameplay_screen__GB11 PIN 113 TYPE 2 INST gameplay_screen__GB10 PIN 633 TYPE 4 INST gameplay_screen__GB11 PIN 114 TYPE 2 INST gameplay_screen__GB10 PIN 634 TYPE 4
INST gameplay_screen__GB11 PIN 115: INST gameplay_screen__GB10 PIN 635 TYPE 0 GENOME gameplay_screen__GB11 PIN 115
INST gameplay_screen__GB11 PIN 116: INST gameplay_screen__GB10 PIN 636 TYPE 0 GENOME gameplay_screen__GB11 PIN 116
INST gameplay_screen__GB11 PIN 117: INST gameplay_screen__GB10 PIN 637 TYPE 0 GENOME gameplay_screen__GB11 PIN 117
INST gameplay_screen__GB11 PIN 118: INST gameplay_screen__GB10 PIN 638 TYPE 0 GENOME gameplay_screen__GB11 PIN 118
INST gameplay_screen__GB11 PIN 119: INST gameplay_screen__GB10 PIN 639 TYPE 0 GENOME gameplay_screen__GB11 PIN 119
INST gameplay_screen__GB11 PIN 120: INST gameplay_screen__GB10 PIN 640 TYPE 0 GENOME gameplay_screen__GB11 PIN 120
INST gameplay_screen__GB11 PIN 121: INST gameplay_screen__GB10 PIN 641 TYPE 0 GENOME gameplay_screen__GB11 PIN 121
INST gameplay_screen__GB11 PIN 122: INST gameplay_screen__GB10 PIN 642 TYPE 0 GENOME gameplay_screen__GB11 PIN 122
INST gameplay_screen__GB11 PIN 123: INST gameplay_screen__GB11 PIN 124 TYPE 2 INST gameplay_screen__GB10 PIN 644 TYPE 4 INST gameplay_screen__GB11 PIN 125 TYPE 2 INST gameplay_screen__GB10 PIN 645 TYPE 4 INST gameplay_screen__GB11 PIN 126 TYPE 2 INST gameplay_screen__GB10 PIN 646 TYPE 4
INST gameplay_screen__GB11 PIN 127: INST gameplay_screen__GB10 PIN 647 TYPE 0 GENOME gameplay_screen__GB11 PIN 127
INST gameplay_screen__GB11 PIN 128: INST gameplay_screen__GB10 PIN 648 TYPE 0 GENOME gameplay_screen__GB11 PIN 128
INST gameplay_screen__GB11 PIN 129: INST gameplay_screen__GB10 PIN 649 TYPE 0 GENOME gameplay_screen__GB11 PIN 129
INST gameplay_screen__GB11 PIN 130: INST gameplay_screen__GB10 PIN 650 TYPE 0 GENOME gameplay_screen__GB11 PIN 130
INST gameplay_screen__GB11 PIN 131: INST gameplay_screen__GB10 PIN 651 TYPE 0 GENOME gameplay_screen__GB11 PIN 131
INST gameplay_screen__GB11 PIN 132: INST gameplay_screen__GB10 PIN 652 TYPE 0 GENOME gameplay_screen__GB11 PIN 132
INST gameplay_screen__GB11 PIN 133: INST gameplay_screen__GB10 PIN 653 TYPE 0 GENOME gameplay_screen__GB11 PIN 133
INST gameplay_screen__GB11 PIN 134: INST gameplay_screen__GB10 PIN 654 TYPE 0 GENOME gameplay_screen__GB11 PIN 134
INST gameplay_screen__GB11 PIN 135: INST gameplay_screen__GB11 PIN 136 TYPE 2 INST gameplay_screen__GB10 PIN 656 TYPE 4 INST gameplay_screen__GB11 PIN 137 TYPE 2 INST gameplay_screen__GB10 PIN 657 TYPE 4 INST gameplay_screen__GB11 PIN 138 TYPE 2 INST gameplay_screen__GB10 PIN 658 TYPE 4
INST gameplay_screen__GB11 PIN 139: INST gameplay_screen__GB10 PIN 659 TYPE 0 GENOME gameplay_screen__GB11 PIN 139
INST gameplay_screen__GB11 PIN 140: INST gameplay_screen__GB10 PIN 660 TYPE 0 GENOME gameplay_screen__GB11 PIN 140
INST gameplay_screen__GB11 PIN 141: INST gameplay_screen__GB10 PIN 661 TYPE 0 GENOME gameplay_screen__GB11 PIN 141
INST gameplay_screen__GB11 PIN 142: INST gameplay_screen__GB10 PIN 662 TYPE 0 GENOME gameplay_screen__GB11 PIN 142
INST gameplay_screen__GB11 PIN 143: INST gameplay_screen__GB10 PIN 663 TYPE 0 GENOME gameplay_screen__GB11 PIN 143
INST gameplay_screen__GB11 PIN 144: INST gameplay_screen__GB10 PIN 664 TYPE 0 GENOME gameplay_screen__GB11 PIN 144
INST gameplay_screen__GB11 PIN 145: INST gameplay_screen__GB10 PIN 665 TYPE 0 GENOME gameplay_screen__GB11 PIN 145
INST gameplay_screen__GB11 PIN 146: INST gameplay_screen__GB10 PIN 666 TYPE 0 GENOME gameplay_screen__GB11 PIN 146
INST gameplay_screen__GB11 PIN 147: INST gameplay_screen__GB10 PIN 667 TYPE 0 GENOME gameplay_screen__GB11 PIN 147
INST gameplay_screen__GB11 PIN 148: INST gameplay_screen__GB10 PIN 668 TYPE 0 GENOME gameplay_screen__GB11 PIN 148
INST gameplay_screen__GB11 PIN 149: INST gameplay_screen__GB10 PIN 669 TYPE 0 GENOME gameplay_screen__GB11 PIN 149
INST gameplay_screen__GB11 PIN 150: INST gameplay_screen__GB10 PIN 670 TYPE 0 GENOME gameplay_screen__GB11 PIN 150
INST gameplay_screen__GB11 PIN 151: INST gameplay_screen__GB10 PIN 671 TYPE 0 GENOME gameplay_screen__GB11 PIN 151
INST gameplay_screen__GB11 PIN 152: INST gameplay_screen__GB10 PIN 672 TYPE 0 GENOME gameplay_screen__GB11 PIN 152
INST gameplay_screen__GB11 PIN 153: INST gameplay_screen__GB10 PIN 673 TYPE 0 GENOME gameplay_screen__GB11 PIN 153
INST gameplay_screen__GB11 PIN 154: INST gameplay_screen__GB10 PIN 674 TYPE 0 GENOME gameplay_screen__GB11 PIN 154
INST gameplay_screen__GB11 PIN 155: INST gameplay_screen__GB11 PIN 156 TYPE 2 INST gameplay_screen__GB10 PIN 676 TYPE 4 INST gameplay_screen__GB11 PIN 157 TYPE 2 INST gameplay_screen__GB10 PIN 677 TYPE 4 INST gameplay_screen__GB11 PIN 158 TYPE 2 INST gameplay_screen__GB10 PIN 678 TYPE 4
INST gameplay_screen__GB11 PIN 159: INST gameplay_screen__GB11 PIN 160 TYPE 2 INST gameplay_screen__GB10 PIN 680 TYPE 4 INST gameplay_screen__GB11 PIN 161 TYPE 2 INST gameplay_screen__GB10 PIN 681 TYPE 4 INST gameplay_screen__GB11 PIN 162 TYPE 2 INST gameplay_screen__GB10 PIN 682 TYPE 4
INST gameplay_screen__GB11 PIN 163: INST gameplay_screen__GB10 PIN 683 TYPE 0 GENOME gameplay_screen__GB11 PIN 163
INST gameplay_screen__GB11 PIN 164: INST gameplay_screen__GB10 PIN 684 TYPE 0 GENOME gameplay_screen__GB11 PIN 164
INST gameplay_screen__GB11 PIN 165: INST gameplay_screen__GB10 PIN 685 TYPE 0 GENOME gameplay_screen__GB11 PIN 165
INST gameplay_screen__GB11 PIN 166: INST gameplay_screen__GB10 PIN 686 TYPE 0 GENOME gameplay_screen__GB11 PIN 166
INST gameplay_screen__GB11 PIN 167: INST gameplay_screen__GB10 PIN 687 TYPE 0 GENOME gameplay_screen__GB11 PIN 167
INST gameplay_screen__GB11 PIN 168: INST gameplay_screen__GB10 PIN 688 TYPE 0 GENOME gameplay_screen__GB11 PIN 168
INST gameplay_screen__GB11 PIN 169: INST gameplay_screen__GB10 PIN 689 TYPE 0 GENOME gameplay_screen__GB11 PIN 169
INST gameplay_screen__GB11 PIN 170: INST gameplay_screen__GB10 PIN 690 TYPE 0 GENOME gameplay_screen__GB11 PIN 170
INST gameplay_screen__GB11 PIN 171: INST gameplay_screen__GB11 PIN 172 TYPE 2 INST gameplay_screen__GB10 PIN 704 TYPE 4 INST gameplay_screen__GB11 PIN 173 TYPE 2 INST gameplay_screen__GB10 PIN 705 TYPE 4 INST gameplay_screen__GB11 PIN 174 TYPE 2 INST gameplay_screen__GB10 PIN 706 TYPE 4
INST gameplay_screen__GB11 PIN 175: INST gameplay_screen__GB10 PIN 707 TYPE 0 GENOME gameplay_screen__GB11 PIN 175
INST gameplay_screen__GB11 PIN 176: INST gameplay_screen__GB10 PIN 708 TYPE 0 GENOME gameplay_screen__GB11 PIN 176
INST gameplay_screen__GB11 PIN 177: INST gameplay_screen__GB10 PIN 709 TYPE 0 GENOME gameplay_screen__GB11 PIN 177
INST gameplay_screen__GB11 PIN 178: INST gameplay_screen__GB10 PIN 710 TYPE 0 GENOME gameplay_screen__GB11 PIN 178
INST gameplay_screen__GB11 PIN 179: INST gameplay_screen__GB10 PIN 711 TYPE 0 GENOME gameplay_screen__GB11 PIN 179
INST gameplay_screen__GB11 PIN 180: INST gameplay_screen__GB10 PIN 712 TYPE 0 GENOME gameplay_screen__GB11 PIN 180
INST gameplay_screen__GB11 PIN 181: INST gameplay_screen__GB10 PIN 713 TYPE 0 GENOME gameplay_screen__GB11 PIN 181
INST gameplay_screen__GB11 PIN 182: INST gameplay_screen__GB10 PIN 714 TYPE 0 GENOME gameplay_screen__GB11 PIN 182
INST gameplay_screen__GB11 PIN 183: INST gameplay_screen__GB10 PIN 751 TYPE 0 GENOME gameplay_screen__GB11 PIN 183
INST gameplay_screen__GB11 PIN 184: INST gameplay_screen__GB10 PIN 752 TYPE 0 GENOME gameplay_screen__GB11 PIN 184
INST gameplay_screen__GB11 PIN 185: INST gameplay_screen__GB10 PIN 753 TYPE 0 GENOME gameplay_screen__GB11 PIN 185
INST gameplay_screen__GB11 PIN 186: INST gameplay_screen__GB10 PIN 754 TYPE 0 GENOME gameplay_screen__GB11 PIN 186
INST gameplay_screen__GB11 PIN 187: INST gameplay_screen__GB10 PIN 755 TYPE 0 GENOME gameplay_screen__GB11 PIN 187
INST gameplay_screen__GB11 PIN 188: INST gameplay_screen__GB10 PIN 756 TYPE 0 GENOME gameplay_screen__GB11 PIN 188
INST gameplay_screen__GB11 PIN 189: INST gameplay_screen__GB10 PIN 757 TYPE 0 GENOME gameplay_screen__GB11 PIN 189
INST gameplay_screen__GB11 PIN 190: INST gameplay_screen__GB10 PIN 758 TYPE 0 GENOME gameplay_screen__GB11 PIN 190
INST gameplay_screen__GB11 PIN 191: INST gameplay_screen__GB11 PIN 192 TYPE 2 INST gameplay_screen__GB10 PIN 760 TYPE 4 INST gameplay_screen__GB11 PIN 193 TYPE 2 INST gameplay_screen__GB10 PIN 761 TYPE 4 INST gameplay_screen__GB11 PIN 194 TYPE 2 INST gameplay_screen__GB10 PIN 762 TYPE 4
INST gameplay_screen__GB11 PIN 195: INST gameplay_screen__GB11 PIN 196 TYPE 2 INST gameplay_screen__GB10 PIN 764 TYPE 4 INST gameplay_screen__GB11 PIN 197 TYPE 2 INST gameplay_screen__GB10 PIN 765 TYPE 4 INST gameplay_screen__GB11 PIN 198 TYPE 2 INST gameplay_screen__GB10 PIN 766 TYPE 4
INST gameplay_screen__GB11 PIN 199: INST gameplay_screen__GB10 PIN 767 TYPE 0 GENOME gameplay_screen__GB11 PIN 199
INST gameplay_screen__GB11 PIN 200: INST gameplay_screen__GB10 PIN 768 TYPE 0 GENOME gameplay_screen__GB11 PIN 200
INST gameplay_screen__GB11 PIN 201: INST gameplay_screen__GB10 PIN 769 TYPE 0 GENOME gameplay_screen__GB11 PIN 201
INST gameplay_screen__GB11 PIN 202: INST gameplay_screen__GB10 PIN 770 TYPE 0 GENOME gameplay_screen__GB11 PIN 202
INST gameplay_screen__GB11 PIN 203: INST gameplay_screen__GB10 PIN 771 TYPE 0 GENOME gameplay_screen__GB11 PIN 203
INST gameplay_screen__GB11 PIN 204: INST gameplay_screen__GB10 PIN 772 TYPE 0 GENOME gameplay_screen__GB11 PIN 204
INST gameplay_screen__GB11 PIN 205: INST gameplay_screen__GB10 PIN 773 TYPE 0 GENOME gameplay_screen__GB11 PIN 205
INST gameplay_screen__GB11 PIN 206: INST gameplay_screen__GB10 PIN 774 TYPE 0 GENOME gameplay_screen__GB11 PIN 206
INST gameplay_screen__GB11 PIN 207: INST gameplay_screen__GB10 PIN 775 TYPE 0 GENOME gameplay_screen__GB11 PIN 207
INST gameplay_screen__GB11 PIN 208: INST gameplay_screen__GB10 PIN 776 TYPE 0 GENOME gameplay_screen__GB11 PIN 208
INST gameplay_screen__GB11 PIN 209: INST gameplay_screen__GB10 PIN 777 TYPE 0 GENOME gameplay_screen__GB11 PIN 209
INST gameplay_screen__GB11 PIN 210: INST gameplay_screen__GB10 PIN 778 TYPE 0 GENOME gameplay_screen__GB11 PIN 210
INST gameplay_screen__GB11 PIN 211: INST gameplay_screen__GB10 PIN 779 TYPE 0 GENOME gameplay_screen__GB11 PIN 211
INST gameplay_screen__GB11 PIN 212: INST gameplay_screen__GB10 PIN 780 TYPE 0 GENOME gameplay_screen__GB11 PIN 212
INST gameplay_screen__GB11 PIN 213: INST gameplay_screen__GB10 PIN 781 TYPE 0 GENOME gameplay_screen__GB11 PIN 213
INST gameplay_screen__GB11 PIN 214: INST gameplay_screen__GB10 PIN 782 TYPE 0 GENOME gameplay_screen__GB11 PIN 214
INST gameplay_screen__GB11 PIN 215: INST gameplay_screen__GB11 PIN 216 TYPE 2 INST gameplay_screen__GB10 PIN 784 TYPE 4 INST gameplay_screen__GB11 PIN 217 TYPE 2 INST gameplay_screen__GB10 PIN 785 TYPE 4 INST gameplay_screen__GB11 PIN 218 TYPE 2 INST gameplay_screen__GB10 PIN 786 TYPE 4
INST gameplay_screen__GB11 PIN 231: INST gameplay_screen__GB11 PIN 232 TYPE 2 INST gameplay_screen__GB10 PIN 788 TYPE 4 INST gameplay_screen__GB11 PIN 233 TYPE 2 INST gameplay_screen__GB10 PIN 789 TYPE 4 INST gameplay_screen__GB11 PIN 234 TYPE 2 INST gameplay_screen__GB10 PIN 790 TYPE 4
INST gameplay_screen__GB11 PIN 235: INST gameplay_screen__GB10 PIN 791 TYPE 0 GENOME gameplay_screen__GB11 PIN 235
INST gameplay_screen__GB11 PIN 236: INST gameplay_screen__GB10 PIN 792 TYPE 0 GENOME gameplay_screen__GB11 PIN 236
INST gameplay_screen__GB11 PIN 237: INST gameplay_screen__GB10 PIN 793 TYPE 0 GENOME gameplay_screen__GB11 PIN 237
INST gameplay_screen__GB11 PIN 238: INST gameplay_screen__GB10 PIN 794 TYPE 0 GENOME gameplay_screen__GB11 PIN 238
INST gameplay_screen__GB11 PIN 239: INST gameplay_screen__GB10 PIN 795 TYPE 0 GENOME gameplay_screen__GB11 PIN 239
INST gameplay_screen__GB11 PIN 240: INST gameplay_screen__GB10 PIN 796 TYPE 0 GENOME gameplay_screen__GB11 PIN 240
INST gameplay_screen__GB11 PIN 241: INST gameplay_screen__GB10 PIN 797 TYPE 0 GENOME gameplay_screen__GB11 PIN 241
INST gameplay_screen__GB11 PIN 242: INST gameplay_screen__GB10 PIN 798 TYPE 0 GENOME gameplay_screen__GB11 PIN 242
INST gameplay_screen__GB11 PIN 243: INST gameplay_screen__GB11 PIN 244 TYPE 2 INST gameplay_screen__GB10 PIN 800 TYPE 4 INST gameplay_screen__GB11 PIN 245 TYPE 2 INST gameplay_screen__GB10 PIN 801 TYPE 4 INST gameplay_screen__GB11 PIN 246 TYPE 2 INST gameplay_screen__GB10 PIN 802 TYPE 4
INST gameplay_screen__GB11 PIN 247: INST gameplay_screen__GB10 PIN 803 TYPE 0 GENOME gameplay_screen__GB11 PIN 247
INST gameplay_screen__GB11 PIN 248: INST gameplay_screen__GB10 PIN 804 TYPE 0 GENOME gameplay_screen__GB11 PIN 248
INST gameplay_screen__GB11 PIN 249: INST gameplay_screen__GB10 PIN 805 TYPE 0 GENOME gameplay_screen__GB11 PIN 249
INST gameplay_screen__GB11 PIN 250: INST gameplay_screen__GB10 PIN 806 TYPE 0 GENOME gameplay_screen__GB11 PIN 250
INST gameplay_screen__GB11 PIN 251: INST gameplay_screen__GB10 PIN 807 TYPE 0 GENOME gameplay_screen__GB11 PIN 251
INST gameplay_screen__GB11 PIN 252: INST gameplay_screen__GB10 PIN 808 TYPE 0 GENOME gameplay_screen__GB11 PIN 252
INST gameplay_screen__GB11 PIN 253: INST gameplay_screen__GB10 PIN 809 TYPE 0 GENOME gameplay_screen__GB11 PIN 253
INST gameplay_screen__GB11 PIN 254: INST gameplay_screen__GB10 PIN 810 TYPE 0 GENOME gameplay_screen__GB11 PIN 254
INST gameplay_screen__GB11 PIN 327: INST gameplay_screen__GB11 PIN 328 TYPE 2 INST gameplay_screen__GB10 PIN 824 TYPE 4 INST gameplay_screen__GB11 PIN 329 TYPE 2 INST gameplay_screen__GB10 PIN 825 TYPE 4 INST gameplay_screen__GB11 PIN 330 TYPE 2 INST gameplay_screen__GB10 PIN 826 TYPE 4 INST gameplay_screen__GB11 PIN 331 TYPE 2 INST gameplay_screen__GB10 PIN 827 TYPE 4 INST gameplay_screen__GB11 PIN 332 TYPE 2 INST gameplay_screen__GB10 PIN 828 TYPE 4 INST gameplay_screen__GB11 PIN 333 TYPE 2 INST gameplay_screen__GB10 PIN 829 TYPE 4 INST gameplay_screen__GB11 PIN 334 TYPE 2 INST gameplay_screen__GB10 PIN 830 TYPE 4 INST gameplay_screen__GB11 PIN 335 TYPE 2 INST gameplay_screen__GB10 PIN 831 TYPE 4 INST gameplay_screen__GB11 PIN 336 TYPE 2 INST gameplay_screen__GB10 PIN 832 TYPE 4 INST gameplay_screen__GB11 PIN 337 TYPE 2 INST gameplay_screen__GB10 PIN 833 TYPE 4 INST gameplay_screen__GB11 PIN 338 TYPE 2 INST gameplay_screen__GB10 PIN 834 TYPE 4
INST gameplay_screen__GB11 PIN 339: INST gameplay_screen__GB11 PIN 340 TYPE 2 INST gameplay_screen__GB10 PIN 836 TYPE 4 INST gameplay_screen__GB11 PIN 341 TYPE 2 INST gameplay_screen__GB10 PIN 837 TYPE 4 INST gameplay_screen__GB11 PIN 342 TYPE 2 INST gameplay_screen__GB10 PIN 838 TYPE 4 INST gameplay_screen__GB11 PIN 343 TYPE 2 INST gameplay_screen__GB10 PIN 839 TYPE 4 INST gameplay_screen__GB11 PIN 344 TYPE 2 INST gameplay_screen__GB10 PIN 840 TYPE 4 INST gameplay_screen__GB11 PIN 345 TYPE 2 INST gameplay_screen__GB10 PIN 841 TYPE 4 INST gameplay_screen__GB11 PIN 346 TYPE 2 INST gameplay_screen__GB10 PIN 842 TYPE 4 INST gameplay_screen__GB11 PIN 347 TYPE 2 INST gameplay_screen__GB10 PIN 843 TYPE 4 INST gameplay_screen__GB11 PIN 348 TYPE 2 INST gameplay_screen__GB10 PIN 844 TYPE 4 INST gameplay_screen__GB11 PIN 349 TYPE 2 INST gameplay_screen__GB10 PIN 845 TYPE 4 INST gameplay_screen__GB11 PIN 350 TYPE 2 INST gameplay_screen__GB10 PIN 846 TYPE 4
INST gameplay_screen__GB11 PIN 303: INST gameplay_screen__GB11 PIN 304 TYPE 2 INST gameplay_screen__GB10 PIN 848 TYPE 4 INST gameplay_screen__GB11 PIN 305 TYPE 2 INST gameplay_screen__GB10 PIN 849 TYPE 4 INST gameplay_screen__GB11 PIN 306 TYPE 2 INST gameplay_screen__GB10 PIN 850 TYPE 4 INST gameplay_screen__GB11 PIN 307 TYPE 2 INST gameplay_screen__GB10 PIN 851 TYPE 4 INST gameplay_screen__GB11 PIN 308 TYPE 2 INST gameplay_screen__GB10 PIN 852 TYPE 4 INST gameplay_screen__GB11 PIN 309 TYPE 2 INST gameplay_screen__GB10 PIN 853 TYPE 4 INST gameplay_screen__GB11 PIN 310 TYPE 2 INST gameplay_screen__GB10 PIN 854 TYPE 4 INST gameplay_screen__GB11 PIN 311 TYPE 2 INST gameplay_screen__GB10 PIN 855 TYPE 4 INST gameplay_screen__GB11 PIN 312 TYPE 2 INST gameplay_screen__GB10 PIN 856 TYPE 4 INST gameplay_screen__GB11 PIN 313 TYPE 2 INST gameplay_screen__GB10 PIN 857 TYPE 4 INST gameplay_screen__GB11 PIN 314 TYPE 2 INST gameplay_screen__GB10 PIN 858 TYPE 4
INST gameplay_screen__GB11 PIN 315: INST gameplay_screen__GB11 PIN 316 TYPE 2 INST gameplay_screen__GB10 PIN 872 TYPE 4 INST gameplay_screen__GB11 PIN 317 TYPE 2 INST gameplay_screen__GB10 PIN 873 TYPE 4 INST gameplay_screen__GB11 PIN 318 TYPE 2 INST gameplay_screen__GB10 PIN 874 TYPE 4 INST gameplay_screen__GB11 PIN 319 TYPE 2 INST gameplay_screen__GB10 PIN 875 TYPE 4 INST gameplay_screen__GB11 PIN 320 TYPE 2 INST gameplay_screen__GB10 PIN 876 TYPE 4 INST gameplay_screen__GB11 PIN 321 TYPE 2 INST gameplay_screen__GB10 PIN 877 TYPE 4 INST gameplay_screen__GB11 PIN 322 TYPE 2 INST gameplay_screen__GB10 PIN 878 TYPE 4 INST gameplay_screen__GB11 PIN 323 TYPE 2 INST gameplay_screen__GB10 PIN 879 TYPE 4 INST gameplay_screen__GB11 PIN 324 TYPE 2 INST gameplay_screen__GB10 PIN 880 TYPE 4 INST gameplay_screen__GB11 PIN 325 TYPE 2 INST gameplay_screen__GB10 PIN 881 TYPE 4 INST gameplay_screen__GB11 PIN 326 TYPE 2 INST gameplay_screen__GB10 PIN 882 TYPE 4
INST gameplay_screen__GB11 PIN 53: GENOME gameplay_screen__GB11 PIN 53
INST gameplay_screen__GB11 PIN 54: GENOME gameplay_screen__GB11 PIN 54
INST gameplay_screen__GB11 PIN 55: GENOME gameplay_screen__GB11 PIN 55
INST gameplay_screen__GB11 PIN 76: GENOME gameplay_screen__GB11 PIN 76
INST gameplay_screen__GB11 PIN 77: GENOME gameplay_screen__GB11 PIN 77
INST gameplay_screen__GB11 PIN 78: GENOME gameplay_screen__GB11 PIN 78
INST gameplay_screen__GB11 PIN 88: GENOME gameplay_screen__GB11 PIN 88
INST gameplay_screen__GB11 PIN 89: GENOME gameplay_screen__GB11 PIN 89
INST gameplay_screen__GB11 PIN 90: GENOME gameplay_screen__GB11 PIN 90
INST gameplay_screen__GB11 PIN 108: GENOME gameplay_screen__GB11 PIN 108
INST gameplay_screen__GB11 PIN 109: GENOME gameplay_screen__GB11 PIN 109
INST gameplay_screen__GB11 PIN 110: GENOME gameplay_screen__GB11 PIN 110
INST gameplay_screen__GB11 PIN 112: GENOME gameplay_screen__GB11 PIN 112
INST gameplay_screen__GB11 PIN 113: GENOME gameplay_screen__GB11 PIN 113
INST gameplay_screen__GB11 PIN 114: GENOME gameplay_screen__GB11 PIN 114
INST gameplay_screen__GB11 PIN 124: GENOME gameplay_screen__GB11 PIN 124
INST gameplay_screen__GB11 PIN 125: GENOME gameplay_screen__GB11 PIN 125
INST gameplay_screen__GB11 PIN 126: GENOME gameplay_screen__GB11 PIN 126
INST gameplay_screen__GB11 PIN 136: GENOME gameplay_screen__GB11 PIN 136
INST gameplay_screen__GB11 PIN 137: GENOME gameplay_screen__GB11 PIN 137
INST gameplay_screen__GB11 PIN 138: GENOME gameplay_screen__GB11 PIN 138
INST gameplay_screen__GB11 PIN 156: GENOME gameplay_screen__GB11 PIN 156
INST gameplay_screen__GB11 PIN 157: GENOME gameplay_screen__GB11 PIN 157
INST gameplay_screen__GB11 PIN 158: GENOME gameplay_screen__GB11 PIN 158
INST gameplay_screen__GB11 PIN 160: GENOME gameplay_screen__GB11 PIN 160
INST gameplay_screen__GB11 PIN 161: GENOME gameplay_screen__GB11 PIN 161
INST gameplay_screen__GB11 PIN 162: GENOME gameplay_screen__GB11 PIN 162
INST gameplay_screen__GB11 PIN 172: GENOME gameplay_screen__GB11 PIN 172
INST gameplay_screen__GB11 PIN 173: GENOME gameplay_screen__GB11 PIN 173
INST gameplay_screen__GB11 PIN 174: GENOME gameplay_screen__GB11 PIN 174
INST gameplay_screen__GB11 PIN 192: GENOME gameplay_screen__GB11 PIN 192
INST gameplay_screen__GB11 PIN 193: GENOME gameplay_screen__GB11 PIN 193
INST gameplay_screen__GB11 PIN 194: GENOME gameplay_screen__GB11 PIN 194
INST gameplay_screen__GB11 PIN 196: GENOME gameplay_screen__GB11 PIN 196
INST gameplay_screen__GB11 PIN 197: GENOME gameplay_screen__GB11 PIN 197
INST gameplay_screen__GB11 PIN 198: GENOME gameplay_screen__GB11 PIN 198
INST gameplay_screen__GB11 PIN 216: GENOME gameplay_screen__GB11 PIN 216
INST gameplay_screen__GB11 PIN 217: GENOME gameplay_screen__GB11 PIN 217
INST gameplay_screen__GB11 PIN 218: GENOME gameplay_screen__GB11 PIN 218
INST gameplay_screen__GB11 PIN 220: GENOME gameplay_screen__GB11 PIN 220
INST gameplay_screen__GB11 PIN 221: GENOME gameplay_screen__GB11 PIN 221
INST gameplay_screen__GB11 PIN 222: GENOME gameplay_screen__GB11 PIN 222
INST gameplay_screen__GB11 PIN 232: GENOME gameplay_screen__GB11 PIN 232
INST gameplay_screen__GB11 PIN 233: GENOME gameplay_screen__GB11 PIN 233
INST gameplay_screen__GB11 PIN 234: GENOME gameplay_screen__GB11 PIN 234
INST gameplay_screen__GB11 PIN 244: GENOME gameplay_screen__GB11 PIN 244
INST gameplay_screen__GB11 PIN 245: GENOME gameplay_screen__GB11 PIN 245
INST gameplay_screen__GB11 PIN 246: GENOME gameplay_screen__GB11 PIN 246
INST gameplay_screen__GB11 PIN 256: GENOME gameplay_screen__GB11 PIN 256
INST gameplay_screen__GB11 PIN 257: GENOME gameplay_screen__GB11 PIN 257
INST gameplay_screen__GB11 PIN 258: GENOME gameplay_screen__GB11 PIN 258
INST gameplay_screen__GB11 PIN 268: GENOME gameplay_screen__GB11 PIN 268
INST gameplay_screen__GB11 PIN 269: GENOME gameplay_screen__GB11 PIN 269
INST gameplay_screen__GB11 PIN 270: GENOME gameplay_screen__GB11 PIN 270
INST gameplay_screen__GB11 PIN 280: GENOME gameplay_screen__GB11 PIN 280
INST gameplay_screen__GB11 PIN 281: GENOME gameplay_screen__GB11 PIN 281
INST gameplay_screen__GB11 PIN 282: GENOME gameplay_screen__GB11 PIN 282
INST gameplay_screen__GB11 PIN 292: GENOME gameplay_screen__GB11 PIN 292
INST gameplay_screen__GB11 PIN 293: GENOME gameplay_screen__GB11 PIN 293
INST gameplay_screen__GB11 PIN 294: GENOME gameplay_screen__GB11 PIN 294
INST gameplay_screen__GB11 PIN 304: GENOME gameplay_screen__GB11 PIN 304
INST gameplay_screen__GB11 PIN 305: GENOME gameplay_screen__GB11 PIN 305
INST gameplay_screen__GB11 PIN 306: GENOME gameplay_screen__GB11 PIN 306
INST gameplay_screen__GB11 PIN 307: GENOME gameplay_screen__GB11 PIN 307
INST gameplay_screen__GB11 PIN 308: GENOME gameplay_screen__GB11 PIN 308
INST gameplay_screen__GB11 PIN 309: GENOME gameplay_screen__GB11 PIN 309
INST gameplay_screen__GB11 PIN 310: GENOME gameplay_screen__GB11 PIN 310
INST gameplay_screen__GB11 PIN 311: GENOME gameplay_screen__GB11 PIN 311
INST gameplay_screen__GB11 PIN 312: GENOME gameplay_screen__GB11 PIN 312
INST gameplay_screen__GB11 PIN 313: GENOME gameplay_screen__GB11 PIN 313
INST gameplay_screen__GB11 PIN 314: GENOME gameplay_screen__GB11 PIN 314
INST gameplay_screen__GB11 PIN 316: GENOME gameplay_screen__GB11 PIN 316
INST gameplay_screen__GB11 PIN 317: GENOME gameplay_screen__GB11 PIN 317
INST gameplay_screen__GB11 PIN 318: GENOME gameplay_screen__GB11 PIN 318
INST gameplay_screen__GB11 PIN 319: GENOME gameplay_screen__GB11 PIN 319
INST gameplay_screen__GB11 PIN 320: GENOME gameplay_screen__GB11 PIN 320
INST gameplay_screen__GB11 PIN 321: GENOME gameplay_screen__GB11 PIN 321
INST gameplay_screen__GB11 PIN 322: GENOME gameplay_screen__GB11 PIN 322
INST gameplay_screen__GB11 PIN 323: GENOME gameplay_screen__GB11 PIN 323
INST gameplay_screen__GB11 PIN 324: GENOME gameplay_screen__GB11 PIN 324
INST gameplay_screen__GB11 PIN 325: GENOME gameplay_screen__GB11 PIN 325
INST gameplay_screen__GB11 PIN 326: GENOME gameplay_screen__GB11 PIN 326
INST gameplay_screen__GB11 PIN 328: GENOME gameplay_screen__GB11 PIN 328
INST gameplay_screen__GB11 PIN 329: GENOME gameplay_screen__GB11 PIN 329
INST gameplay_screen__GB11 PIN 330: GENOME gameplay_screen__GB11 PIN 330
INST gameplay_screen__GB11 PIN 331: GENOME gameplay_screen__GB11 PIN 331
INST gameplay_screen__GB11 PIN 332: GENOME gameplay_screen__GB11 PIN 332
INST gameplay_screen__GB11 PIN 333: GENOME gameplay_screen__GB11 PIN 333
INST gameplay_screen__GB11 PIN 334: GENOME gameplay_screen__GB11 PIN 334
INST gameplay_screen__GB11 PIN 335: GENOME gameplay_screen__GB11 PIN 335
INST gameplay_screen__GB11 PIN 336: GENOME gameplay_screen__GB11 PIN 336
INST gameplay_screen__GB11 PIN 337: GENOME gameplay_screen__GB11 PIN 337
INST gameplay_screen__GB11 PIN 338: GENOME gameplay_screen__GB11 PIN 338
INST gameplay_screen__GB11 PIN 340: GENOME gameplay_screen__GB11 PIN 340
INST gameplay_screen__GB11 PIN 341: GENOME gameplay_screen__GB11 PIN 341
INST gameplay_screen__GB11 PIN 342: GENOME gameplay_screen__GB11 PIN 342
INST gameplay_screen__GB11 PIN 343: GENOME gameplay_screen__GB11 PIN 343
INST gameplay_screen__GB11 PIN 344: GENOME gameplay_screen__GB11 PIN 344
INST gameplay_screen__GB11 PIN 345: GENOME gameplay_screen__GB11 PIN 345
INST gameplay_screen__GB11 PIN 346: GENOME gameplay_screen__GB11 PIN 346
INST gameplay_screen__GB11 PIN 347: GENOME gameplay_screen__GB11 PIN 347
INST gameplay_screen__GB11 PIN 348: GENOME gameplay_screen__GB11 PIN 348
INST gameplay_screen__GB11 PIN 349: GENOME gameplay_screen__GB11 PIN 349
INST gameplay_screen__GB11 PIN 350: GENOME gameplay_screen__GB11 PIN 350
INST gameplay_screen__GB9 PIN 56: GENOME gameplay_screen__GB9 PIN 56
INST gameplay_screen__GB9 PIN 80: GENOME gameplay_screen__GB9 PIN 80
INST gameplay_screen__GB9 PIN 319: GENOME gameplay_screen__GB9 PIN 319
INST gameplay_screen__GB9 PIN 320: GENOME gameplay_screen__GB9 PIN 320
INST gameplay_screen__GB9 PIN 321: GENOME gameplay_screen__GB9 PIN 321
INST gameplay_screen__GB9 PIN 322: GENOME gameplay_screen__GB9 PIN 322
INST gameplay_screen__GB9 PIN 323: GENOME gameplay_screen__GB9 PIN 323
INST gameplay_screen__GB9 PIN 324: GENOME gameplay_screen__GB9 PIN 324
INST gameplay_screen__GB9 PIN 325: GENOME gameplay_screen__GB9 PIN 325
INST gameplay_screen__GB9 PIN 326: GENOME gameplay_screen__GB9 PIN 326
INST gameplay_screen__GB9 PIN 327: GENOME gameplay_screen__GB9 PIN 327
INST gameplay_screen__GB9 PIN 328: GENOME gameplay_screen__GB9 PIN 328
INST gameplay_screen__GB9 PIN 329: GENOME gameplay_screen__GB9 PIN 329
INST gameplay_screen__GB9 PIN 330: GENOME gameplay_screen__GB9 PIN 330
INST gameplay_screen__GB9 PIN 331: GENOME gameplay_screen__GB9 PIN 331
INST gameplay_screen__GB9 PIN 332: GENOME gameplay_screen__GB9 PIN 332
INST gameplay_screen__GB9 PIN 333: GENOME gameplay_screen__GB9 PIN 333
INST gameplay_screen__GB9 PIN 334: GENOME gameplay_screen__GB9 PIN 334
INST gameplay_screen__GB9 PIN 335: GENOME gameplay_screen__GB9 PIN 335
INST gameplay_screen__GB9 PIN 336: GENOME gameplay_screen__GB9 PIN 336
INST gameplay_screen__GB9 PIN 337: GENOME gameplay_screen__GB9 PIN 337
INST gameplay_screen__GB9 PIN 338: GENOME gameplay_screen__GB9 PIN 338
INST gameplay_screen__GB9 PIN 339: GENOME gameplay_screen__GB9 PIN 339
INST gameplay_screen__GB9 PIN 340: GENOME gameplay_screen__GB9 PIN 340
INST top_level__GC0 PIN 102: GENOME top_level__GC0 PIN 102 INST top_level__GC0 PIN 38 TYPE 5
INST top_level__GC0 PIN 38: GENOME top_level__GC0 PIN 38
INST top_level__GC0 PIN 103: GENOME top_level__GC0 PIN 103 INST top_level__GC0 PIN 37 TYPE 5
INST top_level__GC0 PIN 37: GENOME top_level__GC0 PIN 37
INST top_level__GC0 PIN 104: GENOME top_level__GC0 PIN 104 INST top_level__GC0 PIN 39 TYPE 5
INST top_level__GC0 PIN 39: GENOME top_level__GC0 PIN 39
GENOME NON_GENOME PIN 38: GENOME NON_GENOME PIN 102
GENOME NON_GENOME PIN 102: GENOME NON_GENOME PIN 38
GENOME NON_GENOME PIN 37: GENOME NON_GENOME PIN 103
GENOME NON_GENOME PIN 103: GENOME NON_GENOME PIN 37
GENOME NON_GENOME PIN 39: GENOME NON_GENOME PIN 104
GENOME NON_GENOME PIN 104: GENOME NON_GENOME PIN 39
INST gameplay_screen__GB9 PIN 34: INST gameplay_screen__GB8 PIN 329 TYPE 0 GENOME gameplay_screen__GB9 PIN 34
INST gameplay_screen__GB9 PIN 35: INST gameplay_screen__GB8 PIN 330 TYPE 0 GENOME gameplay_screen__GB9 PIN 35
INST gameplay_screen__GB9 PIN 36: INST gameplay_screen__GB8 PIN 331 TYPE 0 GENOME gameplay_screen__GB9 PIN 36
INST gameplay_screen__GB9 PIN 37: INST gameplay_screen__GB8 PIN 332 TYPE 0 GENOME gameplay_screen__GB9 PIN 37
INST gameplay_screen__GB9 PIN 38: INST gameplay_screen__GB8 PIN 333 TYPE 1 GENOME gameplay_screen__GB9 PIN 38
INST gameplay_screen__GB9 PIN 39: INST gameplay_screen__GB8 PIN 334 TYPE 1 GENOME gameplay_screen__GB9 PIN 39
INST gameplay_screen__GB9 PIN 40: INST gameplay_screen__GB8 PIN 335 TYPE 0 GENOME gameplay_screen__GB9 PIN 40
INST gameplay_screen__GB9 PIN 41: INST gameplay_screen__GB8 PIN 336 TYPE 0 GENOME gameplay_screen__GB9 PIN 41
INST gameplay_screen__GB9 PIN 42: INST gameplay_screen__GB8 PIN 337 TYPE 1 GENOME gameplay_screen__GB9 PIN 42
INST gameplay_screen__GB9 PIN 43: INST gameplay_screen__GB8 PIN 338 TYPE 1 GENOME gameplay_screen__GB9 PIN 43
INST gameplay_screen__GB9 PIN 23: INST gameplay_screen__GB8 PIN 340 TYPE 0 GENOME gameplay_screen__GB9 PIN 23
INST gameplay_screen__GB9 PIN 24: INST gameplay_screen__GB8 PIN 341 TYPE 0 GENOME gameplay_screen__GB9 PIN 24
INST gameplay_screen__GB9 PIN 25: INST gameplay_screen__GB8 PIN 342 TYPE 0 GENOME gameplay_screen__GB9 PIN 25
INST gameplay_screen__GB9 PIN 26: INST gameplay_screen__GB8 PIN 343 TYPE 1 GENOME gameplay_screen__GB9 PIN 26
INST gameplay_screen__GB9 PIN 27: INST gameplay_screen__GB8 PIN 344 TYPE 0 GENOME gameplay_screen__GB9 PIN 27
INST gameplay_screen__GB9 PIN 28: INST gameplay_screen__GB8 PIN 345 TYPE 0 GENOME gameplay_screen__GB9 PIN 28
INST gameplay_screen__GB9 PIN 29: INST gameplay_screen__GB8 PIN 346 TYPE 0 GENOME gameplay_screen__GB9 PIN 29
INST gameplay_screen__GB9 PIN 30: INST gameplay_screen__GB8 PIN 347 TYPE 0 GENOME gameplay_screen__GB9 PIN 30
INST gameplay_screen__GB9 PIN 31: INST gameplay_screen__GB8 PIN 348 TYPE 1 GENOME gameplay_screen__GB9 PIN 31
INST gameplay_screen__GB9 PIN 11: INST gameplay_screen__GB8 PIN 351 TYPE 0 GENOME gameplay_screen__GB9 PIN 11
INST gameplay_screen__GB9 PIN 12: INST gameplay_screen__GB8 PIN 352 TYPE 0 GENOME gameplay_screen__GB9 PIN 12
INST gameplay_screen__GB9 PIN 13: INST gameplay_screen__GB8 PIN 353 TYPE 0 GENOME gameplay_screen__GB9 PIN 13
INST gameplay_screen__GB9 PIN 14: INST gameplay_screen__GB8 PIN 354 TYPE 0 GENOME gameplay_screen__GB9 PIN 14
INST gameplay_screen__GB9 PIN 15: INST gameplay_screen__GB8 PIN 355 TYPE 0 GENOME gameplay_screen__GB9 PIN 15
INST gameplay_screen__GB9 PIN 16: INST gameplay_screen__GB8 PIN 356 TYPE 0 GENOME gameplay_screen__GB9 PIN 16
INST gameplay_screen__GB9 PIN 17: INST gameplay_screen__GB8 PIN 357 TYPE 0 GENOME gameplay_screen__GB9 PIN 17
INST gameplay_screen__GB9 PIN 18: INST gameplay_screen__GB8 PIN 358 TYPE 1 GENOME gameplay_screen__GB9 PIN 18
INST gameplay_screen__GB9 PIN 19: INST gameplay_screen__GB8 PIN 359 TYPE 1 GENOME gameplay_screen__GB9 PIN 19
INST gameplay_screen__GB9 PIN 20: INST gameplay_screen__GB8 PIN 360 TYPE 0 GENOME gameplay_screen__GB9 PIN 20
INST gameplay_screen__GB9 PIN 0: INST gameplay_screen__GB8 PIN 362 TYPE 0 GENOME gameplay_screen__GB9 PIN 0
INST gameplay_screen__GB9 PIN 1: INST gameplay_screen__GB8 PIN 363 TYPE 0 GENOME gameplay_screen__GB9 PIN 1
INST gameplay_screen__GB9 PIN 2: INST gameplay_screen__GB8 PIN 364 TYPE 0 GENOME gameplay_screen__GB9 PIN 2
INST gameplay_screen__GB9 PIN 3: INST gameplay_screen__GB8 PIN 365 TYPE 0 GENOME gameplay_screen__GB9 PIN 3
INST gameplay_screen__GB9 PIN 4: INST gameplay_screen__GB8 PIN 366 TYPE 0 GENOME gameplay_screen__GB9 PIN 4
INST gameplay_screen__GB9 PIN 5: INST gameplay_screen__GB8 PIN 367 TYPE 1 GENOME gameplay_screen__GB9 PIN 5
INST gameplay_screen__GB9 PIN 6: INST gameplay_screen__GB8 PIN 368 TYPE 0 GENOME gameplay_screen__GB9 PIN 6
INST gameplay_screen__GB9 PIN 7: INST gameplay_screen__GB8 PIN 369 TYPE 1 GENOME gameplay_screen__GB9 PIN 7
INST gameplay_screen__GB9 PIN 8: INST gameplay_screen__GB8 PIN 370 TYPE 1 GENOME gameplay_screen__GB9 PIN 8
