#-----------------------------------------------------------
# Vivado v2019.2 (64-bit)
# SW Build 2708876 on Wed Nov  6 21:40:23 MST 2019
# IP Build 2700528 on Thu Nov  7 00:09:20 MST 2019
# Start of session at: Sun Jan 23 20:45:52 2022
# Process ID: 1948
# Current directory: C:/Users/fabianv/OneDrive - Massachusetts Institute of Technology/Classes/IAP 2022/6.S193/Labs/iap_project
# Command line: vivado.exe -gui_launcher_event rodinguilauncherevent20152 C:\Users\fabianv\OneDrive - Massachusetts Institute of Technology\Classes\IAP 2022\6.S193\Labs\iap_project\iap_project.xpr
# Log file: C:/Users/fabianv/OneDrive - Massachusetts Institute of Technology/Classes/IAP 2022/6.S193/Labs/iap_project/vivado.log
# Journal file: C:/Users/fabianv/OneDrive - Massachusetts Institute of Technology/Classes/IAP 2022/6.S193/Labs/iap_project\vivado.jou
#-----------------------------------------------------------
start_gui
open_project {C:/Users/fabianv/OneDrive - Massachusetts Institute of Technology/Classes/IAP 2022/6.S193/Labs/iap_project/iap_project.xpr}
INFO: [ProjectBase 1-489] The host OS only allows 260 characters in a normal path. The project is stored in a path with more than 80 characters. If you experience issues with IP, Block Designs, or files not being found, please consider moving the project to a location with a shorter path. Alternately consider using the OS subst command to map part of the path to a drive letter.
Current project path is 'C:/Users/fabianv/OneDrive - Massachusetts Institute of Technology/Classes/IAP 2022/6.S193/Labs/iap_project'
Scanning sources...
Finished scanning sources
INFO: [IP_Flow 19-234] Refreshing IP repositories
INFO: [IP_Flow 19-1704] No user IP repositories specified
INFO: [IP_Flow 19-2313] Loaded Vivado IP repository 'C:/Xilinx/Vivado/2019.2/data/ip'.
INFO: [Common 17-41] Interrupt caught. Command should exit soon.
INFO: [Common 17-344] 'open_project' was cancelled
exit
INFO: [Common 17-206] Exiting Vivado at Sun Jan 23 20:46:06 2022...
