GENOME NON_GENOME PIN 502: GENOME NON_GENOME PIN 12
GENOME NON_GENOME PIN 12: GENOME NON_GENOME PIN 502
GENOME NON_GENOME PIN 42: GENOME NON_GENOME PIN 25
GENOME NON_GENOME PIN 25: GENOME NON_GENOME PIN 42
GENOME NON_GENOME PIN 563: GENOME NON_GENOME PIN 52
GENOME NON_GENOME PIN 52: GENOME NON_GENOME PIN 563 GENOME NON_GENOME PIN 121
GENOME NON_GENOME PIN 564: GENOME NON_GENOME PIN 53
GENOME NON_GENOME PIN 53: GENOME NON_GENOME PIN 564
GENOME NON_GENOME PIN 81: GENOME NON_GENOME PIN 84 GENOME NON_GENOME PIN 6 GENOME NON_GENOME PIN 80
GENOME NON_GENOME PIN 84: GENOME NON_GENOME PIN 81 GENOME NON_GENOME PIN 21
GENOME NON_GENOME PIN 82: GENOME NON_GENOME PIN 85 GENOME NON_GENOME PIN 19 GENOME NON_GENOME PIN 80
GENOME NON_GENOME PIN 85: GENOME NON_GENOME PIN 82 GENOME NON_GENOME PIN 45
GENOME NON_GENOME PIN 83: GENOME NON_GENOME PIN 87 GENOME NON_GENOME PIN 20 GENOME NON_GENOME PIN 80
GENOME NON_GENOME PIN 87: GENOME NON_GENOME PIN 83 GENOME NON_GENOME PIN 27
GENOME NON_GENOME PIN 69: GENOME NON_GENOME PIN 105 GENOME NON_GENOME PIN 68
GENOME NON_GENOME PIN 105: GENOME NON_GENOME PIN 69
GENOME NON_GENOME PIN 68: GENOME NON_GENOME PIN 108 GENOME NON_GENOME PIN 69 GENOME NON_GENOME PIN 70 GENOME NON_GENOME PIN 71
GENOME NON_GENOME PIN 108: GENOME NON_GENOME PIN 68
GENOME NON_GENOME PIN 117: GENOME NON_GENOME PIN 118 GENOME NON_GENOME PIN 119 GENOME NON_GENOME PIN 120
GENOME NON_GENOME PIN 118: GENOME NON_GENOME PIN 117 GENOME NON_GENOME PIN 23
GENOME NON_GENOME PIN 119: GENOME NON_GENOME PIN 117
GENOME NON_GENOME PIN 120: GENOME NON_GENOME PIN 117
GENOME NON_GENOME PIN 129: GENOME NON_GENOME PIN 130 GENOME NON_GENOME PIN 131 GENOME NON_GENOME PIN 132 GENOME NON_GENOME PIN 122
GENOME NON_GENOME PIN 130: GENOME NON_GENOME PIN 129 GENOME NON_GENOME PIN 122
GENOME NON_GENOME PIN 131: GENOME NON_GENOME PIN 129 GENOME NON_GENOME PIN 122
GENOME NON_GENOME PIN 132: GENOME NON_GENOME PIN 129 GENOME NON_GENOME PIN 122
GENOME NON_GENOME PIN 141: GENOME NON_GENOME PIN 142 GENOME NON_GENOME PIN 143 GENOME NON_GENOME PIN 144
GENOME NON_GENOME PIN 142: GENOME NON_GENOME PIN 141
GENOME NON_GENOME PIN 143: GENOME NON_GENOME PIN 141
GENOME NON_GENOME PIN 144: GENOME NON_GENOME PIN 141
GENOME NON_GENOME PIN 153: GENOME NON_GENOME PIN 154 GENOME NON_GENOME PIN 155 GENOME NON_GENOME PIN 156
GENOME NON_GENOME PIN 154: GENOME NON_GENOME PIN 153 GENOME NON_GENOME PIN 34
GENOME NON_GENOME PIN 155: GENOME NON_GENOME PIN 153 GENOME NON_GENOME PIN 156 GENOME NON_GENOME PIN 157 GENOME NON_GENOME PIN 158 GENOME NON_GENOME PIN 159 GENOME NON_GENOME PIN 160 GENOME NON_GENOME PIN 161 GENOME NON_GENOME PIN 162 GENOME NON_GENOME PIN 163 GENOME NON_GENOME PIN 164 GENOME NON_GENOME PIN 165 GENOME NON_GENOME PIN 166
GENOME NON_GENOME PIN 156: GENOME NON_GENOME PIN 153 GENOME NON_GENOME PIN 155
GENOME NON_GENOME PIN 167: GENOME NON_GENOME PIN 168 GENOME NON_GENOME PIN 169 GENOME NON_GENOME PIN 170
GENOME NON_GENOME PIN 168: GENOME NON_GENOME PIN 167
GENOME NON_GENOME PIN 169: GENOME NON_GENOME PIN 167 GENOME NON_GENOME PIN 17
GENOME NON_GENOME PIN 170: GENOME NON_GENOME PIN 167 GENOME NON_GENOME PIN 26
GENOME NON_GENOME PIN 171: GENOME NON_GENOME PIN 172 GENOME NON_GENOME PIN 173 GENOME NON_GENOME PIN 174
GENOME NON_GENOME PIN 172: GENOME NON_GENOME PIN 171
GENOME NON_GENOME PIN 173: GENOME NON_GENOME PIN 171
GENOME NON_GENOME PIN 174: GENOME NON_GENOME PIN 171 GENOME NON_GENOME PIN 185
GENOME NON_GENOME PIN 183: GENOME NON_GENOME PIN 184 GENOME NON_GENOME PIN 185 GENOME NON_GENOME PIN 186 GENOME NON_GENOME PIN 180
GENOME NON_GENOME PIN 184: GENOME NON_GENOME PIN 183 GENOME NON_GENOME PIN 180
GENOME NON_GENOME PIN 185: GENOME NON_GENOME PIN 183 GENOME NON_GENOME PIN 180 GENOME NON_GENOME PIN 174
GENOME NON_GENOME PIN 186: GENOME NON_GENOME PIN 183 GENOME NON_GENOME PIN 180
GENOME NON_GENOME PIN 195: GENOME NON_GENOME PIN 196 GENOME NON_GENOME PIN 197 GENOME NON_GENOME PIN 198 GENOME NON_GENOME PIN 192
GENOME NON_GENOME PIN 196: GENOME NON_GENOME PIN 195 GENOME NON_GENOME PIN 192 GENOME NON_GENOME PIN 207
GENOME NON_GENOME PIN 197: GENOME NON_GENOME PIN 195 GENOME NON_GENOME PIN 192
GENOME NON_GENOME PIN 198: GENOME NON_GENOME PIN 195 GENOME NON_GENOME PIN 192
GENOME NON_GENOME PIN 207: GENOME NON_GENOME PIN 208 GENOME NON_GENOME PIN 209 GENOME NON_GENOME PIN 210 GENOME NON_GENOME PIN 204 GENOME NON_GENOME PIN 196
GENOME NON_GENOME PIN 208: GENOME NON_GENOME PIN 207 GENOME NON_GENOME PIN 204
GENOME NON_GENOME PIN 209: GENOME NON_GENOME PIN 207 GENOME NON_GENOME PIN 204
GENOME NON_GENOME PIN 210: GENOME NON_GENOME PIN 207 GENOME NON_GENOME PIN 204
GENOME NON_GENOME PIN 219: GENOME NON_GENOME PIN 220 GENOME NON_GENOME PIN 221 GENOME NON_GENOME PIN 222
GENOME NON_GENOME PIN 220: GENOME NON_GENOME PIN 219
GENOME NON_GENOME PIN 221: GENOME NON_GENOME PIN 219
GENOME NON_GENOME PIN 222: GENOME NON_GENOME PIN 219
GENOME NON_GENOME PIN 231: GENOME NON_GENOME PIN 232 GENOME NON_GENOME PIN 233 GENOME NON_GENOME PIN 234
GENOME NON_GENOME PIN 232: GENOME NON_GENOME PIN 231
GENOME NON_GENOME PIN 233: GENOME NON_GENOME PIN 231
GENOME NON_GENOME PIN 234: GENOME NON_GENOME PIN 231
GENOME NON_GENOME PIN 243: GENOME NON_GENOME PIN 244 GENOME NON_GENOME PIN 245 GENOME NON_GENOME PIN 246 GENOME NON_GENOME PIN 247 GENOME NON_GENOME PIN 248 GENOME NON_GENOME PIN 249 GENOME NON_GENOME PIN 250 GENOME NON_GENOME PIN 251 GENOME NON_GENOME PIN 252 GENOME NON_GENOME PIN 253 GENOME NON_GENOME PIN 254 GENOME NON_GENOME PIN 3
GENOME NON_GENOME PIN 244: GENOME NON_GENOME PIN 243 GENOME NON_GENOME PIN 2
GENOME NON_GENOME PIN 245: GENOME NON_GENOME PIN 243 GENOME NON_GENOME PIN 1
GENOME NON_GENOME PIN 246: GENOME NON_GENOME PIN 243 GENOME NON_GENOME PIN 0
GENOME NON_GENOME PIN 247: GENOME NON_GENOME PIN 243
GENOME NON_GENOME PIN 248: GENOME NON_GENOME PIN 243 GENOME NON_GENOME PIN 5 GENOME NON_GENOME PIN 123
GENOME NON_GENOME PIN 249: GENOME NON_GENOME PIN 243 GENOME NON_GENOME PIN 15 GENOME NON_GENOME PIN 124
GENOME NON_GENOME PIN 250: GENOME NON_GENOME PIN 243 GENOME NON_GENOME PIN 16
GENOME NON_GENOME PIN 251: GENOME NON_GENOME PIN 243 GENOME NON_GENOME PIN 39
GENOME NON_GENOME PIN 252: GENOME NON_GENOME PIN 243
GENOME NON_GENOME PIN 253: GENOME NON_GENOME PIN 243
GENOME NON_GENOME PIN 254: GENOME NON_GENOME PIN 243
GENOME NON_GENOME PIN 255: GENOME NON_GENOME PIN 256 GENOME NON_GENOME PIN 257 GENOME NON_GENOME PIN 258 GENOME NON_GENOME PIN 259 GENOME NON_GENOME PIN 260 GENOME NON_GENOME PIN 261 GENOME NON_GENOME PIN 262 GENOME NON_GENOME PIN 263 GENOME NON_GENOME PIN 264 GENOME NON_GENOME PIN 265 GENOME NON_GENOME PIN 266
GENOME NON_GENOME PIN 256: GENOME NON_GENOME PIN 255
GENOME NON_GENOME PIN 257: GENOME NON_GENOME PIN 255
GENOME NON_GENOME PIN 258: GENOME NON_GENOME PIN 255
GENOME NON_GENOME PIN 259: GENOME NON_GENOME PIN 255
GENOME NON_GENOME PIN 260: GENOME NON_GENOME PIN 255
GENOME NON_GENOME PIN 261: GENOME NON_GENOME PIN 255
GENOME NON_GENOME PIN 262: GENOME NON_GENOME PIN 255
GENOME NON_GENOME PIN 263: GENOME NON_GENOME PIN 255
GENOME NON_GENOME PIN 264: GENOME NON_GENOME PIN 255
GENOME NON_GENOME PIN 265: GENOME NON_GENOME PIN 255
GENOME NON_GENOME PIN 266: GENOME NON_GENOME PIN 255
GENOME NON_GENOME PIN 267: GENOME NON_GENOME PIN 268 GENOME NON_GENOME PIN 269 GENOME NON_GENOME PIN 270 GENOME NON_GENOME PIN 271 GENOME NON_GENOME PIN 272 GENOME NON_GENOME PIN 273 GENOME NON_GENOME PIN 274 GENOME NON_GENOME PIN 275 GENOME NON_GENOME PIN 276 GENOME NON_GENOME PIN 277 GENOME NON_GENOME PIN 278
GENOME NON_GENOME PIN 268: GENOME NON_GENOME PIN 267
GENOME NON_GENOME PIN 269: GENOME NON_GENOME PIN 267
GENOME NON_GENOME PIN 270: GENOME NON_GENOME PIN 267
GENOME NON_GENOME PIN 271: GENOME NON_GENOME PIN 267
GENOME NON_GENOME PIN 272: GENOME NON_GENOME PIN 267
GENOME NON_GENOME PIN 273: GENOME NON_GENOME PIN 267
GENOME NON_GENOME PIN 274: GENOME NON_GENOME PIN 267 GENOME NON_GENOME PIN 101
GENOME NON_GENOME PIN 275: GENOME NON_GENOME PIN 267 GENOME NON_GENOME PIN 102
GENOME NON_GENOME PIN 276: GENOME NON_GENOME PIN 267
GENOME NON_GENOME PIN 277: GENOME NON_GENOME PIN 267
GENOME NON_GENOME PIN 278: GENOME NON_GENOME PIN 267
GENOME NON_GENOME PIN 0: GENOME NON_GENOME PIN 246
GENOME NON_GENOME PIN 1: GENOME NON_GENOME PIN 245
GENOME NON_GENOME PIN 2: GENOME NON_GENOME PIN 244
GENOME NON_GENOME PIN 3: GENOME NON_GENOME PIN 243
GENOME NON_GENOME PIN 242: GENOME NON_GENOME PIN 4
GENOME NON_GENOME PIN 4: GENOME NON_GENOME PIN 242
GENOME NON_GENOME PIN 5: GENOME NON_GENOME PIN 248
GENOME NON_GENOME PIN 15: GENOME NON_GENOME PIN 249
GENOME NON_GENOME PIN 16: GENOME NON_GENOME PIN 250
GENOME NON_GENOME PIN 32: GENOME NON_GENOME PIN 30 GENOME NON_GENOME PIN 21
GENOME NON_GENOME PIN 30: GENOME NON_GENOME PIN 32
GENOME NON_GENOME PIN 39: GENOME NON_GENOME PIN 251 GENOME NON_GENOME PIN 104
GENOME NON_GENOME PIN 18: GENOME NON_GENOME PIN 50
GENOME NON_GENOME PIN 50: GENOME NON_GENOME PIN 18
GENOME NON_GENOME PIN 8: GENOME NON_GENOME PIN 59
GENOME NON_GENOME PIN 59: GENOME NON_GENOME PIN 8
GENOME NON_GENOME PIN 7: GENOME NON_GENOME PIN 80
GENOME NON_GENOME PIN 80: GENOME NON_GENOME PIN 7 GENOME NON_GENOME PIN 81 GENOME NON_GENOME PIN 82 GENOME NON_GENOME PIN 83
GENOME NON_GENOME PIN 6: GENOME NON_GENOME PIN 81
GENOME NON_GENOME PIN 19: GENOME NON_GENOME PIN 82
GENOME NON_GENOME PIN 20: GENOME NON_GENOME PIN 83 GENOME NON_GENOME PIN 31
GENOME NON_GENOME PIN 21: GENOME NON_GENOME PIN 84 GENOME NON_GENOME PIN 10 GENOME NON_GENOME PIN 32
GENOME NON_GENOME PIN 45: GENOME NON_GENOME PIN 85 GENOME NON_GENOME PIN 56 GENOME NON_GENOME PIN 67
GENOME NON_GENOME PIN 22: GENOME NON_GENOME PIN 86
GENOME NON_GENOME PIN 86: GENOME NON_GENOME PIN 22
GENOME NON_GENOME PIN 27: GENOME NON_GENOME PIN 87
GENOME NON_GENOME PIN 31: GENOME NON_GENOME PIN 93 GENOME NON_GENOME PIN 20
GENOME NON_GENOME PIN 93: GENOME NON_GENOME PIN 31
GENOME NON_GENOME PIN 55: GENOME NON_GENOME PIN 110 GENOME NON_GENOME PIN 44
GENOME NON_GENOME PIN 110: GENOME NON_GENOME PIN 55
GENOME NON_GENOME PIN 54: GENOME NON_GENOME PIN 111
GENOME NON_GENOME PIN 111: GENOME NON_GENOME PIN 54
GENOME NON_GENOME PIN 23: GENOME NON_GENOME PIN 118
GENOME NON_GENOME PIN 121: GENOME NON_GENOME PIN 52
GENOME NON_GENOME PIN 122: GENOME NON_GENOME PIN 123 GENOME NON_GENOME PIN 124 GENOME NON_GENOME PIN 125 GENOME NON_GENOME PIN 126 GENOME NON_GENOME PIN 127 GENOME NON_GENOME PIN 128 GENOME NON_GENOME PIN 129 GENOME NON_GENOME PIN 130 GENOME NON_GENOME PIN 131 GENOME NON_GENOME PIN 132 GENOME NON_GENOME PIN 133
GENOME NON_GENOME PIN 123: GENOME NON_GENOME PIN 122 GENOME NON_GENOME PIN 248
GENOME NON_GENOME PIN 124: GENOME NON_GENOME PIN 122 GENOME NON_GENOME PIN 135 GENOME NON_GENOME PIN 249
GENOME NON_GENOME PIN 125: GENOME NON_GENOME PIN 122
GENOME NON_GENOME PIN 126: GENOME NON_GENOME PIN 122
GENOME NON_GENOME PIN 127: GENOME NON_GENOME PIN 122
GENOME NON_GENOME PIN 128: GENOME NON_GENOME PIN 122
GENOME NON_GENOME PIN 133: GENOME NON_GENOME PIN 122
GENOME NON_GENOME PIN 28: GENOME NON_GENOME PIN 148
GENOME NON_GENOME PIN 148: GENOME NON_GENOME PIN 28
GENOME NON_GENOME PIN 146: GENOME NON_GENOME PIN 149
GENOME NON_GENOME PIN 149: GENOME NON_GENOME PIN 146
GENOME NON_GENOME PIN 109: GENOME NON_GENOME PIN 150
GENOME NON_GENOME PIN 150: GENOME NON_GENOME PIN 109
GENOME NON_GENOME PIN 43: GENOME NON_GENOME PIN 152
GENOME NON_GENOME PIN 152: GENOME NON_GENOME PIN 43 GENOME NON_GENOME PIN 163 GENOME NON_GENOME PIN 236
GENOME NON_GENOME PIN 34: GENOME NON_GENOME PIN 154
GENOME NON_GENOME PIN 157: GENOME NON_GENOME PIN 155
GENOME NON_GENOME PIN 158: GENOME NON_GENOME PIN 155
GENOME NON_GENOME PIN 159: GENOME NON_GENOME PIN 155
GENOME NON_GENOME PIN 160: GENOME NON_GENOME PIN 155
GENOME NON_GENOME PIN 161: GENOME NON_GENOME PIN 155
GENOME NON_GENOME PIN 162: GENOME NON_GENOME PIN 155
GENOME NON_GENOME PIN 163: GENOME NON_GENOME PIN 155 GENOME NON_GENOME PIN 152
GENOME NON_GENOME PIN 164: GENOME NON_GENOME PIN 155
GENOME NON_GENOME PIN 165: GENOME NON_GENOME PIN 155
GENOME NON_GENOME PIN 166: GENOME NON_GENOME PIN 155
GENOME NON_GENOME PIN 17: GENOME NON_GENOME PIN 169
GENOME NON_GENOME PIN 26: GENOME NON_GENOME PIN 170
GENOME NON_GENOME PIN 29: GENOME NON_GENOME PIN 177
GENOME NON_GENOME PIN 177: GENOME NON_GENOME PIN 29
GENOME NON_GENOME PIN 46: GENOME NON_GENOME PIN 178
GENOME NON_GENOME PIN 178: GENOME NON_GENOME PIN 46
GENOME NON_GENOME PIN 47: GENOME NON_GENOME PIN 179
GENOME NON_GENOME PIN 179: GENOME NON_GENOME PIN 47
GENOME NON_GENOME PIN 180: GENOME NON_GENOME PIN 181 GENOME NON_GENOME PIN 182 GENOME NON_GENOME PIN 183 GENOME NON_GENOME PIN 184 GENOME NON_GENOME PIN 185 GENOME NON_GENOME PIN 186 GENOME NON_GENOME PIN 187 GENOME NON_GENOME PIN 188 GENOME NON_GENOME PIN 189 GENOME NON_GENOME PIN 190 GENOME NON_GENOME PIN 191
GENOME NON_GENOME PIN 181: GENOME NON_GENOME PIN 180
GENOME NON_GENOME PIN 182: GENOME NON_GENOME PIN 180
GENOME NON_GENOME PIN 187: GENOME NON_GENOME PIN 180
GENOME NON_GENOME PIN 188: GENOME NON_GENOME PIN 180
GENOME NON_GENOME PIN 189: GENOME NON_GENOME PIN 180
GENOME NON_GENOME PIN 190: GENOME NON_GENOME PIN 180
GENOME NON_GENOME PIN 191: GENOME NON_GENOME PIN 180
GENOME NON_GENOME PIN 192: GENOME NON_GENOME PIN 193 GENOME NON_GENOME PIN 194 GENOME NON_GENOME PIN 195 GENOME NON_GENOME PIN 196 GENOME NON_GENOME PIN 197 GENOME NON_GENOME PIN 198 GENOME NON_GENOME PIN 199 GENOME NON_GENOME PIN 200 GENOME NON_GENOME PIN 201 GENOME NON_GENOME PIN 202 GENOME NON_GENOME PIN 203
GENOME NON_GENOME PIN 193: GENOME NON_GENOME PIN 192
GENOME NON_GENOME PIN 194: GENOME NON_GENOME PIN 192
GENOME NON_GENOME PIN 199: GENOME NON_GENOME PIN 192
GENOME NON_GENOME PIN 200: GENOME NON_GENOME PIN 192
GENOME NON_GENOME PIN 201: GENOME NON_GENOME PIN 192
GENOME NON_GENOME PIN 202: GENOME NON_GENOME PIN 192
GENOME NON_GENOME PIN 203: GENOME NON_GENOME PIN 192
GENOME NON_GENOME PIN 204: GENOME NON_GENOME PIN 205 GENOME NON_GENOME PIN 206 GENOME NON_GENOME PIN 207 GENOME NON_GENOME PIN 208 GENOME NON_GENOME PIN 209 GENOME NON_GENOME PIN 210 GENOME NON_GENOME PIN 211 GENOME NON_GENOME PIN 212 GENOME NON_GENOME PIN 213 GENOME NON_GENOME PIN 214 GENOME NON_GENOME PIN 215
GENOME NON_GENOME PIN 205: GENOME NON_GENOME PIN 204
GENOME NON_GENOME PIN 206: GENOME NON_GENOME PIN 204
GENOME NON_GENOME PIN 211: GENOME NON_GENOME PIN 204
GENOME NON_GENOME PIN 212: GENOME NON_GENOME PIN 204
GENOME NON_GENOME PIN 213: GENOME NON_GENOME PIN 204
GENOME NON_GENOME PIN 214: GENOME NON_GENOME PIN 204
GENOME NON_GENOME PIN 215: GENOME NON_GENOME PIN 204
GENOME NON_GENOME PIN 10: GENOME NON_GENOME PIN 21
GENOME NON_GENOME PIN 44: GENOME NON_GENOME PIN 55
GENOME NON_GENOME PIN 56: GENOME NON_GENOME PIN 45
GENOME NON_GENOME PIN 67: GENOME NON_GENOME PIN 45
GENOME NON_GENOME PIN 70: GENOME NON_GENOME PIN 68
GENOME NON_GENOME PIN 71: GENOME NON_GENOME PIN 68
GENOME NON_GENOME PIN 101: GENOME NON_GENOME PIN 274
GENOME NON_GENOME PIN 102: GENOME NON_GENOME PIN 113 GENOME NON_GENOME PIN 275 GENOME NON_GENOME PIN 38
GENOME NON_GENOME PIN 113: GENOME NON_GENOME PIN 102
GENOME NON_GENOME PIN 135: GENOME NON_GENOME PIN 124
GENOME NON_GENOME PIN 235: GENOME NON_GENOME PIN 151
GENOME NON_GENOME PIN 151: GENOME NON_GENOME PIN 235
GENOME NON_GENOME PIN 236: GENOME NON_GENOME PIN 152
INST gameplay_screen__GB4 PIN 305: INST gameplay_screen__GB1 PIN 53 TYPE 3 INST gameplay_screen__GB8 PIN 575 TYPE 4 INST gameplay_screen__GB7 PIN 440 TYPE 4
INST gameplay_screen__GB9 PIN 254: INST gameplay_screen__GB7 PIN 768 TYPE 0 INST gameplay_screen__GB3 PIN 764 TYPE 0 INST gameplay_screen__GB0 PIN 962 TYPE 0 GENOME gameplay_screen__GB9 PIN 254
INST gameplay_screen__GB9 PIN 255: INST gameplay_screen__GB7 PIN 769 TYPE 0 INST gameplay_screen__GB3 PIN 765 TYPE 0 INST gameplay_screen__GB0 PIN 963 TYPE 0 GENOME gameplay_screen__GB9 PIN 255
INST gameplay_screen__GB9 PIN 256: INST gameplay_screen__GB7 PIN 770 TYPE 0 INST gameplay_screen__GB3 PIN 766 TYPE 0 INST gameplay_screen__GB0 PIN 964 TYPE 0 GENOME gameplay_screen__GB9 PIN 256
INST gameplay_screen__GB9 PIN 257: INST gameplay_screen__GB7 PIN 771 TYPE 1 INST gameplay_screen__GB3 PIN 767 TYPE 1 INST gameplay_screen__GB0 PIN 965 TYPE 1 GENOME gameplay_screen__GB9 PIN 257
INST gameplay_screen__GB9 PIN 258: INST gameplay_screen__GB7 PIN 772 TYPE 1 INST gameplay_screen__GB3 PIN 768 TYPE 1 INST gameplay_screen__GB0 PIN 966 TYPE 1 GENOME gameplay_screen__GB9 PIN 258
INST gameplay_screen__GB9 PIN 259: INST gameplay_screen__GB7 PIN 773 TYPE 1 INST gameplay_screen__GB3 PIN 769 TYPE 1 INST gameplay_screen__GB0 PIN 967 TYPE 1 GENOME gameplay_screen__GB9 PIN 259
INST gameplay_screen__GB9 PIN 260: INST gameplay_screen__GB7 PIN 774 TYPE 0 INST gameplay_screen__GB3 PIN 770 TYPE 0 INST gameplay_screen__GB0 PIN 968 TYPE 0 GENOME gameplay_screen__GB9 PIN 260
INST gameplay_screen__GB9 PIN 261: INST gameplay_screen__GB7 PIN 775 TYPE 0 INST gameplay_screen__GB3 PIN 771 TYPE 0 INST gameplay_screen__GB0 PIN 969 TYPE 0 GENOME gameplay_screen__GB9 PIN 261
INST gameplay_screen__GB9 PIN 262: INST gameplay_screen__GB7 PIN 776 TYPE 1 INST gameplay_screen__GB3 PIN 772 TYPE 1 INST gameplay_screen__GB0 PIN 970 TYPE 1 GENOME gameplay_screen__GB9 PIN 262
INST gameplay_screen__GB9 PIN 263: INST gameplay_screen__GB7 PIN 777 TYPE 1 INST gameplay_screen__GB3 PIN 773 TYPE 1 INST gameplay_screen__GB0 PIN 971 TYPE 1 GENOME gameplay_screen__GB9 PIN 263
INST gameplay_screen__GB9 PIN 152: INST gameplay_screen__GB9 PIN 236 TYPE 2 INST gameplay_screen__GB7 PIN 788 TYPE 4
INST gameplay_screen__GB9 PIN 124: INST gameplay_screen__GB9 PIN 249 TYPE 2 INST gameplay_screen__GB7 PIN 799 TYPE 4
INST gameplay_screen__GB9 PIN 21: INST gameplay_screen__GB9 PIN 32 TYPE 2 INST gameplay_screen__GB8 PIN 334 TYPE 4
INST gameplay_screen__GB9 PIN 45: INST gameplay_screen__GB9 PIN 56 TYPE 2 INST gameplay_screen__GB8 PIN 446 TYPE 4
INST gameplay_screen__GB9 PIN 102: INST gameplay_screen__GB9 PIN 275 TYPE 2 INST gameplay_screen__GB0 PIN 961 TYPE 4
INST gameplay_screen__GB9 PIN 80: INST gameplay_screen__GB9 PIN 81 TYPE 2 INST gameplay_screen__GB0 PIN 1194 TYPE 4 INST gameplay_screen__GB9 PIN 82 TYPE 2 INST gameplay_screen__GB0 PIN 1195 TYPE 4 INST gameplay_screen__GB9 PIN 83 TYPE 2 INST gameplay_screen__GB0 PIN 1196 TYPE 4
INST gameplay_screen__GB9 PIN 84: INST gameplay_screen__GB0 PIN 1197 TYPE 0 GENOME gameplay_screen__GB9 PIN 84
INST gameplay_screen__GB9 PIN 85: INST gameplay_screen__GB0 PIN 1198 TYPE 0 GENOME gameplay_screen__GB9 PIN 85
INST gameplay_screen__GB9 PIN 86: INST gameplay_screen__GB0 PIN 1199 TYPE 0 GENOME gameplay_screen__GB9 PIN 86
INST gameplay_screen__GB9 PIN 87: INST gameplay_screen__GB0 PIN 1200 TYPE 0 GENOME gameplay_screen__GB9 PIN 87
INST gameplay_screen__GB9 PIN 88: INST gameplay_screen__GB0 PIN 1201 TYPE 0 GENOME gameplay_screen__GB9 PIN 88
INST gameplay_screen__GB9 PIN 89: INST gameplay_screen__GB0 PIN 1202 TYPE 0 GENOME gameplay_screen__GB9 PIN 89
INST gameplay_screen__GB9 PIN 90: INST gameplay_screen__GB0 PIN 1203 TYPE 0 GENOME gameplay_screen__GB9 PIN 90
INST gameplay_screen__GB9 PIN 91: INST gameplay_screen__GB0 PIN 1204 TYPE 0 GENOME gameplay_screen__GB9 PIN 91
INST gameplay_screen__GB9 PIN 68: INST gameplay_screen__GB9 PIN 69 TYPE 2 INST gameplay_screen__GB0 PIN 1254 TYPE 4 INST gameplay_screen__GB9 PIN 70 TYPE 2 INST gameplay_screen__GB0 PIN 1255 TYPE 4 INST gameplay_screen__GB9 PIN 71 TYPE 2 INST gameplay_screen__GB0 PIN 1256 TYPE 4
INST gameplay_screen__GB9 PIN 72: INST gameplay_screen__GB0 PIN 1257 TYPE 0 GENOME gameplay_screen__GB9 PIN 72
INST gameplay_screen__GB9 PIN 73: INST gameplay_screen__GB0 PIN 1258 TYPE 0 GENOME gameplay_screen__GB9 PIN 73
INST gameplay_screen__GB9 PIN 74: INST gameplay_screen__GB0 PIN 1259 TYPE 0 GENOME gameplay_screen__GB9 PIN 74
INST gameplay_screen__GB9 PIN 75: INST gameplay_screen__GB0 PIN 1260 TYPE 0 GENOME gameplay_screen__GB9 PIN 75
INST gameplay_screen__GB9 PIN 76: INST gameplay_screen__GB0 PIN 1261 TYPE 0 GENOME gameplay_screen__GB9 PIN 76
INST gameplay_screen__GB9 PIN 77: INST gameplay_screen__GB0 PIN 1262 TYPE 0 GENOME gameplay_screen__GB9 PIN 77
INST gameplay_screen__GB9 PIN 78: INST gameplay_screen__GB0 PIN 1263 TYPE 0 GENOME gameplay_screen__GB9 PIN 78
INST gameplay_screen__GB9 PIN 79: INST gameplay_screen__GB0 PIN 1264 TYPE 0 GENOME gameplay_screen__GB9 PIN 79
INST gameplay_screen__GB2 PIN 122: INST gameplay_screen__GB2 PIN 123 TYPE 2 INST gameplay_screen__GB0 PIN 1350 TYPE 4 INST gameplay_screen__GB2 PIN 124 TYPE 2 INST gameplay_screen__GB0 PIN 1351 TYPE 4 INST gameplay_screen__GB2 PIN 125 TYPE 2 INST gameplay_screen__GB0 PIN 1352 TYPE 4 INST gameplay_screen__GB2 PIN 126 TYPE 2 INST gameplay_screen__GB0 PIN 1353 TYPE 4 INST gameplay_screen__GB2 PIN 127 TYPE 2 INST gameplay_screen__GB0 PIN 1354 TYPE 4 INST gameplay_screen__GB2 PIN 128 TYPE 2 INST gameplay_screen__GB0 PIN 1355 TYPE 4 INST gameplay_screen__GB2 PIN 129 TYPE 2 INST gameplay_screen__GB0 PIN 1356 TYPE 4 INST gameplay_screen__GB2 PIN 130 TYPE 2 INST gameplay_screen__GB0 PIN 1357 TYPE 4 INST gameplay_screen__GB2 PIN 131 TYPE 2 INST gameplay_screen__GB0 PIN 1358 TYPE 4 INST gameplay_screen__GB2 PIN 132 TYPE 2 INST gameplay_screen__GB0 PIN 1359 TYPE 4 INST gameplay_screen__GB2 PIN 133 TYPE 2 INST gameplay_screen__GB0 PIN 1360 TYPE 4
INST gameplay_screen__GB2 PIN 155: INST gameplay_screen__GB2 PIN 156 TYPE 2 INST gameplay_screen__GB0 PIN 1374 TYPE 4 INST gameplay_screen__GB2 PIN 157 TYPE 2 INST gameplay_screen__GB0 PIN 1375 TYPE 4 INST gameplay_screen__GB2 PIN 158 TYPE 2 INST gameplay_screen__GB0 PIN 1376 TYPE 4 INST gameplay_screen__GB2 PIN 159 TYPE 2 INST gameplay_screen__GB0 PIN 1377 TYPE 4 INST gameplay_screen__GB2 PIN 160 TYPE 2 INST gameplay_screen__GB0 PIN 1378 TYPE 4 INST gameplay_screen__GB2 PIN 161 TYPE 2 INST gameplay_screen__GB0 PIN 1379 TYPE 4 INST gameplay_screen__GB2 PIN 162 TYPE 2 INST gameplay_screen__GB0 PIN 1380 TYPE 4 INST gameplay_screen__GB2 PIN 163 TYPE 2 INST gameplay_screen__GB0 PIN 1381 TYPE 4 INST gameplay_screen__GB2 PIN 164 TYPE 2 INST gameplay_screen__GB0 PIN 1382 TYPE 4 INST gameplay_screen__GB2 PIN 165 TYPE 2 INST gameplay_screen__GB0 PIN 1383 TYPE 4 INST gameplay_screen__GB2 PIN 166 TYPE 2 INST gameplay_screen__GB0 PIN 1384 TYPE 4
INST gameplay_screen__GB1 PIN 159: INST gameplay_screen__GB0 PIN 1421 TYPE 0 GENOME gameplay_screen__GB1 PIN 159
INST gameplay_screen__GB1 PIN 160: INST gameplay_screen__GB0 PIN 1422 TYPE 0 GENOME gameplay_screen__GB1 PIN 160
INST gameplay_screen__GB1 PIN 161: INST gameplay_screen__GB0 PIN 1423 TYPE 0 GENOME gameplay_screen__GB1 PIN 161
INST gameplay_screen__GB1 PIN 162: INST gameplay_screen__GB0 PIN 1424 TYPE 0 GENOME gameplay_screen__GB1 PIN 162
INST gameplay_screen__GB1 PIN 163: INST gameplay_screen__GB0 PIN 1425 TYPE 0 GENOME gameplay_screen__GB1 PIN 163
INST gameplay_screen__GB1 PIN 164: INST gameplay_screen__GB0 PIN 1426 TYPE 0 GENOME gameplay_screen__GB1 PIN 164
INST gameplay_screen__GB1 PIN 165: INST gameplay_screen__GB0 PIN 1427 TYPE 0 GENOME gameplay_screen__GB1 PIN 165
INST gameplay_screen__GB1 PIN 166: INST gameplay_screen__GB0 PIN 1428 TYPE 0 GENOME gameplay_screen__GB1 PIN 166
INST gameplay_screen__GB1 PIN 167: INST gameplay_screen__GB1 PIN 168 TYPE 2 INST gameplay_screen__GB0 PIN 1430 TYPE 4 INST gameplay_screen__GB1 PIN 169 TYPE 2 INST gameplay_screen__GB0 PIN 1431 TYPE 4 INST gameplay_screen__GB1 PIN 170 TYPE 2 INST gameplay_screen__GB0 PIN 1432 TYPE 4
INST gameplay_screen__GB1 PIN 231: INST gameplay_screen__GB1 PIN 232 TYPE 2 INST gameplay_screen__GB0 PIN 1446 TYPE 4 INST gameplay_screen__GB1 PIN 233 TYPE 2 INST gameplay_screen__GB0 PIN 1447 TYPE 4 INST gameplay_screen__GB1 PIN 234 TYPE 2 INST gameplay_screen__GB0 PIN 1448 TYPE 4
INST gameplay_screen__GB1 PIN 235: INST gameplay_screen__GB0 PIN 1449 TYPE 0 GENOME gameplay_screen__GB1 PIN 235
INST gameplay_screen__GB1 PIN 236: INST gameplay_screen__GB0 PIN 1450 TYPE 0 GENOME gameplay_screen__GB1 PIN 236
INST gameplay_screen__GB1 PIN 237: INST gameplay_screen__GB0 PIN 1451 TYPE 0 GENOME gameplay_screen__GB1 PIN 237
INST gameplay_screen__GB1 PIN 238: INST gameplay_screen__GB0 PIN 1452 TYPE 0 GENOME gameplay_screen__GB1 PIN 238
INST gameplay_screen__GB1 PIN 239: INST gameplay_screen__GB0 PIN 1453 TYPE 0 GENOME gameplay_screen__GB1 PIN 239
INST gameplay_screen__GB1 PIN 240: INST gameplay_screen__GB0 PIN 1454 TYPE 0 GENOME gameplay_screen__GB1 PIN 240
INST gameplay_screen__GB1 PIN 241: INST gameplay_screen__GB0 PIN 1455 TYPE 0 GENOME gameplay_screen__GB1 PIN 241
INST gameplay_screen__GB1 PIN 242: INST gameplay_screen__GB0 PIN 1456 TYPE 0 GENOME gameplay_screen__GB1 PIN 242
INST gameplay_screen__GB2 PIN 180: INST gameplay_screen__GB2 PIN 181 TYPE 2 INST gameplay_screen__GB0 PIN 1458 TYPE 4 INST gameplay_screen__GB2 PIN 182 TYPE 2 INST gameplay_screen__GB0 PIN 1459 TYPE 4 INST gameplay_screen__GB2 PIN 183 TYPE 2 INST gameplay_screen__GB0 PIN 1460 TYPE 4 INST gameplay_screen__GB2 PIN 184 TYPE 2 INST gameplay_screen__GB0 PIN 1461 TYPE 4 INST gameplay_screen__GB2 PIN 185 TYPE 2 INST gameplay_screen__GB0 PIN 1462 TYPE 4 INST gameplay_screen__GB2 PIN 186 TYPE 2 INST gameplay_screen__GB0 PIN 1463 TYPE 4 INST gameplay_screen__GB2 PIN 187 TYPE 2 INST gameplay_screen__GB0 PIN 1464 TYPE 4 INST gameplay_screen__GB2 PIN 188 TYPE 2 INST gameplay_screen__GB0 PIN 1465 TYPE 4 INST gameplay_screen__GB2 PIN 189 TYPE 2 INST gameplay_screen__GB0 PIN 1466 TYPE 4 INST gameplay_screen__GB2 PIN 190 TYPE 2 INST gameplay_screen__GB0 PIN 1467 TYPE 4 INST gameplay_screen__GB2 PIN 191 TYPE 2 INST gameplay_screen__GB0 PIN 1468 TYPE 4
INST gameplay_screen__GB1 PIN 243: INST gameplay_screen__GB1 PIN 244 TYPE 2 INST gameplay_screen__GB0 PIN 1738 TYPE 4 INST gameplay_screen__GB1 PIN 245 TYPE 2 INST gameplay_screen__GB0 PIN 1739 TYPE 4 INST gameplay_screen__GB1 PIN 246 TYPE 2 INST gameplay_screen__GB0 PIN 1740 TYPE 4 INST gameplay_screen__GB1 PIN 247 TYPE 2 INST gameplay_screen__GB0 PIN 1741 TYPE 4 INST gameplay_screen__GB1 PIN 248 TYPE 2 INST gameplay_screen__GB0 PIN 1742 TYPE 4 INST gameplay_screen__GB1 PIN 249 TYPE 2 INST gameplay_screen__GB0 PIN 1743 TYPE 4 INST gameplay_screen__GB1 PIN 250 TYPE 2 INST gameplay_screen__GB0 PIN 1744 TYPE 4 INST gameplay_screen__GB1 PIN 251 TYPE 2 INST gameplay_screen__GB0 PIN 1745 TYPE 4 INST gameplay_screen__GB1 PIN 252 TYPE 2 INST gameplay_screen__GB0 PIN 1746 TYPE 4 INST gameplay_screen__GB1 PIN 253 TYPE 2 INST gameplay_screen__GB0 PIN 1747 TYPE 4 INST gameplay_screen__GB1 PIN 254 TYPE 2 INST gameplay_screen__GB0 PIN 1748 TYPE 4
INST gameplay_screen__GB2 PIN 192: INST gameplay_screen__GB2 PIN 193 TYPE 2 INST gameplay_screen__GB0 PIN 1750 TYPE 4 INST gameplay_screen__GB2 PIN 194 TYPE 2 INST gameplay_screen__GB0 PIN 1751 TYPE 4 INST gameplay_screen__GB2 PIN 195 TYPE 2 INST gameplay_screen__GB0 PIN 1752 TYPE 4 INST gameplay_screen__GB2 PIN 196 TYPE 2 INST gameplay_screen__GB0 PIN 1753 TYPE 4 INST gameplay_screen__GB2 PIN 197 TYPE 2 INST gameplay_screen__GB0 PIN 1754 TYPE 4 INST gameplay_screen__GB2 PIN 198 TYPE 2 INST gameplay_screen__GB0 PIN 1755 TYPE 4 INST gameplay_screen__GB2 PIN 199 TYPE 2 INST gameplay_screen__GB0 PIN 1756 TYPE 4 INST gameplay_screen__GB2 PIN 200 TYPE 2 INST gameplay_screen__GB0 PIN 1757 TYPE 4 INST gameplay_screen__GB2 PIN 201 TYPE 2 INST gameplay_screen__GB0 PIN 1758 TYPE 4 INST gameplay_screen__GB2 PIN 202 TYPE 2 INST gameplay_screen__GB0 PIN 1759 TYPE 4 INST gameplay_screen__GB2 PIN 203 TYPE 2 INST gameplay_screen__GB0 PIN 1760 TYPE 4
INST gameplay_screen__GB2 PIN 204: INST gameplay_screen__GB2 PIN 205 TYPE 2 INST gameplay_screen__GB0 PIN 1762 TYPE 4 INST gameplay_screen__GB2 PIN 206 TYPE 2 INST gameplay_screen__GB0 PIN 1763 TYPE 4 INST gameplay_screen__GB2 PIN 207 TYPE 2 INST gameplay_screen__GB0 PIN 1764 TYPE 4 INST gameplay_screen__GB2 PIN 208 TYPE 2 INST gameplay_screen__GB0 PIN 1765 TYPE 4 INST gameplay_screen__GB2 PIN 209 TYPE 2 INST gameplay_screen__GB0 PIN 1766 TYPE 4 INST gameplay_screen__GB2 PIN 210 TYPE 2 INST gameplay_screen__GB0 PIN 1767 TYPE 4 INST gameplay_screen__GB2 PIN 211 TYPE 2 INST gameplay_screen__GB0 PIN 1768 TYPE 4 INST gameplay_screen__GB2 PIN 212 TYPE 2 INST gameplay_screen__GB0 PIN 1769 TYPE 4 INST gameplay_screen__GB2 PIN 213 TYPE 2 INST gameplay_screen__GB0 PIN 1770 TYPE 4 INST gameplay_screen__GB2 PIN 214 TYPE 2 INST gameplay_screen__GB0 PIN 1771 TYPE 4 INST gameplay_screen__GB2 PIN 215 TYPE 2 INST gameplay_screen__GB0 PIN 1772 TYPE 4
INST gameplay_screen__GB1 PIN 255: INST gameplay_screen__GB1 PIN 256 TYPE 2 INST gameplay_screen__GB0 PIN 1786 TYPE 4 INST gameplay_screen__GB1 PIN 257 TYPE 2 INST gameplay_screen__GB0 PIN 1787 TYPE 4 INST gameplay_screen__GB1 PIN 258 TYPE 2 INST gameplay_screen__GB0 PIN 1788 TYPE 4 INST gameplay_screen__GB1 PIN 259 TYPE 2 INST gameplay_screen__GB0 PIN 1789 TYPE 4 INST gameplay_screen__GB1 PIN 260 TYPE 2 INST gameplay_screen__GB0 PIN 1790 TYPE 4 INST gameplay_screen__GB1 PIN 261 TYPE 2 INST gameplay_screen__GB0 PIN 1791 TYPE 4 INST gameplay_screen__GB1 PIN 262 TYPE 2 INST gameplay_screen__GB0 PIN 1792 TYPE 4 INST gameplay_screen__GB1 PIN 263 TYPE 2 INST gameplay_screen__GB0 PIN 1793 TYPE 4 INST gameplay_screen__GB1 PIN 264 TYPE 2 INST gameplay_screen__GB0 PIN 1794 TYPE 4 INST gameplay_screen__GB1 PIN 265 TYPE 2 INST gameplay_screen__GB0 PIN 1795 TYPE 4 INST gameplay_screen__GB1 PIN 266 TYPE 2 INST gameplay_screen__GB0 PIN 1796 TYPE 4
INST gameplay_screen__GB1 PIN 267: INST gameplay_screen__GB1 PIN 268 TYPE 2 INST gameplay_screen__GB0 PIN 1810 TYPE 4 INST gameplay_screen__GB1 PIN 269 TYPE 2 INST gameplay_screen__GB0 PIN 1811 TYPE 4 INST gameplay_screen__GB1 PIN 270 TYPE 2 INST gameplay_screen__GB0 PIN 1812 TYPE 4 INST gameplay_screen__GB1 PIN 271 TYPE 2 INST gameplay_screen__GB0 PIN 1813 TYPE 4 INST gameplay_screen__GB1 PIN 272 TYPE 2 INST gameplay_screen__GB0 PIN 1814 TYPE 4 INST gameplay_screen__GB1 PIN 273 TYPE 2 INST gameplay_screen__GB0 PIN 1815 TYPE 4 INST gameplay_screen__GB1 PIN 274 TYPE 2 INST gameplay_screen__GB0 PIN 1816 TYPE 4 INST gameplay_screen__GB1 PIN 275 TYPE 2 INST gameplay_screen__GB0 PIN 1817 TYPE 4 INST gameplay_screen__GB1 PIN 276 TYPE 2 INST gameplay_screen__GB0 PIN 1818 TYPE 4 INST gameplay_screen__GB1 PIN 277 TYPE 2 INST gameplay_screen__GB0 PIN 1819 TYPE 4 INST gameplay_screen__GB1 PIN 278 TYPE 2 INST gameplay_screen__GB0 PIN 1820 TYPE 4
INST gameplay_screen__GB1 PIN 171: INST gameplay_screen__GB1 PIN 172 TYPE 2 INST gameplay_screen__GB0 PIN 1995 TYPE 4 INST gameplay_screen__GB1 PIN 173 TYPE 2 INST gameplay_screen__GB0 PIN 1996 TYPE 4 INST gameplay_screen__GB1 PIN 174 TYPE 2 INST gameplay_screen__GB0 PIN 1997 TYPE 4
INST gameplay_screen__GB1 PIN 175: INST gameplay_screen__GB0 PIN 1998 TYPE 0 GENOME gameplay_screen__GB1 PIN 175
INST gameplay_screen__GB1 PIN 176: INST gameplay_screen__GB0 PIN 1999 TYPE 0 GENOME gameplay_screen__GB1 PIN 176
INST gameplay_screen__GB1 PIN 177: INST gameplay_screen__GB0 PIN 2000 TYPE 0 GENOME gameplay_screen__GB1 PIN 177
INST gameplay_screen__GB1 PIN 178: INST gameplay_screen__GB0 PIN 2001 TYPE 0 GENOME gameplay_screen__GB1 PIN 178
INST gameplay_screen__GB1 PIN 179: INST gameplay_screen__GB0 PIN 2002 TYPE 0 GENOME gameplay_screen__GB1 PIN 179
INST gameplay_screen__GB1 PIN 180: INST gameplay_screen__GB0 PIN 2003 TYPE 0 GENOME gameplay_screen__GB1 PIN 180
INST gameplay_screen__GB1 PIN 181: INST gameplay_screen__GB0 PIN 2004 TYPE 0 GENOME gameplay_screen__GB1 PIN 181
INST gameplay_screen__GB1 PIN 182: INST gameplay_screen__GB0 PIN 2005 TYPE 0 GENOME gameplay_screen__GB1 PIN 182
INST gameplay_screen__GB1 PIN 183: INST gameplay_screen__GB1 PIN 184 TYPE 2 INST gameplay_screen__GB0 PIN 2007 TYPE 4 INST gameplay_screen__GB1 PIN 185 TYPE 2 INST gameplay_screen__GB0 PIN 2008 TYPE 4 INST gameplay_screen__GB1 PIN 186 TYPE 2 INST gameplay_screen__GB0 PIN 2009 TYPE 4
INST gameplay_screen__GB1 PIN 187: INST gameplay_screen__GB0 PIN 2010 TYPE 0 GENOME gameplay_screen__GB1 PIN 187
INST gameplay_screen__GB1 PIN 188: INST gameplay_screen__GB0 PIN 2011 TYPE 0 GENOME gameplay_screen__GB1 PIN 188
INST gameplay_screen__GB1 PIN 189: INST gameplay_screen__GB0 PIN 2012 TYPE 0 GENOME gameplay_screen__GB1 PIN 189
INST gameplay_screen__GB1 PIN 190: INST gameplay_screen__GB0 PIN 2013 TYPE 0 GENOME gameplay_screen__GB1 PIN 190
INST gameplay_screen__GB1 PIN 191: INST gameplay_screen__GB0 PIN 2014 TYPE 0 GENOME gameplay_screen__GB1 PIN 191
INST gameplay_screen__GB1 PIN 192: INST gameplay_screen__GB0 PIN 2015 TYPE 0 GENOME gameplay_screen__GB1 PIN 192
INST gameplay_screen__GB1 PIN 193: INST gameplay_screen__GB0 PIN 2016 TYPE 0 GENOME gameplay_screen__GB1 PIN 193
INST gameplay_screen__GB1 PIN 194: INST gameplay_screen__GB0 PIN 2017 TYPE 0 GENOME gameplay_screen__GB1 PIN 194
INST gameplay_screen__GB1 PIN 195: INST gameplay_screen__GB1 PIN 196 TYPE 2 INST gameplay_screen__GB0 PIN 2019 TYPE 4 INST gameplay_screen__GB1 PIN 197 TYPE 2 INST gameplay_screen__GB0 PIN 2020 TYPE 4 INST gameplay_screen__GB1 PIN 198 TYPE 2 INST gameplay_screen__GB0 PIN 2021 TYPE 4
INST gameplay_screen__GB1 PIN 199: INST gameplay_screen__GB0 PIN 2022 TYPE 0 GENOME gameplay_screen__GB1 PIN 199
INST gameplay_screen__GB1 PIN 200: INST gameplay_screen__GB0 PIN 2023 TYPE 0 GENOME gameplay_screen__GB1 PIN 200
INST gameplay_screen__GB1 PIN 201: INST gameplay_screen__GB0 PIN 2024 TYPE 0 GENOME gameplay_screen__GB1 PIN 201
INST gameplay_screen__GB1 PIN 202: INST gameplay_screen__GB0 PIN 2025 TYPE 0 GENOME gameplay_screen__GB1 PIN 202
INST gameplay_screen__GB1 PIN 203: INST gameplay_screen__GB0 PIN 2026 TYPE 0 GENOME gameplay_screen__GB1 PIN 203
INST gameplay_screen__GB1 PIN 204: INST gameplay_screen__GB0 PIN 2027 TYPE 0 GENOME gameplay_screen__GB1 PIN 204
INST gameplay_screen__GB1 PIN 205: INST gameplay_screen__GB0 PIN 2028 TYPE 0 GENOME gameplay_screen__GB1 PIN 205
INST gameplay_screen__GB1 PIN 206: INST gameplay_screen__GB0 PIN 2029 TYPE 0 GENOME gameplay_screen__GB1 PIN 206
INST gameplay_screen__GB1 PIN 207: INST gameplay_screen__GB1 PIN 208 TYPE 2 INST gameplay_screen__GB0 PIN 2031 TYPE 4 INST gameplay_screen__GB1 PIN 209 TYPE 2 INST gameplay_screen__GB0 PIN 2032 TYPE 4 INST gameplay_screen__GB1 PIN 210 TYPE 2 INST gameplay_screen__GB0 PIN 2033 TYPE 4
INST gameplay_screen__GB1 PIN 211: INST gameplay_screen__GB0 PIN 2034 TYPE 0 GENOME gameplay_screen__GB1 PIN 211
INST gameplay_screen__GB1 PIN 212: INST gameplay_screen__GB0 PIN 2035 TYPE 0 GENOME gameplay_screen__GB1 PIN 212
INST gameplay_screen__GB1 PIN 213: INST gameplay_screen__GB0 PIN 2036 TYPE 0 GENOME gameplay_screen__GB1 PIN 213
INST gameplay_screen__GB1 PIN 214: INST gameplay_screen__GB0 PIN 2037 TYPE 0 GENOME gameplay_screen__GB1 PIN 214
INST gameplay_screen__GB1 PIN 215: INST gameplay_screen__GB0 PIN 2038 TYPE 0 GENOME gameplay_screen__GB1 PIN 215
INST gameplay_screen__GB1 PIN 216: INST gameplay_screen__GB0 PIN 2039 TYPE 0 GENOME gameplay_screen__GB1 PIN 216
INST gameplay_screen__GB1 PIN 217: INST gameplay_screen__GB0 PIN 2040 TYPE 0 GENOME gameplay_screen__GB1 PIN 217
INST gameplay_screen__GB1 PIN 218: INST gameplay_screen__GB0 PIN 2041 TYPE 0 GENOME gameplay_screen__GB1 PIN 218
INST gameplay_screen__GB1 PIN 219: INST gameplay_screen__GB1 PIN 220 TYPE 2 INST gameplay_screen__GB0 PIN 2043 TYPE 4 INST gameplay_screen__GB1 PIN 221 TYPE 2 INST gameplay_screen__GB0 PIN 2044 TYPE 4 INST gameplay_screen__GB1 PIN 222 TYPE 2 INST gameplay_screen__GB0 PIN 2045 TYPE 4
INST gameplay_screen__GB1 PIN 223: INST gameplay_screen__GB0 PIN 2046 TYPE 0 GENOME gameplay_screen__GB1 PIN 223
INST gameplay_screen__GB1 PIN 224: INST gameplay_screen__GB0 PIN 2047 TYPE 0 GENOME gameplay_screen__GB1 PIN 224
INST gameplay_screen__GB1 PIN 225: INST gameplay_screen__GB0 PIN 2048 TYPE 0 GENOME gameplay_screen__GB1 PIN 225
INST gameplay_screen__GB1 PIN 226: INST gameplay_screen__GB0 PIN 2049 TYPE 0 GENOME gameplay_screen__GB1 PIN 226
INST gameplay_screen__GB1 PIN 227: INST gameplay_screen__GB0 PIN 2050 TYPE 0 GENOME gameplay_screen__GB1 PIN 227
INST gameplay_screen__GB1 PIN 228: INST gameplay_screen__GB0 PIN 2051 TYPE 0 GENOME gameplay_screen__GB1 PIN 228
INST gameplay_screen__GB1 PIN 229: INST gameplay_screen__GB0 PIN 2052 TYPE 0 GENOME gameplay_screen__GB1 PIN 229
INST gameplay_screen__GB1 PIN 230: INST gameplay_screen__GB0 PIN 2053 TYPE 0 GENOME gameplay_screen__GB1 PIN 230
INST gameplay_screen__GB1 PIN 109: INST gameplay_screen__GB0 PIN 2054 TYPE 0 GENOME gameplay_screen__GB1 PIN 109
INST gameplay_screen__GB1 PIN 110: INST gameplay_screen__GB0 PIN 2055 TYPE 0 GENOME gameplay_screen__GB1 PIN 110
INST gameplay_screen__GB1 PIN 111: INST gameplay_screen__GB0 PIN 2056 TYPE 0 GENOME gameplay_screen__GB1 PIN 111
INST gameplay_screen__GB1 PIN 112: INST gameplay_screen__GB0 PIN 2057 TYPE 0 GENOME gameplay_screen__GB1 PIN 112
INST gameplay_screen__GB1 PIN 113: INST gameplay_screen__GB0 PIN 2058 TYPE 0 GENOME gameplay_screen__GB1 PIN 113
INST gameplay_screen__GB1 PIN 114: INST gameplay_screen__GB0 PIN 2059 TYPE 0 GENOME gameplay_screen__GB1 PIN 114
INST gameplay_screen__GB1 PIN 115: INST gameplay_screen__GB0 PIN 2060 TYPE 0 GENOME gameplay_screen__GB1 PIN 115
INST gameplay_screen__GB1 PIN 116: INST gameplay_screen__GB0 PIN 2061 TYPE 0 GENOME gameplay_screen__GB1 PIN 116
INST gameplay_screen__GB1 PIN 117: INST gameplay_screen__GB1 PIN 118 TYPE 2 INST gameplay_screen__GB0 PIN 2063 TYPE 4 INST gameplay_screen__GB1 PIN 119 TYPE 2 INST gameplay_screen__GB0 PIN 2064 TYPE 4 INST gameplay_screen__GB1 PIN 120 TYPE 2 INST gameplay_screen__GB0 PIN 2065 TYPE 4
INST gameplay_screen__GB1 PIN 121: INST gameplay_screen__GB0 PIN 2066 TYPE 0 GENOME gameplay_screen__GB1 PIN 121
INST gameplay_screen__GB1 PIN 122: INST gameplay_screen__GB0 PIN 2067 TYPE 0 GENOME gameplay_screen__GB1 PIN 122
INST gameplay_screen__GB1 PIN 123: INST gameplay_screen__GB0 PIN 2068 TYPE 0 GENOME gameplay_screen__GB1 PIN 123
INST gameplay_screen__GB1 PIN 124: INST gameplay_screen__GB0 PIN 2069 TYPE 0 GENOME gameplay_screen__GB1 PIN 124
INST gameplay_screen__GB1 PIN 125: INST gameplay_screen__GB0 PIN 2070 TYPE 0 GENOME gameplay_screen__GB1 PIN 125
INST gameplay_screen__GB1 PIN 126: INST gameplay_screen__GB0 PIN 2071 TYPE 0 GENOME gameplay_screen__GB1 PIN 126
INST gameplay_screen__GB1 PIN 127: INST gameplay_screen__GB0 PIN 2072 TYPE 0 GENOME gameplay_screen__GB1 PIN 127
INST gameplay_screen__GB1 PIN 128: INST gameplay_screen__GB0 PIN 2073 TYPE 0 GENOME gameplay_screen__GB1 PIN 128
INST gameplay_screen__GB1 PIN 129: INST gameplay_screen__GB1 PIN 130 TYPE 2 INST gameplay_screen__GB0 PIN 2075 TYPE 4 INST gameplay_screen__GB1 PIN 131 TYPE 2 INST gameplay_screen__GB0 PIN 2076 TYPE 4 INST gameplay_screen__GB1 PIN 132 TYPE 2 INST gameplay_screen__GB0 PIN 2077 TYPE 4
INST gameplay_screen__GB1 PIN 133: INST gameplay_screen__GB0 PIN 2129 TYPE 0 GENOME gameplay_screen__GB1 PIN 133
INST gameplay_screen__GB1 PIN 134: INST gameplay_screen__GB0 PIN 2130 TYPE 0 GENOME gameplay_screen__GB1 PIN 134
INST gameplay_screen__GB1 PIN 135: INST gameplay_screen__GB0 PIN 2131 TYPE 0 GENOME gameplay_screen__GB1 PIN 135
INST gameplay_screen__GB1 PIN 136: INST gameplay_screen__GB0 PIN 2132 TYPE 0 GENOME gameplay_screen__GB1 PIN 136
INST gameplay_screen__GB1 PIN 137: INST gameplay_screen__GB0 PIN 2133 TYPE 0 GENOME gameplay_screen__GB1 PIN 137
INST gameplay_screen__GB1 PIN 138: INST gameplay_screen__GB0 PIN 2134 TYPE 0 GENOME gameplay_screen__GB1 PIN 138
INST gameplay_screen__GB1 PIN 139: INST gameplay_screen__GB0 PIN 2135 TYPE 0 GENOME gameplay_screen__GB1 PIN 139
INST gameplay_screen__GB1 PIN 140: INST gameplay_screen__GB0 PIN 2136 TYPE 0 GENOME gameplay_screen__GB1 PIN 140
INST gameplay_screen__GB1 PIN 141: INST gameplay_screen__GB1 PIN 142 TYPE 2 INST gameplay_screen__GB0 PIN 2138 TYPE 4 INST gameplay_screen__GB1 PIN 143 TYPE 2 INST gameplay_screen__GB0 PIN 2139 TYPE 4 INST gameplay_screen__GB1 PIN 144 TYPE 2 INST gameplay_screen__GB0 PIN 2140 TYPE 4
INST gameplay_screen__GB1 PIN 145: INST gameplay_screen__GB0 PIN 2141 TYPE 0 GENOME gameplay_screen__GB1 PIN 145
INST gameplay_screen__GB1 PIN 146: INST gameplay_screen__GB0 PIN 2142 TYPE 0 GENOME gameplay_screen__GB1 PIN 146
INST gameplay_screen__GB1 PIN 147: INST gameplay_screen__GB0 PIN 2143 TYPE 0 GENOME gameplay_screen__GB1 PIN 147
INST gameplay_screen__GB1 PIN 148: INST gameplay_screen__GB0 PIN 2144 TYPE 0 GENOME gameplay_screen__GB1 PIN 148
INST gameplay_screen__GB1 PIN 149: INST gameplay_screen__GB0 PIN 2145 TYPE 0 GENOME gameplay_screen__GB1 PIN 149
INST gameplay_screen__GB1 PIN 150: INST gameplay_screen__GB0 PIN 2146 TYPE 0 GENOME gameplay_screen__GB1 PIN 150
INST gameplay_screen__GB1 PIN 151: INST gameplay_screen__GB0 PIN 2147 TYPE 0 GENOME gameplay_screen__GB1 PIN 151
INST gameplay_screen__GB1 PIN 152: INST gameplay_screen__GB0 PIN 2148 TYPE 0 GENOME gameplay_screen__GB1 PIN 152
INST gameplay_screen__GB1 PIN 153: INST gameplay_screen__GB1 PIN 154 TYPE 2 INST gameplay_screen__GB0 PIN 2150 TYPE 4 INST gameplay_screen__GB1 PIN 155 TYPE 2 INST gameplay_screen__GB0 PIN 2151 TYPE 4 INST gameplay_screen__GB1 PIN 156 TYPE 2 INST gameplay_screen__GB0 PIN 2152 TYPE 4
INST gameplay_screen__GB1 PIN 53: GENOME gameplay_screen__GB1 PIN 53
INST gameplay_screen__GB1 PIN 118: GENOME gameplay_screen__GB1 PIN 118
INST gameplay_screen__GB1 PIN 119: GENOME gameplay_screen__GB1 PIN 119
INST gameplay_screen__GB1 PIN 120: GENOME gameplay_screen__GB1 PIN 120
INST gameplay_screen__GB1 PIN 130: GENOME gameplay_screen__GB1 PIN 130
INST gameplay_screen__GB1 PIN 131: GENOME gameplay_screen__GB1 PIN 131
INST gameplay_screen__GB1 PIN 132: GENOME gameplay_screen__GB1 PIN 132
INST gameplay_screen__GB1 PIN 142: GENOME gameplay_screen__GB1 PIN 142
INST gameplay_screen__GB1 PIN 143: GENOME gameplay_screen__GB1 PIN 143
INST gameplay_screen__GB1 PIN 144: GENOME gameplay_screen__GB1 PIN 144
INST gameplay_screen__GB1 PIN 154: GENOME gameplay_screen__GB1 PIN 154
INST gameplay_screen__GB1 PIN 155: GENOME gameplay_screen__GB1 PIN 155
INST gameplay_screen__GB1 PIN 156: GENOME gameplay_screen__GB1 PIN 156
INST gameplay_screen__GB1 PIN 168: GENOME gameplay_screen__GB1 PIN 168
INST gameplay_screen__GB1 PIN 169: GENOME gameplay_screen__GB1 PIN 169
INST gameplay_screen__GB1 PIN 170: GENOME gameplay_screen__GB1 PIN 170
INST gameplay_screen__GB1 PIN 172: GENOME gameplay_screen__GB1 PIN 172
INST gameplay_screen__GB1 PIN 173: GENOME gameplay_screen__GB1 PIN 173
INST gameplay_screen__GB1 PIN 174: GENOME gameplay_screen__GB1 PIN 174
INST gameplay_screen__GB1 PIN 184: GENOME gameplay_screen__GB1 PIN 184
INST gameplay_screen__GB1 PIN 185: GENOME gameplay_screen__GB1 PIN 185
INST gameplay_screen__GB1 PIN 186: GENOME gameplay_screen__GB1 PIN 186
INST gameplay_screen__GB1 PIN 196: GENOME gameplay_screen__GB1 PIN 196
INST gameplay_screen__GB1 PIN 197: GENOME gameplay_screen__GB1 PIN 197
INST gameplay_screen__GB1 PIN 198: GENOME gameplay_screen__GB1 PIN 198
INST gameplay_screen__GB1 PIN 208: GENOME gameplay_screen__GB1 PIN 208
INST gameplay_screen__GB1 PIN 209: GENOME gameplay_screen__GB1 PIN 209
INST gameplay_screen__GB1 PIN 210: GENOME gameplay_screen__GB1 PIN 210
INST gameplay_screen__GB1 PIN 220: GENOME gameplay_screen__GB1 PIN 220
INST gameplay_screen__GB1 PIN 221: GENOME gameplay_screen__GB1 PIN 221
INST gameplay_screen__GB1 PIN 222: GENOME gameplay_screen__GB1 PIN 222
INST gameplay_screen__GB1 PIN 232: GENOME gameplay_screen__GB1 PIN 232
INST gameplay_screen__GB1 PIN 233: GENOME gameplay_screen__GB1 PIN 233
INST gameplay_screen__GB1 PIN 234: GENOME gameplay_screen__GB1 PIN 234
INST gameplay_screen__GB1 PIN 244: GENOME gameplay_screen__GB1 PIN 244
INST gameplay_screen__GB1 PIN 245: GENOME gameplay_screen__GB1 PIN 245
INST gameplay_screen__GB1 PIN 246: GENOME gameplay_screen__GB1 PIN 246
INST gameplay_screen__GB1 PIN 247: GENOME gameplay_screen__GB1 PIN 247
INST gameplay_screen__GB1 PIN 248: GENOME gameplay_screen__GB1 PIN 248
INST gameplay_screen__GB1 PIN 249: GENOME gameplay_screen__GB1 PIN 249
INST gameplay_screen__GB1 PIN 250: GENOME gameplay_screen__GB1 PIN 250
INST gameplay_screen__GB1 PIN 251: GENOME gameplay_screen__GB1 PIN 251
INST gameplay_screen__GB1 PIN 252: GENOME gameplay_screen__GB1 PIN 252
INST gameplay_screen__GB1 PIN 253: GENOME gameplay_screen__GB1 PIN 253
INST gameplay_screen__GB1 PIN 254: GENOME gameplay_screen__GB1 PIN 254
INST gameplay_screen__GB1 PIN 256: GENOME gameplay_screen__GB1 PIN 256
INST gameplay_screen__GB1 PIN 257: GENOME gameplay_screen__GB1 PIN 257
INST gameplay_screen__GB1 PIN 258: GENOME gameplay_screen__GB1 PIN 258
INST gameplay_screen__GB1 PIN 259: GENOME gameplay_screen__GB1 PIN 259
INST gameplay_screen__GB1 PIN 260: GENOME gameplay_screen__GB1 PIN 260
INST gameplay_screen__GB1 PIN 261: GENOME gameplay_screen__GB1 PIN 261
INST gameplay_screen__GB1 PIN 262: GENOME gameplay_screen__GB1 PIN 262
INST gameplay_screen__GB1 PIN 263: GENOME gameplay_screen__GB1 PIN 263
INST gameplay_screen__GB1 PIN 264: GENOME gameplay_screen__GB1 PIN 264
INST gameplay_screen__GB1 PIN 265: GENOME gameplay_screen__GB1 PIN 265
INST gameplay_screen__GB1 PIN 266: GENOME gameplay_screen__GB1 PIN 266
INST gameplay_screen__GB1 PIN 268: GENOME gameplay_screen__GB1 PIN 268
INST gameplay_screen__GB1 PIN 269: GENOME gameplay_screen__GB1 PIN 269
INST gameplay_screen__GB1 PIN 270: GENOME gameplay_screen__GB1 PIN 270
INST gameplay_screen__GB1 PIN 271: GENOME gameplay_screen__GB1 PIN 271
INST gameplay_screen__GB1 PIN 272: GENOME gameplay_screen__GB1 PIN 272
INST gameplay_screen__GB1 PIN 273: GENOME gameplay_screen__GB1 PIN 273
INST gameplay_screen__GB1 PIN 274: GENOME gameplay_screen__GB1 PIN 274
INST gameplay_screen__GB1 PIN 275: GENOME gameplay_screen__GB1 PIN 275
INST gameplay_screen__GB1 PIN 276: GENOME gameplay_screen__GB1 PIN 276
INST gameplay_screen__GB1 PIN 277: GENOME gameplay_screen__GB1 PIN 277
INST gameplay_screen__GB1 PIN 278: GENOME gameplay_screen__GB1 PIN 278
INST gameplay_screen__GB2 PIN 123: GENOME gameplay_screen__GB2 PIN 123
INST gameplay_screen__GB2 PIN 124: GENOME gameplay_screen__GB2 PIN 124
INST gameplay_screen__GB2 PIN 125: GENOME gameplay_screen__GB2 PIN 125
INST gameplay_screen__GB2 PIN 126: GENOME gameplay_screen__GB2 PIN 126
INST gameplay_screen__GB2 PIN 127: GENOME gameplay_screen__GB2 PIN 127
INST gameplay_screen__GB2 PIN 128: GENOME gameplay_screen__GB2 PIN 128
INST gameplay_screen__GB2 PIN 129: GENOME gameplay_screen__GB2 PIN 129
INST gameplay_screen__GB2 PIN 130: GENOME gameplay_screen__GB2 PIN 130
INST gameplay_screen__GB2 PIN 131: GENOME gameplay_screen__GB2 PIN 131
INST gameplay_screen__GB2 PIN 132: GENOME gameplay_screen__GB2 PIN 132
INST gameplay_screen__GB2 PIN 133: GENOME gameplay_screen__GB2 PIN 133
INST gameplay_screen__GB2 PIN 156: GENOME gameplay_screen__GB2 PIN 156
INST gameplay_screen__GB2 PIN 157: GENOME gameplay_screen__GB2 PIN 157
INST gameplay_screen__GB2 PIN 158: GENOME gameplay_screen__GB2 PIN 158
INST gameplay_screen__GB2 PIN 159: GENOME gameplay_screen__GB2 PIN 159
INST gameplay_screen__GB2 PIN 160: GENOME gameplay_screen__GB2 PIN 160
INST gameplay_screen__GB2 PIN 161: GENOME gameplay_screen__GB2 PIN 161
INST gameplay_screen__GB2 PIN 162: GENOME gameplay_screen__GB2 PIN 162
INST gameplay_screen__GB2 PIN 163: GENOME gameplay_screen__GB2 PIN 163
INST gameplay_screen__GB2 PIN 164: GENOME gameplay_screen__GB2 PIN 164
INST gameplay_screen__GB2 PIN 165: GENOME gameplay_screen__GB2 PIN 165
INST gameplay_screen__GB2 PIN 166: GENOME gameplay_screen__GB2 PIN 166
INST gameplay_screen__GB2 PIN 181: GENOME gameplay_screen__GB2 PIN 181
INST gameplay_screen__GB2 PIN 182: GENOME gameplay_screen__GB2 PIN 182
INST gameplay_screen__GB2 PIN 183: GENOME gameplay_screen__GB2 PIN 183
INST gameplay_screen__GB2 PIN 184: GENOME gameplay_screen__GB2 PIN 184
INST gameplay_screen__GB2 PIN 185: GENOME gameplay_screen__GB2 PIN 185
INST gameplay_screen__GB2 PIN 186: GENOME gameplay_screen__GB2 PIN 186
INST gameplay_screen__GB2 PIN 187: GENOME gameplay_screen__GB2 PIN 187
INST gameplay_screen__GB2 PIN 188: GENOME gameplay_screen__GB2 PIN 188
INST gameplay_screen__GB2 PIN 189: GENOME gameplay_screen__GB2 PIN 189
INST gameplay_screen__GB2 PIN 190: GENOME gameplay_screen__GB2 PIN 190
INST gameplay_screen__GB2 PIN 191: GENOME gameplay_screen__GB2 PIN 191
INST gameplay_screen__GB2 PIN 193: GENOME gameplay_screen__GB2 PIN 193
INST gameplay_screen__GB2 PIN 194: GENOME gameplay_screen__GB2 PIN 194
INST gameplay_screen__GB2 PIN 195: GENOME gameplay_screen__GB2 PIN 195
INST gameplay_screen__GB2 PIN 196: GENOME gameplay_screen__GB2 PIN 196
INST gameplay_screen__GB2 PIN 197: GENOME gameplay_screen__GB2 PIN 197
INST gameplay_screen__GB2 PIN 198: GENOME gameplay_screen__GB2 PIN 198
INST gameplay_screen__GB2 PIN 199: GENOME gameplay_screen__GB2 PIN 199
INST gameplay_screen__GB2 PIN 200: GENOME gameplay_screen__GB2 PIN 200
INST gameplay_screen__GB2 PIN 201: GENOME gameplay_screen__GB2 PIN 201
INST gameplay_screen__GB2 PIN 202: GENOME gameplay_screen__GB2 PIN 202
INST gameplay_screen__GB2 PIN 203: GENOME gameplay_screen__GB2 PIN 203
INST gameplay_screen__GB2 PIN 205: GENOME gameplay_screen__GB2 PIN 205
INST gameplay_screen__GB2 PIN 206: GENOME gameplay_screen__GB2 PIN 206
INST gameplay_screen__GB2 PIN 207: GENOME gameplay_screen__GB2 PIN 207
INST gameplay_screen__GB2 PIN 208: GENOME gameplay_screen__GB2 PIN 208
INST gameplay_screen__GB2 PIN 209: GENOME gameplay_screen__GB2 PIN 209
INST gameplay_screen__GB2 PIN 210: GENOME gameplay_screen__GB2 PIN 210
INST gameplay_screen__GB2 PIN 211: GENOME gameplay_screen__GB2 PIN 211
INST gameplay_screen__GB2 PIN 212: GENOME gameplay_screen__GB2 PIN 212
INST gameplay_screen__GB2 PIN 213: GENOME gameplay_screen__GB2 PIN 213
INST gameplay_screen__GB2 PIN 214: GENOME gameplay_screen__GB2 PIN 214
INST gameplay_screen__GB2 PIN 215: GENOME gameplay_screen__GB2 PIN 215
INST gameplay_screen__GB9 PIN 32: GENOME gameplay_screen__GB9 PIN 32
INST gameplay_screen__GB9 PIN 56: GENOME gameplay_screen__GB9 PIN 56
INST gameplay_screen__GB9 PIN 69: GENOME gameplay_screen__GB9 PIN 69
INST gameplay_screen__GB9 PIN 70: GENOME gameplay_screen__GB9 PIN 70
INST gameplay_screen__GB9 PIN 71: GENOME gameplay_screen__GB9 PIN 71
INST gameplay_screen__GB9 PIN 81: GENOME gameplay_screen__GB9 PIN 81
INST gameplay_screen__GB9 PIN 82: GENOME gameplay_screen__GB9 PIN 82
INST gameplay_screen__GB9 PIN 83: GENOME gameplay_screen__GB9 PIN 83
INST gameplay_screen__GB9 PIN 236: GENOME gameplay_screen__GB9 PIN 236
INST gameplay_screen__GB9 PIN 249: GENOME gameplay_screen__GB9 PIN 249
INST gameplay_screen__GB9 PIN 275: GENOME gameplay_screen__GB9 PIN 275
INST top_level__GC0 PIN 102: GENOME top_level__GC0 PIN 102 INST top_level__GC0 PIN 38 TYPE 5
INST top_level__GC0 PIN 38: GENOME top_level__GC0 PIN 38
INST top_level__GC0 PIN 103: GENOME top_level__GC0 PIN 103 INST top_level__GC0 PIN 37 TYPE 5
INST top_level__GC0 PIN 37: GENOME top_level__GC0 PIN 37
INST top_level__GC0 PIN 104: GENOME top_level__GC0 PIN 104 INST top_level__GC0 PIN 39 TYPE 5
INST top_level__GC0 PIN 39: GENOME top_level__GC0 PIN 39
GENOME NON_GENOME PIN 38: GENOME NON_GENOME PIN 102
GENOME NON_GENOME PIN 37: GENOME NON_GENOME PIN 103
GENOME NON_GENOME PIN 103: GENOME NON_GENOME PIN 37
GENOME NON_GENOME PIN 104: GENOME NON_GENOME PIN 39
