GENOME NON_GENOME PIN 299: GENOME NON_GENOME PIN 8
GENOME NON_GENOME PIN 8: GENOME NON_GENOME PIN 299
GENOME NON_GENOME PIN 9: GENOME NON_GENOME PIN 20 GENOME NON_GENOME PIN 300
GENOME NON_GENOME PIN 20: GENOME NON_GENOME PIN 9 GENOME NON_GENOME PIN 21 GENOME NON_GENOME PIN 22 GENOME NON_GENOME PIN 23
GENOME NON_GENOME PIN 10: GENOME NON_GENOME PIN 21 GENOME NON_GENOME PIN 301
GENOME NON_GENOME PIN 21: GENOME NON_GENOME PIN 10 GENOME NON_GENOME PIN 20
GENOME NON_GENOME PIN 279: GENOME NON_GENOME PIN 35
GENOME NON_GENOME PIN 35: GENOME NON_GENOME PIN 279 GENOME NON_GENOME PIN 32
GENOME NON_GENOME PIN 36: GENOME NON_GENOME PIN 48 GENOME NON_GENOME PIN 280 GENOME NON_GENOME PIN 12
GENOME NON_GENOME PIN 48: GENOME NON_GENOME PIN 36
GENOME NON_GENOME PIN 37: GENOME NON_GENOME PIN 49 GENOME NON_GENOME PIN 281 GENOME NON_GENOME PIN 103
GENOME NON_GENOME PIN 49: GENOME NON_GENOME PIN 37
GENOME NON_GENOME PIN 542: GENOME NON_GENOME PIN 59
GENOME NON_GENOME PIN 59: GENOME NON_GENOME PIN 542 GENOME NON_GENOME PIN 60 GENOME NON_GENOME PIN 61 GENOME NON_GENOME PIN 62
GENOME NON_GENOME PIN 543: GENOME NON_GENOME PIN 60
GENOME NON_GENOME PIN 60: GENOME NON_GENOME PIN 543 GENOME NON_GENOME PIN 59
GENOME NON_GENOME PIN 79: GENOME NON_GENOME PIN 69 GENOME NON_GENOME PIN 290
GENOME NON_GENOME PIN 69: GENOME NON_GENOME PIN 79
GENOME NON_GENOME PIN 289: GENOME NON_GENOME PIN 78
GENOME NON_GENOME PIN 78: GENOME NON_GENOME PIN 289
GENOME NON_GENOME PIN 70: GENOME NON_GENOME PIN 80 GENOME NON_GENOME PIN 291
GENOME NON_GENOME PIN 80: GENOME NON_GENOME PIN 70
GENOME NON_GENOME PIN 205: GENOME NON_GENOME PIN 90
GENOME NON_GENOME PIN 90: GENOME NON_GENOME PIN 205
GENOME NON_GENOME PIN 91: GENOME NON_GENOME PIN 102 GENOME NON_GENOME PIN 206
GENOME NON_GENOME PIN 102: GENOME NON_GENOME PIN 91 GENOME NON_GENOME PIN 38
GENOME NON_GENOME PIN 92: GENOME NON_GENOME PIN 103 GENOME NON_GENOME PIN 207
GENOME NON_GENOME PIN 103: GENOME NON_GENOME PIN 92 GENOME NON_GENOME PIN 37
GENOME NON_GENOME PIN 133: GENOME NON_GENOME PIN 123 GENOME NON_GENOME PIN 223
GENOME NON_GENOME PIN 123: GENOME NON_GENOME PIN 133
GENOME NON_GENOME PIN 222: GENOME NON_GENOME PIN 132
GENOME NON_GENOME PIN 132: GENOME NON_GENOME PIN 222
GENOME NON_GENOME PIN 124: GENOME NON_GENOME PIN 134 GENOME NON_GENOME PIN 224
GENOME NON_GENOME PIN 134: GENOME NON_GENOME PIN 124
GENOME NON_GENOME PIN 183: GENOME NON_GENOME PIN 146 GENOME NON_GENOME PIN 237 GENOME NON_GENOME PIN 181
GENOME NON_GENOME PIN 146: GENOME NON_GENOME PIN 183
GENOME NON_GENOME PIN 171: GENOME NON_GENOME PIN 160 GENOME NON_GENOME PIN 266 GENOME NON_GENOME PIN 169
GENOME NON_GENOME PIN 160: GENOME NON_GENOME PIN 171
GENOME NON_GENOME PIN 265: GENOME NON_GENOME PIN 170
GENOME NON_GENOME PIN 170: GENOME NON_GENOME PIN 265 GENOME NON_GENOME PIN 169
GENOME NON_GENOME PIN 161: GENOME NON_GENOME PIN 172 GENOME NON_GENOME PIN 267
GENOME NON_GENOME PIN 172: GENOME NON_GENOME PIN 161 GENOME NON_GENOME PIN 169
GENOME NON_GENOME PIN 236: GENOME NON_GENOME PIN 182
GENOME NON_GENOME PIN 182: GENOME NON_GENOME PIN 236 GENOME NON_GENOME PIN 181
GENOME NON_GENOME PIN 147: GENOME NON_GENOME PIN 184 GENOME NON_GENOME PIN 238
GENOME NON_GENOME PIN 184: GENOME NON_GENOME PIN 147 GENOME NON_GENOME PIN 181
GENOME NON_GENOME PIN 206: GENOME NON_GENOME PIN 91
GENOME NON_GENOME PIN 207: GENOME NON_GENOME PIN 92
GENOME NON_GENOME PIN 223: GENOME NON_GENOME PIN 133
GENOME NON_GENOME PIN 224: GENOME NON_GENOME PIN 124
GENOME NON_GENOME PIN 237: GENOME NON_GENOME PIN 183
GENOME NON_GENOME PIN 238: GENOME NON_GENOME PIN 147
GENOME NON_GENOME PIN 266: GENOME NON_GENOME PIN 171
GENOME NON_GENOME PIN 267: GENOME NON_GENOME PIN 161
GENOME NON_GENOME PIN 280: GENOME NON_GENOME PIN 36
GENOME NON_GENOME PIN 281: GENOME NON_GENOME PIN 37
GENOME NON_GENOME PIN 290: GENOME NON_GENOME PIN 79
GENOME NON_GENOME PIN 291: GENOME NON_GENOME PIN 70
GENOME NON_GENOME PIN 300: GENOME NON_GENOME PIN 9
GENOME NON_GENOME PIN 301: GENOME NON_GENOME PIN 10
GENOME NON_GENOME PIN 11: GENOME NON_GENOME PIN 23
GENOME NON_GENOME PIN 23: GENOME NON_GENOME PIN 11 GENOME NON_GENOME PIN 20
GENOME NON_GENOME PIN 12: GENOME NON_GENOME PIN 24 GENOME NON_GENOME PIN 36
GENOME NON_GENOME PIN 24: GENOME NON_GENOME PIN 12
GENOME NON_GENOME PIN 61: GENOME NON_GENOME PIN 59
GENOME NON_GENOME PIN 62: GENOME NON_GENOME PIN 59
GENOME NON_GENOME PIN 71: GENOME NON_GENOME PIN 72 GENOME NON_GENOME PIN 73 GENOME NON_GENOME PIN 74
GENOME NON_GENOME PIN 72: GENOME NON_GENOME PIN 71
GENOME NON_GENOME PIN 73: GENOME NON_GENOME PIN 71
GENOME NON_GENOME PIN 74: GENOME NON_GENOME PIN 71
GENOME NON_GENOME PIN 152: GENOME NON_GENOME PIN 153 GENOME NON_GENOME PIN 154 GENOME NON_GENOME PIN 155
GENOME NON_GENOME PIN 153: GENOME NON_GENOME PIN 152
GENOME NON_GENOME PIN 154: GENOME NON_GENOME PIN 152
GENOME NON_GENOME PIN 155: GENOME NON_GENOME PIN 152
GENOME NON_GENOME PIN 169: GENOME NON_GENOME PIN 170 GENOME NON_GENOME PIN 171 GENOME NON_GENOME PIN 172
GENOME NON_GENOME PIN 181: GENOME NON_GENOME PIN 182 GENOME NON_GENOME PIN 183 GENOME NON_GENOME PIN 184
GENOME NON_GENOME PIN 193: GENOME NON_GENOME PIN 194 GENOME NON_GENOME PIN 195 GENOME NON_GENOME PIN 196
GENOME NON_GENOME PIN 194: GENOME NON_GENOME PIN 193
GENOME NON_GENOME PIN 195: GENOME NON_GENOME PIN 193
GENOME NON_GENOME PIN 196: GENOME NON_GENOME PIN 193
INST gameplay_screen__GB11 PIN 12: INST gameplay_screen__GB11 PIN 24 TYPE 2 INST gameplay_screen__GB12 PIN 121 TYPE 4
INST gameplay_screen__GB11 PIN 169: INST gameplay_screen__GB11 PIN 170 TYPE 2 INST gameplay_screen__GB12 PIN 198 TYPE 4 INST gameplay_screen__GB11 PIN 171 TYPE 2 INST gameplay_screen__GB12 PIN 199 TYPE 4 INST gameplay_screen__GB11 PIN 172 TYPE 2 INST gameplay_screen__GB12 PIN 200 TYPE 4
INST gameplay_screen__GB11 PIN 173: INST gameplay_screen__GB12 PIN 201 TYPE 0 GENOME gameplay_screen__GB11 PIN 173
INST gameplay_screen__GB11 PIN 174: INST gameplay_screen__GB12 PIN 202 TYPE 0 GENOME gameplay_screen__GB11 PIN 174
INST gameplay_screen__GB11 PIN 175: INST gameplay_screen__GB12 PIN 203 TYPE 0 GENOME gameplay_screen__GB11 PIN 175
INST gameplay_screen__GB11 PIN 176: INST gameplay_screen__GB12 PIN 204 TYPE 0 GENOME gameplay_screen__GB11 PIN 176
INST gameplay_screen__GB11 PIN 177: INST gameplay_screen__GB12 PIN 205 TYPE 0 GENOME gameplay_screen__GB11 PIN 177
INST gameplay_screen__GB11 PIN 178: INST gameplay_screen__GB12 PIN 206 TYPE 0 GENOME gameplay_screen__GB11 PIN 178
INST gameplay_screen__GB11 PIN 179: INST gameplay_screen__GB12 PIN 207 TYPE 0 GENOME gameplay_screen__GB11 PIN 179
INST gameplay_screen__GB11 PIN 180: INST gameplay_screen__GB12 PIN 208 TYPE 0 GENOME gameplay_screen__GB11 PIN 180
INST gameplay_screen__GB11 PIN 152: INST gameplay_screen__GB11 PIN 153 TYPE 2 INST gameplay_screen__GB12 PIN 210 TYPE 4 INST gameplay_screen__GB11 PIN 154 TYPE 2 INST gameplay_screen__GB12 PIN 211 TYPE 4 INST gameplay_screen__GB11 PIN 155 TYPE 2 INST gameplay_screen__GB12 PIN 212 TYPE 4
INST gameplay_screen__GB11 PIN 156: INST gameplay_screen__GB12 PIN 213 TYPE 0 GENOME gameplay_screen__GB11 PIN 156
INST gameplay_screen__GB11 PIN 157: INST gameplay_screen__GB12 PIN 214 TYPE 0 GENOME gameplay_screen__GB11 PIN 157
INST gameplay_screen__GB11 PIN 158: INST gameplay_screen__GB12 PIN 215 TYPE 0 GENOME gameplay_screen__GB11 PIN 158
INST gameplay_screen__GB11 PIN 159: INST gameplay_screen__GB12 PIN 216 TYPE 0 GENOME gameplay_screen__GB11 PIN 159
INST gameplay_screen__GB11 PIN 160: INST gameplay_screen__GB12 PIN 217 TYPE 0 GENOME gameplay_screen__GB11 PIN 160
INST gameplay_screen__GB11 PIN 161: INST gameplay_screen__GB12 PIN 218 TYPE 0 GENOME gameplay_screen__GB11 PIN 161
INST gameplay_screen__GB11 PIN 162: INST gameplay_screen__GB12 PIN 219 TYPE 0 GENOME gameplay_screen__GB11 PIN 162
INST gameplay_screen__GB11 PIN 163: INST gameplay_screen__GB12 PIN 220 TYPE 0 GENOME gameplay_screen__GB11 PIN 163
INST gameplay_screen__GB1 PIN 70: INST gameplay_screen__GB1 PIN 80 TYPE 2 INST gameplay_screen__GB2 PIN 156 TYPE 4 INST gameplay_screen__GB1 PIN 291 TYPE 2 INST gameplay_screen__GB0 PIN 689 TYPE 4
INST gameplay_screen__GB1 PIN 10: INST gameplay_screen__GB1 PIN 21 TYPE 2 INST gameplay_screen__GB2 PIN 186 TYPE 4 INST gameplay_screen__GB1 PIN 301 TYPE 2 INST gameplay_screen__GB0 PIN 679 TYPE 4
INST gameplay_screen__GB5 PIN 227: INST gameplay_screen__GB1 PIN 60 TYPE 3 INST gameplay_screen__GB5 PIN 260 TYPE 4 INST gameplay_screen__GB2 PIN 206 TYPE 4
INST gameplay_screen__GB1 PIN 92: INST gameplay_screen__GB1 PIN 103 TYPE 2 INST gameplay_screen__GB2 PIN 226 TYPE 4 INST gameplay_screen__GB1 PIN 207 TYPE 2 INST gameplay_screen__GB0 PIN 647 TYPE 4
INST gameplay_screen__GB1 PIN 37: INST gameplay_screen__GB1 PIN 49 TYPE 2 INST gameplay_screen__GB2 PIN 272 TYPE 4 INST gameplay_screen__GB1 PIN 281 TYPE 2 INST gameplay_screen__GB0 PIN 729 TYPE 4
INST gameplay_screen__GB1 PIN 161: INST gameplay_screen__GB1 PIN 172 TYPE 2 INST gameplay_screen__GB2 PIN 380 TYPE 4 INST gameplay_screen__GB1 PIN 267 TYPE 2 INST gameplay_screen__GB0 PIN 748 TYPE 4
INST gameplay_screen__GB1 PIN 147: INST gameplay_screen__GB1 PIN 184 TYPE 2 INST gameplay_screen__GB5 PIN 369 TYPE 4 INST gameplay_screen__GB2 PIN 402 TYPE 4 INST gameplay_screen__GB1 PIN 238 TYPE 2 INST gameplay_screen__GB0 PIN 776 TYPE 4
INST gameplay_screen__GB1 PIN 124: INST gameplay_screen__GB1 PIN 134 TYPE 2 INST gameplay_screen__GB5 PIN 411 TYPE 4 INST gameplay_screen__GB2 PIN 422 TYPE 4 INST gameplay_screen__GB1 PIN 224 TYPE 2 INST gameplay_screen__GB0 PIN 786 TYPE 4
INST gameplay_screen__GB11 PIN 193: INST gameplay_screen__GB11 PIN 194 TYPE 2 INST gameplay_screen__GB4 PIN 275 TYPE 4 INST gameplay_screen__GB11 PIN 195 TYPE 2 INST gameplay_screen__GB4 PIN 276 TYPE 4 INST gameplay_screen__GB11 PIN 196 TYPE 2 INST gameplay_screen__GB4 PIN 277 TYPE 4
INST gameplay_screen__GB11 PIN 197: INST gameplay_screen__GB4 PIN 278 TYPE 0 GENOME gameplay_screen__GB11 PIN 197
INST gameplay_screen__GB11 PIN 198: INST gameplay_screen__GB4 PIN 279 TYPE 0 GENOME gameplay_screen__GB11 PIN 198
INST gameplay_screen__GB11 PIN 199: INST gameplay_screen__GB4 PIN 280 TYPE 0 GENOME gameplay_screen__GB11 PIN 199
INST gameplay_screen__GB11 PIN 200: INST gameplay_screen__GB4 PIN 281 TYPE 0 GENOME gameplay_screen__GB11 PIN 200
INST gameplay_screen__GB11 PIN 201: INST gameplay_screen__GB4 PIN 282 TYPE 0 GENOME gameplay_screen__GB11 PIN 201
INST gameplay_screen__GB11 PIN 202: INST gameplay_screen__GB4 PIN 283 TYPE 0 GENOME gameplay_screen__GB11 PIN 202
INST gameplay_screen__GB11 PIN 203: INST gameplay_screen__GB4 PIN 284 TYPE 0 GENOME gameplay_screen__GB11 PIN 203
INST gameplay_screen__GB11 PIN 204: INST gameplay_screen__GB4 PIN 285 TYPE 0 GENOME gameplay_screen__GB11 PIN 204
INST gameplay_screen__GB11 PIN 181: INST gameplay_screen__GB11 PIN 182 TYPE 2 INST gameplay_screen__GB4 PIN 287 TYPE 4 INST gameplay_screen__GB11 PIN 183 TYPE 2 INST gameplay_screen__GB4 PIN 288 TYPE 4 INST gameplay_screen__GB11 PIN 184 TYPE 2 INST gameplay_screen__GB4 PIN 289 TYPE 4
INST gameplay_screen__GB11 PIN 185: INST gameplay_screen__GB4 PIN 290 TYPE 0 GENOME gameplay_screen__GB11 PIN 185
INST gameplay_screen__GB11 PIN 186: INST gameplay_screen__GB4 PIN 291 TYPE 0 GENOME gameplay_screen__GB11 PIN 186
INST gameplay_screen__GB11 PIN 187: INST gameplay_screen__GB4 PIN 292 TYPE 0 GENOME gameplay_screen__GB11 PIN 187
INST gameplay_screen__GB11 PIN 188: INST gameplay_screen__GB4 PIN 293 TYPE 0 GENOME gameplay_screen__GB11 PIN 188
INST gameplay_screen__GB11 PIN 189: INST gameplay_screen__GB4 PIN 294 TYPE 0 GENOME gameplay_screen__GB11 PIN 189
INST gameplay_screen__GB11 PIN 190: INST gameplay_screen__GB4 PIN 295 TYPE 0 GENOME gameplay_screen__GB11 PIN 190
INST gameplay_screen__GB11 PIN 191: INST gameplay_screen__GB4 PIN 296 TYPE 0 GENOME gameplay_screen__GB11 PIN 191
INST gameplay_screen__GB11 PIN 192: INST gameplay_screen__GB4 PIN 297 TYPE 0 GENOME gameplay_screen__GB11 PIN 192
INST gameplay_screen__GB11 PIN 59: INST gameplay_screen__GB11 PIN 60 TYPE 2 INST gameplay_screen__GB4 PIN 536 TYPE 4 INST gameplay_screen__GB11 PIN 61 TYPE 2 INST gameplay_screen__GB4 PIN 537 TYPE 4 INST gameplay_screen__GB11 PIN 62 TYPE 2 INST gameplay_screen__GB4 PIN 538 TYPE 4
INST gameplay_screen__GB11 PIN 63: INST gameplay_screen__GB4 PIN 539 TYPE 0 GENOME gameplay_screen__GB11 PIN 63
INST gameplay_screen__GB11 PIN 64: INST gameplay_screen__GB4 PIN 540 TYPE 0 GENOME gameplay_screen__GB11 PIN 64
INST gameplay_screen__GB11 PIN 65: INST gameplay_screen__GB4 PIN 541 TYPE 0 GENOME gameplay_screen__GB11 PIN 65
INST gameplay_screen__GB11 PIN 66: INST gameplay_screen__GB4 PIN 542 TYPE 0 GENOME gameplay_screen__GB11 PIN 66
INST gameplay_screen__GB11 PIN 67: INST gameplay_screen__GB4 PIN 543 TYPE 0 GENOME gameplay_screen__GB11 PIN 67
INST gameplay_screen__GB11 PIN 68: INST gameplay_screen__GB4 PIN 544 TYPE 0 GENOME gameplay_screen__GB11 PIN 68
INST gameplay_screen__GB11 PIN 69: INST gameplay_screen__GB4 PIN 545 TYPE 0 GENOME gameplay_screen__GB11 PIN 69
INST gameplay_screen__GB11 PIN 70: INST gameplay_screen__GB4 PIN 546 TYPE 0 GENOME gameplay_screen__GB11 PIN 70
INST gameplay_screen__GB11 PIN 71: INST gameplay_screen__GB11 PIN 72 TYPE 2 INST gameplay_screen__GB4 PIN 548 TYPE 4 INST gameplay_screen__GB11 PIN 73 TYPE 2 INST gameplay_screen__GB4 PIN 549 TYPE 4 INST gameplay_screen__GB11 PIN 74 TYPE 2 INST gameplay_screen__GB4 PIN 550 TYPE 4
INST gameplay_screen__GB11 PIN 75: INST gameplay_screen__GB4 PIN 551 TYPE 0 GENOME gameplay_screen__GB11 PIN 75
INST gameplay_screen__GB11 PIN 76: INST gameplay_screen__GB4 PIN 552 TYPE 0 GENOME gameplay_screen__GB11 PIN 76
INST gameplay_screen__GB11 PIN 77: INST gameplay_screen__GB4 PIN 553 TYPE 0 GENOME gameplay_screen__GB11 PIN 77
INST gameplay_screen__GB11 PIN 78: INST gameplay_screen__GB4 PIN 554 TYPE 0 GENOME gameplay_screen__GB11 PIN 78
INST gameplay_screen__GB11 PIN 79: INST gameplay_screen__GB4 PIN 555 TYPE 0 GENOME gameplay_screen__GB11 PIN 79
INST gameplay_screen__GB11 PIN 80: INST gameplay_screen__GB4 PIN 556 TYPE 0 GENOME gameplay_screen__GB11 PIN 80
INST gameplay_screen__GB11 PIN 81: INST gameplay_screen__GB4 PIN 557 TYPE 0 GENOME gameplay_screen__GB11 PIN 81
INST gameplay_screen__GB11 PIN 82: INST gameplay_screen__GB4 PIN 558 TYPE 0 GENOME gameplay_screen__GB11 PIN 82
INST gameplay_screen__GB1 PIN 91: INST gameplay_screen__GB1 PIN 206 TYPE 2 INST gameplay_screen__GB0 PIN 646 TYPE 4
INST gameplay_screen__GB1 PIN 9: INST gameplay_screen__GB1 PIN 300 TYPE 2 INST gameplay_screen__GB0 PIN 678 TYPE 4
INST gameplay_screen__GB1 PIN 79: INST gameplay_screen__GB1 PIN 290 TYPE 2 INST gameplay_screen__GB0 PIN 688 TYPE 4
INST gameplay_screen__GB1 PIN 36: INST gameplay_screen__GB1 PIN 280 TYPE 2 INST gameplay_screen__GB0 PIN 728 TYPE 4
INST gameplay_screen__GB1 PIN 171: INST gameplay_screen__GB1 PIN 266 TYPE 2 INST gameplay_screen__GB0 PIN 747 TYPE 4
INST gameplay_screen__GB1 PIN 183: INST gameplay_screen__GB1 PIN 237 TYPE 2 INST gameplay_screen__GB0 PIN 775 TYPE 4
INST gameplay_screen__GB1 PIN 133: INST gameplay_screen__GB1 PIN 223 TYPE 2 INST gameplay_screen__GB0 PIN 785 TYPE 4
INST gameplay_screen__GB11 PIN 24: GENOME gameplay_screen__GB11 PIN 24
INST gameplay_screen__GB11 PIN 60: GENOME gameplay_screen__GB11 PIN 60
INST gameplay_screen__GB11 PIN 61: GENOME gameplay_screen__GB11 PIN 61
INST gameplay_screen__GB11 PIN 62: GENOME gameplay_screen__GB11 PIN 62
INST gameplay_screen__GB11 PIN 72: GENOME gameplay_screen__GB11 PIN 72
INST gameplay_screen__GB11 PIN 73: GENOME gameplay_screen__GB11 PIN 73
INST gameplay_screen__GB11 PIN 74: GENOME gameplay_screen__GB11 PIN 74
INST gameplay_screen__GB11 PIN 153: GENOME gameplay_screen__GB11 PIN 153
INST gameplay_screen__GB11 PIN 154: GENOME gameplay_screen__GB11 PIN 154
INST gameplay_screen__GB11 PIN 155: GENOME gameplay_screen__GB11 PIN 155
INST gameplay_screen__GB11 PIN 170: GENOME gameplay_screen__GB11 PIN 170
INST gameplay_screen__GB11 PIN 171: GENOME gameplay_screen__GB11 PIN 171
INST gameplay_screen__GB11 PIN 172: GENOME gameplay_screen__GB11 PIN 172
INST gameplay_screen__GB11 PIN 182: GENOME gameplay_screen__GB11 PIN 182
INST gameplay_screen__GB11 PIN 183: GENOME gameplay_screen__GB11 PIN 183
INST gameplay_screen__GB11 PIN 184: GENOME gameplay_screen__GB11 PIN 184
INST gameplay_screen__GB11 PIN 194: GENOME gameplay_screen__GB11 PIN 194
INST gameplay_screen__GB11 PIN 195: GENOME gameplay_screen__GB11 PIN 195
INST gameplay_screen__GB11 PIN 196: GENOME gameplay_screen__GB11 PIN 196
INST gameplay_screen__GB12 PIN 198: GENOME gameplay_screen__GB12 PIN 198 INST gameplay_screen__GB11 PIN 169 TYPE 5
INST gameplay_screen__GB12 PIN 197: GENOME gameplay_screen__GB12 PIN 197
INST gameplay_screen__GB12 PIN 199: GENOME gameplay_screen__GB12 PIN 199 INST gameplay_screen__GB11 PIN 169 TYPE 5
INST gameplay_screen__GB12 PIN 200: GENOME gameplay_screen__GB12 PIN 200 INST gameplay_screen__GB11 PIN 169 TYPE 5
INST gameplay_screen__GB12 PIN 201: GENOME gameplay_screen__GB12 PIN 201
INST gameplay_screen__GB12 PIN 202: GENOME gameplay_screen__GB12 PIN 202
INST gameplay_screen__GB12 PIN 203: GENOME gameplay_screen__GB12 PIN 203
INST gameplay_screen__GB12 PIN 204: GENOME gameplay_screen__GB12 PIN 204
INST gameplay_screen__GB12 PIN 205: GENOME gameplay_screen__GB12 PIN 205
INST gameplay_screen__GB12 PIN 206: GENOME gameplay_screen__GB12 PIN 206
INST gameplay_screen__GB12 PIN 207: GENOME gameplay_screen__GB12 PIN 207
INST gameplay_screen__GB12 PIN 208: GENOME gameplay_screen__GB12 PIN 208
INST gameplay_screen__GB12 PIN 210: GENOME gameplay_screen__GB12 PIN 210 INST gameplay_screen__GB11 PIN 152 TYPE 5
INST gameplay_screen__GB12 PIN 209: GENOME gameplay_screen__GB12 PIN 209
INST gameplay_screen__GB12 PIN 211: GENOME gameplay_screen__GB12 PIN 211 INST gameplay_screen__GB11 PIN 152 TYPE 5
INST gameplay_screen__GB12 PIN 212: GENOME gameplay_screen__GB12 PIN 212 INST gameplay_screen__GB11 PIN 152 TYPE 5
INST gameplay_screen__GB12 PIN 213: GENOME gameplay_screen__GB12 PIN 213
INST gameplay_screen__GB12 PIN 214: GENOME gameplay_screen__GB12 PIN 214
INST gameplay_screen__GB12 PIN 215: GENOME gameplay_screen__GB12 PIN 215
INST gameplay_screen__GB12 PIN 216: GENOME gameplay_screen__GB12 PIN 216
INST gameplay_screen__GB12 PIN 217: GENOME gameplay_screen__GB12 PIN 217
INST gameplay_screen__GB12 PIN 218: GENOME gameplay_screen__GB12 PIN 218
INST gameplay_screen__GB12 PIN 219: GENOME gameplay_screen__GB12 PIN 219
INST gameplay_screen__GB12 PIN 220: GENOME gameplay_screen__GB12 PIN 220
GENOME NON_GENOME PIN 22: GENOME NON_GENOME PIN 20
GENOME NON_GENOME PIN 32: GENOME NON_GENOME PIN 33 GENOME NON_GENOME PIN 34 GENOME NON_GENOME PIN 35
GENOME NON_GENOME PIN 33: GENOME NON_GENOME PIN 32
GENOME NON_GENOME PIN 34: GENOME NON_GENOME PIN 32
GENOME NON_GENOME PIN 197: GENOME NON_GENOME PIN 198 GENOME NON_GENOME PIN 199 GENOME NON_GENOME PIN 200
GENOME NON_GENOME PIN 198: GENOME NON_GENOME PIN 197
GENOME NON_GENOME PIN 199: GENOME NON_GENOME PIN 197
GENOME NON_GENOME PIN 200: GENOME NON_GENOME PIN 197
GENOME NON_GENOME PIN 209: GENOME NON_GENOME PIN 210 GENOME NON_GENOME PIN 211 GENOME NON_GENOME PIN 212
GENOME NON_GENOME PIN 210: GENOME NON_GENOME PIN 209
GENOME NON_GENOME PIN 211: GENOME NON_GENOME PIN 209
GENOME NON_GENOME PIN 212: GENOME NON_GENOME PIN 209
INST gameplay_screen__GB1 PIN 21: GENOME gameplay_screen__GB1 PIN 21
INST gameplay_screen__GB1 PIN 49: GENOME gameplay_screen__GB1 PIN 49
INST gameplay_screen__GB1 PIN 60: GENOME gameplay_screen__GB1 PIN 60
INST gameplay_screen__GB1 PIN 80: GENOME gameplay_screen__GB1 PIN 80
INST gameplay_screen__GB1 PIN 103: GENOME gameplay_screen__GB1 PIN 103
INST gameplay_screen__GB1 PIN 134: GENOME gameplay_screen__GB1 PIN 134
INST gameplay_screen__GB1 PIN 172: GENOME gameplay_screen__GB1 PIN 172
INST gameplay_screen__GB1 PIN 184: GENOME gameplay_screen__GB1 PIN 184
INST gameplay_screen__GB1 PIN 206: GENOME gameplay_screen__GB1 PIN 206
INST gameplay_screen__GB1 PIN 207: GENOME gameplay_screen__GB1 PIN 207
INST gameplay_screen__GB1 PIN 223: GENOME gameplay_screen__GB1 PIN 223
INST gameplay_screen__GB1 PIN 224: GENOME gameplay_screen__GB1 PIN 224
INST gameplay_screen__GB1 PIN 237: GENOME gameplay_screen__GB1 PIN 237
INST gameplay_screen__GB1 PIN 238: GENOME gameplay_screen__GB1 PIN 238
INST gameplay_screen__GB1 PIN 266: GENOME gameplay_screen__GB1 PIN 266
INST gameplay_screen__GB1 PIN 267: GENOME gameplay_screen__GB1 PIN 267
INST gameplay_screen__GB1 PIN 280: GENOME gameplay_screen__GB1 PIN 280
INST gameplay_screen__GB1 PIN 281: GENOME gameplay_screen__GB1 PIN 281
INST gameplay_screen__GB1 PIN 290: GENOME gameplay_screen__GB1 PIN 290
INST gameplay_screen__GB1 PIN 291: GENOME gameplay_screen__GB1 PIN 291
INST gameplay_screen__GB1 PIN 300: GENOME gameplay_screen__GB1 PIN 300
INST gameplay_screen__GB1 PIN 301: GENOME gameplay_screen__GB1 PIN 301
INST gameplay_screen__GB2 PIN 166: GENOME gameplay_screen__GB2 PIN 166 INST gameplay_screen__GB1 PIN 70 TYPE 5
INST gameplay_screen__GB2 PIN 156: GENOME gameplay_screen__GB2 PIN 156
INST gameplay_screen__GB2 PIN 284: GENOME gameplay_screen__GB2 PIN 284 INST gameplay_screen__GB1 PIN 37 TYPE 5
INST gameplay_screen__GB2 PIN 272: GENOME gameplay_screen__GB2 PIN 272
INST gameplay_screen__GB2 PIN 308: GENOME gameplay_screen__GB2 PIN 308 INST gameplay_screen__GB1 PIN 10 TYPE 5
INST gameplay_screen__GB2 PIN 186: GENOME gameplay_screen__GB2 PIN 186
INST gameplay_screen__GB2 PIN 356: GENOME gameplay_screen__GB2 PIN 356 INST gameplay_screen__GB1 PIN 92 TYPE 5
INST gameplay_screen__GB2 PIN 226: GENOME gameplay_screen__GB2 PIN 226
INST gameplay_screen__GB2 PIN 380: GENOME gameplay_screen__GB2 PIN 380 INST gameplay_screen__GB1 PIN 161 TYPE 5
INST gameplay_screen__GB2 PIN 370: GENOME gameplay_screen__GB2 PIN 370
INST gameplay_screen__GB2 PIN 422: GENOME gameplay_screen__GB2 PIN 422 INST gameplay_screen__GB1 PIN 124 TYPE 5
INST gameplay_screen__GB2 PIN 320: GENOME gameplay_screen__GB2 PIN 320
INST gameplay_screen__GB2 PIN 432: GENOME gameplay_screen__GB2 PIN 432 INST gameplay_screen__GB1 PIN 147 TYPE 5
INST gameplay_screen__GB2 PIN 402: GENOME gameplay_screen__GB2 PIN 402
GENOME NON_GENOME PIN 156: GENOME NON_GENOME PIN 166
GENOME NON_GENOME PIN 166: GENOME NON_GENOME PIN 156
GENOME NON_GENOME PIN 272: GENOME NON_GENOME PIN 284
GENOME NON_GENOME PIN 284: GENOME NON_GENOME PIN 272
GENOME NON_GENOME PIN 186: GENOME NON_GENOME PIN 308
GENOME NON_GENOME PIN 308: GENOME NON_GENOME PIN 186
GENOME NON_GENOME PIN 226: GENOME NON_GENOME PIN 356
GENOME NON_GENOME PIN 356: GENOME NON_GENOME PIN 226
GENOME NON_GENOME PIN 370: GENOME NON_GENOME PIN 380
GENOME NON_GENOME PIN 380: GENOME NON_GENOME PIN 370
GENOME NON_GENOME PIN 320: GENOME NON_GENOME PIN 422
GENOME NON_GENOME PIN 422: GENOME NON_GENOME PIN 320
GENOME NON_GENOME PIN 402: GENOME NON_GENOME PIN 432
GENOME NON_GENOME PIN 432: GENOME NON_GENOME PIN 402
INST top_level__GC0 PIN 102: GENOME top_level__GC0 PIN 102 INST top_level__GC0 PIN 38 TYPE 5
INST top_level__GC0 PIN 38: GENOME top_level__GC0 PIN 38
INST top_level__GC0 PIN 103: GENOME top_level__GC0 PIN 103 INST top_level__GC0 PIN 37 TYPE 5
INST top_level__GC0 PIN 37: GENOME top_level__GC0 PIN 37
INST top_level__GC0 PIN 104: GENOME top_level__GC0 PIN 104 INST top_level__GC0 PIN 39 TYPE 5
INST top_level__GC0 PIN 39: GENOME top_level__GC0 PIN 39
GENOME NON_GENOME PIN 38: GENOME NON_GENOME PIN 102
GENOME NON_GENOME PIN 39: GENOME NON_GENOME PIN 104
GENOME NON_GENOME PIN 104: GENOME NON_GENOME PIN 39
INST gameplay_screen__GB12 PIN 20: INST gameplay_screen__GB12 PIN 21 TYPE 2 INST gameplay_screen__GB4 PIN 356 TYPE 4 INST gameplay_screen__GB12 PIN 22 TYPE 2 INST gameplay_screen__GB4 PIN 357 TYPE 4 INST gameplay_screen__GB12 PIN 23 TYPE 2 INST gameplay_screen__GB4 PIN 358 TYPE 4
INST gameplay_screen__GB12 PIN 24: INST gameplay_screen__GB4 PIN 359 TYPE 0 GENOME gameplay_screen__GB12 PIN 24
INST gameplay_screen__GB12 PIN 25: INST gameplay_screen__GB4 PIN 360 TYPE 0 GENOME gameplay_screen__GB12 PIN 25
INST gameplay_screen__GB12 PIN 26: INST gameplay_screen__GB4 PIN 361 TYPE 0 GENOME gameplay_screen__GB12 PIN 26
INST gameplay_screen__GB12 PIN 27: INST gameplay_screen__GB4 PIN 362 TYPE 0 GENOME gameplay_screen__GB12 PIN 27
INST gameplay_screen__GB12 PIN 28: INST gameplay_screen__GB4 PIN 363 TYPE 0 GENOME gameplay_screen__GB12 PIN 28
INST gameplay_screen__GB12 PIN 29: INST gameplay_screen__GB4 PIN 364 TYPE 0 GENOME gameplay_screen__GB12 PIN 29
INST gameplay_screen__GB12 PIN 30: INST gameplay_screen__GB4 PIN 365 TYPE 0 GENOME gameplay_screen__GB12 PIN 30
INST gameplay_screen__GB12 PIN 31: INST gameplay_screen__GB4 PIN 366 TYPE 0 GENOME gameplay_screen__GB12 PIN 31
INST gameplay_screen__GB12 PIN 32: INST gameplay_screen__GB12 PIN 33 TYPE 2 INST gameplay_screen__GB4 PIN 368 TYPE 4 INST gameplay_screen__GB12 PIN 34 TYPE 2 INST gameplay_screen__GB4 PIN 369 TYPE 4 INST gameplay_screen__GB12 PIN 35 TYPE 2 INST gameplay_screen__GB4 PIN 370 TYPE 4
INST gameplay_screen__GB12 PIN 36: INST gameplay_screen__GB4 PIN 371 TYPE 0 GENOME gameplay_screen__GB12 PIN 36
INST gameplay_screen__GB12 PIN 37: INST gameplay_screen__GB4 PIN 372 TYPE 0 GENOME gameplay_screen__GB12 PIN 37
INST gameplay_screen__GB12 PIN 38: INST gameplay_screen__GB4 PIN 373 TYPE 0 GENOME gameplay_screen__GB12 PIN 38
INST gameplay_screen__GB12 PIN 39: INST gameplay_screen__GB4 PIN 374 TYPE 0 GENOME gameplay_screen__GB12 PIN 39
INST gameplay_screen__GB12 PIN 40: INST gameplay_screen__GB4 PIN 375 TYPE 0 GENOME gameplay_screen__GB12 PIN 40
INST gameplay_screen__GB12 PIN 41: INST gameplay_screen__GB4 PIN 376 TYPE 0 GENOME gameplay_screen__GB12 PIN 41
INST gameplay_screen__GB12 PIN 42: INST gameplay_screen__GB4 PIN 377 TYPE 0 GENOME gameplay_screen__GB12 PIN 42
INST gameplay_screen__GB12 PIN 43: INST gameplay_screen__GB4 PIN 378 TYPE 0 GENOME gameplay_screen__GB12 PIN 43
INST gameplay_screen__GB12 PIN 21: GENOME gameplay_screen__GB12 PIN 21
INST gameplay_screen__GB12 PIN 22: GENOME gameplay_screen__GB12 PIN 22
INST gameplay_screen__GB12 PIN 23: GENOME gameplay_screen__GB12 PIN 23
INST gameplay_screen__GB12 PIN 33: GENOME gameplay_screen__GB12 PIN 33
INST gameplay_screen__GB12 PIN 34: GENOME gameplay_screen__GB12 PIN 34
INST gameplay_screen__GB12 PIN 35: GENOME gameplay_screen__GB12 PIN 35
