xilinx rtfpga
INFO: [Synth 8-3886] merging instance 'reds0_x_reg[0][0]' (FDRE) to 'blues0_x_reg[3][1]'
INFO: [Synth 8-3886] merging instance 'reds0_x_reg[0][9]' (FDRE) to 'blues0_x_reg[3][1]'
INFO: [Synth 8-3886] merging instance 'reds0_x_reg[0][8]' (FDRE) to 'blues0_x_reg[3][1]'
INFO: [Synth 8-3886] merging instance 'reds0_x_reg[0][7]' (FDRE) to 'blues0_x_reg[3][1]'
INFO: [Synth 8-3886] merging instance 'reds0_x_reg[0][6]' (FDRE) to 'blues0_x_reg[3][1]'
INFO: [Synth 8-3886] merging instance 'reds0_x_reg[0][5]' (FDSE) to 'blues0_x_reg[3][0]'
INFO: [Synth 8-3886] merging instance 'reds0_x_reg[0][1]' (FDRE) to 'blues0_x_reg[3][1]'
INFO: [Synth 8-3886] merging instance 'reds0_x_reg[0][2]' (FDSE) to 'blues0_x_reg[3][0]'
INFO: [Synth 8-3886] merging instance 'reds0_x_reg[0][3]' (FDSE) to 'blues0_x_reg[3][0]'
INFO: [Synth 8-3886] merging instance 'reds0_x_reg[0][4]' (FDSE) to 'blues0_x_reg[3][0]'
INFO: [Synth 8-3886] merging instance 'reds0_x_reg[0][10]' (FDRE) to 'blues0_x_reg[3][1]'
INFO: [Synth 8-3886] merging instance 'blues0_x_reg[3][0]' (FDSE) to 'blues0_x_reg[3][2]'
INFO: [Synth 8-3886] merging instance 'blues0_x_reg[3][9]' (FDRE) to 'blues0_x_reg[3][1]'
INFO: [Synth 8-3886] merging instance 'blues0_x_reg[3][8]' (FDSE) to 'blues0_x_reg[3][2]'
INFO: [Synth 8-3886] merging instance 'blues0_x_reg[3][7]' (FDRE) to 'blues0_x_reg[3][1]'
INFO: [Synth 8-3886] merging instance 'blues0_x_reg[3][6]' (FDRE) to 'blues0_x_reg[3][1]'
INFO: [Synth 8-3886] merging instance 'blues0_x_reg[3][5]' (FDRE) to 'blues0_x_reg[3][1]'
INFO: [Synth 8-3886] merging instance 'blues0_x_reg[3][1]' (FDRE) to 'blues0_x_reg[3][10]'
INFO: [Synth 8-3886] merging instance 'blues0_x_reg[3][2]' (FDSE) to 'blues0_x_reg[3][3]'
INFO: [Synth 8-3886] merging instance 'blues0_x_reg[3][3]' (FDSE) to 'blues0_x_reg[3][4]'
INFO: [Synth 8-3886] merging instance 'blues0_x_reg[3][4]' (FDSE) to 'reds0_x_reg[3][1]'
INFO: [Synth 8-3886] merging instance 'blues0_x_reg[3][10]' (FDRE) to 'reds0_x_reg[3][0]'
INFO: [Synth 8-3886] merging instance 'blues0_x_reg[9][0]' (FDSE) to 'reds0_x_reg[3][1]'
INFO: [Synth 8-3886] merging instance 'blues0_x_reg[9][9]' (FDSE) to 'reds0_x_reg[3][1]'
INFO: [Synth 8-3886] merging instance 'blues0_x_reg[9][8]' (FDSE) to 'reds0_x_reg[3][1]'
INFO: [Synth 8-3886] merging instance 'blues0_x_reg[9][7]' (FDRE) to 'reds0_x_reg[3][0]'
INFO: [Synth 8-3886] merging instance 'blues0_x_reg[9][6]' (FDRE) to 'reds0_x_reg[3][0]'
INFO: [Synth 8-3886] merging instance 'blues0_x_reg[9][5]' (FDSE) to 'reds0_x_reg[3][1]'
INFO: [Synth 8-3886] merging instance 'blues0_x_reg[9][1]' (FDRE) to 'reds0_x_reg[3][0]'
INFO: [Synth 8-3886] merging instance 'blues0_x_reg[9][2]' (FDRE) to 'reds0_x_reg[3][0]'
INFO: [Synth 8-3886] merging instance 'blues0_x_reg[9][3]' (FDSE) to 'reds0_x_reg[3][1]'
INFO: [Synth 8-3886] merging instance 'blues0_x_reg[9][4]' (FDSE) to 'reds0_x_reg[3][1]'
INFO: [Synth 8-3886] merging instance 'blues0_x_reg[9][10]' (FDRE) to 'reds0_x_reg[3][0]'
INFO: [Synth 8-3886] merging instance 'reds0_x_reg[3][0]' (FDRE) to 'reds0_x_reg[3][2]'
INFO: [Synth 8-3886] merging instance 'reds0_x_reg[3][9]' (FDRE) to 'reds0_x_reg[3][2]'
INFO: [Synth 8-3886] merging instance 'reds0_x_reg[3][8]' (FDSE) to 'reds0_x_reg[3][1]'
INFO: [Common 17-14] Message 'Synth 8-3886' appears 100 times and further instances of the messages will be disabled. Use the Tcl command set_msg_config to change the current settings.
INFO: [Synth 8-3333] propagating constant 1 across sequential element (\reds0_x_reg[8][3] )
INFO: [Synth 8-3333] propagating constant 0 across sequential element (\reds0_x_reg[8][10] )
