GENOME NON_GENOME PIN 478: GENOME NON_GENOME PIN 0
GENOME NON_GENOME PIN 0: GENOME NON_GENOME PIN 478
GENOME NON_GENOME PIN 479: GENOME NON_GENOME PIN 1
GENOME NON_GENOME PIN 1: GENOME NON_GENOME PIN 479
GENOME NON_GENOME PIN 480: GENOME NON_GENOME PIN 3
GENOME NON_GENOME PIN 3: GENOME NON_GENOME PIN 480
GENOME NON_GENOME PIN 436: GENOME NON_GENOME PIN 4
GENOME NON_GENOME PIN 4: GENOME NON_GENOME PIN 436
GENOME NON_GENOME PIN 438: GENOME NON_GENOME PIN 5
GENOME NON_GENOME PIN 5: GENOME NON_GENOME PIN 438
GENOME NON_GENOME PIN 440: GENOME NON_GENOME PIN 6
GENOME NON_GENOME PIN 6: GENOME NON_GENOME PIN 440
GENOME NON_GENOME PIN 442: GENOME NON_GENOME PIN 7
GENOME NON_GENOME PIN 7: GENOME NON_GENOME PIN 442
GENOME NON_GENOME PIN 444: GENOME NON_GENOME PIN 8
GENOME NON_GENOME PIN 8: GENOME NON_GENOME PIN 444
GENOME NON_GENOME PIN 446: GENOME NON_GENOME PIN 9
GENOME NON_GENOME PIN 9: GENOME NON_GENOME PIN 446 GENOME NON_GENOME PIN 357
GENOME NON_GENOME PIN 448: GENOME NON_GENOME PIN 10
GENOME NON_GENOME PIN 10: GENOME NON_GENOME PIN 448 GENOME NON_GENOME PIN 21 GENOME NON_GENOME PIN 358
GENOME NON_GENOME PIN 450: GENOME NON_GENOME PIN 11
GENOME NON_GENOME PIN 11: GENOME NON_GENOME PIN 450
GENOME NON_GENOME PIN 452: GENOME NON_GENOME PIN 12
GENOME NON_GENOME PIN 12: GENOME NON_GENOME PIN 452 GENOME NON_GENOME PIN 184
GENOME NON_GENOME PIN 390: GENOME NON_GENOME PIN 13 GENOME NON_GENOME PIN 259
GENOME NON_GENOME PIN 13: GENOME NON_GENOME PIN 390
GENOME NON_GENOME PIN 454: GENOME NON_GENOME PIN 14
GENOME NON_GENOME PIN 14: GENOME NON_GENOME PIN 454
GENOME NON_GENOME PIN 400: GENOME NON_GENOME PIN 15
GENOME NON_GENOME PIN 15: GENOME NON_GENOME PIN 400 GENOME NON_GENOME PIN 388
GENOME NON_GENOME PIN 481: GENOME NON_GENOME PIN 16
GENOME NON_GENOME PIN 16: GENOME NON_GENOME PIN 481
GENOME NON_GENOME PIN 458: GENOME NON_GENOME PIN 17
GENOME NON_GENOME PIN 17: GENOME NON_GENOME PIN 458
GENOME NON_GENOME PIN 460: GENOME NON_GENOME PIN 18
GENOME NON_GENOME PIN 18: GENOME NON_GENOME PIN 460 GENOME NON_GENOME PIN 29
GENOME NON_GENOME PIN 462: GENOME NON_GENOME PIN 19
GENOME NON_GENOME PIN 19: GENOME NON_GENOME PIN 462 GENOME NON_GENOME PIN 368
GENOME NON_GENOME PIN 464: GENOME NON_GENOME PIN 20 GENOME NON_GENOME PIN 75
GENOME NON_GENOME PIN 20: GENOME NON_GENOME PIN 464
GENOME NON_GENOME PIN 466: GENOME NON_GENOME PIN 21
GENOME NON_GENOME PIN 21: GENOME NON_GENOME PIN 466 GENOME NON_GENOME PIN 10 GENOME NON_GENOME PIN 43
GENOME NON_GENOME PIN 468: GENOME NON_GENOME PIN 22
GENOME NON_GENOME PIN 22: GENOME NON_GENOME PIN 468
GENOME NON_GENOME PIN 470: GENOME NON_GENOME PIN 23
GENOME NON_GENOME PIN 23: GENOME NON_GENOME PIN 470
GENOME NON_GENOME PIN 472: GENOME NON_GENOME PIN 24
GENOME NON_GENOME PIN 24: GENOME NON_GENOME PIN 472 GENOME NON_GENOME PIN 367
GENOME NON_GENOME PIN 474: GENOME NON_GENOME PIN 25
GENOME NON_GENOME PIN 25: GENOME NON_GENOME PIN 474 GENOME NON_GENOME PIN 368 GENOME NON_GENOME PIN 387
GENOME NON_GENOME PIN 476: GENOME NON_GENOME PIN 26
GENOME NON_GENOME PIN 26: GENOME NON_GENOME PIN 476 GENOME NON_GENOME PIN 388
GENOME NON_GENOME PIN 500: GENOME NON_GENOME PIN 27
GENOME NON_GENOME PIN 27: GENOME NON_GENOME PIN 500
GENOME NON_GENOME PIN 502: GENOME NON_GENOME PIN 28 GENOME NON_GENOME PIN 39
GENOME NON_GENOME PIN 28: GENOME NON_GENOME PIN 502 GENOME NON_GENOME PIN 152
GENOME NON_GENOME PIN 504: GENOME NON_GENOME PIN 29
GENOME NON_GENOME PIN 29: GENOME NON_GENOME PIN 504 GENOME NON_GENOME PIN 367 GENOME NON_GENOME PIN 18 GENOME NON_GENOME PIN 153
GENOME NON_GENOME PIN 506: GENOME NON_GENOME PIN 30
GENOME NON_GENOME PIN 30: GENOME NON_GENOME PIN 506 GENOME NON_GENOME PIN 368
GENOME NON_GENOME PIN 477: GENOME NON_GENOME PIN 31
GENOME NON_GENOME PIN 31: GENOME NON_GENOME PIN 477
GENOME NON_GENOME PIN 320: GENOME NON_GENOME PIN 32
GENOME NON_GENOME PIN 32: GENOME NON_GENOME PIN 320
GENOME NON_GENOME PIN 483: GENOME NON_GENOME PIN 39
GENOME NON_GENOME PIN 39: GENOME NON_GENOME PIN 483 GENOME NON_GENOME PIN 502 GENOME NON_GENOME PIN 104
GENOME NON_GENOME PIN 484: GENOME NON_GENOME PIN 40
GENOME NON_GENOME PIN 40: GENOME NON_GENOME PIN 484 GENOME NON_GENOME PIN 503 GENOME NON_GENOME PIN 51
GENOME NON_GENOME PIN 485: GENOME NON_GENOME PIN 41
GENOME NON_GENOME PIN 41: GENOME NON_GENOME PIN 485
GENOME NON_GENOME PIN 486: GENOME NON_GENOME PIN 42
GENOME NON_GENOME PIN 42: GENOME NON_GENOME PIN 486
GENOME NON_GENOME PIN 487: GENOME NON_GENOME PIN 43
GENOME NON_GENOME PIN 43: GENOME NON_GENOME PIN 487 GENOME NON_GENOME PIN 21
GENOME NON_GENOME PIN 488: GENOME NON_GENOME PIN 44
GENOME NON_GENOME PIN 44: GENOME NON_GENOME PIN 488
GENOME NON_GENOME PIN 489: GENOME NON_GENOME PIN 45
GENOME NON_GENOME PIN 45: GENOME NON_GENOME PIN 489
GENOME NON_GENOME PIN 490: GENOME NON_GENOME PIN 46
GENOME NON_GENOME PIN 46: GENOME NON_GENOME PIN 490 GENOME NON_GENOME PIN 92 GENOME NON_GENOME PIN 347
GENOME NON_GENOME PIN 491: GENOME NON_GENOME PIN 47
GENOME NON_GENOME PIN 47: GENOME NON_GENOME PIN 491 GENOME NON_GENOME PIN 348
GENOME NON_GENOME PIN 492: GENOME NON_GENOME PIN 48
GENOME NON_GENOME PIN 48: GENOME NON_GENOME PIN 492 GENOME NON_GENOME PIN 37
GENOME NON_GENOME PIN 493: GENOME NON_GENOME PIN 49
GENOME NON_GENOME PIN 49: GENOME NON_GENOME PIN 493
GENOME NON_GENOME PIN 494: GENOME NON_GENOME PIN 50
GENOME NON_GENOME PIN 50: GENOME NON_GENOME PIN 494
GENOME NON_GENOME PIN 495: GENOME NON_GENOME PIN 51
GENOME NON_GENOME PIN 51: GENOME NON_GENOME PIN 495 GENOME NON_GENOME PIN 62 GENOME NON_GENOME PIN 40
GENOME NON_GENOME PIN 496: GENOME NON_GENOME PIN 52
GENOME NON_GENOME PIN 52: GENOME NON_GENOME PIN 496
GENOME NON_GENOME PIN 508: GENOME NON_GENOME PIN 53
GENOME NON_GENOME PIN 53: GENOME NON_GENOME PIN 508
GENOME NON_GENOME PIN 510: GENOME NON_GENOME PIN 54
GENOME NON_GENOME PIN 54: GENOME NON_GENOME PIN 510
GENOME NON_GENOME PIN 512: GENOME NON_GENOME PIN 55
GENOME NON_GENOME PIN 55: GENOME NON_GENOME PIN 512
GENOME NON_GENOME PIN 514: GENOME NON_GENOME PIN 56
GENOME NON_GENOME PIN 56: GENOME NON_GENOME PIN 514
GENOME NON_GENOME PIN 516: GENOME NON_GENOME PIN 57
GENOME NON_GENOME PIN 57: GENOME NON_GENOME PIN 516
GENOME NON_GENOME PIN 518: GENOME NON_GENOME PIN 58
GENOME NON_GENOME PIN 58: GENOME NON_GENOME PIN 518
GENOME NON_GENOME PIN 410: GENOME NON_GENOME PIN 59
GENOME NON_GENOME PIN 59: GENOME NON_GENOME PIN 410
GENOME NON_GENOME PIN 523: GENOME NON_GENOME PIN 60
GENOME NON_GENOME PIN 60: GENOME NON_GENOME PIN 523
GENOME NON_GENOME PIN 525: GENOME NON_GENOME PIN 61
GENOME NON_GENOME PIN 61: GENOME NON_GENOME PIN 525 GENOME NON_GENOME PIN 149 GENOME NON_GENOME PIN 142
GENOME NON_GENOME PIN 527: GENOME NON_GENOME PIN 62
GENOME NON_GENOME PIN 62: GENOME NON_GENOME PIN 527 GENOME NON_GENOME PIN 51 GENOME NON_GENOME PIN 150 GENOME NON_GENOME PIN 73 GENOME NON_GENOME PIN 143
GENOME NON_GENOME PIN 529: GENOME NON_GENOME PIN 63
GENOME NON_GENOME PIN 63: GENOME NON_GENOME PIN 529
GENOME NON_GENOME PIN 531: GENOME NON_GENOME PIN 64
GENOME NON_GENOME PIN 64: GENOME NON_GENOME PIN 531
GENOME NON_GENOME PIN 330: GENOME NON_GENOME PIN 65
GENOME NON_GENOME PIN 65: GENOME NON_GENOME PIN 330 GENOME NON_GENOME PIN 465
GENOME NON_GENOME PIN 533: GENOME NON_GENOME PIN 66
GENOME NON_GENOME PIN 66: GENOME NON_GENOME PIN 533
GENOME NON_GENOME PIN 340: GENOME NON_GENOME PIN 67 GENOME NON_GENOME PIN 337
GENOME NON_GENOME PIN 67: GENOME NON_GENOME PIN 340
GENOME NON_GENOME PIN 535: GENOME NON_GENOME PIN 68
GENOME NON_GENOME PIN 68: GENOME NON_GENOME PIN 535
GENOME NON_GENOME PIN 537: GENOME NON_GENOME PIN 69
GENOME NON_GENOME PIN 69: GENOME NON_GENOME PIN 537
GENOME NON_GENOME PIN 539: GENOME NON_GENOME PIN 70
GENOME NON_GENOME PIN 70: GENOME NON_GENOME PIN 539
GENOME NON_GENOME PIN 541: GENOME NON_GENOME PIN 71
GENOME NON_GENOME PIN 71: GENOME NON_GENOME PIN 541
GENOME NON_GENOME PIN 350: GENOME NON_GENOME PIN 72 GENOME NON_GENOME PIN 349
GENOME NON_GENOME PIN 72: GENOME NON_GENOME PIN 350
GENOME NON_GENOME PIN 360: GENOME NON_GENOME PIN 73
GENOME NON_GENOME PIN 73: GENOME NON_GENOME PIN 360 GENOME NON_GENOME PIN 503 GENOME NON_GENOME PIN 62
GENOME NON_GENOME PIN 370: GENOME NON_GENOME PIN 74
GENOME NON_GENOME PIN 74: GENOME NON_GENOME PIN 370
GENOME NON_GENOME PIN 380: GENOME NON_GENOME PIN 75 GENOME NON_GENOME PIN 303
GENOME NON_GENOME PIN 75: GENOME NON_GENOME PIN 380 GENOME NON_GENOME PIN 76 GENOME NON_GENOME PIN 77 GENOME NON_GENOME PIN 78 GENOME NON_GENOME PIN 464
GENOME NON_GENOME PIN 338: GENOME NON_GENOME PIN 96 GENOME NON_GENOME PIN 337
GENOME NON_GENOME PIN 96: GENOME NON_GENOME PIN 338 GENOME NON_GENOME PIN 85
GENOME NON_GENOME PIN 118: GENOME NON_GENOME PIN 108
GENOME NON_GENOME PIN 108: GENOME NON_GENOME PIN 118
GENOME NON_GENOME PIN 358: GENOME NON_GENOME PIN 119 GENOME NON_GENOME PIN 10
GENOME NON_GENOME PIN 119: GENOME NON_GENOME PIN 358
GENOME NON_GENOME PIN 409: GENOME NON_GENOME PIN 140
GENOME NON_GENOME PIN 140: GENOME NON_GENOME PIN 409 GENOME NON_GENOME PIN 136
GENOME NON_GENOME PIN 141: GENOME NON_GENOME PIN 142 GENOME NON_GENOME PIN 143 GENOME NON_GENOME PIN 144 GENOME NON_GENOME PIN 136 GENOME NON_GENOME PIN 275
GENOME NON_GENOME PIN 142: GENOME NON_GENOME PIN 141 GENOME NON_GENOME PIN 136 GENOME NON_GENOME PIN 61 GENOME NON_GENOME PIN 131 GENOME NON_GENOME PIN 276
GENOME NON_GENOME PIN 143: GENOME NON_GENOME PIN 141 GENOME NON_GENOME PIN 136 GENOME NON_GENOME PIN 62 GENOME NON_GENOME PIN 121
GENOME NON_GENOME PIN 144: GENOME NON_GENOME PIN 141 GENOME NON_GENOME PIN 136 GENOME NON_GENOME PIN 122
GENOME NON_GENOME PIN 399: GENOME NON_GENOME PIN 153
GENOME NON_GENOME PIN 153: GENOME NON_GENOME PIN 399 GENOME NON_GENOME PIN 149 GENOME NON_GENOME PIN 29
GENOME NON_GENOME PIN 389: GENOME NON_GENOME PIN 154
GENOME NON_GENOME PIN 154: GENOME NON_GENOME PIN 389 GENOME NON_GENOME PIN 149 GENOME NON_GENOME PIN 88
GENOME NON_GENOME PIN 379: GENOME NON_GENOME PIN 155 GENOME NON_GENOME PIN 302
GENOME NON_GENOME PIN 155: GENOME NON_GENOME PIN 379 GENOME NON_GENOME PIN 149 GENOME NON_GENOME PIN 89
GENOME NON_GENOME PIN 369: GENOME NON_GENOME PIN 156 GENOME NON_GENOME PIN 128
GENOME NON_GENOME PIN 156: GENOME NON_GENOME PIN 369 GENOME NON_GENOME PIN 149
GENOME NON_GENOME PIN 359: GENOME NON_GENOME PIN 157
GENOME NON_GENOME PIN 157: GENOME NON_GENOME PIN 359 GENOME NON_GENOME PIN 149
GENOME NON_GENOME PIN 166: GENOME NON_GENOME PIN 167 GENOME NON_GENOME PIN 168 GENOME NON_GENOME PIN 169 GENOME NON_GENOME PIN 161 GENOME NON_GENOME PIN 177
GENOME NON_GENOME PIN 167: GENOME NON_GENOME PIN 166 GENOME NON_GENOME PIN 161
GENOME NON_GENOME PIN 168: GENOME NON_GENOME PIN 166 GENOME NON_GENOME PIN 161 GENOME NON_GENOME PIN 179
GENOME NON_GENOME PIN 169: GENOME NON_GENOME PIN 166 GENOME NON_GENOME PIN 161
GENOME NON_GENOME PIN 180: GENOME NON_GENOME PIN 181 GENOME NON_GENOME PIN 182 GENOME NON_GENOME PIN 183
GENOME NON_GENOME PIN 181: GENOME NON_GENOME PIN 180
GENOME NON_GENOME PIN 182: GENOME NON_GENOME PIN 180 GENOME NON_GENOME PIN 226
GENOME NON_GENOME PIN 183: GENOME NON_GENOME PIN 180 GENOME NON_GENOME PIN 227 GENOME NON_GENOME PIN 292
GENOME NON_GENOME PIN 349: GENOME NON_GENOME PIN 184 GENOME NON_GENOME PIN 350 GENOME NON_GENOME PIN 351 GENOME NON_GENOME PIN 352
GENOME NON_GENOME PIN 184: GENOME NON_GENOME PIN 349 GENOME NON_GENOME PIN 12
GENOME NON_GENOME PIN 339: GENOME NON_GENOME PIN 185 GENOME NON_GENOME PIN 337
GENOME NON_GENOME PIN 185: GENOME NON_GENOME PIN 339
GENOME NON_GENOME PIN 186: GENOME NON_GENOME PIN 187 GENOME NON_GENOME PIN 188 GENOME NON_GENOME PIN 189
GENOME NON_GENOME PIN 187: GENOME NON_GENOME PIN 186 GENOME NON_GENOME PIN 176
GENOME NON_GENOME PIN 188: GENOME NON_GENOME PIN 186 GENOME NON_GENOME PIN 177
GENOME NON_GENOME PIN 189: GENOME NON_GENOME PIN 186
GENOME NON_GENOME PIN 329: GENOME NON_GENOME PIN 198
GENOME NON_GENOME PIN 198: GENOME NON_GENOME PIN 329
GENOME NON_GENOME PIN 319: GENOME NON_GENOME PIN 199
GENOME NON_GENOME PIN 199: GENOME NON_GENOME PIN 319
GENOME NON_GENOME PIN 355: GENOME NON_GENOME PIN 200
GENOME NON_GENOME PIN 200: GENOME NON_GENOME PIN 355 GENOME NON_GENOME PIN 201 GENOME NON_GENOME PIN 202 GENOME NON_GENOME PIN 203
GENOME NON_GENOME PIN 356: GENOME NON_GENOME PIN 275
GENOME NON_GENOME PIN 275: GENOME NON_GENOME PIN 356 GENOME NON_GENOME PIN 141 GENOME NON_GENOME PIN 273
GENOME NON_GENOME PIN 325: GENOME NON_GENOME PIN 279 GENOME NON_GENOME PIN 336 GENOME NON_GENOME PIN 326 GENOME NON_GENOME PIN 327 GENOME NON_GENOME PIN 328
GENOME NON_GENOME PIN 279: GENOME NON_GENOME PIN 325 GENOME NON_GENOME PIN 277
GENOME NON_GENOME PIN 386: GENOME NON_GENOME PIN 290
GENOME NON_GENOME PIN 290: GENOME NON_GENOME PIN 386 GENOME NON_GENOME PIN 289
GENOME NON_GENOME PIN 357: GENOME NON_GENOME PIN 9
GENOME NON_GENOME PIN 503: GENOME NON_GENOME PIN 40 GENOME NON_GENOME PIN 73
GENOME NON_GENOME PIN 95: GENOME NON_GENOME PIN 84 GENOME NON_GENOME PIN 139
GENOME NON_GENOME PIN 84: GENOME NON_GENOME PIN 95 GENOME NON_GENOME PIN 161
GENOME NON_GENOME PIN 128: GENOME NON_GENOME PIN 117 GENOME NON_GENOME PIN 369 GENOME NON_GENOME PIN 120
GENOME NON_GENOME PIN 117: GENOME NON_GENOME PIN 128
GENOME NON_GENOME PIN 368: GENOME NON_GENOME PIN 127 GENOME NON_GENOME PIN 25 GENOME NON_GENOME PIN 19 GENOME NON_GENOME PIN 30
GENOME NON_GENOME PIN 127: GENOME NON_GENOME PIN 368 GENOME NON_GENOME PIN 120
GENOME NON_GENOME PIN 94: GENOME NON_GENOME PIN 138
GENOME NON_GENOME PIN 138: GENOME NON_GENOME PIN 94 GENOME NON_GENOME PIN 136
GENOME NON_GENOME PIN 139: GENOME NON_GENOME PIN 95 GENOME NON_GENOME PIN 136
GENOME NON_GENOME PIN 149: GENOME NON_GENOME PIN 61 GENOME NON_GENOME PIN 150 GENOME NON_GENOME PIN 151 GENOME NON_GENOME PIN 152 GENOME NON_GENOME PIN 153 GENOME NON_GENOME PIN 154 GENOME NON_GENOME PIN 155 GENOME NON_GENOME PIN 156 GENOME NON_GENOME PIN 157 GENOME NON_GENOME PIN 158 GENOME NON_GENOME PIN 159 GENOME NON_GENOME PIN 160
GENOME NON_GENOME PIN 150: GENOME NON_GENOME PIN 62 GENOME NON_GENOME PIN 149
GENOME NON_GENOME PIN 194: GENOME NON_GENOME PIN 172 GENOME NON_GENOME PIN 406
GENOME NON_GENOME PIN 172: GENOME NON_GENOME PIN 194 GENOME NON_GENOME PIN 161
GENOME NON_GENOME PIN 405: GENOME NON_GENOME PIN 193
GENOME NON_GENOME PIN 193: GENOME NON_GENOME PIN 405
GENOME NON_GENOME PIN 216: GENOME NON_GENOME PIN 205 GENOME NON_GENOME PIN 238 GENOME NON_GENOME PIN 213
GENOME NON_GENOME PIN 205: GENOME NON_GENOME PIN 216
GENOME NON_GENOME PIN 226: GENOME NON_GENOME PIN 182
GENOME NON_GENOME PIN 227: GENOME NON_GENOME PIN 183
GENOME NON_GENOME PIN 215: GENOME NON_GENOME PIN 237 GENOME NON_GENOME PIN 213
GENOME NON_GENOME PIN 237: GENOME NON_GENOME PIN 215
GENOME NON_GENOME PIN 238: GENOME NON_GENOME PIN 216
GENOME NON_GENOME PIN 259: GENOME NON_GENOME PIN 390
GENOME NON_GENOME PIN 260: GENOME NON_GENOME PIN 271 GENOME NON_GENOME PIN 391
GENOME NON_GENOME PIN 271: GENOME NON_GENOME PIN 260 GENOME NON_GENOME PIN 269
GENOME NON_GENOME PIN 292: GENOME NON_GENOME PIN 183 GENOME NON_GENOME PIN 289
GENOME NON_GENOME PIN 302: GENOME NON_GENOME PIN 379 GENOME NON_GENOME PIN 301
GENOME NON_GENOME PIN 303: GENOME NON_GENOME PIN 314 GENOME NON_GENOME PIN 380 GENOME NON_GENOME PIN 301
GENOME NON_GENOME PIN 314: GENOME NON_GENOME PIN 303 GENOME NON_GENOME PIN 313
GENOME NON_GENOME PIN 336: GENOME NON_GENOME PIN 325 GENOME NON_GENOME PIN 347 GENOME NON_GENOME PIN 333
GENOME NON_GENOME PIN 346: GENOME NON_GENOME PIN 335
GENOME NON_GENOME PIN 335: GENOME NON_GENOME PIN 346 GENOME NON_GENOME PIN 333
GENOME NON_GENOME PIN 347: GENOME NON_GENOME PIN 336 GENOME NON_GENOME PIN 46
GENOME NON_GENOME PIN 391: GENOME NON_GENOME PIN 260
GENOME NON_GENOME PIN 406: GENOME NON_GENOME PIN 194
GENOME NON_GENOME PIN 92: GENOME NON_GENOME PIN 46
GENOME NON_GENOME PIN 367: GENOME NON_GENOME PIN 24 GENOME NON_GENOME PIN 29
GENOME NON_GENOME PIN 294: GENOME NON_GENOME PIN 35 GENOME NON_GENOME PIN 293
GENOME NON_GENOME PIN 35: GENOME NON_GENOME PIN 294
GENOME NON_GENOME PIN 348: GENOME NON_GENOME PIN 47
GENOME NON_GENOME PIN 76: GENOME NON_GENOME PIN 75 GENOME NON_GENOME PIN 465
GENOME NON_GENOME PIN 77: GENOME NON_GENOME PIN 75
GENOME NON_GENOME PIN 78: GENOME NON_GENOME PIN 75 GENOME NON_GENOME PIN 89
GENOME NON_GENOME PIN 88: GENOME NON_GENOME PIN 89 GENOME NON_GENOME PIN 90 GENOME NON_GENOME PIN 91 GENOME NON_GENOME PIN 154
GENOME NON_GENOME PIN 89: GENOME NON_GENOME PIN 88 GENOME NON_GENOME PIN 78 GENOME NON_GENOME PIN 155
GENOME NON_GENOME PIN 90: GENOME NON_GENOME PIN 88
GENOME NON_GENOME PIN 91: GENOME NON_GENOME PIN 88
GENOME NON_GENOME PIN 443: GENOME NON_GENOME PIN 102
GENOME NON_GENOME PIN 102: GENOME NON_GENOME PIN 443 GENOME NON_GENOME PIN 38
GENOME NON_GENOME PIN 120: GENOME NON_GENOME PIN 121 GENOME NON_GENOME PIN 122 GENOME NON_GENOME PIN 123 GENOME NON_GENOME PIN 124 GENOME NON_GENOME PIN 125 GENOME NON_GENOME PIN 126 GENOME NON_GENOME PIN 127 GENOME NON_GENOME PIN 128 GENOME NON_GENOME PIN 129 GENOME NON_GENOME PIN 130 GENOME NON_GENOME PIN 131 GENOME NON_GENOME PIN 109
GENOME NON_GENOME PIN 121: GENOME NON_GENOME PIN 120 GENOME NON_GENOME PIN 143
GENOME NON_GENOME PIN 122: GENOME NON_GENOME PIN 120 GENOME NON_GENOME PIN 111 GENOME NON_GENOME PIN 144
GENOME NON_GENOME PIN 123: GENOME NON_GENOME PIN 120
GENOME NON_GENOME PIN 124: GENOME NON_GENOME PIN 120
GENOME NON_GENOME PIN 125: GENOME NON_GENOME PIN 120
GENOME NON_GENOME PIN 126: GENOME NON_GENOME PIN 120
GENOME NON_GENOME PIN 129: GENOME NON_GENOME PIN 120
GENOME NON_GENOME PIN 130: GENOME NON_GENOME PIN 120
GENOME NON_GENOME PIN 131: GENOME NON_GENOME PIN 120 GENOME NON_GENOME PIN 142
GENOME NON_GENOME PIN 136: GENOME NON_GENOME PIN 137 GENOME NON_GENOME PIN 138 GENOME NON_GENOME PIN 139 GENOME NON_GENOME PIN 140 GENOME NON_GENOME PIN 141 GENOME NON_GENOME PIN 142 GENOME NON_GENOME PIN 143 GENOME NON_GENOME PIN 144 GENOME NON_GENOME PIN 145 GENOME NON_GENOME PIN 146 GENOME NON_GENOME PIN 147
GENOME NON_GENOME PIN 137: GENOME NON_GENOME PIN 136
GENOME NON_GENOME PIN 145: GENOME NON_GENOME PIN 136
GENOME NON_GENOME PIN 146: GENOME NON_GENOME PIN 136
GENOME NON_GENOME PIN 147: GENOME NON_GENOME PIN 136
GENOME NON_GENOME PIN 151: GENOME NON_GENOME PIN 149
GENOME NON_GENOME PIN 152: GENOME NON_GENOME PIN 149 GENOME NON_GENOME PIN 28
GENOME NON_GENOME PIN 158: GENOME NON_GENOME PIN 149
GENOME NON_GENOME PIN 159: GENOME NON_GENOME PIN 149
GENOME NON_GENOME PIN 160: GENOME NON_GENOME PIN 149
GENOME NON_GENOME PIN 161: GENOME NON_GENOME PIN 162 GENOME NON_GENOME PIN 163 GENOME NON_GENOME PIN 164 GENOME NON_GENOME PIN 165 GENOME NON_GENOME PIN 166 GENOME NON_GENOME PIN 167 GENOME NON_GENOME PIN 168 GENOME NON_GENOME PIN 169 GENOME NON_GENOME PIN 170 GENOME NON_GENOME PIN 171 GENOME NON_GENOME PIN 172 GENOME NON_GENOME PIN 84
GENOME NON_GENOME PIN 162: GENOME NON_GENOME PIN 161 GENOME NON_GENOME PIN 85
GENOME NON_GENOME PIN 163: GENOME NON_GENOME PIN 161
GENOME NON_GENOME PIN 164: GENOME NON_GENOME PIN 161
GENOME NON_GENOME PIN 165: GENOME NON_GENOME PIN 161
GENOME NON_GENOME PIN 170: GENOME NON_GENOME PIN 161
GENOME NON_GENOME PIN 171: GENOME NON_GENOME PIN 161
GENOME NON_GENOME PIN 209: GENOME NON_GENOME PIN 210 GENOME NON_GENOME PIN 211 GENOME NON_GENOME PIN 212
GENOME NON_GENOME PIN 210: GENOME NON_GENOME PIN 209
GENOME NON_GENOME PIN 211: GENOME NON_GENOME PIN 209
GENOME NON_GENOME PIN 212: GENOME NON_GENOME PIN 209
GENOME NON_GENOME PIN 229: GENOME NON_GENOME PIN 230 GENOME NON_GENOME PIN 231 GENOME NON_GENOME PIN 232
GENOME NON_GENOME PIN 230: GENOME NON_GENOME PIN 229
GENOME NON_GENOME PIN 231: GENOME NON_GENOME PIN 229
GENOME NON_GENOME PIN 232: GENOME NON_GENOME PIN 229
GENOME NON_GENOME PIN 233: GENOME NON_GENOME PIN 234 GENOME NON_GENOME PIN 235 GENOME NON_GENOME PIN 236
GENOME NON_GENOME PIN 234: GENOME NON_GENOME PIN 233
GENOME NON_GENOME PIN 235: GENOME NON_GENOME PIN 233
GENOME NON_GENOME PIN 236: GENOME NON_GENOME PIN 233
GENOME NON_GENOME PIN 245: GENOME NON_GENOME PIN 246 GENOME NON_GENOME PIN 247 GENOME NON_GENOME PIN 248
GENOME NON_GENOME PIN 246: GENOME NON_GENOME PIN 245
GENOME NON_GENOME PIN 247: GENOME NON_GENOME PIN 245
GENOME NON_GENOME PIN 248: GENOME NON_GENOME PIN 245
GENOME NON_GENOME PIN 265: GENOME NON_GENOME PIN 266 GENOME NON_GENOME PIN 267 GENOME NON_GENOME PIN 268
GENOME NON_GENOME PIN 266: GENOME NON_GENOME PIN 265
GENOME NON_GENOME PIN 267: GENOME NON_GENOME PIN 265
GENOME NON_GENOME PIN 268: GENOME NON_GENOME PIN 265
GENOME NON_GENOME PIN 269: GENOME NON_GENOME PIN 270 GENOME NON_GENOME PIN 271 GENOME NON_GENOME PIN 272
GENOME NON_GENOME PIN 270: GENOME NON_GENOME PIN 269
GENOME NON_GENOME PIN 272: GENOME NON_GENOME PIN 269
GENOME NON_GENOME PIN 289: GENOME NON_GENOME PIN 290 GENOME NON_GENOME PIN 291 GENOME NON_GENOME PIN 292
GENOME NON_GENOME PIN 291: GENOME NON_GENOME PIN 289
GENOME NON_GENOME PIN 293: GENOME NON_GENOME PIN 294 GENOME NON_GENOME PIN 295 GENOME NON_GENOME PIN 296
GENOME NON_GENOME PIN 295: GENOME NON_GENOME PIN 293
GENOME NON_GENOME PIN 296: GENOME NON_GENOME PIN 293
GENOME NON_GENOME PIN 305: GENOME NON_GENOME PIN 306 GENOME NON_GENOME PIN 307 GENOME NON_GENOME PIN 308
GENOME NON_GENOME PIN 306: GENOME NON_GENOME PIN 305
GENOME NON_GENOME PIN 307: GENOME NON_GENOME PIN 305
GENOME NON_GENOME PIN 308: GENOME NON_GENOME PIN 305
GENOME NON_GENOME PIN 326: GENOME NON_GENOME PIN 325
GENOME NON_GENOME PIN 327: GENOME NON_GENOME PIN 325
GENOME NON_GENOME PIN 328: GENOME NON_GENOME PIN 325
GENOME NON_GENOME PIN 337: GENOME NON_GENOME PIN 338 GENOME NON_GENOME PIN 339 GENOME NON_GENOME PIN 340
GENOME NON_GENOME PIN 351: GENOME NON_GENOME PIN 349
GENOME NON_GENOME PIN 352: GENOME NON_GENOME PIN 349
GENOME NON_GENOME PIN 361: GENOME NON_GENOME PIN 362 GENOME NON_GENOME PIN 363 GENOME NON_GENOME PIN 364
GENOME NON_GENOME PIN 362: GENOME NON_GENOME PIN 361
GENOME NON_GENOME PIN 363: GENOME NON_GENOME PIN 361
GENOME NON_GENOME PIN 364: GENOME NON_GENOME PIN 361
GENOME NON_GENOME PIN 388: GENOME NON_GENOME PIN 15 GENOME NON_GENOME PIN 26
GENOME NON_GENOME PIN 387: GENOME NON_GENOME PIN 25
GENOME NON_GENOME PIN 174: GENOME NON_GENOME PIN 36
GENOME NON_GENOME PIN 36: GENOME NON_GENOME PIN 174
GENOME NON_GENOME PIN 37: GENOME NON_GENOME PIN 48 GENOME NON_GENOME PIN 175 GENOME NON_GENOME PIN 103
GENOME NON_GENOME PIN 85: GENOME NON_GENOME PIN 96 GENOME NON_GENOME PIN 162
GENOME NON_GENOME PIN 175: GENOME NON_GENOME PIN 37
GENOME NON_GENOME PIN 465: GENOME NON_GENOME PIN 65 GENOME NON_GENOME PIN 76
GENOME NON_GENOME PIN 98: GENOME NON_GENOME PIN 87
GENOME NON_GENOME PIN 87: GENOME NON_GENOME PIN 98
GENOME NON_GENOME PIN 109: GENOME NON_GENOME PIN 120
GENOME NON_GENOME PIN 179: GENOME NON_GENOME PIN 168 GENOME NON_GENOME PIN 191
GENOME NON_GENOME PIN 190: GENOME NON_GENOME PIN 178
GENOME NON_GENOME PIN 178: GENOME NON_GENOME PIN 190
GENOME NON_GENOME PIN 191: GENOME NON_GENOME PIN 179
GENOME NON_GENOME PIN 201: GENOME NON_GENOME PIN 200
GENOME NON_GENOME PIN 202: GENOME NON_GENOME PIN 200
GENOME NON_GENOME PIN 203: GENOME NON_GENOME PIN 200
GENOME NON_GENOME PIN 213: GENOME NON_GENOME PIN 214 GENOME NON_GENOME PIN 215 GENOME NON_GENOME PIN 216
GENOME NON_GENOME PIN 214: GENOME NON_GENOME PIN 213
GENOME NON_GENOME PIN 217: GENOME NON_GENOME PIN 218 GENOME NON_GENOME PIN 219 GENOME NON_GENOME PIN 220
GENOME NON_GENOME PIN 218: GENOME NON_GENOME PIN 217
GENOME NON_GENOME PIN 219: GENOME NON_GENOME PIN 217
GENOME NON_GENOME PIN 220: GENOME NON_GENOME PIN 217
GENOME NON_GENOME PIN 276: GENOME NON_GENOME PIN 142 GENOME NON_GENOME PIN 273
GENOME NON_GENOME PIN 281: GENOME NON_GENOME PIN 282 GENOME NON_GENOME PIN 283 GENOME NON_GENOME PIN 284
GENOME NON_GENOME PIN 282: GENOME NON_GENOME PIN 281
GENOME NON_GENOME PIN 283: GENOME NON_GENOME PIN 281
GENOME NON_GENOME PIN 284: GENOME NON_GENOME PIN 281
GENOME NON_GENOME PIN 111: GENOME NON_GENOME PIN 122
GENOME NON_GENOME PIN 177: GENOME NON_GENOME PIN 166 GENOME NON_GENOME PIN 188
GENOME NON_GENOME PIN 176: GENOME NON_GENOME PIN 187
GENOME NON_GENOME PIN 273: GENOME NON_GENOME PIN 274 GENOME NON_GENOME PIN 275 GENOME NON_GENOME PIN 276
GENOME NON_GENOME PIN 274: GENOME NON_GENOME PIN 273 GENOME NON_GENOME PIN 242
GENOME NON_GENOME PIN 277: GENOME NON_GENOME PIN 278 GENOME NON_GENOME PIN 279 GENOME NON_GENOME PIN 280
GENOME NON_GENOME PIN 278: GENOME NON_GENOME PIN 277
GENOME NON_GENOME PIN 280: GENOME NON_GENOME PIN 277
GENOME NON_GENOME PIN 297: GENOME NON_GENOME PIN 298 GENOME NON_GENOME PIN 299 GENOME NON_GENOME PIN 300
GENOME NON_GENOME PIN 298: GENOME NON_GENOME PIN 297
GENOME NON_GENOME PIN 299: GENOME NON_GENOME PIN 297
GENOME NON_GENOME PIN 300: GENOME NON_GENOME PIN 297
GENOME NON_GENOME PIN 301: GENOME NON_GENOME PIN 302 GENOME NON_GENOME PIN 303 GENOME NON_GENOME PIN 304
GENOME NON_GENOME PIN 304: GENOME NON_GENOME PIN 301
GENOME NON_GENOME PIN 313: GENOME NON_GENOME PIN 314 GENOME NON_GENOME PIN 315 GENOME NON_GENOME PIN 316
GENOME NON_GENOME PIN 315: GENOME NON_GENOME PIN 313
GENOME NON_GENOME PIN 316: GENOME NON_GENOME PIN 313
GENOME NON_GENOME PIN 333: GENOME NON_GENOME PIN 334 GENOME NON_GENOME PIN 335 GENOME NON_GENOME PIN 336
GENOME NON_GENOME PIN 334: GENOME NON_GENOME PIN 333
INST gameplay_screen__GB28 PIN 379: INST top_level__GC0 PIN 40 TYPE 5
INST gameplay_screen__GB1 PIN 288: INST gameplay_screen__GB16 PIN 431 TYPE 1 INST gameplay_screen__GB12 PIN 367 TYPE 1 INST gameplay_screen__GB9 PIN 276 TYPE 1 INST gameplay_screen__GB2 PIN 665 TYPE 1 GENOME gameplay_screen__GB1 PIN 288
INST gameplay_screen__GB12 PIN 24: INST gameplay_screen__GB20 PIN 215 TYPE 0 INST gameplay_screen__GB13 PIN 303 TYPE 0 GENOME gameplay_screen__GB12 PIN 24
INST gameplay_screen__GB1 PIN 289: INST gameplay_screen__GB16 PIN 432 TYPE 0 INST gameplay_screen__GB12 PIN 368 TYPE 0 INST gameplay_screen__GB9 PIN 277 TYPE 0 INST gameplay_screen__GB2 PIN 666 TYPE 0 GENOME gameplay_screen__GB1 PIN 289
INST gameplay_screen__GB12 PIN 25: INST gameplay_screen__GB20 PIN 216 TYPE 0 INST gameplay_screen__GB13 PIN 304 TYPE 0 GENOME gameplay_screen__GB12 PIN 25
INST gameplay_screen__GB26 PIN 115: INST gameplay_screen__GB12 PIN 47 TYPE 3 INST gameplay_screen__GB20 PIN 247 TYPE 4 INST gameplay_screen__GB13 PIN 314 TYPE 4
INST gameplay_screen__GB5 PIN 216: INST gameplay_screen__GB5 PIN 238 TYPE 2 INST gameplay_screen__GB7 PIN 223 TYPE 4 INST gameplay_screen__GB4 PIN 657 TYPE 4
INST gameplay_screen__GB25 PIN 29: INST gameplay_screen__GB25 PIN 153 TYPE 2 INST gameplay_screen__GB16 PIN 411 TYPE 4
INST gameplay_screen__GB1 PIN 280: INST gameplay_screen__GB16 PIN 423 TYPE 0 INST gameplay_screen__GB12 PIN 359 TYPE 0 INST gameplay_screen__GB9 PIN 268 TYPE 0 INST gameplay_screen__GB2 PIN 657 TYPE 0 GENOME gameplay_screen__GB1 PIN 280
INST gameplay_screen__GB1 PIN 281: INST gameplay_screen__GB16 PIN 424 TYPE 0 INST gameplay_screen__GB12 PIN 360 TYPE 0 INST gameplay_screen__GB9 PIN 269 TYPE 0 INST gameplay_screen__GB2 PIN 658 TYPE 0 GENOME gameplay_screen__GB1 PIN 281
INST gameplay_screen__GB1 PIN 282: INST gameplay_screen__GB16 PIN 425 TYPE 0 INST gameplay_screen__GB12 PIN 361 TYPE 0 INST gameplay_screen__GB9 PIN 270 TYPE 0 INST gameplay_screen__GB2 PIN 659 TYPE 0 GENOME gameplay_screen__GB1 PIN 282
INST gameplay_screen__GB1 PIN 283: INST gameplay_screen__GB16 PIN 426 TYPE 0 INST gameplay_screen__GB12 PIN 362 TYPE 0 INST gameplay_screen__GB9 PIN 271 TYPE 0 INST gameplay_screen__GB2 PIN 660 TYPE 0 GENOME gameplay_screen__GB1 PIN 283
INST gameplay_screen__GB1 PIN 284: INST gameplay_screen__GB16 PIN 427 TYPE 0 INST gameplay_screen__GB12 PIN 363 TYPE 0 INST gameplay_screen__GB9 PIN 272 TYPE 0 INST gameplay_screen__GB2 PIN 661 TYPE 0 GENOME gameplay_screen__GB1 PIN 284
INST gameplay_screen__GB1 PIN 285: INST gameplay_screen__GB16 PIN 428 TYPE 0 INST gameplay_screen__GB12 PIN 364 TYPE 0 INST gameplay_screen__GB9 PIN 273 TYPE 0 INST gameplay_screen__GB2 PIN 662 TYPE 0 GENOME gameplay_screen__GB1 PIN 285
INST gameplay_screen__GB1 PIN 286: INST gameplay_screen__GB16 PIN 429 TYPE 1 INST gameplay_screen__GB12 PIN 365 TYPE 1 INST gameplay_screen__GB9 PIN 274 TYPE 1 INST gameplay_screen__GB2 PIN 663 TYPE 1 GENOME gameplay_screen__GB1 PIN 286
INST gameplay_screen__GB1 PIN 287: INST gameplay_screen__GB16 PIN 430 TYPE 0 INST gameplay_screen__GB12 PIN 366 TYPE 0 INST gameplay_screen__GB9 PIN 275 TYPE 0 INST gameplay_screen__GB2 PIN 664 TYPE 0 GENOME gameplay_screen__GB1 PIN 287
INST gameplay_screen__GB16 PIN 269: INST gameplay_screen__GB16 PIN 270 TYPE 2 INST gameplay_screen__GB17 PIN 278 TYPE 4 INST gameplay_screen__GB16 PIN 271 TYPE 2 INST gameplay_screen__GB17 PIN 279 TYPE 4 INST gameplay_screen__GB16 PIN 272 TYPE 2 INST gameplay_screen__GB17 PIN 280 TYPE 4
INST gameplay_screen__GB16 PIN 273: INST gameplay_screen__GB17 PIN 281 TYPE 0 GENOME gameplay_screen__GB16 PIN 273
INST gameplay_screen__GB16 PIN 274: INST gameplay_screen__GB17 PIN 282 TYPE 0 GENOME gameplay_screen__GB16 PIN 274
INST gameplay_screen__GB16 PIN 275: INST gameplay_screen__GB17 PIN 283 TYPE 0 GENOME gameplay_screen__GB16 PIN 275
INST gameplay_screen__GB16 PIN 276: INST gameplay_screen__GB17 PIN 284 TYPE 0 GENOME gameplay_screen__GB16 PIN 276
INST gameplay_screen__GB16 PIN 277: INST gameplay_screen__GB17 PIN 285 TYPE 0 GENOME gameplay_screen__GB16 PIN 277
INST gameplay_screen__GB16 PIN 278: INST gameplay_screen__GB17 PIN 286 TYPE 0 GENOME gameplay_screen__GB16 PIN 278
INST gameplay_screen__GB16 PIN 279: INST gameplay_screen__GB17 PIN 287 TYPE 0 GENOME gameplay_screen__GB16 PIN 279
INST gameplay_screen__GB16 PIN 280: INST gameplay_screen__GB17 PIN 288 TYPE 0 GENOME gameplay_screen__GB16 PIN 280
INST gameplay_screen__GB16 PIN 233: INST gameplay_screen__GB16 PIN 234 TYPE 2 INST gameplay_screen__GB17 PIN 315 TYPE 4 INST gameplay_screen__GB16 PIN 235 TYPE 2 INST gameplay_screen__GB17 PIN 316 TYPE 4 INST gameplay_screen__GB16 PIN 236 TYPE 2 INST gameplay_screen__GB17 PIN 317 TYPE 4
INST gameplay_screen__GB16 PIN 237: INST gameplay_screen__GB17 PIN 318 TYPE 0 GENOME gameplay_screen__GB16 PIN 237
INST gameplay_screen__GB16 PIN 238: INST gameplay_screen__GB17 PIN 319 TYPE 0 GENOME gameplay_screen__GB16 PIN 238
INST gameplay_screen__GB16 PIN 239: INST gameplay_screen__GB17 PIN 320 TYPE 0 GENOME gameplay_screen__GB16 PIN 239
INST gameplay_screen__GB16 PIN 240: INST gameplay_screen__GB17 PIN 321 TYPE 0 GENOME gameplay_screen__GB16 PIN 240
INST gameplay_screen__GB16 PIN 241: INST gameplay_screen__GB17 PIN 322 TYPE 0 GENOME gameplay_screen__GB16 PIN 241
INST gameplay_screen__GB16 PIN 242: INST gameplay_screen__GB17 PIN 323 TYPE 0 GENOME gameplay_screen__GB16 PIN 242
INST gameplay_screen__GB16 PIN 243: INST gameplay_screen__GB17 PIN 324 TYPE 0 GENOME gameplay_screen__GB16 PIN 243
INST gameplay_screen__GB16 PIN 244: INST gameplay_screen__GB17 PIN 325 TYPE 0 GENOME gameplay_screen__GB16 PIN 244
INST gameplay_screen__GB16 PIN 164: INST gameplay_screen__GB15 PIN 30 TYPE 3 INST gameplay_screen__GB14 PIN 366 TYPE 4
INST gameplay_screen__GB16 PIN 341: INST gameplay_screen__GB14 PIN 626 TYPE 0 GENOME gameplay_screen__GB16 PIN 341
INST gameplay_screen__GB16 PIN 342: INST gameplay_screen__GB14 PIN 627 TYPE 0 GENOME gameplay_screen__GB16 PIN 342
INST gameplay_screen__GB16 PIN 343: INST gameplay_screen__GB14 PIN 628 TYPE 0 GENOME gameplay_screen__GB16 PIN 343
INST gameplay_screen__GB16 PIN 344: INST gameplay_screen__GB14 PIN 629 TYPE 0 GENOME gameplay_screen__GB16 PIN 344
INST gameplay_screen__GB16 PIN 345: INST gameplay_screen__GB14 PIN 630 TYPE 0 GENOME gameplay_screen__GB16 PIN 345
INST gameplay_screen__GB16 PIN 346: INST gameplay_screen__GB14 PIN 631 TYPE 0 GENOME gameplay_screen__GB16 PIN 346
INST gameplay_screen__GB16 PIN 347: INST gameplay_screen__GB14 PIN 632 TYPE 0 GENOME gameplay_screen__GB16 PIN 347
INST gameplay_screen__GB16 PIN 348: INST gameplay_screen__GB14 PIN 633 TYPE 0 GENOME gameplay_screen__GB16 PIN 348
INST gameplay_screen__GB16 PIN 349: INST gameplay_screen__GB16 PIN 350 TYPE 2 INST gameplay_screen__GB14 PIN 635 TYPE 4 INST gameplay_screen__GB16 PIN 351 TYPE 2 INST gameplay_screen__GB14 PIN 636 TYPE 4 INST gameplay_screen__GB16 PIN 352 TYPE 2 INST gameplay_screen__GB14 PIN 637 TYPE 4
INST gameplay_screen__GB16 PIN 353: INST gameplay_screen__GB14 PIN 638 TYPE 0 GENOME gameplay_screen__GB16 PIN 353
INST gameplay_screen__GB16 PIN 354: INST gameplay_screen__GB14 PIN 639 TYPE 0 GENOME gameplay_screen__GB16 PIN 354
INST gameplay_screen__GB16 PIN 355: INST gameplay_screen__GB14 PIN 640 TYPE 0 GENOME gameplay_screen__GB16 PIN 355
INST gameplay_screen__GB16 PIN 356: INST gameplay_screen__GB14 PIN 641 TYPE 0 GENOME gameplay_screen__GB16 PIN 356
INST gameplay_screen__GB16 PIN 357: INST gameplay_screen__GB14 PIN 642 TYPE 0 GENOME gameplay_screen__GB16 PIN 357
INST gameplay_screen__GB16 PIN 358: INST gameplay_screen__GB14 PIN 643 TYPE 0 GENOME gameplay_screen__GB16 PIN 358
INST gameplay_screen__GB16 PIN 359: INST gameplay_screen__GB14 PIN 644 TYPE 0 GENOME gameplay_screen__GB16 PIN 359
INST gameplay_screen__GB16 PIN 360: INST gameplay_screen__GB14 PIN 645 TYPE 0 GENOME gameplay_screen__GB16 PIN 360
INST gameplay_screen__GB16 PIN 361: INST gameplay_screen__GB16 PIN 362 TYPE 2 INST gameplay_screen__GB14 PIN 647 TYPE 4 INST gameplay_screen__GB16 PIN 363 TYPE 2 INST gameplay_screen__GB14 PIN 648 TYPE 4 INST gameplay_screen__GB16 PIN 364 TYPE 2 INST gameplay_screen__GB14 PIN 649 TYPE 4
INST gameplay_screen__GB16 PIN 221: INST gameplay_screen__GB14 PIN 710 TYPE 0 GENOME gameplay_screen__GB16 PIN 221
INST gameplay_screen__GB16 PIN 222: INST gameplay_screen__GB14 PIN 711 TYPE 0 GENOME gameplay_screen__GB16 PIN 222
INST gameplay_screen__GB16 PIN 223: INST gameplay_screen__GB14 PIN 712 TYPE 0 GENOME gameplay_screen__GB16 PIN 223
INST gameplay_screen__GB16 PIN 224: INST gameplay_screen__GB14 PIN 713 TYPE 0 GENOME gameplay_screen__GB16 PIN 224
INST gameplay_screen__GB16 PIN 225: INST gameplay_screen__GB14 PIN 714 TYPE 0 GENOME gameplay_screen__GB16 PIN 225
INST gameplay_screen__GB16 PIN 226: INST gameplay_screen__GB14 PIN 715 TYPE 0 GENOME gameplay_screen__GB16 PIN 226
INST gameplay_screen__GB16 PIN 227: INST gameplay_screen__GB14 PIN 716 TYPE 0 GENOME gameplay_screen__GB16 PIN 227
INST gameplay_screen__GB16 PIN 228: INST gameplay_screen__GB14 PIN 717 TYPE 0 GENOME gameplay_screen__GB16 PIN 228
INST gameplay_screen__GB16 PIN 229: INST gameplay_screen__GB16 PIN 230 TYPE 2 INST gameplay_screen__GB14 PIN 719 TYPE 4 INST gameplay_screen__GB16 PIN 231 TYPE 2 INST gameplay_screen__GB14 PIN 720 TYPE 4 INST gameplay_screen__GB16 PIN 232 TYPE 2 INST gameplay_screen__GB14 PIN 721 TYPE 4
INST gameplay_screen__GB16 PIN 257: INST gameplay_screen__GB14 PIN 722 TYPE 0 GENOME gameplay_screen__GB16 PIN 257
INST gameplay_screen__GB16 PIN 258: INST gameplay_screen__GB14 PIN 723 TYPE 0 GENOME gameplay_screen__GB16 PIN 258
INST gameplay_screen__GB16 PIN 259: INST gameplay_screen__GB14 PIN 724 TYPE 0 GENOME gameplay_screen__GB16 PIN 259
INST gameplay_screen__GB16 PIN 260: INST gameplay_screen__GB14 PIN 725 TYPE 0 GENOME gameplay_screen__GB16 PIN 260
INST gameplay_screen__GB16 PIN 261: INST gameplay_screen__GB14 PIN 726 TYPE 0 GENOME gameplay_screen__GB16 PIN 261
INST gameplay_screen__GB16 PIN 262: INST gameplay_screen__GB14 PIN 727 TYPE 0 GENOME gameplay_screen__GB16 PIN 262
INST gameplay_screen__GB16 PIN 263: INST gameplay_screen__GB14 PIN 728 TYPE 0 GENOME gameplay_screen__GB16 PIN 263
INST gameplay_screen__GB16 PIN 264: INST gameplay_screen__GB14 PIN 729 TYPE 0 GENOME gameplay_screen__GB16 PIN 264
INST gameplay_screen__GB16 PIN 265: INST gameplay_screen__GB16 PIN 266 TYPE 2 INST gameplay_screen__GB14 PIN 731 TYPE 4 INST gameplay_screen__GB16 PIN 267 TYPE 2 INST gameplay_screen__GB14 PIN 732 TYPE 4 INST gameplay_screen__GB16 PIN 268 TYPE 2 INST gameplay_screen__GB14 PIN 733 TYPE 4
INST gameplay_screen__GB16 PIN 293: INST gameplay_screen__GB16 PIN 294 TYPE 2 INST gameplay_screen__GB14 PIN 735 TYPE 4 INST gameplay_screen__GB16 PIN 295 TYPE 2 INST gameplay_screen__GB14 PIN 736 TYPE 4 INST gameplay_screen__GB16 PIN 296 TYPE 2 INST gameplay_screen__GB14 PIN 737 TYPE 4
INST gameplay_screen__GB16 PIN 297: INST gameplay_screen__GB14 PIN 738 TYPE 0 GENOME gameplay_screen__GB16 PIN 297
INST gameplay_screen__GB16 PIN 298: INST gameplay_screen__GB14 PIN 739 TYPE 0 GENOME gameplay_screen__GB16 PIN 298
INST gameplay_screen__GB16 PIN 299: INST gameplay_screen__GB14 PIN 740 TYPE 0 GENOME gameplay_screen__GB16 PIN 299
INST gameplay_screen__GB16 PIN 300: INST gameplay_screen__GB14 PIN 741 TYPE 0 GENOME gameplay_screen__GB16 PIN 300
INST gameplay_screen__GB16 PIN 301: INST gameplay_screen__GB14 PIN 742 TYPE 0 GENOME gameplay_screen__GB16 PIN 301
INST gameplay_screen__GB16 PIN 302: INST gameplay_screen__GB14 PIN 743 TYPE 0 GENOME gameplay_screen__GB16 PIN 302
INST gameplay_screen__GB16 PIN 303: INST gameplay_screen__GB14 PIN 744 TYPE 0 GENOME gameplay_screen__GB16 PIN 303
INST gameplay_screen__GB16 PIN 304: INST gameplay_screen__GB14 PIN 745 TYPE 0 GENOME gameplay_screen__GB16 PIN 304
INST gameplay_screen__GB16 PIN 305: INST gameplay_screen__GB16 PIN 306 TYPE 2 INST gameplay_screen__GB14 PIN 747 TYPE 4 INST gameplay_screen__GB16 PIN 307 TYPE 2 INST gameplay_screen__GB14 PIN 748 TYPE 4 INST gameplay_screen__GB16 PIN 308 TYPE 2 INST gameplay_screen__GB14 PIN 749 TYPE 4
INST gameplay_screen__GB16 PIN 309: INST gameplay_screen__GB14 PIN 750 TYPE 0 GENOME gameplay_screen__GB16 PIN 309
INST gameplay_screen__GB16 PIN 310: INST gameplay_screen__GB14 PIN 751 TYPE 0 GENOME gameplay_screen__GB16 PIN 310
INST gameplay_screen__GB16 PIN 311: INST gameplay_screen__GB14 PIN 752 TYPE 0 GENOME gameplay_screen__GB16 PIN 311
INST gameplay_screen__GB16 PIN 312: INST gameplay_screen__GB14 PIN 753 TYPE 0 GENOME gameplay_screen__GB16 PIN 312
INST gameplay_screen__GB16 PIN 313: INST gameplay_screen__GB14 PIN 754 TYPE 0 GENOME gameplay_screen__GB16 PIN 313
INST gameplay_screen__GB16 PIN 314: INST gameplay_screen__GB14 PIN 755 TYPE 0 GENOME gameplay_screen__GB16 PIN 314
INST gameplay_screen__GB16 PIN 315: INST gameplay_screen__GB14 PIN 756 TYPE 0 GENOME gameplay_screen__GB16 PIN 315
INST gameplay_screen__GB16 PIN 316: INST gameplay_screen__GB14 PIN 757 TYPE 0 GENOME gameplay_screen__GB16 PIN 316
INST gameplay_screen__GB2 PIN 79: INST gameplay_screen__GB1 PIN 39 TYPE 3 INST gameplay_screen__GB19 PIN 192 TYPE 4
INST gameplay_screen__GB2 PIN 80: INST gameplay_screen__GB1 PIN 40 TYPE 3 INST gameplay_screen__GB19 PIN 193 TYPE 4
INST gameplay_screen__GB2 PIN 81: INST gameplay_screen__GB1 PIN 41 TYPE 3 INST gameplay_screen__GB19 PIN 194 TYPE 4
INST gameplay_screen__GB2 PIN 82: INST gameplay_screen__GB1 PIN 42 TYPE 3 INST gameplay_screen__GB19 PIN 195 TYPE 4
INST gameplay_screen__GB2 PIN 83: INST gameplay_screen__GB1 PIN 43 TYPE 3 INST gameplay_screen__GB19 PIN 196 TYPE 4
INST gameplay_screen__GB2 PIN 84: INST gameplay_screen__GB1 PIN 44 TYPE 3 INST gameplay_screen__GB19 PIN 197 TYPE 4
INST gameplay_screen__GB2 PIN 85: INST gameplay_screen__GB1 PIN 45 TYPE 3 INST gameplay_screen__GB19 PIN 198 TYPE 4
INST gameplay_screen__GB2 PIN 86: INST gameplay_screen__GB1 PIN 46 TYPE 3 INST gameplay_screen__GB19 PIN 199 TYPE 4
INST gameplay_screen__GB2 PIN 87: INST gameplay_screen__GB1 PIN 47 TYPE 3 INST gameplay_screen__GB19 PIN 200 TYPE 4
INST gameplay_screen__GB2 PIN 88: INST gameplay_screen__GB1 PIN 48 TYPE 3 INST gameplay_screen__GB19 PIN 201 TYPE 4
INST gameplay_screen__GB2 PIN 89: INST gameplay_screen__GB1 PIN 49 TYPE 3 INST gameplay_screen__GB19 PIN 202 TYPE 4
INST gameplay_screen__GB2 PIN 90: INST gameplay_screen__GB1 PIN 50 TYPE 3 INST gameplay_screen__GB19 PIN 203 TYPE 4
INST gameplay_screen__GB2 PIN 91: INST gameplay_screen__GB1 PIN 51 TYPE 3 INST gameplay_screen__GB19 PIN 204 TYPE 4
INST gameplay_screen__GB2 PIN 92: INST gameplay_screen__GB1 PIN 52 TYPE 3 INST gameplay_screen__GB19 PIN 205 TYPE 4
INST gameplay_screen__GB13 PIN 10: INST gameplay_screen__GB24 PIN 26 TYPE 3 INST gameplay_screen__GB25 PIN 443 TYPE 4 INST gameplay_screen__GB23 PIN 559 TYPE 4
INST gameplay_screen__GB24 PIN 62: INST gameplay_screen__GB24 PIN 143 TYPE 2 INST gameplay_screen__GB25 PIN 534 TYPE 4
INST gameplay_screen__GB26 PIN 96: INST gameplay_screen__GB25 PIN 76 TYPE 3 INST gameplay_screen__GB23 PIN 386 TYPE 4
INST gameplay_screen__GB5 PIN 10: INST gameplay_screen__GB5 PIN 358 TYPE 2 INST gameplay_screen__GB9 PIN 267 TYPE 4
INST gameplay_screen__GB28 PIN 233: INST gameplay_screen__GB9 PIN 300 TYPE 0 INST gameplay_screen__GB2 PIN 604 TYPE 0 GENOME gameplay_screen__GB28 PIN 233
INST gameplay_screen__GB28 PIN 234: INST gameplay_screen__GB9 PIN 301 TYPE 0 INST gameplay_screen__GB2 PIN 605 TYPE 0 GENOME gameplay_screen__GB28 PIN 234
INST gameplay_screen__GB28 PIN 235: INST gameplay_screen__GB9 PIN 302 TYPE 0 INST gameplay_screen__GB2 PIN 606 TYPE 0 GENOME gameplay_screen__GB28 PIN 235
INST gameplay_screen__GB28 PIN 236: INST gameplay_screen__GB9 PIN 303 TYPE 0 INST gameplay_screen__GB2 PIN 607 TYPE 0 GENOME gameplay_screen__GB28 PIN 236
INST gameplay_screen__GB28 PIN 237: INST gameplay_screen__GB9 PIN 304 TYPE 1 INST gameplay_screen__GB2 PIN 608 TYPE 1 GENOME gameplay_screen__GB28 PIN 237
INST gameplay_screen__GB28 PIN 238: INST gameplay_screen__GB9 PIN 305 TYPE 1 INST gameplay_screen__GB2 PIN 609 TYPE 1 GENOME gameplay_screen__GB28 PIN 238
INST gameplay_screen__GB28 PIN 239: INST gameplay_screen__GB9 PIN 306 TYPE 0 INST gameplay_screen__GB2 PIN 610 TYPE 0 GENOME gameplay_screen__GB28 PIN 239
INST gameplay_screen__GB28 PIN 240: INST gameplay_screen__GB9 PIN 307 TYPE 1 INST gameplay_screen__GB2 PIN 611 TYPE 1 GENOME gameplay_screen__GB28 PIN 240
INST gameplay_screen__GB28 PIN 241: INST gameplay_screen__GB9 PIN 308 TYPE 1 INST gameplay_screen__GB2 PIN 612 TYPE 1 GENOME gameplay_screen__GB28 PIN 241
INST gameplay_screen__GB28 PIN 242: INST gameplay_screen__GB9 PIN 309 TYPE 1 INST gameplay_screen__GB2 PIN 613 TYPE 1 GENOME gameplay_screen__GB28 PIN 242
INST gameplay_screen__GB24 PIN 85: INST gameplay_screen__GB24 PIN 162 TYPE 2 INST gameplay_screen__GB9 PIN 331 TYPE 4
INST gameplay_screen__GB24 PIN 37: INST gameplay_screen__GB24 PIN 175 TYPE 2 INST gameplay_screen__GB9 PIN 352 TYPE 4
INST gameplay_screen__GB28 PIN 251: INST gameplay_screen__GB9 PIN 364 TYPE 0 GENOME gameplay_screen__GB28 PIN 251
INST gameplay_screen__GB28 PIN 252: INST gameplay_screen__GB9 PIN 365 TYPE 0 GENOME gameplay_screen__GB28 PIN 252
INST gameplay_screen__GB28 PIN 253: INST gameplay_screen__GB9 PIN 366 TYPE 1 GENOME gameplay_screen__GB28 PIN 253
INST gameplay_screen__GB28 PIN 254: INST gameplay_screen__GB9 PIN 367 TYPE 0 GENOME gameplay_screen__GB28 PIN 254
INST gameplay_screen__GB28 PIN 255: INST gameplay_screen__GB9 PIN 368 TYPE 1 GENOME gameplay_screen__GB28 PIN 255
INST gameplay_screen__GB28 PIN 256: INST gameplay_screen__GB9 PIN 369 TYPE 1 GENOME gameplay_screen__GB28 PIN 256
INST gameplay_screen__GB28 PIN 257: INST gameplay_screen__GB9 PIN 370 TYPE 1 GENOME gameplay_screen__GB28 PIN 257
INST gameplay_screen__GB28 PIN 258: INST gameplay_screen__GB9 PIN 371 TYPE 1 GENOME gameplay_screen__GB28 PIN 258
INST gameplay_screen__GB28 PIN 259: INST gameplay_screen__GB9 PIN 372 TYPE 1 GENOME gameplay_screen__GB28 PIN 259
INST gameplay_screen__GB28 PIN 260: INST gameplay_screen__GB9 PIN 373 TYPE 0 GENOME gameplay_screen__GB28 PIN 260
INST gameplay_screen__GB25 PIN 142: INST gameplay_screen__GB25 PIN 276 TYPE 2 INST gameplay_screen__GB9 PIN 439 TYPE 4
INST gameplay_screen__GB5 PIN 194: INST gameplay_screen__GB5 PIN 406 TYPE 2 INST gameplay_screen__GB9 PIN 625 TYPE 4
INST gameplay_screen__GB5 PIN 260: INST gameplay_screen__GB5 PIN 391 TYPE 2 INST gameplay_screen__GB9 PIN 735 TYPE 4
INST gameplay_screen__GB25 PIN 179: INST gameplay_screen__GB25 PIN 191 TYPE 2 INST gameplay_screen__GB9 PIN 845 TYPE 4
INST gameplay_screen__GB1 PIN 141: INST gameplay_screen__GB1 PIN 142 TYPE 2 INST gameplay_screen__GB9 PIN 897 TYPE 4 INST gameplay_screen__GB1 PIN 143 TYPE 2 INST gameplay_screen__GB9 PIN 898 TYPE 4 INST gameplay_screen__GB1 PIN 144 TYPE 2 INST gameplay_screen__GB9 PIN 899 TYPE 4
INST gameplay_screen__GB1 PIN 145: INST gameplay_screen__GB9 PIN 900 TYPE 0 GENOME gameplay_screen__GB1 PIN 145
INST gameplay_screen__GB1 PIN 146: INST gameplay_screen__GB9 PIN 901 TYPE 0 GENOME gameplay_screen__GB1 PIN 146
INST gameplay_screen__GB1 PIN 147: INST gameplay_screen__GB9 PIN 902 TYPE 0 GENOME gameplay_screen__GB1 PIN 147
INST gameplay_screen__GB1 PIN 148: INST gameplay_screen__GB9 PIN 903 TYPE 0 GENOME gameplay_screen__GB1 PIN 148
INST gameplay_screen__GB1 PIN 149: INST gameplay_screen__GB9 PIN 904 TYPE 0 GENOME gameplay_screen__GB1 PIN 149
INST gameplay_screen__GB1 PIN 150: INST gameplay_screen__GB9 PIN 905 TYPE 0 GENOME gameplay_screen__GB1 PIN 150
INST gameplay_screen__GB1 PIN 151: INST gameplay_screen__GB9 PIN 906 TYPE 0 GENOME gameplay_screen__GB1 PIN 151
INST gameplay_screen__GB1 PIN 152: INST gameplay_screen__GB9 PIN 907 TYPE 0 GENOME gameplay_screen__GB1 PIN 152
INST gameplay_screen__GB25 PIN 192: INST gameplay_screen__GB9 PIN 944 TYPE 0 GENOME gameplay_screen__GB25 PIN 192
INST gameplay_screen__GB25 PIN 193: INST gameplay_screen__GB9 PIN 945 TYPE 0 GENOME gameplay_screen__GB25 PIN 193
INST gameplay_screen__GB25 PIN 194: INST gameplay_screen__GB9 PIN 946 TYPE 0 GENOME gameplay_screen__GB25 PIN 194
INST gameplay_screen__GB25 PIN 195: INST gameplay_screen__GB9 PIN 947 TYPE 0 GENOME gameplay_screen__GB25 PIN 195
INST gameplay_screen__GB25 PIN 196: INST gameplay_screen__GB9 PIN 948 TYPE 0 GENOME gameplay_screen__GB25 PIN 196
INST gameplay_screen__GB25 PIN 197: INST gameplay_screen__GB9 PIN 949 TYPE 0 GENOME gameplay_screen__GB25 PIN 197
INST gameplay_screen__GB25 PIN 198: INST gameplay_screen__GB9 PIN 950 TYPE 0 GENOME gameplay_screen__GB25 PIN 198
INST gameplay_screen__GB25 PIN 199: INST gameplay_screen__GB9 PIN 951 TYPE 0 GENOME gameplay_screen__GB25 PIN 199
INST gameplay_screen__GB25 PIN 200: INST gameplay_screen__GB25 PIN 201 TYPE 2 INST gameplay_screen__GB9 PIN 953 TYPE 4 INST gameplay_screen__GB25 PIN 202 TYPE 2 INST gameplay_screen__GB9 PIN 954 TYPE 4 INST gameplay_screen__GB25 PIN 203 TYPE 2 INST gameplay_screen__GB9 PIN 955 TYPE 4
INST gameplay_screen__GB25 PIN 205: INST gameplay_screen__GB9 PIN 968 TYPE 0 GENOME gameplay_screen__GB25 PIN 205
INST gameplay_screen__GB25 PIN 206: INST gameplay_screen__GB9 PIN 969 TYPE 0 GENOME gameplay_screen__GB25 PIN 206
INST gameplay_screen__GB25 PIN 207: INST gameplay_screen__GB9 PIN 970 TYPE 0 GENOME gameplay_screen__GB25 PIN 207
INST gameplay_screen__GB25 PIN 208: INST gameplay_screen__GB9 PIN 971 TYPE 0 GENOME gameplay_screen__GB25 PIN 208
INST gameplay_screen__GB25 PIN 209: INST gameplay_screen__GB9 PIN 972 TYPE 0 GENOME gameplay_screen__GB25 PIN 209
INST gameplay_screen__GB25 PIN 210: INST gameplay_screen__GB9 PIN 973 TYPE 0 GENOME gameplay_screen__GB25 PIN 210
INST gameplay_screen__GB25 PIN 211: INST gameplay_screen__GB9 PIN 974 TYPE 0 GENOME gameplay_screen__GB25 PIN 211
INST gameplay_screen__GB25 PIN 212: INST gameplay_screen__GB9 PIN 975 TYPE 0 GENOME gameplay_screen__GB25 PIN 212
INST gameplay_screen__GB25 PIN 213: INST gameplay_screen__GB25 PIN 214 TYPE 2 INST gameplay_screen__GB9 PIN 977 TYPE 4 INST gameplay_screen__GB25 PIN 215 TYPE 2 INST gameplay_screen__GB9 PIN 978 TYPE 4 INST gameplay_screen__GB25 PIN 216 TYPE 2 INST gameplay_screen__GB9 PIN 979 TYPE 4
INST gameplay_screen__GB25 PIN 217: INST gameplay_screen__GB25 PIN 218 TYPE 2 INST gameplay_screen__GB9 PIN 1017 TYPE 4 INST gameplay_screen__GB25 PIN 219 TYPE 2 INST gameplay_screen__GB9 PIN 1018 TYPE 4 INST gameplay_screen__GB25 PIN 220 TYPE 2 INST gameplay_screen__GB9 PIN 1019 TYPE 4
INST gameplay_screen__GB25 PIN 221: INST gameplay_screen__GB9 PIN 1020 TYPE 0 GENOME gameplay_screen__GB25 PIN 221
INST gameplay_screen__GB25 PIN 222: INST gameplay_screen__GB9 PIN 1021 TYPE 0 GENOME gameplay_screen__GB25 PIN 222
INST gameplay_screen__GB25 PIN 223: INST gameplay_screen__GB9 PIN 1022 TYPE 0 GENOME gameplay_screen__GB25 PIN 223
INST gameplay_screen__GB25 PIN 224: INST gameplay_screen__GB9 PIN 1023 TYPE 0 GENOME gameplay_screen__GB25 PIN 224
INST gameplay_screen__GB25 PIN 225: INST gameplay_screen__GB9 PIN 1024 TYPE 0 GENOME gameplay_screen__GB25 PIN 225
INST gameplay_screen__GB25 PIN 226: INST gameplay_screen__GB9 PIN 1025 TYPE 0 GENOME gameplay_screen__GB25 PIN 226
INST gameplay_screen__GB25 PIN 227: INST gameplay_screen__GB9 PIN 1026 TYPE 0 GENOME gameplay_screen__GB25 PIN 227
INST gameplay_screen__GB25 PIN 228: INST gameplay_screen__GB9 PIN 1027 TYPE 0 GENOME gameplay_screen__GB25 PIN 228
INST gameplay_screen__GB25 PIN 229: INST gameplay_screen__GB25 PIN 230 TYPE 2 INST gameplay_screen__GB9 PIN 1029 TYPE 4 INST gameplay_screen__GB25 PIN 231 TYPE 2 INST gameplay_screen__GB9 PIN 1030 TYPE 4 INST gameplay_screen__GB25 PIN 232 TYPE 2 INST gameplay_screen__GB9 PIN 1031 TYPE 4
INST gameplay_screen__GB25 PIN 233: INST gameplay_screen__GB9 PIN 1032 TYPE 0 GENOME gameplay_screen__GB25 PIN 233
INST gameplay_screen__GB25 PIN 234: INST gameplay_screen__GB9 PIN 1033 TYPE 0 GENOME gameplay_screen__GB25 PIN 234
INST gameplay_screen__GB25 PIN 235: INST gameplay_screen__GB9 PIN 1034 TYPE 0 GENOME gameplay_screen__GB25 PIN 235
INST gameplay_screen__GB25 PIN 236: INST gameplay_screen__GB9 PIN 1035 TYPE 0 GENOME gameplay_screen__GB25 PIN 236
INST gameplay_screen__GB25 PIN 237: INST gameplay_screen__GB9 PIN 1036 TYPE 0 GENOME gameplay_screen__GB25 PIN 237
INST gameplay_screen__GB25 PIN 238: INST gameplay_screen__GB9 PIN 1037 TYPE 0 GENOME gameplay_screen__GB25 PIN 238
INST gameplay_screen__GB25 PIN 239: INST gameplay_screen__GB9 PIN 1038 TYPE 0 GENOME gameplay_screen__GB25 PIN 239
INST gameplay_screen__GB25 PIN 240: INST gameplay_screen__GB9 PIN 1039 TYPE 0 GENOME gameplay_screen__GB25 PIN 240
INST gameplay_screen__GB1 PIN 158: INST gameplay_screen__GB9 PIN 1148 TYPE 0 GENOME gameplay_screen__GB1 PIN 158
INST gameplay_screen__GB1 PIN 159: INST gameplay_screen__GB9 PIN 1149 TYPE 0 GENOME gameplay_screen__GB1 PIN 159
INST gameplay_screen__GB1 PIN 160: INST gameplay_screen__GB9 PIN 1150 TYPE 0 GENOME gameplay_screen__GB1 PIN 160
INST gameplay_screen__GB1 PIN 161: INST gameplay_screen__GB9 PIN 1151 TYPE 0 GENOME gameplay_screen__GB1 PIN 161
INST gameplay_screen__GB1 PIN 162: INST gameplay_screen__GB9 PIN 1152 TYPE 0 GENOME gameplay_screen__GB1 PIN 162
INST gameplay_screen__GB1 PIN 163: INST gameplay_screen__GB9 PIN 1153 TYPE 0 GENOME gameplay_screen__GB1 PIN 163
INST gameplay_screen__GB1 PIN 164: INST gameplay_screen__GB9 PIN 1154 TYPE 0 GENOME gameplay_screen__GB1 PIN 164
INST gameplay_screen__GB1 PIN 165: INST gameplay_screen__GB9 PIN 1155 TYPE 0 GENOME gameplay_screen__GB1 PIN 165
INST gameplay_screen__GB1 PIN 166: INST gameplay_screen__GB1 PIN 167 TYPE 2 INST gameplay_screen__GB9 PIN 1157 TYPE 4 INST gameplay_screen__GB1 PIN 168 TYPE 2 INST gameplay_screen__GB9 PIN 1158 TYPE 4 INST gameplay_screen__GB1 PIN 169 TYPE 2 INST gameplay_screen__GB9 PIN 1159 TYPE 4
INST gameplay_screen__GB1 PIN 172: INST gameplay_screen__GB9 PIN 1160 TYPE 0 GENOME gameplay_screen__GB1 PIN 172
INST gameplay_screen__GB1 PIN 173: INST gameplay_screen__GB9 PIN 1161 TYPE 0 GENOME gameplay_screen__GB1 PIN 173
INST gameplay_screen__GB1 PIN 174: INST gameplay_screen__GB9 PIN 1162 TYPE 0 GENOME gameplay_screen__GB1 PIN 174
INST gameplay_screen__GB1 PIN 175: INST gameplay_screen__GB9 PIN 1163 TYPE 0 GENOME gameplay_screen__GB1 PIN 175
INST gameplay_screen__GB1 PIN 176: INST gameplay_screen__GB9 PIN 1164 TYPE 0 GENOME gameplay_screen__GB1 PIN 176
INST gameplay_screen__GB1 PIN 177: INST gameplay_screen__GB9 PIN 1165 TYPE 0 GENOME gameplay_screen__GB1 PIN 177
INST gameplay_screen__GB1 PIN 178: INST gameplay_screen__GB9 PIN 1166 TYPE 0 GENOME gameplay_screen__GB1 PIN 178
INST gameplay_screen__GB1 PIN 179: INST gameplay_screen__GB9 PIN 1167 TYPE 0 GENOME gameplay_screen__GB1 PIN 179
INST gameplay_screen__GB1 PIN 180: INST gameplay_screen__GB1 PIN 181 TYPE 2 INST gameplay_screen__GB9 PIN 1169 TYPE 4 INST gameplay_screen__GB1 PIN 182 TYPE 2 INST gameplay_screen__GB9 PIN 1170 TYPE 4 INST gameplay_screen__GB1 PIN 183 TYPE 2 INST gameplay_screen__GB9 PIN 1171 TYPE 4
INST gameplay_screen__GB12 PIN 120: INST gameplay_screen__GB12 PIN 121 TYPE 2 INST gameplay_screen__GB9 PIN 1185 TYPE 4 INST gameplay_screen__GB12 PIN 122 TYPE 2 INST gameplay_screen__GB9 PIN 1186 TYPE 4 INST gameplay_screen__GB12 PIN 123 TYPE 2 INST gameplay_screen__GB9 PIN 1187 TYPE 4 INST gameplay_screen__GB12 PIN 124 TYPE 2 INST gameplay_screen__GB9 PIN 1188 TYPE 4 INST gameplay_screen__GB12 PIN 125 TYPE 2 INST gameplay_screen__GB9 PIN 1189 TYPE 4 INST gameplay_screen__GB12 PIN 126 TYPE 2 INST gameplay_screen__GB9 PIN 1190 TYPE 4 INST gameplay_screen__GB12 PIN 127 TYPE 2 INST gameplay_screen__GB9 PIN 1191 TYPE 4 INST gameplay_screen__GB12 PIN 128 TYPE 2 INST gameplay_screen__GB9 PIN 1192 TYPE 4 INST gameplay_screen__GB12 PIN 129 TYPE 2 INST gameplay_screen__GB9 PIN 1193 TYPE 4 INST gameplay_screen__GB12 PIN 130 TYPE 2 INST gameplay_screen__GB9 PIN 1194 TYPE 4 INST gameplay_screen__GB12 PIN 131 TYPE 2 INST gameplay_screen__GB9 PIN 1195 TYPE 4
INST gameplay_screen__GB12 PIN 136: INST gameplay_screen__GB12 PIN 137 TYPE 2 INST gameplay_screen__GB9 PIN 1197 TYPE 4 INST gameplay_screen__GB12 PIN 138 TYPE 2 INST gameplay_screen__GB9 PIN 1198 TYPE 4 INST gameplay_screen__GB12 PIN 139 TYPE 2 INST gameplay_screen__GB9 PIN 1199 TYPE 4 INST gameplay_screen__GB12 PIN 140 TYPE 2 INST gameplay_screen__GB9 PIN 1200 TYPE 4 INST gameplay_screen__GB12 PIN 141 TYPE 2 INST gameplay_screen__GB9 PIN 1201 TYPE 4 INST gameplay_screen__GB12 PIN 142 TYPE 2 INST gameplay_screen__GB9 PIN 1202 TYPE 4 INST gameplay_screen__GB12 PIN 143 TYPE 2 INST gameplay_screen__GB9 PIN 1203 TYPE 4 INST gameplay_screen__GB12 PIN 144 TYPE 2 INST gameplay_screen__GB9 PIN 1204 TYPE 4 INST gameplay_screen__GB12 PIN 145 TYPE 2 INST gameplay_screen__GB9 PIN 1205 TYPE 4 INST gameplay_screen__GB12 PIN 146 TYPE 2 INST gameplay_screen__GB9 PIN 1206 TYPE 4 INST gameplay_screen__GB12 PIN 147 TYPE 2 INST gameplay_screen__GB9 PIN 1207 TYPE 4
INST gameplay_screen__GB12 PIN 149: INST gameplay_screen__GB12 PIN 150 TYPE 2 INST gameplay_screen__GB9 PIN 1281 TYPE 4 INST gameplay_screen__GB12 PIN 151 TYPE 2 INST gameplay_screen__GB9 PIN 1282 TYPE 4 INST gameplay_screen__GB12 PIN 152 TYPE 2 INST gameplay_screen__GB9 PIN 1283 TYPE 4 INST gameplay_screen__GB12 PIN 153 TYPE 2 INST gameplay_screen__GB9 PIN 1284 TYPE 4 INST gameplay_screen__GB12 PIN 154 TYPE 2 INST gameplay_screen__GB9 PIN 1285 TYPE 4 INST gameplay_screen__GB12 PIN 155 TYPE 2 INST gameplay_screen__GB9 PIN 1286 TYPE 4 INST gameplay_screen__GB12 PIN 156 TYPE 2 INST gameplay_screen__GB9 PIN 1287 TYPE 4 INST gameplay_screen__GB12 PIN 157 TYPE 2 INST gameplay_screen__GB9 PIN 1288 TYPE 4 INST gameplay_screen__GB12 PIN 158 TYPE 2 INST gameplay_screen__GB9 PIN 1289 TYPE 4 INST gameplay_screen__GB12 PIN 159 TYPE 2 INST gameplay_screen__GB9 PIN 1290 TYPE 4 INST gameplay_screen__GB12 PIN 160 TYPE 2 INST gameplay_screen__GB9 PIN 1291 TYPE 4
INST gameplay_screen__GB12 PIN 161: INST gameplay_screen__GB12 PIN 162 TYPE 2 INST gameplay_screen__GB9 PIN 1293 TYPE 4 INST gameplay_screen__GB12 PIN 163 TYPE 2 INST gameplay_screen__GB9 PIN 1294 TYPE 4 INST gameplay_screen__GB12 PIN 164 TYPE 2 INST gameplay_screen__GB9 PIN 1295 TYPE 4 INST gameplay_screen__GB12 PIN 165 TYPE 2 INST gameplay_screen__GB9 PIN 1296 TYPE 4 INST gameplay_screen__GB12 PIN 166 TYPE 2 INST gameplay_screen__GB9 PIN 1297 TYPE 4 INST gameplay_screen__GB12 PIN 167 TYPE 2 INST gameplay_screen__GB9 PIN 1298 TYPE 4 INST gameplay_screen__GB12 PIN 168 TYPE 2 INST gameplay_screen__GB9 PIN 1299 TYPE 4 INST gameplay_screen__GB12 PIN 169 TYPE 2 INST gameplay_screen__GB9 PIN 1300 TYPE 4 INST gameplay_screen__GB12 PIN 170 TYPE 2 INST gameplay_screen__GB9 PIN 1301 TYPE 4 INST gameplay_screen__GB12 PIN 171 TYPE 2 INST gameplay_screen__GB9 PIN 1302 TYPE 4 INST gameplay_screen__GB12 PIN 172 TYPE 2 INST gameplay_screen__GB9 PIN 1303 TYPE 4
INST gameplay_screen__GB1 PIN 186: INST gameplay_screen__GB1 PIN 187 TYPE 2 INST gameplay_screen__GB9 PIN 1329 TYPE 4 INST gameplay_screen__GB1 PIN 188 TYPE 2 INST gameplay_screen__GB9 PIN 1330 TYPE 4 INST gameplay_screen__GB1 PIN 189 TYPE 2 INST gameplay_screen__GB9 PIN 1331 TYPE 4
INST gameplay_screen__GB1 PIN 190: INST gameplay_screen__GB9 PIN 1332 TYPE 0 GENOME gameplay_screen__GB1 PIN 190
INST gameplay_screen__GB1 PIN 191: INST gameplay_screen__GB9 PIN 1333 TYPE 0 GENOME gameplay_screen__GB1 PIN 191
INST gameplay_screen__GB1 PIN 192: INST gameplay_screen__GB9 PIN 1334 TYPE 0 GENOME gameplay_screen__GB1 PIN 192
INST gameplay_screen__GB1 PIN 193: INST gameplay_screen__GB9 PIN 1335 TYPE 0 GENOME gameplay_screen__GB1 PIN 193
INST gameplay_screen__GB1 PIN 194: INST gameplay_screen__GB9 PIN 1336 TYPE 0 GENOME gameplay_screen__GB1 PIN 194
INST gameplay_screen__GB1 PIN 195: INST gameplay_screen__GB9 PIN 1337 TYPE 0 GENOME gameplay_screen__GB1 PIN 195
INST gameplay_screen__GB1 PIN 196: INST gameplay_screen__GB9 PIN 1338 TYPE 0 GENOME gameplay_screen__GB1 PIN 196
INST gameplay_screen__GB1 PIN 197: INST gameplay_screen__GB9 PIN 1339 TYPE 0 GENOME gameplay_screen__GB1 PIN 197
INST gameplay_screen__GB16 PIN 281: INST gameplay_screen__GB9 PIN 1446 TYPE 0 GENOME gameplay_screen__GB16 PIN 281
INST gameplay_screen__GB16 PIN 282: INST gameplay_screen__GB9 PIN 1447 TYPE 0 GENOME gameplay_screen__GB16 PIN 282
INST gameplay_screen__GB16 PIN 283: INST gameplay_screen__GB9 PIN 1448 TYPE 0 GENOME gameplay_screen__GB16 PIN 283
INST gameplay_screen__GB16 PIN 284: INST gameplay_screen__GB9 PIN 1449 TYPE 0 GENOME gameplay_screen__GB16 PIN 284
INST gameplay_screen__GB16 PIN 285: INST gameplay_screen__GB9 PIN 1450 TYPE 0 GENOME gameplay_screen__GB16 PIN 285
INST gameplay_screen__GB16 PIN 286: INST gameplay_screen__GB9 PIN 1451 TYPE 0 GENOME gameplay_screen__GB16 PIN 286
INST gameplay_screen__GB16 PIN 287: INST gameplay_screen__GB9 PIN 1452 TYPE 0 GENOME gameplay_screen__GB16 PIN 287
INST gameplay_screen__GB16 PIN 288: INST gameplay_screen__GB9 PIN 1453 TYPE 0 GENOME gameplay_screen__GB16 PIN 288
INST gameplay_screen__GB16 PIN 289: INST gameplay_screen__GB16 PIN 290 TYPE 2 INST gameplay_screen__GB9 PIN 1455 TYPE 4 INST gameplay_screen__GB16 PIN 291 TYPE 2 INST gameplay_screen__GB9 PIN 1456 TYPE 4 INST gameplay_screen__GB16 PIN 292 TYPE 2 INST gameplay_screen__GB9 PIN 1457 TYPE 4
INST gameplay_screen__GB28 PIN 277: INST gameplay_screen__GB28 PIN 278 TYPE 2 INST gameplay_screen__GB9 PIN 1459 TYPE 4 INST gameplay_screen__GB28 PIN 279 TYPE 2 INST gameplay_screen__GB9 PIN 1460 TYPE 4 INST gameplay_screen__GB28 PIN 280 TYPE 2 INST gameplay_screen__GB9 PIN 1461 TYPE 4
INST gameplay_screen__GB28 PIN 281: INST gameplay_screen__GB9 PIN 1462 TYPE 0 GENOME gameplay_screen__GB28 PIN 281
INST gameplay_screen__GB28 PIN 282: INST gameplay_screen__GB9 PIN 1463 TYPE 0 GENOME gameplay_screen__GB28 PIN 282
INST gameplay_screen__GB28 PIN 283: INST gameplay_screen__GB9 PIN 1464 TYPE 0 GENOME gameplay_screen__GB28 PIN 283
INST gameplay_screen__GB28 PIN 284: INST gameplay_screen__GB9 PIN 1465 TYPE 0 GENOME gameplay_screen__GB28 PIN 284
INST gameplay_screen__GB28 PIN 285: INST gameplay_screen__GB9 PIN 1466 TYPE 0 GENOME gameplay_screen__GB28 PIN 285
INST gameplay_screen__GB28 PIN 286: INST gameplay_screen__GB9 PIN 1467 TYPE 0 GENOME gameplay_screen__GB28 PIN 286
INST gameplay_screen__GB28 PIN 287: INST gameplay_screen__GB9 PIN 1468 TYPE 0 GENOME gameplay_screen__GB28 PIN 287
INST gameplay_screen__GB28 PIN 288: INST gameplay_screen__GB9 PIN 1469 TYPE 0 GENOME gameplay_screen__GB28 PIN 288
INST gameplay_screen__GB28 PIN 301: INST gameplay_screen__GB28 PIN 302 TYPE 2 INST gameplay_screen__GB9 PIN 1471 TYPE 4 INST gameplay_screen__GB28 PIN 303 TYPE 2 INST gameplay_screen__GB9 PIN 1472 TYPE 4 INST gameplay_screen__GB28 PIN 304 TYPE 2 INST gameplay_screen__GB9 PIN 1473 TYPE 4
INST gameplay_screen__GB28 PIN 305: INST gameplay_screen__GB9 PIN 1474 TYPE 0 GENOME gameplay_screen__GB28 PIN 305
INST gameplay_screen__GB28 PIN 306: INST gameplay_screen__GB9 PIN 1475 TYPE 0 GENOME gameplay_screen__GB28 PIN 306
INST gameplay_screen__GB28 PIN 307: INST gameplay_screen__GB9 PIN 1476 TYPE 0 GENOME gameplay_screen__GB28 PIN 307
INST gameplay_screen__GB28 PIN 308: INST gameplay_screen__GB9 PIN 1477 TYPE 0 GENOME gameplay_screen__GB28 PIN 308
INST gameplay_screen__GB28 PIN 309: INST gameplay_screen__GB9 PIN 1478 TYPE 0 GENOME gameplay_screen__GB28 PIN 309
INST gameplay_screen__GB28 PIN 310: INST gameplay_screen__GB9 PIN 1479 TYPE 0 GENOME gameplay_screen__GB28 PIN 310
INST gameplay_screen__GB28 PIN 311: INST gameplay_screen__GB9 PIN 1480 TYPE 0 GENOME gameplay_screen__GB28 PIN 311
INST gameplay_screen__GB28 PIN 312: INST gameplay_screen__GB9 PIN 1481 TYPE 0 GENOME gameplay_screen__GB28 PIN 312
INST gameplay_screen__GB28 PIN 313: INST gameplay_screen__GB28 PIN 314 TYPE 2 INST gameplay_screen__GB9 PIN 1483 TYPE 4 INST gameplay_screen__GB28 PIN 315 TYPE 2 INST gameplay_screen__GB9 PIN 1484 TYPE 4 INST gameplay_screen__GB28 PIN 316 TYPE 2 INST gameplay_screen__GB9 PIN 1485 TYPE 4
INST gameplay_screen__GB28 PIN 317: INST gameplay_screen__GB9 PIN 1486 TYPE 0 GENOME gameplay_screen__GB28 PIN 317
INST gameplay_screen__GB28 PIN 318: INST gameplay_screen__GB9 PIN 1487 TYPE 0 GENOME gameplay_screen__GB28 PIN 318
INST gameplay_screen__GB28 PIN 319: INST gameplay_screen__GB9 PIN 1488 TYPE 0 GENOME gameplay_screen__GB28 PIN 319
INST gameplay_screen__GB28 PIN 320: INST gameplay_screen__GB9 PIN 1489 TYPE 0 GENOME gameplay_screen__GB28 PIN 320
INST gameplay_screen__GB28 PIN 321: INST gameplay_screen__GB9 PIN 1490 TYPE 0 GENOME gameplay_screen__GB28 PIN 321
INST gameplay_screen__GB28 PIN 322: INST gameplay_screen__GB9 PIN 1491 TYPE 0 GENOME gameplay_screen__GB28 PIN 322
INST gameplay_screen__GB28 PIN 323: INST gameplay_screen__GB9 PIN 1492 TYPE 0 GENOME gameplay_screen__GB28 PIN 323
INST gameplay_screen__GB28 PIN 324: INST gameplay_screen__GB9 PIN 1493 TYPE 0 GENOME gameplay_screen__GB28 PIN 324
INST gameplay_screen__GB25 PIN 281: INST gameplay_screen__GB25 PIN 282 TYPE 2 INST gameplay_screen__GB9 PIN 1543 TYPE 4 INST gameplay_screen__GB25 PIN 283 TYPE 2 INST gameplay_screen__GB9 PIN 1544 TYPE 4 INST gameplay_screen__GB25 PIN 284 TYPE 2 INST gameplay_screen__GB9 PIN 1545 TYPE 4
INST gameplay_screen__GB25 PIN 285: INST gameplay_screen__GB9 PIN 1546 TYPE 0 GENOME gameplay_screen__GB25 PIN 285
INST gameplay_screen__GB25 PIN 286: INST gameplay_screen__GB9 PIN 1547 TYPE 0 GENOME gameplay_screen__GB25 PIN 286
INST gameplay_screen__GB25 PIN 287: INST gameplay_screen__GB9 PIN 1548 TYPE 0 GENOME gameplay_screen__GB25 PIN 287
INST gameplay_screen__GB25 PIN 288: INST gameplay_screen__GB9 PIN 1549 TYPE 0 GENOME gameplay_screen__GB25 PIN 288
INST gameplay_screen__GB25 PIN 289: INST gameplay_screen__GB9 PIN 1550 TYPE 0 GENOME gameplay_screen__GB25 PIN 289
INST gameplay_screen__GB25 PIN 290: INST gameplay_screen__GB9 PIN 1551 TYPE 0 GENOME gameplay_screen__GB25 PIN 290
INST gameplay_screen__GB25 PIN 291: INST gameplay_screen__GB9 PIN 1552 TYPE 0 GENOME gameplay_screen__GB25 PIN 291
INST gameplay_screen__GB25 PIN 292: INST gameplay_screen__GB9 PIN 1553 TYPE 0 GENOME gameplay_screen__GB25 PIN 292
INST gameplay_screen__GB16 PIN 317: INST gameplay_screen__GB9 PIN 1554 TYPE 0 GENOME gameplay_screen__GB16 PIN 317
INST gameplay_screen__GB16 PIN 318: INST gameplay_screen__GB9 PIN 1555 TYPE 0 GENOME gameplay_screen__GB16 PIN 318
INST gameplay_screen__GB16 PIN 319: INST gameplay_screen__GB9 PIN 1556 TYPE 0 GENOME gameplay_screen__GB16 PIN 319
INST gameplay_screen__GB16 PIN 320: INST gameplay_screen__GB9 PIN 1557 TYPE 0 GENOME gameplay_screen__GB16 PIN 320
INST gameplay_screen__GB16 PIN 321: INST gameplay_screen__GB9 PIN 1558 TYPE 0 GENOME gameplay_screen__GB16 PIN 321
INST gameplay_screen__GB16 PIN 322: INST gameplay_screen__GB9 PIN 1559 TYPE 0 GENOME gameplay_screen__GB16 PIN 322
INST gameplay_screen__GB16 PIN 323: INST gameplay_screen__GB9 PIN 1560 TYPE 0 GENOME gameplay_screen__GB16 PIN 323
INST gameplay_screen__GB16 PIN 324: INST gameplay_screen__GB9 PIN 1561 TYPE 0 GENOME gameplay_screen__GB16 PIN 324
INST gameplay_screen__GB16 PIN 325: INST gameplay_screen__GB16 PIN 326 TYPE 2 INST gameplay_screen__GB9 PIN 1563 TYPE 4 INST gameplay_screen__GB16 PIN 327 TYPE 2 INST gameplay_screen__GB9 PIN 1564 TYPE 4 INST gameplay_screen__GB16 PIN 328 TYPE 2 INST gameplay_screen__GB9 PIN 1565 TYPE 4
INST gameplay_screen__GB16 PIN 329: INST gameplay_screen__GB9 PIN 1566 TYPE 0 GENOME gameplay_screen__GB16 PIN 329
INST gameplay_screen__GB16 PIN 330: INST gameplay_screen__GB9 PIN 1567 TYPE 0 GENOME gameplay_screen__GB16 PIN 330
INST gameplay_screen__GB16 PIN 331: INST gameplay_screen__GB9 PIN 1568 TYPE 0 GENOME gameplay_screen__GB16 PIN 331
INST gameplay_screen__GB16 PIN 332: INST gameplay_screen__GB9 PIN 1569 TYPE 0 GENOME gameplay_screen__GB16 PIN 332
INST gameplay_screen__GB16 PIN 333: INST gameplay_screen__GB9 PIN 1570 TYPE 0 GENOME gameplay_screen__GB16 PIN 333
INST gameplay_screen__GB16 PIN 334: INST gameplay_screen__GB9 PIN 1571 TYPE 0 GENOME gameplay_screen__GB16 PIN 334
INST gameplay_screen__GB16 PIN 335: INST gameplay_screen__GB9 PIN 1572 TYPE 0 GENOME gameplay_screen__GB16 PIN 335
INST gameplay_screen__GB16 PIN 336: INST gameplay_screen__GB9 PIN 1573 TYPE 0 GENOME gameplay_screen__GB16 PIN 336
INST gameplay_screen__GB16 PIN 337: INST gameplay_screen__GB16 PIN 338 TYPE 2 INST gameplay_screen__GB9 PIN 1575 TYPE 4 INST gameplay_screen__GB16 PIN 339 TYPE 2 INST gameplay_screen__GB9 PIN 1576 TYPE 4 INST gameplay_screen__GB16 PIN 340 TYPE 2 INST gameplay_screen__GB9 PIN 1577 TYPE 4
INST gameplay_screen__GB16 PIN 209: INST gameplay_screen__GB16 PIN 210 TYPE 2 INST gameplay_screen__GB9 PIN 1579 TYPE 4 INST gameplay_screen__GB16 PIN 211 TYPE 2 INST gameplay_screen__GB9 PIN 1580 TYPE 4 INST gameplay_screen__GB16 PIN 212 TYPE 2 INST gameplay_screen__GB9 PIN 1581 TYPE 4
INST gameplay_screen__GB16 PIN 213: INST gameplay_screen__GB9 PIN 1582 TYPE 0 GENOME gameplay_screen__GB16 PIN 213
INST gameplay_screen__GB16 PIN 214: INST gameplay_screen__GB9 PIN 1583 TYPE 0 GENOME gameplay_screen__GB16 PIN 214
INST gameplay_screen__GB16 PIN 215: INST gameplay_screen__GB9 PIN 1584 TYPE 0 GENOME gameplay_screen__GB16 PIN 215
INST gameplay_screen__GB16 PIN 216: INST gameplay_screen__GB9 PIN 1585 TYPE 0 GENOME gameplay_screen__GB16 PIN 216
INST gameplay_screen__GB16 PIN 217: INST gameplay_screen__GB9 PIN 1586 TYPE 0 GENOME gameplay_screen__GB16 PIN 217
INST gameplay_screen__GB16 PIN 218: INST gameplay_screen__GB9 PIN 1587 TYPE 0 GENOME gameplay_screen__GB16 PIN 218
INST gameplay_screen__GB16 PIN 219: INST gameplay_screen__GB9 PIN 1588 TYPE 0 GENOME gameplay_screen__GB16 PIN 219
INST gameplay_screen__GB16 PIN 220: INST gameplay_screen__GB9 PIN 1589 TYPE 0 GENOME gameplay_screen__GB16 PIN 220
INST gameplay_screen__GB16 PIN 245: INST gameplay_screen__GB16 PIN 246 TYPE 2 INST gameplay_screen__GB9 PIN 1591 TYPE 4 INST gameplay_screen__GB16 PIN 247 TYPE 2 INST gameplay_screen__GB9 PIN 1592 TYPE 4 INST gameplay_screen__GB16 PIN 248 TYPE 2 INST gameplay_screen__GB9 PIN 1593 TYPE 4
INST gameplay_screen__GB16 PIN 249: INST gameplay_screen__GB9 PIN 1594 TYPE 0 GENOME gameplay_screen__GB16 PIN 249
INST gameplay_screen__GB16 PIN 250: INST gameplay_screen__GB9 PIN 1595 TYPE 0 GENOME gameplay_screen__GB16 PIN 250
INST gameplay_screen__GB16 PIN 251: INST gameplay_screen__GB9 PIN 1596 TYPE 0 GENOME gameplay_screen__GB16 PIN 251
INST gameplay_screen__GB16 PIN 252: INST gameplay_screen__GB9 PIN 1597 TYPE 0 GENOME gameplay_screen__GB16 PIN 252
INST gameplay_screen__GB16 PIN 253: INST gameplay_screen__GB9 PIN 1598 TYPE 0 GENOME gameplay_screen__GB16 PIN 253
INST gameplay_screen__GB16 PIN 254: INST gameplay_screen__GB9 PIN 1599 TYPE 0 GENOME gameplay_screen__GB16 PIN 254
INST gameplay_screen__GB16 PIN 255: INST gameplay_screen__GB9 PIN 1600 TYPE 0 GENOME gameplay_screen__GB16 PIN 255
INST gameplay_screen__GB16 PIN 256: INST gameplay_screen__GB9 PIN 1601 TYPE 0 GENOME gameplay_screen__GB16 PIN 256
INST gameplay_screen__GB28 PIN 265: INST gameplay_screen__GB9 PIN 1602 TYPE 0 GENOME gameplay_screen__GB28 PIN 265
INST gameplay_screen__GB28 PIN 266: INST gameplay_screen__GB9 PIN 1603 TYPE 0 GENOME gameplay_screen__GB28 PIN 266
INST gameplay_screen__GB28 PIN 267: INST gameplay_screen__GB9 PIN 1604 TYPE 0 GENOME gameplay_screen__GB28 PIN 267
INST gameplay_screen__GB28 PIN 268: INST gameplay_screen__GB9 PIN 1605 TYPE 0 GENOME gameplay_screen__GB28 PIN 268
INST gameplay_screen__GB28 PIN 269: INST gameplay_screen__GB9 PIN 1606 TYPE 0 GENOME gameplay_screen__GB28 PIN 269
INST gameplay_screen__GB28 PIN 270: INST gameplay_screen__GB9 PIN 1607 TYPE 0 GENOME gameplay_screen__GB28 PIN 270
INST gameplay_screen__GB28 PIN 271: INST gameplay_screen__GB9 PIN 1608 TYPE 0 GENOME gameplay_screen__GB28 PIN 271
INST gameplay_screen__GB28 PIN 272: INST gameplay_screen__GB9 PIN 1609 TYPE 0 GENOME gameplay_screen__GB28 PIN 272
INST gameplay_screen__GB28 PIN 273: INST gameplay_screen__GB28 PIN 274 TYPE 2 INST gameplay_screen__GB9 PIN 1611 TYPE 4 INST gameplay_screen__GB28 PIN 275 TYPE 2 INST gameplay_screen__GB9 PIN 1612 TYPE 4 INST gameplay_screen__GB28 PIN 276 TYPE 2 INST gameplay_screen__GB9 PIN 1613 TYPE 4
INST gameplay_screen__GB28 PIN 289: INST gameplay_screen__GB9 PIN 1614 TYPE 0 GENOME gameplay_screen__GB28 PIN 289
INST gameplay_screen__GB28 PIN 290: INST gameplay_screen__GB9 PIN 1615 TYPE 0 GENOME gameplay_screen__GB28 PIN 290
INST gameplay_screen__GB28 PIN 291: INST gameplay_screen__GB9 PIN 1616 TYPE 0 GENOME gameplay_screen__GB28 PIN 291
INST gameplay_screen__GB28 PIN 292: INST gameplay_screen__GB9 PIN 1617 TYPE 0 GENOME gameplay_screen__GB28 PIN 292
INST gameplay_screen__GB28 PIN 293: INST gameplay_screen__GB9 PIN 1618 TYPE 0 GENOME gameplay_screen__GB28 PIN 293
INST gameplay_screen__GB28 PIN 294: INST gameplay_screen__GB9 PIN 1619 TYPE 0 GENOME gameplay_screen__GB28 PIN 294
INST gameplay_screen__GB28 PIN 295: INST gameplay_screen__GB9 PIN 1620 TYPE 0 GENOME gameplay_screen__GB28 PIN 295
INST gameplay_screen__GB28 PIN 296: INST gameplay_screen__GB9 PIN 1621 TYPE 0 GENOME gameplay_screen__GB28 PIN 296
INST gameplay_screen__GB28 PIN 297: INST gameplay_screen__GB28 PIN 298 TYPE 2 INST gameplay_screen__GB9 PIN 1623 TYPE 4 INST gameplay_screen__GB28 PIN 299 TYPE 2 INST gameplay_screen__GB9 PIN 1624 TYPE 4 INST gameplay_screen__GB28 PIN 300 TYPE 2 INST gameplay_screen__GB9 PIN 1625 TYPE 4
INST gameplay_screen__GB28 PIN 325: INST gameplay_screen__GB9 PIN 1626 TYPE 0 GENOME gameplay_screen__GB28 PIN 325
INST gameplay_screen__GB28 PIN 326: INST gameplay_screen__GB9 PIN 1627 TYPE 0 GENOME gameplay_screen__GB28 PIN 326
INST gameplay_screen__GB28 PIN 327: INST gameplay_screen__GB9 PIN 1628 TYPE 0 GENOME gameplay_screen__GB28 PIN 327
INST gameplay_screen__GB28 PIN 328: INST gameplay_screen__GB9 PIN 1629 TYPE 0 GENOME gameplay_screen__GB28 PIN 328
INST gameplay_screen__GB28 PIN 329: INST gameplay_screen__GB9 PIN 1630 TYPE 0 GENOME gameplay_screen__GB28 PIN 329
INST gameplay_screen__GB28 PIN 330: INST gameplay_screen__GB9 PIN 1631 TYPE 0 GENOME gameplay_screen__GB28 PIN 330
INST gameplay_screen__GB28 PIN 331: INST gameplay_screen__GB9 PIN 1632 TYPE 0 GENOME gameplay_screen__GB28 PIN 331
INST gameplay_screen__GB28 PIN 332: INST gameplay_screen__GB9 PIN 1633 TYPE 0 GENOME gameplay_screen__GB28 PIN 332
INST gameplay_screen__GB28 PIN 333: INST gameplay_screen__GB28 PIN 334 TYPE 2 INST gameplay_screen__GB9 PIN 1635 TYPE 4 INST gameplay_screen__GB28 PIN 335 TYPE 2 INST gameplay_screen__GB9 PIN 1636 TYPE 4 INST gameplay_screen__GB28 PIN 336 TYPE 2 INST gameplay_screen__GB9 PIN 1637 TYPE 4
INST gameplay_screen__GB28 PIN 89: INST gameplay_screen__GB28 PIN 155 TYPE 2 INST gameplay_screen__GB2 PIN 634 TYPE 4
INST gameplay_screen__GB5 PIN 303: INST gameplay_screen__GB5 PIN 380 TYPE 2 INST gameplay_screen__GB2 PIN 645 TYPE 4
INST gameplay_screen__GB5 PIN 336: INST gameplay_screen__GB5 PIN 347 TYPE 2 INST gameplay_screen__GB2 PIN 677 TYPE 4
INST gameplay_screen__GB9 PIN 43: INST gameplay_screen__GB5 PIN 40 TYPE 3 INST gameplay_screen__GB4 PIN 392 TYPE 4
INST gameplay_screen__GB5 PIN 183: INST gameplay_screen__GB5 PIN 227 TYPE 2 INST gameplay_screen__GB4 PIN 420 TYPE 4
INST gameplay_screen__GB5 PIN 95: INST gameplay_screen__GB5 PIN 139 TYPE 2 INST gameplay_screen__GB4 PIN 467 TYPE 4
INST gameplay_screen__GB5 PIN 62: INST gameplay_screen__GB5 PIN 150 TYPE 2 INST gameplay_screen__GB4 PIN 537 TYPE 4
INST gameplay_screen__GB28 PIN 177: INST gameplay_screen__GB28 PIN 188 TYPE 2 INST gameplay_screen__GB27 PIN 283 TYPE 4
INST gameplay_screen__GB28 PIN 122: INST gameplay_screen__GB28 PIN 144 TYPE 2 INST gameplay_screen__GB27 PIN 317 TYPE 4
INST gameplay_screen__GB12 PIN 67: INST gameplay_screen__GB11 PIN 521 TYPE 0 GENOME gameplay_screen__GB12 PIN 67
INST gameplay_screen__GB12 PIN 68: INST gameplay_screen__GB11 PIN 522 TYPE 0 GENOME gameplay_screen__GB12 PIN 68
INST gameplay_screen__GB12 PIN 69: INST gameplay_screen__GB11 PIN 523 TYPE 0 GENOME gameplay_screen__GB12 PIN 69
INST gameplay_screen__GB12 PIN 70: INST gameplay_screen__GB11 PIN 524 TYPE 0 GENOME gameplay_screen__GB12 PIN 70
INST gameplay_screen__GB12 PIN 71: INST gameplay_screen__GB11 PIN 525 TYPE 0 GENOME gameplay_screen__GB12 PIN 71
INST gameplay_screen__GB12 PIN 72: INST gameplay_screen__GB11 PIN 526 TYPE 0 GENOME gameplay_screen__GB12 PIN 72
INST gameplay_screen__GB12 PIN 73: INST gameplay_screen__GB11 PIN 527 TYPE 0 GENOME gameplay_screen__GB12 PIN 73
INST gameplay_screen__GB12 PIN 74: INST gameplay_screen__GB11 PIN 528 TYPE 0 GENOME gameplay_screen__GB12 PIN 74
INST gameplay_screen__GB12 PIN 75: INST gameplay_screen__GB12 PIN 76 TYPE 2 INST gameplay_screen__GB11 PIN 530 TYPE 4 INST gameplay_screen__GB12 PIN 77 TYPE 2 INST gameplay_screen__GB11 PIN 531 TYPE 4 INST gameplay_screen__GB12 PIN 78 TYPE 2 INST gameplay_screen__GB11 PIN 532 TYPE 4
INST gameplay_screen__GB12 PIN 80: INST gameplay_screen__GB11 PIN 533 TYPE 0 GENOME gameplay_screen__GB12 PIN 80
INST gameplay_screen__GB12 PIN 81: INST gameplay_screen__GB11 PIN 534 TYPE 0 GENOME gameplay_screen__GB12 PIN 81
INST gameplay_screen__GB12 PIN 82: INST gameplay_screen__GB11 PIN 535 TYPE 0 GENOME gameplay_screen__GB12 PIN 82
INST gameplay_screen__GB12 PIN 83: INST gameplay_screen__GB11 PIN 536 TYPE 0 GENOME gameplay_screen__GB12 PIN 83
INST gameplay_screen__GB12 PIN 84: INST gameplay_screen__GB11 PIN 537 TYPE 0 GENOME gameplay_screen__GB12 PIN 84
INST gameplay_screen__GB12 PIN 85: INST gameplay_screen__GB11 PIN 538 TYPE 0 GENOME gameplay_screen__GB12 PIN 85
INST gameplay_screen__GB12 PIN 86: INST gameplay_screen__GB11 PIN 539 TYPE 0 GENOME gameplay_screen__GB12 PIN 86
INST gameplay_screen__GB12 PIN 87: INST gameplay_screen__GB11 PIN 540 TYPE 0 GENOME gameplay_screen__GB12 PIN 87
INST gameplay_screen__GB12 PIN 88: INST gameplay_screen__GB12 PIN 89 TYPE 2 INST gameplay_screen__GB11 PIN 542 TYPE 4 INST gameplay_screen__GB12 PIN 90 TYPE 2 INST gameplay_screen__GB11 PIN 543 TYPE 4 INST gameplay_screen__GB12 PIN 91 TYPE 2 INST gameplay_screen__GB11 PIN 544 TYPE 4
INST gameplay_screen__GB2 PIN 73: INST gameplay_screen__GB1 PIN 31 TYPE 3 INST gameplay_screen__GB0 PIN 1601 TYPE 4
INST gameplay_screen__GB2 PIN 74: INST gameplay_screen__GB1 PIN 0 TYPE 3 INST gameplay_screen__GB0 PIN 1660 TYPE 4
INST gameplay_screen__GB2 PIN 77: INST gameplay_screen__GB1 PIN 16 TYPE 3 INST gameplay_screen__GB0 PIN 1661 TYPE 4
INST gameplay_screen__GB2 PIN 76: INST gameplay_screen__GB1 PIN 3 TYPE 3 INST gameplay_screen__GB0 PIN 1673 TYPE 4
INST gameplay_screen__GB2 PIN 75: INST gameplay_screen__GB1 PIN 1 TYPE 3 INST gameplay_screen__GB0 PIN 1726 TYPE 4
INST gameplay_screen__GB5 PIN 128: INST gameplay_screen__GB5 PIN 369 TYPE 2 INST gameplay_screen__GB1 PIN 754 TYPE 4
GENOME NON_GENOME PIN 242: GENOME NON_GENOME PIN 274
INST gameplay_screen__GB16 PIN 210: GENOME gameplay_screen__GB16 PIN 210
INST gameplay_screen__GB16 PIN 211: GENOME gameplay_screen__GB16 PIN 211
INST gameplay_screen__GB16 PIN 212: GENOME gameplay_screen__GB16 PIN 212
INST gameplay_screen__GB16 PIN 230: GENOME gameplay_screen__GB16 PIN 230
INST gameplay_screen__GB16 PIN 231: GENOME gameplay_screen__GB16 PIN 231
INST gameplay_screen__GB16 PIN 232: GENOME gameplay_screen__GB16 PIN 232
INST gameplay_screen__GB16 PIN 234: GENOME gameplay_screen__GB16 PIN 234
INST gameplay_screen__GB16 PIN 235: GENOME gameplay_screen__GB16 PIN 235
INST gameplay_screen__GB16 PIN 236: GENOME gameplay_screen__GB16 PIN 236
INST gameplay_screen__GB16 PIN 246: GENOME gameplay_screen__GB16 PIN 246
INST gameplay_screen__GB16 PIN 247: GENOME gameplay_screen__GB16 PIN 247
INST gameplay_screen__GB16 PIN 248: GENOME gameplay_screen__GB16 PIN 248
INST gameplay_screen__GB16 PIN 266: GENOME gameplay_screen__GB16 PIN 266
INST gameplay_screen__GB16 PIN 267: GENOME gameplay_screen__GB16 PIN 267
INST gameplay_screen__GB16 PIN 268: GENOME gameplay_screen__GB16 PIN 268
INST gameplay_screen__GB16 PIN 270: GENOME gameplay_screen__GB16 PIN 270
INST gameplay_screen__GB16 PIN 271: GENOME gameplay_screen__GB16 PIN 271
INST gameplay_screen__GB16 PIN 272: GENOME gameplay_screen__GB16 PIN 272
INST gameplay_screen__GB16 PIN 290: GENOME gameplay_screen__GB16 PIN 290
INST gameplay_screen__GB16 PIN 291: GENOME gameplay_screen__GB16 PIN 291
INST gameplay_screen__GB16 PIN 292: GENOME gameplay_screen__GB16 PIN 292
INST gameplay_screen__GB16 PIN 294: GENOME gameplay_screen__GB16 PIN 294
INST gameplay_screen__GB16 PIN 295: GENOME gameplay_screen__GB16 PIN 295
INST gameplay_screen__GB16 PIN 296: GENOME gameplay_screen__GB16 PIN 296
INST gameplay_screen__GB16 PIN 306: GENOME gameplay_screen__GB16 PIN 306
INST gameplay_screen__GB16 PIN 307: GENOME gameplay_screen__GB16 PIN 307
INST gameplay_screen__GB16 PIN 308: GENOME gameplay_screen__GB16 PIN 308
INST gameplay_screen__GB16 PIN 326: GENOME gameplay_screen__GB16 PIN 326
INST gameplay_screen__GB16 PIN 327: GENOME gameplay_screen__GB16 PIN 327
INST gameplay_screen__GB16 PIN 328: GENOME gameplay_screen__GB16 PIN 328
INST gameplay_screen__GB16 PIN 338: GENOME gameplay_screen__GB16 PIN 338
INST gameplay_screen__GB16 PIN 339: GENOME gameplay_screen__GB16 PIN 339
INST gameplay_screen__GB16 PIN 340: GENOME gameplay_screen__GB16 PIN 340
INST gameplay_screen__GB16 PIN 350: GENOME gameplay_screen__GB16 PIN 350
INST gameplay_screen__GB16 PIN 351: GENOME gameplay_screen__GB16 PIN 351
INST gameplay_screen__GB16 PIN 352: GENOME gameplay_screen__GB16 PIN 352
INST gameplay_screen__GB16 PIN 362: GENOME gameplay_screen__GB16 PIN 362
INST gameplay_screen__GB16 PIN 363: GENOME gameplay_screen__GB16 PIN 363
INST gameplay_screen__GB16 PIN 364: GENOME gameplay_screen__GB16 PIN 364
INST gameplay_screen__GB16 PIN 423: GENOME gameplay_screen__GB16 PIN 423
INST gameplay_screen__GB16 PIN 424: GENOME gameplay_screen__GB16 PIN 424
INST gameplay_screen__GB16 PIN 425: GENOME gameplay_screen__GB16 PIN 425
INST gameplay_screen__GB16 PIN 426: GENOME gameplay_screen__GB16 PIN 426
INST gameplay_screen__GB16 PIN 427: GENOME gameplay_screen__GB16 PIN 427
INST gameplay_screen__GB16 PIN 428: GENOME gameplay_screen__GB16 PIN 428
INST gameplay_screen__GB16 PIN 429: GENOME gameplay_screen__GB16 PIN 429
INST gameplay_screen__GB16 PIN 430: GENOME gameplay_screen__GB16 PIN 430
INST gameplay_screen__GB16 PIN 431: GENOME gameplay_screen__GB16 PIN 431
INST gameplay_screen__GB16 PIN 432: GENOME gameplay_screen__GB16 PIN 432
INST gameplay_screen__GB28 PIN 144: GENOME gameplay_screen__GB28 PIN 144
INST gameplay_screen__GB28 PIN 155: GENOME gameplay_screen__GB28 PIN 155
INST gameplay_screen__GB28 PIN 188: GENOME gameplay_screen__GB28 PIN 188
INST gameplay_screen__GB28 PIN 274: GENOME gameplay_screen__GB28 PIN 274
INST gameplay_screen__GB28 PIN 275: GENOME gameplay_screen__GB28 PIN 275
INST gameplay_screen__GB28 PIN 276: GENOME gameplay_screen__GB28 PIN 276
INST gameplay_screen__GB28 PIN 278: GENOME gameplay_screen__GB28 PIN 278
INST gameplay_screen__GB28 PIN 279: GENOME gameplay_screen__GB28 PIN 279
INST gameplay_screen__GB28 PIN 280: GENOME gameplay_screen__GB28 PIN 280
INST gameplay_screen__GB28 PIN 298: GENOME gameplay_screen__GB28 PIN 298
INST gameplay_screen__GB28 PIN 299: GENOME gameplay_screen__GB28 PIN 299
INST gameplay_screen__GB28 PIN 300: GENOME gameplay_screen__GB28 PIN 300
INST gameplay_screen__GB28 PIN 302: GENOME gameplay_screen__GB28 PIN 302
INST gameplay_screen__GB28 PIN 303: GENOME gameplay_screen__GB28 PIN 303
INST gameplay_screen__GB28 PIN 304: GENOME gameplay_screen__GB28 PIN 304
INST gameplay_screen__GB28 PIN 314: GENOME gameplay_screen__GB28 PIN 314
INST gameplay_screen__GB28 PIN 315: GENOME gameplay_screen__GB28 PIN 315
INST gameplay_screen__GB28 PIN 316: GENOME gameplay_screen__GB28 PIN 316
INST gameplay_screen__GB28 PIN 334: GENOME gameplay_screen__GB28 PIN 334
INST gameplay_screen__GB28 PIN 335: GENOME gameplay_screen__GB28 PIN 335
INST gameplay_screen__GB28 PIN 336: GENOME gameplay_screen__GB28 PIN 336
INST gameplay_screen__GB12 PIN 47: GENOME gameplay_screen__GB12 PIN 47
INST gameplay_screen__GB12 PIN 76: GENOME gameplay_screen__GB12 PIN 76
INST gameplay_screen__GB12 PIN 77: GENOME gameplay_screen__GB12 PIN 77
INST gameplay_screen__GB12 PIN 78: GENOME gameplay_screen__GB12 PIN 78
INST gameplay_screen__GB12 PIN 89: GENOME gameplay_screen__GB12 PIN 89
INST gameplay_screen__GB12 PIN 90: GENOME gameplay_screen__GB12 PIN 90
INST gameplay_screen__GB12 PIN 91: GENOME gameplay_screen__GB12 PIN 91
INST gameplay_screen__GB12 PIN 121: GENOME gameplay_screen__GB12 PIN 121
INST gameplay_screen__GB12 PIN 122: GENOME gameplay_screen__GB12 PIN 122
INST gameplay_screen__GB12 PIN 123: GENOME gameplay_screen__GB12 PIN 123
INST gameplay_screen__GB12 PIN 124: GENOME gameplay_screen__GB12 PIN 124
INST gameplay_screen__GB12 PIN 125: GENOME gameplay_screen__GB12 PIN 125
INST gameplay_screen__GB12 PIN 126: GENOME gameplay_screen__GB12 PIN 126
INST gameplay_screen__GB12 PIN 127: GENOME gameplay_screen__GB12 PIN 127
INST gameplay_screen__GB12 PIN 128: GENOME gameplay_screen__GB12 PIN 128
INST gameplay_screen__GB12 PIN 129: GENOME gameplay_screen__GB12 PIN 129
INST gameplay_screen__GB12 PIN 130: GENOME gameplay_screen__GB12 PIN 130
INST gameplay_screen__GB12 PIN 131: GENOME gameplay_screen__GB12 PIN 131
INST gameplay_screen__GB12 PIN 137: GENOME gameplay_screen__GB12 PIN 137
INST gameplay_screen__GB12 PIN 138: GENOME gameplay_screen__GB12 PIN 138
INST gameplay_screen__GB12 PIN 139: GENOME gameplay_screen__GB12 PIN 139
INST gameplay_screen__GB12 PIN 140: GENOME gameplay_screen__GB12 PIN 140
INST gameplay_screen__GB12 PIN 141: GENOME gameplay_screen__GB12 PIN 141
INST gameplay_screen__GB12 PIN 142: GENOME gameplay_screen__GB12 PIN 142
INST gameplay_screen__GB12 PIN 143: GENOME gameplay_screen__GB12 PIN 143
INST gameplay_screen__GB12 PIN 144: GENOME gameplay_screen__GB12 PIN 144
INST gameplay_screen__GB12 PIN 145: GENOME gameplay_screen__GB12 PIN 145
INST gameplay_screen__GB12 PIN 146: GENOME gameplay_screen__GB12 PIN 146
INST gameplay_screen__GB12 PIN 147: GENOME gameplay_screen__GB12 PIN 147
INST gameplay_screen__GB12 PIN 150: GENOME gameplay_screen__GB12 PIN 150
INST gameplay_screen__GB12 PIN 151: GENOME gameplay_screen__GB12 PIN 151
INST gameplay_screen__GB12 PIN 152: GENOME gameplay_screen__GB12 PIN 152
INST gameplay_screen__GB12 PIN 153: GENOME gameplay_screen__GB12 PIN 153
INST gameplay_screen__GB12 PIN 154: GENOME gameplay_screen__GB12 PIN 154
INST gameplay_screen__GB12 PIN 155: GENOME gameplay_screen__GB12 PIN 155
INST gameplay_screen__GB12 PIN 156: GENOME gameplay_screen__GB12 PIN 156
INST gameplay_screen__GB12 PIN 157: GENOME gameplay_screen__GB12 PIN 157
INST gameplay_screen__GB12 PIN 158: GENOME gameplay_screen__GB12 PIN 158
INST gameplay_screen__GB12 PIN 159: GENOME gameplay_screen__GB12 PIN 159
INST gameplay_screen__GB12 PIN 160: GENOME gameplay_screen__GB12 PIN 160
INST gameplay_screen__GB12 PIN 162: GENOME gameplay_screen__GB12 PIN 162
INST gameplay_screen__GB12 PIN 163: GENOME gameplay_screen__GB12 PIN 163
INST gameplay_screen__GB12 PIN 164: GENOME gameplay_screen__GB12 PIN 164
INST gameplay_screen__GB12 PIN 165: GENOME gameplay_screen__GB12 PIN 165
INST gameplay_screen__GB12 PIN 166: GENOME gameplay_screen__GB12 PIN 166
INST gameplay_screen__GB12 PIN 167: GENOME gameplay_screen__GB12 PIN 167
INST gameplay_screen__GB12 PIN 168: GENOME gameplay_screen__GB12 PIN 168
INST gameplay_screen__GB12 PIN 169: GENOME gameplay_screen__GB12 PIN 169
INST gameplay_screen__GB12 PIN 170: GENOME gameplay_screen__GB12 PIN 170
INST gameplay_screen__GB12 PIN 171: GENOME gameplay_screen__GB12 PIN 171
INST gameplay_screen__GB12 PIN 172: GENOME gameplay_screen__GB12 PIN 172
INST gameplay_screen__GB12 PIN 359: GENOME gameplay_screen__GB12 PIN 359
INST gameplay_screen__GB12 PIN 360: GENOME gameplay_screen__GB12 PIN 360
INST gameplay_screen__GB12 PIN 361: GENOME gameplay_screen__GB12 PIN 361
INST gameplay_screen__GB12 PIN 362: GENOME gameplay_screen__GB12 PIN 362
INST gameplay_screen__GB12 PIN 363: GENOME gameplay_screen__GB12 PIN 363
INST gameplay_screen__GB12 PIN 364: GENOME gameplay_screen__GB12 PIN 364
INST gameplay_screen__GB12 PIN 365: GENOME gameplay_screen__GB12 PIN 365
INST gameplay_screen__GB12 PIN 366: GENOME gameplay_screen__GB12 PIN 366
INST gameplay_screen__GB12 PIN 367: GENOME gameplay_screen__GB12 PIN 367
INST gameplay_screen__GB12 PIN 368: GENOME gameplay_screen__GB12 PIN 368
INST gameplay_screen__GB1 PIN 0: GENOME gameplay_screen__GB1 PIN 0
INST gameplay_screen__GB1 PIN 1: GENOME gameplay_screen__GB1 PIN 1
INST gameplay_screen__GB1 PIN 3: GENOME gameplay_screen__GB1 PIN 3
INST gameplay_screen__GB1 PIN 16: GENOME gameplay_screen__GB1 PIN 16
INST gameplay_screen__GB1 PIN 31: GENOME gameplay_screen__GB1 PIN 31
INST gameplay_screen__GB1 PIN 39: GENOME gameplay_screen__GB1 PIN 39
INST gameplay_screen__GB1 PIN 40: GENOME gameplay_screen__GB1 PIN 40
INST gameplay_screen__GB1 PIN 41: GENOME gameplay_screen__GB1 PIN 41
INST gameplay_screen__GB1 PIN 42: GENOME gameplay_screen__GB1 PIN 42
INST gameplay_screen__GB1 PIN 43: GENOME gameplay_screen__GB1 PIN 43
INST gameplay_screen__GB1 PIN 44: GENOME gameplay_screen__GB1 PIN 44
INST gameplay_screen__GB1 PIN 45: GENOME gameplay_screen__GB1 PIN 45
INST gameplay_screen__GB1 PIN 46: GENOME gameplay_screen__GB1 PIN 46
INST gameplay_screen__GB1 PIN 47: GENOME gameplay_screen__GB1 PIN 47
INST gameplay_screen__GB1 PIN 48: GENOME gameplay_screen__GB1 PIN 48
INST gameplay_screen__GB1 PIN 49: GENOME gameplay_screen__GB1 PIN 49
INST gameplay_screen__GB1 PIN 50: GENOME gameplay_screen__GB1 PIN 50
INST gameplay_screen__GB1 PIN 51: GENOME gameplay_screen__GB1 PIN 51
INST gameplay_screen__GB1 PIN 52: GENOME gameplay_screen__GB1 PIN 52
INST gameplay_screen__GB1 PIN 142: GENOME gameplay_screen__GB1 PIN 142
INST gameplay_screen__GB1 PIN 143: GENOME gameplay_screen__GB1 PIN 143
INST gameplay_screen__GB1 PIN 144: GENOME gameplay_screen__GB1 PIN 144
INST gameplay_screen__GB1 PIN 167: GENOME gameplay_screen__GB1 PIN 167
INST gameplay_screen__GB1 PIN 168: GENOME gameplay_screen__GB1 PIN 168
INST gameplay_screen__GB1 PIN 169: GENOME gameplay_screen__GB1 PIN 169
INST gameplay_screen__GB1 PIN 181: GENOME gameplay_screen__GB1 PIN 181
INST gameplay_screen__GB1 PIN 182: GENOME gameplay_screen__GB1 PIN 182
INST gameplay_screen__GB1 PIN 183: GENOME gameplay_screen__GB1 PIN 183
INST gameplay_screen__GB1 PIN 187: GENOME gameplay_screen__GB1 PIN 187
INST gameplay_screen__GB1 PIN 188: GENOME gameplay_screen__GB1 PIN 188
INST gameplay_screen__GB1 PIN 189: GENOME gameplay_screen__GB1 PIN 189
INST gameplay_screen__GB1 PIN 483: INST gameplay_screen__GB2 PIN 79 TYPE 5
INST gameplay_screen__GB1 PIN 484: INST gameplay_screen__GB2 PIN 80 TYPE 5
INST gameplay_screen__GB1 PIN 485: INST gameplay_screen__GB2 PIN 81 TYPE 5
INST gameplay_screen__GB1 PIN 486: INST gameplay_screen__GB2 PIN 82 TYPE 5
INST gameplay_screen__GB1 PIN 487: INST gameplay_screen__GB2 PIN 83 TYPE 5
INST gameplay_screen__GB1 PIN 488: INST gameplay_screen__GB2 PIN 84 TYPE 5
INST gameplay_screen__GB1 PIN 489: INST gameplay_screen__GB2 PIN 85 TYPE 5
INST gameplay_screen__GB1 PIN 490: INST gameplay_screen__GB2 PIN 86 TYPE 5
INST gameplay_screen__GB1 PIN 491: INST gameplay_screen__GB2 PIN 87 TYPE 5
INST gameplay_screen__GB1 PIN 492: INST gameplay_screen__GB2 PIN 88 TYPE 5
INST gameplay_screen__GB1 PIN 493: INST gameplay_screen__GB2 PIN 89 TYPE 5
INST gameplay_screen__GB1 PIN 494: INST gameplay_screen__GB2 PIN 90 TYPE 5
INST gameplay_screen__GB1 PIN 495: INST gameplay_screen__GB2 PIN 91 TYPE 5
INST gameplay_screen__GB1 PIN 496: INST gameplay_screen__GB2 PIN 92 TYPE 5
INST gameplay_screen__GB25 PIN 76: GENOME gameplay_screen__GB25 PIN 76
INST gameplay_screen__GB25 PIN 153: GENOME gameplay_screen__GB25 PIN 153
INST gameplay_screen__GB25 PIN 191: GENOME gameplay_screen__GB25 PIN 191
INST gameplay_screen__GB25 PIN 201: GENOME gameplay_screen__GB25 PIN 201
INST gameplay_screen__GB25 PIN 202: GENOME gameplay_screen__GB25 PIN 202
INST gameplay_screen__GB25 PIN 203: GENOME gameplay_screen__GB25 PIN 203
INST gameplay_screen__GB25 PIN 214: GENOME gameplay_screen__GB25 PIN 214
INST gameplay_screen__GB25 PIN 215: GENOME gameplay_screen__GB25 PIN 215
INST gameplay_screen__GB25 PIN 216: GENOME gameplay_screen__GB25 PIN 216
INST gameplay_screen__GB25 PIN 218: GENOME gameplay_screen__GB25 PIN 218
INST gameplay_screen__GB25 PIN 219: GENOME gameplay_screen__GB25 PIN 219
INST gameplay_screen__GB25 PIN 220: GENOME gameplay_screen__GB25 PIN 220
INST gameplay_screen__GB25 PIN 230: GENOME gameplay_screen__GB25 PIN 230
INST gameplay_screen__GB25 PIN 231: GENOME gameplay_screen__GB25 PIN 231
INST gameplay_screen__GB25 PIN 232: GENOME gameplay_screen__GB25 PIN 232
INST gameplay_screen__GB25 PIN 276: GENOME gameplay_screen__GB25 PIN 276
INST gameplay_screen__GB25 PIN 282: GENOME gameplay_screen__GB25 PIN 282
INST gameplay_screen__GB25 PIN 283: GENOME gameplay_screen__GB25 PIN 283
INST gameplay_screen__GB25 PIN 284: GENOME gameplay_screen__GB25 PIN 284
INST gameplay_screen__GB5 PIN 40: GENOME gameplay_screen__GB5 PIN 40
INST gameplay_screen__GB5 PIN 139: GENOME gameplay_screen__GB5 PIN 139
INST gameplay_screen__GB5 PIN 150: GENOME gameplay_screen__GB5 PIN 150
INST gameplay_screen__GB5 PIN 227: GENOME gameplay_screen__GB5 PIN 227
INST gameplay_screen__GB5 PIN 238: GENOME gameplay_screen__GB5 PIN 238
INST gameplay_screen__GB5 PIN 347: GENOME gameplay_screen__GB5 PIN 347
INST gameplay_screen__GB5 PIN 358: GENOME gameplay_screen__GB5 PIN 358
INST gameplay_screen__GB5 PIN 369: GENOME gameplay_screen__GB5 PIN 369
INST gameplay_screen__GB5 PIN 380: GENOME gameplay_screen__GB5 PIN 380
INST gameplay_screen__GB5 PIN 391: GENOME gameplay_screen__GB5 PIN 391
INST gameplay_screen__GB5 PIN 406: GENOME gameplay_screen__GB5 PIN 406
INST top_level__GC0 PIN 102: GENOME top_level__GC0 PIN 102 INST top_level__GC0 PIN 38 TYPE 5
INST top_level__GC0 PIN 38: GENOME top_level__GC0 PIN 38
INST top_level__GC0 PIN 103: GENOME top_level__GC0 PIN 103 INST top_level__GC0 PIN 37 TYPE 5
INST top_level__GC0 PIN 37: GENOME top_level__GC0 PIN 37
INST top_level__GC0 PIN 104: GENOME top_level__GC0 PIN 104 INST top_level__GC0 PIN 39 TYPE 5
INST top_level__GC0 PIN 39: GENOME top_level__GC0 PIN 39
GENOME NON_GENOME PIN 38: GENOME NON_GENOME PIN 102
GENOME NON_GENOME PIN 103: GENOME NON_GENOME PIN 37
GENOME NON_GENOME PIN 104: GENOME NON_GENOME PIN 39
INST gameplay_screen__GB24 PIN 26: GENOME gameplay_screen__GB24 PIN 26
INST gameplay_screen__GB24 PIN 143: GENOME gameplay_screen__GB24 PIN 143
INST gameplay_screen__GB24 PIN 162: GENOME gameplay_screen__GB24 PIN 162
INST gameplay_screen__GB24 PIN 175: GENOME gameplay_screen__GB24 PIN 175
INST gameplay_screen__GB15 PIN 30: GENOME gameplay_screen__GB15 PIN 30
INST gameplay_screen__GB12 PIN 16: INST gameplay_screen__GB20 PIN 207 TYPE 0 INST gameplay_screen__GB13 PIN 295 TYPE 0 GENOME gameplay_screen__GB12 PIN 16
INST gameplay_screen__GB12 PIN 17: INST gameplay_screen__GB20 PIN 208 TYPE 0 INST gameplay_screen__GB13 PIN 296 TYPE 0 GENOME gameplay_screen__GB12 PIN 17
INST gameplay_screen__GB12 PIN 18: INST gameplay_screen__GB20 PIN 209 TYPE 0 INST gameplay_screen__GB13 PIN 297 TYPE 0 GENOME gameplay_screen__GB12 PIN 18
INST gameplay_screen__GB12 PIN 19: INST gameplay_screen__GB20 PIN 210 TYPE 0 INST gameplay_screen__GB13 PIN 298 TYPE 0 GENOME gameplay_screen__GB12 PIN 19
INST gameplay_screen__GB12 PIN 20: INST gameplay_screen__GB20 PIN 211 TYPE 1 INST gameplay_screen__GB13 PIN 299 TYPE 1 GENOME gameplay_screen__GB12 PIN 20
INST gameplay_screen__GB12 PIN 21: INST gameplay_screen__GB20 PIN 212 TYPE 0 INST gameplay_screen__GB13 PIN 300 TYPE 0 GENOME gameplay_screen__GB12 PIN 21
INST gameplay_screen__GB12 PIN 22: INST gameplay_screen__GB20 PIN 213 TYPE 1 INST gameplay_screen__GB13 PIN 301 TYPE 1 GENOME gameplay_screen__GB12 PIN 22
INST gameplay_screen__GB12 PIN 23: INST gameplay_screen__GB20 PIN 214 TYPE 0 INST gameplay_screen__GB13 PIN 302 TYPE 0 GENOME gameplay_screen__GB12 PIN 23
