GENOME NON_GENOME PIN 547: GENOME NON_GENOME PIN 8
GENOME NON_GENOME PIN 8: GENOME NON_GENOME PIN 547 GENOME NON_GENOME PIN 9 GENOME NON_GENOME PIN 10 GENOME NON_GENOME PIN 11
GENOME NON_GENOME PIN 548: GENOME NON_GENOME PIN 9 GENOME NON_GENOME PIN 19
GENOME NON_GENOME PIN 9: GENOME NON_GENOME PIN 548 GENOME NON_GENOME PIN 8
GENOME NON_GENOME PIN 549: GENOME NON_GENOME PIN 10 GENOME NON_GENOME PIN 20
GENOME NON_GENOME PIN 10: GENOME NON_GENOME PIN 549 GENOME NON_GENOME PIN 8 GENOME NON_GENOME PIN 21
GENOME NON_GENOME PIN 19: GENOME NON_GENOME PIN 548
GENOME NON_GENOME PIN 20: GENOME NON_GENOME PIN 549 GENOME NON_GENOME PIN 21 GENOME NON_GENOME PIN 22 GENOME NON_GENOME PIN 23
GENOME NON_GENOME PIN 537: GENOME NON_GENOME PIN 29
GENOME NON_GENOME PIN 29: GENOME NON_GENOME PIN 537
GENOME NON_GENOME PIN 538: GENOME NON_GENOME PIN 30 GENOME NON_GENOME PIN 88
GENOME NON_GENOME PIN 30: GENOME NON_GENOME PIN 538
GENOME NON_GENOME PIN 539: GENOME NON_GENOME PIN 31 GENOME NON_GENOME PIN 89
GENOME NON_GENOME PIN 31: GENOME NON_GENOME PIN 539
GENOME NON_GENOME PIN 294: GENOME NON_GENOME PIN 54
GENOME NON_GENOME PIN 54: GENOME NON_GENOME PIN 294
GENOME NON_GENOME PIN 566: GENOME NON_GENOME PIN 67 GENOME NON_GENOME PIN 77
GENOME NON_GENOME PIN 67: GENOME NON_GENOME PIN 566
GENOME NON_GENOME PIN 567: GENOME NON_GENOME PIN 68 GENOME NON_GENOME PIN 78
GENOME NON_GENOME PIN 68: GENOME NON_GENOME PIN 567
GENOME NON_GENOME PIN 565: GENOME NON_GENOME PIN 76
GENOME NON_GENOME PIN 76: GENOME NON_GENOME PIN 565
GENOME NON_GENOME PIN 77: GENOME NON_GENOME PIN 566
GENOME NON_GENOME PIN 78: GENOME NON_GENOME PIN 567
GENOME NON_GENOME PIN 88: GENOME NON_GENOME PIN 538
GENOME NON_GENOME PIN 89: GENOME NON_GENOME PIN 539
GENOME NON_GENOME PIN 101: GENOME NON_GENOME PIN 111
GENOME NON_GENOME PIN 111: GENOME NON_GENOME PIN 101
GENOME NON_GENOME PIN 122: GENOME NON_GENOME PIN 138 GENOME NON_GENOME PIN 244
GENOME NON_GENOME PIN 138: GENOME NON_GENOME PIN 122
GENOME NON_GENOME PIN 123: GENOME NON_GENOME PIN 139
GENOME NON_GENOME PIN 139: GENOME NON_GENOME PIN 123
GENOME NON_GENOME PIN 124: GENOME NON_GENOME PIN 146
GENOME NON_GENOME PIN 146: GENOME NON_GENOME PIN 124
GENOME NON_GENOME PIN 141: GENOME NON_GENOME PIN 186
GENOME NON_GENOME PIN 186: GENOME NON_GENOME PIN 141
GENOME NON_GENOME PIN 143: GENOME NON_GENOME PIN 188
GENOME NON_GENOME PIN 188: GENOME NON_GENOME PIN 143
GENOME NON_GENOME PIN 56: GENOME NON_GENOME PIN 196
GENOME NON_GENOME PIN 196: GENOME NON_GENOME PIN 56 GENOME NON_GENOME PIN 173
GENOME NON_GENOME PIN 55: GENOME NON_GENOME PIN 199
GENOME NON_GENOME PIN 199: GENOME NON_GENOME PIN 55 GENOME NON_GENOME PIN 41
GENOME NON_GENOME PIN 208: GENOME NON_GENOME PIN 205
GENOME NON_GENOME PIN 205: GENOME NON_GENOME PIN 208
GENOME NON_GENOME PIN 207: GENOME NON_GENOME PIN 209
GENOME NON_GENOME PIN 209: GENOME NON_GENOME PIN 207
GENOME NON_GENOME PIN 206: GENOME NON_GENOME PIN 210
GENOME NON_GENOME PIN 210: GENOME NON_GENOME PIN 206
GENOME NON_GENOME PIN 133: GENOME NON_GENOME PIN 215
GENOME NON_GENOME PIN 215: GENOME NON_GENOME PIN 133
GENOME NON_GENOME PIN 132: GENOME NON_GENOME PIN 216
GENOME NON_GENOME PIN 216: GENOME NON_GENOME PIN 132
GENOME NON_GENOME PIN 219: GENOME NON_GENOME PIN 220 GENOME NON_GENOME PIN 221 GENOME NON_GENOME PIN 222 GENOME NON_GENOME PIN 223 GENOME NON_GENOME PIN 224 GENOME NON_GENOME PIN 225 GENOME NON_GENOME PIN 226 GENOME NON_GENOME PIN 227 GENOME NON_GENOME PIN 228 GENOME NON_GENOME PIN 229 GENOME NON_GENOME PIN 230
GENOME NON_GENOME PIN 220: GENOME NON_GENOME PIN 219
GENOME NON_GENOME PIN 221: GENOME NON_GENOME PIN 219
GENOME NON_GENOME PIN 222: GENOME NON_GENOME PIN 219
GENOME NON_GENOME PIN 223: GENOME NON_GENOME PIN 219
GENOME NON_GENOME PIN 224: GENOME NON_GENOME PIN 219
GENOME NON_GENOME PIN 225: GENOME NON_GENOME PIN 219
GENOME NON_GENOME PIN 226: GENOME NON_GENOME PIN 219
GENOME NON_GENOME PIN 227: GENOME NON_GENOME PIN 219
GENOME NON_GENOME PIN 228: GENOME NON_GENOME PIN 219
GENOME NON_GENOME PIN 229: GENOME NON_GENOME PIN 219
GENOME NON_GENOME PIN 230: GENOME NON_GENOME PIN 219
GENOME NON_GENOME PIN 231: GENOME NON_GENOME PIN 232 GENOME NON_GENOME PIN 233 GENOME NON_GENOME PIN 234 GENOME NON_GENOME PIN 235 GENOME NON_GENOME PIN 236 GENOME NON_GENOME PIN 237 GENOME NON_GENOME PIN 238 GENOME NON_GENOME PIN 239 GENOME NON_GENOME PIN 240 GENOME NON_GENOME PIN 241 GENOME NON_GENOME PIN 242
GENOME NON_GENOME PIN 232: GENOME NON_GENOME PIN 231
GENOME NON_GENOME PIN 233: GENOME NON_GENOME PIN 231
GENOME NON_GENOME PIN 234: GENOME NON_GENOME PIN 231
GENOME NON_GENOME PIN 235: GENOME NON_GENOME PIN 231
GENOME NON_GENOME PIN 236: GENOME NON_GENOME PIN 231
GENOME NON_GENOME PIN 237: GENOME NON_GENOME PIN 231
GENOME NON_GENOME PIN 238: GENOME NON_GENOME PIN 231 GENOME NON_GENOME PIN 40
GENOME NON_GENOME PIN 239: GENOME NON_GENOME PIN 231 GENOME NON_GENOME PIN 42
GENOME NON_GENOME PIN 240: GENOME NON_GENOME PIN 231 GENOME NON_GENOME PIN 63
GENOME NON_GENOME PIN 241: GENOME NON_GENOME PIN 231 GENOME NON_GENOME PIN 91
GENOME NON_GENOME PIN 242: GENOME NON_GENOME PIN 231 GENOME NON_GENOME PIN 105
GENOME NON_GENOME PIN 243: GENOME NON_GENOME PIN 244 GENOME NON_GENOME PIN 245 GENOME NON_GENOME PIN 246 GENOME NON_GENOME PIN 247 GENOME NON_GENOME PIN 248 GENOME NON_GENOME PIN 249 GENOME NON_GENOME PIN 250 GENOME NON_GENOME PIN 251 GENOME NON_GENOME PIN 252 GENOME NON_GENOME PIN 253 GENOME NON_GENOME PIN 254 GENOME NON_GENOME PIN 120
GENOME NON_GENOME PIN 244: GENOME NON_GENOME PIN 243 GENOME NON_GENOME PIN 122
GENOME NON_GENOME PIN 245: GENOME NON_GENOME PIN 243 GENOME NON_GENOME PIN 145
GENOME NON_GENOME PIN 246: GENOME NON_GENOME PIN 243 GENOME NON_GENOME PIN 159
GENOME NON_GENOME PIN 247: GENOME NON_GENOME PIN 243 GENOME NON_GENOME PIN 160
GENOME NON_GENOME PIN 248: GENOME NON_GENOME PIN 243 GENOME NON_GENOME PIN 164
GENOME NON_GENOME PIN 249: GENOME NON_GENOME PIN 243 GENOME NON_GENOME PIN 165
GENOME NON_GENOME PIN 250: GENOME NON_GENOME PIN 243 GENOME NON_GENOME PIN 189
GENOME NON_GENOME PIN 251: GENOME NON_GENOME PIN 243 GENOME NON_GENOME PIN 190
GENOME NON_GENOME PIN 252: GENOME NON_GENOME PIN 243 GENOME NON_GENOME PIN 191
GENOME NON_GENOME PIN 253: GENOME NON_GENOME PIN 243 GENOME NON_GENOME PIN 192
GENOME NON_GENOME PIN 254: GENOME NON_GENOME PIN 243 GENOME NON_GENOME PIN 194
GENOME NON_GENOME PIN 200: GENOME NON_GENOME PIN 0
GENOME NON_GENOME PIN 0: GENOME NON_GENOME PIN 200
GENOME NON_GENOME PIN 201: GENOME NON_GENOME PIN 35
GENOME NON_GENOME PIN 35: GENOME NON_GENOME PIN 201 GENOME NON_GENOME PIN 36 GENOME NON_GENOME PIN 37 GENOME NON_GENOME PIN 38
GENOME NON_GENOME PIN 40: GENOME NON_GENOME PIN 238
GENOME NON_GENOME PIN 41: GENOME NON_GENOME PIN 199
GENOME NON_GENOME PIN 42: GENOME NON_GENOME PIN 239
GENOME NON_GENOME PIN 63: GENOME NON_GENOME PIN 240
GENOME NON_GENOME PIN 91: GENOME NON_GENOME PIN 241
GENOME NON_GENOME PIN 105: GENOME NON_GENOME PIN 242
GENOME NON_GENOME PIN 408: GENOME NON_GENOME PIN 118
GENOME NON_GENOME PIN 118: GENOME NON_GENOME PIN 408
GENOME NON_GENOME PIN 120: GENOME NON_GENOME PIN 243
GENOME NON_GENOME PIN 404: GENOME NON_GENOME PIN 121
GENOME NON_GENOME PIN 121: GENOME NON_GENOME PIN 404
GENOME NON_GENOME PIN 145: GENOME NON_GENOME PIN 245
GENOME NON_GENOME PIN 400: GENOME NON_GENOME PIN 158
GENOME NON_GENOME PIN 158: GENOME NON_GENOME PIN 400
GENOME NON_GENOME PIN 159: GENOME NON_GENOME PIN 246 GENOME NON_GENOME PIN 160 GENOME NON_GENOME PIN 161 GENOME NON_GENOME PIN 162 GENOME NON_GENOME PIN 165 GENOME NON_GENOME PIN 166 GENOME NON_GENOME PIN 167 GENOME NON_GENOME PIN 168
GENOME NON_GENOME PIN 160: GENOME NON_GENOME PIN 247 GENOME NON_GENOME PIN 159
GENOME NON_GENOME PIN 398: GENOME NON_GENOME PIN 161
GENOME NON_GENOME PIN 161: GENOME NON_GENOME PIN 398 GENOME NON_GENOME PIN 159
GENOME NON_GENOME PIN 396: GENOME NON_GENOME PIN 162
GENOME NON_GENOME PIN 162: GENOME NON_GENOME PIN 396 GENOME NON_GENOME PIN 159
GENOME NON_GENOME PIN 164: GENOME NON_GENOME PIN 248
GENOME NON_GENOME PIN 165: GENOME NON_GENOME PIN 249 GENOME NON_GENOME PIN 159
GENOME NON_GENOME PIN 198: GENOME NON_GENOME PIN 167
GENOME NON_GENOME PIN 167: GENOME NON_GENOME PIN 198 GENOME NON_GENOME PIN 159
GENOME NON_GENOME PIN 195: GENOME NON_GENOME PIN 172
GENOME NON_GENOME PIN 172: GENOME NON_GENOME PIN 195 GENOME NON_GENOME PIN 173 GENOME NON_GENOME PIN 174 GENOME NON_GENOME PIN 175 GENOME NON_GENOME PIN 176 GENOME NON_GENOME PIN 177 GENOME NON_GENOME PIN 178 GENOME NON_GENOME PIN 179 GENOME NON_GENOME PIN 180 GENOME NON_GENOME PIN 181 GENOME NON_GENOME PIN 182 GENOME NON_GENOME PIN 183
GENOME NON_GENOME PIN 173: GENOME NON_GENOME PIN 196 GENOME NON_GENOME PIN 172
GENOME NON_GENOME PIN 189: GENOME NON_GENOME PIN 250
GENOME NON_GENOME PIN 190: GENOME NON_GENOME PIN 251
GENOME NON_GENOME PIN 191: GENOME NON_GENOME PIN 252
GENOME NON_GENOME PIN 192: GENOME NON_GENOME PIN 253
GENOME NON_GENOME PIN 197: GENOME NON_GENOME PIN 193
GENOME NON_GENOME PIN 193: GENOME NON_GENOME PIN 197
GENOME NON_GENOME PIN 194: GENOME NON_GENOME PIN 254
GENOME NON_GENOME PIN 11: GENOME NON_GENOME PIN 8
GENOME NON_GENOME PIN 21: GENOME NON_GENOME PIN 20 GENOME NON_GENOME PIN 10
GENOME NON_GENOME PIN 22: GENOME NON_GENOME PIN 20
GENOME NON_GENOME PIN 23: GENOME NON_GENOME PIN 20
GENOME NON_GENOME PIN 36: GENOME NON_GENOME PIN 35
GENOME NON_GENOME PIN 37: GENOME NON_GENOME PIN 35 GENOME NON_GENOME PIN 417 GENOME NON_GENOME PIN 103
GENOME NON_GENOME PIN 38: GENOME NON_GENOME PIN 35 GENOME NON_GENOME PIN 418 GENOME NON_GENOME PIN 102
GENOME NON_GENOME PIN 47: GENOME NON_GENOME PIN 48 GENOME NON_GENOME PIN 49 GENOME NON_GENOME PIN 50
GENOME NON_GENOME PIN 48: GENOME NON_GENOME PIN 47
GENOME NON_GENOME PIN 49: GENOME NON_GENOME PIN 47 GENOME NON_GENOME PIN 418
GENOME NON_GENOME PIN 50: GENOME NON_GENOME PIN 47
GENOME NON_GENOME PIN 95: GENOME NON_GENOME PIN 64 GENOME NON_GENOME PIN 92
GENOME NON_GENOME PIN 64: GENOME NON_GENOME PIN 95
GENOME NON_GENOME PIN 65: GENOME NON_GENOME PIN 96
GENOME NON_GENOME PIN 96: GENOME NON_GENOME PIN 65
GENOME NON_GENOME PIN 136: GENOME NON_GENOME PIN 125
GENOME NON_GENOME PIN 125: GENOME NON_GENOME PIN 136
GENOME NON_GENOME PIN 126: GENOME NON_GENOME PIN 137
GENOME NON_GENOME PIN 137: GENOME NON_GENOME PIN 126
GENOME NON_GENOME PIN 417: GENOME NON_GENOME PIN 37
GENOME NON_GENOME PIN 418: GENOME NON_GENOME PIN 38 GENOME NON_GENOME PIN 49
GENOME NON_GENOME PIN 128: GENOME NON_GENOME PIN 59
GENOME NON_GENOME PIN 59: GENOME NON_GENOME PIN 128
GENOME NON_GENOME PIN 60: GENOME NON_GENOME PIN 71 GENOME NON_GENOME PIN 129
GENOME NON_GENOME PIN 71: GENOME NON_GENOME PIN 60
GENOME NON_GENOME PIN 80: GENOME NON_GENOME PIN 81 GENOME NON_GENOME PIN 82 GENOME NON_GENOME PIN 83
GENOME NON_GENOME PIN 81: GENOME NON_GENOME PIN 80
GENOME NON_GENOME PIN 82: GENOME NON_GENOME PIN 80
GENOME NON_GENOME PIN 83: GENOME NON_GENOME PIN 80
GENOME NON_GENOME PIN 92: GENOME NON_GENOME PIN 93 GENOME NON_GENOME PIN 94 GENOME NON_GENOME PIN 95
GENOME NON_GENOME PIN 93: GENOME NON_GENOME PIN 92
GENOME NON_GENOME PIN 94: GENOME NON_GENOME PIN 92
GENOME NON_GENOME PIN 129: GENOME NON_GENOME PIN 60
GENOME NON_GENOME PIN 166: GENOME NON_GENOME PIN 159
GENOME NON_GENOME PIN 168: GENOME NON_GENOME PIN 159
GENOME NON_GENOME PIN 174: GENOME NON_GENOME PIN 172
GENOME NON_GENOME PIN 175: GENOME NON_GENOME PIN 172
GENOME NON_GENOME PIN 176: GENOME NON_GENOME PIN 172
GENOME NON_GENOME PIN 177: GENOME NON_GENOME PIN 172
GENOME NON_GENOME PIN 178: GENOME NON_GENOME PIN 172
GENOME NON_GENOME PIN 179: GENOME NON_GENOME PIN 172
GENOME NON_GENOME PIN 180: GENOME NON_GENOME PIN 172
GENOME NON_GENOME PIN 181: GENOME NON_GENOME PIN 172
GENOME NON_GENOME PIN 182: GENOME NON_GENOME PIN 172
GENOME NON_GENOME PIN 183: GENOME NON_GENOME PIN 172
INST gameplay_screen__GB11 PIN 452: INST gameplay_screen__GB12 PIN 163 TYPE 5
INST gameplay_screen__GB11 PIN 453: INST gameplay_screen__GB12 PIN 164 TYPE 5
INST gameplay_screen__GB11 PIN 126: INST gameplay_screen__GB11 PIN 137 TYPE 2 INST gameplay_screen__GB10 PIN 599 TYPE 4 INST gameplay_screen__GB3 PIN 816 TYPE 4
INST gameplay_screen__GB11 PIN 65: INST gameplay_screen__GB11 PIN 96 TYPE 2 INST gameplay_screen__GB10 PIN 664 TYPE 4
INST gameplay_screen__GB12 PIN 60: INST gameplay_screen__GB12 PIN 129 TYPE 2 INST gameplay_screen__GB7 PIN 678 TYPE 4
INST gameplay_screen__GB11 PIN 155: INST gameplay_screen__GB12 PIN 38 TYPE 3 INST gameplay_screen__GB11 PIN 267 TYPE 4 GENOME gameplay_screen__GB11 PIN 155
INST gameplay_screen__GB12 PIN 159: INST gameplay_screen__GB12 PIN 160 TYPE 2 INST gameplay_screen__GB11 PIN 449 TYPE 4 INST gameplay_screen__GB12 PIN 161 TYPE 2 INST gameplay_screen__GB11 PIN 450 TYPE 4 INST gameplay_screen__GB12 PIN 162 TYPE 2 INST gameplay_screen__GB11 PIN 451 TYPE 4 INST gameplay_screen__GB12 PIN 165 TYPE 2 INST gameplay_screen__GB11 PIN 454 TYPE 4 INST gameplay_screen__GB12 PIN 166 TYPE 2 INST gameplay_screen__GB11 PIN 455 TYPE 4 INST gameplay_screen__GB12 PIN 167 TYPE 2 INST gameplay_screen__GB11 PIN 456 TYPE 4 INST gameplay_screen__GB12 PIN 168 TYPE 2 INST gameplay_screen__GB11 PIN 457 TYPE 4
INST gameplay_screen__GB10 PIN 45: INST gameplay_screen__GB1 PIN 89 TYPE 3 INST gameplay_screen__GB2 PIN 361 TYPE 4 INST gameplay_screen__GB0 PIN 1286 TYPE 4 INST gameplay_screen__GB1 PIN 31 TYPE 3 INST gameplay_screen__GB0 PIN 1296 TYPE 4
INST gameplay_screen__GB1 PIN 219: INST gameplay_screen__GB1 PIN 220 TYPE 2 INST gameplay_screen__GB2 PIN 616 TYPE 4 INST gameplay_screen__GB1 PIN 221 TYPE 2 INST gameplay_screen__GB2 PIN 617 TYPE 4 INST gameplay_screen__GB1 PIN 222 TYPE 2 INST gameplay_screen__GB2 PIN 618 TYPE 4 INST gameplay_screen__GB1 PIN 223 TYPE 2 INST gameplay_screen__GB2 PIN 619 TYPE 4 INST gameplay_screen__GB1 PIN 224 TYPE 2 INST gameplay_screen__GB2 PIN 620 TYPE 4 INST gameplay_screen__GB1 PIN 225 TYPE 2 INST gameplay_screen__GB2 PIN 621 TYPE 4 INST gameplay_screen__GB1 PIN 226 TYPE 2 INST gameplay_screen__GB2 PIN 622 TYPE 4 INST gameplay_screen__GB1 PIN 227 TYPE 2 INST gameplay_screen__GB2 PIN 623 TYPE 4 INST gameplay_screen__GB1 PIN 228 TYPE 2 INST gameplay_screen__GB2 PIN 624 TYPE 4 INST gameplay_screen__GB1 PIN 229 TYPE 2 INST gameplay_screen__GB2 PIN 625 TYPE 4 INST gameplay_screen__GB1 PIN 230 TYPE 2 INST gameplay_screen__GB2 PIN 626 TYPE 4
INST gameplay_screen__GB1 PIN 243: INST gameplay_screen__GB1 PIN 244 TYPE 2 INST gameplay_screen__GB2 PIN 652 TYPE 4 INST gameplay_screen__GB1 PIN 245 TYPE 2 INST gameplay_screen__GB2 PIN 653 TYPE 4 INST gameplay_screen__GB1 PIN 246 TYPE 2 INST gameplay_screen__GB2 PIN 654 TYPE 4 INST gameplay_screen__GB1 PIN 247 TYPE 2 INST gameplay_screen__GB2 PIN 655 TYPE 4 INST gameplay_screen__GB1 PIN 248 TYPE 2 INST gameplay_screen__GB2 PIN 656 TYPE 4 INST gameplay_screen__GB1 PIN 249 TYPE 2 INST gameplay_screen__GB2 PIN 657 TYPE 4 INST gameplay_screen__GB1 PIN 250 TYPE 2 INST gameplay_screen__GB2 PIN 658 TYPE 4 INST gameplay_screen__GB1 PIN 251 TYPE 2 INST gameplay_screen__GB2 PIN 659 TYPE 4 INST gameplay_screen__GB1 PIN 252 TYPE 2 INST gameplay_screen__GB2 PIN 660 TYPE 4 INST gameplay_screen__GB1 PIN 253 TYPE 2 INST gameplay_screen__GB2 PIN 661 TYPE 4 INST gameplay_screen__GB1 PIN 254 TYPE 2 INST gameplay_screen__GB2 PIN 662 TYPE 4
INST gameplay_screen__GB1 PIN 231: INST gameplay_screen__GB1 PIN 232 TYPE 2 INST gameplay_screen__GB2 PIN 732 TYPE 4 INST gameplay_screen__GB1 PIN 233 TYPE 2 INST gameplay_screen__GB2 PIN 733 TYPE 4 INST gameplay_screen__GB1 PIN 234 TYPE 2 INST gameplay_screen__GB2 PIN 734 TYPE 4 INST gameplay_screen__GB1 PIN 235 TYPE 2 INST gameplay_screen__GB2 PIN 735 TYPE 4 INST gameplay_screen__GB1 PIN 236 TYPE 2 INST gameplay_screen__GB2 PIN 736 TYPE 4 INST gameplay_screen__GB1 PIN 237 TYPE 2 INST gameplay_screen__GB2 PIN 737 TYPE 4 INST gameplay_screen__GB1 PIN 238 TYPE 2 INST gameplay_screen__GB2 PIN 738 TYPE 4 INST gameplay_screen__GB1 PIN 239 TYPE 2 INST gameplay_screen__GB2 PIN 739 TYPE 4 INST gameplay_screen__GB1 PIN 240 TYPE 2 INST gameplay_screen__GB2 PIN 740 TYPE 4 INST gameplay_screen__GB1 PIN 241 TYPE 2 INST gameplay_screen__GB2 PIN 741 TYPE 4 INST gameplay_screen__GB1 PIN 242 TYPE 2 INST gameplay_screen__GB2 PIN 742 TYPE 4
INST gameplay_screen__GB12 PIN 80: INST gameplay_screen__GB12 PIN 81 TYPE 2 INST gameplay_screen__GB2 PIN 807 TYPE 4 INST gameplay_screen__GB12 PIN 82 TYPE 2 INST gameplay_screen__GB2 PIN 808 TYPE 4 INST gameplay_screen__GB12 PIN 83 TYPE 2 INST gameplay_screen__GB2 PIN 809 TYPE 4
INST gameplay_screen__GB12 PIN 84: INST gameplay_screen__GB2 PIN 810 TYPE 0 GENOME gameplay_screen__GB12 PIN 84
INST gameplay_screen__GB12 PIN 85: INST gameplay_screen__GB2 PIN 811 TYPE 0 GENOME gameplay_screen__GB12 PIN 85
INST gameplay_screen__GB12 PIN 86: INST gameplay_screen__GB2 PIN 812 TYPE 0 GENOME gameplay_screen__GB12 PIN 86
INST gameplay_screen__GB12 PIN 87: INST gameplay_screen__GB2 PIN 813 TYPE 0 GENOME gameplay_screen__GB12 PIN 87
INST gameplay_screen__GB12 PIN 88: INST gameplay_screen__GB2 PIN 814 TYPE 0 GENOME gameplay_screen__GB12 PIN 88
INST gameplay_screen__GB12 PIN 89: INST gameplay_screen__GB2 PIN 815 TYPE 0 GENOME gameplay_screen__GB12 PIN 89
INST gameplay_screen__GB12 PIN 90: INST gameplay_screen__GB2 PIN 816 TYPE 0 GENOME gameplay_screen__GB12 PIN 90
INST gameplay_screen__GB12 PIN 91: INST gameplay_screen__GB2 PIN 817 TYPE 0 GENOME gameplay_screen__GB12 PIN 91
INST gameplay_screen__GB12 PIN 92: INST gameplay_screen__GB12 PIN 93 TYPE 2 INST gameplay_screen__GB2 PIN 831 TYPE 4 INST gameplay_screen__GB12 PIN 94 TYPE 2 INST gameplay_screen__GB2 PIN 832 TYPE 4 INST gameplay_screen__GB12 PIN 95 TYPE 2 INST gameplay_screen__GB2 PIN 833 TYPE 4
INST gameplay_screen__GB12 PIN 96: INST gameplay_screen__GB2 PIN 834 TYPE 0 GENOME gameplay_screen__GB12 PIN 96
INST gameplay_screen__GB12 PIN 97: INST gameplay_screen__GB2 PIN 835 TYPE 0 GENOME gameplay_screen__GB12 PIN 97
INST gameplay_screen__GB12 PIN 98: INST gameplay_screen__GB2 PIN 836 TYPE 0 GENOME gameplay_screen__GB12 PIN 98
INST gameplay_screen__GB12 PIN 99: INST gameplay_screen__GB2 PIN 837 TYPE 0 GENOME gameplay_screen__GB12 PIN 99
INST gameplay_screen__GB12 PIN 100: INST gameplay_screen__GB2 PIN 838 TYPE 0 GENOME gameplay_screen__GB12 PIN 100
INST gameplay_screen__GB12 PIN 101: INST gameplay_screen__GB2 PIN 839 TYPE 0 GENOME gameplay_screen__GB12 PIN 101
INST gameplay_screen__GB12 PIN 102: INST gameplay_screen__GB2 PIN 840 TYPE 0 GENOME gameplay_screen__GB12 PIN 102
INST gameplay_screen__GB12 PIN 103: INST gameplay_screen__GB2 PIN 841 TYPE 0 GENOME gameplay_screen__GB12 PIN 103
INST gameplay_screen__GB11 PIN 39: INST gameplay_screen__GB2 PIN 878 TYPE 0 GENOME gameplay_screen__GB11 PIN 39
INST gameplay_screen__GB11 PIN 40: INST gameplay_screen__GB2 PIN 879 TYPE 0 GENOME gameplay_screen__GB11 PIN 40
INST gameplay_screen__GB11 PIN 41: INST gameplay_screen__GB2 PIN 880 TYPE 0 GENOME gameplay_screen__GB11 PIN 41
INST gameplay_screen__GB11 PIN 42: INST gameplay_screen__GB2 PIN 881 TYPE 0 GENOME gameplay_screen__GB11 PIN 42
INST gameplay_screen__GB11 PIN 43: INST gameplay_screen__GB2 PIN 882 TYPE 0 GENOME gameplay_screen__GB11 PIN 43
INST gameplay_screen__GB11 PIN 44: INST gameplay_screen__GB2 PIN 883 TYPE 0 GENOME gameplay_screen__GB11 PIN 44
INST gameplay_screen__GB11 PIN 45: INST gameplay_screen__GB2 PIN 884 TYPE 0 GENOME gameplay_screen__GB11 PIN 45
INST gameplay_screen__GB11 PIN 46: INST gameplay_screen__GB2 PIN 885 TYPE 0 GENOME gameplay_screen__GB11 PIN 46
INST gameplay_screen__GB11 PIN 47: INST gameplay_screen__GB11 PIN 48 TYPE 2 INST gameplay_screen__GB2 PIN 887 TYPE 4 INST gameplay_screen__GB11 PIN 49 TYPE 2 INST gameplay_screen__GB2 PIN 888 TYPE 4 INST gameplay_screen__GB11 PIN 50 TYPE 2 INST gameplay_screen__GB2 PIN 889 TYPE 4
INST gameplay_screen__GB11 PIN 27: INST gameplay_screen__GB2 PIN 890 TYPE 0 GENOME gameplay_screen__GB11 PIN 27
INST gameplay_screen__GB11 PIN 28: INST gameplay_screen__GB2 PIN 891 TYPE 0 GENOME gameplay_screen__GB11 PIN 28
INST gameplay_screen__GB11 PIN 29: INST gameplay_screen__GB2 PIN 892 TYPE 0 GENOME gameplay_screen__GB11 PIN 29
INST gameplay_screen__GB11 PIN 30: INST gameplay_screen__GB2 PIN 893 TYPE 0 GENOME gameplay_screen__GB11 PIN 30
INST gameplay_screen__GB11 PIN 31: INST gameplay_screen__GB2 PIN 894 TYPE 0 GENOME gameplay_screen__GB11 PIN 31
INST gameplay_screen__GB11 PIN 32: INST gameplay_screen__GB2 PIN 895 TYPE 0 GENOME gameplay_screen__GB11 PIN 32
INST gameplay_screen__GB11 PIN 33: INST gameplay_screen__GB2 PIN 896 TYPE 0 GENOME gameplay_screen__GB11 PIN 33
INST gameplay_screen__GB11 PIN 34: INST gameplay_screen__GB2 PIN 897 TYPE 0 GENOME gameplay_screen__GB11 PIN 34
INST gameplay_screen__GB11 PIN 35: INST gameplay_screen__GB11 PIN 36 TYPE 2 INST gameplay_screen__GB2 PIN 899 TYPE 4 INST gameplay_screen__GB11 PIN 37 TYPE 2 INST gameplay_screen__GB2 PIN 900 TYPE 4 INST gameplay_screen__GB11 PIN 38 TYPE 2 INST gameplay_screen__GB2 PIN 901 TYPE 4
INST gameplay_screen__GB11 PIN 12: INST gameplay_screen__GB2 PIN 938 TYPE 0 GENOME gameplay_screen__GB11 PIN 12
INST gameplay_screen__GB11 PIN 13: INST gameplay_screen__GB2 PIN 939 TYPE 0 GENOME gameplay_screen__GB11 PIN 13
INST gameplay_screen__GB11 PIN 14: INST gameplay_screen__GB2 PIN 940 TYPE 0 GENOME gameplay_screen__GB11 PIN 14
INST gameplay_screen__GB11 PIN 15: INST gameplay_screen__GB2 PIN 941 TYPE 0 GENOME gameplay_screen__GB11 PIN 15
INST gameplay_screen__GB11 PIN 16: INST gameplay_screen__GB2 PIN 942 TYPE 0 GENOME gameplay_screen__GB11 PIN 16
INST gameplay_screen__GB11 PIN 17: INST gameplay_screen__GB2 PIN 943 TYPE 0 GENOME gameplay_screen__GB11 PIN 17
INST gameplay_screen__GB11 PIN 18: INST gameplay_screen__GB2 PIN 944 TYPE 0 GENOME gameplay_screen__GB11 PIN 18
INST gameplay_screen__GB11 PIN 19: INST gameplay_screen__GB2 PIN 945 TYPE 0 GENOME gameplay_screen__GB11 PIN 19
INST gameplay_screen__GB11 PIN 20: INST gameplay_screen__GB11 PIN 21 TYPE 2 INST gameplay_screen__GB2 PIN 947 TYPE 4 INST gameplay_screen__GB11 PIN 22 TYPE 2 INST gameplay_screen__GB2 PIN 948 TYPE 4 INST gameplay_screen__GB11 PIN 23 TYPE 2 INST gameplay_screen__GB2 PIN 949 TYPE 4
INST gameplay_screen__GB11 PIN 0: INST gameplay_screen__GB2 PIN 950 TYPE 0 GENOME gameplay_screen__GB11 PIN 0
INST gameplay_screen__GB11 PIN 1: INST gameplay_screen__GB2 PIN 951 TYPE 0 GENOME gameplay_screen__GB11 PIN 1
INST gameplay_screen__GB11 PIN 2: INST gameplay_screen__GB2 PIN 952 TYPE 0 GENOME gameplay_screen__GB11 PIN 2
INST gameplay_screen__GB11 PIN 3: INST gameplay_screen__GB2 PIN 953 TYPE 0 GENOME gameplay_screen__GB11 PIN 3
INST gameplay_screen__GB11 PIN 4: INST gameplay_screen__GB2 PIN 954 TYPE 0 GENOME gameplay_screen__GB11 PIN 4
INST gameplay_screen__GB11 PIN 5: INST gameplay_screen__GB2 PIN 955 TYPE 0 GENOME gameplay_screen__GB11 PIN 5
INST gameplay_screen__GB11 PIN 6: INST gameplay_screen__GB2 PIN 956 TYPE 0 GENOME gameplay_screen__GB11 PIN 6
INST gameplay_screen__GB11 PIN 7: INST gameplay_screen__GB2 PIN 957 TYPE 0 GENOME gameplay_screen__GB11 PIN 7
INST gameplay_screen__GB11 PIN 8: INST gameplay_screen__GB11 PIN 9 TYPE 2 INST gameplay_screen__GB2 PIN 959 TYPE 4 INST gameplay_screen__GB11 PIN 10 TYPE 2 INST gameplay_screen__GB2 PIN 960 TYPE 4 INST gameplay_screen__GB11 PIN 11 TYPE 2 INST gameplay_screen__GB2 PIN 961 TYPE 4
INST gameplay_screen__GB12 PIN 172: INST gameplay_screen__GB12 PIN 173 TYPE 2 INST gameplay_screen__GB2 PIN 1143 TYPE 4 INST gameplay_screen__GB12 PIN 174 TYPE 2 INST gameplay_screen__GB2 PIN 1144 TYPE 4 INST gameplay_screen__GB12 PIN 175 TYPE 2 INST gameplay_screen__GB2 PIN 1145 TYPE 4 INST gameplay_screen__GB12 PIN 176 TYPE 2 INST gameplay_screen__GB2 PIN 1146 TYPE 4 INST gameplay_screen__GB12 PIN 177 TYPE 2 INST gameplay_screen__GB2 PIN 1147 TYPE 4 INST gameplay_screen__GB12 PIN 178 TYPE 2 INST gameplay_screen__GB2 PIN 1148 TYPE 4 INST gameplay_screen__GB12 PIN 179 TYPE 2 INST gameplay_screen__GB2 PIN 1149 TYPE 4 INST gameplay_screen__GB12 PIN 180 TYPE 2 INST gameplay_screen__GB2 PIN 1150 TYPE 4 INST gameplay_screen__GB12 PIN 181 TYPE 2 INST gameplay_screen__GB2 PIN 1151 TYPE 4 INST gameplay_screen__GB12 PIN 182 TYPE 2 INST gameplay_screen__GB2 PIN 1152 TYPE 4 INST gameplay_screen__GB12 PIN 183 TYPE 2 INST gameplay_screen__GB2 PIN 1153 TYPE 4
INST gameplay_screen__GB7 PIN 269: INST gameplay_screen__GB1 PIN 20 TYPE 3 INST gameplay_screen__GB0 PIN 938 TYPE 4 INST gameplay_screen__GB1 PIN 10 TYPE 3 INST gameplay_screen__GB0 PIN 996 TYPE 4
INST gameplay_screen__GB7 PIN 268: INST gameplay_screen__GB1 PIN 9 TYPE 3 INST gameplay_screen__GB0 PIN 995 TYPE 4
INST gameplay_screen__GB10 PIN 44: INST gameplay_screen__GB1 PIN 30 TYPE 3 INST gameplay_screen__GB0 PIN 1295 TYPE 4
INST gameplay_screen__GB7 PIN 315: INST gameplay_screen__GB1 PIN 77 TYPE 3 INST gameplay_screen__GB0 PIN 1394 TYPE 4
INST gameplay_screen__GB7 PIN 316: INST gameplay_screen__GB1 PIN 78 TYPE 3 INST gameplay_screen__GB0 PIN 1395 TYPE 4 INST gameplay_screen__GB1 PIN 68 TYPE 3 INST gameplay_screen__GB0 PIN 1405 TYPE 4
INST gameplay_screen__GB2 PIN 616: GENOME gameplay_screen__GB2 PIN 616 INST gameplay_screen__GB1 PIN 219 TYPE 5
INST gameplay_screen__GB2 PIN 615: GENOME gameplay_screen__GB2 PIN 615
INST gameplay_screen__GB2 PIN 617: GENOME gameplay_screen__GB2 PIN 617 INST gameplay_screen__GB1 PIN 219 TYPE 5
INST gameplay_screen__GB2 PIN 618: GENOME gameplay_screen__GB2 PIN 618 INST gameplay_screen__GB1 PIN 219 TYPE 5
INST gameplay_screen__GB2 PIN 619: GENOME gameplay_screen__GB2 PIN 619 INST gameplay_screen__GB1 PIN 219 TYPE 5
INST gameplay_screen__GB2 PIN 620: GENOME gameplay_screen__GB2 PIN 620 INST gameplay_screen__GB1 PIN 219 TYPE 5
INST gameplay_screen__GB2 PIN 621: GENOME gameplay_screen__GB2 PIN 621 INST gameplay_screen__GB1 PIN 219 TYPE 5
INST gameplay_screen__GB2 PIN 622: GENOME gameplay_screen__GB2 PIN 622 INST gameplay_screen__GB1 PIN 219 TYPE 5
INST gameplay_screen__GB2 PIN 623: GENOME gameplay_screen__GB2 PIN 623 INST gameplay_screen__GB1 PIN 219 TYPE 5
INST gameplay_screen__GB2 PIN 624: GENOME gameplay_screen__GB2 PIN 624 INST gameplay_screen__GB1 PIN 219 TYPE 5
INST gameplay_screen__GB2 PIN 625: GENOME gameplay_screen__GB2 PIN 625 INST gameplay_screen__GB1 PIN 219 TYPE 5
INST gameplay_screen__GB2 PIN 626: GENOME gameplay_screen__GB2 PIN 626 INST gameplay_screen__GB1 PIN 219 TYPE 5
INST gameplay_screen__GB2 PIN 652: GENOME gameplay_screen__GB2 PIN 652 INST gameplay_screen__GB1 PIN 243 TYPE 5
INST gameplay_screen__GB2 PIN 651: GENOME gameplay_screen__GB2 PIN 651
INST gameplay_screen__GB2 PIN 653: GENOME gameplay_screen__GB2 PIN 653 INST gameplay_screen__GB1 PIN 243 TYPE 5
INST gameplay_screen__GB2 PIN 654: GENOME gameplay_screen__GB2 PIN 654 INST gameplay_screen__GB1 PIN 243 TYPE 5
INST gameplay_screen__GB2 PIN 655: GENOME gameplay_screen__GB2 PIN 655 INST gameplay_screen__GB1 PIN 243 TYPE 5
INST gameplay_screen__GB2 PIN 656: GENOME gameplay_screen__GB2 PIN 656 INST gameplay_screen__GB1 PIN 243 TYPE 5
INST gameplay_screen__GB2 PIN 657: GENOME gameplay_screen__GB2 PIN 657 INST gameplay_screen__GB1 PIN 243 TYPE 5
INST gameplay_screen__GB2 PIN 658: GENOME gameplay_screen__GB2 PIN 658 INST gameplay_screen__GB1 PIN 243 TYPE 5
INST gameplay_screen__GB2 PIN 659: GENOME gameplay_screen__GB2 PIN 659 INST gameplay_screen__GB1 PIN 243 TYPE 5
INST gameplay_screen__GB2 PIN 660: GENOME gameplay_screen__GB2 PIN 660 INST gameplay_screen__GB1 PIN 243 TYPE 5
INST gameplay_screen__GB2 PIN 661: GENOME gameplay_screen__GB2 PIN 661 INST gameplay_screen__GB1 PIN 243 TYPE 5
INST gameplay_screen__GB2 PIN 662: GENOME gameplay_screen__GB2 PIN 662 INST gameplay_screen__GB1 PIN 243 TYPE 5
INST gameplay_screen__GB2 PIN 732: GENOME gameplay_screen__GB2 PIN 732 INST gameplay_screen__GB1 PIN 231 TYPE 5
INST gameplay_screen__GB2 PIN 731: GENOME gameplay_screen__GB2 PIN 731
INST gameplay_screen__GB2 PIN 733: GENOME gameplay_screen__GB2 PIN 733 INST gameplay_screen__GB1 PIN 231 TYPE 5
INST gameplay_screen__GB2 PIN 734: GENOME gameplay_screen__GB2 PIN 734 INST gameplay_screen__GB1 PIN 231 TYPE 5
INST gameplay_screen__GB2 PIN 735: GENOME gameplay_screen__GB2 PIN 735 INST gameplay_screen__GB1 PIN 231 TYPE 5
INST gameplay_screen__GB2 PIN 736: GENOME gameplay_screen__GB2 PIN 736 INST gameplay_screen__GB1 PIN 231 TYPE 5
INST gameplay_screen__GB2 PIN 737: GENOME gameplay_screen__GB2 PIN 737 INST gameplay_screen__GB1 PIN 231 TYPE 5
INST gameplay_screen__GB2 PIN 738: GENOME gameplay_screen__GB2 PIN 738 INST gameplay_screen__GB1 PIN 231 TYPE 5
INST gameplay_screen__GB2 PIN 739: GENOME gameplay_screen__GB2 PIN 739 INST gameplay_screen__GB1 PIN 231 TYPE 5
INST gameplay_screen__GB2 PIN 740: GENOME gameplay_screen__GB2 PIN 740 INST gameplay_screen__GB1 PIN 231 TYPE 5
INST gameplay_screen__GB2 PIN 741: GENOME gameplay_screen__GB2 PIN 741 INST gameplay_screen__GB1 PIN 231 TYPE 5
INST gameplay_screen__GB2 PIN 742: GENOME gameplay_screen__GB2 PIN 742 INST gameplay_screen__GB1 PIN 231 TYPE 5
INST gameplay_screen__GB2 PIN 807: GENOME gameplay_screen__GB2 PIN 807 INST gameplay_screen__GB12 PIN 80 TYPE 5
INST gameplay_screen__GB2 PIN 806: GENOME gameplay_screen__GB2 PIN 806
INST gameplay_screen__GB2 PIN 808: GENOME gameplay_screen__GB2 PIN 808 INST gameplay_screen__GB12 PIN 80 TYPE 5
INST gameplay_screen__GB2 PIN 809: GENOME gameplay_screen__GB2 PIN 809 INST gameplay_screen__GB12 PIN 80 TYPE 5
INST gameplay_screen__GB2 PIN 810: GENOME gameplay_screen__GB2 PIN 810
INST gameplay_screen__GB2 PIN 811: GENOME gameplay_screen__GB2 PIN 811
INST gameplay_screen__GB2 PIN 812: GENOME gameplay_screen__GB2 PIN 812
INST gameplay_screen__GB2 PIN 813: GENOME gameplay_screen__GB2 PIN 813
INST gameplay_screen__GB2 PIN 814: GENOME gameplay_screen__GB2 PIN 814
INST gameplay_screen__GB2 PIN 815: GENOME gameplay_screen__GB2 PIN 815
INST gameplay_screen__GB2 PIN 816: GENOME gameplay_screen__GB2 PIN 816
INST gameplay_screen__GB2 PIN 817: GENOME gameplay_screen__GB2 PIN 817
INST gameplay_screen__GB2 PIN 831: GENOME gameplay_screen__GB2 PIN 831 INST gameplay_screen__GB12 PIN 92 TYPE 5
INST gameplay_screen__GB2 PIN 830: GENOME gameplay_screen__GB2 PIN 830
INST gameplay_screen__GB2 PIN 832: GENOME gameplay_screen__GB2 PIN 832 INST gameplay_screen__GB12 PIN 92 TYPE 5
INST gameplay_screen__GB2 PIN 833: GENOME gameplay_screen__GB2 PIN 833 INST gameplay_screen__GB12 PIN 92 TYPE 5
INST gameplay_screen__GB2 PIN 834: GENOME gameplay_screen__GB2 PIN 834
INST gameplay_screen__GB2 PIN 835: GENOME gameplay_screen__GB2 PIN 835
INST gameplay_screen__GB2 PIN 836: GENOME gameplay_screen__GB2 PIN 836
INST gameplay_screen__GB2 PIN 837: GENOME gameplay_screen__GB2 PIN 837
INST gameplay_screen__GB2 PIN 838: GENOME gameplay_screen__GB2 PIN 838
INST gameplay_screen__GB2 PIN 839: GENOME gameplay_screen__GB2 PIN 839
INST gameplay_screen__GB2 PIN 840: GENOME gameplay_screen__GB2 PIN 840
INST gameplay_screen__GB2 PIN 841: GENOME gameplay_screen__GB2 PIN 841
INST gameplay_screen__GB2 PIN 878: GENOME gameplay_screen__GB2 PIN 878
INST gameplay_screen__GB2 PIN 879: GENOME gameplay_screen__GB2 PIN 879
INST gameplay_screen__GB2 PIN 880: GENOME gameplay_screen__GB2 PIN 880
INST gameplay_screen__GB2 PIN 881: GENOME gameplay_screen__GB2 PIN 881
INST gameplay_screen__GB2 PIN 882: GENOME gameplay_screen__GB2 PIN 882
INST gameplay_screen__GB2 PIN 883: GENOME gameplay_screen__GB2 PIN 883
INST gameplay_screen__GB2 PIN 884: GENOME gameplay_screen__GB2 PIN 884
INST gameplay_screen__GB2 PIN 885: GENOME gameplay_screen__GB2 PIN 885
INST gameplay_screen__GB2 PIN 887: GENOME gameplay_screen__GB2 PIN 887 INST gameplay_screen__GB11 PIN 47 TYPE 5
INST gameplay_screen__GB2 PIN 886: GENOME gameplay_screen__GB2 PIN 886
INST gameplay_screen__GB2 PIN 888: GENOME gameplay_screen__GB2 PIN 888 INST gameplay_screen__GB11 PIN 47 TYPE 5
INST gameplay_screen__GB2 PIN 889: GENOME gameplay_screen__GB2 PIN 889 INST gameplay_screen__GB11 PIN 47 TYPE 5
INST gameplay_screen__GB2 PIN 890: GENOME gameplay_screen__GB2 PIN 890
INST gameplay_screen__GB2 PIN 891: GENOME gameplay_screen__GB2 PIN 891
INST gameplay_screen__GB2 PIN 892: GENOME gameplay_screen__GB2 PIN 892
INST gameplay_screen__GB2 PIN 893: GENOME gameplay_screen__GB2 PIN 893
INST gameplay_screen__GB2 PIN 894: GENOME gameplay_screen__GB2 PIN 894
INST gameplay_screen__GB2 PIN 895: GENOME gameplay_screen__GB2 PIN 895
INST gameplay_screen__GB2 PIN 896: GENOME gameplay_screen__GB2 PIN 896
INST gameplay_screen__GB2 PIN 897: GENOME gameplay_screen__GB2 PIN 897
INST gameplay_screen__GB2 PIN 899: GENOME gameplay_screen__GB2 PIN 899 INST gameplay_screen__GB11 PIN 35 TYPE 5
INST gameplay_screen__GB2 PIN 898: GENOME gameplay_screen__GB2 PIN 898
INST gameplay_screen__GB2 PIN 900: GENOME gameplay_screen__GB2 PIN 900 INST gameplay_screen__GB11 PIN 35 TYPE 5
INST gameplay_screen__GB2 PIN 901: GENOME gameplay_screen__GB2 PIN 901 INST gameplay_screen__GB11 PIN 35 TYPE 5
INST gameplay_screen__GB2 PIN 938: GENOME gameplay_screen__GB2 PIN 938
INST gameplay_screen__GB2 PIN 939: GENOME gameplay_screen__GB2 PIN 939
INST gameplay_screen__GB2 PIN 940: GENOME gameplay_screen__GB2 PIN 940
INST gameplay_screen__GB2 PIN 941: GENOME gameplay_screen__GB2 PIN 941
INST gameplay_screen__GB2 PIN 942: GENOME gameplay_screen__GB2 PIN 942
INST gameplay_screen__GB2 PIN 943: GENOME gameplay_screen__GB2 PIN 943
INST gameplay_screen__GB2 PIN 944: GENOME gameplay_screen__GB2 PIN 944
INST gameplay_screen__GB2 PIN 945: GENOME gameplay_screen__GB2 PIN 945
INST gameplay_screen__GB2 PIN 947: GENOME gameplay_screen__GB2 PIN 947 INST gameplay_screen__GB11 PIN 20 TYPE 5
INST gameplay_screen__GB2 PIN 946: GENOME gameplay_screen__GB2 PIN 946
INST gameplay_screen__GB2 PIN 948: GENOME gameplay_screen__GB2 PIN 948 INST gameplay_screen__GB11 PIN 20 TYPE 5
INST gameplay_screen__GB2 PIN 949: GENOME gameplay_screen__GB2 PIN 949 INST gameplay_screen__GB11 PIN 20 TYPE 5
INST gameplay_screen__GB2 PIN 950: GENOME gameplay_screen__GB2 PIN 950
INST gameplay_screen__GB2 PIN 951: GENOME gameplay_screen__GB2 PIN 951
INST gameplay_screen__GB2 PIN 952: GENOME gameplay_screen__GB2 PIN 952
INST gameplay_screen__GB2 PIN 953: GENOME gameplay_screen__GB2 PIN 953
INST gameplay_screen__GB2 PIN 954: GENOME gameplay_screen__GB2 PIN 954
INST gameplay_screen__GB2 PIN 955: GENOME gameplay_screen__GB2 PIN 955
INST gameplay_screen__GB2 PIN 956: GENOME gameplay_screen__GB2 PIN 956
INST gameplay_screen__GB2 PIN 957: GENOME gameplay_screen__GB2 PIN 957
INST gameplay_screen__GB2 PIN 959: GENOME gameplay_screen__GB2 PIN 959 INST gameplay_screen__GB11 PIN 8 TYPE 5
INST gameplay_screen__GB2 PIN 958: GENOME gameplay_screen__GB2 PIN 958
INST gameplay_screen__GB2 PIN 960: GENOME gameplay_screen__GB2 PIN 960 INST gameplay_screen__GB11 PIN 8 TYPE 5
INST gameplay_screen__GB2 PIN 961: GENOME gameplay_screen__GB2 PIN 961 INST gameplay_screen__GB11 PIN 8 TYPE 5
INST gameplay_screen__GB2 PIN 1143: GENOME gameplay_screen__GB2 PIN 1143 INST gameplay_screen__GB12 PIN 172 TYPE 5
INST gameplay_screen__GB2 PIN 1142: GENOME gameplay_screen__GB2 PIN 1142
INST gameplay_screen__GB2 PIN 1144: GENOME gameplay_screen__GB2 PIN 1144 INST gameplay_screen__GB12 PIN 172 TYPE 5
INST gameplay_screen__GB2 PIN 1145: GENOME gameplay_screen__GB2 PIN 1145 INST gameplay_screen__GB12 PIN 172 TYPE 5
INST gameplay_screen__GB2 PIN 1146: GENOME gameplay_screen__GB2 PIN 1146 INST gameplay_screen__GB12 PIN 172 TYPE 5
INST gameplay_screen__GB2 PIN 1147: GENOME gameplay_screen__GB2 PIN 1147 INST gameplay_screen__GB12 PIN 172 TYPE 5
INST gameplay_screen__GB2 PIN 1148: GENOME gameplay_screen__GB2 PIN 1148 INST gameplay_screen__GB12 PIN 172 TYPE 5
INST gameplay_screen__GB2 PIN 1149: GENOME gameplay_screen__GB2 PIN 1149 INST gameplay_screen__GB12 PIN 172 TYPE 5
INST gameplay_screen__GB2 PIN 1150: GENOME gameplay_screen__GB2 PIN 1150 INST gameplay_screen__GB12 PIN 172 TYPE 5
INST gameplay_screen__GB2 PIN 1151: GENOME gameplay_screen__GB2 PIN 1151 INST gameplay_screen__GB12 PIN 172 TYPE 5
INST gameplay_screen__GB2 PIN 1152: GENOME gameplay_screen__GB2 PIN 1152 INST gameplay_screen__GB12 PIN 172 TYPE 5
INST gameplay_screen__GB2 PIN 1153: GENOME gameplay_screen__GB2 PIN 1153 INST gameplay_screen__GB12 PIN 172 TYPE 5
GENOME NON_GENOME PIN 615: GENOME NON_GENOME PIN 616 GENOME NON_GENOME PIN 617 GENOME NON_GENOME PIN 618 GENOME NON_GENOME PIN 619 GENOME NON_GENOME PIN 620 GENOME NON_GENOME PIN 621 GENOME NON_GENOME PIN 622 GENOME NON_GENOME PIN 623 GENOME NON_GENOME PIN 624 GENOME NON_GENOME PIN 625 GENOME NON_GENOME PIN 626
GENOME NON_GENOME PIN 616: GENOME NON_GENOME PIN 615
GENOME NON_GENOME PIN 617: GENOME NON_GENOME PIN 615
GENOME NON_GENOME PIN 618: GENOME NON_GENOME PIN 615
GENOME NON_GENOME PIN 619: GENOME NON_GENOME PIN 615
GENOME NON_GENOME PIN 620: GENOME NON_GENOME PIN 615
GENOME NON_GENOME PIN 621: GENOME NON_GENOME PIN 615
GENOME NON_GENOME PIN 622: GENOME NON_GENOME PIN 615
GENOME NON_GENOME PIN 623: GENOME NON_GENOME PIN 615
GENOME NON_GENOME PIN 624: GENOME NON_GENOME PIN 615
GENOME NON_GENOME PIN 625: GENOME NON_GENOME PIN 615
GENOME NON_GENOME PIN 626: GENOME NON_GENOME PIN 615
GENOME NON_GENOME PIN 651: GENOME NON_GENOME PIN 652 GENOME NON_GENOME PIN 653 GENOME NON_GENOME PIN 654 GENOME NON_GENOME PIN 655 GENOME NON_GENOME PIN 656 GENOME NON_GENOME PIN 657 GENOME NON_GENOME PIN 658 GENOME NON_GENOME PIN 659 GENOME NON_GENOME PIN 660 GENOME NON_GENOME PIN 661 GENOME NON_GENOME PIN 662
GENOME NON_GENOME PIN 652: GENOME NON_GENOME PIN 651
GENOME NON_GENOME PIN 653: GENOME NON_GENOME PIN 651
GENOME NON_GENOME PIN 654: GENOME NON_GENOME PIN 651
GENOME NON_GENOME PIN 655: GENOME NON_GENOME PIN 651
GENOME NON_GENOME PIN 656: GENOME NON_GENOME PIN 651
GENOME NON_GENOME PIN 657: GENOME NON_GENOME PIN 651
GENOME NON_GENOME PIN 658: GENOME NON_GENOME PIN 651
GENOME NON_GENOME PIN 659: GENOME NON_GENOME PIN 651
GENOME NON_GENOME PIN 660: GENOME NON_GENOME PIN 651
GENOME NON_GENOME PIN 661: GENOME NON_GENOME PIN 651
GENOME NON_GENOME PIN 662: GENOME NON_GENOME PIN 651
GENOME NON_GENOME PIN 731: GENOME NON_GENOME PIN 732 GENOME NON_GENOME PIN 733 GENOME NON_GENOME PIN 734 GENOME NON_GENOME PIN 735 GENOME NON_GENOME PIN 736 GENOME NON_GENOME PIN 737 GENOME NON_GENOME PIN 738 GENOME NON_GENOME PIN 739 GENOME NON_GENOME PIN 740 GENOME NON_GENOME PIN 741 GENOME NON_GENOME PIN 742
GENOME NON_GENOME PIN 732: GENOME NON_GENOME PIN 731
GENOME NON_GENOME PIN 733: GENOME NON_GENOME PIN 731
GENOME NON_GENOME PIN 734: GENOME NON_GENOME PIN 731
GENOME NON_GENOME PIN 735: GENOME NON_GENOME PIN 731
GENOME NON_GENOME PIN 736: GENOME NON_GENOME PIN 731
GENOME NON_GENOME PIN 737: GENOME NON_GENOME PIN 731
GENOME NON_GENOME PIN 738: GENOME NON_GENOME PIN 731
GENOME NON_GENOME PIN 739: GENOME NON_GENOME PIN 731
GENOME NON_GENOME PIN 740: GENOME NON_GENOME PIN 731
GENOME NON_GENOME PIN 741: GENOME NON_GENOME PIN 731
GENOME NON_GENOME PIN 742: GENOME NON_GENOME PIN 731
GENOME NON_GENOME PIN 806: GENOME NON_GENOME PIN 807 GENOME NON_GENOME PIN 808 GENOME NON_GENOME PIN 809
GENOME NON_GENOME PIN 807: GENOME NON_GENOME PIN 806
GENOME NON_GENOME PIN 808: GENOME NON_GENOME PIN 806
GENOME NON_GENOME PIN 809: GENOME NON_GENOME PIN 806
GENOME NON_GENOME PIN 830: GENOME NON_GENOME PIN 831 GENOME NON_GENOME PIN 832 GENOME NON_GENOME PIN 833
GENOME NON_GENOME PIN 831: GENOME NON_GENOME PIN 830
GENOME NON_GENOME PIN 832: GENOME NON_GENOME PIN 830
GENOME NON_GENOME PIN 833: GENOME NON_GENOME PIN 830
GENOME NON_GENOME PIN 886: GENOME NON_GENOME PIN 887 GENOME NON_GENOME PIN 888 GENOME NON_GENOME PIN 889
GENOME NON_GENOME PIN 887: GENOME NON_GENOME PIN 886
GENOME NON_GENOME PIN 888: GENOME NON_GENOME PIN 886
GENOME NON_GENOME PIN 889: GENOME NON_GENOME PIN 886
GENOME NON_GENOME PIN 898: GENOME NON_GENOME PIN 899 GENOME NON_GENOME PIN 900 GENOME NON_GENOME PIN 901
GENOME NON_GENOME PIN 899: GENOME NON_GENOME PIN 898
GENOME NON_GENOME PIN 900: GENOME NON_GENOME PIN 898
GENOME NON_GENOME PIN 901: GENOME NON_GENOME PIN 898
GENOME NON_GENOME PIN 946: GENOME NON_GENOME PIN 947 GENOME NON_GENOME PIN 948 GENOME NON_GENOME PIN 949
GENOME NON_GENOME PIN 947: GENOME NON_GENOME PIN 946
GENOME NON_GENOME PIN 948: GENOME NON_GENOME PIN 946
GENOME NON_GENOME PIN 949: GENOME NON_GENOME PIN 946
GENOME NON_GENOME PIN 958: GENOME NON_GENOME PIN 959 GENOME NON_GENOME PIN 960 GENOME NON_GENOME PIN 961
GENOME NON_GENOME PIN 959: GENOME NON_GENOME PIN 958
GENOME NON_GENOME PIN 960: GENOME NON_GENOME PIN 958
GENOME NON_GENOME PIN 961: GENOME NON_GENOME PIN 958
GENOME NON_GENOME PIN 1142: GENOME NON_GENOME PIN 1143 GENOME NON_GENOME PIN 1144 GENOME NON_GENOME PIN 1145 GENOME NON_GENOME PIN 1146 GENOME NON_GENOME PIN 1147 GENOME NON_GENOME PIN 1148 GENOME NON_GENOME PIN 1149 GENOME NON_GENOME PIN 1150 GENOME NON_GENOME PIN 1151 GENOME NON_GENOME PIN 1152 GENOME NON_GENOME PIN 1153
GENOME NON_GENOME PIN 1143: GENOME NON_GENOME PIN 1142
GENOME NON_GENOME PIN 1144: GENOME NON_GENOME PIN 1142
GENOME NON_GENOME PIN 1145: GENOME NON_GENOME PIN 1142
GENOME NON_GENOME PIN 1146: GENOME NON_GENOME PIN 1142
GENOME NON_GENOME PIN 1147: GENOME NON_GENOME PIN 1142
GENOME NON_GENOME PIN 1148: GENOME NON_GENOME PIN 1142
GENOME NON_GENOME PIN 1149: GENOME NON_GENOME PIN 1142
GENOME NON_GENOME PIN 1150: GENOME NON_GENOME PIN 1142
GENOME NON_GENOME PIN 1151: GENOME NON_GENOME PIN 1142
GENOME NON_GENOME PIN 1152: GENOME NON_GENOME PIN 1142
GENOME NON_GENOME PIN 1153: GENOME NON_GENOME PIN 1142
INST gameplay_screen__GB11 PIN 9: GENOME gameplay_screen__GB11 PIN 9
INST gameplay_screen__GB11 PIN 10: GENOME gameplay_screen__GB11 PIN 10
INST gameplay_screen__GB11 PIN 11: GENOME gameplay_screen__GB11 PIN 11
INST gameplay_screen__GB11 PIN 21: GENOME gameplay_screen__GB11 PIN 21
INST gameplay_screen__GB11 PIN 22: GENOME gameplay_screen__GB11 PIN 22
INST gameplay_screen__GB11 PIN 23: GENOME gameplay_screen__GB11 PIN 23
INST gameplay_screen__GB11 PIN 36: GENOME gameplay_screen__GB11 PIN 36
INST gameplay_screen__GB11 PIN 37: GENOME gameplay_screen__GB11 PIN 37
INST gameplay_screen__GB11 PIN 38: GENOME gameplay_screen__GB11 PIN 38
INST gameplay_screen__GB11 PIN 48: GENOME gameplay_screen__GB11 PIN 48
INST gameplay_screen__GB11 PIN 49: GENOME gameplay_screen__GB11 PIN 49
INST gameplay_screen__GB11 PIN 50: GENOME gameplay_screen__GB11 PIN 50
INST gameplay_screen__GB11 PIN 96: GENOME gameplay_screen__GB11 PIN 96
INST gameplay_screen__GB11 PIN 137: GENOME gameplay_screen__GB11 PIN 137
INST gameplay_screen__GB11 PIN 267: GENOME gameplay_screen__GB11 PIN 267 INST gameplay_screen__GB11 PIN 155 TYPE 5
INST gameplay_screen__GB11 PIN 449: GENOME gameplay_screen__GB11 PIN 449 INST gameplay_screen__GB12 PIN 159 TYPE 5
INST gameplay_screen__GB11 PIN 448: GENOME gameplay_screen__GB11 PIN 448
INST gameplay_screen__GB11 PIN 450: GENOME gameplay_screen__GB11 PIN 450 INST gameplay_screen__GB12 PIN 159 TYPE 5
INST gameplay_screen__GB11 PIN 451: GENOME gameplay_screen__GB11 PIN 451 INST gameplay_screen__GB12 PIN 159 TYPE 5
INST gameplay_screen__GB11 PIN 454: GENOME gameplay_screen__GB11 PIN 454 INST gameplay_screen__GB12 PIN 159 TYPE 5
INST gameplay_screen__GB11 PIN 455: GENOME gameplay_screen__GB11 PIN 455 INST gameplay_screen__GB12 PIN 159 TYPE 5
INST gameplay_screen__GB11 PIN 456: GENOME gameplay_screen__GB11 PIN 456 INST gameplay_screen__GB12 PIN 159 TYPE 5
INST gameplay_screen__GB11 PIN 457: GENOME gameplay_screen__GB11 PIN 457 INST gameplay_screen__GB12 PIN 159 TYPE 5
GENOME NON_GENOME PIN 155: GENOME NON_GENOME PIN 267
GENOME NON_GENOME PIN 267: GENOME NON_GENOME PIN 155
GENOME NON_GENOME PIN 448: GENOME NON_GENOME PIN 449 GENOME NON_GENOME PIN 450 GENOME NON_GENOME PIN 451 GENOME NON_GENOME PIN 454 GENOME NON_GENOME PIN 455 GENOME NON_GENOME PIN 456 GENOME NON_GENOME PIN 457
GENOME NON_GENOME PIN 449: GENOME NON_GENOME PIN 448
GENOME NON_GENOME PIN 450: GENOME NON_GENOME PIN 448
GENOME NON_GENOME PIN 451: GENOME NON_GENOME PIN 448
GENOME NON_GENOME PIN 454: GENOME NON_GENOME PIN 448
GENOME NON_GENOME PIN 455: GENOME NON_GENOME PIN 448
GENOME NON_GENOME PIN 456: GENOME NON_GENOME PIN 448
GENOME NON_GENOME PIN 457: GENOME NON_GENOME PIN 448
INST gameplay_screen__GB12 PIN 38: GENOME gameplay_screen__GB12 PIN 38
INST gameplay_screen__GB12 PIN 81: GENOME gameplay_screen__GB12 PIN 81
INST gameplay_screen__GB12 PIN 82: GENOME gameplay_screen__GB12 PIN 82
INST gameplay_screen__GB12 PIN 83: GENOME gameplay_screen__GB12 PIN 83
INST gameplay_screen__GB12 PIN 93: GENOME gameplay_screen__GB12 PIN 93
INST gameplay_screen__GB12 PIN 94: GENOME gameplay_screen__GB12 PIN 94
INST gameplay_screen__GB12 PIN 95: GENOME gameplay_screen__GB12 PIN 95
INST gameplay_screen__GB12 PIN 129: GENOME gameplay_screen__GB12 PIN 129
INST gameplay_screen__GB12 PIN 160: GENOME gameplay_screen__GB12 PIN 160
INST gameplay_screen__GB12 PIN 161: GENOME gameplay_screen__GB12 PIN 161
INST gameplay_screen__GB12 PIN 162: GENOME gameplay_screen__GB12 PIN 162
INST gameplay_screen__GB12 PIN 163: GENOME gameplay_screen__GB12 PIN 163
INST gameplay_screen__GB12 PIN 164: GENOME gameplay_screen__GB12 PIN 164
INST gameplay_screen__GB12 PIN 165: GENOME gameplay_screen__GB12 PIN 165
INST gameplay_screen__GB12 PIN 166: GENOME gameplay_screen__GB12 PIN 166
INST gameplay_screen__GB12 PIN 167: GENOME gameplay_screen__GB12 PIN 167
INST gameplay_screen__GB12 PIN 168: GENOME gameplay_screen__GB12 PIN 168
INST gameplay_screen__GB12 PIN 173: GENOME gameplay_screen__GB12 PIN 173
INST gameplay_screen__GB12 PIN 174: GENOME gameplay_screen__GB12 PIN 174
INST gameplay_screen__GB12 PIN 175: GENOME gameplay_screen__GB12 PIN 175
INST gameplay_screen__GB12 PIN 176: GENOME gameplay_screen__GB12 PIN 176
INST gameplay_screen__GB12 PIN 177: GENOME gameplay_screen__GB12 PIN 177
INST gameplay_screen__GB12 PIN 178: GENOME gameplay_screen__GB12 PIN 178
INST gameplay_screen__GB12 PIN 179: GENOME gameplay_screen__GB12 PIN 179
INST gameplay_screen__GB12 PIN 180: GENOME gameplay_screen__GB12 PIN 180
INST gameplay_screen__GB12 PIN 181: GENOME gameplay_screen__GB12 PIN 181
INST gameplay_screen__GB12 PIN 182: GENOME gameplay_screen__GB12 PIN 182
INST gameplay_screen__GB12 PIN 183: GENOME gameplay_screen__GB12 PIN 183
INST gameplay_screen__GB1 PIN 9: GENOME gameplay_screen__GB1 PIN 9
INST gameplay_screen__GB1 PIN 10: GENOME gameplay_screen__GB1 PIN 10
INST gameplay_screen__GB1 PIN 20: GENOME gameplay_screen__GB1 PIN 20
INST gameplay_screen__GB1 PIN 30: GENOME gameplay_screen__GB1 PIN 30
INST gameplay_screen__GB1 PIN 31: GENOME gameplay_screen__GB1 PIN 31
INST gameplay_screen__GB1 PIN 68: GENOME gameplay_screen__GB1 PIN 68
INST gameplay_screen__GB1 PIN 77: GENOME gameplay_screen__GB1 PIN 77
INST gameplay_screen__GB1 PIN 78: GENOME gameplay_screen__GB1 PIN 78
INST gameplay_screen__GB1 PIN 89: GENOME gameplay_screen__GB1 PIN 89
INST gameplay_screen__GB1 PIN 220: GENOME gameplay_screen__GB1 PIN 220
INST gameplay_screen__GB1 PIN 221: GENOME gameplay_screen__GB1 PIN 221
INST gameplay_screen__GB1 PIN 222: GENOME gameplay_screen__GB1 PIN 222
INST gameplay_screen__GB1 PIN 223: GENOME gameplay_screen__GB1 PIN 223
INST gameplay_screen__GB1 PIN 224: GENOME gameplay_screen__GB1 PIN 224
INST gameplay_screen__GB1 PIN 225: GENOME gameplay_screen__GB1 PIN 225
INST gameplay_screen__GB1 PIN 226: GENOME gameplay_screen__GB1 PIN 226
INST gameplay_screen__GB1 PIN 227: GENOME gameplay_screen__GB1 PIN 227
INST gameplay_screen__GB1 PIN 228: GENOME gameplay_screen__GB1 PIN 228
INST gameplay_screen__GB1 PIN 229: GENOME gameplay_screen__GB1 PIN 229
INST gameplay_screen__GB1 PIN 230: GENOME gameplay_screen__GB1 PIN 230
INST gameplay_screen__GB1 PIN 232: GENOME gameplay_screen__GB1 PIN 232
INST gameplay_screen__GB1 PIN 233: GENOME gameplay_screen__GB1 PIN 233
INST gameplay_screen__GB1 PIN 234: GENOME gameplay_screen__GB1 PIN 234
INST gameplay_screen__GB1 PIN 235: GENOME gameplay_screen__GB1 PIN 235
INST gameplay_screen__GB1 PIN 236: GENOME gameplay_screen__GB1 PIN 236
INST gameplay_screen__GB1 PIN 237: GENOME gameplay_screen__GB1 PIN 237
INST gameplay_screen__GB1 PIN 238: GENOME gameplay_screen__GB1 PIN 238
INST gameplay_screen__GB1 PIN 239: GENOME gameplay_screen__GB1 PIN 239
INST gameplay_screen__GB1 PIN 240: GENOME gameplay_screen__GB1 PIN 240
INST gameplay_screen__GB1 PIN 241: GENOME gameplay_screen__GB1 PIN 241
INST gameplay_screen__GB1 PIN 242: GENOME gameplay_screen__GB1 PIN 242
INST gameplay_screen__GB1 PIN 244: GENOME gameplay_screen__GB1 PIN 244
INST gameplay_screen__GB1 PIN 245: GENOME gameplay_screen__GB1 PIN 245
INST gameplay_screen__GB1 PIN 246: GENOME gameplay_screen__GB1 PIN 246
INST gameplay_screen__GB1 PIN 247: GENOME gameplay_screen__GB1 PIN 247
INST gameplay_screen__GB1 PIN 248: GENOME gameplay_screen__GB1 PIN 248
INST gameplay_screen__GB1 PIN 249: GENOME gameplay_screen__GB1 PIN 249
INST gameplay_screen__GB1 PIN 250: GENOME gameplay_screen__GB1 PIN 250
INST gameplay_screen__GB1 PIN 251: GENOME gameplay_screen__GB1 PIN 251
INST gameplay_screen__GB1 PIN 252: GENOME gameplay_screen__GB1 PIN 252
INST gameplay_screen__GB1 PIN 253: GENOME gameplay_screen__GB1 PIN 253
INST gameplay_screen__GB1 PIN 254: GENOME gameplay_screen__GB1 PIN 254
INST top_level__GC0 PIN 102: GENOME top_level__GC0 PIN 102 INST top_level__GC0 PIN 38 TYPE 5
INST top_level__GC0 PIN 38: GENOME top_level__GC0 PIN 38
INST top_level__GC0 PIN 103: GENOME top_level__GC0 PIN 103 INST top_level__GC0 PIN 37 TYPE 5
INST top_level__GC0 PIN 37: GENOME top_level__GC0 PIN 37
INST top_level__GC0 PIN 104: GENOME top_level__GC0 PIN 104 INST top_level__GC0 PIN 39 TYPE 5
INST top_level__GC0 PIN 39: GENOME top_level__GC0 PIN 39
GENOME NON_GENOME PIN 102: GENOME NON_GENOME PIN 38
GENOME NON_GENOME PIN 103: GENOME NON_GENOME PIN 37
GENOME NON_GENOME PIN 39: GENOME NON_GENOME PIN 104
GENOME NON_GENOME PIN 104: GENOME NON_GENOME PIN 39
