GENOME NON_GENOME PIN 130: GENOME NON_GENOME PIN 14 GENOME NON_GENOME PIN 665
GENOME NON_GENOME PIN 14: GENOME NON_GENOME PIN 130
GENOME NON_GENOME PIN 15: GENOME NON_GENOME PIN 26 GENOME NON_GENOME PIN 131
GENOME NON_GENOME PIN 26: GENOME NON_GENOME PIN 15
GENOME NON_GENOME PIN 131: GENOME NON_GENOME PIN 15
GENOME NON_GENOME PIN 151: GENOME NON_GENOME PIN 141
GENOME NON_GENOME PIN 141: GENOME NON_GENOME PIN 151 GENOME NON_GENOME PIN 665
GENOME NON_GENOME PIN 167: GENOME NON_GENOME PIN 168 GENOME NON_GENOME PIN 169 GENOME NON_GENOME PIN 170 GENOME NON_GENOME PIN 171 GENOME NON_GENOME PIN 172 GENOME NON_GENOME PIN 173 GENOME NON_GENOME PIN 174 GENOME NON_GENOME PIN 175 GENOME NON_GENOME PIN 176 GENOME NON_GENOME PIN 177 GENOME NON_GENOME PIN 178
GENOME NON_GENOME PIN 168: GENOME NON_GENOME PIN 167
GENOME NON_GENOME PIN 169: GENOME NON_GENOME PIN 167
GENOME NON_GENOME PIN 170: GENOME NON_GENOME PIN 167
GENOME NON_GENOME PIN 171: GENOME NON_GENOME PIN 167
GENOME NON_GENOME PIN 172: GENOME NON_GENOME PIN 167
GENOME NON_GENOME PIN 173: GENOME NON_GENOME PIN 167
GENOME NON_GENOME PIN 174: GENOME NON_GENOME PIN 167
GENOME NON_GENOME PIN 175: GENOME NON_GENOME PIN 167
GENOME NON_GENOME PIN 176: GENOME NON_GENOME PIN 167
GENOME NON_GENOME PIN 177: GENOME NON_GENOME PIN 167 GENOME NON_GENOME PIN 188
GENOME NON_GENOME PIN 178: GENOME NON_GENOME PIN 167 GENOME NON_GENOME PIN 189 GENOME NON_GENOME PIN 368
GENOME NON_GENOME PIN 179: GENOME NON_GENOME PIN 180 GENOME NON_GENOME PIN 181 GENOME NON_GENOME PIN 182 GENOME NON_GENOME PIN 183 GENOME NON_GENOME PIN 184 GENOME NON_GENOME PIN 185 GENOME NON_GENOME PIN 186 GENOME NON_GENOME PIN 187 GENOME NON_GENOME PIN 188 GENOME NON_GENOME PIN 189 GENOME NON_GENOME PIN 190
GENOME NON_GENOME PIN 180: GENOME NON_GENOME PIN 179
GENOME NON_GENOME PIN 181: GENOME NON_GENOME PIN 179
GENOME NON_GENOME PIN 182: GENOME NON_GENOME PIN 179
GENOME NON_GENOME PIN 183: GENOME NON_GENOME PIN 179
GENOME NON_GENOME PIN 184: GENOME NON_GENOME PIN 179
GENOME NON_GENOME PIN 185: GENOME NON_GENOME PIN 179
GENOME NON_GENOME PIN 186: GENOME NON_GENOME PIN 179
GENOME NON_GENOME PIN 187: GENOME NON_GENOME PIN 179 GENOME NON_GENOME PIN 366
GENOME NON_GENOME PIN 188: GENOME NON_GENOME PIN 179 GENOME NON_GENOME PIN 177 GENOME NON_GENOME PIN 367
GENOME NON_GENOME PIN 189: GENOME NON_GENOME PIN 179 GENOME NON_GENOME PIN 178
GENOME NON_GENOME PIN 190: GENOME NON_GENOME PIN 179
GENOME NON_GENOME PIN 191: GENOME NON_GENOME PIN 192 GENOME NON_GENOME PIN 193 GENOME NON_GENOME PIN 194 GENOME NON_GENOME PIN 195 GENOME NON_GENOME PIN 196 GENOME NON_GENOME PIN 197 GENOME NON_GENOME PIN 198 GENOME NON_GENOME PIN 199 GENOME NON_GENOME PIN 200 GENOME NON_GENOME PIN 201 GENOME NON_GENOME PIN 202
GENOME NON_GENOME PIN 192: GENOME NON_GENOME PIN 191
GENOME NON_GENOME PIN 193: GENOME NON_GENOME PIN 191
GENOME NON_GENOME PIN 194: GENOME NON_GENOME PIN 191
GENOME NON_GENOME PIN 195: GENOME NON_GENOME PIN 191
GENOME NON_GENOME PIN 196: GENOME NON_GENOME PIN 191
GENOME NON_GENOME PIN 197: GENOME NON_GENOME PIN 191
GENOME NON_GENOME PIN 198: GENOME NON_GENOME PIN 191
GENOME NON_GENOME PIN 199: GENOME NON_GENOME PIN 191 GENOME NON_GENOME PIN 209
GENOME NON_GENOME PIN 200: GENOME NON_GENOME PIN 191
GENOME NON_GENOME PIN 201: GENOME NON_GENOME PIN 191
GENOME NON_GENOME PIN 202: GENOME NON_GENOME PIN 191
GENOME NON_GENOME PIN 8: GENOME NON_GENOME PIN 30 GENOME NON_GENOME PIN 40
GENOME NON_GENOME PIN 30: GENOME NON_GENOME PIN 8
GENOME NON_GENOME PIN 9: GENOME NON_GENOME PIN 31 GENOME NON_GENOME PIN 41
GENOME NON_GENOME PIN 31: GENOME NON_GENOME PIN 9
GENOME NON_GENOME PIN 7: GENOME NON_GENOME PIN 39
GENOME NON_GENOME PIN 39: GENOME NON_GENOME PIN 7 GENOME NON_GENOME PIN 104
GENOME NON_GENOME PIN 40: GENOME NON_GENOME PIN 8
GENOME NON_GENOME PIN 41: GENOME NON_GENOME PIN 9
GENOME NON_GENOME PIN 283: GENOME NON_GENOME PIN 51
GENOME NON_GENOME PIN 51: GENOME NON_GENOME PIN 283
GENOME NON_GENOME PIN 341: GENOME NON_GENOME PIN 71
GENOME NON_GENOME PIN 71: GENOME NON_GENOME PIN 341 GENOME NON_GENOME PIN 63
GENOME NON_GENOME PIN 648: GENOME NON_GENOME PIN 91 GENOME NON_GENOME PIN 102
GENOME NON_GENOME PIN 91: GENOME NON_GENOME PIN 648 GENOME NON_GENOME PIN 87
GENOME NON_GENOME PIN 649: GENOME NON_GENOME PIN 92 GENOME NON_GENOME PIN 103
GENOME NON_GENOME PIN 92: GENOME NON_GENOME PIN 649 GENOME NON_GENOME PIN 87
GENOME NON_GENOME PIN 647: GENOME NON_GENOME PIN 101
GENOME NON_GENOME PIN 101: GENOME NON_GENOME PIN 647 GENOME NON_GENOME PIN 99
GENOME NON_GENOME PIN 102: GENOME NON_GENOME PIN 648 GENOME NON_GENOME PIN 99 GENOME NON_GENOME PIN 38
GENOME NON_GENOME PIN 103: GENOME NON_GENOME PIN 649 GENOME NON_GENOME PIN 99 GENOME NON_GENOME PIN 37
GENOME NON_GENOME PIN 404: GENOME NON_GENOME PIN 120 GENOME NON_GENOME PIN 393
GENOME NON_GENOME PIN 120: GENOME NON_GENOME PIN 404
GENOME NON_GENOME PIN 663: GENOME NON_GENOME PIN 128
GENOME NON_GENOME PIN 128: GENOME NON_GENOME PIN 663
GENOME NON_GENOME PIN 664: GENOME NON_GENOME PIN 129 GENOME NON_GENOME PIN 140
GENOME NON_GENOME PIN 129: GENOME NON_GENOME PIN 664
GENOME NON_GENOME PIN 665: GENOME NON_GENOME PIN 130 GENOME NON_GENOME PIN 141
GENOME NON_GENOME PIN 140: GENOME NON_GENOME PIN 664
GENOME NON_GENOME PIN 366: GENOME NON_GENOME PIN 187
GENOME NON_GENOME PIN 209: GENOME NON_GENOME PIN 199
GENOME NON_GENOME PIN 233: GENOME NON_GENOME PIN 222 GENOME NON_GENOME PIN 353
GENOME NON_GENOME PIN 222: GENOME NON_GENOME PIN 233
GENOME NON_GENOME PIN 352: GENOME NON_GENOME PIN 232 GENOME NON_GENOME PIN 143
GENOME NON_GENOME PIN 232: GENOME NON_GENOME PIN 352
GENOME NON_GENOME PIN 223: GENOME NON_GENOME PIN 234 GENOME NON_GENOME PIN 354
GENOME NON_GENOME PIN 234: GENOME NON_GENOME PIN 223
GENOME NON_GENOME PIN 72: GENOME NON_GENOME PIN 245 GENOME NON_GENOME PIN 342 GENOME NON_GENOME PIN 63
GENOME NON_GENOME PIN 245: GENOME NON_GENOME PIN 72
GENOME NON_GENOME PIN 73: GENOME NON_GENOME PIN 246 GENOME NON_GENOME PIN 343 GENOME NON_GENOME PIN 63
GENOME NON_GENOME PIN 246: GENOME NON_GENOME PIN 73
GENOME NON_GENOME PIN 271: GENOME NON_GENOME PIN 261
GENOME NON_GENOME PIN 261: GENOME NON_GENOME PIN 271 GENOME NON_GENOME PIN 262 GENOME NON_GENOME PIN 263 GENOME NON_GENOME PIN 264 GENOME NON_GENOME PIN 265 GENOME NON_GENOME PIN 266 GENOME NON_GENOME PIN 267 GENOME NON_GENOME PIN 268 GENOME NON_GENOME PIN 269 GENOME NON_GENOME PIN 270 GENOME NON_GENOME PIN 272
GENOME NON_GENOME PIN 678: GENOME NON_GENOME PIN 322
GENOME NON_GENOME PIN 322: GENOME NON_GENOME PIN 678
GENOME NON_GENOME PIN 342: GENOME NON_GENOME PIN 72
GENOME NON_GENOME PIN 343: GENOME NON_GENOME PIN 73
GENOME NON_GENOME PIN 353: GENOME NON_GENOME PIN 233
GENOME NON_GENOME PIN 354: GENOME NON_GENOME PIN 223
GENOME NON_GENOME PIN 367: GENOME NON_GENOME PIN 188
GENOME NON_GENOME PIN 368: GENOME NON_GENOME PIN 178
GENOME NON_GENOME PIN 559: GENOME NON_GENOME PIN 35
GENOME NON_GENOME PIN 35: GENOME NON_GENOME PIN 559
GENOME NON_GENOME PIN 521: GENOME NON_GENOME PIN 45
GENOME NON_GENOME PIN 45: GENOME NON_GENOME PIN 521
GENOME NON_GENOME PIN 249: GENOME NON_GENOME PIN 250 GENOME NON_GENOME PIN 251 GENOME NON_GENOME PIN 252 GENOME NON_GENOME PIN 253 GENOME NON_GENOME PIN 254 GENOME NON_GENOME PIN 255 GENOME NON_GENOME PIN 256 GENOME NON_GENOME PIN 257 GENOME NON_GENOME PIN 258 GENOME NON_GENOME PIN 259 GENOME NON_GENOME PIN 260
GENOME NON_GENOME PIN 250: GENOME NON_GENOME PIN 249
GENOME NON_GENOME PIN 251: GENOME NON_GENOME PIN 249
GENOME NON_GENOME PIN 252: GENOME NON_GENOME PIN 249
GENOME NON_GENOME PIN 253: GENOME NON_GENOME PIN 249
GENOME NON_GENOME PIN 254: GENOME NON_GENOME PIN 249
GENOME NON_GENOME PIN 255: GENOME NON_GENOME PIN 249
GENOME NON_GENOME PIN 256: GENOME NON_GENOME PIN 249
GENOME NON_GENOME PIN 257: GENOME NON_GENOME PIN 249
GENOME NON_GENOME PIN 258: GENOME NON_GENOME PIN 249
GENOME NON_GENOME PIN 259: GENOME NON_GENOME PIN 249
GENOME NON_GENOME PIN 260: GENOME NON_GENOME PIN 249
GENOME NON_GENOME PIN 262: GENOME NON_GENOME PIN 261
GENOME NON_GENOME PIN 263: GENOME NON_GENOME PIN 261
GENOME NON_GENOME PIN 264: GENOME NON_GENOME PIN 261
GENOME NON_GENOME PIN 265: GENOME NON_GENOME PIN 261
GENOME NON_GENOME PIN 266: GENOME NON_GENOME PIN 261
GENOME NON_GENOME PIN 267: GENOME NON_GENOME PIN 261
GENOME NON_GENOME PIN 268: GENOME NON_GENOME PIN 261
GENOME NON_GENOME PIN 269: GENOME NON_GENOME PIN 261
GENOME NON_GENOME PIN 270: GENOME NON_GENOME PIN 261
GENOME NON_GENOME PIN 272: GENOME NON_GENOME PIN 261
GENOME NON_GENOME PIN 601: GENOME NON_GENOME PIN 347
GENOME NON_GENOME PIN 347: GENOME NON_GENOME PIN 601
GENOME NON_GENOME PIN 369: GENOME NON_GENOME PIN 370 GENOME NON_GENOME PIN 371 GENOME NON_GENOME PIN 372 GENOME NON_GENOME PIN 373 GENOME NON_GENOME PIN 374 GENOME NON_GENOME PIN 375 GENOME NON_GENOME PIN 376 GENOME NON_GENOME PIN 377 GENOME NON_GENOME PIN 378 GENOME NON_GENOME PIN 379 GENOME NON_GENOME PIN 380
GENOME NON_GENOME PIN 370: GENOME NON_GENOME PIN 369
GENOME NON_GENOME PIN 371: GENOME NON_GENOME PIN 369
GENOME NON_GENOME PIN 372: GENOME NON_GENOME PIN 369
GENOME NON_GENOME PIN 373: GENOME NON_GENOME PIN 369
GENOME NON_GENOME PIN 374: GENOME NON_GENOME PIN 369
GENOME NON_GENOME PIN 375: GENOME NON_GENOME PIN 369
GENOME NON_GENOME PIN 376: GENOME NON_GENOME PIN 369
GENOME NON_GENOME PIN 377: GENOME NON_GENOME PIN 369
GENOME NON_GENOME PIN 378: GENOME NON_GENOME PIN 369
GENOME NON_GENOME PIN 379: GENOME NON_GENOME PIN 369
GENOME NON_GENOME PIN 380: GENOME NON_GENOME PIN 369
GENOME NON_GENOME PIN 381: GENOME NON_GENOME PIN 382 GENOME NON_GENOME PIN 383 GENOME NON_GENOME PIN 384 GENOME NON_GENOME PIN 385 GENOME NON_GENOME PIN 386 GENOME NON_GENOME PIN 387 GENOME NON_GENOME PIN 388 GENOME NON_GENOME PIN 389 GENOME NON_GENOME PIN 390 GENOME NON_GENOME PIN 391 GENOME NON_GENOME PIN 392
GENOME NON_GENOME PIN 382: GENOME NON_GENOME PIN 381
GENOME NON_GENOME PIN 383: GENOME NON_GENOME PIN 381
GENOME NON_GENOME PIN 384: GENOME NON_GENOME PIN 381
GENOME NON_GENOME PIN 385: GENOME NON_GENOME PIN 381
GENOME NON_GENOME PIN 386: GENOME NON_GENOME PIN 381
GENOME NON_GENOME PIN 387: GENOME NON_GENOME PIN 381
GENOME NON_GENOME PIN 388: GENOME NON_GENOME PIN 381
GENOME NON_GENOME PIN 389: GENOME NON_GENOME PIN 381
GENOME NON_GENOME PIN 390: GENOME NON_GENOME PIN 381
GENOME NON_GENOME PIN 391: GENOME NON_GENOME PIN 381
GENOME NON_GENOME PIN 392: GENOME NON_GENOME PIN 381
GENOME NON_GENOME PIN 393: GENOME NON_GENOME PIN 394 GENOME NON_GENOME PIN 395 GENOME NON_GENOME PIN 396 GENOME NON_GENOME PIN 397 GENOME NON_GENOME PIN 398 GENOME NON_GENOME PIN 399 GENOME NON_GENOME PIN 400 GENOME NON_GENOME PIN 401 GENOME NON_GENOME PIN 402 GENOME NON_GENOME PIN 403 GENOME NON_GENOME PIN 404
GENOME NON_GENOME PIN 394: GENOME NON_GENOME PIN 393
GENOME NON_GENOME PIN 395: GENOME NON_GENOME PIN 393
GENOME NON_GENOME PIN 396: GENOME NON_GENOME PIN 393
GENOME NON_GENOME PIN 397: GENOME NON_GENOME PIN 393
GENOME NON_GENOME PIN 398: GENOME NON_GENOME PIN 393
GENOME NON_GENOME PIN 399: GENOME NON_GENOME PIN 393
GENOME NON_GENOME PIN 400: GENOME NON_GENOME PIN 393
GENOME NON_GENOME PIN 401: GENOME NON_GENOME PIN 393
GENOME NON_GENOME PIN 402: GENOME NON_GENOME PIN 393
GENOME NON_GENOME PIN 403: GENOME NON_GENOME PIN 393
GENOME NON_GENOME PIN 409: GENOME NON_GENOME PIN 410 GENOME NON_GENOME PIN 411 GENOME NON_GENOME PIN 412 GENOME NON_GENOME PIN 413 GENOME NON_GENOME PIN 414 GENOME NON_GENOME PIN 415 GENOME NON_GENOME PIN 416 GENOME NON_GENOME PIN 417 GENOME NON_GENOME PIN 418 GENOME NON_GENOME PIN 419 GENOME NON_GENOME PIN 420
GENOME NON_GENOME PIN 410: GENOME NON_GENOME PIN 409
GENOME NON_GENOME PIN 411: GENOME NON_GENOME PIN 409
GENOME NON_GENOME PIN 412: GENOME NON_GENOME PIN 409
GENOME NON_GENOME PIN 413: GENOME NON_GENOME PIN 409
GENOME NON_GENOME PIN 414: GENOME NON_GENOME PIN 409
GENOME NON_GENOME PIN 415: GENOME NON_GENOME PIN 409
GENOME NON_GENOME PIN 416: GENOME NON_GENOME PIN 409
GENOME NON_GENOME PIN 417: GENOME NON_GENOME PIN 409
GENOME NON_GENOME PIN 418: GENOME NON_GENOME PIN 409
GENOME NON_GENOME PIN 419: GENOME NON_GENOME PIN 409
GENOME NON_GENOME PIN 420: GENOME NON_GENOME PIN 409
GENOME NON_GENOME PIN 421: GENOME NON_GENOME PIN 422 GENOME NON_GENOME PIN 423 GENOME NON_GENOME PIN 424 GENOME NON_GENOME PIN 425 GENOME NON_GENOME PIN 426 GENOME NON_GENOME PIN 427 GENOME NON_GENOME PIN 428 GENOME NON_GENOME PIN 429 GENOME NON_GENOME PIN 430 GENOME NON_GENOME PIN 431 GENOME NON_GENOME PIN 432
GENOME NON_GENOME PIN 422: GENOME NON_GENOME PIN 421
GENOME NON_GENOME PIN 423: GENOME NON_GENOME PIN 421
GENOME NON_GENOME PIN 424: GENOME NON_GENOME PIN 421
GENOME NON_GENOME PIN 425: GENOME NON_GENOME PIN 421
GENOME NON_GENOME PIN 426: GENOME NON_GENOME PIN 421
GENOME NON_GENOME PIN 427: GENOME NON_GENOME PIN 421
GENOME NON_GENOME PIN 428: GENOME NON_GENOME PIN 421
GENOME NON_GENOME PIN 429: GENOME NON_GENOME PIN 421
GENOME NON_GENOME PIN 430: GENOME NON_GENOME PIN 421
GENOME NON_GENOME PIN 431: GENOME NON_GENOME PIN 421
GENOME NON_GENOME PIN 432: GENOME NON_GENOME PIN 421
GENOME NON_GENOME PIN 433: GENOME NON_GENOME PIN 434 GENOME NON_GENOME PIN 435 GENOME NON_GENOME PIN 436 GENOME NON_GENOME PIN 437 GENOME NON_GENOME PIN 438 GENOME NON_GENOME PIN 439 GENOME NON_GENOME PIN 440 GENOME NON_GENOME PIN 441 GENOME NON_GENOME PIN 442 GENOME NON_GENOME PIN 443 GENOME NON_GENOME PIN 444
GENOME NON_GENOME PIN 434: GENOME NON_GENOME PIN 433
GENOME NON_GENOME PIN 435: GENOME NON_GENOME PIN 433
GENOME NON_GENOME PIN 436: GENOME NON_GENOME PIN 433
GENOME NON_GENOME PIN 437: GENOME NON_GENOME PIN 433
GENOME NON_GENOME PIN 438: GENOME NON_GENOME PIN 433
GENOME NON_GENOME PIN 439: GENOME NON_GENOME PIN 433
GENOME NON_GENOME PIN 440: GENOME NON_GENOME PIN 433
GENOME NON_GENOME PIN 441: GENOME NON_GENOME PIN 433 GENOME NON_GENOME PIN 442 GENOME NON_GENOME PIN 443 GENOME NON_GENOME PIN 444 GENOME NON_GENOME PIN 445 GENOME NON_GENOME PIN 446 GENOME NON_GENOME PIN 447 GENOME NON_GENOME PIN 448 GENOME NON_GENOME PIN 449 GENOME NON_GENOME PIN 450 GENOME NON_GENOME PIN 451 GENOME NON_GENOME PIN 452
GENOME NON_GENOME PIN 442: GENOME NON_GENOME PIN 433 GENOME NON_GENOME PIN 441
GENOME NON_GENOME PIN 443: GENOME NON_GENOME PIN 433 GENOME NON_GENOME PIN 441
GENOME NON_GENOME PIN 444: GENOME NON_GENOME PIN 433 GENOME NON_GENOME PIN 441
GENOME NON_GENOME PIN 445: GENOME NON_GENOME PIN 446 GENOME NON_GENOME PIN 447 GENOME NON_GENOME PIN 448 GENOME NON_GENOME PIN 449 GENOME NON_GENOME PIN 450 GENOME NON_GENOME PIN 451 GENOME NON_GENOME PIN 452 GENOME NON_GENOME PIN 453 GENOME NON_GENOME PIN 454 GENOME NON_GENOME PIN 455 GENOME NON_GENOME PIN 456 GENOME NON_GENOME PIN 441
GENOME NON_GENOME PIN 446: GENOME NON_GENOME PIN 445 GENOME NON_GENOME PIN 441
GENOME NON_GENOME PIN 447: GENOME NON_GENOME PIN 445 GENOME NON_GENOME PIN 441
GENOME NON_GENOME PIN 448: GENOME NON_GENOME PIN 445 GENOME NON_GENOME PIN 441
GENOME NON_GENOME PIN 449: GENOME NON_GENOME PIN 445 GENOME NON_GENOME PIN 441
GENOME NON_GENOME PIN 450: GENOME NON_GENOME PIN 445 GENOME NON_GENOME PIN 441
GENOME NON_GENOME PIN 451: GENOME NON_GENOME PIN 445 GENOME NON_GENOME PIN 441
GENOME NON_GENOME PIN 452: GENOME NON_GENOME PIN 445 GENOME NON_GENOME PIN 441
GENOME NON_GENOME PIN 453: GENOME NON_GENOME PIN 445 GENOME NON_GENOME PIN 454 GENOME NON_GENOME PIN 455 GENOME NON_GENOME PIN 456 GENOME NON_GENOME PIN 457 GENOME NON_GENOME PIN 458 GENOME NON_GENOME PIN 459 GENOME NON_GENOME PIN 460 GENOME NON_GENOME PIN 461 GENOME NON_GENOME PIN 462 GENOME NON_GENOME PIN 463 GENOME NON_GENOME PIN 464
GENOME NON_GENOME PIN 454: GENOME NON_GENOME PIN 445 GENOME NON_GENOME PIN 453
GENOME NON_GENOME PIN 455: GENOME NON_GENOME PIN 445 GENOME NON_GENOME PIN 453
GENOME NON_GENOME PIN 456: GENOME NON_GENOME PIN 445 GENOME NON_GENOME PIN 453
GENOME NON_GENOME PIN 457: GENOME NON_GENOME PIN 458 GENOME NON_GENOME PIN 459 GENOME NON_GENOME PIN 460 GENOME NON_GENOME PIN 461 GENOME NON_GENOME PIN 462 GENOME NON_GENOME PIN 463 GENOME NON_GENOME PIN 464 GENOME NON_GENOME PIN 465 GENOME NON_GENOME PIN 466 GENOME NON_GENOME PIN 467 GENOME NON_GENOME PIN 468 GENOME NON_GENOME PIN 453
GENOME NON_GENOME PIN 458: GENOME NON_GENOME PIN 457 GENOME NON_GENOME PIN 453
GENOME NON_GENOME PIN 459: GENOME NON_GENOME PIN 457 GENOME NON_GENOME PIN 453
GENOME NON_GENOME PIN 460: GENOME NON_GENOME PIN 457 GENOME NON_GENOME PIN 453
GENOME NON_GENOME PIN 461: GENOME NON_GENOME PIN 457 GENOME NON_GENOME PIN 453
GENOME NON_GENOME PIN 462: GENOME NON_GENOME PIN 457 GENOME NON_GENOME PIN 453
GENOME NON_GENOME PIN 463: GENOME NON_GENOME PIN 457 GENOME NON_GENOME PIN 453
GENOME NON_GENOME PIN 464: GENOME NON_GENOME PIN 457 GENOME NON_GENOME PIN 453
GENOME NON_GENOME PIN 465: GENOME NON_GENOME PIN 457 GENOME NON_GENOME PIN 466 GENOME NON_GENOME PIN 467 GENOME NON_GENOME PIN 468 GENOME NON_GENOME PIN 469 GENOME NON_GENOME PIN 470 GENOME NON_GENOME PIN 471 GENOME NON_GENOME PIN 472 GENOME NON_GENOME PIN 473 GENOME NON_GENOME PIN 474 GENOME NON_GENOME PIN 475 GENOME NON_GENOME PIN 476
GENOME NON_GENOME PIN 466: GENOME NON_GENOME PIN 457 GENOME NON_GENOME PIN 465
GENOME NON_GENOME PIN 467: GENOME NON_GENOME PIN 457 GENOME NON_GENOME PIN 465
GENOME NON_GENOME PIN 468: GENOME NON_GENOME PIN 457 GENOME NON_GENOME PIN 465
GENOME NON_GENOME PIN 469: GENOME NON_GENOME PIN 470 GENOME NON_GENOME PIN 471 GENOME NON_GENOME PIN 472 GENOME NON_GENOME PIN 473 GENOME NON_GENOME PIN 474 GENOME NON_GENOME PIN 475 GENOME NON_GENOME PIN 476 GENOME NON_GENOME PIN 477 GENOME NON_GENOME PIN 478 GENOME NON_GENOME PIN 479 GENOME NON_GENOME PIN 480 GENOME NON_GENOME PIN 465
GENOME NON_GENOME PIN 470: GENOME NON_GENOME PIN 469 GENOME NON_GENOME PIN 465
GENOME NON_GENOME PIN 471: GENOME NON_GENOME PIN 469 GENOME NON_GENOME PIN 465
GENOME NON_GENOME PIN 472: GENOME NON_GENOME PIN 469 GENOME NON_GENOME PIN 465
GENOME NON_GENOME PIN 473: GENOME NON_GENOME PIN 469 GENOME NON_GENOME PIN 465
GENOME NON_GENOME PIN 474: GENOME NON_GENOME PIN 469 GENOME NON_GENOME PIN 465
GENOME NON_GENOME PIN 475: GENOME NON_GENOME PIN 469 GENOME NON_GENOME PIN 465
GENOME NON_GENOME PIN 476: GENOME NON_GENOME PIN 469 GENOME NON_GENOME PIN 465
GENOME NON_GENOME PIN 477: GENOME NON_GENOME PIN 469 GENOME NON_GENOME PIN 478 GENOME NON_GENOME PIN 479 GENOME NON_GENOME PIN 480 GENOME NON_GENOME PIN 481 GENOME NON_GENOME PIN 482 GENOME NON_GENOME PIN 483 GENOME NON_GENOME PIN 484 GENOME NON_GENOME PIN 485 GENOME NON_GENOME PIN 486 GENOME NON_GENOME PIN 487 GENOME NON_GENOME PIN 488
GENOME NON_GENOME PIN 478: GENOME NON_GENOME PIN 469 GENOME NON_GENOME PIN 477
GENOME NON_GENOME PIN 479: GENOME NON_GENOME PIN 469 GENOME NON_GENOME PIN 477
GENOME NON_GENOME PIN 480: GENOME NON_GENOME PIN 469 GENOME NON_GENOME PIN 477
GENOME NON_GENOME PIN 481: GENOME NON_GENOME PIN 482 GENOME NON_GENOME PIN 483 GENOME NON_GENOME PIN 484 GENOME NON_GENOME PIN 485 GENOME NON_GENOME PIN 486 GENOME NON_GENOME PIN 487 GENOME NON_GENOME PIN 488 GENOME NON_GENOME PIN 489 GENOME NON_GENOME PIN 490 GENOME NON_GENOME PIN 491 GENOME NON_GENOME PIN 492 GENOME NON_GENOME PIN 477
GENOME NON_GENOME PIN 482: GENOME NON_GENOME PIN 481 GENOME NON_GENOME PIN 477
GENOME NON_GENOME PIN 483: GENOME NON_GENOME PIN 481 GENOME NON_GENOME PIN 477
GENOME NON_GENOME PIN 484: GENOME NON_GENOME PIN 481 GENOME NON_GENOME PIN 477
GENOME NON_GENOME PIN 485: GENOME NON_GENOME PIN 481 GENOME NON_GENOME PIN 477
GENOME NON_GENOME PIN 486: GENOME NON_GENOME PIN 481 GENOME NON_GENOME PIN 477
GENOME NON_GENOME PIN 487: GENOME NON_GENOME PIN 481 GENOME NON_GENOME PIN 477
GENOME NON_GENOME PIN 488: GENOME NON_GENOME PIN 481 GENOME NON_GENOME PIN 477
GENOME NON_GENOME PIN 489: GENOME NON_GENOME PIN 481
GENOME NON_GENOME PIN 490: GENOME NON_GENOME PIN 481
GENOME NON_GENOME PIN 491: GENOME NON_GENOME PIN 481
GENOME NON_GENOME PIN 492: GENOME NON_GENOME PIN 481
GENOME NON_GENOME PIN 493: GENOME NON_GENOME PIN 494 GENOME NON_GENOME PIN 495 GENOME NON_GENOME PIN 496 GENOME NON_GENOME PIN 497 GENOME NON_GENOME PIN 498 GENOME NON_GENOME PIN 499 GENOME NON_GENOME PIN 500 GENOME NON_GENOME PIN 501 GENOME NON_GENOME PIN 502 GENOME NON_GENOME PIN 503 GENOME NON_GENOME PIN 504
GENOME NON_GENOME PIN 494: GENOME NON_GENOME PIN 493
GENOME NON_GENOME PIN 495: GENOME NON_GENOME PIN 493
GENOME NON_GENOME PIN 496: GENOME NON_GENOME PIN 493
GENOME NON_GENOME PIN 497: GENOME NON_GENOME PIN 493
GENOME NON_GENOME PIN 498: GENOME NON_GENOME PIN 493
GENOME NON_GENOME PIN 499: GENOME NON_GENOME PIN 493
GENOME NON_GENOME PIN 500: GENOME NON_GENOME PIN 493
GENOME NON_GENOME PIN 501: GENOME NON_GENOME PIN 493
GENOME NON_GENOME PIN 502: GENOME NON_GENOME PIN 493
GENOME NON_GENOME PIN 503: GENOME NON_GENOME PIN 493
GENOME NON_GENOME PIN 504: GENOME NON_GENOME PIN 493
INST gameplay_screen__GB3 PIN 145: INST gameplay_screen__GB7 PIN 686 TYPE 0 INST gameplay_screen__GB0 PIN 988 TYPE 0 GENOME gameplay_screen__GB3 PIN 145
INST gameplay_screen__GB3 PIN 146: INST gameplay_screen__GB7 PIN 687 TYPE 0 INST gameplay_screen__GB0 PIN 989 TYPE 0 GENOME gameplay_screen__GB3 PIN 146
INST gameplay_screen__GB3 PIN 152: INST gameplay_screen__GB7 PIN 688 TYPE 0 INST gameplay_screen__GB5 PIN 534 TYPE 0 GENOME gameplay_screen__GB3 PIN 152
INST gameplay_screen__GB3 PIN 153: INST gameplay_screen__GB7 PIN 689 TYPE 0 INST gameplay_screen__GB5 PIN 535 TYPE 0 GENOME gameplay_screen__GB3 PIN 153
INST gameplay_screen__GB3 PIN 445: INST gameplay_screen__GB3 PIN 446 TYPE 2 INST gameplay_screen__GB1 PIN 442 TYPE 4 INST gameplay_screen__GB3 PIN 447 TYPE 2 INST gameplay_screen__GB1 PIN 443 TYPE 4 INST gameplay_screen__GB3 PIN 448 TYPE 2 INST gameplay_screen__GB1 PIN 444 TYPE 4 INST gameplay_screen__GB3 PIN 449 TYPE 2 INST gameplay_screen__GB1 PIN 445 TYPE 4 INST gameplay_screen__GB3 PIN 450 TYPE 2 INST gameplay_screen__GB1 PIN 446 TYPE 4 INST gameplay_screen__GB3 PIN 451 TYPE 2 INST gameplay_screen__GB1 PIN 447 TYPE 4 INST gameplay_screen__GB3 PIN 452 TYPE 2 INST gameplay_screen__GB1 PIN 448 TYPE 4 INST gameplay_screen__GB3 PIN 453 TYPE 2 INST gameplay_screen__GB1 PIN 449 TYPE 4 INST gameplay_screen__GB3 PIN 454 TYPE 2 INST gameplay_screen__GB1 PIN 450 TYPE 4 INST gameplay_screen__GB3 PIN 455 TYPE 2 INST gameplay_screen__GB1 PIN 451 TYPE 4 INST gameplay_screen__GB3 PIN 456 TYPE 2 INST gameplay_screen__GB1 PIN 452 TYPE 4
INST gameplay_screen__GB3 PIN 469: INST gameplay_screen__GB3 PIN 470 TYPE 2 INST gameplay_screen__GB1 PIN 454 TYPE 4 INST gameplay_screen__GB3 PIN 471 TYPE 2 INST gameplay_screen__GB1 PIN 455 TYPE 4 INST gameplay_screen__GB3 PIN 472 TYPE 2 INST gameplay_screen__GB1 PIN 456 TYPE 4 INST gameplay_screen__GB3 PIN 473 TYPE 2 INST gameplay_screen__GB1 PIN 457 TYPE 4 INST gameplay_screen__GB3 PIN 474 TYPE 2 INST gameplay_screen__GB1 PIN 458 TYPE 4 INST gameplay_screen__GB3 PIN 475 TYPE 2 INST gameplay_screen__GB1 PIN 459 TYPE 4 INST gameplay_screen__GB3 PIN 476 TYPE 2 INST gameplay_screen__GB1 PIN 460 TYPE 4 INST gameplay_screen__GB3 PIN 477 TYPE 2 INST gameplay_screen__GB1 PIN 461 TYPE 4 INST gameplay_screen__GB3 PIN 478 TYPE 2 INST gameplay_screen__GB1 PIN 462 TYPE 4 INST gameplay_screen__GB3 PIN 479 TYPE 2 INST gameplay_screen__GB1 PIN 463 TYPE 4 INST gameplay_screen__GB3 PIN 480 TYPE 2 INST gameplay_screen__GB1 PIN 464 TYPE 4
INST gameplay_screen__GB3 PIN 457: INST gameplay_screen__GB3 PIN 458 TYPE 2 INST gameplay_screen__GB1 PIN 466 TYPE 4 INST gameplay_screen__GB3 PIN 459 TYPE 2 INST gameplay_screen__GB1 PIN 467 TYPE 4 INST gameplay_screen__GB3 PIN 460 TYPE 2 INST gameplay_screen__GB1 PIN 468 TYPE 4 INST gameplay_screen__GB3 PIN 461 TYPE 2 INST gameplay_screen__GB1 PIN 469 TYPE 4 INST gameplay_screen__GB3 PIN 462 TYPE 2 INST gameplay_screen__GB1 PIN 470 TYPE 4 INST gameplay_screen__GB3 PIN 463 TYPE 2 INST gameplay_screen__GB1 PIN 471 TYPE 4 INST gameplay_screen__GB3 PIN 464 TYPE 2 INST gameplay_screen__GB1 PIN 472 TYPE 4 INST gameplay_screen__GB3 PIN 465 TYPE 2 INST gameplay_screen__GB1 PIN 473 TYPE 4 INST gameplay_screen__GB3 PIN 466 TYPE 2 INST gameplay_screen__GB1 PIN 474 TYPE 4 INST gameplay_screen__GB3 PIN 467 TYPE 2 INST gameplay_screen__GB1 PIN 475 TYPE 4 INST gameplay_screen__GB3 PIN 468 TYPE 2 INST gameplay_screen__GB1 PIN 476 TYPE 4
INST gameplay_screen__GB3 PIN 433: INST gameplay_screen__GB3 PIN 434 TYPE 2 INST gameplay_screen__GB1 PIN 478 TYPE 4 INST gameplay_screen__GB3 PIN 435 TYPE 2 INST gameplay_screen__GB1 PIN 479 TYPE 4 INST gameplay_screen__GB3 PIN 436 TYPE 2 INST gameplay_screen__GB1 PIN 480 TYPE 4 INST gameplay_screen__GB3 PIN 437 TYPE 2 INST gameplay_screen__GB1 PIN 481 TYPE 4 INST gameplay_screen__GB3 PIN 438 TYPE 2 INST gameplay_screen__GB1 PIN 482 TYPE 4 INST gameplay_screen__GB3 PIN 439 TYPE 2 INST gameplay_screen__GB1 PIN 483 TYPE 4 INST gameplay_screen__GB3 PIN 440 TYPE 2 INST gameplay_screen__GB1 PIN 484 TYPE 4 INST gameplay_screen__GB3 PIN 441 TYPE 2 INST gameplay_screen__GB1 PIN 485 TYPE 4 INST gameplay_screen__GB3 PIN 442 TYPE 2 INST gameplay_screen__GB1 PIN 486 TYPE 4 INST gameplay_screen__GB3 PIN 443 TYPE 2 INST gameplay_screen__GB1 PIN 487 TYPE 4 INST gameplay_screen__GB3 PIN 444 TYPE 2 INST gameplay_screen__GB1 PIN 488 TYPE 4
INST gameplay_screen__GB3 PIN 148: INST gameplay_screen__GB4 PIN 312 TYPE 0 INST gameplay_screen__GB1 PIN 508 TYPE 0 GENOME gameplay_screen__GB3 PIN 148
INST gameplay_screen__GB3 PIN 149: INST gameplay_screen__GB10 PIN 480 TYPE 0 INST gameplay_screen__GB5 PIN 531 TYPE 0 INST gameplay_screen__GB4 PIN 313 TYPE 0 GENOME gameplay_screen__GB3 PIN 149
INST gameplay_screen__GB3 PIN 151: INST gameplay_screen__GB10 PIN 481 TYPE 0 INST gameplay_screen__GB5 PIN 533 TYPE 0 INST gameplay_screen__GB0 PIN 991 TYPE 0 GENOME gameplay_screen__GB3 PIN 151
INST gameplay_screen__GB2 PIN 73: INST gameplay_screen__GB2 PIN 246 TYPE 2 INST gameplay_screen__GB11 PIN 260 TYPE 4 INST gameplay_screen__GB6 PIN 997 TYPE 4 INST gameplay_screen__GB2 PIN 343 TYPE 2 INST gameplay_screen__GB4 PIN 366 TYPE 4
INST gameplay_screen__GB3 PIN 144: INST gameplay_screen__GB5 PIN 529 TYPE 0 INST gameplay_screen__GB0 PIN 987 TYPE 0 GENOME gameplay_screen__GB3 PIN 144
INST gameplay_screen__GB3 PIN 150: INST gameplay_screen__GB5 PIN 532 TYPE 0 INST gameplay_screen__GB0 PIN 990 TYPE 0 GENOME gameplay_screen__GB3 PIN 150
INST gameplay_screen__GB3 PIN 147: INST gameplay_screen__GB5 PIN 530 TYPE 0 INST gameplay_screen__GB4 PIN 311 TYPE 0 GENOME gameplay_screen__GB3 PIN 147
INST gameplay_screen__GB2 PIN 72: INST gameplay_screen__GB2 PIN 342 TYPE 2 INST gameplay_screen__GB4 PIN 365 TYPE 4
INST gameplay_screen__GB2 PIN 233: INST gameplay_screen__GB2 PIN 353 TYPE 2 INST gameplay_screen__GB4 PIN 375 TYPE 4
INST gameplay_screen__GB2 PIN 223: INST gameplay_screen__GB2 PIN 354 TYPE 2 INST gameplay_screen__GB4 PIN 376 TYPE 4 INST gameplay_screen__GB2 PIN 234 TYPE 2 INST gameplay_screen__GB6 PIN 769 TYPE 4
INST gameplay_screen__GB2 PIN 188: INST gameplay_screen__GB2 PIN 367 TYPE 2 INST gameplay_screen__GB4 PIN 385 TYPE 4
INST gameplay_screen__GB2 PIN 178: INST gameplay_screen__GB2 PIN 368 TYPE 2 INST gameplay_screen__GB4 PIN 386 TYPE 4 INST gameplay_screen__GB2 PIN 189 TYPE 2 INST gameplay_screen__GB6 PIN 1009 TYPE 4
INST gameplay_screen__GB3 PIN 369: INST gameplay_screen__GB3 PIN 370 TYPE 2 INST gameplay_screen__GB4 PIN 420 TYPE 4 INST gameplay_screen__GB3 PIN 371 TYPE 2 INST gameplay_screen__GB4 PIN 421 TYPE 4 INST gameplay_screen__GB3 PIN 372 TYPE 2 INST gameplay_screen__GB4 PIN 422 TYPE 4 INST gameplay_screen__GB3 PIN 373 TYPE 2 INST gameplay_screen__GB4 PIN 423 TYPE 4 INST gameplay_screen__GB3 PIN 374 TYPE 2 INST gameplay_screen__GB4 PIN 424 TYPE 4 INST gameplay_screen__GB3 PIN 375 TYPE 2 INST gameplay_screen__GB4 PIN 425 TYPE 4 INST gameplay_screen__GB3 PIN 376 TYPE 2 INST gameplay_screen__GB4 PIN 426 TYPE 4 INST gameplay_screen__GB3 PIN 377 TYPE 2 INST gameplay_screen__GB4 PIN 427 TYPE 4 INST gameplay_screen__GB3 PIN 378 TYPE 2 INST gameplay_screen__GB4 PIN 428 TYPE 4 INST gameplay_screen__GB3 PIN 379 TYPE 2 INST gameplay_screen__GB4 PIN 429 TYPE 4 INST gameplay_screen__GB3 PIN 380 TYPE 2 INST gameplay_screen__GB4 PIN 430 TYPE 4
INST gameplay_screen__GB3 PIN 381: INST gameplay_screen__GB3 PIN 382 TYPE 2 INST gameplay_screen__GB4 PIN 432 TYPE 4 INST gameplay_screen__GB3 PIN 383 TYPE 2 INST gameplay_screen__GB4 PIN 433 TYPE 4 INST gameplay_screen__GB3 PIN 384 TYPE 2 INST gameplay_screen__GB4 PIN 434 TYPE 4 INST gameplay_screen__GB3 PIN 385 TYPE 2 INST gameplay_screen__GB4 PIN 435 TYPE 4 INST gameplay_screen__GB3 PIN 386 TYPE 2 INST gameplay_screen__GB4 PIN 436 TYPE 4 INST gameplay_screen__GB3 PIN 387 TYPE 2 INST gameplay_screen__GB4 PIN 437 TYPE 4 INST gameplay_screen__GB3 PIN 388 TYPE 2 INST gameplay_screen__GB4 PIN 438 TYPE 4 INST gameplay_screen__GB3 PIN 389 TYPE 2 INST gameplay_screen__GB4 PIN 439 TYPE 4 INST gameplay_screen__GB3 PIN 390 TYPE 2 INST gameplay_screen__GB4 PIN 440 TYPE 4 INST gameplay_screen__GB3 PIN 391 TYPE 2 INST gameplay_screen__GB4 PIN 441 TYPE 4 INST gameplay_screen__GB3 PIN 392 TYPE 2 INST gameplay_screen__GB4 PIN 442 TYPE 4
INST gameplay_screen__GB1 PIN 191: INST gameplay_screen__GB1 PIN 192 TYPE 2 INST gameplay_screen__GB4 PIN 444 TYPE 4 INST gameplay_screen__GB1 PIN 193 TYPE 2 INST gameplay_screen__GB4 PIN 445 TYPE 4 INST gameplay_screen__GB1 PIN 194 TYPE 2 INST gameplay_screen__GB4 PIN 446 TYPE 4 INST gameplay_screen__GB1 PIN 195 TYPE 2 INST gameplay_screen__GB4 PIN 447 TYPE 4 INST gameplay_screen__GB1 PIN 196 TYPE 2 INST gameplay_screen__GB4 PIN 448 TYPE 4 INST gameplay_screen__GB1 PIN 197 TYPE 2 INST gameplay_screen__GB4 PIN 449 TYPE 4 INST gameplay_screen__GB1 PIN 198 TYPE 2 INST gameplay_screen__GB4 PIN 450 TYPE 4 INST gameplay_screen__GB1 PIN 199 TYPE 2 INST gameplay_screen__GB4 PIN 451 TYPE 4 INST gameplay_screen__GB1 PIN 200 TYPE 2 INST gameplay_screen__GB4 PIN 452 TYPE 4 INST gameplay_screen__GB1 PIN 201 TYPE 2 INST gameplay_screen__GB4 PIN 453 TYPE 4 INST gameplay_screen__GB1 PIN 202 TYPE 2 INST gameplay_screen__GB4 PIN 454 TYPE 4
INST gameplay_screen__GB3 PIN 421: INST gameplay_screen__GB3 PIN 422 TYPE 2 INST gameplay_screen__GB4 PIN 456 TYPE 4 INST gameplay_screen__GB3 PIN 423 TYPE 2 INST gameplay_screen__GB4 PIN 457 TYPE 4 INST gameplay_screen__GB3 PIN 424 TYPE 2 INST gameplay_screen__GB4 PIN 458 TYPE 4 INST gameplay_screen__GB3 PIN 425 TYPE 2 INST gameplay_screen__GB4 PIN 459 TYPE 4 INST gameplay_screen__GB3 PIN 426 TYPE 2 INST gameplay_screen__GB4 PIN 460 TYPE 4 INST gameplay_screen__GB3 PIN 427 TYPE 2 INST gameplay_screen__GB4 PIN 461 TYPE 4 INST gameplay_screen__GB3 PIN 428 TYPE 2 INST gameplay_screen__GB4 PIN 462 TYPE 4 INST gameplay_screen__GB3 PIN 429 TYPE 2 INST gameplay_screen__GB4 PIN 463 TYPE 4 INST gameplay_screen__GB3 PIN 430 TYPE 2 INST gameplay_screen__GB4 PIN 464 TYPE 4 INST gameplay_screen__GB3 PIN 431 TYPE 2 INST gameplay_screen__GB4 PIN 465 TYPE 4 INST gameplay_screen__GB3 PIN 432 TYPE 2 INST gameplay_screen__GB4 PIN 466 TYPE 4
INST gameplay_screen__GB3 PIN 493: INST gameplay_screen__GB3 PIN 494 TYPE 2 INST gameplay_screen__GB4 PIN 468 TYPE 4 INST gameplay_screen__GB3 PIN 495 TYPE 2 INST gameplay_screen__GB4 PIN 469 TYPE 4 INST gameplay_screen__GB3 PIN 496 TYPE 2 INST gameplay_screen__GB4 PIN 470 TYPE 4 INST gameplay_screen__GB3 PIN 497 TYPE 2 INST gameplay_screen__GB4 PIN 471 TYPE 4 INST gameplay_screen__GB3 PIN 498 TYPE 2 INST gameplay_screen__GB4 PIN 472 TYPE 4 INST gameplay_screen__GB3 PIN 499 TYPE 2 INST gameplay_screen__GB4 PIN 473 TYPE 4 INST gameplay_screen__GB3 PIN 500 TYPE 2 INST gameplay_screen__GB4 PIN 474 TYPE 4 INST gameplay_screen__GB3 PIN 501 TYPE 2 INST gameplay_screen__GB4 PIN 475 TYPE 4 INST gameplay_screen__GB3 PIN 502 TYPE 2 INST gameplay_screen__GB4 PIN 476 TYPE 4 INST gameplay_screen__GB3 PIN 503 TYPE 2 INST gameplay_screen__GB4 PIN 477 TYPE 4 INST gameplay_screen__GB3 PIN 504 TYPE 2 INST gameplay_screen__GB4 PIN 478 TYPE 4
INST gameplay_screen__GB3 PIN 481: INST gameplay_screen__GB3 PIN 482 TYPE 2 INST gameplay_screen__GB4 PIN 480 TYPE 4 INST gameplay_screen__GB3 PIN 483 TYPE 2 INST gameplay_screen__GB4 PIN 481 TYPE 4 INST gameplay_screen__GB3 PIN 484 TYPE 2 INST gameplay_screen__GB4 PIN 482 TYPE 4 INST gameplay_screen__GB3 PIN 485 TYPE 2 INST gameplay_screen__GB4 PIN 483 TYPE 4 INST gameplay_screen__GB3 PIN 486 TYPE 2 INST gameplay_screen__GB4 PIN 484 TYPE 4 INST gameplay_screen__GB3 PIN 487 TYPE 2 INST gameplay_screen__GB4 PIN 485 TYPE 4 INST gameplay_screen__GB3 PIN 488 TYPE 2 INST gameplay_screen__GB4 PIN 486 TYPE 4 INST gameplay_screen__GB3 PIN 489 TYPE 2 INST gameplay_screen__GB4 PIN 487 TYPE 4 INST gameplay_screen__GB3 PIN 490 TYPE 2 INST gameplay_screen__GB4 PIN 488 TYPE 4 INST gameplay_screen__GB3 PIN 491 TYPE 2 INST gameplay_screen__GB4 PIN 489 TYPE 4 INST gameplay_screen__GB3 PIN 492 TYPE 2 INST gameplay_screen__GB4 PIN 490 TYPE 4
INST gameplay_screen__GB3 PIN 409: INST gameplay_screen__GB3 PIN 410 TYPE 2 INST gameplay_screen__GB4 PIN 492 TYPE 4 INST gameplay_screen__GB3 PIN 411 TYPE 2 INST gameplay_screen__GB4 PIN 493 TYPE 4 INST gameplay_screen__GB3 PIN 412 TYPE 2 INST gameplay_screen__GB4 PIN 494 TYPE 4 INST gameplay_screen__GB3 PIN 413 TYPE 2 INST gameplay_screen__GB4 PIN 495 TYPE 4 INST gameplay_screen__GB3 PIN 414 TYPE 2 INST gameplay_screen__GB4 PIN 496 TYPE 4 INST gameplay_screen__GB3 PIN 415 TYPE 2 INST gameplay_screen__GB4 PIN 497 TYPE 4 INST gameplay_screen__GB3 PIN 416 TYPE 2 INST gameplay_screen__GB4 PIN 498 TYPE 4 INST gameplay_screen__GB3 PIN 417 TYPE 2 INST gameplay_screen__GB4 PIN 499 TYPE 4 INST gameplay_screen__GB3 PIN 418 TYPE 2 INST gameplay_screen__GB4 PIN 500 TYPE 4 INST gameplay_screen__GB3 PIN 419 TYPE 2 INST gameplay_screen__GB4 PIN 501 TYPE 4 INST gameplay_screen__GB3 PIN 420 TYPE 2 INST gameplay_screen__GB4 PIN 502 TYPE 4
INST gameplay_screen__GB3 PIN 393: INST gameplay_screen__GB3 PIN 394 TYPE 2 INST gameplay_screen__GB4 PIN 504 TYPE 4 INST gameplay_screen__GB3 PIN 395 TYPE 2 INST gameplay_screen__GB4 PIN 505 TYPE 4 INST gameplay_screen__GB3 PIN 396 TYPE 2 INST gameplay_screen__GB4 PIN 506 TYPE 4 INST gameplay_screen__GB3 PIN 397 TYPE 2 INST gameplay_screen__GB4 PIN 507 TYPE 4 INST gameplay_screen__GB3 PIN 398 TYPE 2 INST gameplay_screen__GB4 PIN 508 TYPE 4 INST gameplay_screen__GB3 PIN 399 TYPE 2 INST gameplay_screen__GB4 PIN 509 TYPE 4 INST gameplay_screen__GB3 PIN 400 TYPE 2 INST gameplay_screen__GB4 PIN 510 TYPE 4 INST gameplay_screen__GB3 PIN 401 TYPE 2 INST gameplay_screen__GB4 PIN 511 TYPE 4 INST gameplay_screen__GB3 PIN 402 TYPE 2 INST gameplay_screen__GB4 PIN 512 TYPE 4 INST gameplay_screen__GB3 PIN 403 TYPE 2 INST gameplay_screen__GB4 PIN 513 TYPE 4 INST gameplay_screen__GB3 PIN 404 TYPE 2 INST gameplay_screen__GB4 PIN 514 TYPE 4
INST gameplay_screen__GB1 PIN 179: INST gameplay_screen__GB1 PIN 180 TYPE 2 INST gameplay_screen__GB4 PIN 516 TYPE 4 INST gameplay_screen__GB1 PIN 181 TYPE 2 INST gameplay_screen__GB4 PIN 517 TYPE 4 INST gameplay_screen__GB1 PIN 182 TYPE 2 INST gameplay_screen__GB4 PIN 518 TYPE 4 INST gameplay_screen__GB1 PIN 183 TYPE 2 INST gameplay_screen__GB4 PIN 519 TYPE 4 INST gameplay_screen__GB1 PIN 184 TYPE 2 INST gameplay_screen__GB4 PIN 520 TYPE 4 INST gameplay_screen__GB1 PIN 185 TYPE 2 INST gameplay_screen__GB4 PIN 521 TYPE 4 INST gameplay_screen__GB1 PIN 186 TYPE 2 INST gameplay_screen__GB4 PIN 522 TYPE 4 INST gameplay_screen__GB1 PIN 187 TYPE 2 INST gameplay_screen__GB4 PIN 523 TYPE 4 INST gameplay_screen__GB1 PIN 188 TYPE 2 INST gameplay_screen__GB4 PIN 524 TYPE 4 INST gameplay_screen__GB1 PIN 189 TYPE 2 INST gameplay_screen__GB4 PIN 525 TYPE 4 INST gameplay_screen__GB1 PIN 190 TYPE 2 INST gameplay_screen__GB4 PIN 526 TYPE 4
INST gameplay_screen__GB1 PIN 167: INST gameplay_screen__GB1 PIN 168 TYPE 2 INST gameplay_screen__GB4 PIN 528 TYPE 4 INST gameplay_screen__GB1 PIN 169 TYPE 2 INST gameplay_screen__GB4 PIN 529 TYPE 4 INST gameplay_screen__GB1 PIN 170 TYPE 2 INST gameplay_screen__GB4 PIN 530 TYPE 4 INST gameplay_screen__GB1 PIN 171 TYPE 2 INST gameplay_screen__GB4 PIN 531 TYPE 4 INST gameplay_screen__GB1 PIN 172 TYPE 2 INST gameplay_screen__GB4 PIN 532 TYPE 4 INST gameplay_screen__GB1 PIN 173 TYPE 2 INST gameplay_screen__GB4 PIN 533 TYPE 4 INST gameplay_screen__GB1 PIN 174 TYPE 2 INST gameplay_screen__GB4 PIN 534 TYPE 4 INST gameplay_screen__GB1 PIN 175 TYPE 2 INST gameplay_screen__GB4 PIN 535 TYPE 4 INST gameplay_screen__GB1 PIN 176 TYPE 2 INST gameplay_screen__GB4 PIN 536 TYPE 4 INST gameplay_screen__GB1 PIN 177 TYPE 2 INST gameplay_screen__GB4 PIN 537 TYPE 4 INST gameplay_screen__GB1 PIN 178 TYPE 2 INST gameplay_screen__GB4 PIN 538 TYPE 4
INST gameplay_screen__GB3 PIN 249: INST gameplay_screen__GB3 PIN 250 TYPE 2 INST gameplay_screen__GB4 PIN 600 TYPE 4 INST gameplay_screen__GB3 PIN 251 TYPE 2 INST gameplay_screen__GB4 PIN 601 TYPE 4 INST gameplay_screen__GB3 PIN 252 TYPE 2 INST gameplay_screen__GB4 PIN 602 TYPE 4 INST gameplay_screen__GB3 PIN 253 TYPE 2 INST gameplay_screen__GB4 PIN 603 TYPE 4 INST gameplay_screen__GB3 PIN 254 TYPE 2 INST gameplay_screen__GB4 PIN 604 TYPE 4 INST gameplay_screen__GB3 PIN 255 TYPE 2 INST gameplay_screen__GB4 PIN 605 TYPE 4 INST gameplay_screen__GB3 PIN 256 TYPE 2 INST gameplay_screen__GB4 PIN 606 TYPE 4 INST gameplay_screen__GB3 PIN 257 TYPE 2 INST gameplay_screen__GB4 PIN 607 TYPE 4 INST gameplay_screen__GB3 PIN 258 TYPE 2 INST gameplay_screen__GB4 PIN 608 TYPE 4 INST gameplay_screen__GB3 PIN 259 TYPE 2 INST gameplay_screen__GB4 PIN 609 TYPE 4 INST gameplay_screen__GB3 PIN 260 TYPE 2 INST gameplay_screen__GB4 PIN 610 TYPE 4
INST gameplay_screen__GB3 PIN 261: INST gameplay_screen__GB3 PIN 262 TYPE 2 INST gameplay_screen__GB4 PIN 672 TYPE 4 INST gameplay_screen__GB3 PIN 263 TYPE 2 INST gameplay_screen__GB4 PIN 673 TYPE 4 INST gameplay_screen__GB3 PIN 264 TYPE 2 INST gameplay_screen__GB4 PIN 674 TYPE 4 INST gameplay_screen__GB3 PIN 265 TYPE 2 INST gameplay_screen__GB4 PIN 675 TYPE 4 INST gameplay_screen__GB3 PIN 266 TYPE 2 INST gameplay_screen__GB4 PIN 676 TYPE 4 INST gameplay_screen__GB3 PIN 267 TYPE 2 INST gameplay_screen__GB4 PIN 677 TYPE 4 INST gameplay_screen__GB3 PIN 268 TYPE 2 INST gameplay_screen__GB4 PIN 678 TYPE 4 INST gameplay_screen__GB3 PIN 269 TYPE 2 INST gameplay_screen__GB4 PIN 679 TYPE 4 INST gameplay_screen__GB3 PIN 270 TYPE 2 INST gameplay_screen__GB4 PIN 680 TYPE 4 INST gameplay_screen__GB3 PIN 271 TYPE 2 INST gameplay_screen__GB4 PIN 681 TYPE 4 INST gameplay_screen__GB3 PIN 272 TYPE 2 INST gameplay_screen__GB4 PIN 682 TYPE 4
INST gameplay_screen__GB1 PIN 15: INST gameplay_screen__GB1 PIN 131 TYPE 2 INST gameplay_screen__GB4 PIN 752 TYPE 4
INST gameplay_screen__GB2 PIN 301: INST gameplay_screen__GB4 PIN 820 TYPE 0 GENOME gameplay_screen__GB2 PIN 301
INST gameplay_screen__GB2 PIN 302: INST gameplay_screen__GB4 PIN 821 TYPE 0 GENOME gameplay_screen__GB2 PIN 302
INST gameplay_screen__GB2 PIN 303: INST gameplay_screen__GB4 PIN 822 TYPE 0 GENOME gameplay_screen__GB2 PIN 303
INST gameplay_screen__GB2 PIN 304: INST gameplay_screen__GB4 PIN 823 TYPE 1 GENOME gameplay_screen__GB2 PIN 304
INST gameplay_screen__GB2 PIN 305: INST gameplay_screen__GB4 PIN 824 TYPE 0 GENOME gameplay_screen__GB2 PIN 305
INST gameplay_screen__GB2 PIN 306: INST gameplay_screen__GB4 PIN 825 TYPE 0 GENOME gameplay_screen__GB2 PIN 306
INST gameplay_screen__GB2 PIN 307: INST gameplay_screen__GB4 PIN 826 TYPE 0 GENOME gameplay_screen__GB2 PIN 307
INST gameplay_screen__GB2 PIN 308: INST gameplay_screen__GB4 PIN 827 TYPE 1 GENOME gameplay_screen__GB2 PIN 308
INST gameplay_screen__GB2 PIN 309: INST gameplay_screen__GB4 PIN 828 TYPE 1 GENOME gameplay_screen__GB2 PIN 309
INST gameplay_screen__GB2 PIN 310: INST gameplay_screen__GB4 PIN 829 TYPE 0 GENOME gameplay_screen__GB2 PIN 310
INST gameplay_screen__GB2 PIN 52: INST gameplay_screen__GB6 PIN 717 TYPE 0 GENOME gameplay_screen__GB2 PIN 52
INST gameplay_screen__GB2 PIN 53: INST gameplay_screen__GB6 PIN 718 TYPE 0 GENOME gameplay_screen__GB2 PIN 53
INST gameplay_screen__GB2 PIN 54: INST gameplay_screen__GB6 PIN 719 TYPE 0 GENOME gameplay_screen__GB2 PIN 54
INST gameplay_screen__GB2 PIN 55: INST gameplay_screen__GB6 PIN 720 TYPE 1 GENOME gameplay_screen__GB2 PIN 55
INST gameplay_screen__GB2 PIN 56: INST gameplay_screen__GB6 PIN 721 TYPE 0 GENOME gameplay_screen__GB2 PIN 56
INST gameplay_screen__GB2 PIN 57: INST gameplay_screen__GB6 PIN 722 TYPE 1 GENOME gameplay_screen__GB2 PIN 57
INST gameplay_screen__GB2 PIN 58: INST gameplay_screen__GB6 PIN 723 TYPE 1 GENOME gameplay_screen__GB2 PIN 58
INST gameplay_screen__GB2 PIN 59: INST gameplay_screen__GB6 PIN 724 TYPE 0 GENOME gameplay_screen__GB2 PIN 59
INST gameplay_screen__GB2 PIN 60: INST gameplay_screen__GB6 PIN 725 TYPE 1 GENOME gameplay_screen__GB2 PIN 60
INST gameplay_screen__GB2 PIN 61: INST gameplay_screen__GB6 PIN 726 TYPE 0 GENOME gameplay_screen__GB2 PIN 61
INST gameplay_screen__GB2 PIN 12: INST gameplay_screen__GB6 PIN 728 TYPE 0 GENOME gameplay_screen__GB2 PIN 12
INST gameplay_screen__GB2 PIN 13: INST gameplay_screen__GB6 PIN 729 TYPE 0 GENOME gameplay_screen__GB2 PIN 13
INST gameplay_screen__GB2 PIN 14: INST gameplay_screen__GB6 PIN 730 TYPE 0 GENOME gameplay_screen__GB2 PIN 14
INST gameplay_screen__GB2 PIN 15: INST gameplay_screen__GB6 PIN 731 TYPE 1 GENOME gameplay_screen__GB2 PIN 15
INST gameplay_screen__GB2 PIN 16: INST gameplay_screen__GB6 PIN 732 TYPE 1 GENOME gameplay_screen__GB2 PIN 16
INST gameplay_screen__GB2 PIN 17: INST gameplay_screen__GB6 PIN 733 TYPE 0 GENOME gameplay_screen__GB2 PIN 17
INST gameplay_screen__GB2 PIN 18: INST gameplay_screen__GB6 PIN 734 TYPE 0 GENOME gameplay_screen__GB2 PIN 18
INST gameplay_screen__GB2 PIN 19: INST gameplay_screen__GB6 PIN 735 TYPE 1 GENOME gameplay_screen__GB2 PIN 19
INST gameplay_screen__GB2 PIN 20: INST gameplay_screen__GB6 PIN 736 TYPE 0 GENOME gameplay_screen__GB2 PIN 20
INST gameplay_screen__GB2 PIN 21: INST gameplay_screen__GB6 PIN 737 TYPE 0 GENOME gameplay_screen__GB2 PIN 21
INST gameplay_screen__GB2 PIN 8: INST gameplay_screen__GB2 PIN 40 TYPE 2 INST gameplay_screen__GB6 PIN 950 TYPE 4
INST gameplay_screen__GB2 PIN 9: INST gameplay_screen__GB2 PIN 41 TYPE 2 INST gameplay_screen__GB6 PIN 951 TYPE 4 INST gameplay_screen__GB2 PIN 31 TYPE 2 INST gameplay_screen__GB6 PIN 961 TYPE 4
INST gameplay_screen__GB4 PIN 99: INST gameplay_screen__GB2 PIN 102 TYPE 3 INST gameplay_screen__GB6 PIN 1152 TYPE 4
INST gameplay_screen__GB4 PIN 100: INST gameplay_screen__GB2 PIN 103 TYPE 3 INST gameplay_screen__GB6 PIN 1153 TYPE 4 INST gameplay_screen__GB2 PIN 92 TYPE 3 INST gameplay_screen__GB6 PIN 1163 TYPE 4
INST gameplay_screen__GB4 PIN 65: INST gameplay_screen__GB2 PIN 141 TYPE 3 INST gameplay_screen__GB6 PIN 1268 TYPE 4 INST gameplay_screen__GB2 PIN 130 TYPE 3 INST gameplay_screen__GB6 PIN 1278 TYPE 4
INST gameplay_screen__GB4 PIN 64: INST gameplay_screen__GB2 PIN 129 TYPE 3 INST gameplay_screen__GB6 PIN 1277 TYPE 4
INST gameplay_screen__GB3 PIN 250: GENOME gameplay_screen__GB3 PIN 250
INST gameplay_screen__GB3 PIN 251: GENOME gameplay_screen__GB3 PIN 251
INST gameplay_screen__GB3 PIN 252: GENOME gameplay_screen__GB3 PIN 252
INST gameplay_screen__GB3 PIN 253: GENOME gameplay_screen__GB3 PIN 253
INST gameplay_screen__GB3 PIN 254: GENOME gameplay_screen__GB3 PIN 254
INST gameplay_screen__GB3 PIN 255: GENOME gameplay_screen__GB3 PIN 255
INST gameplay_screen__GB3 PIN 256: GENOME gameplay_screen__GB3 PIN 256
INST gameplay_screen__GB3 PIN 257: GENOME gameplay_screen__GB3 PIN 257
INST gameplay_screen__GB3 PIN 258: GENOME gameplay_screen__GB3 PIN 258
INST gameplay_screen__GB3 PIN 259: GENOME gameplay_screen__GB3 PIN 259
INST gameplay_screen__GB3 PIN 260: GENOME gameplay_screen__GB3 PIN 260
INST gameplay_screen__GB3 PIN 262: GENOME gameplay_screen__GB3 PIN 262
INST gameplay_screen__GB3 PIN 263: GENOME gameplay_screen__GB3 PIN 263
INST gameplay_screen__GB3 PIN 264: GENOME gameplay_screen__GB3 PIN 264
INST gameplay_screen__GB3 PIN 265: GENOME gameplay_screen__GB3 PIN 265
INST gameplay_screen__GB3 PIN 266: GENOME gameplay_screen__GB3 PIN 266
INST gameplay_screen__GB3 PIN 267: GENOME gameplay_screen__GB3 PIN 267
INST gameplay_screen__GB3 PIN 268: GENOME gameplay_screen__GB3 PIN 268
INST gameplay_screen__GB3 PIN 269: GENOME gameplay_screen__GB3 PIN 269
INST gameplay_screen__GB3 PIN 270: GENOME gameplay_screen__GB3 PIN 270
INST gameplay_screen__GB3 PIN 271: GENOME gameplay_screen__GB3 PIN 271
INST gameplay_screen__GB3 PIN 272: GENOME gameplay_screen__GB3 PIN 272
INST gameplay_screen__GB3 PIN 370: GENOME gameplay_screen__GB3 PIN 370
INST gameplay_screen__GB3 PIN 371: GENOME gameplay_screen__GB3 PIN 371
INST gameplay_screen__GB3 PIN 372: GENOME gameplay_screen__GB3 PIN 372
INST gameplay_screen__GB3 PIN 373: GENOME gameplay_screen__GB3 PIN 373
INST gameplay_screen__GB3 PIN 374: GENOME gameplay_screen__GB3 PIN 374
INST gameplay_screen__GB3 PIN 375: GENOME gameplay_screen__GB3 PIN 375
INST gameplay_screen__GB3 PIN 376: GENOME gameplay_screen__GB3 PIN 376
INST gameplay_screen__GB3 PIN 377: GENOME gameplay_screen__GB3 PIN 377
INST gameplay_screen__GB3 PIN 378: GENOME gameplay_screen__GB3 PIN 378
INST gameplay_screen__GB3 PIN 379: GENOME gameplay_screen__GB3 PIN 379
INST gameplay_screen__GB3 PIN 380: GENOME gameplay_screen__GB3 PIN 380
INST gameplay_screen__GB3 PIN 382: GENOME gameplay_screen__GB3 PIN 382
INST gameplay_screen__GB3 PIN 383: GENOME gameplay_screen__GB3 PIN 383
INST gameplay_screen__GB3 PIN 384: GENOME gameplay_screen__GB3 PIN 384
INST gameplay_screen__GB3 PIN 385: GENOME gameplay_screen__GB3 PIN 385
INST gameplay_screen__GB3 PIN 386: GENOME gameplay_screen__GB3 PIN 386
INST gameplay_screen__GB3 PIN 387: GENOME gameplay_screen__GB3 PIN 387
INST gameplay_screen__GB3 PIN 388: GENOME gameplay_screen__GB3 PIN 388
INST gameplay_screen__GB3 PIN 389: GENOME gameplay_screen__GB3 PIN 389
INST gameplay_screen__GB3 PIN 390: GENOME gameplay_screen__GB3 PIN 390
INST gameplay_screen__GB3 PIN 391: GENOME gameplay_screen__GB3 PIN 391
INST gameplay_screen__GB3 PIN 392: GENOME gameplay_screen__GB3 PIN 392
INST gameplay_screen__GB3 PIN 394: GENOME gameplay_screen__GB3 PIN 394
INST gameplay_screen__GB3 PIN 395: GENOME gameplay_screen__GB3 PIN 395
INST gameplay_screen__GB3 PIN 396: GENOME gameplay_screen__GB3 PIN 396
INST gameplay_screen__GB3 PIN 397: GENOME gameplay_screen__GB3 PIN 397
INST gameplay_screen__GB3 PIN 398: GENOME gameplay_screen__GB3 PIN 398
INST gameplay_screen__GB3 PIN 399: GENOME gameplay_screen__GB3 PIN 399
INST gameplay_screen__GB3 PIN 400: GENOME gameplay_screen__GB3 PIN 400
INST gameplay_screen__GB3 PIN 401: GENOME gameplay_screen__GB3 PIN 401
INST gameplay_screen__GB3 PIN 402: GENOME gameplay_screen__GB3 PIN 402
INST gameplay_screen__GB3 PIN 403: GENOME gameplay_screen__GB3 PIN 403
INST gameplay_screen__GB3 PIN 404: GENOME gameplay_screen__GB3 PIN 404
INST gameplay_screen__GB3 PIN 410: GENOME gameplay_screen__GB3 PIN 410
INST gameplay_screen__GB3 PIN 411: GENOME gameplay_screen__GB3 PIN 411
INST gameplay_screen__GB3 PIN 412: GENOME gameplay_screen__GB3 PIN 412
INST gameplay_screen__GB3 PIN 413: GENOME gameplay_screen__GB3 PIN 413
INST gameplay_screen__GB3 PIN 414: GENOME gameplay_screen__GB3 PIN 414
INST gameplay_screen__GB3 PIN 415: GENOME gameplay_screen__GB3 PIN 415
INST gameplay_screen__GB3 PIN 416: GENOME gameplay_screen__GB3 PIN 416
INST gameplay_screen__GB3 PIN 417: GENOME gameplay_screen__GB3 PIN 417
INST gameplay_screen__GB3 PIN 418: GENOME gameplay_screen__GB3 PIN 418
INST gameplay_screen__GB3 PIN 419: GENOME gameplay_screen__GB3 PIN 419
INST gameplay_screen__GB3 PIN 420: GENOME gameplay_screen__GB3 PIN 420
INST gameplay_screen__GB3 PIN 422: GENOME gameplay_screen__GB3 PIN 422
INST gameplay_screen__GB3 PIN 423: GENOME gameplay_screen__GB3 PIN 423
INST gameplay_screen__GB3 PIN 424: GENOME gameplay_screen__GB3 PIN 424
INST gameplay_screen__GB3 PIN 425: GENOME gameplay_screen__GB3 PIN 425
INST gameplay_screen__GB3 PIN 426: GENOME gameplay_screen__GB3 PIN 426
INST gameplay_screen__GB3 PIN 427: GENOME gameplay_screen__GB3 PIN 427
INST gameplay_screen__GB3 PIN 428: GENOME gameplay_screen__GB3 PIN 428
INST gameplay_screen__GB3 PIN 429: GENOME gameplay_screen__GB3 PIN 429
INST gameplay_screen__GB3 PIN 430: GENOME gameplay_screen__GB3 PIN 430
INST gameplay_screen__GB3 PIN 431: GENOME gameplay_screen__GB3 PIN 431
INST gameplay_screen__GB3 PIN 432: GENOME gameplay_screen__GB3 PIN 432
INST gameplay_screen__GB3 PIN 434: GENOME gameplay_screen__GB3 PIN 434
INST gameplay_screen__GB3 PIN 435: GENOME gameplay_screen__GB3 PIN 435
INST gameplay_screen__GB3 PIN 436: GENOME gameplay_screen__GB3 PIN 436
INST gameplay_screen__GB3 PIN 437: GENOME gameplay_screen__GB3 PIN 437
INST gameplay_screen__GB3 PIN 438: GENOME gameplay_screen__GB3 PIN 438
INST gameplay_screen__GB3 PIN 439: GENOME gameplay_screen__GB3 PIN 439
INST gameplay_screen__GB3 PIN 440: GENOME gameplay_screen__GB3 PIN 440
INST gameplay_screen__GB3 PIN 441: GENOME gameplay_screen__GB3 PIN 441
INST gameplay_screen__GB3 PIN 442: GENOME gameplay_screen__GB3 PIN 442
INST gameplay_screen__GB3 PIN 443: GENOME gameplay_screen__GB3 PIN 443
INST gameplay_screen__GB3 PIN 444: GENOME gameplay_screen__GB3 PIN 444
INST gameplay_screen__GB3 PIN 446: GENOME gameplay_screen__GB3 PIN 446
INST gameplay_screen__GB3 PIN 447: GENOME gameplay_screen__GB3 PIN 447
INST gameplay_screen__GB3 PIN 448: GENOME gameplay_screen__GB3 PIN 448
INST gameplay_screen__GB3 PIN 449: GENOME gameplay_screen__GB3 PIN 449
INST gameplay_screen__GB3 PIN 450: GENOME gameplay_screen__GB3 PIN 450
INST gameplay_screen__GB3 PIN 451: GENOME gameplay_screen__GB3 PIN 451
INST gameplay_screen__GB3 PIN 452: GENOME gameplay_screen__GB3 PIN 452
INST gameplay_screen__GB3 PIN 453: GENOME gameplay_screen__GB3 PIN 453
INST gameplay_screen__GB3 PIN 454: GENOME gameplay_screen__GB3 PIN 454
INST gameplay_screen__GB3 PIN 455: GENOME gameplay_screen__GB3 PIN 455
INST gameplay_screen__GB3 PIN 456: GENOME gameplay_screen__GB3 PIN 456
INST gameplay_screen__GB3 PIN 458: GENOME gameplay_screen__GB3 PIN 458
INST gameplay_screen__GB3 PIN 459: GENOME gameplay_screen__GB3 PIN 459
INST gameplay_screen__GB3 PIN 460: GENOME gameplay_screen__GB3 PIN 460
INST gameplay_screen__GB3 PIN 461: GENOME gameplay_screen__GB3 PIN 461
INST gameplay_screen__GB3 PIN 462: GENOME gameplay_screen__GB3 PIN 462
INST gameplay_screen__GB3 PIN 463: GENOME gameplay_screen__GB3 PIN 463
INST gameplay_screen__GB3 PIN 464: GENOME gameplay_screen__GB3 PIN 464
INST gameplay_screen__GB3 PIN 465: GENOME gameplay_screen__GB3 PIN 465
INST gameplay_screen__GB3 PIN 466: GENOME gameplay_screen__GB3 PIN 466
INST gameplay_screen__GB3 PIN 467: GENOME gameplay_screen__GB3 PIN 467
INST gameplay_screen__GB3 PIN 468: GENOME gameplay_screen__GB3 PIN 468
INST gameplay_screen__GB3 PIN 470: GENOME gameplay_screen__GB3 PIN 470
INST gameplay_screen__GB3 PIN 471: GENOME gameplay_screen__GB3 PIN 471
INST gameplay_screen__GB3 PIN 472: GENOME gameplay_screen__GB3 PIN 472
INST gameplay_screen__GB3 PIN 473: GENOME gameplay_screen__GB3 PIN 473
INST gameplay_screen__GB3 PIN 474: GENOME gameplay_screen__GB3 PIN 474
INST gameplay_screen__GB3 PIN 475: GENOME gameplay_screen__GB3 PIN 475
INST gameplay_screen__GB3 PIN 476: GENOME gameplay_screen__GB3 PIN 476
INST gameplay_screen__GB3 PIN 477: GENOME gameplay_screen__GB3 PIN 477
INST gameplay_screen__GB3 PIN 478: GENOME gameplay_screen__GB3 PIN 478
INST gameplay_screen__GB3 PIN 479: GENOME gameplay_screen__GB3 PIN 479
INST gameplay_screen__GB3 PIN 480: GENOME gameplay_screen__GB3 PIN 480
INST gameplay_screen__GB3 PIN 482: GENOME gameplay_screen__GB3 PIN 482
INST gameplay_screen__GB3 PIN 483: GENOME gameplay_screen__GB3 PIN 483
INST gameplay_screen__GB3 PIN 484: GENOME gameplay_screen__GB3 PIN 484
INST gameplay_screen__GB3 PIN 485: GENOME gameplay_screen__GB3 PIN 485
INST gameplay_screen__GB3 PIN 486: GENOME gameplay_screen__GB3 PIN 486
INST gameplay_screen__GB3 PIN 487: GENOME gameplay_screen__GB3 PIN 487
INST gameplay_screen__GB3 PIN 488: GENOME gameplay_screen__GB3 PIN 488
INST gameplay_screen__GB3 PIN 489: GENOME gameplay_screen__GB3 PIN 489
INST gameplay_screen__GB3 PIN 490: GENOME gameplay_screen__GB3 PIN 490
INST gameplay_screen__GB3 PIN 491: GENOME gameplay_screen__GB3 PIN 491
INST gameplay_screen__GB3 PIN 492: GENOME gameplay_screen__GB3 PIN 492
INST gameplay_screen__GB3 PIN 494: GENOME gameplay_screen__GB3 PIN 494
INST gameplay_screen__GB3 PIN 495: GENOME gameplay_screen__GB3 PIN 495
INST gameplay_screen__GB3 PIN 496: GENOME gameplay_screen__GB3 PIN 496
INST gameplay_screen__GB3 PIN 497: GENOME gameplay_screen__GB3 PIN 497
INST gameplay_screen__GB3 PIN 498: GENOME gameplay_screen__GB3 PIN 498
INST gameplay_screen__GB3 PIN 499: GENOME gameplay_screen__GB3 PIN 499
INST gameplay_screen__GB3 PIN 500: GENOME gameplay_screen__GB3 PIN 500
INST gameplay_screen__GB3 PIN 501: GENOME gameplay_screen__GB3 PIN 501
INST gameplay_screen__GB3 PIN 502: GENOME gameplay_screen__GB3 PIN 502
INST gameplay_screen__GB3 PIN 503: GENOME gameplay_screen__GB3 PIN 503
INST gameplay_screen__GB3 PIN 504: GENOME gameplay_screen__GB3 PIN 504
GENOME NON_GENOME PIN 143: GENOME NON_GENOME PIN 273 GENOME NON_GENOME PIN 277 GENOME NON_GENOME PIN 352
GENOME NON_GENOME PIN 273: GENOME NON_GENOME PIN 143
GENOME NON_GENOME PIN 277: GENOME NON_GENOME PIN 143
INST gameplay_screen__GB1 PIN 131: GENOME gameplay_screen__GB1 PIN 131
INST gameplay_screen__GB1 PIN 168: GENOME gameplay_screen__GB1 PIN 168
INST gameplay_screen__GB1 PIN 169: GENOME gameplay_screen__GB1 PIN 169
INST gameplay_screen__GB1 PIN 170: GENOME gameplay_screen__GB1 PIN 170
INST gameplay_screen__GB1 PIN 171: GENOME gameplay_screen__GB1 PIN 171
INST gameplay_screen__GB1 PIN 172: GENOME gameplay_screen__GB1 PIN 172
INST gameplay_screen__GB1 PIN 173: GENOME gameplay_screen__GB1 PIN 173
INST gameplay_screen__GB1 PIN 174: GENOME gameplay_screen__GB1 PIN 174
INST gameplay_screen__GB1 PIN 175: GENOME gameplay_screen__GB1 PIN 175
INST gameplay_screen__GB1 PIN 176: GENOME gameplay_screen__GB1 PIN 176
INST gameplay_screen__GB1 PIN 177: GENOME gameplay_screen__GB1 PIN 177
INST gameplay_screen__GB1 PIN 178: GENOME gameplay_screen__GB1 PIN 178
INST gameplay_screen__GB1 PIN 180: GENOME gameplay_screen__GB1 PIN 180
INST gameplay_screen__GB1 PIN 181: GENOME gameplay_screen__GB1 PIN 181
INST gameplay_screen__GB1 PIN 182: GENOME gameplay_screen__GB1 PIN 182
INST gameplay_screen__GB1 PIN 183: GENOME gameplay_screen__GB1 PIN 183
INST gameplay_screen__GB1 PIN 184: GENOME gameplay_screen__GB1 PIN 184
INST gameplay_screen__GB1 PIN 185: GENOME gameplay_screen__GB1 PIN 185
INST gameplay_screen__GB1 PIN 186: GENOME gameplay_screen__GB1 PIN 186
INST gameplay_screen__GB1 PIN 187: GENOME gameplay_screen__GB1 PIN 187
INST gameplay_screen__GB1 PIN 188: GENOME gameplay_screen__GB1 PIN 188
INST gameplay_screen__GB1 PIN 189: GENOME gameplay_screen__GB1 PIN 189
INST gameplay_screen__GB1 PIN 190: GENOME gameplay_screen__GB1 PIN 190
INST gameplay_screen__GB1 PIN 192: GENOME gameplay_screen__GB1 PIN 192
INST gameplay_screen__GB1 PIN 193: GENOME gameplay_screen__GB1 PIN 193
INST gameplay_screen__GB1 PIN 194: GENOME gameplay_screen__GB1 PIN 194
INST gameplay_screen__GB1 PIN 195: GENOME gameplay_screen__GB1 PIN 195
INST gameplay_screen__GB1 PIN 196: GENOME gameplay_screen__GB1 PIN 196
INST gameplay_screen__GB1 PIN 197: GENOME gameplay_screen__GB1 PIN 197
INST gameplay_screen__GB1 PIN 198: GENOME gameplay_screen__GB1 PIN 198
INST gameplay_screen__GB1 PIN 199: GENOME gameplay_screen__GB1 PIN 199
INST gameplay_screen__GB1 PIN 200: GENOME gameplay_screen__GB1 PIN 200
INST gameplay_screen__GB1 PIN 201: GENOME gameplay_screen__GB1 PIN 201
INST gameplay_screen__GB1 PIN 202: GENOME gameplay_screen__GB1 PIN 202
INST gameplay_screen__GB1 PIN 442: GENOME gameplay_screen__GB1 PIN 442 INST gameplay_screen__GB3 PIN 445 TYPE 5
INST gameplay_screen__GB1 PIN 441: GENOME gameplay_screen__GB1 PIN 441
INST gameplay_screen__GB1 PIN 443: GENOME gameplay_screen__GB1 PIN 443 INST gameplay_screen__GB3 PIN 445 TYPE 5
INST gameplay_screen__GB1 PIN 444: GENOME gameplay_screen__GB1 PIN 444 INST gameplay_screen__GB3 PIN 445 TYPE 5
INST gameplay_screen__GB1 PIN 445: GENOME gameplay_screen__GB1 PIN 445 INST gameplay_screen__GB3 PIN 445 TYPE 5
INST gameplay_screen__GB1 PIN 446: GENOME gameplay_screen__GB1 PIN 446 INST gameplay_screen__GB3 PIN 445 TYPE 5
INST gameplay_screen__GB1 PIN 447: GENOME gameplay_screen__GB1 PIN 447 INST gameplay_screen__GB3 PIN 445 TYPE 5
INST gameplay_screen__GB1 PIN 448: GENOME gameplay_screen__GB1 PIN 448 INST gameplay_screen__GB3 PIN 445 TYPE 5
INST gameplay_screen__GB1 PIN 449: GENOME gameplay_screen__GB1 PIN 449 INST gameplay_screen__GB3 PIN 445 TYPE 5
INST gameplay_screen__GB1 PIN 450: GENOME gameplay_screen__GB1 PIN 450 INST gameplay_screen__GB3 PIN 445 TYPE 5
INST gameplay_screen__GB1 PIN 451: GENOME gameplay_screen__GB1 PIN 451 INST gameplay_screen__GB3 PIN 445 TYPE 5
INST gameplay_screen__GB1 PIN 452: GENOME gameplay_screen__GB1 PIN 452 INST gameplay_screen__GB3 PIN 445 TYPE 5
INST gameplay_screen__GB1 PIN 454: GENOME gameplay_screen__GB1 PIN 454 INST gameplay_screen__GB3 PIN 469 TYPE 5
INST gameplay_screen__GB1 PIN 453: GENOME gameplay_screen__GB1 PIN 453
INST gameplay_screen__GB1 PIN 455: GENOME gameplay_screen__GB1 PIN 455 INST gameplay_screen__GB3 PIN 469 TYPE 5
INST gameplay_screen__GB1 PIN 456: GENOME gameplay_screen__GB1 PIN 456 INST gameplay_screen__GB3 PIN 469 TYPE 5
INST gameplay_screen__GB1 PIN 457: GENOME gameplay_screen__GB1 PIN 457 INST gameplay_screen__GB3 PIN 469 TYPE 5
INST gameplay_screen__GB1 PIN 458: GENOME gameplay_screen__GB1 PIN 458 INST gameplay_screen__GB3 PIN 469 TYPE 5
INST gameplay_screen__GB1 PIN 459: GENOME gameplay_screen__GB1 PIN 459 INST gameplay_screen__GB3 PIN 469 TYPE 5
INST gameplay_screen__GB1 PIN 460: GENOME gameplay_screen__GB1 PIN 460 INST gameplay_screen__GB3 PIN 469 TYPE 5
INST gameplay_screen__GB1 PIN 461: GENOME gameplay_screen__GB1 PIN 461 INST gameplay_screen__GB3 PIN 469 TYPE 5
INST gameplay_screen__GB1 PIN 462: GENOME gameplay_screen__GB1 PIN 462 INST gameplay_screen__GB3 PIN 469 TYPE 5
INST gameplay_screen__GB1 PIN 463: GENOME gameplay_screen__GB1 PIN 463 INST gameplay_screen__GB3 PIN 469 TYPE 5
INST gameplay_screen__GB1 PIN 464: GENOME gameplay_screen__GB1 PIN 464 INST gameplay_screen__GB3 PIN 469 TYPE 5
INST gameplay_screen__GB1 PIN 466: GENOME gameplay_screen__GB1 PIN 466 INST gameplay_screen__GB3 PIN 457 TYPE 5
INST gameplay_screen__GB1 PIN 465: GENOME gameplay_screen__GB1 PIN 465
INST gameplay_screen__GB1 PIN 467: GENOME gameplay_screen__GB1 PIN 467 INST gameplay_screen__GB3 PIN 457 TYPE 5
INST gameplay_screen__GB1 PIN 468: GENOME gameplay_screen__GB1 PIN 468 INST gameplay_screen__GB3 PIN 457 TYPE 5
INST gameplay_screen__GB1 PIN 469: GENOME gameplay_screen__GB1 PIN 469 INST gameplay_screen__GB3 PIN 457 TYPE 5
INST gameplay_screen__GB1 PIN 470: GENOME gameplay_screen__GB1 PIN 470 INST gameplay_screen__GB3 PIN 457 TYPE 5
INST gameplay_screen__GB1 PIN 471: GENOME gameplay_screen__GB1 PIN 471 INST gameplay_screen__GB3 PIN 457 TYPE 5
INST gameplay_screen__GB1 PIN 472: GENOME gameplay_screen__GB1 PIN 472 INST gameplay_screen__GB3 PIN 457 TYPE 5
INST gameplay_screen__GB1 PIN 473: GENOME gameplay_screen__GB1 PIN 473 INST gameplay_screen__GB3 PIN 457 TYPE 5
INST gameplay_screen__GB1 PIN 474: GENOME gameplay_screen__GB1 PIN 474 INST gameplay_screen__GB3 PIN 457 TYPE 5
INST gameplay_screen__GB1 PIN 475: GENOME gameplay_screen__GB1 PIN 475 INST gameplay_screen__GB3 PIN 457 TYPE 5
INST gameplay_screen__GB1 PIN 476: GENOME gameplay_screen__GB1 PIN 476 INST gameplay_screen__GB3 PIN 457 TYPE 5
INST gameplay_screen__GB1 PIN 478: GENOME gameplay_screen__GB1 PIN 478 INST gameplay_screen__GB3 PIN 433 TYPE 5
INST gameplay_screen__GB1 PIN 477: GENOME gameplay_screen__GB1 PIN 477
INST gameplay_screen__GB1 PIN 479: GENOME gameplay_screen__GB1 PIN 479 INST gameplay_screen__GB3 PIN 433 TYPE 5
INST gameplay_screen__GB1 PIN 480: GENOME gameplay_screen__GB1 PIN 480 INST gameplay_screen__GB3 PIN 433 TYPE 5
INST gameplay_screen__GB1 PIN 481: GENOME gameplay_screen__GB1 PIN 481 INST gameplay_screen__GB3 PIN 433 TYPE 5
INST gameplay_screen__GB1 PIN 482: GENOME gameplay_screen__GB1 PIN 482 INST gameplay_screen__GB3 PIN 433 TYPE 5
INST gameplay_screen__GB1 PIN 483: GENOME gameplay_screen__GB1 PIN 483 INST gameplay_screen__GB3 PIN 433 TYPE 5
INST gameplay_screen__GB1 PIN 484: GENOME gameplay_screen__GB1 PIN 484 INST gameplay_screen__GB3 PIN 433 TYPE 5
INST gameplay_screen__GB1 PIN 485: GENOME gameplay_screen__GB1 PIN 485 INST gameplay_screen__GB3 PIN 433 TYPE 5
INST gameplay_screen__GB1 PIN 486: GENOME gameplay_screen__GB1 PIN 486 INST gameplay_screen__GB3 PIN 433 TYPE 5
INST gameplay_screen__GB1 PIN 487: GENOME gameplay_screen__GB1 PIN 487 INST gameplay_screen__GB3 PIN 433 TYPE 5
INST gameplay_screen__GB1 PIN 488: GENOME gameplay_screen__GB1 PIN 488 INST gameplay_screen__GB3 PIN 433 TYPE 5
INST gameplay_screen__GB1 PIN 508: GENOME gameplay_screen__GB1 PIN 508
GENOME NON_GENOME PIN 63: GENOME NON_GENOME PIN 64 GENOME NON_GENOME PIN 65 GENOME NON_GENOME PIN 66 GENOME NON_GENOME PIN 67 GENOME NON_GENOME PIN 68 GENOME NON_GENOME PIN 69 GENOME NON_GENOME PIN 70 GENOME NON_GENOME PIN 71 GENOME NON_GENOME PIN 72 GENOME NON_GENOME PIN 73 GENOME NON_GENOME PIN 74
GENOME NON_GENOME PIN 64: GENOME NON_GENOME PIN 63
GENOME NON_GENOME PIN 65: GENOME NON_GENOME PIN 63
GENOME NON_GENOME PIN 66: GENOME NON_GENOME PIN 63
GENOME NON_GENOME PIN 67: GENOME NON_GENOME PIN 63
GENOME NON_GENOME PIN 68: GENOME NON_GENOME PIN 63
GENOME NON_GENOME PIN 69: GENOME NON_GENOME PIN 63
GENOME NON_GENOME PIN 70: GENOME NON_GENOME PIN 63
GENOME NON_GENOME PIN 74: GENOME NON_GENOME PIN 63
GENOME NON_GENOME PIN 75: GENOME NON_GENOME PIN 76 GENOME NON_GENOME PIN 77 GENOME NON_GENOME PIN 78 GENOME NON_GENOME PIN 79 GENOME NON_GENOME PIN 80 GENOME NON_GENOME PIN 81 GENOME NON_GENOME PIN 82 GENOME NON_GENOME PIN 83 GENOME NON_GENOME PIN 84 GENOME NON_GENOME PIN 85 GENOME NON_GENOME PIN 86
GENOME NON_GENOME PIN 76: GENOME NON_GENOME PIN 75
GENOME NON_GENOME PIN 77: GENOME NON_GENOME PIN 75
GENOME NON_GENOME PIN 78: GENOME NON_GENOME PIN 75
GENOME NON_GENOME PIN 79: GENOME NON_GENOME PIN 75
GENOME NON_GENOME PIN 80: GENOME NON_GENOME PIN 75
GENOME NON_GENOME PIN 81: GENOME NON_GENOME PIN 75
GENOME NON_GENOME PIN 82: GENOME NON_GENOME PIN 75
GENOME NON_GENOME PIN 83: GENOME NON_GENOME PIN 75
GENOME NON_GENOME PIN 84: GENOME NON_GENOME PIN 75
GENOME NON_GENOME PIN 85: GENOME NON_GENOME PIN 75
GENOME NON_GENOME PIN 86: GENOME NON_GENOME PIN 75
GENOME NON_GENOME PIN 87: GENOME NON_GENOME PIN 88 GENOME NON_GENOME PIN 89 GENOME NON_GENOME PIN 90 GENOME NON_GENOME PIN 91 GENOME NON_GENOME PIN 92 GENOME NON_GENOME PIN 93 GENOME NON_GENOME PIN 94 GENOME NON_GENOME PIN 95 GENOME NON_GENOME PIN 96 GENOME NON_GENOME PIN 97 GENOME NON_GENOME PIN 98
GENOME NON_GENOME PIN 88: GENOME NON_GENOME PIN 87
GENOME NON_GENOME PIN 89: GENOME NON_GENOME PIN 87
GENOME NON_GENOME PIN 90: GENOME NON_GENOME PIN 87
GENOME NON_GENOME PIN 93: GENOME NON_GENOME PIN 87
GENOME NON_GENOME PIN 94: GENOME NON_GENOME PIN 87
GENOME NON_GENOME PIN 95: GENOME NON_GENOME PIN 87
GENOME NON_GENOME PIN 96: GENOME NON_GENOME PIN 87
GENOME NON_GENOME PIN 97: GENOME NON_GENOME PIN 87
GENOME NON_GENOME PIN 98: GENOME NON_GENOME PIN 87
GENOME NON_GENOME PIN 99: GENOME NON_GENOME PIN 100 GENOME NON_GENOME PIN 101 GENOME NON_GENOME PIN 102 GENOME NON_GENOME PIN 103 GENOME NON_GENOME PIN 104 GENOME NON_GENOME PIN 105 GENOME NON_GENOME PIN 106 GENOME NON_GENOME PIN 107 GENOME NON_GENOME PIN 108 GENOME NON_GENOME PIN 109 GENOME NON_GENOME PIN 110
GENOME NON_GENOME PIN 100: GENOME NON_GENOME PIN 99
GENOME NON_GENOME PIN 104: GENOME NON_GENOME PIN 99 GENOME NON_GENOME PIN 39
GENOME NON_GENOME PIN 105: GENOME NON_GENOME PIN 99
GENOME NON_GENOME PIN 106: GENOME NON_GENOME PIN 99
GENOME NON_GENOME PIN 107: GENOME NON_GENOME PIN 99
GENOME NON_GENOME PIN 108: GENOME NON_GENOME PIN 99
GENOME NON_GENOME PIN 109: GENOME NON_GENOME PIN 99
GENOME NON_GENOME PIN 110: GENOME NON_GENOME PIN 99
INST gameplay_screen__GB2 PIN 31: GENOME gameplay_screen__GB2 PIN 31
INST gameplay_screen__GB2 PIN 40: GENOME gameplay_screen__GB2 PIN 40
INST gameplay_screen__GB2 PIN 41: GENOME gameplay_screen__GB2 PIN 41
INST gameplay_screen__GB2 PIN 92: GENOME gameplay_screen__GB2 PIN 92
INST gameplay_screen__GB2 PIN 102: GENOME gameplay_screen__GB2 PIN 102
INST gameplay_screen__GB2 PIN 103: GENOME gameplay_screen__GB2 PIN 103
INST gameplay_screen__GB2 PIN 129: GENOME gameplay_screen__GB2 PIN 129
INST gameplay_screen__GB2 PIN 130: GENOME gameplay_screen__GB2 PIN 130
INST gameplay_screen__GB2 PIN 141: GENOME gameplay_screen__GB2 PIN 141
INST gameplay_screen__GB2 PIN 189: GENOME gameplay_screen__GB2 PIN 189
INST gameplay_screen__GB2 PIN 234: GENOME gameplay_screen__GB2 PIN 234
INST gameplay_screen__GB2 PIN 246: GENOME gameplay_screen__GB2 PIN 246
INST gameplay_screen__GB2 PIN 342: GENOME gameplay_screen__GB2 PIN 342
INST gameplay_screen__GB2 PIN 343: GENOME gameplay_screen__GB2 PIN 343
INST gameplay_screen__GB2 PIN 353: GENOME gameplay_screen__GB2 PIN 353
INST gameplay_screen__GB2 PIN 354: GENOME gameplay_screen__GB2 PIN 354
INST gameplay_screen__GB2 PIN 367: GENOME gameplay_screen__GB2 PIN 367
INST gameplay_screen__GB2 PIN 368: GENOME gameplay_screen__GB2 PIN 368
INST top_level__GC0 PIN 102: GENOME top_level__GC0 PIN 102 INST top_level__GC0 PIN 38 TYPE 5
INST top_level__GC0 PIN 38: GENOME top_level__GC0 PIN 38
INST top_level__GC0 PIN 103: GENOME top_level__GC0 PIN 103 INST top_level__GC0 PIN 37 TYPE 5
INST top_level__GC0 PIN 37: GENOME top_level__GC0 PIN 37
INST top_level__GC0 PIN 104: GENOME top_level__GC0 PIN 104 INST top_level__GC0 PIN 39 TYPE 5
INST top_level__GC0 PIN 39: GENOME top_level__GC0 PIN 39
GENOME NON_GENOME PIN 38: GENOME NON_GENOME PIN 102
GENOME NON_GENOME PIN 37: GENOME NON_GENOME PIN 103
INST gameplay_screen__GB3 PIN 143: INST gameplay_screen__GB3 PIN 273 TYPE 2 INST gameplay_screen__GB7 PIN 684 TYPE 4 INST gameplay_screen__GB0 PIN 1024 TYPE 4 INST gameplay_screen__GB3 PIN 277 TYPE 2 INST gameplay_screen__GB7 PIN 694 TYPE 4 INST gameplay_screen__GB0 PIN 1023 TYPE 4 INST gameplay_screen__GB3 PIN 352 TYPE 2 INST gameplay_screen__GB2 PIN 784 TYPE 4
INST gameplay_screen__GB1 PIN 63: INST gameplay_screen__GB1 PIN 64 TYPE 2 INST gameplay_screen__GB4 PIN 612 TYPE 4 INST gameplay_screen__GB1 PIN 65 TYPE 2 INST gameplay_screen__GB4 PIN 613 TYPE 4 INST gameplay_screen__GB1 PIN 66 TYPE 2 INST gameplay_screen__GB4 PIN 614 TYPE 4 INST gameplay_screen__GB1 PIN 67 TYPE 2 INST gameplay_screen__GB4 PIN 615 TYPE 4 INST gameplay_screen__GB1 PIN 68 TYPE 2 INST gameplay_screen__GB4 PIN 616 TYPE 4 INST gameplay_screen__GB1 PIN 69 TYPE 2 INST gameplay_screen__GB4 PIN 617 TYPE 4 INST gameplay_screen__GB1 PIN 70 TYPE 2 INST gameplay_screen__GB4 PIN 618 TYPE 4 INST gameplay_screen__GB1 PIN 71 TYPE 2 INST gameplay_screen__GB4 PIN 619 TYPE 4 INST gameplay_screen__GB1 PIN 72 TYPE 2 INST gameplay_screen__GB4 PIN 620 TYPE 4 INST gameplay_screen__GB1 PIN 73 TYPE 2 INST gameplay_screen__GB4 PIN 621 TYPE 4 INST gameplay_screen__GB1 PIN 74 TYPE 2 INST gameplay_screen__GB4 PIN 622 TYPE 4
INST gameplay_screen__GB1 PIN 75: INST gameplay_screen__GB1 PIN 76 TYPE 2 INST gameplay_screen__GB4 PIN 624 TYPE 4 INST gameplay_screen__GB1 PIN 77 TYPE 2 INST gameplay_screen__GB4 PIN 625 TYPE 4 INST gameplay_screen__GB1 PIN 78 TYPE 2 INST gameplay_screen__GB4 PIN 626 TYPE 4 INST gameplay_screen__GB1 PIN 79 TYPE 2 INST gameplay_screen__GB4 PIN 627 TYPE 4 INST gameplay_screen__GB1 PIN 80 TYPE 2 INST gameplay_screen__GB4 PIN 628 TYPE 4 INST gameplay_screen__GB1 PIN 81 TYPE 2 INST gameplay_screen__GB4 PIN 629 TYPE 4 INST gameplay_screen__GB1 PIN 82 TYPE 2 INST gameplay_screen__GB4 PIN 630 TYPE 4 INST gameplay_screen__GB1 PIN 83 TYPE 2 INST gameplay_screen__GB4 PIN 631 TYPE 4 INST gameplay_screen__GB1 PIN 84 TYPE 2 INST gameplay_screen__GB4 PIN 632 TYPE 4 INST gameplay_screen__GB1 PIN 85 TYPE 2 INST gameplay_screen__GB4 PIN 633 TYPE 4 INST gameplay_screen__GB1 PIN 86 TYPE 2 INST gameplay_screen__GB4 PIN 634 TYPE 4
INST gameplay_screen__GB1 PIN 87: INST gameplay_screen__GB1 PIN 88 TYPE 2 INST gameplay_screen__GB4 PIN 648 TYPE 4 INST gameplay_screen__GB1 PIN 89 TYPE 2 INST gameplay_screen__GB4 PIN 649 TYPE 4 INST gameplay_screen__GB1 PIN 90 TYPE 2 INST gameplay_screen__GB4 PIN 650 TYPE 4 INST gameplay_screen__GB1 PIN 91 TYPE 2 INST gameplay_screen__GB4 PIN 651 TYPE 4 INST gameplay_screen__GB1 PIN 92 TYPE 2 INST gameplay_screen__GB4 PIN 652 TYPE 4 INST gameplay_screen__GB1 PIN 93 TYPE 2 INST gameplay_screen__GB4 PIN 653 TYPE 4 INST gameplay_screen__GB1 PIN 94 TYPE 2 INST gameplay_screen__GB4 PIN 654 TYPE 4 INST gameplay_screen__GB1 PIN 95 TYPE 2 INST gameplay_screen__GB4 PIN 655 TYPE 4 INST gameplay_screen__GB1 PIN 96 TYPE 2 INST gameplay_screen__GB4 PIN 656 TYPE 4 INST gameplay_screen__GB1 PIN 97 TYPE 2 INST gameplay_screen__GB4 PIN 657 TYPE 4 INST gameplay_screen__GB1 PIN 98 TYPE 2 INST gameplay_screen__GB4 PIN 658 TYPE 4
INST gameplay_screen__GB1 PIN 99: INST gameplay_screen__GB1 PIN 100 TYPE 2 INST gameplay_screen__GB4 PIN 660 TYPE 4 INST gameplay_screen__GB1 PIN 101 TYPE 2 INST gameplay_screen__GB4 PIN 661 TYPE 4 INST gameplay_screen__GB1 PIN 102 TYPE 2 INST gameplay_screen__GB4 PIN 662 TYPE 4 INST gameplay_screen__GB1 PIN 103 TYPE 2 INST gameplay_screen__GB4 PIN 663 TYPE 4 INST gameplay_screen__GB1 PIN 104 TYPE 2 INST gameplay_screen__GB4 PIN 664 TYPE 4 INST gameplay_screen__GB1 PIN 105 TYPE 2 INST gameplay_screen__GB4 PIN 665 TYPE 4 INST gameplay_screen__GB1 PIN 106 TYPE 2 INST gameplay_screen__GB4 PIN 666 TYPE 4 INST gameplay_screen__GB1 PIN 107 TYPE 2 INST gameplay_screen__GB4 PIN 667 TYPE 4 INST gameplay_screen__GB1 PIN 108 TYPE 2 INST gameplay_screen__GB4 PIN 668 TYPE 4 INST gameplay_screen__GB1 PIN 109 TYPE 2 INST gameplay_screen__GB4 PIN 669 TYPE 4 INST gameplay_screen__GB1 PIN 110 TYPE 2 INST gameplay_screen__GB4 PIN 670 TYPE 4
INST gameplay_screen__GB1 PIN 64: GENOME gameplay_screen__GB1 PIN 64
INST gameplay_screen__GB1 PIN 65: GENOME gameplay_screen__GB1 PIN 65
INST gameplay_screen__GB1 PIN 66: GENOME gameplay_screen__GB1 PIN 66
INST gameplay_screen__GB1 PIN 67: GENOME gameplay_screen__GB1 PIN 67
INST gameplay_screen__GB1 PIN 68: GENOME gameplay_screen__GB1 PIN 68
INST gameplay_screen__GB1 PIN 69: GENOME gameplay_screen__GB1 PIN 69
INST gameplay_screen__GB1 PIN 70: GENOME gameplay_screen__GB1 PIN 70
INST gameplay_screen__GB1 PIN 71: GENOME gameplay_screen__GB1 PIN 71
INST gameplay_screen__GB1 PIN 72: GENOME gameplay_screen__GB1 PIN 72
INST gameplay_screen__GB1 PIN 73: GENOME gameplay_screen__GB1 PIN 73
INST gameplay_screen__GB1 PIN 74: GENOME gameplay_screen__GB1 PIN 74
INST gameplay_screen__GB1 PIN 76: GENOME gameplay_screen__GB1 PIN 76
INST gameplay_screen__GB1 PIN 77: GENOME gameplay_screen__GB1 PIN 77
INST gameplay_screen__GB1 PIN 78: GENOME gameplay_screen__GB1 PIN 78
INST gameplay_screen__GB1 PIN 79: GENOME gameplay_screen__GB1 PIN 79
INST gameplay_screen__GB1 PIN 80: GENOME gameplay_screen__GB1 PIN 80
INST gameplay_screen__GB1 PIN 81: GENOME gameplay_screen__GB1 PIN 81
INST gameplay_screen__GB1 PIN 82: GENOME gameplay_screen__GB1 PIN 82
INST gameplay_screen__GB1 PIN 83: GENOME gameplay_screen__GB1 PIN 83
INST gameplay_screen__GB1 PIN 84: GENOME gameplay_screen__GB1 PIN 84
INST gameplay_screen__GB1 PIN 85: GENOME gameplay_screen__GB1 PIN 85
INST gameplay_screen__GB1 PIN 86: GENOME gameplay_screen__GB1 PIN 86
INST gameplay_screen__GB1 PIN 88: GENOME gameplay_screen__GB1 PIN 88
INST gameplay_screen__GB1 PIN 89: GENOME gameplay_screen__GB1 PIN 89
INST gameplay_screen__GB1 PIN 90: GENOME gameplay_screen__GB1 PIN 90
INST gameplay_screen__GB1 PIN 91: GENOME gameplay_screen__GB1 PIN 91
INST gameplay_screen__GB1 PIN 92: GENOME gameplay_screen__GB1 PIN 92
INST gameplay_screen__GB1 PIN 93: GENOME gameplay_screen__GB1 PIN 93
INST gameplay_screen__GB1 PIN 94: GENOME gameplay_screen__GB1 PIN 94
INST gameplay_screen__GB1 PIN 95: GENOME gameplay_screen__GB1 PIN 95
INST gameplay_screen__GB1 PIN 96: GENOME gameplay_screen__GB1 PIN 96
INST gameplay_screen__GB1 PIN 97: GENOME gameplay_screen__GB1 PIN 97
INST gameplay_screen__GB1 PIN 98: GENOME gameplay_screen__GB1 PIN 98
INST gameplay_screen__GB1 PIN 100: GENOME gameplay_screen__GB1 PIN 100
INST gameplay_screen__GB1 PIN 101: GENOME gameplay_screen__GB1 PIN 101
INST gameplay_screen__GB1 PIN 102: GENOME gameplay_screen__GB1 PIN 102
INST gameplay_screen__GB1 PIN 103: GENOME gameplay_screen__GB1 PIN 103
INST gameplay_screen__GB1 PIN 104: GENOME gameplay_screen__GB1 PIN 104
INST gameplay_screen__GB1 PIN 105: GENOME gameplay_screen__GB1 PIN 105
INST gameplay_screen__GB1 PIN 106: GENOME gameplay_screen__GB1 PIN 106
INST gameplay_screen__GB1 PIN 107: GENOME gameplay_screen__GB1 PIN 107
INST gameplay_screen__GB1 PIN 108: GENOME gameplay_screen__GB1 PIN 108
INST gameplay_screen__GB1 PIN 109: GENOME gameplay_screen__GB1 PIN 109
INST gameplay_screen__GB1 PIN 110: GENOME gameplay_screen__GB1 PIN 110
INST gameplay_screen__GB3 PIN 273: GENOME gameplay_screen__GB3 PIN 273
INST gameplay_screen__GB3 PIN 277: GENOME gameplay_screen__GB3 PIN 277
INST gameplay_screen__GB3 PIN 352: GENOME gameplay_screen__GB3 PIN 352
