GENOME NON_GENOME PIN 44: GENOME NON_GENOME PIN 33 GENOME NON_GENOME PIN 189 GENOME NON_GENOME PIN 192 GENOME NON_GENOME PIN 347
GENOME NON_GENOME PIN 33: GENOME NON_GENOME PIN 44
GENOME NON_GENOME PIN 188: GENOME NON_GENOME PIN 43
GENOME NON_GENOME PIN 43: GENOME NON_GENOME PIN 188 GENOME NON_GENOME PIN 191 GENOME NON_GENOME PIN 346
GENOME NON_GENOME PIN 34: GENOME NON_GENOME PIN 45 GENOME NON_GENOME PIN 190 GENOME NON_GENOME PIN 193
GENOME NON_GENOME PIN 45: GENOME NON_GENOME PIN 34
GENOME NON_GENOME PIN 8: GENOME NON_GENOME PIN 54
GENOME NON_GENOME PIN 54: GENOME NON_GENOME PIN 8
GENOME NON_GENOME PIN 9: GENOME NON_GENOME PIN 55 GENOME NON_GENOME PIN 1130
GENOME NON_GENOME PIN 55: GENOME NON_GENOME PIN 9
GENOME NON_GENOME PIN 200: GENOME NON_GENOME PIN 70
GENOME NON_GENOME PIN 70: GENOME NON_GENOME PIN 200
GENOME NON_GENOME PIN 71: GENOME NON_GENOME PIN 82 GENOME NON_GENOME PIN 201 GENOME NON_GENOME PIN 58
GENOME NON_GENOME PIN 82: GENOME NON_GENOME PIN 71
GENOME NON_GENOME PIN 72: GENOME NON_GENOME PIN 83 GENOME NON_GENOME PIN 202 GENOME NON_GENOME PIN 59
GENOME NON_GENOME PIN 83: GENOME NON_GENOME PIN 72
GENOME NON_GENOME PIN 123: GENOME NON_GENOME PIN 122
GENOME NON_GENOME PIN 122: GENOME NON_GENOME PIN 123
GENOME NON_GENOME PIN 124: GENOME NON_GENOME PIN 125 GENOME NON_GENOME PIN 126 GENOME NON_GENOME PIN 127
GENOME NON_GENOME PIN 125: GENOME NON_GENOME PIN 124 GENOME NON_GENOME PIN 158
GENOME NON_GENOME PIN 126: GENOME NON_GENOME PIN 124 GENOME NON_GENOME PIN 100 GENOME NON_GENOME PIN 159
GENOME NON_GENOME PIN 127: GENOME NON_GENOME PIN 124 GENOME NON_GENOME PIN 101
GENOME NON_GENOME PIN 138: GENOME NON_GENOME PIN 139 GENOME NON_GENOME PIN 140 GENOME NON_GENOME PIN 141
GENOME NON_GENOME PIN 139: GENOME NON_GENOME PIN 138
GENOME NON_GENOME PIN 140: GENOME NON_GENOME PIN 138
GENOME NON_GENOME PIN 141: GENOME NON_GENOME PIN 138
GENOME NON_GENOME PIN 153: GENOME NON_GENOME PIN 154 GENOME NON_GENOME PIN 155 GENOME NON_GENOME PIN 156 GENOME NON_GENOME PIN 157 GENOME NON_GENOME PIN 158 GENOME NON_GENOME PIN 159 GENOME NON_GENOME PIN 160 GENOME NON_GENOME PIN 161 GENOME NON_GENOME PIN 162 GENOME NON_GENOME PIN 163 GENOME NON_GENOME PIN 164
GENOME NON_GENOME PIN 154: GENOME NON_GENOME PIN 153
GENOME NON_GENOME PIN 155: GENOME NON_GENOME PIN 153
GENOME NON_GENOME PIN 156: GENOME NON_GENOME PIN 153
GENOME NON_GENOME PIN 157: GENOME NON_GENOME PIN 153
GENOME NON_GENOME PIN 158: GENOME NON_GENOME PIN 153 GENOME NON_GENOME PIN 125
GENOME NON_GENOME PIN 159: GENOME NON_GENOME PIN 153 GENOME NON_GENOME PIN 126
GENOME NON_GENOME PIN 160: GENOME NON_GENOME PIN 153 GENOME NON_GENOME PIN 101
GENOME NON_GENOME PIN 161: GENOME NON_GENOME PIN 153
GENOME NON_GENOME PIN 162: GENOME NON_GENOME PIN 153
GENOME NON_GENOME PIN 163: GENOME NON_GENOME PIN 153
GENOME NON_GENOME PIN 164: GENOME NON_GENOME PIN 153
GENOME NON_GENOME PIN 165: GENOME NON_GENOME PIN 166 GENOME NON_GENOME PIN 167 GENOME NON_GENOME PIN 168 GENOME NON_GENOME PIN 169 GENOME NON_GENOME PIN 170 GENOME NON_GENOME PIN 171 GENOME NON_GENOME PIN 172 GENOME NON_GENOME PIN 173 GENOME NON_GENOME PIN 174 GENOME NON_GENOME PIN 175 GENOME NON_GENOME PIN 176
GENOME NON_GENOME PIN 166: GENOME NON_GENOME PIN 165
GENOME NON_GENOME PIN 167: GENOME NON_GENOME PIN 165
GENOME NON_GENOME PIN 168: GENOME NON_GENOME PIN 165
GENOME NON_GENOME PIN 169: GENOME NON_GENOME PIN 165
GENOME NON_GENOME PIN 170: GENOME NON_GENOME PIN 165
GENOME NON_GENOME PIN 171: GENOME NON_GENOME PIN 165
GENOME NON_GENOME PIN 172: GENOME NON_GENOME PIN 165
GENOME NON_GENOME PIN 173: GENOME NON_GENOME PIN 165 GENOME NON_GENOME PIN 1218
GENOME NON_GENOME PIN 174: GENOME NON_GENOME PIN 165
GENOME NON_GENOME PIN 175: GENOME NON_GENOME PIN 165
GENOME NON_GENOME PIN 176: GENOME NON_GENOME PIN 165
GENOME NON_GENOME PIN 189: GENOME NON_GENOME PIN 44
GENOME NON_GENOME PIN 190: GENOME NON_GENOME PIN 34
GENOME NON_GENOME PIN 201: GENOME NON_GENOME PIN 71
GENOME NON_GENOME PIN 202: GENOME NON_GENOME PIN 72
GENOME NON_GENOME PIN 277: GENOME NON_GENOME PIN 278 GENOME NON_GENOME PIN 279 GENOME NON_GENOME PIN 280 GENOME NON_GENOME PIN 257
GENOME NON_GENOME PIN 278: GENOME NON_GENOME PIN 277
GENOME NON_GENOME PIN 279: GENOME NON_GENOME PIN 277
GENOME NON_GENOME PIN 280: GENOME NON_GENOME PIN 277
GENOME NON_GENOME PIN 290: GENOME NON_GENOME PIN 291 GENOME NON_GENOME PIN 292 GENOME NON_GENOME PIN 293
GENOME NON_GENOME PIN 291: GENOME NON_GENOME PIN 290
GENOME NON_GENOME PIN 292: GENOME NON_GENOME PIN 290
GENOME NON_GENOME PIN 293: GENOME NON_GENOME PIN 290
GENOME NON_GENOME PIN 302: GENOME NON_GENOME PIN 303 GENOME NON_GENOME PIN 304 GENOME NON_GENOME PIN 305
GENOME NON_GENOME PIN 303: GENOME NON_GENOME PIN 302
GENOME NON_GENOME PIN 304: GENOME NON_GENOME PIN 302
GENOME NON_GENOME PIN 305: GENOME NON_GENOME PIN 302
GENOME NON_GENOME PIN 314: GENOME NON_GENOME PIN 315 GENOME NON_GENOME PIN 316 GENOME NON_GENOME PIN 317
GENOME NON_GENOME PIN 315: GENOME NON_GENOME PIN 314
GENOME NON_GENOME PIN 316: GENOME NON_GENOME PIN 314
GENOME NON_GENOME PIN 317: GENOME NON_GENOME PIN 314
GENOME NON_GENOME PIN 326: GENOME NON_GENOME PIN 327 GENOME NON_GENOME PIN 328 GENOME NON_GENOME PIN 329
GENOME NON_GENOME PIN 327: GENOME NON_GENOME PIN 326
GENOME NON_GENOME PIN 328: GENOME NON_GENOME PIN 326
GENOME NON_GENOME PIN 329: GENOME NON_GENOME PIN 326
GENOME NON_GENOME PIN 1130: GENOME NON_GENOME PIN 9 GENOME NON_GENOME PIN 19
GENOME NON_GENOME PIN 1131: GENOME NON_GENOME PIN 10 GENOME NON_GENOME PIN 20
GENOME NON_GENOME PIN 10: GENOME NON_GENOME PIN 1131
GENOME NON_GENOME PIN 1129: GENOME NON_GENOME PIN 18
GENOME NON_GENOME PIN 18: GENOME NON_GENOME PIN 1129
GENOME NON_GENOME PIN 19: GENOME NON_GENOME PIN 1130 GENOME NON_GENOME PIN 323
GENOME NON_GENOME PIN 20: GENOME NON_GENOME PIN 1131
GENOME NON_GENOME PIN 191: GENOME NON_GENOME PIN 43
GENOME NON_GENOME PIN 203: GENOME NON_GENOME PIN 57
GENOME NON_GENOME PIN 57: GENOME NON_GENOME PIN 203
GENOME NON_GENOME PIN 58: GENOME NON_GENOME PIN 71 GENOME NON_GENOME PIN 204
GENOME NON_GENOME PIN 59: GENOME NON_GENOME PIN 72 GENOME NON_GENOME PIN 205
GENOME NON_GENOME PIN 100: GENOME NON_GENOME PIN 126
GENOME NON_GENOME PIN 101: GENOME NON_GENOME PIN 127 GENOME NON_GENOME PIN 160 GENOME NON_GENOME PIN 143
GENOME NON_GENOME PIN 1218: GENOME NON_GENOME PIN 173
GENOME NON_GENOME PIN 192: GENOME NON_GENOME PIN 44
GENOME NON_GENOME PIN 193: GENOME NON_GENOME PIN 34
GENOME NON_GENOME PIN 204: GENOME NON_GENOME PIN 58
GENOME NON_GENOME PIN 205: GENOME NON_GENOME PIN 59
GENOME NON_GENOME PIN 48: GENOME NON_GENOME PIN 216
GENOME NON_GENOME PIN 216: GENOME NON_GENOME PIN 48
GENOME NON_GENOME PIN 183: GENOME NON_GENOME PIN 219
GENOME NON_GENOME PIN 219: GENOME NON_GENOME PIN 183
GENOME NON_GENOME PIN 182: GENOME NON_GENOME PIN 220
GENOME NON_GENOME PIN 220: GENOME NON_GENOME PIN 182
GENOME NON_GENOME PIN 323: GENOME NON_GENOME PIN 19 GENOME NON_GENOME PIN 31
GENOME NON_GENOME PIN 322: GENOME NON_GENOME PIN 30
GENOME NON_GENOME PIN 30: GENOME NON_GENOME PIN 322
GENOME NON_GENOME PIN 31: GENOME NON_GENOME PIN 323
GENOME NON_GENOME PIN 346: GENOME NON_GENOME PIN 43
GENOME NON_GENOME PIN 347: GENOME NON_GENOME PIN 44 GENOME NON_GENOME PIN 56
GENOME NON_GENOME PIN 56: GENOME NON_GENOME PIN 347
GENOME NON_GENOME PIN 143: GENOME NON_GENOME PIN 101
INST gameplay_screen__GB3 PIN 550: INST gameplay_screen__GB10 PIN 31 TYPE 3 INST gameplay_screen__GB9 PIN 417 TYPE 4
INST gameplay_screen__GB3 PIN 561: INST gameplay_screen__GB10 PIN 44 TYPE 3 INST gameplay_screen__GB9 PIN 439 TYPE 4
INST gameplay_screen__GB1 PIN 600: INST gameplay_screen__GB3 PIN 230 TYPE 5
INST gameplay_screen__GB2 PIN 59: INST gameplay_screen__GB2 PIN 72 TYPE 2 INST gameplay_screen__GB4 PIN 663 TYPE 4 INST gameplay_screen__GB1 PIN 543 TYPE 4 INST gameplay_screen__GB0 PIN 1205 TYPE 4 INST gameplay_screen__GB2 PIN 205 TYPE 2 INST gameplay_screen__GB3 PIN 1088 TYPE 4
INST gameplay_screen__GB1 PIN 72: INST gameplay_screen__GB1 PIN 83 TYPE 2 INST gameplay_screen__GB9 PIN 449 TYPE 4 INST gameplay_screen__GB2 PIN 297 TYPE 4 INST gameplay_screen__GB1 PIN 202 TYPE 2 INST gameplay_screen__GB3 PIN 1345 TYPE 4
INST gameplay_screen__GB1 PIN 9: INST gameplay_screen__GB1 PIN 55 TYPE 2 INST gameplay_screen__GB4 PIN 482 TYPE 4 INST gameplay_screen__GB2 PIN 257 TYPE 4
INST gameplay_screen__GB12 PIN 177: INST gameplay_screen__GB2 PIN 19 TYPE 3 INST gameplay_screen__GB4 PIN 524 TYPE 4
INST gameplay_screen__GB12 PIN 178: INST gameplay_screen__GB2 PIN 20 TYPE 3 INST gameplay_screen__GB4 PIN 525 TYPE 4 INST gameplay_screen__GB2 PIN 10 TYPE 3 INST gameplay_screen__GB4 PIN 535 TYPE 4
INST gameplay_screen__GB2 PIN 101: INST gameplay_screen__GB2 PIN 127 TYPE 2 INST gameplay_screen__GB4 PIN 546 TYPE 4 INST gameplay_screen__GB0 PIN 1534 TYPE 4 INST gameplay_screen__GB2 PIN 160 TYPE 2 INST gameplay_screen__GB3 PIN 1038 TYPE 4
INST gameplay_screen__GB1 PIN 34: INST gameplay_screen__GB1 PIN 45 TYPE 2 INST gameplay_screen__GB4 PIN 594 TYPE 4 INST gameplay_screen__GB2 PIN 349 TYPE 4 INST gameplay_screen__GB0 PIN 1522 TYPE 4 INST gameplay_screen__GB1 PIN 190 TYPE 2 INST gameplay_screen__GB3 PIN 1316 TYPE 4
INST gameplay_screen__GB2 PIN 34: INST gameplay_screen__GB2 PIN 45 TYPE 2 INST gameplay_screen__GB4 PIN 625 TYPE 4 INST gameplay_screen__GB0 PIN 1881 TYPE 4 INST gameplay_screen__GB2 PIN 193 TYPE 2 INST gameplay_screen__GB3 PIN 1068 TYPE 4
INST gameplay_screen__GB2 PIN 126: INST gameplay_screen__GB2 PIN 159 TYPE 2 INST gameplay_screen__GB3 PIN 1037 TYPE 4
INST gameplay_screen__GB2 PIN 44: INST gameplay_screen__GB2 PIN 192 TYPE 2 INST gameplay_screen__GB3 PIN 1067 TYPE 4
INST gameplay_screen__GB2 PIN 58: INST gameplay_screen__GB2 PIN 204 TYPE 2 INST gameplay_screen__GB3 PIN 1087 TYPE 4
INST gameplay_screen__GB1 PIN 44: INST gameplay_screen__GB1 PIN 189 TYPE 2 INST gameplay_screen__GB3 PIN 1315 TYPE 4
INST gameplay_screen__GB1 PIN 71: INST gameplay_screen__GB1 PIN 201 TYPE 2 INST gameplay_screen__GB3 PIN 1344 TYPE 4
INST gameplay_screen__GB1 PIN 277: INST gameplay_screen__GB1 PIN 278 TYPE 2 INST gameplay_screen__GB2 PIN 381 TYPE 4 INST gameplay_screen__GB1 PIN 279 TYPE 2 INST gameplay_screen__GB2 PIN 382 TYPE 4 INST gameplay_screen__GB1 PIN 280 TYPE 2 INST gameplay_screen__GB2 PIN 383 TYPE 4
INST gameplay_screen__GB1 PIN 281: INST gameplay_screen__GB2 PIN 384 TYPE 0 GENOME gameplay_screen__GB1 PIN 281
INST gameplay_screen__GB1 PIN 282: INST gameplay_screen__GB2 PIN 385 TYPE 0 GENOME gameplay_screen__GB1 PIN 282
INST gameplay_screen__GB1 PIN 283: INST gameplay_screen__GB2 PIN 386 TYPE 0 GENOME gameplay_screen__GB1 PIN 283
INST gameplay_screen__GB1 PIN 284: INST gameplay_screen__GB2 PIN 387 TYPE 0 GENOME gameplay_screen__GB1 PIN 284
INST gameplay_screen__GB1 PIN 285: INST gameplay_screen__GB2 PIN 388 TYPE 0 GENOME gameplay_screen__GB1 PIN 285
INST gameplay_screen__GB1 PIN 286: INST gameplay_screen__GB2 PIN 389 TYPE 0 GENOME gameplay_screen__GB1 PIN 286
INST gameplay_screen__GB1 PIN 287: INST gameplay_screen__GB2 PIN 390 TYPE 0 GENOME gameplay_screen__GB1 PIN 287
INST gameplay_screen__GB1 PIN 288: INST gameplay_screen__GB2 PIN 391 TYPE 0 GENOME gameplay_screen__GB1 PIN 288
INST gameplay_screen__GB1 PIN 326: INST gameplay_screen__GB1 PIN 327 TYPE 2 INST gameplay_screen__GB2 PIN 417 TYPE 4 INST gameplay_screen__GB1 PIN 328 TYPE 2 INST gameplay_screen__GB2 PIN 418 TYPE 4 INST gameplay_screen__GB1 PIN 329 TYPE 2 INST gameplay_screen__GB2 PIN 419 TYPE 4
INST gameplay_screen__GB1 PIN 330: INST gameplay_screen__GB2 PIN 420 TYPE 0 GENOME gameplay_screen__GB1 PIN 330
INST gameplay_screen__GB1 PIN 331: INST gameplay_screen__GB2 PIN 421 TYPE 0 GENOME gameplay_screen__GB1 PIN 331
INST gameplay_screen__GB1 PIN 332: INST gameplay_screen__GB2 PIN 422 TYPE 0 GENOME gameplay_screen__GB1 PIN 332
INST gameplay_screen__GB1 PIN 333: INST gameplay_screen__GB2 PIN 423 TYPE 0 GENOME gameplay_screen__GB1 PIN 333
INST gameplay_screen__GB1 PIN 334: INST gameplay_screen__GB2 PIN 424 TYPE 0 GENOME gameplay_screen__GB1 PIN 334
INST gameplay_screen__GB1 PIN 335: INST gameplay_screen__GB2 PIN 425 TYPE 0 GENOME gameplay_screen__GB1 PIN 335
INST gameplay_screen__GB1 PIN 336: INST gameplay_screen__GB2 PIN 426 TYPE 0 GENOME gameplay_screen__GB1 PIN 336
INST gameplay_screen__GB1 PIN 337: INST gameplay_screen__GB2 PIN 427 TYPE 0 GENOME gameplay_screen__GB1 PIN 337
INST gameplay_screen__GB1 PIN 302: INST gameplay_screen__GB1 PIN 303 TYPE 2 INST gameplay_screen__GB2 PIN 429 TYPE 4 INST gameplay_screen__GB1 PIN 304 TYPE 2 INST gameplay_screen__GB2 PIN 430 TYPE 4 INST gameplay_screen__GB1 PIN 305 TYPE 2 INST gameplay_screen__GB2 PIN 431 TYPE 4
INST gameplay_screen__GB1 PIN 306: INST gameplay_screen__GB2 PIN 432 TYPE 0 GENOME gameplay_screen__GB1 PIN 306
INST gameplay_screen__GB1 PIN 307: INST gameplay_screen__GB2 PIN 433 TYPE 0 GENOME gameplay_screen__GB1 PIN 307
INST gameplay_screen__GB1 PIN 308: INST gameplay_screen__GB2 PIN 434 TYPE 0 GENOME gameplay_screen__GB1 PIN 308
INST gameplay_screen__GB1 PIN 309: INST gameplay_screen__GB2 PIN 435 TYPE 0 GENOME gameplay_screen__GB1 PIN 309
INST gameplay_screen__GB1 PIN 310: INST gameplay_screen__GB2 PIN 436 TYPE 0 GENOME gameplay_screen__GB1 PIN 310
INST gameplay_screen__GB1 PIN 311: INST gameplay_screen__GB2 PIN 437 TYPE 0 GENOME gameplay_screen__GB1 PIN 311
INST gameplay_screen__GB1 PIN 312: INST gameplay_screen__GB2 PIN 438 TYPE 0 GENOME gameplay_screen__GB1 PIN 312
INST gameplay_screen__GB1 PIN 313: INST gameplay_screen__GB2 PIN 439 TYPE 0 GENOME gameplay_screen__GB1 PIN 313
INST gameplay_screen__GB1 PIN 290: INST gameplay_screen__GB1 PIN 291 TYPE 2 INST gameplay_screen__GB2 PIN 441 TYPE 4 INST gameplay_screen__GB1 PIN 292 TYPE 2 INST gameplay_screen__GB2 PIN 442 TYPE 4 INST gameplay_screen__GB1 PIN 293 TYPE 2 INST gameplay_screen__GB2 PIN 443 TYPE 4
INST gameplay_screen__GB1 PIN 294: INST gameplay_screen__GB2 PIN 444 TYPE 0 GENOME gameplay_screen__GB1 PIN 294
INST gameplay_screen__GB1 PIN 295: INST gameplay_screen__GB2 PIN 445 TYPE 0 GENOME gameplay_screen__GB1 PIN 295
INST gameplay_screen__GB1 PIN 296: INST gameplay_screen__GB2 PIN 446 TYPE 0 GENOME gameplay_screen__GB1 PIN 296
INST gameplay_screen__GB1 PIN 297: INST gameplay_screen__GB2 PIN 447 TYPE 0 GENOME gameplay_screen__GB1 PIN 297
INST gameplay_screen__GB1 PIN 298: INST gameplay_screen__GB2 PIN 448 TYPE 0 GENOME gameplay_screen__GB1 PIN 298
INST gameplay_screen__GB1 PIN 299: INST gameplay_screen__GB2 PIN 449 TYPE 0 GENOME gameplay_screen__GB1 PIN 299
INST gameplay_screen__GB1 PIN 300: INST gameplay_screen__GB2 PIN 450 TYPE 0 GENOME gameplay_screen__GB1 PIN 300
INST gameplay_screen__GB1 PIN 301: INST gameplay_screen__GB2 PIN 451 TYPE 0 GENOME gameplay_screen__GB1 PIN 301
INST gameplay_screen__GB1 PIN 314: INST gameplay_screen__GB1 PIN 315 TYPE 2 INST gameplay_screen__GB2 PIN 465 TYPE 4 INST gameplay_screen__GB1 PIN 316 TYPE 2 INST gameplay_screen__GB2 PIN 466 TYPE 4 INST gameplay_screen__GB1 PIN 317 TYPE 2 INST gameplay_screen__GB2 PIN 467 TYPE 4
INST gameplay_screen__GB1 PIN 318: INST gameplay_screen__GB2 PIN 468 TYPE 0 GENOME gameplay_screen__GB1 PIN 318
INST gameplay_screen__GB1 PIN 319: INST gameplay_screen__GB2 PIN 469 TYPE 0 GENOME gameplay_screen__GB1 PIN 319
INST gameplay_screen__GB1 PIN 320: INST gameplay_screen__GB2 PIN 470 TYPE 0 GENOME gameplay_screen__GB1 PIN 320
INST gameplay_screen__GB1 PIN 321: INST gameplay_screen__GB2 PIN 471 TYPE 0 GENOME gameplay_screen__GB1 PIN 321
INST gameplay_screen__GB1 PIN 322: INST gameplay_screen__GB2 PIN 472 TYPE 0 GENOME gameplay_screen__GB1 PIN 322
INST gameplay_screen__GB1 PIN 323: INST gameplay_screen__GB2 PIN 473 TYPE 0 GENOME gameplay_screen__GB1 PIN 323
INST gameplay_screen__GB1 PIN 324: INST gameplay_screen__GB2 PIN 474 TYPE 0 GENOME gameplay_screen__GB1 PIN 324
INST gameplay_screen__GB1 PIN 325: INST gameplay_screen__GB2 PIN 475 TYPE 0 GENOME gameplay_screen__GB1 PIN 325
INST gameplay_screen__GB1 PIN 124: INST gameplay_screen__GB1 PIN 125 TYPE 2 INST gameplay_screen__GB2 PIN 477 TYPE 4 INST gameplay_screen__GB1 PIN 126 TYPE 2 INST gameplay_screen__GB2 PIN 478 TYPE 4 INST gameplay_screen__GB1 PIN 127 TYPE 2 INST gameplay_screen__GB2 PIN 479 TYPE 4
INST gameplay_screen__GB1 PIN 128: INST gameplay_screen__GB2 PIN 480 TYPE 0 GENOME gameplay_screen__GB1 PIN 128
INST gameplay_screen__GB1 PIN 129: INST gameplay_screen__GB2 PIN 481 TYPE 0 GENOME gameplay_screen__GB1 PIN 129
INST gameplay_screen__GB1 PIN 130: INST gameplay_screen__GB2 PIN 482 TYPE 0 GENOME gameplay_screen__GB1 PIN 130
INST gameplay_screen__GB1 PIN 131: INST gameplay_screen__GB2 PIN 483 TYPE 0 GENOME gameplay_screen__GB1 PIN 131
INST gameplay_screen__GB1 PIN 132: INST gameplay_screen__GB2 PIN 484 TYPE 0 GENOME gameplay_screen__GB1 PIN 132
INST gameplay_screen__GB1 PIN 133: INST gameplay_screen__GB2 PIN 485 TYPE 0 GENOME gameplay_screen__GB1 PIN 133
INST gameplay_screen__GB1 PIN 134: INST gameplay_screen__GB2 PIN 486 TYPE 0 GENOME gameplay_screen__GB1 PIN 134
INST gameplay_screen__GB1 PIN 135: INST gameplay_screen__GB2 PIN 487 TYPE 0 GENOME gameplay_screen__GB1 PIN 135
INST gameplay_screen__GB1 PIN 138: INST gameplay_screen__GB1 PIN 139 TYPE 2 INST gameplay_screen__GB2 PIN 489 TYPE 4 INST gameplay_screen__GB1 PIN 140 TYPE 2 INST gameplay_screen__GB2 PIN 490 TYPE 4 INST gameplay_screen__GB1 PIN 141 TYPE 2 INST gameplay_screen__GB2 PIN 491 TYPE 4
INST gameplay_screen__GB1 PIN 142: INST gameplay_screen__GB2 PIN 492 TYPE 0 GENOME gameplay_screen__GB1 PIN 142
INST gameplay_screen__GB1 PIN 143: INST gameplay_screen__GB2 PIN 493 TYPE 0 GENOME gameplay_screen__GB1 PIN 143
INST gameplay_screen__GB1 PIN 144: INST gameplay_screen__GB2 PIN 494 TYPE 0 GENOME gameplay_screen__GB1 PIN 144
INST gameplay_screen__GB1 PIN 145: INST gameplay_screen__GB2 PIN 495 TYPE 0 GENOME gameplay_screen__GB1 PIN 145
INST gameplay_screen__GB1 PIN 146: INST gameplay_screen__GB2 PIN 496 TYPE 0 GENOME gameplay_screen__GB1 PIN 146
INST gameplay_screen__GB1 PIN 147: INST gameplay_screen__GB2 PIN 497 TYPE 0 GENOME gameplay_screen__GB1 PIN 147
INST gameplay_screen__GB1 PIN 148: INST gameplay_screen__GB2 PIN 498 TYPE 0 GENOME gameplay_screen__GB1 PIN 148
INST gameplay_screen__GB1 PIN 149: INST gameplay_screen__GB2 PIN 499 TYPE 0 GENOME gameplay_screen__GB1 PIN 149
INST gameplay_screen__GB1 PIN 153: INST gameplay_screen__GB1 PIN 154 TYPE 2 INST gameplay_screen__GB2 PIN 933 TYPE 4 INST gameplay_screen__GB1 PIN 155 TYPE 2 INST gameplay_screen__GB2 PIN 934 TYPE 4 INST gameplay_screen__GB1 PIN 156 TYPE 2 INST gameplay_screen__GB2 PIN 935 TYPE 4 INST gameplay_screen__GB1 PIN 157 TYPE 2 INST gameplay_screen__GB2 PIN 936 TYPE 4 INST gameplay_screen__GB1 PIN 158 TYPE 2 INST gameplay_screen__GB2 PIN 937 TYPE 4 INST gameplay_screen__GB1 PIN 159 TYPE 2 INST gameplay_screen__GB2 PIN 938 TYPE 4 INST gameplay_screen__GB1 PIN 160 TYPE 2 INST gameplay_screen__GB2 PIN 939 TYPE 4 INST gameplay_screen__GB1 PIN 161 TYPE 2 INST gameplay_screen__GB2 PIN 940 TYPE 4 INST gameplay_screen__GB1 PIN 162 TYPE 2 INST gameplay_screen__GB2 PIN 941 TYPE 4 INST gameplay_screen__GB1 PIN 163 TYPE 2 INST gameplay_screen__GB2 PIN 942 TYPE 4 INST gameplay_screen__GB1 PIN 164 TYPE 2 INST gameplay_screen__GB2 PIN 943 TYPE 4
INST gameplay_screen__GB1 PIN 165: INST gameplay_screen__GB1 PIN 166 TYPE 2 INST gameplay_screen__GB2 PIN 1101 TYPE 4 INST gameplay_screen__GB1 PIN 167 TYPE 2 INST gameplay_screen__GB2 PIN 1102 TYPE 4 INST gameplay_screen__GB1 PIN 168 TYPE 2 INST gameplay_screen__GB2 PIN 1103 TYPE 4 INST gameplay_screen__GB1 PIN 169 TYPE 2 INST gameplay_screen__GB2 PIN 1104 TYPE 4 INST gameplay_screen__GB1 PIN 170 TYPE 2 INST gameplay_screen__GB2 PIN 1105 TYPE 4 INST gameplay_screen__GB1 PIN 171 TYPE 2 INST gameplay_screen__GB2 PIN 1106 TYPE 4 INST gameplay_screen__GB1 PIN 172 TYPE 2 INST gameplay_screen__GB2 PIN 1107 TYPE 4 INST gameplay_screen__GB1 PIN 173 TYPE 2 INST gameplay_screen__GB2 PIN 1108 TYPE 4 INST gameplay_screen__GB1 PIN 174 TYPE 2 INST gameplay_screen__GB2 PIN 1109 TYPE 4 INST gameplay_screen__GB1 PIN 175 TYPE 2 INST gameplay_screen__GB2 PIN 1110 TYPE 4 INST gameplay_screen__GB1 PIN 176 TYPE 2 INST gameplay_screen__GB2 PIN 1111 TYPE 4
INST gameplay_screen__GB2 PIN 10: GENOME gameplay_screen__GB2 PIN 10
INST gameplay_screen__GB2 PIN 19: GENOME gameplay_screen__GB2 PIN 19
INST gameplay_screen__GB2 PIN 20: GENOME gameplay_screen__GB2 PIN 20
INST gameplay_screen__GB2 PIN 45: GENOME gameplay_screen__GB2 PIN 45
INST gameplay_screen__GB2 PIN 72: GENOME gameplay_screen__GB2 PIN 72
INST gameplay_screen__GB2 PIN 127: GENOME gameplay_screen__GB2 PIN 127
INST gameplay_screen__GB2 PIN 159: GENOME gameplay_screen__GB2 PIN 159
INST gameplay_screen__GB2 PIN 160: GENOME gameplay_screen__GB2 PIN 160
INST gameplay_screen__GB2 PIN 192: GENOME gameplay_screen__GB2 PIN 192
INST gameplay_screen__GB2 PIN 193: GENOME gameplay_screen__GB2 PIN 193
INST gameplay_screen__GB2 PIN 204: GENOME gameplay_screen__GB2 PIN 204
INST gameplay_screen__GB2 PIN 205: GENOME gameplay_screen__GB2 PIN 205
INST gameplay_screen__GB2 PIN 277: GENOME gameplay_screen__GB2 PIN 277 INST gameplay_screen__GB1 PIN 9 TYPE 5
INST gameplay_screen__GB2 PIN 257: GENOME gameplay_screen__GB2 PIN 257
INST gameplay_screen__GB2 PIN 297: GENOME gameplay_screen__GB2 PIN 297 INST gameplay_screen__GB1 PIN 72 TYPE 5
INST gameplay_screen__GB2 PIN 247: GENOME gameplay_screen__GB2 PIN 247
INST gameplay_screen__GB2 PIN 381: GENOME gameplay_screen__GB2 PIN 381 INST gameplay_screen__GB1 PIN 277 TYPE 5
INST gameplay_screen__GB2 PIN 380: GENOME gameplay_screen__GB2 PIN 380
INST gameplay_screen__GB2 PIN 382: GENOME gameplay_screen__GB2 PIN 382 INST gameplay_screen__GB1 PIN 277 TYPE 5
INST gameplay_screen__GB2 PIN 383: GENOME gameplay_screen__GB2 PIN 383 INST gameplay_screen__GB1 PIN 277 TYPE 5
INST gameplay_screen__GB2 PIN 384: GENOME gameplay_screen__GB2 PIN 384
INST gameplay_screen__GB2 PIN 385: GENOME gameplay_screen__GB2 PIN 385
INST gameplay_screen__GB2 PIN 386: GENOME gameplay_screen__GB2 PIN 386
INST gameplay_screen__GB2 PIN 387: GENOME gameplay_screen__GB2 PIN 387
INST gameplay_screen__GB2 PIN 388: GENOME gameplay_screen__GB2 PIN 388
INST gameplay_screen__GB2 PIN 389: GENOME gameplay_screen__GB2 PIN 389
INST gameplay_screen__GB2 PIN 390: GENOME gameplay_screen__GB2 PIN 390
INST gameplay_screen__GB2 PIN 391: GENOME gameplay_screen__GB2 PIN 391
INST gameplay_screen__GB2 PIN 417: GENOME gameplay_screen__GB2 PIN 417 INST gameplay_screen__GB1 PIN 326 TYPE 5
INST gameplay_screen__GB2 PIN 416: GENOME gameplay_screen__GB2 PIN 416
INST gameplay_screen__GB2 PIN 418: GENOME gameplay_screen__GB2 PIN 418 INST gameplay_screen__GB1 PIN 326 TYPE 5
INST gameplay_screen__GB2 PIN 419: GENOME gameplay_screen__GB2 PIN 419 INST gameplay_screen__GB1 PIN 326 TYPE 5
INST gameplay_screen__GB2 PIN 420: GENOME gameplay_screen__GB2 PIN 420
INST gameplay_screen__GB2 PIN 421: GENOME gameplay_screen__GB2 PIN 421
INST gameplay_screen__GB2 PIN 422: GENOME gameplay_screen__GB2 PIN 422
INST gameplay_screen__GB2 PIN 423: GENOME gameplay_screen__GB2 PIN 423
INST gameplay_screen__GB2 PIN 424: GENOME gameplay_screen__GB2 PIN 424
INST gameplay_screen__GB2 PIN 425: GENOME gameplay_screen__GB2 PIN 425
INST gameplay_screen__GB2 PIN 426: GENOME gameplay_screen__GB2 PIN 426
INST gameplay_screen__GB2 PIN 427: GENOME gameplay_screen__GB2 PIN 427
INST gameplay_screen__GB2 PIN 429: GENOME gameplay_screen__GB2 PIN 429 INST gameplay_screen__GB1 PIN 302 TYPE 5
INST gameplay_screen__GB2 PIN 428: GENOME gameplay_screen__GB2 PIN 428
INST gameplay_screen__GB2 PIN 430: GENOME gameplay_screen__GB2 PIN 430 INST gameplay_screen__GB1 PIN 302 TYPE 5
INST gameplay_screen__GB2 PIN 431: GENOME gameplay_screen__GB2 PIN 431 INST gameplay_screen__GB1 PIN 302 TYPE 5
INST gameplay_screen__GB2 PIN 432: GENOME gameplay_screen__GB2 PIN 432
INST gameplay_screen__GB2 PIN 433: GENOME gameplay_screen__GB2 PIN 433
INST gameplay_screen__GB2 PIN 434: GENOME gameplay_screen__GB2 PIN 434
INST gameplay_screen__GB2 PIN 435: GENOME gameplay_screen__GB2 PIN 435
INST gameplay_screen__GB2 PIN 436: GENOME gameplay_screen__GB2 PIN 436
INST gameplay_screen__GB2 PIN 437: GENOME gameplay_screen__GB2 PIN 437
INST gameplay_screen__GB2 PIN 438: GENOME gameplay_screen__GB2 PIN 438
INST gameplay_screen__GB2 PIN 439: GENOME gameplay_screen__GB2 PIN 439
INST gameplay_screen__GB2 PIN 441: GENOME gameplay_screen__GB2 PIN 441 INST gameplay_screen__GB1 PIN 290 TYPE 5
INST gameplay_screen__GB2 PIN 440: GENOME gameplay_screen__GB2 PIN 440
INST gameplay_screen__GB2 PIN 442: GENOME gameplay_screen__GB2 PIN 442 INST gameplay_screen__GB1 PIN 290 TYPE 5
INST gameplay_screen__GB2 PIN 443: GENOME gameplay_screen__GB2 PIN 443 INST gameplay_screen__GB1 PIN 290 TYPE 5
INST gameplay_screen__GB2 PIN 444: GENOME gameplay_screen__GB2 PIN 444
INST gameplay_screen__GB2 PIN 445: GENOME gameplay_screen__GB2 PIN 445
INST gameplay_screen__GB2 PIN 446: GENOME gameplay_screen__GB2 PIN 446
INST gameplay_screen__GB2 PIN 447: GENOME gameplay_screen__GB2 PIN 447
INST gameplay_screen__GB2 PIN 448: GENOME gameplay_screen__GB2 PIN 448
INST gameplay_screen__GB2 PIN 449: GENOME gameplay_screen__GB2 PIN 449
INST gameplay_screen__GB2 PIN 450: GENOME gameplay_screen__GB2 PIN 450
INST gameplay_screen__GB2 PIN 451: GENOME gameplay_screen__GB2 PIN 451
INST gameplay_screen__GB2 PIN 465: GENOME gameplay_screen__GB2 PIN 465 INST gameplay_screen__GB1 PIN 314 TYPE 5
INST gameplay_screen__GB2 PIN 464: GENOME gameplay_screen__GB2 PIN 464
INST gameplay_screen__GB2 PIN 466: GENOME gameplay_screen__GB2 PIN 466 INST gameplay_screen__GB1 PIN 314 TYPE 5
INST gameplay_screen__GB2 PIN 467: GENOME gameplay_screen__GB2 PIN 467 INST gameplay_screen__GB1 PIN 314 TYPE 5
INST gameplay_screen__GB2 PIN 468: GENOME gameplay_screen__GB2 PIN 468
INST gameplay_screen__GB2 PIN 469: GENOME gameplay_screen__GB2 PIN 469
INST gameplay_screen__GB2 PIN 470: GENOME gameplay_screen__GB2 PIN 470
INST gameplay_screen__GB2 PIN 471: GENOME gameplay_screen__GB2 PIN 471
INST gameplay_screen__GB2 PIN 472: GENOME gameplay_screen__GB2 PIN 472
INST gameplay_screen__GB2 PIN 473: GENOME gameplay_screen__GB2 PIN 473
INST gameplay_screen__GB2 PIN 474: GENOME gameplay_screen__GB2 PIN 474
INST gameplay_screen__GB2 PIN 475: GENOME gameplay_screen__GB2 PIN 475
INST gameplay_screen__GB2 PIN 477: GENOME gameplay_screen__GB2 PIN 477 INST gameplay_screen__GB1 PIN 124 TYPE 5
INST gameplay_screen__GB2 PIN 476: GENOME gameplay_screen__GB2 PIN 476
INST gameplay_screen__GB2 PIN 478: GENOME gameplay_screen__GB2 PIN 478 INST gameplay_screen__GB1 PIN 124 TYPE 5
INST gameplay_screen__GB2 PIN 479: GENOME gameplay_screen__GB2 PIN 479 INST gameplay_screen__GB1 PIN 124 TYPE 5
INST gameplay_screen__GB2 PIN 480: GENOME gameplay_screen__GB2 PIN 480
INST gameplay_screen__GB2 PIN 481: GENOME gameplay_screen__GB2 PIN 481
INST gameplay_screen__GB2 PIN 482: GENOME gameplay_screen__GB2 PIN 482
INST gameplay_screen__GB2 PIN 483: GENOME gameplay_screen__GB2 PIN 483
INST gameplay_screen__GB2 PIN 484: GENOME gameplay_screen__GB2 PIN 484
INST gameplay_screen__GB2 PIN 485: GENOME gameplay_screen__GB2 PIN 485
INST gameplay_screen__GB2 PIN 486: GENOME gameplay_screen__GB2 PIN 486
INST gameplay_screen__GB2 PIN 487: GENOME gameplay_screen__GB2 PIN 487
INST gameplay_screen__GB2 PIN 489: GENOME gameplay_screen__GB2 PIN 489 INST gameplay_screen__GB1 PIN 138 TYPE 5
INST gameplay_screen__GB2 PIN 488: GENOME gameplay_screen__GB2 PIN 488
INST gameplay_screen__GB2 PIN 490: GENOME gameplay_screen__GB2 PIN 490 INST gameplay_screen__GB1 PIN 138 TYPE 5
INST gameplay_screen__GB2 PIN 491: GENOME gameplay_screen__GB2 PIN 491 INST gameplay_screen__GB1 PIN 138 TYPE 5
INST gameplay_screen__GB2 PIN 492: GENOME gameplay_screen__GB2 PIN 492
INST gameplay_screen__GB2 PIN 493: GENOME gameplay_screen__GB2 PIN 493
INST gameplay_screen__GB2 PIN 494: GENOME gameplay_screen__GB2 PIN 494
INST gameplay_screen__GB2 PIN 495: GENOME gameplay_screen__GB2 PIN 495
INST gameplay_screen__GB2 PIN 496: GENOME gameplay_screen__GB2 PIN 496
INST gameplay_screen__GB2 PIN 497: GENOME gameplay_screen__GB2 PIN 497
INST gameplay_screen__GB2 PIN 498: GENOME gameplay_screen__GB2 PIN 498
INST gameplay_screen__GB2 PIN 499: GENOME gameplay_screen__GB2 PIN 499
INST gameplay_screen__GB2 PIN 933: GENOME gameplay_screen__GB2 PIN 933 INST gameplay_screen__GB1 PIN 153 TYPE 5
INST gameplay_screen__GB2 PIN 932: GENOME gameplay_screen__GB2 PIN 932
INST gameplay_screen__GB2 PIN 934: GENOME gameplay_screen__GB2 PIN 934 INST gameplay_screen__GB1 PIN 153 TYPE 5
INST gameplay_screen__GB2 PIN 935: GENOME gameplay_screen__GB2 PIN 935 INST gameplay_screen__GB1 PIN 153 TYPE 5
INST gameplay_screen__GB2 PIN 936: GENOME gameplay_screen__GB2 PIN 936 INST gameplay_screen__GB1 PIN 153 TYPE 5
INST gameplay_screen__GB2 PIN 937: GENOME gameplay_screen__GB2 PIN 937 INST gameplay_screen__GB1 PIN 153 TYPE 5
INST gameplay_screen__GB2 PIN 938: GENOME gameplay_screen__GB2 PIN 938 INST gameplay_screen__GB1 PIN 153 TYPE 5
INST gameplay_screen__GB2 PIN 939: GENOME gameplay_screen__GB2 PIN 939 INST gameplay_screen__GB1 PIN 153 TYPE 5
INST gameplay_screen__GB2 PIN 940: GENOME gameplay_screen__GB2 PIN 940 INST gameplay_screen__GB1 PIN 153 TYPE 5
INST gameplay_screen__GB2 PIN 941: GENOME gameplay_screen__GB2 PIN 941 INST gameplay_screen__GB1 PIN 153 TYPE 5
INST gameplay_screen__GB2 PIN 942: GENOME gameplay_screen__GB2 PIN 942 INST gameplay_screen__GB1 PIN 153 TYPE 5
INST gameplay_screen__GB2 PIN 943: GENOME gameplay_screen__GB2 PIN 943 INST gameplay_screen__GB1 PIN 153 TYPE 5
INST gameplay_screen__GB2 PIN 1101: GENOME gameplay_screen__GB2 PIN 1101 INST gameplay_screen__GB1 PIN 165 TYPE 5
INST gameplay_screen__GB2 PIN 1100: GENOME gameplay_screen__GB2 PIN 1100
INST gameplay_screen__GB2 PIN 1102: GENOME gameplay_screen__GB2 PIN 1102 INST gameplay_screen__GB1 PIN 165 TYPE 5
INST gameplay_screen__GB2 PIN 1103: GENOME gameplay_screen__GB2 PIN 1103 INST gameplay_screen__GB1 PIN 165 TYPE 5
INST gameplay_screen__GB2 PIN 1104: GENOME gameplay_screen__GB2 PIN 1104 INST gameplay_screen__GB1 PIN 165 TYPE 5
INST gameplay_screen__GB2 PIN 1105: GENOME gameplay_screen__GB2 PIN 1105 INST gameplay_screen__GB1 PIN 165 TYPE 5
INST gameplay_screen__GB2 PIN 1106: GENOME gameplay_screen__GB2 PIN 1106 INST gameplay_screen__GB1 PIN 165 TYPE 5
INST gameplay_screen__GB2 PIN 1107: GENOME gameplay_screen__GB2 PIN 1107 INST gameplay_screen__GB1 PIN 165 TYPE 5
INST gameplay_screen__GB2 PIN 1108: GENOME gameplay_screen__GB2 PIN 1108 INST gameplay_screen__GB1 PIN 165 TYPE 5
INST gameplay_screen__GB2 PIN 1109: GENOME gameplay_screen__GB2 PIN 1109 INST gameplay_screen__GB1 PIN 165 TYPE 5
INST gameplay_screen__GB2 PIN 1110: GENOME gameplay_screen__GB2 PIN 1110 INST gameplay_screen__GB1 PIN 165 TYPE 5
INST gameplay_screen__GB2 PIN 1111: GENOME gameplay_screen__GB2 PIN 1111 INST gameplay_screen__GB1 PIN 165 TYPE 5
INST gameplay_screen__GB2 PIN 1143: GENOME gameplay_screen__GB2 PIN 1143 INST gameplay_screen__GB1 PIN 34 TYPE 5
INST gameplay_screen__GB2 PIN 349: GENOME gameplay_screen__GB2 PIN 349
GENOME NON_GENOME PIN 257: GENOME NON_GENOME PIN 277
GENOME NON_GENOME PIN 247: GENOME NON_GENOME PIN 297
GENOME NON_GENOME PIN 297: GENOME NON_GENOME PIN 247
GENOME NON_GENOME PIN 380: GENOME NON_GENOME PIN 381 GENOME NON_GENOME PIN 382 GENOME NON_GENOME PIN 383
GENOME NON_GENOME PIN 381: GENOME NON_GENOME PIN 380
GENOME NON_GENOME PIN 382: GENOME NON_GENOME PIN 380
GENOME NON_GENOME PIN 383: GENOME NON_GENOME PIN 380
GENOME NON_GENOME PIN 416: GENOME NON_GENOME PIN 417 GENOME NON_GENOME PIN 418 GENOME NON_GENOME PIN 419
GENOME NON_GENOME PIN 417: GENOME NON_GENOME PIN 416
GENOME NON_GENOME PIN 418: GENOME NON_GENOME PIN 416
GENOME NON_GENOME PIN 419: GENOME NON_GENOME PIN 416
GENOME NON_GENOME PIN 428: GENOME NON_GENOME PIN 429 GENOME NON_GENOME PIN 430 GENOME NON_GENOME PIN 431
GENOME NON_GENOME PIN 429: GENOME NON_GENOME PIN 428
GENOME NON_GENOME PIN 430: GENOME NON_GENOME PIN 428 GENOME NON_GENOME PIN 543
GENOME NON_GENOME PIN 431: GENOME NON_GENOME PIN 428
GENOME NON_GENOME PIN 440: GENOME NON_GENOME PIN 441 GENOME NON_GENOME PIN 442 GENOME NON_GENOME PIN 443
GENOME NON_GENOME PIN 441: GENOME NON_GENOME PIN 440
GENOME NON_GENOME PIN 442: GENOME NON_GENOME PIN 440
GENOME NON_GENOME PIN 443: GENOME NON_GENOME PIN 440
GENOME NON_GENOME PIN 464: GENOME NON_GENOME PIN 465 GENOME NON_GENOME PIN 466 GENOME NON_GENOME PIN 467
GENOME NON_GENOME PIN 465: GENOME NON_GENOME PIN 464
GENOME NON_GENOME PIN 466: GENOME NON_GENOME PIN 464
GENOME NON_GENOME PIN 467: GENOME NON_GENOME PIN 464
GENOME NON_GENOME PIN 476: GENOME NON_GENOME PIN 477 GENOME NON_GENOME PIN 478 GENOME NON_GENOME PIN 479
GENOME NON_GENOME PIN 477: GENOME NON_GENOME PIN 476
GENOME NON_GENOME PIN 478: GENOME NON_GENOME PIN 476
GENOME NON_GENOME PIN 479: GENOME NON_GENOME PIN 476
GENOME NON_GENOME PIN 488: GENOME NON_GENOME PIN 489 GENOME NON_GENOME PIN 490 GENOME NON_GENOME PIN 491
GENOME NON_GENOME PIN 489: GENOME NON_GENOME PIN 488
GENOME NON_GENOME PIN 490: GENOME NON_GENOME PIN 488
GENOME NON_GENOME PIN 491: GENOME NON_GENOME PIN 488
GENOME NON_GENOME PIN 932: GENOME NON_GENOME PIN 933 GENOME NON_GENOME PIN 934 GENOME NON_GENOME PIN 935 GENOME NON_GENOME PIN 936 GENOME NON_GENOME PIN 937 GENOME NON_GENOME PIN 938 GENOME NON_GENOME PIN 939 GENOME NON_GENOME PIN 940 GENOME NON_GENOME PIN 941 GENOME NON_GENOME PIN 942 GENOME NON_GENOME PIN 943
GENOME NON_GENOME PIN 933: GENOME NON_GENOME PIN 932
GENOME NON_GENOME PIN 934: GENOME NON_GENOME PIN 932
GENOME NON_GENOME PIN 935: GENOME NON_GENOME PIN 932
GENOME NON_GENOME PIN 936: GENOME NON_GENOME PIN 932
GENOME NON_GENOME PIN 937: GENOME NON_GENOME PIN 932
GENOME NON_GENOME PIN 938: GENOME NON_GENOME PIN 932
GENOME NON_GENOME PIN 939: GENOME NON_GENOME PIN 932
GENOME NON_GENOME PIN 940: GENOME NON_GENOME PIN 932
GENOME NON_GENOME PIN 941: GENOME NON_GENOME PIN 932
GENOME NON_GENOME PIN 942: GENOME NON_GENOME PIN 932
GENOME NON_GENOME PIN 943: GENOME NON_GENOME PIN 932
GENOME NON_GENOME PIN 1100: GENOME NON_GENOME PIN 1101 GENOME NON_GENOME PIN 1102 GENOME NON_GENOME PIN 1103 GENOME NON_GENOME PIN 1104 GENOME NON_GENOME PIN 1105 GENOME NON_GENOME PIN 1106 GENOME NON_GENOME PIN 1107 GENOME NON_GENOME PIN 1108 GENOME NON_GENOME PIN 1109 GENOME NON_GENOME PIN 1110 GENOME NON_GENOME PIN 1111
GENOME NON_GENOME PIN 1101: GENOME NON_GENOME PIN 1100
GENOME NON_GENOME PIN 1102: GENOME NON_GENOME PIN 1100
GENOME NON_GENOME PIN 1103: GENOME NON_GENOME PIN 1100
GENOME NON_GENOME PIN 1104: GENOME NON_GENOME PIN 1100
GENOME NON_GENOME PIN 1105: GENOME NON_GENOME PIN 1100
GENOME NON_GENOME PIN 1106: GENOME NON_GENOME PIN 1100
GENOME NON_GENOME PIN 1107: GENOME NON_GENOME PIN 1100
GENOME NON_GENOME PIN 1108: GENOME NON_GENOME PIN 1100
GENOME NON_GENOME PIN 1109: GENOME NON_GENOME PIN 1100
GENOME NON_GENOME PIN 1110: GENOME NON_GENOME PIN 1100
GENOME NON_GENOME PIN 1111: GENOME NON_GENOME PIN 1100
GENOME NON_GENOME PIN 349: GENOME NON_GENOME PIN 1143
GENOME NON_GENOME PIN 1143: GENOME NON_GENOME PIN 349
INST gameplay_screen__GB1 PIN 45: GENOME gameplay_screen__GB1 PIN 45
INST gameplay_screen__GB1 PIN 55: GENOME gameplay_screen__GB1 PIN 55
INST gameplay_screen__GB1 PIN 83: GENOME gameplay_screen__GB1 PIN 83
INST gameplay_screen__GB1 PIN 125: GENOME gameplay_screen__GB1 PIN 125
INST gameplay_screen__GB1 PIN 126: GENOME gameplay_screen__GB1 PIN 126
INST gameplay_screen__GB1 PIN 127: GENOME gameplay_screen__GB1 PIN 127
INST gameplay_screen__GB1 PIN 139: GENOME gameplay_screen__GB1 PIN 139
INST gameplay_screen__GB1 PIN 140: GENOME gameplay_screen__GB1 PIN 140
INST gameplay_screen__GB1 PIN 141: GENOME gameplay_screen__GB1 PIN 141
INST gameplay_screen__GB1 PIN 154: GENOME gameplay_screen__GB1 PIN 154
INST gameplay_screen__GB1 PIN 155: GENOME gameplay_screen__GB1 PIN 155
INST gameplay_screen__GB1 PIN 156: GENOME gameplay_screen__GB1 PIN 156
INST gameplay_screen__GB1 PIN 157: GENOME gameplay_screen__GB1 PIN 157
INST gameplay_screen__GB1 PIN 158: GENOME gameplay_screen__GB1 PIN 158
INST gameplay_screen__GB1 PIN 159: GENOME gameplay_screen__GB1 PIN 159
INST gameplay_screen__GB1 PIN 160: GENOME gameplay_screen__GB1 PIN 160
INST gameplay_screen__GB1 PIN 161: GENOME gameplay_screen__GB1 PIN 161
INST gameplay_screen__GB1 PIN 162: GENOME gameplay_screen__GB1 PIN 162
INST gameplay_screen__GB1 PIN 163: GENOME gameplay_screen__GB1 PIN 163
INST gameplay_screen__GB1 PIN 164: GENOME gameplay_screen__GB1 PIN 164
INST gameplay_screen__GB1 PIN 166: GENOME gameplay_screen__GB1 PIN 166
INST gameplay_screen__GB1 PIN 167: GENOME gameplay_screen__GB1 PIN 167
INST gameplay_screen__GB1 PIN 168: GENOME gameplay_screen__GB1 PIN 168
INST gameplay_screen__GB1 PIN 169: GENOME gameplay_screen__GB1 PIN 169
INST gameplay_screen__GB1 PIN 170: GENOME gameplay_screen__GB1 PIN 170
INST gameplay_screen__GB1 PIN 171: GENOME gameplay_screen__GB1 PIN 171
INST gameplay_screen__GB1 PIN 172: GENOME gameplay_screen__GB1 PIN 172
INST gameplay_screen__GB1 PIN 173: GENOME gameplay_screen__GB1 PIN 173
INST gameplay_screen__GB1 PIN 174: GENOME gameplay_screen__GB1 PIN 174
INST gameplay_screen__GB1 PIN 175: GENOME gameplay_screen__GB1 PIN 175
INST gameplay_screen__GB1 PIN 176: GENOME gameplay_screen__GB1 PIN 176
INST gameplay_screen__GB1 PIN 189: GENOME gameplay_screen__GB1 PIN 189
INST gameplay_screen__GB1 PIN 190: GENOME gameplay_screen__GB1 PIN 190
INST gameplay_screen__GB1 PIN 201: GENOME gameplay_screen__GB1 PIN 201
INST gameplay_screen__GB1 PIN 202: GENOME gameplay_screen__GB1 PIN 202
INST gameplay_screen__GB1 PIN 278: GENOME gameplay_screen__GB1 PIN 278
INST gameplay_screen__GB1 PIN 279: GENOME gameplay_screen__GB1 PIN 279
INST gameplay_screen__GB1 PIN 280: GENOME gameplay_screen__GB1 PIN 280
INST gameplay_screen__GB1 PIN 291: GENOME gameplay_screen__GB1 PIN 291
INST gameplay_screen__GB1 PIN 292: GENOME gameplay_screen__GB1 PIN 292
INST gameplay_screen__GB1 PIN 293: GENOME gameplay_screen__GB1 PIN 293
INST gameplay_screen__GB1 PIN 303: GENOME gameplay_screen__GB1 PIN 303
INST gameplay_screen__GB1 PIN 304: GENOME gameplay_screen__GB1 PIN 304
INST gameplay_screen__GB1 PIN 305: GENOME gameplay_screen__GB1 PIN 305
INST gameplay_screen__GB1 PIN 315: GENOME gameplay_screen__GB1 PIN 315
INST gameplay_screen__GB1 PIN 316: GENOME gameplay_screen__GB1 PIN 316
INST gameplay_screen__GB1 PIN 317: GENOME gameplay_screen__GB1 PIN 317
INST gameplay_screen__GB1 PIN 327: GENOME gameplay_screen__GB1 PIN 327
INST gameplay_screen__GB1 PIN 328: GENOME gameplay_screen__GB1 PIN 328
INST gameplay_screen__GB1 PIN 329: GENOME gameplay_screen__GB1 PIN 329
INST gameplay_screen__GB1 PIN 543: GENOME gameplay_screen__GB1 PIN 543 INST gameplay_screen__GB2 PIN 59 TYPE 5
INST gameplay_screen__GB1 PIN 430: GENOME gameplay_screen__GB1 PIN 430
GENOME NON_GENOME PIN 543: GENOME NON_GENOME PIN 430
INST top_level__GC0 PIN 102: GENOME top_level__GC0 PIN 102 INST top_level__GC0 PIN 38 TYPE 5
INST top_level__GC0 PIN 38: GENOME top_level__GC0 PIN 38
INST top_level__GC0 PIN 103: GENOME top_level__GC0 PIN 103 INST top_level__GC0 PIN 37 TYPE 5
INST top_level__GC0 PIN 37: GENOME top_level__GC0 PIN 37
INST top_level__GC0 PIN 104: GENOME top_level__GC0 PIN 104 INST top_level__GC0 PIN 39 TYPE 5
INST top_level__GC0 PIN 39: GENOME top_level__GC0 PIN 39
GENOME NON_GENOME PIN 38: GENOME NON_GENOME PIN 102
GENOME NON_GENOME PIN 102: GENOME NON_GENOME PIN 38
GENOME NON_GENOME PIN 37: GENOME NON_GENOME PIN 103
GENOME NON_GENOME PIN 103: GENOME NON_GENOME PIN 37
GENOME NON_GENOME PIN 39: GENOME NON_GENOME PIN 104
GENOME NON_GENOME PIN 104: GENOME NON_GENOME PIN 39
INST gameplay_screen__GB10 PIN 31: GENOME gameplay_screen__GB10 PIN 31
INST gameplay_screen__GB10 PIN 44: GENOME gameplay_screen__GB10 PIN 44
