xilinx rtfpga
INFO: [Synth 8-3886] merging instance 'blues0_x_reg[0][0]' (FDSE) to 'blues0_x_reg[4][0]'
INFO: [Synth 8-3886] merging instance 'blues0_x_reg[0][9]' (FDRE) to 'blues0_x_reg[4][3]'
INFO: [Synth 8-3886] merging instance 'blues0_x_reg[0][8]' (FDRE) to 'blues0_x_reg[4][3]'
INFO: [Synth 8-3886] merging instance 'blues0_x_reg[0][7]' (FDRE) to 'blues0_x_reg[4][3]'
INFO: [Synth 8-3886] merging instance 'blues0_x_reg[0][6]' (FDRE) to 'blues0_x_reg[4][3]'
INFO: [Synth 8-3886] merging instance 'blues0_x_reg[0][5]' (FDRE) to 'blues0_x_reg[4][3]'
INFO: [Synth 8-3886] merging instance 'blues0_x_reg[0][1]' (FDSE) to 'blues0_x_reg[4][0]'
INFO: [Synth 8-3886] merging instance 'blues0_x_reg[0][2]' (FDSE) to 'blues0_x_reg[4][0]'
INFO: [Synth 8-3886] merging instance 'blues0_x_reg[0][3]' (FDSE) to 'blues0_x_reg[4][0]'
INFO: [Synth 8-3886] merging instance 'blues0_x_reg[0][4]' (FDRE) to 'blues0_x_reg[4][3]'
INFO: [Synth 8-3886] merging instance 'blues0_x_reg[0][10]' (FDRE) to 'blues0_x_reg[4][3]'
INFO: [Synth 8-3886] merging instance 'blues0_x_reg[4][0]' (FDSE) to 'blues0_x_reg[4][1]'
INFO: [Synth 8-3886] merging instance 'blues0_x_reg[4][9]' (FDRE) to 'blues0_x_reg[4][3]'
INFO: [Synth 8-3886] merging instance 'blues0_x_reg[4][8]' (FDSE) to 'blues0_x_reg[4][1]'
INFO: [Synth 8-3886] merging instance 'blues0_x_reg[4][7]' (FDRE) to 'blues0_x_reg[4][3]'
INFO: [Synth 8-3886] merging instance 'blues0_x_reg[4][6]' (FDSE) to 'blues0_x_reg[4][1]'
INFO: [Synth 8-3886] merging instance 'blues0_x_reg[4][5]' (FDSE) to 'blues0_x_reg[4][1]'
INFO: [Synth 8-3886] merging instance 'blues0_x_reg[4][1]' (FDSE) to 'blues0_x_reg[4][2]'
INFO: [Synth 8-3886] merging instance 'blues0_x_reg[4][2]' (FDSE) to 'blues0_x_reg[4][4]'
INFO: [Synth 8-3886] merging instance 'blues0_x_reg[4][3]' (FDRE) to 'blues0_x_reg[4][10]'
INFO: [Synth 8-3886] merging instance 'blues0_x_reg[4][4]' (FDSE) to 'blues0_x_reg[7][0]'
INFO: [Synth 8-3886] merging instance 'blues0_x_reg[4][10]' (FDRE) to 'blues0_x_reg[7][1]'
INFO: [Synth 8-3886] merging instance 'blues0_x_reg[6][0]' (FDSE) to 'blues0_x_reg[7][0]'
INFO: [Synth 8-3886] merging instance 'blues0_x_reg[6][9]' (FDSE) to 'blues0_x_reg[7][0]'
INFO: [Synth 8-3886] merging instance 'blues0_x_reg[6][8]' (FDRE) to 'blues0_x_reg[7][1]'
INFO: [Synth 8-3886] merging instance 'blues0_x_reg[6][7]' (FDRE) to 'blues0_x_reg[7][1]'
INFO: [Synth 8-3886] merging instance 'blues0_x_reg[6][6]' (FDRE) to 'blues0_x_reg[7][1]'
INFO: [Synth 8-3886] merging instance 'blues0_x_reg[6][5]' (FDSE) to 'blues0_x_reg[7][0]'
INFO: [Synth 8-3886] merging instance 'blues0_x_reg[6][1]' (FDSE) to 'blues0_x_reg[7][0]'
INFO: [Synth 8-3886] merging instance 'blues0_x_reg[6][2]' (FDRE) to 'blues0_x_reg[7][1]'
INFO: [Synth 8-3886] merging instance 'blues0_x_reg[6][3]' (FDSE) to 'blues0_x_reg[7][0]'
INFO: [Synth 8-3886] merging instance 'blues0_x_reg[6][4]' (FDRE) to 'blues0_x_reg[7][1]'
INFO: [Synth 8-3886] merging instance 'blues0_x_reg[6][10]' (FDRE) to 'blues0_x_reg[7][1]'
INFO: [Synth 8-3886] merging instance 'blues0_x_reg[7][0]' (FDSE) to 'blues0_x_reg[7][2]'
INFO: [Synth 8-3886] merging instance 'blues0_x_reg[7][9]' (FDSE) to 'blues0_x_reg[7][2]'
INFO: [Synth 8-3886] merging instance 'blues0_x_reg[7][8]' (FDRE) to 'blues0_x_reg[7][1]'
INFO: [Synth 8-3886] merging instance 'blues0_x_reg[7][7]' (FDSE) to 'blues0_x_reg[7][2]'
INFO: [Synth 8-3886] merging instance 'blues0_x_reg[7][6]' (FDRE) to 'blues0_x_reg[7][1]'
INFO: [Synth 8-3886] merging instance 'blues0_x_reg[7][5]' (FDRE) to 'blues0_x_reg[7][1]'
INFO: [Synth 8-3886] merging instance 'blues0_x_reg[7][1]' (FDRE) to 'blues0_x_reg[7][3]'
INFO: [Synth 8-3886] merging instance 'blues0_x_reg[7][2]' (FDSE) to 'blues0_x_reg[9][0]'
INFO: [Synth 8-3886] merging instance 'blues0_x_reg[7][3]' (FDRE) to 'blues0_x_reg[7][4]'
INFO: [Synth 8-3886] merging instance 'blues0_x_reg[7][4]' (FDRE) to 'blues0_x_reg[7][10]'
INFO: [Synth 8-3886] merging instance 'blues0_x_reg[7][10]' (FDRE) to 'blues0_x_reg[9][1]'
INFO: [Synth 8-3886] merging instance 'blues0_x_reg[8][0]' (FDSE) to 'blues0_x_reg[9][0]'
INFO: [Synth 8-3886] merging instance 'blues0_x_reg[8][9]' (FDSE) to 'blues0_x_reg[9][0]'
INFO: [Synth 8-3886] merging instance 'blues0_x_reg[8][8]' (FDRE) to 'blues0_x_reg[9][1]'
INFO: [Synth 8-3886] merging instance 'blues0_x_reg[8][7]' (FDSE) to 'blues0_x_reg[9][0]'
INFO: [Synth 8-3886] merging instance 'blues0_x_reg[8][6]' (FDSE) to 'blues0_x_reg[9][0]'
INFO: [Synth 8-3886] merging instance 'blues0_x_reg[8][5]' (FDRE) to 'blues0_x_reg[9][1]'
INFO: [Synth 8-3886] merging instance 'blues0_x_reg[8][1]' (FDSE) to 'blues0_x_reg[9][0]'
INFO: [Synth 8-3886] merging instance 'blues0_x_reg[8][2]' (FDSE) to 'blues0_x_reg[9][0]'
INFO: [Synth 8-3886] merging instance 'blues0_x_reg[8][3]' (FDSE) to 'blues0_x_reg[9][0]'
INFO: [Synth 8-3886] merging instance 'blues0_x_reg[8][4]' (FDSE) to 'blues0_x_reg[9][0]'
INFO: [Synth 8-3886] merging instance 'blues0_x_reg[8][10]' (FDRE) to 'blues0_x_reg[9][1]'
INFO: [Synth 8-3886] merging instance 'blues0_x_reg[9][0]' (FDSE) to 'blues0_x_reg[9][3]'
INFO: [Synth 8-3886] merging instance 'blues0_x_reg[9][9]' (FDSE) to 'blues0_x_reg[9][3]'
INFO: [Synth 8-3886] merging instance 'blues0_x_reg[9][8]' (FDSE) to 'blues0_x_reg[9][3]'
INFO: [Synth 8-3886] merging instance 'blues0_x_reg[9][7]' (FDRE) to 'blues0_x_reg[9][1]'
INFO: [Synth 8-3886] merging instance 'blues0_x_reg[9][6]' (FDRE) to 'blues0_x_reg[9][1]'
INFO: [Synth 8-3886] merging instance 'blues0_x_reg[9][5]' (FDSE) to 'blues0_x_reg[9][3]'
INFO: [Synth 8-3886] merging instance 'blues0_x_reg[9][1]' (FDRE) to 'blues0_x_reg[9][2]'
INFO: [Synth 8-3886] merging instance 'blues0_x_reg[9][2]' (FDRE) to 'blues0_x_reg[9][10]'
INFO: [Synth 8-3886] merging instance 'blues0_x_reg[9][3]' (FDSE) to 'blues0_x_reg[9][4]'
INFO: [Synth 8-3886] merging instance 'blues0_x_reg[9][4]' (FDSE) to 'reds0_x_reg[7][1]'
INFO: [Synth 8-3886] merging instance 'blues0_x_reg[9][10]' (FDRE) to 'reds0_x_reg[7][0]'
INFO: [Synth 8-3886] merging instance 'reds0_x_reg[4][0]' (FDRE) to 'reds0_x_reg[7][0]'
INFO: [Synth 8-3886] merging instance 'reds0_x_reg[4][9]' (FDRE) to 'reds0_x_reg[7][0]'
INFO: [Synth 8-3886] merging instance 'reds0_x_reg[4][8]' (FDSE) to 'reds0_x_reg[7][1]'
INFO: [Synth 8-3886] merging instance 'reds0_x_reg[4][7]' (FDSE) to 'reds0_x_reg[7][1]'
INFO: [Synth 8-3886] merging instance 'reds0_x_reg[4][6]' (FDRE) to 'reds0_x_reg[7][0]'
INFO: [Synth 8-3886] merging instance 'reds0_x_reg[4][5]' (FDSE) to 'reds0_x_reg[7][1]'
INFO: [Synth 8-3886] merging instance 'reds0_x_reg[4][1]' (FDRE) to 'reds0_x_reg[7][0]'
INFO: [Synth 8-3886] merging instance 'reds0_x_reg[4][2]' (FDSE) to 'reds0_x_reg[7][1]'
INFO: [Synth 8-3886] merging instance 'reds0_x_reg[4][3]' (FDRE) to 'reds0_x_reg[7][0]'
INFO: [Synth 8-3886] merging instance 'reds0_x_reg[4][4]' (FDRE) to 'reds0_x_reg[7][0]'
INFO: [Synth 8-3886] merging instance 'reds0_x_reg[4][10]' (FDRE) to 'reds0_x_reg[7][0]'
INFO: [Synth 8-3886] merging instance 'reds0_x_reg[7][0]' (FDRE) to 'reds0_x_reg[7][2]'
INFO: [Synth 8-3886] merging instance 'reds0_x_reg[7][9]' (FDSE) to 'reds0_x_reg[7][1]'
INFO: [Synth 8-3886] merging instance 'reds0_x_reg[7][8]' (FDRE) to 'reds0_x_reg[7][2]'
INFO: [Synth 8-3886] merging instance 'reds0_x_reg[7][7]' (FDSE) to 'reds0_x_reg[7][1]'
INFO: [Synth 8-3886] merging instance 'reds0_x_reg[7][6]' (FDRE) to 'reds0_x_reg[7][2]'
INFO: [Synth 8-3886] merging instance 'reds0_x_reg[7][5]' (FDSE) to 'reds0_x_reg[7][1]'
INFO: [Synth 8-3886] merging instance 'reds0_x_reg[7][1]' (FDSE) to 'reds0_x_reg[7][4]'
INFO: [Synth 8-3886] merging instance 'reds0_x_reg[7][2]' (FDRE) to 'reds0_x_reg[7][3]'
INFO: [Synth 8-3886] merging instance 'reds0_x_reg[7][3]' (FDRE) to 'reds0_x_reg[7][10]'
INFO: [Synth 8-3333] propagating constant 1 across sequential element (\reds0_x_reg[7][4] )
INFO: [Synth 8-3333] propagating constant 0 across sequential element (\reds0_x_reg[7][10] )
