xilinx rtfpga
INFO: [Synth 8-3886] merging instance 'reds_x_reg[2][9][0]' (FDRE) to 'reds_x_reg[3][9][0]'
INFO: [Synth 8-3886] merging instance 'reds_x_reg[2][9][1]' (FDRE) to 'reds_x_reg[3][9][0]'
INFO: [Synth 8-3886] merging instance 'reds_x_reg[2][9][2]' (FDRE) to 'reds_x_reg[3][9][0]'
INFO: [Synth 8-3886] merging instance 'reds_x_reg[2][9][3]' (FDRE) to 'reds_x_reg[3][9][0]'
INFO: [Synth 8-3886] merging instance 'reds_x_reg[2][9][4]' (FDSE) to 'reds_x_reg[3][9][1]'
INFO: [Synth 8-3886] merging instance 'reds_x_reg[2][9][5]' (FDSE) to 'reds_x_reg[3][9][1]'
INFO: [Synth 8-3886] merging instance 'reds_x_reg[2][9][6]' (FDSE) to 'reds_x_reg[3][9][1]'
INFO: [Synth 8-3886] merging instance 'reds_x_reg[2][9][7]' (FDSE) to 'reds_x_reg[3][9][1]'
INFO: [Synth 8-3886] merging instance 'reds_x_reg[2][9][8]' (FDRE) to 'reds_x_reg[3][9][0]'
INFO: [Synth 8-3886] merging instance 'reds_x_reg[2][9][9]' (FDRE) to 'reds_x_reg[3][9][0]'
INFO: [Synth 8-3886] merging instance 'reds_x_reg[2][9][10]' (FDRE) to 'reds_x_reg[3][9][0]'
INFO: [Synth 8-3886] merging instance 'reds_x_reg[3][9][0]' (FDRE) to 'reds_x_reg[3][9][2]'
INFO: [Synth 8-3886] merging instance 'reds_x_reg[3][9][1]' (FDSE) to 'reds_x_reg[3][9][3]'
INFO: [Synth 8-3886] merging instance 'reds_x_reg[3][9][2]' (FDRE) to 'reds_x_reg[3][9][4]'
INFO: [Synth 8-3886] merging instance 'reds_x_reg[3][9][3]' (FDSE) to 'reds_x_reg[3][9][6]'
INFO: [Synth 8-3886] merging instance 'reds_x_reg[3][9][4]' (FDRE) to 'reds_x_reg[3][9][5]'
INFO: [Synth 8-3886] merging instance 'reds_x_reg[3][9][5]' (FDRE) to 'reds_x_reg[3][9][7]'
INFO: [Synth 8-3886] merging instance 'reds_x_reg[3][9][6]' (FDSE) to 'reds_x_reg[3][9][8]'
INFO: [Synth 8-3886] merging instance 'reds_x_reg[3][9][7]' (FDRE) to 'reds_x_reg[3][9][9]'
INFO: [Synth 8-3886] merging instance 'reds_x_reg[3][9][8]' (FDSE) to 'blues_y_reg[3][9][0]'
INFO: [Synth 8-3886] merging instance 'reds_x_reg[3][9][9]' (FDRE) to 'reds_x_reg[3][9][10]'
INFO: [Synth 8-3886] merging instance 'reds_x_reg[3][9][10]' (FDRE) to 'blues_y_reg[3][9][1]'
INFO: [Synth 8-3886] merging instance 'blues_x_reg[3][9][0]' (FDSE) to 'blues_y_reg[3][9][0]'
INFO: [Synth 8-3886] merging instance 'blues_x_reg[3][9][1]' (FDRE) to 'blues_y_reg[3][9][1]'
INFO: [Synth 8-3886] merging instance 'blues_x_reg[3][9][2]' (FDSE) to 'blues_y_reg[3][9][0]'
INFO: [Synth 8-3886] merging instance 'blues_x_reg[3][9][3]' (FDSE) to 'blues_y_reg[3][9][0]'
INFO: [Synth 8-3886] merging instance 'blues_x_reg[3][9][4]' (FDSE) to 'blues_y_reg[3][9][0]'
INFO: [Synth 8-3886] merging instance 'blues_x_reg[3][9][5]' (FDRE) to 'blues_y_reg[3][9][1]'
INFO: [Synth 8-3886] merging instance 'blues_x_reg[3][9][6]' (FDRE) to 'blues_y_reg[3][9][1]'
INFO: [Synth 8-3886] merging instance 'blues_x_reg[3][9][7]' (FDRE) to 'blues_y_reg[3][9][1]'
INFO: [Synth 8-3886] merging instance 'blues_x_reg[3][9][8]' (FDSE) to 'blues_y_reg[3][9][0]'
INFO: [Synth 8-3886] merging instance 'blues_x_reg[3][9][9]' (FDRE) to 'blues_y_reg[3][9][1]'
INFO: [Synth 8-3886] merging instance 'blues_x_reg[3][9][10]' (FDRE) to 'blues_y_reg[3][9][1]'
INFO: [Synth 8-3886] merging instance 'blues_y_reg[3][9][0]' (FDSE) to 'blues_y_reg[3][9][4]'
INFO: [Synth 8-3886] merging instance 'blues_y_reg[2][9][0]' (FDRE) to 'blues_y_reg[3][9][1]'
INFO: [Synth 8-3886] merging instance 'blues_y_reg[2][9][8]' (FDRE) to 'blues_y_reg[3][9][1]'
INFO: [Synth 8-3886] merging instance 'blues_y_reg[2][9][7]' (FDRE) to 'blues_y_reg[3][9][1]'
INFO: [Synth 8-3886] merging instance 'blues_y_reg[2][9][6]' (FDSE) to 'blues_y_reg[3][9][4]'
INFO: [Synth 8-3886] merging instance 'blues_y_reg[2][9][5]' (FDSE) to 'blues_y_reg[3][9][4]'
INFO: [Synth 8-3886] merging instance 'blues_y_reg[2][9][1]' (FDRE) to 'blues_y_reg[3][9][1]'
INFO: [Synth 8-3886] merging instance 'blues_y_reg[2][9][2]' (FDSE) to 'blues_y_reg[3][9][4]'
INFO: [Synth 8-3886] merging instance 'blues_y_reg[2][9][3]' (FDRE) to 'blues_y_reg[3][9][1]'
INFO: [Synth 8-3886] merging instance 'blues_y_reg[2][9][4]' (FDRE) to 'blues_y_reg[3][9][1]'
INFO: [Synth 8-3886] merging instance 'blues_y_reg[2][9][9]' (FDRE) to 'blues_y_reg[3][9][1]'
INFO: [Synth 8-3886] merging instance 'blues_y_reg[3][9][8]' (FDRE) to 'blues_y_reg[3][9][1]'
INFO: [Synth 8-3886] merging instance 'blues_y_reg[3][9][7]' (FDSE) to 'blues_y_reg[3][9][4]'
INFO: [Synth 8-3886] merging instance 'blues_y_reg[3][9][6]' (FDRE) to 'blues_y_reg[3][9][1]'
INFO: [Synth 8-3886] merging instance 'blues_y_reg[3][9][5]' (FDRE) to 'blues_y_reg[3][9][1]'
INFO: [Synth 8-3886] merging instance 'blues_y_reg[3][9][1]' (FDRE) to 'blues_y_reg[3][9][2]'
INFO: [Synth 8-3886] merging instance 'blues_y_reg[3][9][2]' (FDRE) to 'blues_y_reg[3][9][3]'
INFO: [Synth 8-3886] merging instance 'blues_y_reg[3][9][3]' (FDRE) to 'blues_y_reg[3][9][9]'
INFO: [Synth 8-3333] propagating constant 1 across sequential element (\blues_y_reg[3][9][4] )
INFO: [Synth 8-3333] propagating constant 0 across sequential element (\blues_y_reg[3][9][9] )
