xilinx rtfpga
INFO: [Synth 8-3886] merging instance 'combined1_red_reg[1][2][0]' (FDR) to 'combined1_red_reg[1][2][7]'
INFO: [Synth 8-3886] merging instance 'combined1_red_reg[1][1][0]' (FDR) to 'combined1_red_reg[1][1][7]'
INFO: [Synth 8-3886] merging instance 'combined1_red_reg[1][2][1]' (FDR) to 'combined1_red_reg[1][2][7]'
INFO: [Synth 8-3886] merging instance 'combined1_red_reg[1][1][1]' (FDR) to 'combined1_red_reg[1][1][7]'
INFO: [Synth 8-3886] merging instance 'combined1_red_reg[1][2][2]' (FDR) to 'combined1_red_reg[1][2][7]'
INFO: [Synth 8-3886] merging instance 'combined1_red_reg[1][1][2]' (FDR) to 'combined1_red_reg[1][1][7]'
INFO: [Synth 8-3886] merging instance 'combined1_red_reg[1][2][3]' (FDR) to 'combined1_red_reg[1][2][7]'
INFO: [Synth 8-3886] merging instance 'combined1_red_reg[1][1][3]' (FDR) to 'combined1_red_reg[1][1][7]'
INFO: [Synth 8-3886] merging instance 'combined1_red_reg[1][2][4]' (FDR) to 'combined1_red_reg[1][2][7]'
INFO: [Synth 8-3886] merging instance 'combined1_red_reg[1][1][4]' (FDR) to 'combined1_red_reg[1][1][7]'
INFO: [Synth 8-3886] merging instance 'combined1_red_reg[1][2][5]' (FDR) to 'combined1_red_reg[1][2][7]'
INFO: [Synth 8-3886] merging instance 'combined1_red_reg[1][1][5]' (FDR) to 'combined1_red_reg[1][1][7]'
INFO: [Synth 8-3886] merging instance 'combined1_red_reg[1][2][6]' (FDR) to 'combined1_red_reg[1][2][7]'
INFO: [Synth 8-3886] merging instance 'combined1_red_reg[1][1][6]' (FDR) to 'combined1_red_reg[1][1][7]'
INFO: [Synth 8-3333] propagating constant 0 across sequential element (\combined1_red_reg[1][2][7] )
INFO: [Synth 8-3333] propagating constant 0 across sequential element (\combined1_red_reg[1][1][7] )
INFO: [Synth 8-3886] merging instance 'combined1_red_reg[1][2][9]' (FDR) to 'combined1_red_reg[1][2][11]'
INFO: [Synth 8-3886] merging instance 'combined1_red_reg[1][1][9]' (FDR) to 'combined1_red_reg[1][1][11]'
INFO: [Synth 8-3886] merging instance 'combined1_red_reg[1][2][10]' (FDR) to 'combined1_red_reg[1][2][11]'
INFO: [Synth 8-3886] merging instance 'combined1_red_reg[1][1][10]' (FDR) to 'combined1_red_reg[1][1][11]'
INFO: [Synth 8-3886] merging instance 'combined1_red_reg[1][0][0]' (FDR) to 'combined1_red_reg[1][0][7]'
INFO: [Synth 8-3886] merging instance 'combined1_red_reg[1][3][0]' (FDR) to 'combined1_red_reg[1][3][7]'
INFO: [Synth 8-3886] merging instance 'combined1_red_reg[1][4][0]' (FDR) to 'combined1_red_reg[1][4][7]'
INFO: [Synth 8-3886] merging instance 'combined1_red_reg[1][0][1]' (FDR) to 'combined1_red_reg[1][0][7]'
INFO: [Synth 8-3886] merging instance 'combined1_red_reg[1][3][1]' (FDR) to 'combined1_red_reg[1][3][7]'
INFO: [Synth 8-3886] merging instance 'combined1_red_reg[1][4][1]' (FDR) to 'combined1_red_reg[1][4][7]'
INFO: [Synth 8-3886] merging instance 'combined1_red_reg[1][0][2]' (FDR) to 'combined1_red_reg[1][0][7]'
INFO: [Synth 8-3886] merging instance 'combined1_red_reg[1][3][2]' (FDR) to 'combined1_red_reg[1][3][7]'
INFO: [Synth 8-3886] merging instance 'combined1_red_reg[1][4][2]' (FDR) to 'combined1_red_reg[1][4][7]'
INFO: [Synth 8-3886] merging instance 'combined1_red_reg[1][0][3]' (FDR) to 'combined1_red_reg[1][0][7]'
INFO: [Synth 8-3886] merging instance 'combined1_red_reg[1][3][3]' (FDR) to 'combined1_red_reg[1][3][7]'
INFO: [Synth 8-3886] merging instance 'combined1_red_reg[1][4][3]' (FDR) to 'combined1_red_reg[1][4][7]'
INFO: [Synth 8-3886] merging instance 'combined1_red_reg[1][0][4]' (FDR) to 'combined1_red_reg[1][0][7]'
INFO: [Synth 8-3886] merging instance 'combined1_red_reg[1][3][4]' (FDR) to 'combined1_red_reg[1][3][7]'
INFO: [Synth 8-3886] merging instance 'combined1_red_reg[1][4][4]' (FDR) to 'combined1_red_reg[1][4][7]'
INFO: [Synth 8-3886] merging instance 'combined1_red_reg[1][0][5]' (FDR) to 'combined1_red_reg[1][0][7]'
INFO: [Synth 8-3886] merging instance 'combined1_red_reg[1][3][5]' (FDR) to 'combined1_red_reg[1][3][7]'
INFO: [Synth 8-3886] merging instance 'combined1_red_reg[1][4][5]' (FDR) to 'combined1_red_reg[1][4][7]'
INFO: [Synth 8-3886] merging instance 'combined1_red_reg[1][0][6]' (FDR) to 'combined1_red_reg[1][0][7]'
INFO: [Synth 8-3886] merging instance 'combined1_red_reg[1][3][6]' (FDR) to 'combined1_red_reg[1][3][7]'
INFO: [Synth 8-3886] merging instance 'combined1_red_reg[1][4][6]' (FDR) to 'combined1_red_reg[1][4][7]'
INFO: [Synth 8-3333] propagating constant 0 across sequential element (\combined1_red_reg[1][0][7] )
INFO: [Synth 8-3333] propagating constant 0 across sequential element (\combined1_red_reg[1][3][7] )
INFO: [Synth 8-3333] propagating constant 0 across sequential element (\combined1_red_reg[1][4][7] )
INFO: [Synth 8-3886] merging instance 'combined1_red_reg[1][0][9]' (FDR) to 'combined1_red_reg[1][0][11]'
INFO: [Synth 8-3886] merging instance 'combined1_red_reg[1][3][9]' (FDR) to 'combined1_red_reg[1][3][11]'
INFO: [Synth 8-3886] merging instance 'combined1_red_reg[1][4][9]' (FDR) to 'combined1_red_reg[1][4][11]'
INFO: [Synth 8-3886] merging instance 'combined1_red_reg[1][0][10]' (FDR) to 'combined1_red_reg[1][0][11]'
INFO: [Synth 8-3886] merging instance 'combined1_red_reg[1][3][10]' (FDR) to 'combined1_red_reg[1][3][11]'
INFO: [Synth 8-3886] merging instance 'combined1_red_reg[1][4][10]' (FDR) to 'combined1_red_reg[1][4][11]'
INFO: [Synth 8-3886] merging instance 'combined1_blue_reg[1][2][1]' (FDR) to 'combined1_blue_reg[1][2][3]'
INFO: [Synth 8-3886] merging instance 'combined1_blue_reg[1][1][1]' (FDR) to 'combined1_blue_reg[1][1][3]'
INFO: [Synth 8-3886] merging instance 'combined1_blue_reg[1][2][2]' (FDR) to 'combined1_blue_reg[1][2][3]'
INFO: [Synth 8-3886] merging instance 'combined1_blue_reg[1][1][2]' (FDR) to 'combined1_blue_reg[1][1][3]'
INFO: [Synth 8-3886] merging instance 'combined1_blue_reg[1][2][5]' (FDR) to 'combined1_blue_reg[1][2][11]'
INFO: [Synth 8-3886] merging instance 'combined1_blue_reg[1][1][5]' (FDR) to 'combined1_blue_reg[1][1][11]'
INFO: [Synth 8-3886] merging instance 'combined1_blue_reg[1][2][6]' (FDR) to 'combined1_blue_reg[1][2][11]'
INFO: [Synth 8-3886] merging instance 'combined1_blue_reg[1][1][6]' (FDR) to 'combined1_blue_reg[1][1][11]'
INFO: [Synth 8-3886] merging instance 'combined1_blue_reg[1][2][7]' (FDR) to 'combined1_blue_reg[1][2][11]'
INFO: [Synth 8-3886] merging instance 'combined1_blue_reg[1][1][7]' (FDR) to 'combined1_blue_reg[1][1][11]'
INFO: [Synth 8-3886] merging instance 'combined1_blue_reg[1][2][8]' (FDR) to 'combined1_blue_reg[1][2][11]'
INFO: [Synth 8-3886] merging instance 'combined1_blue_reg[1][1][8]' (FDR) to 'combined1_blue_reg[1][1][11]'
INFO: [Synth 8-3886] merging instance 'combined1_blue_reg[1][2][9]' (FDR) to 'combined1_blue_reg[1][2][11]'
INFO: [Synth 8-3886] merging instance 'combined1_blue_reg[1][1][9]' (FDR) to 'combined1_blue_reg[1][1][11]'
INFO: [Synth 8-3886] merging instance 'combined1_blue_reg[1][2][10]' (FDR) to 'combined1_blue_reg[1][2][11]'
INFO: [Synth 8-3886] merging instance 'combined1_blue_reg[1][1][10]' (FDR) to 'combined1_blue_reg[1][1][11]'
INFO: [Synth 8-3333] propagating constant 0 across sequential element (\combined1_blue_reg[1][2][11] )
INFO: [Synth 8-3333] propagating constant 0 across sequential element (\combined1_blue_reg[1][1][11] )
INFO: [Synth 8-3886] merging instance 'combined1_blue_reg[1][0][1]' (FDR) to 'combined1_blue_reg[1][0][3]'
INFO: [Synth 8-3886] merging instance 'combined1_blue_reg[1][3][1]' (FDR) to 'combined1_blue_reg[1][3][3]'
INFO: [Synth 8-3886] merging instance 'combined1_blue_reg[1][4][1]' (FDR) to 'combined1_blue_reg[1][4][3]'
INFO: [Synth 8-3886] merging instance 'combined1_blue_reg[1][0][2]' (FDR) to 'combined1_blue_reg[1][0][3]'
INFO: [Synth 8-3886] merging instance 'combined1_blue_reg[1][3][2]' (FDR) to 'combined1_blue_reg[1][3][3]'
INFO: [Synth 8-3886] merging instance 'combined1_blue_reg[1][4][2]' (FDR) to 'combined1_blue_reg[1][4][3]'
INFO: [Synth 8-3886] merging instance 'combined1_blue_reg[1][0][5]' (FDR) to 'combined1_blue_reg[1][0][11]'
INFO: [Synth 8-3886] merging instance 'combined1_blue_reg[1][3][5]' (FDR) to 'combined1_blue_reg[1][3][11]'
INFO: [Synth 8-3886] merging instance 'combined1_blue_reg[1][4][5]' (FDR) to 'combined1_blue_reg[1][4][11]'
INFO: [Synth 8-3886] merging instance 'combined1_blue_reg[1][0][6]' (FDR) to 'combined1_blue_reg[1][0][11]'
INFO: [Synth 8-3886] merging instance 'combined1_blue_reg[1][3][6]' (FDR) to 'combined1_blue_reg[1][3][11]'
INFO: [Synth 8-3886] merging instance 'combined1_blue_reg[1][4][6]' (FDR) to 'combined1_blue_reg[1][4][11]'
INFO: [Synth 8-3886] merging instance 'combined1_blue_reg[1][0][7]' (FDR) to 'combined1_blue_reg[1][0][11]'
INFO: [Synth 8-3886] merging instance 'combined1_blue_reg[1][3][7]' (FDR) to 'combined1_blue_reg[1][3][11]'
INFO: [Synth 8-3886] merging instance 'combined1_blue_reg[1][4][7]' (FDR) to 'combined1_blue_reg[1][4][11]'
INFO: [Synth 8-3886] merging instance 'combined1_blue_reg[1][0][8]' (FDR) to 'combined1_blue_reg[1][0][11]'
INFO: [Synth 8-3886] merging instance 'combined1_blue_reg[1][3][8]' (FDR) to 'combined1_blue_reg[1][3][11]'
INFO: [Synth 8-3886] merging instance 'combined1_blue_reg[1][4][8]' (FDR) to 'combined1_blue_reg[1][4][11]'
INFO: [Synth 8-3886] merging instance 'combined1_blue_reg[1][0][9]' (FDR) to 'combined1_blue_reg[1][0][11]'
INFO: [Synth 8-3886] merging instance 'combined1_blue_reg[1][3][9]' (FDR) to 'combined1_blue_reg[1][3][11]'
INFO: [Synth 8-3886] merging instance 'combined1_blue_reg[1][4][9]' (FDR) to 'combined1_blue_reg[1][4][11]'
INFO: [Synth 8-3886] merging instance 'combined1_blue_reg[1][0][10]' (FDR) to 'combined1_blue_reg[1][0][11]'
INFO: [Synth 8-3886] merging instance 'combined1_blue_reg[1][3][10]' (FDR) to 'combined1_blue_reg[1][3][11]'
INFO: [Synth 8-3886] merging instance 'combined1_blue_reg[1][4][10]' (FDR) to 'combined1_blue_reg[1][4][11]'
INFO: [Synth 8-3333] propagating constant 0 across sequential element (\combined1_blue_reg[1][0][11] )
INFO: [Synth 8-3333] propagating constant 0 across sequential element (\combined1_blue_reg[1][4][11] )
INFO: [Synth 8-3333] propagating constant 0 across sequential element (\combined1_blue_reg[1][3][11] )
INFO: [Synth 8-3886] merging instance 'reds_x_reg[1][9][0]' (FDRE) to 'blues_x_reg[1][9][1]'
INFO: [Synth 8-3886] merging instance 'reds_x_reg[1][9][1]' (FDSE) to 'blues_x_reg[1][9][0]'
INFO: [Synth 8-3886] merging instance 'reds_x_reg[1][9][2]' (FDSE) to 'blues_x_reg[1][9][0]'
INFO: [Synth 8-3886] merging instance 'reds_x_reg[1][9][3]' (FDRE) to 'blues_x_reg[1][9][1]'
INFO: [Synth 8-3886] merging instance 'reds_x_reg[1][9][4]' (FDSE) to 'blues_x_reg[1][9][0]'
INFO: [Synth 8-3886] merging instance 'reds_x_reg[1][9][5]' (FDRE) to 'blues_x_reg[1][9][1]'
INFO: [Synth 8-3886] merging instance 'reds_x_reg[1][9][6]' (FDRE) to 'blues_x_reg[1][9][1]'
INFO: [Synth 8-3886] merging instance 'reds_x_reg[1][9][7]' (FDSE) to 'blues_x_reg[1][9][0]'
INFO: [Synth 8-3886] merging instance 'reds_x_reg[1][9][8]' (FDRE) to 'blues_x_reg[1][9][1]'
INFO: [Synth 8-3886] merging instance 'reds_x_reg[1][9][9]' (FDRE) to 'blues_x_reg[1][9][1]'
INFO: [Synth 8-3886] merging instance 'reds_x_reg[1][9][10]' (FDRE) to 'blues_x_reg[1][9][1]'
INFO: [Synth 8-3886] merging instance 'blues_x_reg[1][9][0]' (FDSE) to 'blues_x_reg[1][9][3]'
INFO: [Synth 8-3886] merging instance 'blues_x_reg[1][9][1]' (FDRE) to 'blues_x_reg[1][9][2]'
INFO: [Synth 8-3886] merging instance 'blues_x_reg[1][9][2]' (FDRE) to 'blues_x_reg[1][9][4]'
INFO: [Synth 8-3886] merging instance 'blues_x_reg[1][9][3]' (FDSE) to 'blues_x_reg[1][9][5]'
INFO: [Common 17-14] Message 'Synth 8-3886' appears 100 times and further instances of the messages will be disabled. Use the Tcl command set_msg_config to change the current settings.
INFO: [Synth 8-3333] propagating constant 1 across sequential element (\blues_x_reg[1][9][6] )
INFO: [Synth 8-3333] propagating constant 0 across sequential element (\blues_x_reg[1][9][10] )
INFO: [Synth 8-3333] propagating constant 0 across sequential element (\combined2_blue_reg[1][11] )
INFO: [Synth 8-3333] propagating constant 0 across sequential element (\combined2_red_reg[1][2] )
