GENOME NON_GENOME PIN 823: GENOME NON_GENOME PIN 120
GENOME NON_GENOME PIN 120: GENOME NON_GENOME PIN 823 GENOME NON_GENOME PIN 193
GENOME NON_GENOME PIN 863: GENOME NON_GENOME PIN 121
GENOME NON_GENOME PIN 121: GENOME NON_GENOME PIN 863 GENOME NON_GENOME PIN 161
GENOME NON_GENOME PIN 48: GENOME NON_GENOME PIN 130 GENOME NON_GENOME PIN 155 GENOME NON_GENOME PIN 17
GENOME NON_GENOME PIN 130: GENOME NON_GENOME PIN 48
GENOME NON_GENOME PIN 49: GENOME NON_GENOME PIN 131 GENOME NON_GENOME PIN 156
GENOME NON_GENOME PIN 131: GENOME NON_GENOME PIN 49
GENOME NON_GENOME PIN 171: GENOME NON_GENOME PIN 141
GENOME NON_GENOME PIN 141: GENOME NON_GENOME PIN 171
GENOME NON_GENOME PIN 894: GENOME NON_GENOME PIN 146
GENOME NON_GENOME PIN 146: GENOME NON_GENOME PIN 894 GENOME NON_GENOME PIN 180
GENOME NON_GENOME PIN 47: GENOME NON_GENOME PIN 154 GENOME NON_GENOME PIN 46
GENOME NON_GENOME PIN 154: GENOME NON_GENOME PIN 47
GENOME NON_GENOME PIN 155: GENOME NON_GENOME PIN 48
GENOME NON_GENOME PIN 156: GENOME NON_GENOME PIN 49
GENOME NON_GENOME PIN 815: GENOME NON_GENOME PIN 157
GENOME NON_GENOME PIN 157: GENOME NON_GENOME PIN 815
GENOME NON_GENOME PIN 813: GENOME NON_GENOME PIN 160
GENOME NON_GENOME PIN 160: GENOME NON_GENOME PIN 813
GENOME NON_GENOME PIN 434: GENOME NON_GENOME PIN 181 GENOME NON_GENOME PIN 430
GENOME NON_GENOME PIN 181: GENOME NON_GENOME PIN 434
GENOME NON_GENOME PIN 107: GENOME NON_GENOME PIN 189
GENOME NON_GENOME PIN 189: GENOME NON_GENOME PIN 107 GENOME NON_GENOME PIN 20
GENOME NON_GENOME PIN 108: GENOME NON_GENOME PIN 190 GENOME NON_GENOME PIN 299
GENOME NON_GENOME PIN 190: GENOME NON_GENOME PIN 108 GENOME NON_GENOME PIN 21
GENOME NON_GENOME PIN 109: GENOME NON_GENOME PIN 191 GENOME NON_GENOME PIN 300
GENOME NON_GENOME PIN 191: GENOME NON_GENOME PIN 109
GENOME NON_GENOME PIN 901: GENOME NON_GENOME PIN 196
GENOME NON_GENOME PIN 196: GENOME NON_GENOME PIN 901 GENOME NON_GENOME PIN 12
GENOME NON_GENOME PIN 902: GENOME NON_GENOME PIN 197
GENOME NON_GENOME PIN 197: GENOME NON_GENOME PIN 902
GENOME NON_GENOME PIN 812: GENOME NON_GENOME PIN 198
GENOME NON_GENOME PIN 198: GENOME NON_GENOME PIN 812
GENOME NON_GENOME PIN 904: GENOME NON_GENOME PIN 199
GENOME NON_GENOME PIN 199: GENOME NON_GENOME PIN 904 GENOME NON_GENOME PIN 22
GENOME NON_GENOME PIN 905: GENOME NON_GENOME PIN 200
GENOME NON_GENOME PIN 200: GENOME NON_GENOME PIN 905 GENOME NON_GENOME PIN 147
GENOME NON_GENOME PIN 906: GENOME NON_GENOME PIN 201
GENOME NON_GENOME PIN 201: GENOME NON_GENOME PIN 906 GENOME NON_GENOME PIN 187
GENOME NON_GENOME PIN 907: GENOME NON_GENOME PIN 202
GENOME NON_GENOME PIN 202: GENOME NON_GENOME PIN 907 GENOME NON_GENOME PIN 203 GENOME NON_GENOME PIN 204 GENOME NON_GENOME PIN 205
GENOME NON_GENOME PIN 373: GENOME NON_GENOME PIN 213 GENOME NON_GENOME PIN 370
GENOME NON_GENOME PIN 213: GENOME NON_GENOME PIN 373
GENOME NON_GENOME PIN 1004: GENOME NON_GENOME PIN 221
GENOME NON_GENOME PIN 221: GENOME NON_GENOME PIN 1004
GENOME NON_GENOME PIN 1005: GENOME NON_GENOME PIN 222 GENOME NON_GENOME PIN 233
GENOME NON_GENOME PIN 222: GENOME NON_GENOME PIN 1005
GENOME NON_GENOME PIN 1006: GENOME NON_GENOME PIN 223 GENOME NON_GENOME PIN 234
GENOME NON_GENOME PIN 223: GENOME NON_GENOME PIN 1006
GENOME NON_GENOME PIN 233: GENOME NON_GENOME PIN 1005
GENOME NON_GENOME PIN 234: GENOME NON_GENOME PIN 1006
GENOME NON_GENOME PIN 57: GENOME NON_GENOME PIN 253
GENOME NON_GENOME PIN 253: GENOME NON_GENOME PIN 57
GENOME NON_GENOME PIN 58: GENOME NON_GENOME PIN 254 GENOME NON_GENOME PIN 264
GENOME NON_GENOME PIN 254: GENOME NON_GENOME PIN 58
GENOME NON_GENOME PIN 59: GENOME NON_GENOME PIN 255 GENOME NON_GENOME PIN 265 GENOME NON_GENOME PIN 175
GENOME NON_GENOME PIN 255: GENOME NON_GENOME PIN 59
GENOME NON_GENOME PIN 264: GENOME NON_GENOME PIN 58
GENOME NON_GENOME PIN 265: GENOME NON_GENOME PIN 59
GENOME NON_GENOME PIN 945: GENOME NON_GENOME PIN 268
GENOME NON_GENOME PIN 268: GENOME NON_GENOME PIN 945
GENOME NON_GENOME PIN 288: GENOME NON_GENOME PIN 278
GENOME NON_GENOME PIN 278: GENOME NON_GENOME PIN 288
GENOME NON_GENOME PIN 299: GENOME NON_GENOME PIN 108 GENOME NON_GENOME PIN 298
GENOME NON_GENOME PIN 300: GENOME NON_GENOME PIN 109 GENOME NON_GENOME PIN 298
GENOME NON_GENOME PIN 858: GENOME NON_GENOME PIN 312
GENOME NON_GENOME PIN 312: GENOME NON_GENOME PIN 858
GENOME NON_GENOME PIN 347: GENOME NON_GENOME PIN 322 GENOME NON_GENOME PIN 346
GENOME NON_GENOME PIN 322: GENOME NON_GENOME PIN 347
GENOME NON_GENOME PIN 826: GENOME NON_GENOME PIN 323
GENOME NON_GENOME PIN 323: GENOME NON_GENOME PIN 826
GENOME NON_GENOME PIN 828: GENOME NON_GENOME PIN 324
GENOME NON_GENOME PIN 324: GENOME NON_GENOME PIN 828
GENOME NON_GENOME PIN 384: GENOME NON_GENOME PIN 335 GENOME NON_GENOME PIN 382
GENOME NON_GENOME PIN 335: GENOME NON_GENOME PIN 384 GENOME NON_GENOME PIN 334
GENOME NON_GENOME PIN 830: GENOME NON_GENOME PIN 337
GENOME NON_GENOME PIN 337: GENOME NON_GENOME PIN 830 GENOME NON_GENOME PIN 334
GENOME NON_GENOME PIN 832: GENOME NON_GENOME PIN 348
GENOME NON_GENOME PIN 348: GENOME NON_GENOME PIN 832 GENOME NON_GENOME PIN 346
GENOME NON_GENOME PIN 834: GENOME NON_GENOME PIN 355
GENOME NON_GENOME PIN 355: GENOME NON_GENOME PIN 834
GENOME NON_GENOME PIN 836: GENOME NON_GENOME PIN 356
GENOME NON_GENOME PIN 356: GENOME NON_GENOME PIN 836
GENOME NON_GENOME PIN 838: GENOME NON_GENOME PIN 357
GENOME NON_GENOME PIN 357: GENOME NON_GENOME PIN 838
GENOME NON_GENOME PIN 844: GENOME NON_GENOME PIN 362
GENOME NON_GENOME PIN 362: GENOME NON_GENOME PIN 844
GENOME NON_GENOME PIN 850: GENOME NON_GENOME PIN 363
GENOME NON_GENOME PIN 363: GENOME NON_GENOME PIN 850
GENOME NON_GENOME PIN 27: GENOME NON_GENOME PIN 400
GENOME NON_GENOME PIN 400: GENOME NON_GENOME PIN 27
GENOME NON_GENOME PIN 28: GENOME NON_GENOME PIN 401 GENOME NON_GENOME PIN 411
GENOME NON_GENOME PIN 401: GENOME NON_GENOME PIN 28
GENOME NON_GENOME PIN 29: GENOME NON_GENOME PIN 402 GENOME NON_GENOME PIN 412
GENOME NON_GENOME PIN 402: GENOME NON_GENOME PIN 29
GENOME NON_GENOME PIN 411: GENOME NON_GENOME PIN 28
GENOME NON_GENOME PIN 412: GENOME NON_GENOME PIN 29
GENOME NON_GENOME PIN 800: GENOME NON_GENOME PIN 423
GENOME NON_GENOME PIN 423: GENOME NON_GENOME PIN 800
GENOME NON_GENOME PIN 799: GENOME NON_GENOME PIN 424
GENOME NON_GENOME PIN 424: GENOME NON_GENOME PIN 799
GENOME NON_GENOME PIN 857: GENOME NON_GENOME PIN 437
GENOME NON_GENOME PIN 437: GENOME NON_GENOME PIN 857 GENOME NON_GENOME PIN 430
GENOME NON_GENOME PIN 856: GENOME NON_GENOME PIN 438
GENOME NON_GENOME PIN 438: GENOME NON_GENOME PIN 856 GENOME NON_GENOME PIN 430
GENOME NON_GENOME PIN 953: GENOME NON_GENOME PIN 439
GENOME NON_GENOME PIN 439: GENOME NON_GENOME PIN 953 GENOME NON_GENOME PIN 430
GENOME NON_GENOME PIN 460: GENOME NON_GENOME PIN 450
GENOME NON_GENOME PIN 450: GENOME NON_GENOME PIN 460 GENOME NON_GENOME PIN 442
GENOME NON_GENOME PIN 963: GENOME NON_GENOME PIN 482
GENOME NON_GENOME PIN 482: GENOME NON_GENOME PIN 963
GENOME NON_GENOME PIN 785: GENOME NON_GENOME PIN 483
GENOME NON_GENOME PIN 483: GENOME NON_GENOME PIN 785
GENOME NON_GENOME PIN 786: GENOME NON_GENOME PIN 484
GENOME NON_GENOME PIN 484: GENOME NON_GENOME PIN 786
GENOME NON_GENOME PIN 967: GENOME NON_GENOME PIN 485
GENOME NON_GENOME PIN 485: GENOME NON_GENOME PIN 967
GENOME NON_GENOME PIN 787: GENOME NON_GENOME PIN 486
GENOME NON_GENOME PIN 486: GENOME NON_GENOME PIN 787
GENOME NON_GENOME PIN 788: GENOME NON_GENOME PIN 487
GENOME NON_GENOME PIN 487: GENOME NON_GENOME PIN 788
GENOME NON_GENOME PIN 969: GENOME NON_GENOME PIN 499
GENOME NON_GENOME PIN 499: GENOME NON_GENOME PIN 969
GENOME NON_GENOME PIN 790: GENOME NON_GENOME PIN 501
GENOME NON_GENOME PIN 501: GENOME NON_GENOME PIN 790
GENOME NON_GENOME PIN 793: GENOME NON_GENOME PIN 502
GENOME NON_GENOME PIN 502: GENOME NON_GENOME PIN 793
GENOME NON_GENOME PIN 796: GENOME NON_GENOME PIN 503
GENOME NON_GENOME PIN 503: GENOME NON_GENOME PIN 796
GENOME NON_GENOME PIN 798: GENOME NON_GENOME PIN 515
GENOME NON_GENOME PIN 515: GENOME NON_GENOME PIN 798
GENOME NON_GENOME PIN 14: GENOME NON_GENOME PIN 11
GENOME NON_GENOME PIN 11: GENOME NON_GENOME PIN 14
GENOME NON_GENOME PIN 18: GENOME NON_GENOME PIN 16
GENOME NON_GENOME PIN 16: GENOME NON_GENOME PIN 18
GENOME NON_GENOME PIN 45: GENOME NON_GENOME PIN 44
GENOME NON_GENOME PIN 44: GENOME NON_GENOME PIN 45
GENOME NON_GENOME PIN 46: GENOME NON_GENOME PIN 47
GENOME NON_GENOME PIN 17: GENOME NON_GENOME PIN 48
GENOME NON_GENOME PIN 116: GENOME NON_GENOME PIN 74
GENOME NON_GENOME PIN 74: GENOME NON_GENOME PIN 116
GENOME NON_GENOME PIN 77: GENOME NON_GENOME PIN 75
GENOME NON_GENOME PIN 75: GENOME NON_GENOME PIN 77
GENOME NON_GENOME PIN 88: GENOME NON_GENOME PIN 99
GENOME NON_GENOME PIN 99: GENOME NON_GENOME PIN 88
GENOME NON_GENOME PIN 119: GENOME NON_GENOME PIN 118
GENOME NON_GENOME PIN 118: GENOME NON_GENOME PIN 119
GENOME NON_GENOME PIN 76: GENOME NON_GENOME PIN 122
GENOME NON_GENOME PIN 122: GENOME NON_GENOME PIN 76
GENOME NON_GENOME PIN 133: GENOME NON_GENOME PIN 144
GENOME NON_GENOME PIN 144: GENOME NON_GENOME PIN 133
GENOME NON_GENOME PIN 161: GENOME NON_GENOME PIN 121
GENOME NON_GENOME PIN 13: GENOME NON_GENOME PIN 162
GENOME NON_GENOME PIN 162: GENOME NON_GENOME PIN 13
GENOME NON_GENOME PIN 148: GENOME NON_GENOME PIN 164
GENOME NON_GENOME PIN 164: GENOME NON_GENOME PIN 148
GENOME NON_GENOME PIN 175: GENOME NON_GENOME PIN 59
GENOME NON_GENOME PIN 145: GENOME NON_GENOME PIN 176
GENOME NON_GENOME PIN 176: GENOME NON_GENOME PIN 145
GENOME NON_GENOME PIN 149: GENOME NON_GENOME PIN 177
GENOME NON_GENOME PIN 177: GENOME NON_GENOME PIN 149
GENOME NON_GENOME PIN 180: GENOME NON_GENOME PIN 146
GENOME NON_GENOME PIN 19: GENOME NON_GENOME PIN 188
GENOME NON_GENOME PIN 188: GENOME NON_GENOME PIN 19
GENOME NON_GENOME PIN 20: GENOME NON_GENOME PIN 189
GENOME NON_GENOME PIN 21: GENOME NON_GENOME PIN 190
GENOME NON_GENOME PIN 103: GENOME NON_GENOME PIN 192 GENOME NON_GENOME PIN 37
GENOME NON_GENOME PIN 192: GENOME NON_GENOME PIN 103
GENOME NON_GENOME PIN 193: GENOME NON_GENOME PIN 120
GENOME NON_GENOME PIN 184: GENOME NON_GENOME PIN 194
GENOME NON_GENOME PIN 194: GENOME NON_GENOME PIN 184
GENOME NON_GENOME PIN 23: GENOME NON_GENOME PIN 195
GENOME NON_GENOME PIN 195: GENOME NON_GENOME PIN 23
GENOME NON_GENOME PIN 12: GENOME NON_GENOME PIN 196
GENOME NON_GENOME PIN 22: GENOME NON_GENOME PIN 199
GENOME NON_GENOME PIN 147: GENOME NON_GENOME PIN 200
GENOME NON_GENOME PIN 187: GENOME NON_GENOME PIN 201
GENOME NON_GENOME PIN 203: GENOME NON_GENOME PIN 202
GENOME NON_GENOME PIN 204: GENOME NON_GENOME PIN 202
GENOME NON_GENOME PIN 205: GENOME NON_GENOME PIN 202
GENOME NON_GENOME PIN 214: GENOME NON_GENOME PIN 215 GENOME NON_GENOME PIN 216 GENOME NON_GENOME PIN 217
GENOME NON_GENOME PIN 215: GENOME NON_GENOME PIN 214
GENOME NON_GENOME PIN 216: GENOME NON_GENOME PIN 214
GENOME NON_GENOME PIN 217: GENOME NON_GENOME PIN 214
GENOME NON_GENOME PIN 226: GENOME NON_GENOME PIN 227 GENOME NON_GENOME PIN 228 GENOME NON_GENOME PIN 229
GENOME NON_GENOME PIN 227: GENOME NON_GENOME PIN 226
GENOME NON_GENOME PIN 228: GENOME NON_GENOME PIN 226
GENOME NON_GENOME PIN 229: GENOME NON_GENOME PIN 226
GENOME NON_GENOME PIN 238: GENOME NON_GENOME PIN 239 GENOME NON_GENOME PIN 240 GENOME NON_GENOME PIN 241
GENOME NON_GENOME PIN 239: GENOME NON_GENOME PIN 238
GENOME NON_GENOME PIN 240: GENOME NON_GENOME PIN 238
GENOME NON_GENOME PIN 241: GENOME NON_GENOME PIN 238
GENOME NON_GENOME PIN 258: GENOME NON_GENOME PIN 259 GENOME NON_GENOME PIN 260 GENOME NON_GENOME PIN 261
GENOME NON_GENOME PIN 259: GENOME NON_GENOME PIN 258
GENOME NON_GENOME PIN 260: GENOME NON_GENOME PIN 258
GENOME NON_GENOME PIN 261: GENOME NON_GENOME PIN 258
GENOME NON_GENOME PIN 270: GENOME NON_GENOME PIN 271 GENOME NON_GENOME PIN 272 GENOME NON_GENOME PIN 273
GENOME NON_GENOME PIN 271: GENOME NON_GENOME PIN 270
GENOME NON_GENOME PIN 272: GENOME NON_GENOME PIN 270
GENOME NON_GENOME PIN 273: GENOME NON_GENOME PIN 270
GENOME NON_GENOME PIN 274: GENOME NON_GENOME PIN 275 GENOME NON_GENOME PIN 276 GENOME NON_GENOME PIN 277
GENOME NON_GENOME PIN 275: GENOME NON_GENOME PIN 274
GENOME NON_GENOME PIN 276: GENOME NON_GENOME PIN 274
GENOME NON_GENOME PIN 277: GENOME NON_GENOME PIN 274
GENOME NON_GENOME PIN 294: GENOME NON_GENOME PIN 295 GENOME NON_GENOME PIN 296 GENOME NON_GENOME PIN 297
GENOME NON_GENOME PIN 295: GENOME NON_GENOME PIN 294
GENOME NON_GENOME PIN 296: GENOME NON_GENOME PIN 294
GENOME NON_GENOME PIN 297: GENOME NON_GENOME PIN 294
GENOME NON_GENOME PIN 298: GENOME NON_GENOME PIN 299 GENOME NON_GENOME PIN 300 GENOME NON_GENOME PIN 301
GENOME NON_GENOME PIN 301: GENOME NON_GENOME PIN 298
GENOME NON_GENOME PIN 318: GENOME NON_GENOME PIN 319 GENOME NON_GENOME PIN 320 GENOME NON_GENOME PIN 321
GENOME NON_GENOME PIN 319: GENOME NON_GENOME PIN 318
GENOME NON_GENOME PIN 320: GENOME NON_GENOME PIN 318
GENOME NON_GENOME PIN 321: GENOME NON_GENOME PIN 318
GENOME NON_GENOME PIN 330: GENOME NON_GENOME PIN 331 GENOME NON_GENOME PIN 332 GENOME NON_GENOME PIN 333
GENOME NON_GENOME PIN 331: GENOME NON_GENOME PIN 330
GENOME NON_GENOME PIN 332: GENOME NON_GENOME PIN 330
GENOME NON_GENOME PIN 333: GENOME NON_GENOME PIN 330
GENOME NON_GENOME PIN 334: GENOME NON_GENOME PIN 335 GENOME NON_GENOME PIN 336 GENOME NON_GENOME PIN 337
GENOME NON_GENOME PIN 336: GENOME NON_GENOME PIN 334
GENOME NON_GENOME PIN 346: GENOME NON_GENOME PIN 347 GENOME NON_GENOME PIN 348 GENOME NON_GENOME PIN 349
GENOME NON_GENOME PIN 349: GENOME NON_GENOME PIN 346
GENOME NON_GENOME PIN 358: GENOME NON_GENOME PIN 359 GENOME NON_GENOME PIN 360 GENOME NON_GENOME PIN 361
GENOME NON_GENOME PIN 359: GENOME NON_GENOME PIN 358
GENOME NON_GENOME PIN 360: GENOME NON_GENOME PIN 358
GENOME NON_GENOME PIN 361: GENOME NON_GENOME PIN 358
GENOME NON_GENOME PIN 370: GENOME NON_GENOME PIN 371 GENOME NON_GENOME PIN 372 GENOME NON_GENOME PIN 373
GENOME NON_GENOME PIN 371: GENOME NON_GENOME PIN 370
GENOME NON_GENOME PIN 372: GENOME NON_GENOME PIN 370
GENOME NON_GENOME PIN 382: GENOME NON_GENOME PIN 383 GENOME NON_GENOME PIN 384 GENOME NON_GENOME PIN 385
GENOME NON_GENOME PIN 383: GENOME NON_GENOME PIN 382
GENOME NON_GENOME PIN 385: GENOME NON_GENOME PIN 382
GENOME NON_GENOME PIN 394: GENOME NON_GENOME PIN 395 GENOME NON_GENOME PIN 396 GENOME NON_GENOME PIN 397
GENOME NON_GENOME PIN 395: GENOME NON_GENOME PIN 394
GENOME NON_GENOME PIN 396: GENOME NON_GENOME PIN 394
GENOME NON_GENOME PIN 397: GENOME NON_GENOME PIN 394
GENOME NON_GENOME PIN 406: GENOME NON_GENOME PIN 407 GENOME NON_GENOME PIN 408 GENOME NON_GENOME PIN 409
GENOME NON_GENOME PIN 407: GENOME NON_GENOME PIN 406
GENOME NON_GENOME PIN 408: GENOME NON_GENOME PIN 406
GENOME NON_GENOME PIN 409: GENOME NON_GENOME PIN 406
GENOME NON_GENOME PIN 418: GENOME NON_GENOME PIN 419 GENOME NON_GENOME PIN 420 GENOME NON_GENOME PIN 421
GENOME NON_GENOME PIN 419: GENOME NON_GENOME PIN 418
GENOME NON_GENOME PIN 420: GENOME NON_GENOME PIN 418
GENOME NON_GENOME PIN 421: GENOME NON_GENOME PIN 418
GENOME NON_GENOME PIN 430: GENOME NON_GENOME PIN 431 GENOME NON_GENOME PIN 432 GENOME NON_GENOME PIN 433 GENOME NON_GENOME PIN 434 GENOME NON_GENOME PIN 435 GENOME NON_GENOME PIN 436 GENOME NON_GENOME PIN 437 GENOME NON_GENOME PIN 438 GENOME NON_GENOME PIN 439 GENOME NON_GENOME PIN 440 GENOME NON_GENOME PIN 441
GENOME NON_GENOME PIN 431: GENOME NON_GENOME PIN 430
GENOME NON_GENOME PIN 432: GENOME NON_GENOME PIN 430
GENOME NON_GENOME PIN 433: GENOME NON_GENOME PIN 430
GENOME NON_GENOME PIN 435: GENOME NON_GENOME PIN 430
GENOME NON_GENOME PIN 436: GENOME NON_GENOME PIN 430
GENOME NON_GENOME PIN 440: GENOME NON_GENOME PIN 430
GENOME NON_GENOME PIN 441: GENOME NON_GENOME PIN 430
GENOME NON_GENOME PIN 442: GENOME NON_GENOME PIN 443 GENOME NON_GENOME PIN 444 GENOME NON_GENOME PIN 445 GENOME NON_GENOME PIN 446 GENOME NON_GENOME PIN 447 GENOME NON_GENOME PIN 448 GENOME NON_GENOME PIN 449 GENOME NON_GENOME PIN 450 GENOME NON_GENOME PIN 451 GENOME NON_GENOME PIN 452 GENOME NON_GENOME PIN 453
GENOME NON_GENOME PIN 443: GENOME NON_GENOME PIN 442
GENOME NON_GENOME PIN 444: GENOME NON_GENOME PIN 442
GENOME NON_GENOME PIN 445: GENOME NON_GENOME PIN 442
GENOME NON_GENOME PIN 446: GENOME NON_GENOME PIN 442
GENOME NON_GENOME PIN 447: GENOME NON_GENOME PIN 442
GENOME NON_GENOME PIN 448: GENOME NON_GENOME PIN 442
GENOME NON_GENOME PIN 449: GENOME NON_GENOME PIN 442
GENOME NON_GENOME PIN 451: GENOME NON_GENOME PIN 442
GENOME NON_GENOME PIN 452: GENOME NON_GENOME PIN 442
GENOME NON_GENOME PIN 453: GENOME NON_GENOME PIN 442
INST gameplay_screen__GB1 PIN 59: INST gameplay_screen__GB1 PIN 265 TYPE 2 INST gameplay_screen__GB3 PIN 240 TYPE 4 INST gameplay_screen__GB1 PIN 255 TYPE 2 INST gameplay_screen__GB3 PIN 282 TYPE 4
INST gameplay_screen__GB2 PIN 298: INST gameplay_screen__GB2 PIN 299 TYPE 2 INST gameplay_screen__GB0 PIN 1713 TYPE 4 INST gameplay_screen__GB2 PIN 300 TYPE 2 INST gameplay_screen__GB0 PIN 1714 TYPE 4 INST gameplay_screen__GB2 PIN 301 TYPE 2 INST gameplay_screen__GB0 PIN 1715 TYPE 4
INST gameplay_screen__GB2 PIN 302: INST gameplay_screen__GB0 PIN 1716 TYPE 0 GENOME gameplay_screen__GB2 PIN 302
INST gameplay_screen__GB2 PIN 303: INST gameplay_screen__GB0 PIN 1717 TYPE 0 GENOME gameplay_screen__GB2 PIN 303
INST gameplay_screen__GB2 PIN 304: INST gameplay_screen__GB0 PIN 1718 TYPE 0 GENOME gameplay_screen__GB2 PIN 304
INST gameplay_screen__GB2 PIN 305: INST gameplay_screen__GB0 PIN 1719 TYPE 0 GENOME gameplay_screen__GB2 PIN 305
INST gameplay_screen__GB2 PIN 306: INST gameplay_screen__GB0 PIN 1720 TYPE 0 GENOME gameplay_screen__GB2 PIN 306
INST gameplay_screen__GB2 PIN 307: INST gameplay_screen__GB0 PIN 1721 TYPE 0 GENOME gameplay_screen__GB2 PIN 307
INST gameplay_screen__GB2 PIN 308: INST gameplay_screen__GB0 PIN 1722 TYPE 0 GENOME gameplay_screen__GB2 PIN 308
INST gameplay_screen__GB2 PIN 309: INST gameplay_screen__GB0 PIN 1723 TYPE 0 GENOME gameplay_screen__GB2 PIN 309
INST gameplay_screen__GB2 PIN 310: INST gameplay_screen__GB0 PIN 1724 TYPE 0 GENOME gameplay_screen__GB2 PIN 310
INST gameplay_screen__GB2 PIN 311: INST gameplay_screen__GB0 PIN 1725 TYPE 0 GENOME gameplay_screen__GB2 PIN 311
INST gameplay_screen__GB2 PIN 312: INST gameplay_screen__GB0 PIN 1726 TYPE 0 GENOME gameplay_screen__GB2 PIN 312
INST gameplay_screen__GB2 PIN 313: INST gameplay_screen__GB0 PIN 1727 TYPE 0 GENOME gameplay_screen__GB2 PIN 313
INST gameplay_screen__GB2 PIN 314: INST gameplay_screen__GB0 PIN 1728 TYPE 0 GENOME gameplay_screen__GB2 PIN 314
INST gameplay_screen__GB2 PIN 315: INST gameplay_screen__GB0 PIN 1729 TYPE 0 GENOME gameplay_screen__GB2 PIN 315
INST gameplay_screen__GB2 PIN 316: INST gameplay_screen__GB0 PIN 1730 TYPE 0 GENOME gameplay_screen__GB2 PIN 316
INST gameplay_screen__GB2 PIN 317: INST gameplay_screen__GB0 PIN 1731 TYPE 0 GENOME gameplay_screen__GB2 PIN 317
INST gameplay_screen__GB2 PIN 318: INST gameplay_screen__GB2 PIN 319 TYPE 2 INST gameplay_screen__GB0 PIN 1733 TYPE 4 INST gameplay_screen__GB2 PIN 320 TYPE 2 INST gameplay_screen__GB0 PIN 1734 TYPE 4 INST gameplay_screen__GB2 PIN 321 TYPE 2 INST gameplay_screen__GB0 PIN 1735 TYPE 4
INST gameplay_screen__GB2 PIN 322: INST gameplay_screen__GB0 PIN 1736 TYPE 0 GENOME gameplay_screen__GB2 PIN 322
INST gameplay_screen__GB2 PIN 323: INST gameplay_screen__GB0 PIN 1737 TYPE 0 GENOME gameplay_screen__GB2 PIN 323
INST gameplay_screen__GB2 PIN 324: INST gameplay_screen__GB0 PIN 1738 TYPE 0 GENOME gameplay_screen__GB2 PIN 324
INST gameplay_screen__GB2 PIN 325: INST gameplay_screen__GB0 PIN 1739 TYPE 0 GENOME gameplay_screen__GB2 PIN 325
INST gameplay_screen__GB2 PIN 326: INST gameplay_screen__GB0 PIN 1740 TYPE 0 GENOME gameplay_screen__GB2 PIN 326
INST gameplay_screen__GB2 PIN 327: INST gameplay_screen__GB0 PIN 1741 TYPE 0 GENOME gameplay_screen__GB2 PIN 327
INST gameplay_screen__GB2 PIN 328: INST gameplay_screen__GB0 PIN 1742 TYPE 0 GENOME gameplay_screen__GB2 PIN 328
INST gameplay_screen__GB2 PIN 329: INST gameplay_screen__GB0 PIN 1743 TYPE 0 GENOME gameplay_screen__GB2 PIN 329
INST gameplay_screen__GB2 PIN 330: INST gameplay_screen__GB2 PIN 331 TYPE 2 INST gameplay_screen__GB0 PIN 1745 TYPE 4 INST gameplay_screen__GB2 PIN 332 TYPE 2 INST gameplay_screen__GB0 PIN 1746 TYPE 4 INST gameplay_screen__GB2 PIN 333 TYPE 2 INST gameplay_screen__GB0 PIN 1747 TYPE 4
INST gameplay_screen__GB2 PIN 406: INST gameplay_screen__GB2 PIN 407 TYPE 2 INST gameplay_screen__GB0 PIN 1749 TYPE 4 INST gameplay_screen__GB2 PIN 408 TYPE 2 INST gameplay_screen__GB0 PIN 1750 TYPE 4 INST gameplay_screen__GB2 PIN 409 TYPE 2 INST gameplay_screen__GB0 PIN 1751 TYPE 4
INST gameplay_screen__GB2 PIN 410: INST gameplay_screen__GB0 PIN 1752 TYPE 0 GENOME gameplay_screen__GB2 PIN 410
INST gameplay_screen__GB2 PIN 411: INST gameplay_screen__GB0 PIN 1753 TYPE 0 GENOME gameplay_screen__GB2 PIN 411
INST gameplay_screen__GB2 PIN 412: INST gameplay_screen__GB0 PIN 1754 TYPE 0 GENOME gameplay_screen__GB2 PIN 412
INST gameplay_screen__GB2 PIN 413: INST gameplay_screen__GB0 PIN 1755 TYPE 0 GENOME gameplay_screen__GB2 PIN 413
INST gameplay_screen__GB2 PIN 414: INST gameplay_screen__GB0 PIN 1756 TYPE 0 GENOME gameplay_screen__GB2 PIN 414
INST gameplay_screen__GB2 PIN 415: INST gameplay_screen__GB0 PIN 1757 TYPE 0 GENOME gameplay_screen__GB2 PIN 415
INST gameplay_screen__GB2 PIN 416: INST gameplay_screen__GB0 PIN 1758 TYPE 0 GENOME gameplay_screen__GB2 PIN 416
INST gameplay_screen__GB2 PIN 417: INST gameplay_screen__GB0 PIN 1759 TYPE 0 GENOME gameplay_screen__GB2 PIN 417
INST gameplay_screen__GB2 PIN 418: INST gameplay_screen__GB2 PIN 419 TYPE 2 INST gameplay_screen__GB0 PIN 1761 TYPE 4 INST gameplay_screen__GB2 PIN 420 TYPE 2 INST gameplay_screen__GB0 PIN 1762 TYPE 4 INST gameplay_screen__GB2 PIN 421 TYPE 2 INST gameplay_screen__GB0 PIN 1763 TYPE 4
INST gameplay_screen__GB2 PIN 422: INST gameplay_screen__GB0 PIN 1764 TYPE 0 GENOME gameplay_screen__GB2 PIN 422
INST gameplay_screen__GB2 PIN 423: INST gameplay_screen__GB0 PIN 1765 TYPE 0 GENOME gameplay_screen__GB2 PIN 423
INST gameplay_screen__GB2 PIN 424: INST gameplay_screen__GB0 PIN 1766 TYPE 0 GENOME gameplay_screen__GB2 PIN 424
INST gameplay_screen__GB2 PIN 425: INST gameplay_screen__GB0 PIN 1767 TYPE 0 GENOME gameplay_screen__GB2 PIN 425
INST gameplay_screen__GB2 PIN 426: INST gameplay_screen__GB0 PIN 1768 TYPE 0 GENOME gameplay_screen__GB2 PIN 426
INST gameplay_screen__GB2 PIN 427: INST gameplay_screen__GB0 PIN 1769 TYPE 0 GENOME gameplay_screen__GB2 PIN 427
INST gameplay_screen__GB2 PIN 428: INST gameplay_screen__GB0 PIN 1770 TYPE 0 GENOME gameplay_screen__GB2 PIN 428
INST gameplay_screen__GB2 PIN 429: INST gameplay_screen__GB0 PIN 1771 TYPE 0 GENOME gameplay_screen__GB2 PIN 429
INST gameplay_screen__GB2 PIN 430: INST gameplay_screen__GB2 PIN 431 TYPE 2 INST gameplay_screen__GB0 PIN 1773 TYPE 4 INST gameplay_screen__GB2 PIN 432 TYPE 2 INST gameplay_screen__GB0 PIN 1774 TYPE 4 INST gameplay_screen__GB2 PIN 433 TYPE 2 INST gameplay_screen__GB0 PIN 1775 TYPE 4 INST gameplay_screen__GB2 PIN 434 TYPE 2 INST gameplay_screen__GB0 PIN 1776 TYPE 4 INST gameplay_screen__GB2 PIN 435 TYPE 2 INST gameplay_screen__GB0 PIN 1777 TYPE 4 INST gameplay_screen__GB2 PIN 436 TYPE 2 INST gameplay_screen__GB0 PIN 1778 TYPE 4 INST gameplay_screen__GB2 PIN 437 TYPE 2 INST gameplay_screen__GB0 PIN 1779 TYPE 4 INST gameplay_screen__GB2 PIN 438 TYPE 2 INST gameplay_screen__GB0 PIN 1780 TYPE 4 INST gameplay_screen__GB2 PIN 439 TYPE 2 INST gameplay_screen__GB0 PIN 1781 TYPE 4 INST gameplay_screen__GB2 PIN 440 TYPE 2 INST gameplay_screen__GB0 PIN 1782 TYPE 4 INST gameplay_screen__GB2 PIN 441 TYPE 2 INST gameplay_screen__GB0 PIN 1783 TYPE 4
INST gameplay_screen__GB2 PIN 442: INST gameplay_screen__GB2 PIN 443 TYPE 2 INST gameplay_screen__GB0 PIN 1785 TYPE 4 INST gameplay_screen__GB2 PIN 444 TYPE 2 INST gameplay_screen__GB0 PIN 1786 TYPE 4 INST gameplay_screen__GB2 PIN 445 TYPE 2 INST gameplay_screen__GB0 PIN 1787 TYPE 4 INST gameplay_screen__GB2 PIN 446 TYPE 2 INST gameplay_screen__GB0 PIN 1788 TYPE 4 INST gameplay_screen__GB2 PIN 447 TYPE 2 INST gameplay_screen__GB0 PIN 1789 TYPE 4 INST gameplay_screen__GB2 PIN 448 TYPE 2 INST gameplay_screen__GB0 PIN 1790 TYPE 4 INST gameplay_screen__GB2 PIN 449 TYPE 2 INST gameplay_screen__GB0 PIN 1791 TYPE 4 INST gameplay_screen__GB2 PIN 450 TYPE 2 INST gameplay_screen__GB0 PIN 1792 TYPE 4 INST gameplay_screen__GB2 PIN 451 TYPE 2 INST gameplay_screen__GB0 PIN 1793 TYPE 4 INST gameplay_screen__GB2 PIN 452 TYPE 2 INST gameplay_screen__GB0 PIN 1794 TYPE 4 INST gameplay_screen__GB2 PIN 453 TYPE 2 INST gameplay_screen__GB0 PIN 1795 TYPE 4
INST gameplay_screen__GB2 PIN 334: INST gameplay_screen__GB2 PIN 335 TYPE 2 INST gameplay_screen__GB0 PIN 1863 TYPE 4 INST gameplay_screen__GB2 PIN 336 TYPE 2 INST gameplay_screen__GB0 PIN 1864 TYPE 4 INST gameplay_screen__GB2 PIN 337 TYPE 2 INST gameplay_screen__GB0 PIN 1865 TYPE 4
INST gameplay_screen__GB2 PIN 338: INST gameplay_screen__GB0 PIN 1866 TYPE 0 GENOME gameplay_screen__GB2 PIN 338
INST gameplay_screen__GB2 PIN 339: INST gameplay_screen__GB0 PIN 1867 TYPE 0 GENOME gameplay_screen__GB2 PIN 339
INST gameplay_screen__GB2 PIN 340: INST gameplay_screen__GB0 PIN 1868 TYPE 0 GENOME gameplay_screen__GB2 PIN 340
INST gameplay_screen__GB2 PIN 341: INST gameplay_screen__GB0 PIN 1869 TYPE 0 GENOME gameplay_screen__GB2 PIN 341
INST gameplay_screen__GB2 PIN 342: INST gameplay_screen__GB0 PIN 1870 TYPE 0 GENOME gameplay_screen__GB2 PIN 342
INST gameplay_screen__GB2 PIN 343: INST gameplay_screen__GB0 PIN 1871 TYPE 0 GENOME gameplay_screen__GB2 PIN 343
INST gameplay_screen__GB2 PIN 344: INST gameplay_screen__GB0 PIN 1872 TYPE 0 GENOME gameplay_screen__GB2 PIN 344
INST gameplay_screen__GB2 PIN 345: INST gameplay_screen__GB0 PIN 1873 TYPE 0 GENOME gameplay_screen__GB2 PIN 345
INST gameplay_screen__GB2 PIN 346: INST gameplay_screen__GB2 PIN 347 TYPE 2 INST gameplay_screen__GB0 PIN 1875 TYPE 4 INST gameplay_screen__GB2 PIN 348 TYPE 2 INST gameplay_screen__GB0 PIN 1876 TYPE 4 INST gameplay_screen__GB2 PIN 349 TYPE 2 INST gameplay_screen__GB0 PIN 1877 TYPE 4
INST gameplay_screen__GB2 PIN 350: INST gameplay_screen__GB0 PIN 1878 TYPE 0 GENOME gameplay_screen__GB2 PIN 350
INST gameplay_screen__GB2 PIN 351: INST gameplay_screen__GB0 PIN 1879 TYPE 0 GENOME gameplay_screen__GB2 PIN 351
INST gameplay_screen__GB2 PIN 352: INST gameplay_screen__GB0 PIN 1880 TYPE 0 GENOME gameplay_screen__GB2 PIN 352
INST gameplay_screen__GB2 PIN 353: INST gameplay_screen__GB0 PIN 1881 TYPE 0 GENOME gameplay_screen__GB2 PIN 353
INST gameplay_screen__GB2 PIN 354: INST gameplay_screen__GB0 PIN 1882 TYPE 0 GENOME gameplay_screen__GB2 PIN 354
INST gameplay_screen__GB2 PIN 355: INST gameplay_screen__GB0 PIN 1883 TYPE 0 GENOME gameplay_screen__GB2 PIN 355
INST gameplay_screen__GB2 PIN 356: INST gameplay_screen__GB0 PIN 1884 TYPE 0 GENOME gameplay_screen__GB2 PIN 356
INST gameplay_screen__GB2 PIN 357: INST gameplay_screen__GB0 PIN 1885 TYPE 0 GENOME gameplay_screen__GB2 PIN 357
INST gameplay_screen__GB2 PIN 358: INST gameplay_screen__GB2 PIN 359 TYPE 2 INST gameplay_screen__GB0 PIN 1887 TYPE 4 INST gameplay_screen__GB2 PIN 360 TYPE 2 INST gameplay_screen__GB0 PIN 1888 TYPE 4 INST gameplay_screen__GB2 PIN 361 TYPE 2 INST gameplay_screen__GB0 PIN 1889 TYPE 4
INST gameplay_screen__GB2 PIN 362: INST gameplay_screen__GB0 PIN 1890 TYPE 0 GENOME gameplay_screen__GB2 PIN 362
INST gameplay_screen__GB2 PIN 363: INST gameplay_screen__GB0 PIN 1891 TYPE 0 GENOME gameplay_screen__GB2 PIN 363
INST gameplay_screen__GB2 PIN 364: INST gameplay_screen__GB0 PIN 1892 TYPE 0 GENOME gameplay_screen__GB2 PIN 364
INST gameplay_screen__GB2 PIN 365: INST gameplay_screen__GB0 PIN 1893 TYPE 0 GENOME gameplay_screen__GB2 PIN 365
INST gameplay_screen__GB2 PIN 366: INST gameplay_screen__GB0 PIN 1894 TYPE 0 GENOME gameplay_screen__GB2 PIN 366
INST gameplay_screen__GB2 PIN 367: INST gameplay_screen__GB0 PIN 1895 TYPE 0 GENOME gameplay_screen__GB2 PIN 367
INST gameplay_screen__GB2 PIN 368: INST gameplay_screen__GB0 PIN 1896 TYPE 0 GENOME gameplay_screen__GB2 PIN 368
INST gameplay_screen__GB2 PIN 369: INST gameplay_screen__GB0 PIN 1897 TYPE 0 GENOME gameplay_screen__GB2 PIN 369
INST gameplay_screen__GB2 PIN 370: INST gameplay_screen__GB2 PIN 371 TYPE 2 INST gameplay_screen__GB0 PIN 1899 TYPE 4 INST gameplay_screen__GB2 PIN 372 TYPE 2 INST gameplay_screen__GB0 PIN 1900 TYPE 4 INST gameplay_screen__GB2 PIN 373 TYPE 2 INST gameplay_screen__GB0 PIN 1901 TYPE 4
INST gameplay_screen__GB2 PIN 374: INST gameplay_screen__GB0 PIN 1902 TYPE 0 GENOME gameplay_screen__GB2 PIN 374
INST gameplay_screen__GB2 PIN 375: INST gameplay_screen__GB0 PIN 1903 TYPE 0 GENOME gameplay_screen__GB2 PIN 375
INST gameplay_screen__GB2 PIN 376: INST gameplay_screen__GB0 PIN 1904 TYPE 0 GENOME gameplay_screen__GB2 PIN 376
INST gameplay_screen__GB2 PIN 377: INST gameplay_screen__GB0 PIN 1905 TYPE 0 GENOME gameplay_screen__GB2 PIN 377
INST gameplay_screen__GB2 PIN 378: INST gameplay_screen__GB0 PIN 1906 TYPE 0 GENOME gameplay_screen__GB2 PIN 378
INST gameplay_screen__GB2 PIN 379: INST gameplay_screen__GB0 PIN 1907 TYPE 0 GENOME gameplay_screen__GB2 PIN 379
INST gameplay_screen__GB2 PIN 380: INST gameplay_screen__GB0 PIN 1908 TYPE 0 GENOME gameplay_screen__GB2 PIN 380
INST gameplay_screen__GB2 PIN 381: INST gameplay_screen__GB0 PIN 1909 TYPE 0 GENOME gameplay_screen__GB2 PIN 381
INST gameplay_screen__GB2 PIN 382: INST gameplay_screen__GB2 PIN 383 TYPE 2 INST gameplay_screen__GB0 PIN 1911 TYPE 4 INST gameplay_screen__GB2 PIN 384 TYPE 2 INST gameplay_screen__GB0 PIN 1912 TYPE 4 INST gameplay_screen__GB2 PIN 385 TYPE 2 INST gameplay_screen__GB0 PIN 1913 TYPE 4
INST gameplay_screen__GB2 PIN 386: INST gameplay_screen__GB0 PIN 1914 TYPE 0 GENOME gameplay_screen__GB2 PIN 386
INST gameplay_screen__GB2 PIN 387: INST gameplay_screen__GB0 PIN 1915 TYPE 0 GENOME gameplay_screen__GB2 PIN 387
INST gameplay_screen__GB2 PIN 388: INST gameplay_screen__GB0 PIN 1916 TYPE 0 GENOME gameplay_screen__GB2 PIN 388
INST gameplay_screen__GB2 PIN 389: INST gameplay_screen__GB0 PIN 1917 TYPE 0 GENOME gameplay_screen__GB2 PIN 389
INST gameplay_screen__GB2 PIN 390: INST gameplay_screen__GB0 PIN 1918 TYPE 0 GENOME gameplay_screen__GB2 PIN 390
INST gameplay_screen__GB2 PIN 391: INST gameplay_screen__GB0 PIN 1919 TYPE 0 GENOME gameplay_screen__GB2 PIN 391
INST gameplay_screen__GB2 PIN 392: INST gameplay_screen__GB0 PIN 1920 TYPE 0 GENOME gameplay_screen__GB2 PIN 392
INST gameplay_screen__GB2 PIN 393: INST gameplay_screen__GB0 PIN 1921 TYPE 0 GENOME gameplay_screen__GB2 PIN 393
INST gameplay_screen__GB2 PIN 394: INST gameplay_screen__GB2 PIN 395 TYPE 2 INST gameplay_screen__GB0 PIN 1923 TYPE 4 INST gameplay_screen__GB2 PIN 396 TYPE 2 INST gameplay_screen__GB0 PIN 1924 TYPE 4 INST gameplay_screen__GB2 PIN 397 TYPE 2 INST gameplay_screen__GB0 PIN 1925 TYPE 4
INST gameplay_screen__GB2 PIN 398: INST gameplay_screen__GB0 PIN 1926 TYPE 0 GENOME gameplay_screen__GB2 PIN 398
INST gameplay_screen__GB2 PIN 399: INST gameplay_screen__GB0 PIN 1927 TYPE 0 GENOME gameplay_screen__GB2 PIN 399
INST gameplay_screen__GB2 PIN 400: INST gameplay_screen__GB0 PIN 1928 TYPE 0 GENOME gameplay_screen__GB2 PIN 400
INST gameplay_screen__GB2 PIN 401: INST gameplay_screen__GB0 PIN 1929 TYPE 0 GENOME gameplay_screen__GB2 PIN 401
INST gameplay_screen__GB2 PIN 402: INST gameplay_screen__GB0 PIN 1930 TYPE 0 GENOME gameplay_screen__GB2 PIN 402
INST gameplay_screen__GB2 PIN 403: INST gameplay_screen__GB0 PIN 1931 TYPE 0 GENOME gameplay_screen__GB2 PIN 403
INST gameplay_screen__GB2 PIN 404: INST gameplay_screen__GB0 PIN 1932 TYPE 0 GENOME gameplay_screen__GB2 PIN 404
INST gameplay_screen__GB2 PIN 405: INST gameplay_screen__GB0 PIN 1933 TYPE 0 GENOME gameplay_screen__GB2 PIN 405
INST gameplay_screen__GB2 PIN 250: INST gameplay_screen__GB0 PIN 1934 TYPE 0 GENOME gameplay_screen__GB2 PIN 250
INST gameplay_screen__GB2 PIN 251: INST gameplay_screen__GB0 PIN 1935 TYPE 0 GENOME gameplay_screen__GB2 PIN 251
INST gameplay_screen__GB2 PIN 252: INST gameplay_screen__GB0 PIN 1936 TYPE 0 GENOME gameplay_screen__GB2 PIN 252
INST gameplay_screen__GB2 PIN 253: INST gameplay_screen__GB0 PIN 1937 TYPE 0 GENOME gameplay_screen__GB2 PIN 253
INST gameplay_screen__GB2 PIN 254: INST gameplay_screen__GB0 PIN 1938 TYPE 0 GENOME gameplay_screen__GB2 PIN 254
INST gameplay_screen__GB2 PIN 255: INST gameplay_screen__GB0 PIN 1939 TYPE 0 GENOME gameplay_screen__GB2 PIN 255
INST gameplay_screen__GB2 PIN 256: INST gameplay_screen__GB0 PIN 1940 TYPE 0 GENOME gameplay_screen__GB2 PIN 256
INST gameplay_screen__GB2 PIN 257: INST gameplay_screen__GB0 PIN 1941 TYPE 0 GENOME gameplay_screen__GB2 PIN 257
INST gameplay_screen__GB2 PIN 258: INST gameplay_screen__GB2 PIN 259 TYPE 2 INST gameplay_screen__GB0 PIN 1943 TYPE 4 INST gameplay_screen__GB2 PIN 260 TYPE 2 INST gameplay_screen__GB0 PIN 1944 TYPE 4 INST gameplay_screen__GB2 PIN 261 TYPE 2 INST gameplay_screen__GB0 PIN 1945 TYPE 4
INST gameplay_screen__GB2 PIN 262: INST gameplay_screen__GB0 PIN 1946 TYPE 0 GENOME gameplay_screen__GB2 PIN 262
INST gameplay_screen__GB2 PIN 263: INST gameplay_screen__GB0 PIN 1947 TYPE 0 GENOME gameplay_screen__GB2 PIN 263
INST gameplay_screen__GB2 PIN 264: INST gameplay_screen__GB0 PIN 1948 TYPE 0 GENOME gameplay_screen__GB2 PIN 264
INST gameplay_screen__GB2 PIN 265: INST gameplay_screen__GB0 PIN 1949 TYPE 0 GENOME gameplay_screen__GB2 PIN 265
INST gameplay_screen__GB2 PIN 266: INST gameplay_screen__GB0 PIN 1950 TYPE 0 GENOME gameplay_screen__GB2 PIN 266
INST gameplay_screen__GB2 PIN 267: INST gameplay_screen__GB0 PIN 1951 TYPE 0 GENOME gameplay_screen__GB2 PIN 267
INST gameplay_screen__GB2 PIN 268: INST gameplay_screen__GB0 PIN 1952 TYPE 0 GENOME gameplay_screen__GB2 PIN 268
INST gameplay_screen__GB2 PIN 269: INST gameplay_screen__GB0 PIN 1953 TYPE 0 GENOME gameplay_screen__GB2 PIN 269
INST gameplay_screen__GB2 PIN 270: INST gameplay_screen__GB2 PIN 271 TYPE 2 INST gameplay_screen__GB0 PIN 1955 TYPE 4 INST gameplay_screen__GB2 PIN 272 TYPE 2 INST gameplay_screen__GB0 PIN 1956 TYPE 4 INST gameplay_screen__GB2 PIN 273 TYPE 2 INST gameplay_screen__GB0 PIN 1957 TYPE 4
INST gameplay_screen__GB2 PIN 286: INST gameplay_screen__GB0 PIN 1958 TYPE 0 GENOME gameplay_screen__GB2 PIN 286
INST gameplay_screen__GB2 PIN 287: INST gameplay_screen__GB0 PIN 1959 TYPE 0 GENOME gameplay_screen__GB2 PIN 287
INST gameplay_screen__GB2 PIN 288: INST gameplay_screen__GB0 PIN 1960 TYPE 0 GENOME gameplay_screen__GB2 PIN 288
INST gameplay_screen__GB2 PIN 289: INST gameplay_screen__GB0 PIN 1961 TYPE 0 GENOME gameplay_screen__GB2 PIN 289
INST gameplay_screen__GB2 PIN 290: INST gameplay_screen__GB0 PIN 1962 TYPE 0 GENOME gameplay_screen__GB2 PIN 290
INST gameplay_screen__GB2 PIN 291: INST gameplay_screen__GB0 PIN 1963 TYPE 0 GENOME gameplay_screen__GB2 PIN 291
INST gameplay_screen__GB2 PIN 292: INST gameplay_screen__GB0 PIN 1964 TYPE 0 GENOME gameplay_screen__GB2 PIN 292
INST gameplay_screen__GB2 PIN 293: INST gameplay_screen__GB0 PIN 1965 TYPE 0 GENOME gameplay_screen__GB2 PIN 293
INST gameplay_screen__GB2 PIN 294: INST gameplay_screen__GB2 PIN 295 TYPE 2 INST gameplay_screen__GB0 PIN 1967 TYPE 4 INST gameplay_screen__GB2 PIN 296 TYPE 2 INST gameplay_screen__GB0 PIN 1968 TYPE 4 INST gameplay_screen__GB2 PIN 297 TYPE 2 INST gameplay_screen__GB0 PIN 1969 TYPE 4
INST gameplay_screen__GB2 PIN 202: INST gameplay_screen__GB2 PIN 203 TYPE 2 INST gameplay_screen__GB0 PIN 1971 TYPE 4 INST gameplay_screen__GB2 PIN 204 TYPE 2 INST gameplay_screen__GB0 PIN 1972 TYPE 4 INST gameplay_screen__GB2 PIN 205 TYPE 2 INST gameplay_screen__GB0 PIN 1973 TYPE 4
INST gameplay_screen__GB2 PIN 206: INST gameplay_screen__GB0 PIN 1974 TYPE 0 GENOME gameplay_screen__GB2 PIN 206
INST gameplay_screen__GB2 PIN 207: INST gameplay_screen__GB0 PIN 1975 TYPE 0 GENOME gameplay_screen__GB2 PIN 207
INST gameplay_screen__GB2 PIN 208: INST gameplay_screen__GB0 PIN 1976 TYPE 0 GENOME gameplay_screen__GB2 PIN 208
INST gameplay_screen__GB2 PIN 209: INST gameplay_screen__GB0 PIN 1977 TYPE 0 GENOME gameplay_screen__GB2 PIN 209
INST gameplay_screen__GB2 PIN 210: INST gameplay_screen__GB0 PIN 1978 TYPE 0 GENOME gameplay_screen__GB2 PIN 210
INST gameplay_screen__GB2 PIN 211: INST gameplay_screen__GB0 PIN 1979 TYPE 0 GENOME gameplay_screen__GB2 PIN 211
INST gameplay_screen__GB2 PIN 212: INST gameplay_screen__GB0 PIN 1980 TYPE 0 GENOME gameplay_screen__GB2 PIN 212
INST gameplay_screen__GB2 PIN 213: INST gameplay_screen__GB0 PIN 1981 TYPE 0 GENOME gameplay_screen__GB2 PIN 213
INST gameplay_screen__GB2 PIN 214: INST gameplay_screen__GB2 PIN 215 TYPE 2 INST gameplay_screen__GB0 PIN 1983 TYPE 4 INST gameplay_screen__GB2 PIN 216 TYPE 2 INST gameplay_screen__GB0 PIN 1984 TYPE 4 INST gameplay_screen__GB2 PIN 217 TYPE 2 INST gameplay_screen__GB0 PIN 1985 TYPE 4
INST gameplay_screen__GB2 PIN 218: INST gameplay_screen__GB0 PIN 1986 TYPE 0 GENOME gameplay_screen__GB2 PIN 218
INST gameplay_screen__GB2 PIN 219: INST gameplay_screen__GB0 PIN 1987 TYPE 0 GENOME gameplay_screen__GB2 PIN 219
INST gameplay_screen__GB2 PIN 220: INST gameplay_screen__GB0 PIN 1988 TYPE 0 GENOME gameplay_screen__GB2 PIN 220
INST gameplay_screen__GB2 PIN 221: INST gameplay_screen__GB0 PIN 1989 TYPE 0 GENOME gameplay_screen__GB2 PIN 221
INST gameplay_screen__GB2 PIN 222: INST gameplay_screen__GB0 PIN 1990 TYPE 0 GENOME gameplay_screen__GB2 PIN 222
INST gameplay_screen__GB2 PIN 223: INST gameplay_screen__GB0 PIN 1991 TYPE 0 GENOME gameplay_screen__GB2 PIN 223
INST gameplay_screen__GB2 PIN 224: INST gameplay_screen__GB0 PIN 1992 TYPE 0 GENOME gameplay_screen__GB2 PIN 224
INST gameplay_screen__GB2 PIN 225: INST gameplay_screen__GB0 PIN 1993 TYPE 0 GENOME gameplay_screen__GB2 PIN 225
INST gameplay_screen__GB2 PIN 226: INST gameplay_screen__GB2 PIN 227 TYPE 2 INST gameplay_screen__GB0 PIN 1995 TYPE 4 INST gameplay_screen__GB2 PIN 228 TYPE 2 INST gameplay_screen__GB0 PIN 1996 TYPE 4 INST gameplay_screen__GB2 PIN 229 TYPE 2 INST gameplay_screen__GB0 PIN 1997 TYPE 4
INST gameplay_screen__GB2 PIN 230: INST gameplay_screen__GB0 PIN 1998 TYPE 0 GENOME gameplay_screen__GB2 PIN 230
INST gameplay_screen__GB2 PIN 231: INST gameplay_screen__GB0 PIN 1999 TYPE 0 GENOME gameplay_screen__GB2 PIN 231
INST gameplay_screen__GB2 PIN 232: INST gameplay_screen__GB0 PIN 2000 TYPE 0 GENOME gameplay_screen__GB2 PIN 232
INST gameplay_screen__GB2 PIN 233: INST gameplay_screen__GB0 PIN 2001 TYPE 0 GENOME gameplay_screen__GB2 PIN 233
INST gameplay_screen__GB2 PIN 234: INST gameplay_screen__GB0 PIN 2002 TYPE 0 GENOME gameplay_screen__GB2 PIN 234
INST gameplay_screen__GB2 PIN 235: INST gameplay_screen__GB0 PIN 2003 TYPE 0 GENOME gameplay_screen__GB2 PIN 235
INST gameplay_screen__GB2 PIN 236: INST gameplay_screen__GB0 PIN 2004 TYPE 0 GENOME gameplay_screen__GB2 PIN 236
INST gameplay_screen__GB2 PIN 237: INST gameplay_screen__GB0 PIN 2005 TYPE 0 GENOME gameplay_screen__GB2 PIN 237
INST gameplay_screen__GB2 PIN 238: INST gameplay_screen__GB2 PIN 239 TYPE 2 INST gameplay_screen__GB0 PIN 2007 TYPE 4 INST gameplay_screen__GB2 PIN 240 TYPE 2 INST gameplay_screen__GB0 PIN 2008 TYPE 4 INST gameplay_screen__GB2 PIN 241 TYPE 2 INST gameplay_screen__GB0 PIN 2009 TYPE 4
INST gameplay_screen__GB2 PIN 242: INST gameplay_screen__GB0 PIN 2010 TYPE 0 GENOME gameplay_screen__GB2 PIN 242
INST gameplay_screen__GB2 PIN 243: INST gameplay_screen__GB0 PIN 2011 TYPE 0 GENOME gameplay_screen__GB2 PIN 243
INST gameplay_screen__GB2 PIN 244: INST gameplay_screen__GB0 PIN 2012 TYPE 0 GENOME gameplay_screen__GB2 PIN 244
INST gameplay_screen__GB2 PIN 245: INST gameplay_screen__GB0 PIN 2013 TYPE 0 GENOME gameplay_screen__GB2 PIN 245
INST gameplay_screen__GB2 PIN 246: INST gameplay_screen__GB0 PIN 2014 TYPE 0 GENOME gameplay_screen__GB2 PIN 246
INST gameplay_screen__GB2 PIN 247: INST gameplay_screen__GB0 PIN 2015 TYPE 0 GENOME gameplay_screen__GB2 PIN 247
INST gameplay_screen__GB2 PIN 248: INST gameplay_screen__GB0 PIN 2016 TYPE 0 GENOME gameplay_screen__GB2 PIN 248
INST gameplay_screen__GB2 PIN 249: INST gameplay_screen__GB0 PIN 2017 TYPE 0 GENOME gameplay_screen__GB2 PIN 249
INST gameplay_screen__GB2 PIN 274: INST gameplay_screen__GB2 PIN 275 TYPE 2 INST gameplay_screen__GB0 PIN 2019 TYPE 4 INST gameplay_screen__GB2 PIN 276 TYPE 2 INST gameplay_screen__GB0 PIN 2020 TYPE 4 INST gameplay_screen__GB2 PIN 277 TYPE 2 INST gameplay_screen__GB0 PIN 2021 TYPE 4
INST gameplay_screen__GB2 PIN 278: INST gameplay_screen__GB0 PIN 2022 TYPE 0 GENOME gameplay_screen__GB2 PIN 278
INST gameplay_screen__GB2 PIN 279: INST gameplay_screen__GB0 PIN 2023 TYPE 0 GENOME gameplay_screen__GB2 PIN 279
INST gameplay_screen__GB2 PIN 280: INST gameplay_screen__GB0 PIN 2024 TYPE 0 GENOME gameplay_screen__GB2 PIN 280
INST gameplay_screen__GB2 PIN 281: INST gameplay_screen__GB0 PIN 2025 TYPE 0 GENOME gameplay_screen__GB2 PIN 281
INST gameplay_screen__GB2 PIN 282: INST gameplay_screen__GB0 PIN 2026 TYPE 0 GENOME gameplay_screen__GB2 PIN 282
INST gameplay_screen__GB2 PIN 283: INST gameplay_screen__GB0 PIN 2027 TYPE 0 GENOME gameplay_screen__GB2 PIN 283
INST gameplay_screen__GB2 PIN 284: INST gameplay_screen__GB0 PIN 2028 TYPE 0 GENOME gameplay_screen__GB2 PIN 284
INST gameplay_screen__GB2 PIN 285: INST gameplay_screen__GB0 PIN 2029 TYPE 0 GENOME gameplay_screen__GB2 PIN 285
INST gameplay_screen__GB1 PIN 58: INST gameplay_screen__GB1 PIN 254 TYPE 2 INST gameplay_screen__GB3 PIN 281 TYPE 4
INST gameplay_screen__GB1 PIN 28: INST gameplay_screen__GB1 PIN 401 TYPE 2 INST gameplay_screen__GB3 PIN 301 TYPE 4
INST gameplay_screen__GB1 PIN 29: INST gameplay_screen__GB1 PIN 402 TYPE 2 INST gameplay_screen__GB3 PIN 302 TYPE 4 INST gameplay_screen__GB1 PIN 412 TYPE 2 INST gameplay_screen__GB3 PIN 312 TYPE 4
INST gameplay_screen__GB0 PIN 128: INST gameplay_screen__GB1 PIN 234 TYPE 3 INST gameplay_screen__GB3 PIN 322 TYPE 4 INST gameplay_screen__GB1 PIN 223 TYPE 3 INST gameplay_screen__GB3 PIN 490 TYPE 4
INST gameplay_screen__GB1 PIN 108: INST gameplay_screen__GB1 PIN 190 TYPE 2 INST gameplay_screen__GB3 PIN 355 TYPE 4
INST gameplay_screen__GB1 PIN 109: INST gameplay_screen__GB1 PIN 191 TYPE 2 INST gameplay_screen__GB3 PIN 356 TYPE 4 INST gameplay_screen__GB1 PIN 300 TYPE 2 INST gameplay_screen__GB3 PIN 366 TYPE 4
INST gameplay_screen__GB1 PIN 48: INST gameplay_screen__GB1 PIN 155 TYPE 2 INST gameplay_screen__GB3 PIN 419 TYPE 4
INST gameplay_screen__GB1 PIN 49: INST gameplay_screen__GB1 PIN 156 TYPE 2 INST gameplay_screen__GB3 PIN 420 TYPE 4 INST gameplay_screen__GB1 PIN 131 TYPE 2 INST gameplay_screen__GB3 PIN 430 TYPE 4
INST gameplay_screen__GB0 PIN 127: INST gameplay_screen__GB1 PIN 222 TYPE 3 INST gameplay_screen__GB3 PIN 489 TYPE 4
INST gameplay_screen__GB2 PIN 203: GENOME gameplay_screen__GB2 PIN 203
INST gameplay_screen__GB2 PIN 204: GENOME gameplay_screen__GB2 PIN 204
INST gameplay_screen__GB2 PIN 205: GENOME gameplay_screen__GB2 PIN 205
INST gameplay_screen__GB2 PIN 215: GENOME gameplay_screen__GB2 PIN 215
INST gameplay_screen__GB2 PIN 216: GENOME gameplay_screen__GB2 PIN 216
INST gameplay_screen__GB2 PIN 217: GENOME gameplay_screen__GB2 PIN 217
INST gameplay_screen__GB2 PIN 227: GENOME gameplay_screen__GB2 PIN 227
INST gameplay_screen__GB2 PIN 228: GENOME gameplay_screen__GB2 PIN 228
INST gameplay_screen__GB2 PIN 229: GENOME gameplay_screen__GB2 PIN 229
INST gameplay_screen__GB2 PIN 239: GENOME gameplay_screen__GB2 PIN 239
INST gameplay_screen__GB2 PIN 240: GENOME gameplay_screen__GB2 PIN 240
INST gameplay_screen__GB2 PIN 241: GENOME gameplay_screen__GB2 PIN 241
INST gameplay_screen__GB2 PIN 259: GENOME gameplay_screen__GB2 PIN 259
INST gameplay_screen__GB2 PIN 260: GENOME gameplay_screen__GB2 PIN 260
INST gameplay_screen__GB2 PIN 261: GENOME gameplay_screen__GB2 PIN 261
INST gameplay_screen__GB2 PIN 271: GENOME gameplay_screen__GB2 PIN 271
INST gameplay_screen__GB2 PIN 272: GENOME gameplay_screen__GB2 PIN 272
INST gameplay_screen__GB2 PIN 273: GENOME gameplay_screen__GB2 PIN 273
INST gameplay_screen__GB2 PIN 275: GENOME gameplay_screen__GB2 PIN 275
INST gameplay_screen__GB2 PIN 276: GENOME gameplay_screen__GB2 PIN 276
INST gameplay_screen__GB2 PIN 277: GENOME gameplay_screen__GB2 PIN 277
INST gameplay_screen__GB2 PIN 295: GENOME gameplay_screen__GB2 PIN 295
INST gameplay_screen__GB2 PIN 296: GENOME gameplay_screen__GB2 PIN 296
INST gameplay_screen__GB2 PIN 297: GENOME gameplay_screen__GB2 PIN 297
INST gameplay_screen__GB2 PIN 299: GENOME gameplay_screen__GB2 PIN 299
INST gameplay_screen__GB2 PIN 300: GENOME gameplay_screen__GB2 PIN 300
INST gameplay_screen__GB2 PIN 301: GENOME gameplay_screen__GB2 PIN 301
INST gameplay_screen__GB2 PIN 319: GENOME gameplay_screen__GB2 PIN 319
INST gameplay_screen__GB2 PIN 320: GENOME gameplay_screen__GB2 PIN 320
INST gameplay_screen__GB2 PIN 321: GENOME gameplay_screen__GB2 PIN 321
INST gameplay_screen__GB2 PIN 331: GENOME gameplay_screen__GB2 PIN 331
INST gameplay_screen__GB2 PIN 332: GENOME gameplay_screen__GB2 PIN 332
INST gameplay_screen__GB2 PIN 333: GENOME gameplay_screen__GB2 PIN 333
INST gameplay_screen__GB2 PIN 335: GENOME gameplay_screen__GB2 PIN 335
INST gameplay_screen__GB2 PIN 336: GENOME gameplay_screen__GB2 PIN 336
INST gameplay_screen__GB2 PIN 337: GENOME gameplay_screen__GB2 PIN 337
INST gameplay_screen__GB2 PIN 347: GENOME gameplay_screen__GB2 PIN 347
INST gameplay_screen__GB2 PIN 348: GENOME gameplay_screen__GB2 PIN 348
INST gameplay_screen__GB2 PIN 349: GENOME gameplay_screen__GB2 PIN 349
INST gameplay_screen__GB2 PIN 359: GENOME gameplay_screen__GB2 PIN 359
INST gameplay_screen__GB2 PIN 360: GENOME gameplay_screen__GB2 PIN 360
INST gameplay_screen__GB2 PIN 361: GENOME gameplay_screen__GB2 PIN 361
INST gameplay_screen__GB2 PIN 371: GENOME gameplay_screen__GB2 PIN 371
INST gameplay_screen__GB2 PIN 372: GENOME gameplay_screen__GB2 PIN 372
INST gameplay_screen__GB2 PIN 373: GENOME gameplay_screen__GB2 PIN 373
INST gameplay_screen__GB2 PIN 383: GENOME gameplay_screen__GB2 PIN 383
INST gameplay_screen__GB2 PIN 384: GENOME gameplay_screen__GB2 PIN 384
INST gameplay_screen__GB2 PIN 385: GENOME gameplay_screen__GB2 PIN 385
INST gameplay_screen__GB2 PIN 395: GENOME gameplay_screen__GB2 PIN 395
INST gameplay_screen__GB2 PIN 396: GENOME gameplay_screen__GB2 PIN 396
INST gameplay_screen__GB2 PIN 397: GENOME gameplay_screen__GB2 PIN 397
INST gameplay_screen__GB2 PIN 407: GENOME gameplay_screen__GB2 PIN 407
INST gameplay_screen__GB2 PIN 408: GENOME gameplay_screen__GB2 PIN 408
INST gameplay_screen__GB2 PIN 409: GENOME gameplay_screen__GB2 PIN 409
INST gameplay_screen__GB2 PIN 419: GENOME gameplay_screen__GB2 PIN 419
INST gameplay_screen__GB2 PIN 420: GENOME gameplay_screen__GB2 PIN 420
INST gameplay_screen__GB2 PIN 421: GENOME gameplay_screen__GB2 PIN 421
INST gameplay_screen__GB2 PIN 431: GENOME gameplay_screen__GB2 PIN 431
INST gameplay_screen__GB2 PIN 432: GENOME gameplay_screen__GB2 PIN 432
INST gameplay_screen__GB2 PIN 433: GENOME gameplay_screen__GB2 PIN 433
INST gameplay_screen__GB2 PIN 434: GENOME gameplay_screen__GB2 PIN 434
INST gameplay_screen__GB2 PIN 435: GENOME gameplay_screen__GB2 PIN 435
INST gameplay_screen__GB2 PIN 436: GENOME gameplay_screen__GB2 PIN 436
INST gameplay_screen__GB2 PIN 437: GENOME gameplay_screen__GB2 PIN 437
INST gameplay_screen__GB2 PIN 438: GENOME gameplay_screen__GB2 PIN 438
INST gameplay_screen__GB2 PIN 439: GENOME gameplay_screen__GB2 PIN 439
INST gameplay_screen__GB2 PIN 440: GENOME gameplay_screen__GB2 PIN 440
INST gameplay_screen__GB2 PIN 441: GENOME gameplay_screen__GB2 PIN 441
INST gameplay_screen__GB2 PIN 443: GENOME gameplay_screen__GB2 PIN 443
INST gameplay_screen__GB2 PIN 444: GENOME gameplay_screen__GB2 PIN 444
INST gameplay_screen__GB2 PIN 445: GENOME gameplay_screen__GB2 PIN 445
INST gameplay_screen__GB2 PIN 446: GENOME gameplay_screen__GB2 PIN 446
INST gameplay_screen__GB2 PIN 447: GENOME gameplay_screen__GB2 PIN 447
INST gameplay_screen__GB2 PIN 448: GENOME gameplay_screen__GB2 PIN 448
INST gameplay_screen__GB2 PIN 449: GENOME gameplay_screen__GB2 PIN 449
INST gameplay_screen__GB2 PIN 450: GENOME gameplay_screen__GB2 PIN 450
INST gameplay_screen__GB2 PIN 451: GENOME gameplay_screen__GB2 PIN 451
INST gameplay_screen__GB2 PIN 452: GENOME gameplay_screen__GB2 PIN 452
INST gameplay_screen__GB2 PIN 453: GENOME gameplay_screen__GB2 PIN 453
INST gameplay_screen__GB1 PIN 131: GENOME gameplay_screen__GB1 PIN 131
INST gameplay_screen__GB1 PIN 155: GENOME gameplay_screen__GB1 PIN 155
INST gameplay_screen__GB1 PIN 156: GENOME gameplay_screen__GB1 PIN 156
INST gameplay_screen__GB1 PIN 190: GENOME gameplay_screen__GB1 PIN 190
INST gameplay_screen__GB1 PIN 191: GENOME gameplay_screen__GB1 PIN 191
INST gameplay_screen__GB1 PIN 222: GENOME gameplay_screen__GB1 PIN 222
INST gameplay_screen__GB1 PIN 223: GENOME gameplay_screen__GB1 PIN 223
INST gameplay_screen__GB1 PIN 234: GENOME gameplay_screen__GB1 PIN 234
INST gameplay_screen__GB1 PIN 254: GENOME gameplay_screen__GB1 PIN 254
INST gameplay_screen__GB1 PIN 255: GENOME gameplay_screen__GB1 PIN 255
INST gameplay_screen__GB1 PIN 265: GENOME gameplay_screen__GB1 PIN 265
INST gameplay_screen__GB1 PIN 300: GENOME gameplay_screen__GB1 PIN 300
INST gameplay_screen__GB1 PIN 401: GENOME gameplay_screen__GB1 PIN 401
INST gameplay_screen__GB1 PIN 402: GENOME gameplay_screen__GB1 PIN 402
INST gameplay_screen__GB1 PIN 412: GENOME gameplay_screen__GB1 PIN 412
INST top_level__GC0 PIN 102: GENOME top_level__GC0 PIN 102 INST top_level__GC0 PIN 38 TYPE 5
INST top_level__GC0 PIN 38: GENOME top_level__GC0 PIN 38
INST top_level__GC0 PIN 103: GENOME top_level__GC0 PIN 103 INST top_level__GC0 PIN 37 TYPE 5
INST top_level__GC0 PIN 37: GENOME top_level__GC0 PIN 37
INST top_level__GC0 PIN 104: GENOME top_level__GC0 PIN 104 INST top_level__GC0 PIN 39 TYPE 5
INST top_level__GC0 PIN 39: GENOME top_level__GC0 PIN 39
GENOME NON_GENOME PIN 38: GENOME NON_GENOME PIN 102
GENOME NON_GENOME PIN 102: GENOME NON_GENOME PIN 38
GENOME NON_GENOME PIN 37: GENOME NON_GENOME PIN 103
GENOME NON_GENOME PIN 39: GENOME NON_GENOME PIN 104
GENOME NON_GENOME PIN 104: GENOME NON_GENOME PIN 39
