GENOME NON_GENOME PIN 0: GENOME NON_GENOME PIN 1 GENOME NON_GENOME PIN 2 GENOME NON_GENOME PIN 3 GENOME NON_GENOME PIN 257
GENOME NON_GENOME PIN 1: GENOME NON_GENOME PIN 0 GENOME NON_GENOME PIN 258
GENOME NON_GENOME PIN 2: GENOME NON_GENOME PIN 0 GENOME NON_GENOME PIN 259
GENOME NON_GENOME PIN 3: GENOME NON_GENOME PIN 0 GENOME NON_GENOME PIN 260
GENOME NON_GENOME PIN 12: GENOME NON_GENOME PIN 13 GENOME NON_GENOME PIN 14 GENOME NON_GENOME PIN 15
GENOME NON_GENOME PIN 13: GENOME NON_GENOME PIN 12
GENOME NON_GENOME PIN 14: GENOME NON_GENOME PIN 12 GENOME NON_GENOME PIN 25
GENOME NON_GENOME PIN 15: GENOME NON_GENOME PIN 12 GENOME NON_GENOME PIN 328 GENOME NON_GENOME PIN 207
GENOME NON_GENOME PIN 34: GENOME NON_GENOME PIN 45
GENOME NON_GENOME PIN 45: GENOME NON_GENOME PIN 34 GENOME NON_GENOME PIN 296
GENOME NON_GENOME PIN 55: GENOME NON_GENOME PIN 66 GENOME NON_GENOME PIN 294
GENOME NON_GENOME PIN 66: GENOME NON_GENOME PIN 55
GENOME NON_GENOME PIN 56: GENOME NON_GENOME PIN 67 GENOME NON_GENOME PIN 78
GENOME NON_GENOME PIN 67: GENOME NON_GENOME PIN 56
GENOME NON_GENOME PIN 78: GENOME NON_GENOME PIN 56
GENOME NON_GENOME PIN 108: GENOME NON_GENOME PIN 97 GENOME NON_GENOME PIN 119 GENOME NON_GENOME PIN 346 GENOME NON_GENOME PIN 308
GENOME NON_GENOME PIN 97: GENOME NON_GENOME PIN 108 GENOME NON_GENOME PIN 275
GENOME NON_GENOME PIN 138: GENOME NON_GENOME PIN 126
GENOME NON_GENOME PIN 126: GENOME NON_GENOME PIN 138 GENOME NON_GENOME PIN 127 GENOME NON_GENOME PIN 128 GENOME NON_GENOME PIN 129
GENOME NON_GENOME PIN 154: GENOME NON_GENOME PIN 149 GENOME NON_GENOME PIN 152
GENOME NON_GENOME PIN 149: GENOME NON_GENOME PIN 154
GENOME NON_GENOME PIN 113: GENOME NON_GENOME PIN 156
GENOME NON_GENOME PIN 156: GENOME NON_GENOME PIN 113
GENOME NON_GENOME PIN 110: GENOME NON_GENOME PIN 159
GENOME NON_GENOME PIN 159: GENOME NON_GENOME PIN 110
GENOME NON_GENOME PIN 145: GENOME NON_GENOME PIN 168
GENOME NON_GENOME PIN 168: GENOME NON_GENOME PIN 145 GENOME NON_GENOME PIN 302
GENOME NON_GENOME PIN 177: GENOME NON_GENOME PIN 178 GENOME NON_GENOME PIN 179 GENOME NON_GENOME PIN 180 GENOME NON_GENOME PIN 175
GENOME NON_GENOME PIN 178: GENOME NON_GENOME PIN 177 GENOME NON_GENOME PIN 175
GENOME NON_GENOME PIN 179: GENOME NON_GENOME PIN 177
GENOME NON_GENOME PIN 180: GENOME NON_GENOME PIN 177 GENOME NON_GENOME PIN 356
GENOME NON_GENOME PIN 328: GENOME NON_GENOME PIN 15
GENOME NON_GENOME PIN 329: GENOME NON_GENOME PIN 16 GENOME NON_GENOME PIN 27
GENOME NON_GENOME PIN 16: GENOME NON_GENOME PIN 329 GENOME NON_GENOME PIN 27
GENOME NON_GENOME PIN 27: GENOME NON_GENOME PIN 329 GENOME NON_GENOME PIN 16 GENOME NON_GENOME PIN 106 GENOME NON_GENOME PIN 288
GENOME NON_GENOME PIN 294: GENOME NON_GENOME PIN 44 GENOME NON_GENOME PIN 55 GENOME NON_GENOME PIN 295 GENOME NON_GENOME PIN 296 GENOME NON_GENOME PIN 297 GENOME NON_GENOME PIN 41
GENOME NON_GENOME PIN 44: GENOME NON_GENOME PIN 294 GENOME NON_GENOME PIN 295
GENOME NON_GENOME PIN 293: GENOME NON_GENOME PIN 54 GENOME NON_GENOME PIN 40
GENOME NON_GENOME PIN 54: GENOME NON_GENOME PIN 293 GENOME NON_GENOME PIN 207
GENOME NON_GENOME PIN 245: GENOME NON_GENOME PIN 71 GENOME NON_GENOME PIN 242
GENOME NON_GENOME PIN 71: GENOME NON_GENOME PIN 245
GENOME NON_GENOME PIN 246: GENOME NON_GENOME PIN 72 GENOME NON_GENOME PIN 83 GENOME NON_GENOME PIN 247 GENOME NON_GENOME PIN 248 GENOME NON_GENOME PIN 249
GENOME NON_GENOME PIN 72: GENOME NON_GENOME PIN 246 GENOME NON_GENOME PIN 450
GENOME NON_GENOME PIN 83: GENOME NON_GENOME PIN 246 GENOME NON_GENOME PIN 95
GENOME NON_GENOME PIN 20: GENOME NON_GENOME PIN 9
GENOME NON_GENOME PIN 9: GENOME NON_GENOME PIN 20
GENOME NON_GENOME PIN 10: GENOME NON_GENOME PIN 21 GENOME NON_GENOME PIN 32
GENOME NON_GENOME PIN 21: GENOME NON_GENOME PIN 10
GENOME NON_GENOME PIN 32: GENOME NON_GENOME PIN 10
GENOME NON_GENOME PIN 119: GENOME NON_GENOME PIN 108
GENOME NON_GENOME PIN 196: GENOME NON_GENOME PIN 207
GENOME NON_GENOME PIN 207: GENOME NON_GENOME PIN 196 GENOME NON_GENOME PIN 15 GENOME NON_GENOME PIN 54
GENOME NON_GENOME PIN 222: GENOME NON_GENOME PIN 223 GENOME NON_GENOME PIN 224 GENOME NON_GENOME PIN 225
GENOME NON_GENOME PIN 223: GENOME NON_GENOME PIN 222
GENOME NON_GENOME PIN 224: GENOME NON_GENOME PIN 222
GENOME NON_GENOME PIN 225: GENOME NON_GENOME PIN 222
GENOME NON_GENOME PIN 234: GENOME NON_GENOME PIN 235 GENOME NON_GENOME PIN 236 GENOME NON_GENOME PIN 237
GENOME NON_GENOME PIN 235: GENOME NON_GENOME PIN 234
GENOME NON_GENOME PIN 236: GENOME NON_GENOME PIN 234
GENOME NON_GENOME PIN 237: GENOME NON_GENOME PIN 234
GENOME NON_GENOME PIN 247: GENOME NON_GENOME PIN 246
GENOME NON_GENOME PIN 248: GENOME NON_GENOME PIN 246
GENOME NON_GENOME PIN 249: GENOME NON_GENOME PIN 246
GENOME NON_GENOME PIN 258: GENOME NON_GENOME PIN 259 GENOME NON_GENOME PIN 260 GENOME NON_GENOME PIN 261 GENOME NON_GENOME PIN 1
GENOME NON_GENOME PIN 259: GENOME NON_GENOME PIN 258 GENOME NON_GENOME PIN 2
GENOME NON_GENOME PIN 260: GENOME NON_GENOME PIN 258 GENOME NON_GENOME PIN 3
GENOME NON_GENOME PIN 261: GENOME NON_GENOME PIN 258 GENOME NON_GENOME PIN 26
GENOME NON_GENOME PIN 270: GENOME NON_GENOME PIN 271 GENOME NON_GENOME PIN 272 GENOME NON_GENOME PIN 273
GENOME NON_GENOME PIN 271: GENOME NON_GENOME PIN 270
GENOME NON_GENOME PIN 272: GENOME NON_GENOME PIN 270
GENOME NON_GENOME PIN 273: GENOME NON_GENOME PIN 270
GENOME NON_GENOME PIN 282: GENOME NON_GENOME PIN 283 GENOME NON_GENOME PIN 284 GENOME NON_GENOME PIN 285
GENOME NON_GENOME PIN 283: GENOME NON_GENOME PIN 282
GENOME NON_GENOME PIN 284: GENOME NON_GENOME PIN 282
GENOME NON_GENOME PIN 285: GENOME NON_GENOME PIN 282
GENOME NON_GENOME PIN 295: GENOME NON_GENOME PIN 294 GENOME NON_GENOME PIN 44
GENOME NON_GENOME PIN 296: GENOME NON_GENOME PIN 294 GENOME NON_GENOME PIN 45
GENOME NON_GENOME PIN 297: GENOME NON_GENOME PIN 294 GENOME NON_GENOME PIN 57
GENOME NON_GENOME PIN 306: GENOME NON_GENOME PIN 307 GENOME NON_GENOME PIN 308 GENOME NON_GENOME PIN 309 GENOME NON_GENOME PIN 106
GENOME NON_GENOME PIN 307: GENOME NON_GENOME PIN 306 GENOME NON_GENOME PIN 107
GENOME NON_GENOME PIN 308: GENOME NON_GENOME PIN 306 GENOME NON_GENOME PIN 108
GENOME NON_GENOME PIN 309: GENOME NON_GENOME PIN 306 GENOME NON_GENOME PIN 109
GENOME NON_GENOME PIN 318: GENOME NON_GENOME PIN 319 GENOME NON_GENOME PIN 320 GENOME NON_GENOME PIN 321
GENOME NON_GENOME PIN 319: GENOME NON_GENOME PIN 318
GENOME NON_GENOME PIN 320: GENOME NON_GENOME PIN 318
GENOME NON_GENOME PIN 321: GENOME NON_GENOME PIN 318
GENOME NON_GENOME PIN 105: GENOME NON_GENOME PIN 26
GENOME NON_GENOME PIN 26: GENOME NON_GENOME PIN 105 GENOME NON_GENOME PIN 242 GENOME NON_GENOME PIN 261
GENOME NON_GENOME PIN 37: GENOME NON_GENOME PIN 48 GENOME NON_GENOME PIN 242 GENOME NON_GENOME PIN 103
GENOME NON_GENOME PIN 48: GENOME NON_GENOME PIN 37
GENOME NON_GENOME PIN 38: GENOME NON_GENOME PIN 49 GENOME NON_GENOME PIN 102
GENOME NON_GENOME PIN 49: GENOME NON_GENOME PIN 38
GENOME NON_GENOME PIN 451: GENOME NON_GENOME PIN 62 GENOME NON_GENOME PIN 73
GENOME NON_GENOME PIN 62: GENOME NON_GENOME PIN 451
GENOME NON_GENOME PIN 450: GENOME NON_GENOME PIN 72
GENOME NON_GENOME PIN 73: GENOME NON_GENOME PIN 451
GENOME NON_GENOME PIN 95: GENOME NON_GENOME PIN 84 GENOME NON_GENOME PIN 83
GENOME NON_GENOME PIN 84: GENOME NON_GENOME PIN 95
GENOME NON_GENOME PIN 106: GENOME NON_GENOME PIN 27 GENOME NON_GENOME PIN 306
GENOME NON_GENOME PIN 127: GENOME NON_GENOME PIN 126
GENOME NON_GENOME PIN 128: GENOME NON_GENOME PIN 126
GENOME NON_GENOME PIN 129: GENOME NON_GENOME PIN 126
GENOME NON_GENOME PIN 140: GENOME NON_GENOME PIN 141 GENOME NON_GENOME PIN 142 GENOME NON_GENOME PIN 143
GENOME NON_GENOME PIN 141: GENOME NON_GENOME PIN 140
GENOME NON_GENOME PIN 142: GENOME NON_GENOME PIN 140
GENOME NON_GENOME PIN 143: GENOME NON_GENOME PIN 140
GENOME NON_GENOME PIN 152: GENOME NON_GENOME PIN 153 GENOME NON_GENOME PIN 154 GENOME NON_GENOME PIN 155 GENOME NON_GENOME PIN 339
GENOME NON_GENOME PIN 153: GENOME NON_GENOME PIN 152 GENOME NON_GENOME PIN 311
GENOME NON_GENOME PIN 155: GENOME NON_GENOME PIN 152
GENOME NON_GENOME PIN 164: GENOME NON_GENOME PIN 165 GENOME NON_GENOME PIN 166 GENOME NON_GENOME PIN 167
GENOME NON_GENOME PIN 165: GENOME NON_GENOME PIN 164 GENOME NON_GENOME PIN 340
GENOME NON_GENOME PIN 166: GENOME NON_GENOME PIN 164 GENOME NON_GENOME PIN 341
GENOME NON_GENOME PIN 167: GENOME NON_GENOME PIN 164 GENOME NON_GENOME PIN 342
GENOME NON_GENOME PIN 242: GENOME NON_GENOME PIN 26 GENOME NON_GENOME PIN 37 GENOME NON_GENOME PIN 243 GENOME NON_GENOME PIN 244 GENOME NON_GENOME PIN 245
GENOME NON_GENOME PIN 241: GENOME NON_GENOME PIN 36
GENOME NON_GENOME PIN 36: GENOME NON_GENOME PIN 241
GENOME NON_GENOME PIN 206: GENOME NON_GENOME PIN 53
GENOME NON_GENOME PIN 53: GENOME NON_GENOME PIN 206
GENOME NON_GENOME PIN 265: GENOME NON_GENOME PIN 65 GENOME NON_GENOME PIN 76
GENOME NON_GENOME PIN 65: GENOME NON_GENOME PIN 265
GENOME NON_GENOME PIN 264: GENOME NON_GENOME PIN 75
GENOME NON_GENOME PIN 75: GENOME NON_GENOME PIN 264
GENOME NON_GENOME PIN 76: GENOME NON_GENOME PIN 265
GENOME NON_GENOME PIN 276: GENOME NON_GENOME PIN 87 GENOME NON_GENOME PIN 98
GENOME NON_GENOME PIN 87: GENOME NON_GENOME PIN 276
GENOME NON_GENOME PIN 275: GENOME NON_GENOME PIN 97
GENOME NON_GENOME PIN 98: GENOME NON_GENOME PIN 276
GENOME NON_GENOME PIN 346: GENOME NON_GENOME PIN 108
GENOME NON_GENOME PIN 347: GENOME NON_GENOME PIN 109 GENOME NON_GENOME PIN 120
GENOME NON_GENOME PIN 109: GENOME NON_GENOME PIN 347 GENOME NON_GENOME PIN 309
GENOME NON_GENOME PIN 120: GENOME NON_GENOME PIN 347
GENOME NON_GENOME PIN 257: GENOME NON_GENOME PIN 0
GENOME NON_GENOME PIN 25: GENOME NON_GENOME PIN 14
GENOME NON_GENOME PIN 288: GENOME NON_GENOME PIN 27
GENOME NON_GENOME PIN 289: GENOME NON_GENOME PIN 28
GENOME NON_GENOME PIN 28: GENOME NON_GENOME PIN 289
GENOME NON_GENOME PIN 40: GENOME NON_GENOME PIN 293
GENOME NON_GENOME PIN 41: GENOME NON_GENOME PIN 294
GENOME NON_GENOME PIN 290: GENOME NON_GENOME PIN 42
GENOME NON_GENOME PIN 42: GENOME NON_GENOME PIN 290
GENOME NON_GENOME PIN 291: GENOME NON_GENOME PIN 43
GENOME NON_GENOME PIN 43: GENOME NON_GENOME PIN 291
GENOME NON_GENOME PIN 57: GENOME NON_GENOME PIN 297
GENOME NON_GENOME PIN 80: GENOME NON_GENOME PIN 68
GENOME NON_GENOME PIN 68: GENOME NON_GENOME PIN 80
GENOME NON_GENOME PIN 303: GENOME NON_GENOME PIN 69
GENOME NON_GENOME PIN 69: GENOME NON_GENOME PIN 303
GENOME NON_GENOME PIN 298: GENOME NON_GENOME PIN 81
GENOME NON_GENOME PIN 81: GENOME NON_GENOME PIN 298
GENOME NON_GENOME PIN 292: GENOME NON_GENOME PIN 93
GENOME NON_GENOME PIN 93: GENOME NON_GENOME PIN 292
GENOME NON_GENOME PIN 304: GENOME NON_GENOME PIN 94
GENOME NON_GENOME PIN 94: GENOME NON_GENOME PIN 304
GENOME NON_GENOME PIN 107: GENOME NON_GENOME PIN 307
GENOME NON_GENOME PIN 310: GENOME NON_GENOME PIN 121
GENOME NON_GENOME PIN 121: GENOME NON_GENOME PIN 310
GENOME NON_GENOME PIN 125: GENOME NON_GENOME PIN 122
GENOME NON_GENOME PIN 122: GENOME NON_GENOME PIN 125
GENOME NON_GENOME PIN 136: GENOME NON_GENOME PIN 147
GENOME NON_GENOME PIN 147: GENOME NON_GENOME PIN 136
GENOME NON_GENOME PIN 305: GENOME NON_GENOME PIN 151
GENOME NON_GENOME PIN 151: GENOME NON_GENOME PIN 305
GENOME NON_GENOME PIN 339: GENOME NON_GENOME PIN 152
GENOME NON_GENOME PIN 311: GENOME NON_GENOME PIN 153
GENOME NON_GENOME PIN 340: GENOME NON_GENOME PIN 165
GENOME NON_GENOME PIN 341: GENOME NON_GENOME PIN 166
GENOME NON_GENOME PIN 342: GENOME NON_GENOME PIN 167
GENOME NON_GENOME PIN 302: GENOME NON_GENOME PIN 168
GENOME NON_GENOME PIN 356: GENOME NON_GENOME PIN 180
GENOME NON_GENOME PIN 357: GENOME NON_GENOME PIN 181
GENOME NON_GENOME PIN 181: GENOME NON_GENOME PIN 357
GENOME NON_GENOME PIN 343: GENOME NON_GENOME PIN 182
GENOME NON_GENOME PIN 182: GENOME NON_GENOME PIN 343
GENOME NON_GENOME PIN 301: GENOME NON_GENOME PIN 183
GENOME NON_GENOME PIN 183: GENOME NON_GENOME PIN 301
GENOME NON_GENOME PIN 358: GENOME NON_GENOME PIN 184
GENOME NON_GENOME PIN 184: GENOME NON_GENOME PIN 358
GENOME NON_GENOME PIN 359: GENOME NON_GENOME PIN 185
GENOME NON_GENOME PIN 185: GENOME NON_GENOME PIN 359
GENOME NON_GENOME PIN 300: GENOME NON_GENOME PIN 188
GENOME NON_GENOME PIN 188: GENOME NON_GENOME PIN 300
GENOME NON_GENOME PIN 299: GENOME NON_GENOME PIN 189
GENOME NON_GENOME PIN 189: GENOME NON_GENOME PIN 299
GENOME NON_GENOME PIN 360: GENOME NON_GENOME PIN 202
GENOME NON_GENOME PIN 202: GENOME NON_GENOME PIN 360
GENOME NON_GENOME PIN 361: GENOME NON_GENOME PIN 203
GENOME NON_GENOME PIN 203: GENOME NON_GENOME PIN 361
GENOME NON_GENOME PIN 362: GENOME NON_GENOME PIN 204
GENOME NON_GENOME PIN 204: GENOME NON_GENOME PIN 362
GENOME NON_GENOME PIN 338: GENOME NON_GENOME PIN 216
GENOME NON_GENOME PIN 216: GENOME NON_GENOME PIN 338
GENOME NON_GENOME PIN 337: GENOME NON_GENOME PIN 229
GENOME NON_GENOME PIN 229: GENOME NON_GENOME PIN 337
GENOME NON_GENOME PIN 336: GENOME NON_GENOME PIN 230
GENOME NON_GENOME PIN 230: GENOME NON_GENOME PIN 336
GENOME NON_GENOME PIN 243: GENOME NON_GENOME PIN 242
GENOME NON_GENOME PIN 244: GENOME NON_GENOME PIN 242
GENOME NON_GENOME PIN 363: GENOME NON_GENOME PIN 254
GENOME NON_GENOME PIN 254: GENOME NON_GENOME PIN 363
GENOME NON_GENOME PIN 334: GENOME NON_GENOME PIN 255
GENOME NON_GENOME PIN 255: GENOME NON_GENOME PIN 334
GENOME NON_GENOME PIN 335: GENOME NON_GENOME PIN 256
GENOME NON_GENOME PIN 256: GENOME NON_GENOME PIN 335
GENOME NON_GENOME PIN 160: GENOME NON_GENOME PIN 161 GENOME NON_GENOME PIN 162 GENOME NON_GENOME PIN 163
GENOME NON_GENOME PIN 161: GENOME NON_GENOME PIN 160
GENOME NON_GENOME PIN 162: GENOME NON_GENOME PIN 160
GENOME NON_GENOME PIN 163: GENOME NON_GENOME PIN 160
GENOME NON_GENOME PIN 175: GENOME NON_GENOME PIN 176 GENOME NON_GENOME PIN 177 GENOME NON_GENOME PIN 178
GENOME NON_GENOME PIN 176: GENOME NON_GENOME PIN 175
INST gameplay_screen__GB14 PIN 38: INST gameplay_screen__GB14 PIN 49 TYPE 2 INST gameplay_screen__GB13 PIN 117 TYPE 4 INST gameplay_screen__GB12 PIN 593 TYPE 4
INST gameplay_screen__GB12 PIN 307: INST gameplay_screen__GB14 PIN 73 TYPE 3 INST gameplay_screen__GB13 PIN 66 TYPE 4
INST gameplay_screen__GB8 PIN 56: INST gameplay_screen__GB8 PIN 67 TYPE 2 INST gameplay_screen__GB7 PIN 661 TYPE 4
INST gameplay_screen__GB8 PIN 169: INST gameplay_screen__GB7 PIN 849 TYPE 0 GENOME gameplay_screen__GB8 PIN 169
INST gameplay_screen__GB8 PIN 170: INST gameplay_screen__GB7 PIN 850 TYPE 0 GENOME gameplay_screen__GB8 PIN 170
INST gameplay_screen__GB8 PIN 171: INST gameplay_screen__GB7 PIN 851 TYPE 0 GENOME gameplay_screen__GB8 PIN 171
INST gameplay_screen__GB8 PIN 172: INST gameplay_screen__GB7 PIN 852 TYPE 0 GENOME gameplay_screen__GB8 PIN 172
INST gameplay_screen__GB8 PIN 173: INST gameplay_screen__GB7 PIN 853 TYPE 0 GENOME gameplay_screen__GB8 PIN 173
INST gameplay_screen__GB8 PIN 174: INST gameplay_screen__GB7 PIN 854 TYPE 0 GENOME gameplay_screen__GB8 PIN 174
INST gameplay_screen__GB8 PIN 175: INST gameplay_screen__GB7 PIN 855 TYPE 0 GENOME gameplay_screen__GB8 PIN 175
INST gameplay_screen__GB8 PIN 176: INST gameplay_screen__GB7 PIN 856 TYPE 0 GENOME gameplay_screen__GB8 PIN 176
INST gameplay_screen__GB8 PIN 177: INST gameplay_screen__GB8 PIN 178 TYPE 2 INST gameplay_screen__GB7 PIN 858 TYPE 4 INST gameplay_screen__GB8 PIN 179 TYPE 2 INST gameplay_screen__GB7 PIN 859 TYPE 4 INST gameplay_screen__GB8 PIN 180 TYPE 2 INST gameplay_screen__GB7 PIN 860 TYPE 4
INST gameplay_screen__GB18 PIN 242: INST gameplay_screen__GB18 PIN 243 TYPE 2 INST gameplay_screen__GB2 PIN 206 TYPE 4 INST gameplay_screen__GB18 PIN 244 TYPE 2 INST gameplay_screen__GB2 PIN 207 TYPE 4 INST gameplay_screen__GB18 PIN 245 TYPE 2 INST gameplay_screen__GB2 PIN 208 TYPE 4
INST gameplay_screen__GB18 PIN 246: INST gameplay_screen__GB2 PIN 209 TYPE 0 GENOME gameplay_screen__GB18 PIN 246
INST gameplay_screen__GB18 PIN 247: INST gameplay_screen__GB2 PIN 210 TYPE 0 GENOME gameplay_screen__GB18 PIN 247
INST gameplay_screen__GB18 PIN 248: INST gameplay_screen__GB2 PIN 211 TYPE 0 GENOME gameplay_screen__GB18 PIN 248
INST gameplay_screen__GB18 PIN 249: INST gameplay_screen__GB2 PIN 212 TYPE 0 GENOME gameplay_screen__GB18 PIN 249
INST gameplay_screen__GB18 PIN 250: INST gameplay_screen__GB2 PIN 213 TYPE 0 GENOME gameplay_screen__GB18 PIN 250
INST gameplay_screen__GB18 PIN 251: INST gameplay_screen__GB2 PIN 214 TYPE 0 GENOME gameplay_screen__GB18 PIN 251
INST gameplay_screen__GB18 PIN 252: INST gameplay_screen__GB2 PIN 215 TYPE 0 GENOME gameplay_screen__GB18 PIN 252
INST gameplay_screen__GB18 PIN 253: INST gameplay_screen__GB2 PIN 216 TYPE 0 GENOME gameplay_screen__GB18 PIN 253
INST gameplay_screen__GB11 PIN 222: INST gameplay_screen__GB11 PIN 223 TYPE 2 INST gameplay_screen__GB2 PIN 231 TYPE 4 INST gameplay_screen__GB11 PIN 224 TYPE 2 INST gameplay_screen__GB2 PIN 232 TYPE 4 INST gameplay_screen__GB11 PIN 225 TYPE 2 INST gameplay_screen__GB2 PIN 233 TYPE 4
INST gameplay_screen__GB11 PIN 226: INST gameplay_screen__GB2 PIN 234 TYPE 0 GENOME gameplay_screen__GB11 PIN 226
INST gameplay_screen__GB11 PIN 227: INST gameplay_screen__GB2 PIN 235 TYPE 0 GENOME gameplay_screen__GB11 PIN 227
INST gameplay_screen__GB11 PIN 228: INST gameplay_screen__GB2 PIN 236 TYPE 0 GENOME gameplay_screen__GB11 PIN 228
INST gameplay_screen__GB11 PIN 229: INST gameplay_screen__GB2 PIN 237 TYPE 0 GENOME gameplay_screen__GB11 PIN 229
INST gameplay_screen__GB11 PIN 230: INST gameplay_screen__GB2 PIN 238 TYPE 0 GENOME gameplay_screen__GB11 PIN 230
INST gameplay_screen__GB11 PIN 231: INST gameplay_screen__GB2 PIN 239 TYPE 0 GENOME gameplay_screen__GB11 PIN 231
INST gameplay_screen__GB11 PIN 232: INST gameplay_screen__GB2 PIN 240 TYPE 0 GENOME gameplay_screen__GB11 PIN 232
INST gameplay_screen__GB11 PIN 233: INST gameplay_screen__GB2 PIN 241 TYPE 0 GENOME gameplay_screen__GB11 PIN 233
INST gameplay_screen__GB11 PIN 246: INST gameplay_screen__GB11 PIN 247 TYPE 2 INST gameplay_screen__GB2 PIN 257 TYPE 4 INST gameplay_screen__GB11 PIN 248 TYPE 2 INST gameplay_screen__GB2 PIN 258 TYPE 4 INST gameplay_screen__GB11 PIN 249 TYPE 2 INST gameplay_screen__GB2 PIN 259 TYPE 4
INST gameplay_screen__GB11 PIN 250: INST gameplay_screen__GB2 PIN 260 TYPE 0 GENOME gameplay_screen__GB11 PIN 250
INST gameplay_screen__GB11 PIN 251: INST gameplay_screen__GB2 PIN 261 TYPE 0 GENOME gameplay_screen__GB11 PIN 251
INST gameplay_screen__GB11 PIN 252: INST gameplay_screen__GB2 PIN 262 TYPE 0 GENOME gameplay_screen__GB11 PIN 252
INST gameplay_screen__GB11 PIN 253: INST gameplay_screen__GB2 PIN 263 TYPE 0 GENOME gameplay_screen__GB11 PIN 253
INST gameplay_screen__GB11 PIN 254: INST gameplay_screen__GB2 PIN 264 TYPE 0 GENOME gameplay_screen__GB11 PIN 254
INST gameplay_screen__GB11 PIN 255: INST gameplay_screen__GB2 PIN 265 TYPE 0 GENOME gameplay_screen__GB11 PIN 255
INST gameplay_screen__GB11 PIN 256: INST gameplay_screen__GB2 PIN 266 TYPE 0 GENOME gameplay_screen__GB11 PIN 256
INST gameplay_screen__GB11 PIN 257: INST gameplay_screen__GB2 PIN 267 TYPE 0 GENOME gameplay_screen__GB11 PIN 257
INST gameplay_screen__GB11 PIN 234: INST gameplay_screen__GB11 PIN 235 TYPE 2 INST gameplay_screen__GB2 PIN 281 TYPE 4 INST gameplay_screen__GB11 PIN 236 TYPE 2 INST gameplay_screen__GB2 PIN 282 TYPE 4 INST gameplay_screen__GB11 PIN 237 TYPE 2 INST gameplay_screen__GB2 PIN 283 TYPE 4
INST gameplay_screen__GB11 PIN 238: INST gameplay_screen__GB2 PIN 284 TYPE 0 GENOME gameplay_screen__GB11 PIN 238
INST gameplay_screen__GB11 PIN 239: INST gameplay_screen__GB2 PIN 285 TYPE 0 GENOME gameplay_screen__GB11 PIN 239
INST gameplay_screen__GB11 PIN 240: INST gameplay_screen__GB2 PIN 286 TYPE 0 GENOME gameplay_screen__GB11 PIN 240
INST gameplay_screen__GB11 PIN 241: INST gameplay_screen__GB2 PIN 287 TYPE 0 GENOME gameplay_screen__GB11 PIN 241
INST gameplay_screen__GB11 PIN 242: INST gameplay_screen__GB2 PIN 288 TYPE 0 GENOME gameplay_screen__GB11 PIN 242
INST gameplay_screen__GB11 PIN 243: INST gameplay_screen__GB2 PIN 289 TYPE 0 GENOME gameplay_screen__GB11 PIN 243
INST gameplay_screen__GB11 PIN 244: INST gameplay_screen__GB2 PIN 290 TYPE 0 GENOME gameplay_screen__GB11 PIN 244
INST gameplay_screen__GB11 PIN 245: INST gameplay_screen__GB2 PIN 291 TYPE 0 GENOME gameplay_screen__GB11 PIN 245
INST gameplay_screen__GB11 PIN 270: INST gameplay_screen__GB11 PIN 271 TYPE 2 INST gameplay_screen__GB2 PIN 310 TYPE 4 INST gameplay_screen__GB11 PIN 272 TYPE 2 INST gameplay_screen__GB2 PIN 311 TYPE 4 INST gameplay_screen__GB11 PIN 273 TYPE 2 INST gameplay_screen__GB2 PIN 312 TYPE 4
INST gameplay_screen__GB11 PIN 274: INST gameplay_screen__GB2 PIN 313 TYPE 0 GENOME gameplay_screen__GB11 PIN 274
INST gameplay_screen__GB11 PIN 275: INST gameplay_screen__GB2 PIN 314 TYPE 0 GENOME gameplay_screen__GB11 PIN 275
INST gameplay_screen__GB11 PIN 276: INST gameplay_screen__GB2 PIN 315 TYPE 0 GENOME gameplay_screen__GB11 PIN 276
INST gameplay_screen__GB11 PIN 277: INST gameplay_screen__GB2 PIN 316 TYPE 0 GENOME gameplay_screen__GB11 PIN 277
INST gameplay_screen__GB11 PIN 278: INST gameplay_screen__GB2 PIN 317 TYPE 0 GENOME gameplay_screen__GB11 PIN 278
INST gameplay_screen__GB11 PIN 279: INST gameplay_screen__GB2 PIN 318 TYPE 0 GENOME gameplay_screen__GB11 PIN 279
INST gameplay_screen__GB11 PIN 280: INST gameplay_screen__GB2 PIN 319 TYPE 0 GENOME gameplay_screen__GB11 PIN 280
INST gameplay_screen__GB11 PIN 281: INST gameplay_screen__GB2 PIN 320 TYPE 0 GENOME gameplay_screen__GB11 PIN 281
INST gameplay_screen__GB11 PIN 294: INST gameplay_screen__GB11 PIN 295 TYPE 2 INST gameplay_screen__GB2 PIN 325 TYPE 4 INST gameplay_screen__GB11 PIN 296 TYPE 2 INST gameplay_screen__GB2 PIN 326 TYPE 4 INST gameplay_screen__GB11 PIN 297 TYPE 2 INST gameplay_screen__GB2 PIN 327 TYPE 4
INST gameplay_screen__GB11 PIN 298: INST gameplay_screen__GB2 PIN 328 TYPE 0 GENOME gameplay_screen__GB11 PIN 298
INST gameplay_screen__GB11 PIN 299: INST gameplay_screen__GB2 PIN 329 TYPE 0 GENOME gameplay_screen__GB11 PIN 299
INST gameplay_screen__GB11 PIN 300: INST gameplay_screen__GB2 PIN 330 TYPE 0 GENOME gameplay_screen__GB11 PIN 300
INST gameplay_screen__GB11 PIN 301: INST gameplay_screen__GB2 PIN 331 TYPE 0 GENOME gameplay_screen__GB11 PIN 301
INST gameplay_screen__GB11 PIN 302: INST gameplay_screen__GB2 PIN 332 TYPE 0 GENOME gameplay_screen__GB11 PIN 302
INST gameplay_screen__GB11 PIN 303: INST gameplay_screen__GB2 PIN 333 TYPE 0 GENOME gameplay_screen__GB11 PIN 303
INST gameplay_screen__GB11 PIN 304: INST gameplay_screen__GB2 PIN 334 TYPE 0 GENOME gameplay_screen__GB11 PIN 304
INST gameplay_screen__GB11 PIN 305: INST gameplay_screen__GB2 PIN 335 TYPE 0 GENOME gameplay_screen__GB11 PIN 305
INST gameplay_screen__GB11 PIN 318: INST gameplay_screen__GB11 PIN 319 TYPE 2 INST gameplay_screen__GB2 PIN 337 TYPE 4 INST gameplay_screen__GB11 PIN 320 TYPE 2 INST gameplay_screen__GB2 PIN 338 TYPE 4 INST gameplay_screen__GB11 PIN 321 TYPE 2 INST gameplay_screen__GB2 PIN 339 TYPE 4
INST gameplay_screen__GB11 PIN 322: INST gameplay_screen__GB2 PIN 340 TYPE 0 GENOME gameplay_screen__GB11 PIN 322
INST gameplay_screen__GB11 PIN 323: INST gameplay_screen__GB2 PIN 341 TYPE 0 GENOME gameplay_screen__GB11 PIN 323
INST gameplay_screen__GB11 PIN 324: INST gameplay_screen__GB2 PIN 342 TYPE 0 GENOME gameplay_screen__GB11 PIN 324
INST gameplay_screen__GB11 PIN 325: INST gameplay_screen__GB2 PIN 343 TYPE 0 GENOME gameplay_screen__GB11 PIN 325
INST gameplay_screen__GB11 PIN 326: INST gameplay_screen__GB2 PIN 344 TYPE 0 GENOME gameplay_screen__GB11 PIN 326
INST gameplay_screen__GB11 PIN 327: INST gameplay_screen__GB2 PIN 345 TYPE 0 GENOME gameplay_screen__GB11 PIN 327
INST gameplay_screen__GB11 PIN 328: INST gameplay_screen__GB2 PIN 346 TYPE 0 GENOME gameplay_screen__GB11 PIN 328
INST gameplay_screen__GB11 PIN 329: INST gameplay_screen__GB2 PIN 347 TYPE 0 GENOME gameplay_screen__GB11 PIN 329
INST gameplay_screen__GB11 PIN 282: INST gameplay_screen__GB11 PIN 283 TYPE 2 INST gameplay_screen__GB2 PIN 361 TYPE 4 INST gameplay_screen__GB11 PIN 284 TYPE 2 INST gameplay_screen__GB2 PIN 362 TYPE 4 INST gameplay_screen__GB11 PIN 285 TYPE 2 INST gameplay_screen__GB2 PIN 363 TYPE 4
INST gameplay_screen__GB11 PIN 286: INST gameplay_screen__GB2 PIN 364 TYPE 0 GENOME gameplay_screen__GB11 PIN 286
INST gameplay_screen__GB11 PIN 287: INST gameplay_screen__GB2 PIN 365 TYPE 0 GENOME gameplay_screen__GB11 PIN 287
INST gameplay_screen__GB11 PIN 288: INST gameplay_screen__GB2 PIN 366 TYPE 0 GENOME gameplay_screen__GB11 PIN 288
INST gameplay_screen__GB11 PIN 289: INST gameplay_screen__GB2 PIN 367 TYPE 0 GENOME gameplay_screen__GB11 PIN 289
INST gameplay_screen__GB11 PIN 290: INST gameplay_screen__GB2 PIN 368 TYPE 0 GENOME gameplay_screen__GB11 PIN 290
INST gameplay_screen__GB11 PIN 291: INST gameplay_screen__GB2 PIN 369 TYPE 0 GENOME gameplay_screen__GB11 PIN 291
INST gameplay_screen__GB11 PIN 292: INST gameplay_screen__GB2 PIN 370 TYPE 0 GENOME gameplay_screen__GB11 PIN 292
INST gameplay_screen__GB11 PIN 293: INST gameplay_screen__GB2 PIN 371 TYPE 0 GENOME gameplay_screen__GB11 PIN 293
INST gameplay_screen__GB11 PIN 306: INST gameplay_screen__GB11 PIN 307 TYPE 2 INST gameplay_screen__GB2 PIN 606 TYPE 4 INST gameplay_screen__GB11 PIN 308 TYPE 2 INST gameplay_screen__GB2 PIN 607 TYPE 4 INST gameplay_screen__GB11 PIN 309 TYPE 2 INST gameplay_screen__GB2 PIN 608 TYPE 4
INST gameplay_screen__GB11 PIN 310: INST gameplay_screen__GB2 PIN 609 TYPE 0 GENOME gameplay_screen__GB11 PIN 310
INST gameplay_screen__GB11 PIN 311: INST gameplay_screen__GB2 PIN 610 TYPE 0 GENOME gameplay_screen__GB11 PIN 311
INST gameplay_screen__GB11 PIN 312: INST gameplay_screen__GB2 PIN 611 TYPE 0 GENOME gameplay_screen__GB11 PIN 312
INST gameplay_screen__GB11 PIN 313: INST gameplay_screen__GB2 PIN 612 TYPE 0 GENOME gameplay_screen__GB11 PIN 313
INST gameplay_screen__GB11 PIN 314: INST gameplay_screen__GB2 PIN 613 TYPE 0 GENOME gameplay_screen__GB11 PIN 314
INST gameplay_screen__GB11 PIN 315: INST gameplay_screen__GB2 PIN 614 TYPE 0 GENOME gameplay_screen__GB11 PIN 315
INST gameplay_screen__GB11 PIN 316: INST gameplay_screen__GB2 PIN 615 TYPE 0 GENOME gameplay_screen__GB11 PIN 316
INST gameplay_screen__GB11 PIN 317: INST gameplay_screen__GB2 PIN 616 TYPE 0 GENOME gameplay_screen__GB11 PIN 317
INST gameplay_screen__GB11 PIN 258: INST gameplay_screen__GB11 PIN 259 TYPE 2 INST gameplay_screen__GB2 PIN 630 TYPE 4 INST gameplay_screen__GB11 PIN 260 TYPE 2 INST gameplay_screen__GB2 PIN 631 TYPE 4 INST gameplay_screen__GB11 PIN 261 TYPE 2 INST gameplay_screen__GB2 PIN 632 TYPE 4
INST gameplay_screen__GB11 PIN 262: INST gameplay_screen__GB2 PIN 633 TYPE 0 GENOME gameplay_screen__GB11 PIN 262
INST gameplay_screen__GB11 PIN 263: INST gameplay_screen__GB2 PIN 634 TYPE 0 GENOME gameplay_screen__GB11 PIN 263
INST gameplay_screen__GB11 PIN 264: INST gameplay_screen__GB2 PIN 635 TYPE 0 GENOME gameplay_screen__GB11 PIN 264
INST gameplay_screen__GB11 PIN 265: INST gameplay_screen__GB2 PIN 636 TYPE 0 GENOME gameplay_screen__GB11 PIN 265
INST gameplay_screen__GB11 PIN 266: INST gameplay_screen__GB2 PIN 637 TYPE 0 GENOME gameplay_screen__GB11 PIN 266
INST gameplay_screen__GB11 PIN 267: INST gameplay_screen__GB2 PIN 638 TYPE 0 GENOME gameplay_screen__GB11 PIN 267
INST gameplay_screen__GB11 PIN 268: INST gameplay_screen__GB2 PIN 639 TYPE 0 GENOME gameplay_screen__GB11 PIN 268
INST gameplay_screen__GB11 PIN 269: INST gameplay_screen__GB2 PIN 640 TYPE 0 GENOME gameplay_screen__GB11 PIN 269
INST gameplay_screen__GB21 PIN 0: INST gameplay_screen__GB21 PIN 1 TYPE 2 INST gameplay_screen__GB2 PIN 741 TYPE 4 INST gameplay_screen__GB21 PIN 2 TYPE 2 INST gameplay_screen__GB2 PIN 742 TYPE 4 INST gameplay_screen__GB21 PIN 3 TYPE 2 INST gameplay_screen__GB2 PIN 743 TYPE 4
INST gameplay_screen__GB21 PIN 4: INST gameplay_screen__GB2 PIN 744 TYPE 0 GENOME gameplay_screen__GB21 PIN 4
INST gameplay_screen__GB21 PIN 5: INST gameplay_screen__GB2 PIN 745 TYPE 0 GENOME gameplay_screen__GB21 PIN 5
INST gameplay_screen__GB21 PIN 6: INST gameplay_screen__GB2 PIN 746 TYPE 0 GENOME gameplay_screen__GB21 PIN 6
INST gameplay_screen__GB21 PIN 7: INST gameplay_screen__GB2 PIN 747 TYPE 0 GENOME gameplay_screen__GB21 PIN 7
INST gameplay_screen__GB21 PIN 8: INST gameplay_screen__GB2 PIN 748 TYPE 0 GENOME gameplay_screen__GB21 PIN 8
INST gameplay_screen__GB21 PIN 9: INST gameplay_screen__GB2 PIN 749 TYPE 0 GENOME gameplay_screen__GB21 PIN 9
INST gameplay_screen__GB21 PIN 10: INST gameplay_screen__GB2 PIN 750 TYPE 0 GENOME gameplay_screen__GB21 PIN 10
INST gameplay_screen__GB21 PIN 11: INST gameplay_screen__GB2 PIN 751 TYPE 0 GENOME gameplay_screen__GB21 PIN 11
INST gameplay_screen__GB14 PIN 126: INST gameplay_screen__GB14 PIN 127 TYPE 2 INST gameplay_screen__GB2 PIN 753 TYPE 4 INST gameplay_screen__GB14 PIN 128 TYPE 2 INST gameplay_screen__GB2 PIN 754 TYPE 4 INST gameplay_screen__GB14 PIN 129 TYPE 2 INST gameplay_screen__GB2 PIN 755 TYPE 4
INST gameplay_screen__GB14 PIN 130: INST gameplay_screen__GB2 PIN 756 TYPE 0 GENOME gameplay_screen__GB14 PIN 130
INST gameplay_screen__GB14 PIN 131: INST gameplay_screen__GB2 PIN 757 TYPE 0 GENOME gameplay_screen__GB14 PIN 131
INST gameplay_screen__GB14 PIN 132: INST gameplay_screen__GB2 PIN 758 TYPE 0 GENOME gameplay_screen__GB14 PIN 132
INST gameplay_screen__GB14 PIN 133: INST gameplay_screen__GB2 PIN 759 TYPE 0 GENOME gameplay_screen__GB14 PIN 133
INST gameplay_screen__GB14 PIN 134: INST gameplay_screen__GB2 PIN 760 TYPE 0 GENOME gameplay_screen__GB14 PIN 134
INST gameplay_screen__GB14 PIN 135: INST gameplay_screen__GB2 PIN 761 TYPE 0 GENOME gameplay_screen__GB14 PIN 135
INST gameplay_screen__GB14 PIN 136: INST gameplay_screen__GB2 PIN 762 TYPE 0 GENOME gameplay_screen__GB14 PIN 136
INST gameplay_screen__GB14 PIN 137: INST gameplay_screen__GB2 PIN 763 TYPE 0 GENOME gameplay_screen__GB14 PIN 137
INST gameplay_screen__GB14 PIN 140: INST gameplay_screen__GB14 PIN 141 TYPE 2 INST gameplay_screen__GB2 PIN 765 TYPE 4 INST gameplay_screen__GB14 PIN 142 TYPE 2 INST gameplay_screen__GB2 PIN 766 TYPE 4 INST gameplay_screen__GB14 PIN 143 TYPE 2 INST gameplay_screen__GB2 PIN 767 TYPE 4
INST gameplay_screen__GB14 PIN 144: INST gameplay_screen__GB2 PIN 768 TYPE 0 GENOME gameplay_screen__GB14 PIN 144
INST gameplay_screen__GB14 PIN 145: INST gameplay_screen__GB2 PIN 769 TYPE 0 GENOME gameplay_screen__GB14 PIN 145
INST gameplay_screen__GB14 PIN 146: INST gameplay_screen__GB2 PIN 770 TYPE 0 GENOME gameplay_screen__GB14 PIN 146
INST gameplay_screen__GB14 PIN 147: INST gameplay_screen__GB2 PIN 771 TYPE 0 GENOME gameplay_screen__GB14 PIN 147
INST gameplay_screen__GB14 PIN 148: INST gameplay_screen__GB2 PIN 772 TYPE 0 GENOME gameplay_screen__GB14 PIN 148
INST gameplay_screen__GB14 PIN 149: INST gameplay_screen__GB2 PIN 773 TYPE 0 GENOME gameplay_screen__GB14 PIN 149
INST gameplay_screen__GB14 PIN 150: INST gameplay_screen__GB2 PIN 774 TYPE 0 GENOME gameplay_screen__GB14 PIN 150
INST gameplay_screen__GB14 PIN 151: INST gameplay_screen__GB2 PIN 775 TYPE 0 GENOME gameplay_screen__GB14 PIN 151
INST gameplay_screen__GB21 PIN 175: INST gameplay_screen__GB21 PIN 176 TYPE 2 INST gameplay_screen__GB2 PIN 777 TYPE 4 INST gameplay_screen__GB21 PIN 177 TYPE 2 INST gameplay_screen__GB2 PIN 778 TYPE 4 INST gameplay_screen__GB21 PIN 178 TYPE 2 INST gameplay_screen__GB2 PIN 779 TYPE 4
INST gameplay_screen__GB21 PIN 179: INST gameplay_screen__GB2 PIN 780 TYPE 0 GENOME gameplay_screen__GB21 PIN 179
INST gameplay_screen__GB21 PIN 180: INST gameplay_screen__GB2 PIN 781 TYPE 0 GENOME gameplay_screen__GB21 PIN 180
INST gameplay_screen__GB21 PIN 181: INST gameplay_screen__GB2 PIN 782 TYPE 0 GENOME gameplay_screen__GB21 PIN 181
INST gameplay_screen__GB21 PIN 182: INST gameplay_screen__GB2 PIN 783 TYPE 0 GENOME gameplay_screen__GB21 PIN 182
INST gameplay_screen__GB21 PIN 183: INST gameplay_screen__GB2 PIN 784 TYPE 0 GENOME gameplay_screen__GB21 PIN 183
INST gameplay_screen__GB21 PIN 184: INST gameplay_screen__GB2 PIN 785 TYPE 0 GENOME gameplay_screen__GB21 PIN 184
INST gameplay_screen__GB21 PIN 185: INST gameplay_screen__GB2 PIN 786 TYPE 0 GENOME gameplay_screen__GB21 PIN 185
INST gameplay_screen__GB21 PIN 186: INST gameplay_screen__GB2 PIN 787 TYPE 0 GENOME gameplay_screen__GB21 PIN 186
INST gameplay_screen__GB14 PIN 152: INST gameplay_screen__GB14 PIN 153 TYPE 2 INST gameplay_screen__GB2 PIN 802 TYPE 4 INST gameplay_screen__GB14 PIN 154 TYPE 2 INST gameplay_screen__GB2 PIN 803 TYPE 4 INST gameplay_screen__GB14 PIN 155 TYPE 2 INST gameplay_screen__GB2 PIN 804 TYPE 4
INST gameplay_screen__GB14 PIN 156: INST gameplay_screen__GB2 PIN 805 TYPE 0 GENOME gameplay_screen__GB14 PIN 156
INST gameplay_screen__GB14 PIN 157: INST gameplay_screen__GB2 PIN 806 TYPE 0 GENOME gameplay_screen__GB14 PIN 157
INST gameplay_screen__GB14 PIN 158: INST gameplay_screen__GB2 PIN 807 TYPE 0 GENOME gameplay_screen__GB14 PIN 158
INST gameplay_screen__GB14 PIN 159: INST gameplay_screen__GB2 PIN 808 TYPE 0 GENOME gameplay_screen__GB14 PIN 159
INST gameplay_screen__GB14 PIN 160: INST gameplay_screen__GB2 PIN 809 TYPE 0 GENOME gameplay_screen__GB14 PIN 160
INST gameplay_screen__GB14 PIN 161: INST gameplay_screen__GB2 PIN 810 TYPE 0 GENOME gameplay_screen__GB14 PIN 161
INST gameplay_screen__GB14 PIN 162: INST gameplay_screen__GB2 PIN 811 TYPE 0 GENOME gameplay_screen__GB14 PIN 162
INST gameplay_screen__GB14 PIN 163: INST gameplay_screen__GB2 PIN 812 TYPE 0 GENOME gameplay_screen__GB14 PIN 163
INST gameplay_screen__GB8 PIN 12: INST gameplay_screen__GB8 PIN 13 TYPE 2 INST gameplay_screen__GB2 PIN 814 TYPE 4 INST gameplay_screen__GB8 PIN 14 TYPE 2 INST gameplay_screen__GB2 PIN 815 TYPE 4 INST gameplay_screen__GB8 PIN 15 TYPE 2 INST gameplay_screen__GB2 PIN 816 TYPE 4
INST gameplay_screen__GB8 PIN 16: INST gameplay_screen__GB2 PIN 817 TYPE 0 GENOME gameplay_screen__GB8 PIN 16
INST gameplay_screen__GB8 PIN 17: INST gameplay_screen__GB2 PIN 818 TYPE 0 GENOME gameplay_screen__GB8 PIN 17
INST gameplay_screen__GB8 PIN 18: INST gameplay_screen__GB2 PIN 819 TYPE 0 GENOME gameplay_screen__GB8 PIN 18
INST gameplay_screen__GB8 PIN 19: INST gameplay_screen__GB2 PIN 820 TYPE 0 GENOME gameplay_screen__GB8 PIN 19
INST gameplay_screen__GB8 PIN 20: INST gameplay_screen__GB2 PIN 821 TYPE 0 GENOME gameplay_screen__GB8 PIN 20
INST gameplay_screen__GB8 PIN 21: INST gameplay_screen__GB2 PIN 822 TYPE 0 GENOME gameplay_screen__GB8 PIN 21
INST gameplay_screen__GB8 PIN 22: INST gameplay_screen__GB2 PIN 823 TYPE 0 GENOME gameplay_screen__GB8 PIN 22
INST gameplay_screen__GB8 PIN 23: INST gameplay_screen__GB2 PIN 824 TYPE 0 GENOME gameplay_screen__GB8 PIN 23
INST gameplay_screen__GB8 PIN 0: INST gameplay_screen__GB8 PIN 1 TYPE 2 INST gameplay_screen__GB2 PIN 826 TYPE 4 INST gameplay_screen__GB8 PIN 2 TYPE 2 INST gameplay_screen__GB2 PIN 827 TYPE 4 INST gameplay_screen__GB8 PIN 3 TYPE 2 INST gameplay_screen__GB2 PIN 828 TYPE 4
INST gameplay_screen__GB8 PIN 4: INST gameplay_screen__GB2 PIN 829 TYPE 0 GENOME gameplay_screen__GB8 PIN 4
INST gameplay_screen__GB8 PIN 5: INST gameplay_screen__GB2 PIN 830 TYPE 0 GENOME gameplay_screen__GB8 PIN 5
INST gameplay_screen__GB8 PIN 6: INST gameplay_screen__GB2 PIN 831 TYPE 0 GENOME gameplay_screen__GB8 PIN 6
INST gameplay_screen__GB8 PIN 7: INST gameplay_screen__GB2 PIN 832 TYPE 0 GENOME gameplay_screen__GB8 PIN 7
INST gameplay_screen__GB8 PIN 8: INST gameplay_screen__GB2 PIN 833 TYPE 0 GENOME gameplay_screen__GB8 PIN 8
INST gameplay_screen__GB8 PIN 9: INST gameplay_screen__GB2 PIN 834 TYPE 0 GENOME gameplay_screen__GB8 PIN 9
INST gameplay_screen__GB8 PIN 10: INST gameplay_screen__GB2 PIN 835 TYPE 0 GENOME gameplay_screen__GB8 PIN 10
INST gameplay_screen__GB8 PIN 11: INST gameplay_screen__GB2 PIN 836 TYPE 0 GENOME gameplay_screen__GB8 PIN 11
INST gameplay_screen__GB14 PIN 164: INST gameplay_screen__GB14 PIN 165 TYPE 2 INST gameplay_screen__GB2 PIN 838 TYPE 4 INST gameplay_screen__GB14 PIN 166 TYPE 2 INST gameplay_screen__GB2 PIN 839 TYPE 4 INST gameplay_screen__GB14 PIN 167 TYPE 2 INST gameplay_screen__GB2 PIN 840 TYPE 4
INST gameplay_screen__GB14 PIN 168: INST gameplay_screen__GB2 PIN 841 TYPE 0 GENOME gameplay_screen__GB14 PIN 168
INST gameplay_screen__GB14 PIN 169: INST gameplay_screen__GB2 PIN 842 TYPE 0 GENOME gameplay_screen__GB14 PIN 169
INST gameplay_screen__GB14 PIN 170: INST gameplay_screen__GB2 PIN 843 TYPE 0 GENOME gameplay_screen__GB14 PIN 170
INST gameplay_screen__GB14 PIN 171: INST gameplay_screen__GB2 PIN 844 TYPE 0 GENOME gameplay_screen__GB14 PIN 171
INST gameplay_screen__GB14 PIN 172: INST gameplay_screen__GB2 PIN 845 TYPE 0 GENOME gameplay_screen__GB14 PIN 172
INST gameplay_screen__GB14 PIN 173: INST gameplay_screen__GB2 PIN 846 TYPE 0 GENOME gameplay_screen__GB14 PIN 173
INST gameplay_screen__GB14 PIN 174: INST gameplay_screen__GB2 PIN 847 TYPE 0 GENOME gameplay_screen__GB14 PIN 174
INST gameplay_screen__GB14 PIN 175: INST gameplay_screen__GB2 PIN 848 TYPE 0 GENOME gameplay_screen__GB14 PIN 175
INST gameplay_screen__GB14 PIN 27: INST gameplay_screen__GB14 PIN 106 TYPE 2 INST gameplay_screen__GB2 PIN 973 TYPE 4
INST gameplay_screen__GB21 PIN 152: INST gameplay_screen__GB20 PIN 557 TYPE 0 GENOME gameplay_screen__GB21 PIN 152
INST gameplay_screen__GB21 PIN 153: INST gameplay_screen__GB20 PIN 558 TYPE 0 GENOME gameplay_screen__GB21 PIN 153
INST gameplay_screen__GB21 PIN 154: INST gameplay_screen__GB20 PIN 559 TYPE 0 GENOME gameplay_screen__GB21 PIN 154
INST gameplay_screen__GB21 PIN 155: INST gameplay_screen__GB20 PIN 560 TYPE 0 GENOME gameplay_screen__GB21 PIN 155
INST gameplay_screen__GB21 PIN 156: INST gameplay_screen__GB20 PIN 561 TYPE 0 GENOME gameplay_screen__GB21 PIN 156
INST gameplay_screen__GB21 PIN 157: INST gameplay_screen__GB20 PIN 562 TYPE 0 GENOME gameplay_screen__GB21 PIN 157
INST gameplay_screen__GB21 PIN 158: INST gameplay_screen__GB20 PIN 563 TYPE 0 GENOME gameplay_screen__GB21 PIN 158
INST gameplay_screen__GB21 PIN 159: INST gameplay_screen__GB20 PIN 564 TYPE 0 GENOME gameplay_screen__GB21 PIN 159
INST gameplay_screen__GB21 PIN 160: INST gameplay_screen__GB21 PIN 161 TYPE 2 INST gameplay_screen__GB20 PIN 566 TYPE 4 INST gameplay_screen__GB21 PIN 162 TYPE 2 INST gameplay_screen__GB20 PIN 567 TYPE 4 INST gameplay_screen__GB21 PIN 163 TYPE 2 INST gameplay_screen__GB20 PIN 568 TYPE 4
INST gameplay_screen__GB11 PIN 163: INST gameplay_screen__GB10 PIN 72 TYPE 3 INST gameplay_screen__GB9 PIN 303 TYPE 4
INST gameplay_screen__GB11 PIN 130: INST gameplay_screen__GB10 PIN 55 TYPE 3 INST gameplay_screen__GB9 PIN 336 TYPE 4
INST gameplay_screen__GB11 PIN 43: INST gameplay_screen__GB10 PIN 16 TYPE 3 INST gameplay_screen__GB9 PIN 426 TYPE 4
INST gameplay_screen__GB18 PIN 179: INST gameplay_screen__GB17 PIN 98 TYPE 3 INST gameplay_screen__GB16 PIN 256 TYPE 4
INST gameplay_screen__GB18 PIN 215: INST gameplay_screen__GB17 PIN 109 TYPE 3 INST gameplay_screen__GB16 PIN 313 TYPE 4
INST gameplay_screen__GB18 PIN 164: INST gameplay_screen__GB17 PIN 76 TYPE 3 INST gameplay_screen__GB16 PIN 402 TYPE 4
INST gameplay_screen__GB18 PIN 120: INST gameplay_screen__GB17 PIN 37 TYPE 3 INST gameplay_screen__GB16 PIN 437 TYPE 4
INST gameplay_screen__GB18 PIN 105: INST gameplay_screen__GB17 PIN 54 TYPE 3 INST gameplay_screen__GB16 PIN 471 TYPE 4
INST gameplay_screen__GB11 PIN 10: INST gameplay_screen__GB11 PIN 21 TYPE 2 INST gameplay_screen__GB0 PIN 1338 TYPE 4
INST gameplay_screen__GB11 PIN 79: INST gameplay_screen__GB0 PIN 1829 TYPE 0 GENOME gameplay_screen__GB11 PIN 79
INST gameplay_screen__GB11 PIN 21: GENOME gameplay_screen__GB11 PIN 21
INST gameplay_screen__GB11 PIN 223: GENOME gameplay_screen__GB11 PIN 223
INST gameplay_screen__GB11 PIN 224: GENOME gameplay_screen__GB11 PIN 224
INST gameplay_screen__GB11 PIN 225: GENOME gameplay_screen__GB11 PIN 225
INST gameplay_screen__GB11 PIN 235: GENOME gameplay_screen__GB11 PIN 235
INST gameplay_screen__GB11 PIN 236: GENOME gameplay_screen__GB11 PIN 236
INST gameplay_screen__GB11 PIN 237: GENOME gameplay_screen__GB11 PIN 237
INST gameplay_screen__GB11 PIN 247: GENOME gameplay_screen__GB11 PIN 247
INST gameplay_screen__GB11 PIN 248: GENOME gameplay_screen__GB11 PIN 248
INST gameplay_screen__GB11 PIN 249: GENOME gameplay_screen__GB11 PIN 249
INST gameplay_screen__GB11 PIN 259: GENOME gameplay_screen__GB11 PIN 259
INST gameplay_screen__GB11 PIN 260: GENOME gameplay_screen__GB11 PIN 260
INST gameplay_screen__GB11 PIN 261: GENOME gameplay_screen__GB11 PIN 261
INST gameplay_screen__GB11 PIN 271: GENOME gameplay_screen__GB11 PIN 271
INST gameplay_screen__GB11 PIN 272: GENOME gameplay_screen__GB11 PIN 272
INST gameplay_screen__GB11 PIN 273: GENOME gameplay_screen__GB11 PIN 273
INST gameplay_screen__GB11 PIN 283: GENOME gameplay_screen__GB11 PIN 283
INST gameplay_screen__GB11 PIN 284: GENOME gameplay_screen__GB11 PIN 284
INST gameplay_screen__GB11 PIN 285: GENOME gameplay_screen__GB11 PIN 285
INST gameplay_screen__GB11 PIN 295: GENOME gameplay_screen__GB11 PIN 295
INST gameplay_screen__GB11 PIN 296: GENOME gameplay_screen__GB11 PIN 296
INST gameplay_screen__GB11 PIN 297: GENOME gameplay_screen__GB11 PIN 297
INST gameplay_screen__GB11 PIN 307: GENOME gameplay_screen__GB11 PIN 307
INST gameplay_screen__GB11 PIN 308: GENOME gameplay_screen__GB11 PIN 308
INST gameplay_screen__GB11 PIN 309: GENOME gameplay_screen__GB11 PIN 309
INST gameplay_screen__GB11 PIN 319: GENOME gameplay_screen__GB11 PIN 319
INST gameplay_screen__GB11 PIN 320: GENOME gameplay_screen__GB11 PIN 320
INST gameplay_screen__GB11 PIN 321: GENOME gameplay_screen__GB11 PIN 321
INST gameplay_screen__GB14 PIN 49: GENOME gameplay_screen__GB14 PIN 49
INST gameplay_screen__GB14 PIN 73: GENOME gameplay_screen__GB14 PIN 73
INST gameplay_screen__GB14 PIN 106: GENOME gameplay_screen__GB14 PIN 106
INST gameplay_screen__GB14 PIN 127: GENOME gameplay_screen__GB14 PIN 127
INST gameplay_screen__GB14 PIN 128: GENOME gameplay_screen__GB14 PIN 128
INST gameplay_screen__GB14 PIN 129: GENOME gameplay_screen__GB14 PIN 129
INST gameplay_screen__GB14 PIN 141: GENOME gameplay_screen__GB14 PIN 141
INST gameplay_screen__GB14 PIN 142: GENOME gameplay_screen__GB14 PIN 142
INST gameplay_screen__GB14 PIN 143: GENOME gameplay_screen__GB14 PIN 143
INST gameplay_screen__GB14 PIN 153: GENOME gameplay_screen__GB14 PIN 153
INST gameplay_screen__GB14 PIN 154: GENOME gameplay_screen__GB14 PIN 154
INST gameplay_screen__GB14 PIN 155: GENOME gameplay_screen__GB14 PIN 155
INST gameplay_screen__GB14 PIN 165: GENOME gameplay_screen__GB14 PIN 165
INST gameplay_screen__GB14 PIN 166: GENOME gameplay_screen__GB14 PIN 166
INST gameplay_screen__GB14 PIN 167: GENOME gameplay_screen__GB14 PIN 167
INST gameplay_screen__GB8 PIN 1: GENOME gameplay_screen__GB8 PIN 1
INST gameplay_screen__GB8 PIN 2: GENOME gameplay_screen__GB8 PIN 2
INST gameplay_screen__GB8 PIN 3: GENOME gameplay_screen__GB8 PIN 3
INST gameplay_screen__GB8 PIN 13: GENOME gameplay_screen__GB8 PIN 13
INST gameplay_screen__GB8 PIN 14: GENOME gameplay_screen__GB8 PIN 14
INST gameplay_screen__GB8 PIN 15: GENOME gameplay_screen__GB8 PIN 15
INST gameplay_screen__GB8 PIN 67: GENOME gameplay_screen__GB8 PIN 67
INST gameplay_screen__GB8 PIN 178: GENOME gameplay_screen__GB8 PIN 178
INST gameplay_screen__GB8 PIN 179: GENOME gameplay_screen__GB8 PIN 179
INST gameplay_screen__GB8 PIN 180: GENOME gameplay_screen__GB8 PIN 180
INST gameplay_screen__GB21 PIN 1: GENOME gameplay_screen__GB21 PIN 1
INST gameplay_screen__GB21 PIN 2: GENOME gameplay_screen__GB21 PIN 2
INST gameplay_screen__GB21 PIN 3: GENOME gameplay_screen__GB21 PIN 3
INST gameplay_screen__GB21 PIN 161: GENOME gameplay_screen__GB21 PIN 161
INST gameplay_screen__GB21 PIN 162: GENOME gameplay_screen__GB21 PIN 162
INST gameplay_screen__GB21 PIN 163: GENOME gameplay_screen__GB21 PIN 163
INST gameplay_screen__GB21 PIN 176: GENOME gameplay_screen__GB21 PIN 176
INST gameplay_screen__GB21 PIN 177: GENOME gameplay_screen__GB21 PIN 177
INST gameplay_screen__GB21 PIN 178: GENOME gameplay_screen__GB21 PIN 178
INST gameplay_screen__GB18 PIN 243: GENOME gameplay_screen__GB18 PIN 243
INST gameplay_screen__GB18 PIN 244: GENOME gameplay_screen__GB18 PIN 244
INST gameplay_screen__GB18 PIN 245: GENOME gameplay_screen__GB18 PIN 245
INST top_level__GC0 PIN 102: GENOME top_level__GC0 PIN 102 INST top_level__GC0 PIN 38 TYPE 5
INST top_level__GC0 PIN 38: GENOME top_level__GC0 PIN 38
INST top_level__GC0 PIN 103: GENOME top_level__GC0 PIN 103 INST top_level__GC0 PIN 37 TYPE 5
INST top_level__GC0 PIN 37: GENOME top_level__GC0 PIN 37
INST top_level__GC0 PIN 104: GENOME top_level__GC0 PIN 104 INST top_level__GC0 PIN 39 TYPE 5
INST top_level__GC0 PIN 39: GENOME top_level__GC0 PIN 39
GENOME NON_GENOME PIN 102: GENOME NON_GENOME PIN 38
GENOME NON_GENOME PIN 103: GENOME NON_GENOME PIN 37
GENOME NON_GENOME PIN 39: GENOME NON_GENOME PIN 104
GENOME NON_GENOME PIN 104: GENOME NON_GENOME PIN 39
INST gameplay_screen__GB17 PIN 37: GENOME gameplay_screen__GB17 PIN 37
INST gameplay_screen__GB17 PIN 54: GENOME gameplay_screen__GB17 PIN 54
INST gameplay_screen__GB17 PIN 76: GENOME gameplay_screen__GB17 PIN 76
INST gameplay_screen__GB17 PIN 98: GENOME gameplay_screen__GB17 PIN 98
INST gameplay_screen__GB17 PIN 109: GENOME gameplay_screen__GB17 PIN 109
INST gameplay_screen__GB10 PIN 16: GENOME gameplay_screen__GB10 PIN 16
INST gameplay_screen__GB10 PIN 55: GENOME gameplay_screen__GB10 PIN 55
INST gameplay_screen__GB10 PIN 72: GENOME gameplay_screen__GB10 PIN 72
