xilinx rtfpga
INFO: [Synth 8-3886] merging instance 'blues4_y_reg[9][0]' (FDRE) to 'reds0_x_reg[1][0]'
INFO: [Synth 8-3886] merging instance 'blues4_y_reg[9][1]' (FDSE) to 'reds0_x_reg[1][1]'
INFO: [Synth 8-3886] merging instance 'blues4_y_reg[9][2]' (FDSE) to 'reds0_x_reg[1][1]'
INFO: [Synth 8-3886] merging instance 'blues4_y_reg[9][3]' (FDSE) to 'reds0_x_reg[1][1]'
INFO: [Synth 8-3886] merging instance 'blues4_y_reg[9][4]' (FDSE) to 'reds0_x_reg[1][1]'
INFO: [Synth 8-3886] merging instance 'blues4_y_reg[9][5]' (FDSE) to 'reds0_x_reg[1][1]'
INFO: [Synth 8-3886] merging instance 'blues4_y_reg[9][6]' (FDRE) to 'reds0_x_reg[1][0]'
INFO: [Synth 8-3886] merging instance 'blues4_y_reg[9][7]' (FDSE) to 'reds0_x_reg[1][1]'
INFO: [Synth 8-3886] merging instance 'blues4_y_reg[9][8]' (FDRE) to 'reds0_x_reg[1][0]'
INFO: [Synth 8-3886] merging instance 'blues4_y_reg[9][9]' (FDRE) to 'reds0_x_reg[1][0]'
INFO: [Synth 8-3886] merging instance 'reds0_x_reg[1][1]' (FDSE) to 'reds0_x_reg[1][2]'
INFO: [Synth 8-3886] merging instance 'reds0_x_reg[1][0]' (FDRE) to 'reds0_x_reg[1][3]'
INFO: [Synth 8-3886] merging instance 'reds0_x_reg[1][2]' (FDSE) to 'reds0_x_reg[1][4]'
INFO: [Synth 8-3886] merging instance 'reds0_x_reg[1][3]' (FDRE) to 'reds0_x_reg[1][5]'
INFO: [Synth 8-3886] merging instance 'reds0_x_reg[1][4]' (FDSE) to 'reds0_x_reg[1][7]'
INFO: [Synth 8-3886] merging instance 'reds0_x_reg[1][5]' (FDRE) to 'reds0_x_reg[1][6]'
INFO: [Synth 8-3886] merging instance 'reds0_x_reg[1][6]' (FDRE) to 'reds0_x_reg[1][8]'
INFO: [Synth 8-3886] merging instance 'reds0_x_reg[1][7]' (FDSE) to 'blues0_y_reg[9][3]'
INFO: [Synth 8-3886] merging instance 'reds0_x_reg[1][8]' (FDRE) to 'reds0_x_reg[1][9]'
INFO: [Synth 8-3886] merging instance 'reds0_x_reg[1][9]' (FDRE) to 'reds0_x_reg[1][10]'
INFO: [Synth 8-3886] merging instance 'reds0_x_reg[1][10]' (FDRE) to 'blues0_y_reg[9][9]'
INFO: [Synth 8-3886] merging instance 'blues0_y_reg[9][0]' (FDRE) to 'blues0_y_reg[9][9]'
INFO: [Synth 8-3886] merging instance 'blues0_y_reg[9][8]' (FDRE) to 'blues0_y_reg[9][9]'
INFO: [Synth 8-3886] merging instance 'blues0_y_reg[9][7]' (FDRE) to 'blues0_y_reg[9][9]'
INFO: [Synth 8-3886] merging instance 'blues0_y_reg[9][6]' (FDRE) to 'blues0_y_reg[9][9]'
INFO: [Synth 8-3886] merging instance 'blues0_y_reg[9][5]' (FDRE) to 'blues0_y_reg[9][9]'
INFO: [Synth 8-3886] merging instance 'blues0_y_reg[9][1]' (FDSE) to 'blues0_y_reg[9][3]'
INFO: [Synth 8-3886] merging instance 'blues0_y_reg[9][2]' (FDRE) to 'blues0_y_reg[9][9]'
INFO: [Synth 8-3333] propagating constant 1 across sequential element (\blues0_y_reg[9][3] )
INFO: [Synth 8-3886] merging instance 'blues0_y_reg[9][4]' (FDRE) to 'blues0_y_reg[9][9]'
INFO: [Synth 8-3333] propagating constant 0 across sequential element (\blues0_y_reg[9][9] )
