GENOME NON_GENOME PIN 8: GENOME NON_GENOME PIN 9 GENOME NON_GENOME PIN 10 GENOME NON_GENOME PIN 11
GENOME NON_GENOME PIN 9: GENOME NON_GENOME PIN 8
GENOME NON_GENOME PIN 10: GENOME NON_GENOME PIN 8
GENOME NON_GENOME PIN 11: GENOME NON_GENOME PIN 8
GENOME NON_GENOME PIN 20: GENOME NON_GENOME PIN 21 GENOME NON_GENOME PIN 22 GENOME NON_GENOME PIN 23
GENOME NON_GENOME PIN 21: GENOME NON_GENOME PIN 20
GENOME NON_GENOME PIN 22: GENOME NON_GENOME PIN 20
GENOME NON_GENOME PIN 23: GENOME NON_GENOME PIN 20
GENOME NON_GENOME PIN 32: GENOME NON_GENOME PIN 33 GENOME NON_GENOME PIN 34 GENOME NON_GENOME PIN 35
GENOME NON_GENOME PIN 33: GENOME NON_GENOME PIN 32
GENOME NON_GENOME PIN 34: GENOME NON_GENOME PIN 32
GENOME NON_GENOME PIN 35: GENOME NON_GENOME PIN 32
GENOME NON_GENOME PIN 44: GENOME NON_GENOME PIN 45 GENOME NON_GENOME PIN 46 GENOME NON_GENOME PIN 47
GENOME NON_GENOME PIN 45: GENOME NON_GENOME PIN 44
GENOME NON_GENOME PIN 46: GENOME NON_GENOME PIN 44
GENOME NON_GENOME PIN 47: GENOME NON_GENOME PIN 44
GENOME NON_GENOME PIN 56: GENOME NON_GENOME PIN 57 GENOME NON_GENOME PIN 58 GENOME NON_GENOME PIN 59
GENOME NON_GENOME PIN 57: GENOME NON_GENOME PIN 56
GENOME NON_GENOME PIN 58: GENOME NON_GENOME PIN 56
GENOME NON_GENOME PIN 59: GENOME NON_GENOME PIN 56
GENOME NON_GENOME PIN 68: GENOME NON_GENOME PIN 69 GENOME NON_GENOME PIN 70 GENOME NON_GENOME PIN 71
GENOME NON_GENOME PIN 69: GENOME NON_GENOME PIN 68
GENOME NON_GENOME PIN 70: GENOME NON_GENOME PIN 68
GENOME NON_GENOME PIN 71: GENOME NON_GENOME PIN 68
GENOME NON_GENOME PIN 80: GENOME NON_GENOME PIN 81 GENOME NON_GENOME PIN 82 GENOME NON_GENOME PIN 83
GENOME NON_GENOME PIN 81: GENOME NON_GENOME PIN 80
GENOME NON_GENOME PIN 82: GENOME NON_GENOME PIN 80
GENOME NON_GENOME PIN 83: GENOME NON_GENOME PIN 80
GENOME NON_GENOME PIN 92: GENOME NON_GENOME PIN 93 GENOME NON_GENOME PIN 94 GENOME NON_GENOME PIN 95
GENOME NON_GENOME PIN 93: GENOME NON_GENOME PIN 92
GENOME NON_GENOME PIN 94: GENOME NON_GENOME PIN 92
GENOME NON_GENOME PIN 95: GENOME NON_GENOME PIN 92
GENOME NON_GENOME PIN 104: GENOME NON_GENOME PIN 105 GENOME NON_GENOME PIN 106 GENOME NON_GENOME PIN 107
GENOME NON_GENOME PIN 105: GENOME NON_GENOME PIN 104
GENOME NON_GENOME PIN 106: GENOME NON_GENOME PIN 104
GENOME NON_GENOME PIN 107: GENOME NON_GENOME PIN 104
GENOME NON_GENOME PIN 116: GENOME NON_GENOME PIN 117 GENOME NON_GENOME PIN 118 GENOME NON_GENOME PIN 119
GENOME NON_GENOME PIN 117: GENOME NON_GENOME PIN 116
GENOME NON_GENOME PIN 118: GENOME NON_GENOME PIN 116
GENOME NON_GENOME PIN 119: GENOME NON_GENOME PIN 116
GENOME NON_GENOME PIN 128: GENOME NON_GENOME PIN 129 GENOME NON_GENOME PIN 130 GENOME NON_GENOME PIN 131
GENOME NON_GENOME PIN 129: GENOME NON_GENOME PIN 128
GENOME NON_GENOME PIN 130: GENOME NON_GENOME PIN 128
GENOME NON_GENOME PIN 131: GENOME NON_GENOME PIN 128
GENOME NON_GENOME PIN 140: GENOME NON_GENOME PIN 141 GENOME NON_GENOME PIN 142 GENOME NON_GENOME PIN 143
GENOME NON_GENOME PIN 141: GENOME NON_GENOME PIN 140
GENOME NON_GENOME PIN 142: GENOME NON_GENOME PIN 140
GENOME NON_GENOME PIN 143: GENOME NON_GENOME PIN 140
GENOME NON_GENOME PIN 144: GENOME NON_GENOME PIN 145 GENOME NON_GENOME PIN 146 GENOME NON_GENOME PIN 147
GENOME NON_GENOME PIN 145: GENOME NON_GENOME PIN 144
GENOME NON_GENOME PIN 146: GENOME NON_GENOME PIN 144
GENOME NON_GENOME PIN 147: GENOME NON_GENOME PIN 144
GENOME NON_GENOME PIN 156: GENOME NON_GENOME PIN 157 GENOME NON_GENOME PIN 158 GENOME NON_GENOME PIN 159
GENOME NON_GENOME PIN 157: GENOME NON_GENOME PIN 156
GENOME NON_GENOME PIN 158: GENOME NON_GENOME PIN 156
GENOME NON_GENOME PIN 159: GENOME NON_GENOME PIN 156
GENOME NON_GENOME PIN 168: GENOME NON_GENOME PIN 169 GENOME NON_GENOME PIN 170 GENOME NON_GENOME PIN 171
GENOME NON_GENOME PIN 169: GENOME NON_GENOME PIN 168
GENOME NON_GENOME PIN 170: GENOME NON_GENOME PIN 168
GENOME NON_GENOME PIN 171: GENOME NON_GENOME PIN 168
GENOME NON_GENOME PIN 180: GENOME NON_GENOME PIN 181 GENOME NON_GENOME PIN 182 GENOME NON_GENOME PIN 183
GENOME NON_GENOME PIN 181: GENOME NON_GENOME PIN 180
GENOME NON_GENOME PIN 182: GENOME NON_GENOME PIN 180
GENOME NON_GENOME PIN 183: GENOME NON_GENOME PIN 180
GENOME NON_GENOME PIN 192: GENOME NON_GENOME PIN 193 GENOME NON_GENOME PIN 194 GENOME NON_GENOME PIN 195
GENOME NON_GENOME PIN 193: GENOME NON_GENOME PIN 192
GENOME NON_GENOME PIN 194: GENOME NON_GENOME PIN 192
GENOME NON_GENOME PIN 195: GENOME NON_GENOME PIN 192
GENOME NON_GENOME PIN 204: GENOME NON_GENOME PIN 205 GENOME NON_GENOME PIN 206 GENOME NON_GENOME PIN 207
GENOME NON_GENOME PIN 205: GENOME NON_GENOME PIN 204
GENOME NON_GENOME PIN 206: GENOME NON_GENOME PIN 204
GENOME NON_GENOME PIN 207: GENOME NON_GENOME PIN 204
GENOME NON_GENOME PIN 216: GENOME NON_GENOME PIN 217 GENOME NON_GENOME PIN 218 GENOME NON_GENOME PIN 219
GENOME NON_GENOME PIN 217: GENOME NON_GENOME PIN 216
GENOME NON_GENOME PIN 218: GENOME NON_GENOME PIN 216
GENOME NON_GENOME PIN 219: GENOME NON_GENOME PIN 216
GENOME NON_GENOME PIN 228: GENOME NON_GENOME PIN 229 GENOME NON_GENOME PIN 230 GENOME NON_GENOME PIN 231
GENOME NON_GENOME PIN 229: GENOME NON_GENOME PIN 228
GENOME NON_GENOME PIN 230: GENOME NON_GENOME PIN 228
GENOME NON_GENOME PIN 231: GENOME NON_GENOME PIN 228
GENOME NON_GENOME PIN 240: GENOME NON_GENOME PIN 241 GENOME NON_GENOME PIN 242 GENOME NON_GENOME PIN 243
GENOME NON_GENOME PIN 241: GENOME NON_GENOME PIN 240
GENOME NON_GENOME PIN 242: GENOME NON_GENOME PIN 240
GENOME NON_GENOME PIN 243: GENOME NON_GENOME PIN 240
GENOME NON_GENOME PIN 252: GENOME NON_GENOME PIN 253 GENOME NON_GENOME PIN 254 GENOME NON_GENOME PIN 255
GENOME NON_GENOME PIN 253: GENOME NON_GENOME PIN 252
GENOME NON_GENOME PIN 254: GENOME NON_GENOME PIN 252
GENOME NON_GENOME PIN 255: GENOME NON_GENOME PIN 252
GENOME NON_GENOME PIN 264: GENOME NON_GENOME PIN 265 GENOME NON_GENOME PIN 266 GENOME NON_GENOME PIN 267 GENOME NON_GENOME PIN 268 GENOME NON_GENOME PIN 269 GENOME NON_GENOME PIN 270 GENOME NON_GENOME PIN 271 GENOME NON_GENOME PIN 272 GENOME NON_GENOME PIN 273 GENOME NON_GENOME PIN 274 GENOME NON_GENOME PIN 275
GENOME NON_GENOME PIN 265: GENOME NON_GENOME PIN 264
GENOME NON_GENOME PIN 266: GENOME NON_GENOME PIN 264
GENOME NON_GENOME PIN 267: GENOME NON_GENOME PIN 264
GENOME NON_GENOME PIN 276: GENOME NON_GENOME PIN 277 GENOME NON_GENOME PIN 278 GENOME NON_GENOME PIN 279
GENOME NON_GENOME PIN 277: GENOME NON_GENOME PIN 276
GENOME NON_GENOME PIN 278: GENOME NON_GENOME PIN 276
GENOME NON_GENOME PIN 279: GENOME NON_GENOME PIN 276
GENOME NON_GENOME PIN 296: GENOME NON_GENOME PIN 297 GENOME NON_GENOME PIN 298 GENOME NON_GENOME PIN 299
GENOME NON_GENOME PIN 297: GENOME NON_GENOME PIN 296
GENOME NON_GENOME PIN 298: GENOME NON_GENOME PIN 296
GENOME NON_GENOME PIN 299: GENOME NON_GENOME PIN 296
GENOME NON_GENOME PIN 300: GENOME NON_GENOME PIN 301 GENOME NON_GENOME PIN 302 GENOME NON_GENOME PIN 303
GENOME NON_GENOME PIN 301: GENOME NON_GENOME PIN 300
GENOME NON_GENOME PIN 302: GENOME NON_GENOME PIN 300
GENOME NON_GENOME PIN 303: GENOME NON_GENOME PIN 300
GENOME NON_GENOME PIN 312: GENOME NON_GENOME PIN 313 GENOME NON_GENOME PIN 314 GENOME NON_GENOME PIN 315
GENOME NON_GENOME PIN 313: GENOME NON_GENOME PIN 312
GENOME NON_GENOME PIN 314: GENOME NON_GENOME PIN 312
GENOME NON_GENOME PIN 315: GENOME NON_GENOME PIN 312
GENOME NON_GENOME PIN 12: GENOME NON_GENOME PIN 13 GENOME NON_GENOME PIN 14 GENOME NON_GENOME PIN 15
GENOME NON_GENOME PIN 13: GENOME NON_GENOME PIN 12
GENOME NON_GENOME PIN 14: GENOME NON_GENOME PIN 12
GENOME NON_GENOME PIN 15: GENOME NON_GENOME PIN 12
GENOME NON_GENOME PIN 36: GENOME NON_GENOME PIN 37 GENOME NON_GENOME PIN 38 GENOME NON_GENOME PIN 39
GENOME NON_GENOME PIN 37: GENOME NON_GENOME PIN 36 GENOME NON_GENOME PIN 66
GENOME NON_GENOME PIN 38: GENOME NON_GENOME PIN 36 GENOME NON_GENOME PIN 65
GENOME NON_GENOME PIN 39: GENOME NON_GENOME PIN 36 GENOME NON_GENOME PIN 67
GENOME NON_GENOME PIN 72: GENOME NON_GENOME PIN 73 GENOME NON_GENOME PIN 74 GENOME NON_GENOME PIN 75
GENOME NON_GENOME PIN 73: GENOME NON_GENOME PIN 72
GENOME NON_GENOME PIN 74: GENOME NON_GENOME PIN 72
GENOME NON_GENOME PIN 75: GENOME NON_GENOME PIN 72
GENOME NON_GENOME PIN 96: GENOME NON_GENOME PIN 97 GENOME NON_GENOME PIN 98 GENOME NON_GENOME PIN 99
GENOME NON_GENOME PIN 97: GENOME NON_GENOME PIN 96
GENOME NON_GENOME PIN 98: GENOME NON_GENOME PIN 96
GENOME NON_GENOME PIN 99: GENOME NON_GENOME PIN 96
GENOME NON_GENOME PIN 164: GENOME NON_GENOME PIN 165 GENOME NON_GENOME PIN 166 GENOME NON_GENOME PIN 167
GENOME NON_GENOME PIN 165: GENOME NON_GENOME PIN 164
GENOME NON_GENOME PIN 166: GENOME NON_GENOME PIN 164
GENOME NON_GENOME PIN 167: GENOME NON_GENOME PIN 164
GENOME NON_GENOME PIN 188: GENOME NON_GENOME PIN 189 GENOME NON_GENOME PIN 190 GENOME NON_GENOME PIN 191
GENOME NON_GENOME PIN 189: GENOME NON_GENOME PIN 188
GENOME NON_GENOME PIN 190: GENOME NON_GENOME PIN 188
GENOME NON_GENOME PIN 191: GENOME NON_GENOME PIN 188
GENOME NON_GENOME PIN 212: GENOME NON_GENOME PIN 213 GENOME NON_GENOME PIN 214 GENOME NON_GENOME PIN 215
GENOME NON_GENOME PIN 213: GENOME NON_GENOME PIN 212
GENOME NON_GENOME PIN 214: GENOME NON_GENOME PIN 212
GENOME NON_GENOME PIN 215: GENOME NON_GENOME PIN 212
GENOME NON_GENOME PIN 236: GENOME NON_GENOME PIN 237 GENOME NON_GENOME PIN 238 GENOME NON_GENOME PIN 239
GENOME NON_GENOME PIN 237: GENOME NON_GENOME PIN 236
GENOME NON_GENOME PIN 238: GENOME NON_GENOME PIN 236
GENOME NON_GENOME PIN 239: GENOME NON_GENOME PIN 236
GENOME NON_GENOME PIN 268: GENOME NON_GENOME PIN 264
GENOME NON_GENOME PIN 269: GENOME NON_GENOME PIN 264
GENOME NON_GENOME PIN 270: GENOME NON_GENOME PIN 264
GENOME NON_GENOME PIN 271: GENOME NON_GENOME PIN 264
GENOME NON_GENOME PIN 272: GENOME NON_GENOME PIN 264
GENOME NON_GENOME PIN 273: GENOME NON_GENOME PIN 264
GENOME NON_GENOME PIN 274: GENOME NON_GENOME PIN 264
GENOME NON_GENOME PIN 275: GENOME NON_GENOME PIN 264
INST gameplay_screen__GB8 PIN 144: INST gameplay_screen__GB8 PIN 145 TYPE 2 INST gameplay_screen__GB7 PIN 79 TYPE 4 INST gameplay_screen__GB8 PIN 146 TYPE 2 INST gameplay_screen__GB7 PIN 80 TYPE 4 INST gameplay_screen__GB8 PIN 147 TYPE 2 INST gameplay_screen__GB7 PIN 81 TYPE 4
INST gameplay_screen__GB8 PIN 148: INST gameplay_screen__GB7 PIN 82 TYPE 0 GENOME gameplay_screen__GB8 PIN 148
INST gameplay_screen__GB8 PIN 149: INST gameplay_screen__GB7 PIN 83 TYPE 0 GENOME gameplay_screen__GB8 PIN 149
INST gameplay_screen__GB8 PIN 150: INST gameplay_screen__GB7 PIN 84 TYPE 0 GENOME gameplay_screen__GB8 PIN 150
INST gameplay_screen__GB8 PIN 151: INST gameplay_screen__GB7 PIN 85 TYPE 0 GENOME gameplay_screen__GB8 PIN 151
INST gameplay_screen__GB8 PIN 152: INST gameplay_screen__GB7 PIN 86 TYPE 0 GENOME gameplay_screen__GB8 PIN 152
INST gameplay_screen__GB8 PIN 153: INST gameplay_screen__GB7 PIN 87 TYPE 0 GENOME gameplay_screen__GB8 PIN 153
INST gameplay_screen__GB8 PIN 154: INST gameplay_screen__GB7 PIN 88 TYPE 0 GENOME gameplay_screen__GB8 PIN 154
INST gameplay_screen__GB8 PIN 155: INST gameplay_screen__GB7 PIN 89 TYPE 0 GENOME gameplay_screen__GB8 PIN 155
INST gameplay_screen__GB8 PIN 156: INST gameplay_screen__GB8 PIN 157 TYPE 2 INST gameplay_screen__GB7 PIN 91 TYPE 4 INST gameplay_screen__GB8 PIN 158 TYPE 2 INST gameplay_screen__GB7 PIN 92 TYPE 4 INST gameplay_screen__GB8 PIN 159 TYPE 2 INST gameplay_screen__GB7 PIN 93 TYPE 4
INST gameplay_screen__GB8 PIN 160: INST gameplay_screen__GB7 PIN 94 TYPE 0 GENOME gameplay_screen__GB8 PIN 160
INST gameplay_screen__GB8 PIN 161: INST gameplay_screen__GB7 PIN 95 TYPE 0 GENOME gameplay_screen__GB8 PIN 161
INST gameplay_screen__GB8 PIN 162: INST gameplay_screen__GB7 PIN 96 TYPE 0 GENOME gameplay_screen__GB8 PIN 162
INST gameplay_screen__GB8 PIN 163: INST gameplay_screen__GB7 PIN 97 TYPE 0 GENOME gameplay_screen__GB8 PIN 163
INST gameplay_screen__GB8 PIN 164: INST gameplay_screen__GB7 PIN 98 TYPE 0 GENOME gameplay_screen__GB8 PIN 164
INST gameplay_screen__GB8 PIN 165: INST gameplay_screen__GB7 PIN 99 TYPE 0 GENOME gameplay_screen__GB8 PIN 165
INST gameplay_screen__GB8 PIN 166: INST gameplay_screen__GB7 PIN 100 TYPE 0 GENOME gameplay_screen__GB8 PIN 166
INST gameplay_screen__GB8 PIN 167: INST gameplay_screen__GB7 PIN 101 TYPE 0 GENOME gameplay_screen__GB8 PIN 167
INST gameplay_screen__GB8 PIN 168: INST gameplay_screen__GB8 PIN 169 TYPE 2 INST gameplay_screen__GB7 PIN 103 TYPE 4 INST gameplay_screen__GB8 PIN 170 TYPE 2 INST gameplay_screen__GB7 PIN 104 TYPE 4 INST gameplay_screen__GB8 PIN 171 TYPE 2 INST gameplay_screen__GB7 PIN 105 TYPE 4
INST gameplay_screen__GB8 PIN 172: INST gameplay_screen__GB7 PIN 106 TYPE 0 GENOME gameplay_screen__GB8 PIN 172
INST gameplay_screen__GB8 PIN 173: INST gameplay_screen__GB7 PIN 107 TYPE 0 GENOME gameplay_screen__GB8 PIN 173
INST gameplay_screen__GB8 PIN 174: INST gameplay_screen__GB7 PIN 108 TYPE 0 GENOME gameplay_screen__GB8 PIN 174
INST gameplay_screen__GB8 PIN 175: INST gameplay_screen__GB7 PIN 109 TYPE 0 GENOME gameplay_screen__GB8 PIN 175
INST gameplay_screen__GB8 PIN 176: INST gameplay_screen__GB7 PIN 110 TYPE 0 GENOME gameplay_screen__GB8 PIN 176
INST gameplay_screen__GB8 PIN 177: INST gameplay_screen__GB7 PIN 111 TYPE 0 GENOME gameplay_screen__GB8 PIN 177
INST gameplay_screen__GB8 PIN 178: INST gameplay_screen__GB7 PIN 112 TYPE 0 GENOME gameplay_screen__GB8 PIN 178
INST gameplay_screen__GB8 PIN 179: INST gameplay_screen__GB7 PIN 113 TYPE 0 GENOME gameplay_screen__GB8 PIN 179
INST gameplay_screen__GB8 PIN 180: INST gameplay_screen__GB8 PIN 181 TYPE 2 INST gameplay_screen__GB7 PIN 115 TYPE 4 INST gameplay_screen__GB8 PIN 182 TYPE 2 INST gameplay_screen__GB7 PIN 116 TYPE 4 INST gameplay_screen__GB8 PIN 183 TYPE 2 INST gameplay_screen__GB7 PIN 117 TYPE 4
INST gameplay_screen__GB8 PIN 184: INST gameplay_screen__GB7 PIN 118 TYPE 0 GENOME gameplay_screen__GB8 PIN 184
INST gameplay_screen__GB8 PIN 185: INST gameplay_screen__GB7 PIN 119 TYPE 0 GENOME gameplay_screen__GB8 PIN 185
INST gameplay_screen__GB8 PIN 186: INST gameplay_screen__GB7 PIN 120 TYPE 0 GENOME gameplay_screen__GB8 PIN 186
INST gameplay_screen__GB8 PIN 187: INST gameplay_screen__GB7 PIN 121 TYPE 0 GENOME gameplay_screen__GB8 PIN 187
INST gameplay_screen__GB8 PIN 188: INST gameplay_screen__GB7 PIN 122 TYPE 0 GENOME gameplay_screen__GB8 PIN 188
INST gameplay_screen__GB8 PIN 189: INST gameplay_screen__GB7 PIN 123 TYPE 0 GENOME gameplay_screen__GB8 PIN 189
INST gameplay_screen__GB8 PIN 190: INST gameplay_screen__GB7 PIN 124 TYPE 0 GENOME gameplay_screen__GB8 PIN 190
INST gameplay_screen__GB8 PIN 191: INST gameplay_screen__GB7 PIN 125 TYPE 0 GENOME gameplay_screen__GB8 PIN 191
INST gameplay_screen__GB9 PIN 12: INST gameplay_screen__GB9 PIN 13 TYPE 2 INST gameplay_screen__GB7 PIN 127 TYPE 4 INST gameplay_screen__GB9 PIN 14 TYPE 2 INST gameplay_screen__GB7 PIN 128 TYPE 4 INST gameplay_screen__GB9 PIN 15 TYPE 2 INST gameplay_screen__GB7 PIN 129 TYPE 4
INST gameplay_screen__GB9 PIN 16: INST gameplay_screen__GB7 PIN 130 TYPE 0 GENOME gameplay_screen__GB9 PIN 16
INST gameplay_screen__GB9 PIN 17: INST gameplay_screen__GB7 PIN 131 TYPE 0 GENOME gameplay_screen__GB9 PIN 17
INST gameplay_screen__GB9 PIN 18: INST gameplay_screen__GB7 PIN 132 TYPE 0 GENOME gameplay_screen__GB9 PIN 18
INST gameplay_screen__GB9 PIN 19: INST gameplay_screen__GB7 PIN 133 TYPE 0 GENOME gameplay_screen__GB9 PIN 19
INST gameplay_screen__GB9 PIN 20: INST gameplay_screen__GB7 PIN 134 TYPE 0 GENOME gameplay_screen__GB9 PIN 20
INST gameplay_screen__GB9 PIN 21: INST gameplay_screen__GB7 PIN 135 TYPE 0 GENOME gameplay_screen__GB9 PIN 21
INST gameplay_screen__GB9 PIN 22: INST gameplay_screen__GB7 PIN 136 TYPE 0 GENOME gameplay_screen__GB9 PIN 22
INST gameplay_screen__GB9 PIN 23: INST gameplay_screen__GB7 PIN 137 TYPE 0 GENOME gameplay_screen__GB9 PIN 23
INST gameplay_screen__GB8 PIN 192: INST gameplay_screen__GB8 PIN 193 TYPE 2 INST gameplay_screen__GB7 PIN 139 TYPE 4 INST gameplay_screen__GB8 PIN 194 TYPE 2 INST gameplay_screen__GB7 PIN 140 TYPE 4 INST gameplay_screen__GB8 PIN 195 TYPE 2 INST gameplay_screen__GB7 PIN 141 TYPE 4
INST gameplay_screen__GB8 PIN 196: INST gameplay_screen__GB7 PIN 142 TYPE 0 GENOME gameplay_screen__GB8 PIN 196
INST gameplay_screen__GB8 PIN 197: INST gameplay_screen__GB7 PIN 143 TYPE 0 GENOME gameplay_screen__GB8 PIN 197
INST gameplay_screen__GB8 PIN 198: INST gameplay_screen__GB7 PIN 144 TYPE 0 GENOME gameplay_screen__GB8 PIN 198
INST gameplay_screen__GB8 PIN 199: INST gameplay_screen__GB7 PIN 145 TYPE 0 GENOME gameplay_screen__GB8 PIN 199
INST gameplay_screen__GB8 PIN 200: INST gameplay_screen__GB7 PIN 146 TYPE 0 GENOME gameplay_screen__GB8 PIN 200
INST gameplay_screen__GB8 PIN 201: INST gameplay_screen__GB7 PIN 147 TYPE 0 GENOME gameplay_screen__GB8 PIN 201
INST gameplay_screen__GB8 PIN 202: INST gameplay_screen__GB7 PIN 148 TYPE 0 GENOME gameplay_screen__GB8 PIN 202
INST gameplay_screen__GB8 PIN 203: INST gameplay_screen__GB7 PIN 149 TYPE 0 GENOME gameplay_screen__GB8 PIN 203
INST gameplay_screen__GB8 PIN 204: INST gameplay_screen__GB8 PIN 205 TYPE 2 INST gameplay_screen__GB7 PIN 151 TYPE 4 INST gameplay_screen__GB8 PIN 206 TYPE 2 INST gameplay_screen__GB7 PIN 152 TYPE 4 INST gameplay_screen__GB8 PIN 207 TYPE 2 INST gameplay_screen__GB7 PIN 153 TYPE 4
INST gameplay_screen__GB8 PIN 208: INST gameplay_screen__GB7 PIN 154 TYPE 0 GENOME gameplay_screen__GB8 PIN 208
INST gameplay_screen__GB8 PIN 209: INST gameplay_screen__GB7 PIN 155 TYPE 0 GENOME gameplay_screen__GB8 PIN 209
INST gameplay_screen__GB8 PIN 210: INST gameplay_screen__GB7 PIN 156 TYPE 0 GENOME gameplay_screen__GB8 PIN 210
INST gameplay_screen__GB8 PIN 211: INST gameplay_screen__GB7 PIN 157 TYPE 0 GENOME gameplay_screen__GB8 PIN 211
INST gameplay_screen__GB8 PIN 212: INST gameplay_screen__GB7 PIN 158 TYPE 0 GENOME gameplay_screen__GB8 PIN 212
INST gameplay_screen__GB8 PIN 213: INST gameplay_screen__GB7 PIN 159 TYPE 0 GENOME gameplay_screen__GB8 PIN 213
INST gameplay_screen__GB8 PIN 214: INST gameplay_screen__GB7 PIN 160 TYPE 0 GENOME gameplay_screen__GB8 PIN 214
INST gameplay_screen__GB8 PIN 215: INST gameplay_screen__GB7 PIN 161 TYPE 0 GENOME gameplay_screen__GB8 PIN 215
INST gameplay_screen__GB8 PIN 216: INST gameplay_screen__GB8 PIN 217 TYPE 2 INST gameplay_screen__GB7 PIN 163 TYPE 4 INST gameplay_screen__GB8 PIN 218 TYPE 2 INST gameplay_screen__GB7 PIN 164 TYPE 4 INST gameplay_screen__GB8 PIN 219 TYPE 2 INST gameplay_screen__GB7 PIN 165 TYPE 4
INST gameplay_screen__GB8 PIN 220: INST gameplay_screen__GB7 PIN 166 TYPE 0 GENOME gameplay_screen__GB8 PIN 220
INST gameplay_screen__GB8 PIN 221: INST gameplay_screen__GB7 PIN 167 TYPE 0 GENOME gameplay_screen__GB8 PIN 221
INST gameplay_screen__GB8 PIN 222: INST gameplay_screen__GB7 PIN 168 TYPE 0 GENOME gameplay_screen__GB8 PIN 222
INST gameplay_screen__GB8 PIN 223: INST gameplay_screen__GB7 PIN 169 TYPE 0 GENOME gameplay_screen__GB8 PIN 223
INST gameplay_screen__GB8 PIN 224: INST gameplay_screen__GB7 PIN 170 TYPE 0 GENOME gameplay_screen__GB8 PIN 224
INST gameplay_screen__GB8 PIN 225: INST gameplay_screen__GB7 PIN 171 TYPE 0 GENOME gameplay_screen__GB8 PIN 225
INST gameplay_screen__GB8 PIN 226: INST gameplay_screen__GB7 PIN 172 TYPE 0 GENOME gameplay_screen__GB8 PIN 226
INST gameplay_screen__GB8 PIN 227: INST gameplay_screen__GB7 PIN 173 TYPE 0 GENOME gameplay_screen__GB8 PIN 227
INST gameplay_screen__GB8 PIN 228: INST gameplay_screen__GB8 PIN 229 TYPE 2 INST gameplay_screen__GB7 PIN 175 TYPE 4 INST gameplay_screen__GB8 PIN 230 TYPE 2 INST gameplay_screen__GB7 PIN 176 TYPE 4 INST gameplay_screen__GB8 PIN 231 TYPE 2 INST gameplay_screen__GB7 PIN 177 TYPE 4
INST gameplay_screen__GB8 PIN 232: INST gameplay_screen__GB7 PIN 178 TYPE 0 GENOME gameplay_screen__GB8 PIN 232
INST gameplay_screen__GB8 PIN 233: INST gameplay_screen__GB7 PIN 179 TYPE 0 GENOME gameplay_screen__GB8 PIN 233
INST gameplay_screen__GB8 PIN 234: INST gameplay_screen__GB7 PIN 180 TYPE 0 GENOME gameplay_screen__GB8 PIN 234
INST gameplay_screen__GB8 PIN 235: INST gameplay_screen__GB7 PIN 181 TYPE 0 GENOME gameplay_screen__GB8 PIN 235
INST gameplay_screen__GB8 PIN 236: INST gameplay_screen__GB7 PIN 182 TYPE 0 GENOME gameplay_screen__GB8 PIN 236
INST gameplay_screen__GB8 PIN 237: INST gameplay_screen__GB7 PIN 183 TYPE 0 GENOME gameplay_screen__GB8 PIN 237
INST gameplay_screen__GB8 PIN 238: INST gameplay_screen__GB7 PIN 184 TYPE 0 GENOME gameplay_screen__GB8 PIN 238
INST gameplay_screen__GB8 PIN 239: INST gameplay_screen__GB7 PIN 185 TYPE 0 GENOME gameplay_screen__GB8 PIN 239
INST gameplay_screen__GB9 PIN 24: INST gameplay_screen__GB7 PIN 186 TYPE 0 GENOME gameplay_screen__GB9 PIN 24
INST gameplay_screen__GB9 PIN 25: INST gameplay_screen__GB7 PIN 187 TYPE 0 GENOME gameplay_screen__GB9 PIN 25
INST gameplay_screen__GB9 PIN 26: INST gameplay_screen__GB7 PIN 188 TYPE 0 GENOME gameplay_screen__GB9 PIN 26
INST gameplay_screen__GB9 PIN 27: INST gameplay_screen__GB7 PIN 189 TYPE 0 GENOME gameplay_screen__GB9 PIN 27
INST gameplay_screen__GB9 PIN 28: INST gameplay_screen__GB7 PIN 190 TYPE 0 GENOME gameplay_screen__GB9 PIN 28
INST gameplay_screen__GB9 PIN 29: INST gameplay_screen__GB7 PIN 191 TYPE 0 GENOME gameplay_screen__GB9 PIN 29
INST gameplay_screen__GB9 PIN 30: INST gameplay_screen__GB7 PIN 192 TYPE 0 GENOME gameplay_screen__GB9 PIN 30
INST gameplay_screen__GB9 PIN 31: INST gameplay_screen__GB7 PIN 193 TYPE 0 GENOME gameplay_screen__GB9 PIN 31
INST gameplay_screen__GB9 PIN 32: INST gameplay_screen__GB9 PIN 33 TYPE 2 INST gameplay_screen__GB7 PIN 195 TYPE 4 INST gameplay_screen__GB9 PIN 34 TYPE 2 INST gameplay_screen__GB7 PIN 196 TYPE 4 INST gameplay_screen__GB9 PIN 35 TYPE 2 INST gameplay_screen__GB7 PIN 197 TYPE 4
INST gameplay_screen__GB8 PIN 240: INST gameplay_screen__GB8 PIN 241 TYPE 2 INST gameplay_screen__GB7 PIN 199 TYPE 4 INST gameplay_screen__GB8 PIN 242 TYPE 2 INST gameplay_screen__GB7 PIN 200 TYPE 4 INST gameplay_screen__GB8 PIN 243 TYPE 2 INST gameplay_screen__GB7 PIN 201 TYPE 4
INST gameplay_screen__GB8 PIN 244: INST gameplay_screen__GB7 PIN 202 TYPE 0 GENOME gameplay_screen__GB8 PIN 244
INST gameplay_screen__GB8 PIN 245: INST gameplay_screen__GB7 PIN 203 TYPE 0 GENOME gameplay_screen__GB8 PIN 245
INST gameplay_screen__GB8 PIN 246: INST gameplay_screen__GB7 PIN 204 TYPE 0 GENOME gameplay_screen__GB8 PIN 246
INST gameplay_screen__GB8 PIN 247: INST gameplay_screen__GB7 PIN 205 TYPE 0 GENOME gameplay_screen__GB8 PIN 247
INST gameplay_screen__GB8 PIN 248: INST gameplay_screen__GB7 PIN 206 TYPE 0 GENOME gameplay_screen__GB8 PIN 248
INST gameplay_screen__GB8 PIN 249: INST gameplay_screen__GB7 PIN 207 TYPE 0 GENOME gameplay_screen__GB8 PIN 249
INST gameplay_screen__GB8 PIN 250: INST gameplay_screen__GB7 PIN 208 TYPE 0 GENOME gameplay_screen__GB8 PIN 250
INST gameplay_screen__GB8 PIN 251: INST gameplay_screen__GB7 PIN 209 TYPE 0 GENOME gameplay_screen__GB8 PIN 251
INST gameplay_screen__GB8 PIN 252: INST gameplay_screen__GB8 PIN 253 TYPE 2 INST gameplay_screen__GB7 PIN 211 TYPE 4 INST gameplay_screen__GB8 PIN 254 TYPE 2 INST gameplay_screen__GB7 PIN 212 TYPE 4 INST gameplay_screen__GB8 PIN 255 TYPE 2 INST gameplay_screen__GB7 PIN 213 TYPE 4
INST gameplay_screen__GB8 PIN 256: INST gameplay_screen__GB7 PIN 214 TYPE 0 GENOME gameplay_screen__GB8 PIN 256
INST gameplay_screen__GB8 PIN 257: INST gameplay_screen__GB7 PIN 215 TYPE 0 GENOME gameplay_screen__GB8 PIN 257
INST gameplay_screen__GB8 PIN 258: INST gameplay_screen__GB7 PIN 216 TYPE 0 GENOME gameplay_screen__GB8 PIN 258
INST gameplay_screen__GB8 PIN 259: INST gameplay_screen__GB7 PIN 217 TYPE 0 GENOME gameplay_screen__GB8 PIN 259
INST gameplay_screen__GB8 PIN 260: INST gameplay_screen__GB7 PIN 218 TYPE 0 GENOME gameplay_screen__GB8 PIN 260
INST gameplay_screen__GB8 PIN 261: INST gameplay_screen__GB7 PIN 219 TYPE 0 GENOME gameplay_screen__GB8 PIN 261
INST gameplay_screen__GB8 PIN 262: INST gameplay_screen__GB7 PIN 220 TYPE 0 GENOME gameplay_screen__GB8 PIN 262
INST gameplay_screen__GB8 PIN 263: INST gameplay_screen__GB7 PIN 221 TYPE 0 GENOME gameplay_screen__GB8 PIN 263
INST gameplay_screen__GB8 PIN 264: INST gameplay_screen__GB8 PIN 265 TYPE 2 INST gameplay_screen__GB7 PIN 223 TYPE 4 INST gameplay_screen__GB8 PIN 266 TYPE 2 INST gameplay_screen__GB7 PIN 224 TYPE 4 INST gameplay_screen__GB8 PIN 267 TYPE 2 INST gameplay_screen__GB7 PIN 225 TYPE 4
INST gameplay_screen__GB8 PIN 268: INST gameplay_screen__GB7 PIN 226 TYPE 0 GENOME gameplay_screen__GB8 PIN 268
INST gameplay_screen__GB8 PIN 269: INST gameplay_screen__GB7 PIN 227 TYPE 0 GENOME gameplay_screen__GB8 PIN 269
INST gameplay_screen__GB8 PIN 270: INST gameplay_screen__GB7 PIN 228 TYPE 0 GENOME gameplay_screen__GB8 PIN 270
INST gameplay_screen__GB8 PIN 271: INST gameplay_screen__GB7 PIN 229 TYPE 0 GENOME gameplay_screen__GB8 PIN 271
INST gameplay_screen__GB8 PIN 272: INST gameplay_screen__GB7 PIN 230 TYPE 0 GENOME gameplay_screen__GB8 PIN 272
INST gameplay_screen__GB8 PIN 273: INST gameplay_screen__GB7 PIN 231 TYPE 0 GENOME gameplay_screen__GB8 PIN 273
INST gameplay_screen__GB8 PIN 274: INST gameplay_screen__GB7 PIN 232 TYPE 0 GENOME gameplay_screen__GB8 PIN 274
INST gameplay_screen__GB8 PIN 275: INST gameplay_screen__GB7 PIN 233 TYPE 0 GENOME gameplay_screen__GB8 PIN 275
INST gameplay_screen__GB9 PIN 36: INST gameplay_screen__GB9 PIN 37 TYPE 2 INST gameplay_screen__GB7 PIN 235 TYPE 4 INST gameplay_screen__GB9 PIN 38 TYPE 2 INST gameplay_screen__GB7 PIN 236 TYPE 4 INST gameplay_screen__GB9 PIN 39 TYPE 2 INST gameplay_screen__GB7 PIN 237 TYPE 4
INST gameplay_screen__GB9 PIN 40: INST gameplay_screen__GB7 PIN 238 TYPE 0 GENOME gameplay_screen__GB9 PIN 40
INST gameplay_screen__GB9 PIN 41: INST gameplay_screen__GB7 PIN 239 TYPE 0 GENOME gameplay_screen__GB9 PIN 41
INST gameplay_screen__GB9 PIN 42: INST gameplay_screen__GB7 PIN 240 TYPE 0 GENOME gameplay_screen__GB9 PIN 42
INST gameplay_screen__GB9 PIN 43: INST gameplay_screen__GB7 PIN 241 TYPE 0 GENOME gameplay_screen__GB9 PIN 43
INST gameplay_screen__GB9 PIN 44: INST gameplay_screen__GB7 PIN 242 TYPE 0 GENOME gameplay_screen__GB9 PIN 44
INST gameplay_screen__GB9 PIN 45: INST gameplay_screen__GB7 PIN 243 TYPE 0 GENOME gameplay_screen__GB9 PIN 45
INST gameplay_screen__GB9 PIN 46: INST gameplay_screen__GB7 PIN 244 TYPE 0 GENOME gameplay_screen__GB9 PIN 46
INST gameplay_screen__GB9 PIN 47: INST gameplay_screen__GB7 PIN 245 TYPE 0 GENOME gameplay_screen__GB9 PIN 47
INST gameplay_screen__GB8 PIN 276: INST gameplay_screen__GB8 PIN 277 TYPE 2 INST gameplay_screen__GB7 PIN 247 TYPE 4 INST gameplay_screen__GB8 PIN 278 TYPE 2 INST gameplay_screen__GB7 PIN 248 TYPE 4 INST gameplay_screen__GB8 PIN 279 TYPE 2 INST gameplay_screen__GB7 PIN 249 TYPE 4
INST gameplay_screen__GB8 PIN 280: INST gameplay_screen__GB7 PIN 250 TYPE 0 GENOME gameplay_screen__GB8 PIN 280
INST gameplay_screen__GB8 PIN 281: INST gameplay_screen__GB7 PIN 251 TYPE 0 GENOME gameplay_screen__GB8 PIN 281
INST gameplay_screen__GB8 PIN 282: INST gameplay_screen__GB7 PIN 252 TYPE 0 GENOME gameplay_screen__GB8 PIN 282
INST gameplay_screen__GB8 PIN 283: INST gameplay_screen__GB7 PIN 253 TYPE 0 GENOME gameplay_screen__GB8 PIN 283
INST gameplay_screen__GB8 PIN 284: INST gameplay_screen__GB7 PIN 254 TYPE 0 GENOME gameplay_screen__GB8 PIN 284
INST gameplay_screen__GB8 PIN 285: INST gameplay_screen__GB7 PIN 255 TYPE 0 GENOME gameplay_screen__GB8 PIN 285
INST gameplay_screen__GB8 PIN 286: INST gameplay_screen__GB7 PIN 256 TYPE 0 GENOME gameplay_screen__GB8 PIN 286
INST gameplay_screen__GB8 PIN 287: INST gameplay_screen__GB7 PIN 257 TYPE 0 GENOME gameplay_screen__GB8 PIN 287
INST gameplay_screen__GB8 PIN 300: INST gameplay_screen__GB8 PIN 301 TYPE 2 INST gameplay_screen__GB7 PIN 259 TYPE 4 INST gameplay_screen__GB8 PIN 302 TYPE 2 INST gameplay_screen__GB7 PIN 260 TYPE 4 INST gameplay_screen__GB8 PIN 303 TYPE 2 INST gameplay_screen__GB7 PIN 261 TYPE 4
INST gameplay_screen__GB8 PIN 304: INST gameplay_screen__GB7 PIN 262 TYPE 0 GENOME gameplay_screen__GB8 PIN 304
INST gameplay_screen__GB8 PIN 305: INST gameplay_screen__GB7 PIN 263 TYPE 0 GENOME gameplay_screen__GB8 PIN 305
INST gameplay_screen__GB8 PIN 306: INST gameplay_screen__GB7 PIN 264 TYPE 0 GENOME gameplay_screen__GB8 PIN 306
INST gameplay_screen__GB8 PIN 307: INST gameplay_screen__GB7 PIN 265 TYPE 0 GENOME gameplay_screen__GB8 PIN 307
INST gameplay_screen__GB8 PIN 308: INST gameplay_screen__GB7 PIN 266 TYPE 0 GENOME gameplay_screen__GB8 PIN 308
INST gameplay_screen__GB8 PIN 309: INST gameplay_screen__GB7 PIN 267 TYPE 0 GENOME gameplay_screen__GB8 PIN 309
INST gameplay_screen__GB8 PIN 310: INST gameplay_screen__GB7 PIN 268 TYPE 0 GENOME gameplay_screen__GB8 PIN 310
INST gameplay_screen__GB8 PIN 311: INST gameplay_screen__GB7 PIN 269 TYPE 0 GENOME gameplay_screen__GB8 PIN 311
INST gameplay_screen__GB8 PIN 312: INST gameplay_screen__GB8 PIN 313 TYPE 2 INST gameplay_screen__GB7 PIN 271 TYPE 4 INST gameplay_screen__GB8 PIN 314 TYPE 2 INST gameplay_screen__GB7 PIN 272 TYPE 4 INST gameplay_screen__GB8 PIN 315 TYPE 2 INST gameplay_screen__GB7 PIN 273 TYPE 4
INST gameplay_screen__GB8 PIN 316: INST gameplay_screen__GB7 PIN 274 TYPE 0 GENOME gameplay_screen__GB8 PIN 316
INST gameplay_screen__GB8 PIN 317: INST gameplay_screen__GB7 PIN 275 TYPE 0 GENOME gameplay_screen__GB8 PIN 317
INST gameplay_screen__GB8 PIN 318: INST gameplay_screen__GB7 PIN 276 TYPE 0 GENOME gameplay_screen__GB8 PIN 318
INST gameplay_screen__GB8 PIN 319: INST gameplay_screen__GB7 PIN 277 TYPE 0 GENOME gameplay_screen__GB8 PIN 319
INST gameplay_screen__GB8 PIN 320: INST gameplay_screen__GB7 PIN 278 TYPE 0 GENOME gameplay_screen__GB8 PIN 320
INST gameplay_screen__GB8 PIN 321: INST gameplay_screen__GB7 PIN 279 TYPE 0 GENOME gameplay_screen__GB8 PIN 321
INST gameplay_screen__GB8 PIN 322: INST gameplay_screen__GB7 PIN 280 TYPE 0 GENOME gameplay_screen__GB8 PIN 322
INST gameplay_screen__GB8 PIN 323: INST gameplay_screen__GB7 PIN 281 TYPE 0 GENOME gameplay_screen__GB8 PIN 323
INST gameplay_screen__GB9 PIN 48: INST gameplay_screen__GB7 PIN 282 TYPE 0 GENOME gameplay_screen__GB9 PIN 48
INST gameplay_screen__GB9 PIN 49: INST gameplay_screen__GB7 PIN 283 TYPE 0 GENOME gameplay_screen__GB9 PIN 49
INST gameplay_screen__GB9 PIN 50: INST gameplay_screen__GB7 PIN 284 TYPE 0 GENOME gameplay_screen__GB9 PIN 50
INST gameplay_screen__GB9 PIN 51: INST gameplay_screen__GB7 PIN 285 TYPE 0 GENOME gameplay_screen__GB9 PIN 51
INST gameplay_screen__GB9 PIN 52: INST gameplay_screen__GB7 PIN 286 TYPE 0 GENOME gameplay_screen__GB9 PIN 52
INST gameplay_screen__GB9 PIN 53: INST gameplay_screen__GB7 PIN 287 TYPE 0 GENOME gameplay_screen__GB9 PIN 53
INST gameplay_screen__GB9 PIN 54: INST gameplay_screen__GB7 PIN 288 TYPE 0 GENOME gameplay_screen__GB9 PIN 54
INST gameplay_screen__GB9 PIN 55: INST gameplay_screen__GB7 PIN 289 TYPE 0 GENOME gameplay_screen__GB9 PIN 55
INST gameplay_screen__GB9 PIN 56: INST gameplay_screen__GB9 PIN 57 TYPE 2 INST gameplay_screen__GB7 PIN 291 TYPE 4 INST gameplay_screen__GB9 PIN 58 TYPE 2 INST gameplay_screen__GB7 PIN 292 TYPE 4 INST gameplay_screen__GB9 PIN 59 TYPE 2 INST gameplay_screen__GB7 PIN 293 TYPE 4
INST gameplay_screen__GB9 PIN 72: INST gameplay_screen__GB9 PIN 73 TYPE 2 INST gameplay_screen__GB7 PIN 295 TYPE 4 INST gameplay_screen__GB9 PIN 74 TYPE 2 INST gameplay_screen__GB7 PIN 296 TYPE 4 INST gameplay_screen__GB9 PIN 75 TYPE 2 INST gameplay_screen__GB7 PIN 297 TYPE 4
INST gameplay_screen__GB9 PIN 76: INST gameplay_screen__GB7 PIN 298 TYPE 0 GENOME gameplay_screen__GB9 PIN 76
INST gameplay_screen__GB9 PIN 77: INST gameplay_screen__GB7 PIN 299 TYPE 0 GENOME gameplay_screen__GB9 PIN 77
INST gameplay_screen__GB9 PIN 78: INST gameplay_screen__GB7 PIN 300 TYPE 0 GENOME gameplay_screen__GB9 PIN 78
INST gameplay_screen__GB9 PIN 79: INST gameplay_screen__GB7 PIN 301 TYPE 0 GENOME gameplay_screen__GB9 PIN 79
INST gameplay_screen__GB9 PIN 80: INST gameplay_screen__GB7 PIN 302 TYPE 0 GENOME gameplay_screen__GB9 PIN 80
INST gameplay_screen__GB9 PIN 81: INST gameplay_screen__GB7 PIN 303 TYPE 0 GENOME gameplay_screen__GB9 PIN 81
INST gameplay_screen__GB9 PIN 82: INST gameplay_screen__GB7 PIN 304 TYPE 0 GENOME gameplay_screen__GB9 PIN 82
INST gameplay_screen__GB9 PIN 83: INST gameplay_screen__GB7 PIN 305 TYPE 0 GENOME gameplay_screen__GB9 PIN 83
INST gameplay_screen__GB9 PIN 84: INST gameplay_screen__GB7 PIN 306 TYPE 0 GENOME gameplay_screen__GB9 PIN 84
INST gameplay_screen__GB9 PIN 85: INST gameplay_screen__GB7 PIN 307 TYPE 0 GENOME gameplay_screen__GB9 PIN 85
INST gameplay_screen__GB9 PIN 86: INST gameplay_screen__GB7 PIN 308 TYPE 0 GENOME gameplay_screen__GB9 PIN 86
INST gameplay_screen__GB9 PIN 87: INST gameplay_screen__GB7 PIN 309 TYPE 0 GENOME gameplay_screen__GB9 PIN 87
INST gameplay_screen__GB9 PIN 88: INST gameplay_screen__GB7 PIN 310 TYPE 0 GENOME gameplay_screen__GB9 PIN 88
INST gameplay_screen__GB9 PIN 89: INST gameplay_screen__GB7 PIN 311 TYPE 0 GENOME gameplay_screen__GB9 PIN 89
INST gameplay_screen__GB9 PIN 90: INST gameplay_screen__GB7 PIN 312 TYPE 0 GENOME gameplay_screen__GB9 PIN 90
INST gameplay_screen__GB9 PIN 91: INST gameplay_screen__GB7 PIN 313 TYPE 0 GENOME gameplay_screen__GB9 PIN 91
INST gameplay_screen__GB9 PIN 92: INST gameplay_screen__GB9 PIN 93 TYPE 2 INST gameplay_screen__GB7 PIN 315 TYPE 4 INST gameplay_screen__GB9 PIN 94 TYPE 2 INST gameplay_screen__GB7 PIN 316 TYPE 4 INST gameplay_screen__GB9 PIN 95 TYPE 2 INST gameplay_screen__GB7 PIN 317 TYPE 4
INST gameplay_screen__GB9 PIN 96: INST gameplay_screen__GB9 PIN 97 TYPE 2 INST gameplay_screen__GB7 PIN 319 TYPE 4 INST gameplay_screen__GB9 PIN 98 TYPE 2 INST gameplay_screen__GB7 PIN 320 TYPE 4 INST gameplay_screen__GB9 PIN 99 TYPE 2 INST gameplay_screen__GB7 PIN 321 TYPE 4
INST gameplay_screen__GB9 PIN 100: INST gameplay_screen__GB7 PIN 322 TYPE 0 GENOME gameplay_screen__GB9 PIN 100
INST gameplay_screen__GB9 PIN 101: INST gameplay_screen__GB7 PIN 323 TYPE 0 GENOME gameplay_screen__GB9 PIN 101
INST gameplay_screen__GB9 PIN 102: INST gameplay_screen__GB7 PIN 324 TYPE 0 GENOME gameplay_screen__GB9 PIN 102
INST gameplay_screen__GB9 PIN 103: INST gameplay_screen__GB7 PIN 325 TYPE 0 GENOME gameplay_screen__GB9 PIN 103
INST gameplay_screen__GB9 PIN 104: INST gameplay_screen__GB7 PIN 326 TYPE 0 GENOME gameplay_screen__GB9 PIN 104
INST gameplay_screen__GB9 PIN 105: INST gameplay_screen__GB7 PIN 327 TYPE 0 GENOME gameplay_screen__GB9 PIN 105
INST gameplay_screen__GB9 PIN 106: INST gameplay_screen__GB7 PIN 328 TYPE 0 GENOME gameplay_screen__GB9 PIN 106
INST gameplay_screen__GB9 PIN 107: INST gameplay_screen__GB7 PIN 329 TYPE 0 GENOME gameplay_screen__GB9 PIN 107
INST gameplay_screen__GB9 PIN 108: INST gameplay_screen__GB7 PIN 330 TYPE 0 GENOME gameplay_screen__GB9 PIN 108
INST gameplay_screen__GB9 PIN 109: INST gameplay_screen__GB7 PIN 331 TYPE 0 GENOME gameplay_screen__GB9 PIN 109
INST gameplay_screen__GB9 PIN 110: INST gameplay_screen__GB7 PIN 332 TYPE 0 GENOME gameplay_screen__GB9 PIN 110
INST gameplay_screen__GB9 PIN 111: INST gameplay_screen__GB7 PIN 333 TYPE 0 GENOME gameplay_screen__GB9 PIN 111
INST gameplay_screen__GB9 PIN 112: INST gameplay_screen__GB7 PIN 334 TYPE 0 GENOME gameplay_screen__GB9 PIN 112
INST gameplay_screen__GB9 PIN 113: INST gameplay_screen__GB7 PIN 335 TYPE 0 GENOME gameplay_screen__GB9 PIN 113
INST gameplay_screen__GB9 PIN 114: INST gameplay_screen__GB7 PIN 336 TYPE 0 GENOME gameplay_screen__GB9 PIN 114
INST gameplay_screen__GB9 PIN 115: INST gameplay_screen__GB7 PIN 337 TYPE 0 GENOME gameplay_screen__GB9 PIN 115
INST gameplay_screen__GB9 PIN 116: INST gameplay_screen__GB9 PIN 117 TYPE 2 INST gameplay_screen__GB7 PIN 339 TYPE 4 INST gameplay_screen__GB9 PIN 118 TYPE 2 INST gameplay_screen__GB7 PIN 340 TYPE 4 INST gameplay_screen__GB9 PIN 119 TYPE 2 INST gameplay_screen__GB7 PIN 341 TYPE 4
INST gameplay_screen__GB9 PIN 252: INST gameplay_screen__GB9 PIN 253 TYPE 2 INST gameplay_screen__GB7 PIN 343 TYPE 4 INST gameplay_screen__GB9 PIN 254 TYPE 2 INST gameplay_screen__GB7 PIN 344 TYPE 4 INST gameplay_screen__GB9 PIN 255 TYPE 2 INST gameplay_screen__GB7 PIN 345 TYPE 4
INST gameplay_screen__GB9 PIN 256: INST gameplay_screen__GB7 PIN 346 TYPE 0 GENOME gameplay_screen__GB9 PIN 256
INST gameplay_screen__GB9 PIN 257: INST gameplay_screen__GB7 PIN 347 TYPE 0 GENOME gameplay_screen__GB9 PIN 257
INST gameplay_screen__GB9 PIN 258: INST gameplay_screen__GB7 PIN 348 TYPE 0 GENOME gameplay_screen__GB9 PIN 258
INST gameplay_screen__GB9 PIN 259: INST gameplay_screen__GB7 PIN 349 TYPE 0 GENOME gameplay_screen__GB9 PIN 259
INST gameplay_screen__GB9 PIN 260: INST gameplay_screen__GB7 PIN 350 TYPE 0 GENOME gameplay_screen__GB9 PIN 260
INST gameplay_screen__GB9 PIN 261: INST gameplay_screen__GB7 PIN 351 TYPE 0 GENOME gameplay_screen__GB9 PIN 261
INST gameplay_screen__GB9 PIN 262: INST gameplay_screen__GB7 PIN 352 TYPE 0 GENOME gameplay_screen__GB9 PIN 262
INST gameplay_screen__GB9 PIN 263: INST gameplay_screen__GB7 PIN 353 TYPE 0 GENOME gameplay_screen__GB9 PIN 263
INST gameplay_screen__GB9 PIN 60: INST gameplay_screen__GB7 PIN 354 TYPE 0 GENOME gameplay_screen__GB9 PIN 60
INST gameplay_screen__GB9 PIN 61: INST gameplay_screen__GB7 PIN 355 TYPE 0 GENOME gameplay_screen__GB9 PIN 61
INST gameplay_screen__GB9 PIN 62: INST gameplay_screen__GB7 PIN 356 TYPE 0 GENOME gameplay_screen__GB9 PIN 62
INST gameplay_screen__GB9 PIN 63: INST gameplay_screen__GB7 PIN 357 TYPE 0 GENOME gameplay_screen__GB9 PIN 63
INST gameplay_screen__GB9 PIN 64: INST gameplay_screen__GB7 PIN 358 TYPE 0 GENOME gameplay_screen__GB9 PIN 64
INST gameplay_screen__GB9 PIN 65: INST gameplay_screen__GB7 PIN 359 TYPE 0 GENOME gameplay_screen__GB9 PIN 65
INST gameplay_screen__GB9 PIN 66: INST gameplay_screen__GB7 PIN 360 TYPE 0 GENOME gameplay_screen__GB9 PIN 66
INST gameplay_screen__GB9 PIN 67: INST gameplay_screen__GB7 PIN 361 TYPE 0 GENOME gameplay_screen__GB9 PIN 67
INST gameplay_screen__GB9 PIN 68: INST gameplay_screen__GB9 PIN 69 TYPE 2 INST gameplay_screen__GB7 PIN 363 TYPE 4 INST gameplay_screen__GB9 PIN 70 TYPE 2 INST gameplay_screen__GB7 PIN 364 TYPE 4 INST gameplay_screen__GB9 PIN 71 TYPE 2 INST gameplay_screen__GB7 PIN 365 TYPE 4
INST gameplay_screen__GB9 PIN 264: INST gameplay_screen__GB9 PIN 265 TYPE 2 INST gameplay_screen__GB7 PIN 595 TYPE 4 INST gameplay_screen__GB9 PIN 266 TYPE 2 INST gameplay_screen__GB7 PIN 596 TYPE 4 INST gameplay_screen__GB9 PIN 267 TYPE 2 INST gameplay_screen__GB7 PIN 597 TYPE 4 INST gameplay_screen__GB9 PIN 268 TYPE 2 INST gameplay_screen__GB7 PIN 598 TYPE 4 INST gameplay_screen__GB9 PIN 269 TYPE 2 INST gameplay_screen__GB7 PIN 599 TYPE 4 INST gameplay_screen__GB9 PIN 270 TYPE 2 INST gameplay_screen__GB7 PIN 600 TYPE 4 INST gameplay_screen__GB9 PIN 271 TYPE 2 INST gameplay_screen__GB7 PIN 601 TYPE 4 INST gameplay_screen__GB9 PIN 272 TYPE 2 INST gameplay_screen__GB7 PIN 602 TYPE 4 INST gameplay_screen__GB9 PIN 273 TYPE 2 INST gameplay_screen__GB7 PIN 603 TYPE 4 INST gameplay_screen__GB9 PIN 274 TYPE 2 INST gameplay_screen__GB7 PIN 604 TYPE 4 INST gameplay_screen__GB9 PIN 275 TYPE 2 INST gameplay_screen__GB7 PIN 605 TYPE 4
INST gameplay_screen__GB9 PIN 132: INST gameplay_screen__GB7 PIN 606 TYPE 0 GENOME gameplay_screen__GB9 PIN 132
INST gameplay_screen__GB9 PIN 133: INST gameplay_screen__GB7 PIN 607 TYPE 0 GENOME gameplay_screen__GB9 PIN 133
INST gameplay_screen__GB9 PIN 134: INST gameplay_screen__GB7 PIN 608 TYPE 0 GENOME gameplay_screen__GB9 PIN 134
INST gameplay_screen__GB9 PIN 135: INST gameplay_screen__GB7 PIN 609 TYPE 0 GENOME gameplay_screen__GB9 PIN 135
INST gameplay_screen__GB9 PIN 136: INST gameplay_screen__GB7 PIN 610 TYPE 0 GENOME gameplay_screen__GB9 PIN 136
INST gameplay_screen__GB9 PIN 137: INST gameplay_screen__GB7 PIN 611 TYPE 0 GENOME gameplay_screen__GB9 PIN 137
INST gameplay_screen__GB9 PIN 138: INST gameplay_screen__GB7 PIN 612 TYPE 0 GENOME gameplay_screen__GB9 PIN 138
INST gameplay_screen__GB9 PIN 139: INST gameplay_screen__GB7 PIN 613 TYPE 0 GENOME gameplay_screen__GB9 PIN 139
INST gameplay_screen__GB9 PIN 140: INST gameplay_screen__GB9 PIN 141 TYPE 2 INST gameplay_screen__GB7 PIN 615 TYPE 4 INST gameplay_screen__GB9 PIN 142 TYPE 2 INST gameplay_screen__GB7 PIN 616 TYPE 4 INST gameplay_screen__GB9 PIN 143 TYPE 2 INST gameplay_screen__GB7 PIN 617 TYPE 4
INST gameplay_screen__GB9 PIN 144: INST gameplay_screen__GB9 PIN 145 TYPE 2 INST gameplay_screen__GB7 PIN 619 TYPE 4 INST gameplay_screen__GB9 PIN 146 TYPE 2 INST gameplay_screen__GB7 PIN 620 TYPE 4 INST gameplay_screen__GB9 PIN 147 TYPE 2 INST gameplay_screen__GB7 PIN 621 TYPE 4
INST gameplay_screen__GB9 PIN 148: INST gameplay_screen__GB7 PIN 622 TYPE 0 GENOME gameplay_screen__GB9 PIN 148
INST gameplay_screen__GB9 PIN 149: INST gameplay_screen__GB7 PIN 623 TYPE 0 GENOME gameplay_screen__GB9 PIN 149
INST gameplay_screen__GB9 PIN 150: INST gameplay_screen__GB7 PIN 624 TYPE 0 GENOME gameplay_screen__GB9 PIN 150
INST gameplay_screen__GB9 PIN 151: INST gameplay_screen__GB7 PIN 625 TYPE 0 GENOME gameplay_screen__GB9 PIN 151
INST gameplay_screen__GB9 PIN 152: INST gameplay_screen__GB7 PIN 626 TYPE 0 GENOME gameplay_screen__GB9 PIN 152
INST gameplay_screen__GB9 PIN 153: INST gameplay_screen__GB7 PIN 627 TYPE 0 GENOME gameplay_screen__GB9 PIN 153
INST gameplay_screen__GB9 PIN 154: INST gameplay_screen__GB7 PIN 628 TYPE 0 GENOME gameplay_screen__GB9 PIN 154
INST gameplay_screen__GB9 PIN 155: INST gameplay_screen__GB7 PIN 629 TYPE 0 GENOME gameplay_screen__GB9 PIN 155
INST gameplay_screen__GB9 PIN 156: INST gameplay_screen__GB7 PIN 630 TYPE 0 GENOME gameplay_screen__GB9 PIN 156
INST gameplay_screen__GB9 PIN 157: INST gameplay_screen__GB7 PIN 631 TYPE 0 GENOME gameplay_screen__GB9 PIN 157
INST gameplay_screen__GB9 PIN 158: INST gameplay_screen__GB7 PIN 632 TYPE 0 GENOME gameplay_screen__GB9 PIN 158
INST gameplay_screen__GB9 PIN 159: INST gameplay_screen__GB7 PIN 633 TYPE 0 GENOME gameplay_screen__GB9 PIN 159
INST gameplay_screen__GB9 PIN 160: INST gameplay_screen__GB7 PIN 634 TYPE 0 GENOME gameplay_screen__GB9 PIN 160
INST gameplay_screen__GB9 PIN 161: INST gameplay_screen__GB7 PIN 635 TYPE 0 GENOME gameplay_screen__GB9 PIN 161
INST gameplay_screen__GB9 PIN 162: INST gameplay_screen__GB7 PIN 636 TYPE 0 GENOME gameplay_screen__GB9 PIN 162
INST gameplay_screen__GB9 PIN 163: INST gameplay_screen__GB7 PIN 637 TYPE 0 GENOME gameplay_screen__GB9 PIN 163
INST gameplay_screen__GB9 PIN 164: INST gameplay_screen__GB9 PIN 165 TYPE 2 INST gameplay_screen__GB7 PIN 639 TYPE 4 INST gameplay_screen__GB9 PIN 166 TYPE 2 INST gameplay_screen__GB7 PIN 640 TYPE 4 INST gameplay_screen__GB9 PIN 167 TYPE 2 INST gameplay_screen__GB7 PIN 641 TYPE 4
INST gameplay_screen__GB9 PIN 168: INST gameplay_screen__GB9 PIN 169 TYPE 2 INST gameplay_screen__GB7 PIN 643 TYPE 4 INST gameplay_screen__GB9 PIN 170 TYPE 2 INST gameplay_screen__GB7 PIN 644 TYPE 4 INST gameplay_screen__GB9 PIN 171 TYPE 2 INST gameplay_screen__GB7 PIN 645 TYPE 4
INST gameplay_screen__GB9 PIN 172: INST gameplay_screen__GB7 PIN 646 TYPE 0 GENOME gameplay_screen__GB9 PIN 172
INST gameplay_screen__GB9 PIN 173: INST gameplay_screen__GB7 PIN 647 TYPE 0 GENOME gameplay_screen__GB9 PIN 173
INST gameplay_screen__GB9 PIN 174: INST gameplay_screen__GB7 PIN 648 TYPE 0 GENOME gameplay_screen__GB9 PIN 174
INST gameplay_screen__GB9 PIN 175: INST gameplay_screen__GB7 PIN 649 TYPE 0 GENOME gameplay_screen__GB9 PIN 175
INST gameplay_screen__GB9 PIN 176: INST gameplay_screen__GB7 PIN 650 TYPE 0 GENOME gameplay_screen__GB9 PIN 176
INST gameplay_screen__GB9 PIN 177: INST gameplay_screen__GB7 PIN 651 TYPE 0 GENOME gameplay_screen__GB9 PIN 177
INST gameplay_screen__GB9 PIN 178: INST gameplay_screen__GB7 PIN 652 TYPE 0 GENOME gameplay_screen__GB9 PIN 178
INST gameplay_screen__GB9 PIN 179: INST gameplay_screen__GB7 PIN 653 TYPE 0 GENOME gameplay_screen__GB9 PIN 179
INST gameplay_screen__GB9 PIN 180: INST gameplay_screen__GB7 PIN 654 TYPE 0 GENOME gameplay_screen__GB9 PIN 180
INST gameplay_screen__GB9 PIN 181: INST gameplay_screen__GB7 PIN 655 TYPE 0 GENOME gameplay_screen__GB9 PIN 181
INST gameplay_screen__GB9 PIN 182: INST gameplay_screen__GB7 PIN 656 TYPE 0 GENOME gameplay_screen__GB9 PIN 182
INST gameplay_screen__GB9 PIN 183: INST gameplay_screen__GB7 PIN 657 TYPE 0 GENOME gameplay_screen__GB9 PIN 183
INST gameplay_screen__GB9 PIN 184: INST gameplay_screen__GB7 PIN 658 TYPE 0 GENOME gameplay_screen__GB9 PIN 184
INST gameplay_screen__GB9 PIN 185: INST gameplay_screen__GB7 PIN 659 TYPE 0 GENOME gameplay_screen__GB9 PIN 185
INST gameplay_screen__GB9 PIN 186: INST gameplay_screen__GB7 PIN 660 TYPE 0 GENOME gameplay_screen__GB9 PIN 186
INST gameplay_screen__GB9 PIN 187: INST gameplay_screen__GB7 PIN 661 TYPE 0 GENOME gameplay_screen__GB9 PIN 187
INST gameplay_screen__GB9 PIN 188: INST gameplay_screen__GB9 PIN 189 TYPE 2 INST gameplay_screen__GB7 PIN 663 TYPE 4 INST gameplay_screen__GB9 PIN 190 TYPE 2 INST gameplay_screen__GB7 PIN 664 TYPE 4 INST gameplay_screen__GB9 PIN 191 TYPE 2 INST gameplay_screen__GB7 PIN 665 TYPE 4
INST gameplay_screen__GB9 PIN 192: INST gameplay_screen__GB9 PIN 193 TYPE 2 INST gameplay_screen__GB7 PIN 667 TYPE 4 INST gameplay_screen__GB9 PIN 194 TYPE 2 INST gameplay_screen__GB7 PIN 668 TYPE 4 INST gameplay_screen__GB9 PIN 195 TYPE 2 INST gameplay_screen__GB7 PIN 669 TYPE 4
INST gameplay_screen__GB9 PIN 196: INST gameplay_screen__GB7 PIN 670 TYPE 0 GENOME gameplay_screen__GB9 PIN 196
INST gameplay_screen__GB9 PIN 197: INST gameplay_screen__GB7 PIN 671 TYPE 0 GENOME gameplay_screen__GB9 PIN 197
INST gameplay_screen__GB9 PIN 198: INST gameplay_screen__GB7 PIN 672 TYPE 0 GENOME gameplay_screen__GB9 PIN 198
INST gameplay_screen__GB9 PIN 199: INST gameplay_screen__GB7 PIN 673 TYPE 0 GENOME gameplay_screen__GB9 PIN 199
INST gameplay_screen__GB9 PIN 200: INST gameplay_screen__GB7 PIN 674 TYPE 0 GENOME gameplay_screen__GB9 PIN 200
INST gameplay_screen__GB9 PIN 201: INST gameplay_screen__GB7 PIN 675 TYPE 0 GENOME gameplay_screen__GB9 PIN 201
INST gameplay_screen__GB9 PIN 202: INST gameplay_screen__GB7 PIN 676 TYPE 0 GENOME gameplay_screen__GB9 PIN 202
INST gameplay_screen__GB9 PIN 203: INST gameplay_screen__GB7 PIN 677 TYPE 0 GENOME gameplay_screen__GB9 PIN 203
INST gameplay_screen__GB9 PIN 204: INST gameplay_screen__GB7 PIN 678 TYPE 0 GENOME gameplay_screen__GB9 PIN 204
INST gameplay_screen__GB9 PIN 205: INST gameplay_screen__GB7 PIN 679 TYPE 0 GENOME gameplay_screen__GB9 PIN 205
INST gameplay_screen__GB9 PIN 206: INST gameplay_screen__GB7 PIN 680 TYPE 0 GENOME gameplay_screen__GB9 PIN 206
INST gameplay_screen__GB9 PIN 207: INST gameplay_screen__GB7 PIN 681 TYPE 0 GENOME gameplay_screen__GB9 PIN 207
INST gameplay_screen__GB9 PIN 208: INST gameplay_screen__GB7 PIN 682 TYPE 0 GENOME gameplay_screen__GB9 PIN 208
INST gameplay_screen__GB9 PIN 209: INST gameplay_screen__GB7 PIN 683 TYPE 0 GENOME gameplay_screen__GB9 PIN 209
INST gameplay_screen__GB9 PIN 210: INST gameplay_screen__GB7 PIN 684 TYPE 0 GENOME gameplay_screen__GB9 PIN 210
INST gameplay_screen__GB9 PIN 211: INST gameplay_screen__GB7 PIN 685 TYPE 0 GENOME gameplay_screen__GB9 PIN 211
INST gameplay_screen__GB9 PIN 212: INST gameplay_screen__GB9 PIN 213 TYPE 2 INST gameplay_screen__GB7 PIN 687 TYPE 4 INST gameplay_screen__GB9 PIN 214 TYPE 2 INST gameplay_screen__GB7 PIN 688 TYPE 4 INST gameplay_screen__GB9 PIN 215 TYPE 2 INST gameplay_screen__GB7 PIN 689 TYPE 4
INST gameplay_screen__GB9 PIN 216: INST gameplay_screen__GB9 PIN 217 TYPE 2 INST gameplay_screen__GB7 PIN 691 TYPE 4 INST gameplay_screen__GB9 PIN 218 TYPE 2 INST gameplay_screen__GB7 PIN 692 TYPE 4 INST gameplay_screen__GB9 PIN 219 TYPE 2 INST gameplay_screen__GB7 PIN 693 TYPE 4
INST gameplay_screen__GB9 PIN 220: INST gameplay_screen__GB7 PIN 694 TYPE 0 GENOME gameplay_screen__GB9 PIN 220
INST gameplay_screen__GB9 PIN 221: INST gameplay_screen__GB7 PIN 695 TYPE 0 GENOME gameplay_screen__GB9 PIN 221
INST gameplay_screen__GB9 PIN 222: INST gameplay_screen__GB7 PIN 696 TYPE 0 GENOME gameplay_screen__GB9 PIN 222
INST gameplay_screen__GB9 PIN 223: INST gameplay_screen__GB7 PIN 697 TYPE 0 GENOME gameplay_screen__GB9 PIN 223
INST gameplay_screen__GB9 PIN 224: INST gameplay_screen__GB7 PIN 698 TYPE 0 GENOME gameplay_screen__GB9 PIN 224
INST gameplay_screen__GB9 PIN 225: INST gameplay_screen__GB7 PIN 699 TYPE 0 GENOME gameplay_screen__GB9 PIN 225
INST gameplay_screen__GB9 PIN 226: INST gameplay_screen__GB7 PIN 700 TYPE 0 GENOME gameplay_screen__GB9 PIN 226
INST gameplay_screen__GB9 PIN 227: INST gameplay_screen__GB7 PIN 701 TYPE 0 GENOME gameplay_screen__GB9 PIN 227
INST gameplay_screen__GB9 PIN 228: INST gameplay_screen__GB7 PIN 702 TYPE 0 GENOME gameplay_screen__GB9 PIN 228
INST gameplay_screen__GB9 PIN 229: INST gameplay_screen__GB7 PIN 703 TYPE 0 GENOME gameplay_screen__GB9 PIN 229
INST gameplay_screen__GB9 PIN 230: INST gameplay_screen__GB7 PIN 704 TYPE 0 GENOME gameplay_screen__GB9 PIN 230
INST gameplay_screen__GB9 PIN 231: INST gameplay_screen__GB7 PIN 705 TYPE 0 GENOME gameplay_screen__GB9 PIN 231
INST gameplay_screen__GB9 PIN 232: INST gameplay_screen__GB7 PIN 706 TYPE 0 GENOME gameplay_screen__GB9 PIN 232
INST gameplay_screen__GB9 PIN 233: INST gameplay_screen__GB7 PIN 707 TYPE 0 GENOME gameplay_screen__GB9 PIN 233
INST gameplay_screen__GB9 PIN 234: INST gameplay_screen__GB7 PIN 708 TYPE 0 GENOME gameplay_screen__GB9 PIN 234
INST gameplay_screen__GB9 PIN 235: INST gameplay_screen__GB7 PIN 709 TYPE 0 GENOME gameplay_screen__GB9 PIN 235
INST gameplay_screen__GB9 PIN 236: INST gameplay_screen__GB9 PIN 237 TYPE 2 INST gameplay_screen__GB7 PIN 711 TYPE 4 INST gameplay_screen__GB9 PIN 238 TYPE 2 INST gameplay_screen__GB7 PIN 712 TYPE 4 INST gameplay_screen__GB9 PIN 239 TYPE 2 INST gameplay_screen__GB7 PIN 713 TYPE 4
INST gameplay_screen__GB9 PIN 240: INST gameplay_screen__GB9 PIN 241 TYPE 2 INST gameplay_screen__GB7 PIN 715 TYPE 4 INST gameplay_screen__GB9 PIN 242 TYPE 2 INST gameplay_screen__GB7 PIN 716 TYPE 4 INST gameplay_screen__GB9 PIN 243 TYPE 2 INST gameplay_screen__GB7 PIN 717 TYPE 4
INST gameplay_screen__GB9 PIN 244: INST gameplay_screen__GB7 PIN 718 TYPE 0 GENOME gameplay_screen__GB9 PIN 244
INST gameplay_screen__GB9 PIN 245: INST gameplay_screen__GB7 PIN 719 TYPE 0 GENOME gameplay_screen__GB9 PIN 245
INST gameplay_screen__GB9 PIN 246: INST gameplay_screen__GB7 PIN 720 TYPE 0 GENOME gameplay_screen__GB9 PIN 246
INST gameplay_screen__GB9 PIN 247: INST gameplay_screen__GB7 PIN 721 TYPE 0 GENOME gameplay_screen__GB9 PIN 247
INST gameplay_screen__GB9 PIN 248: INST gameplay_screen__GB7 PIN 722 TYPE 0 GENOME gameplay_screen__GB9 PIN 248
INST gameplay_screen__GB9 PIN 249: INST gameplay_screen__GB7 PIN 723 TYPE 0 GENOME gameplay_screen__GB9 PIN 249
INST gameplay_screen__GB9 PIN 250: INST gameplay_screen__GB7 PIN 724 TYPE 0 GENOME gameplay_screen__GB9 PIN 250
INST gameplay_screen__GB9 PIN 251: INST gameplay_screen__GB7 PIN 725 TYPE 0 GENOME gameplay_screen__GB9 PIN 251
INST gameplay_screen__GB8 PIN 96: INST gameplay_screen__GB7 PIN 738 TYPE 0 GENOME gameplay_screen__GB8 PIN 96
INST gameplay_screen__GB8 PIN 97: INST gameplay_screen__GB7 PIN 739 TYPE 0 GENOME gameplay_screen__GB8 PIN 97
INST gameplay_screen__GB8 PIN 98: INST gameplay_screen__GB7 PIN 740 TYPE 0 GENOME gameplay_screen__GB8 PIN 98
INST gameplay_screen__GB8 PIN 99: INST gameplay_screen__GB7 PIN 741 TYPE 0 GENOME gameplay_screen__GB8 PIN 99
INST gameplay_screen__GB8 PIN 100: INST gameplay_screen__GB7 PIN 742 TYPE 0 GENOME gameplay_screen__GB8 PIN 100
INST gameplay_screen__GB8 PIN 101: INST gameplay_screen__GB7 PIN 743 TYPE 0 GENOME gameplay_screen__GB8 PIN 101
INST gameplay_screen__GB8 PIN 102: INST gameplay_screen__GB7 PIN 744 TYPE 0 GENOME gameplay_screen__GB8 PIN 102
INST gameplay_screen__GB8 PIN 103: INST gameplay_screen__GB7 PIN 745 TYPE 0 GENOME gameplay_screen__GB8 PIN 103
INST gameplay_screen__GB8 PIN 104: INST gameplay_screen__GB8 PIN 105 TYPE 2 INST gameplay_screen__GB7 PIN 747 TYPE 4 INST gameplay_screen__GB8 PIN 106 TYPE 2 INST gameplay_screen__GB7 PIN 748 TYPE 4 INST gameplay_screen__GB8 PIN 107 TYPE 2 INST gameplay_screen__GB7 PIN 749 TYPE 4
INST gameplay_screen__GB8 PIN 12: INST gameplay_screen__GB7 PIN 750 TYPE 0 GENOME gameplay_screen__GB8 PIN 12
INST gameplay_screen__GB8 PIN 13: INST gameplay_screen__GB7 PIN 751 TYPE 0 GENOME gameplay_screen__GB8 PIN 13
INST gameplay_screen__GB8 PIN 14: INST gameplay_screen__GB7 PIN 752 TYPE 0 GENOME gameplay_screen__GB8 PIN 14
INST gameplay_screen__GB8 PIN 15: INST gameplay_screen__GB7 PIN 753 TYPE 0 GENOME gameplay_screen__GB8 PIN 15
INST gameplay_screen__GB8 PIN 16: INST gameplay_screen__GB7 PIN 754 TYPE 0 GENOME gameplay_screen__GB8 PIN 16
INST gameplay_screen__GB8 PIN 17: INST gameplay_screen__GB7 PIN 755 TYPE 0 GENOME gameplay_screen__GB8 PIN 17
INST gameplay_screen__GB8 PIN 18: INST gameplay_screen__GB7 PIN 756 TYPE 0 GENOME gameplay_screen__GB8 PIN 18
INST gameplay_screen__GB8 PIN 19: INST gameplay_screen__GB7 PIN 757 TYPE 0 GENOME gameplay_screen__GB8 PIN 19
INST gameplay_screen__GB8 PIN 20: INST gameplay_screen__GB8 PIN 21 TYPE 2 INST gameplay_screen__GB7 PIN 759 TYPE 4 INST gameplay_screen__GB8 PIN 22 TYPE 2 INST gameplay_screen__GB7 PIN 760 TYPE 4 INST gameplay_screen__GB8 PIN 23 TYPE 2 INST gameplay_screen__GB7 PIN 761 TYPE 4
INST gameplay_screen__GB8 PIN 60: INST gameplay_screen__GB7 PIN 762 TYPE 0 GENOME gameplay_screen__GB8 PIN 60
INST gameplay_screen__GB8 PIN 61: INST gameplay_screen__GB7 PIN 763 TYPE 0 GENOME gameplay_screen__GB8 PIN 61
INST gameplay_screen__GB8 PIN 62: INST gameplay_screen__GB7 PIN 764 TYPE 0 GENOME gameplay_screen__GB8 PIN 62
INST gameplay_screen__GB8 PIN 63: INST gameplay_screen__GB7 PIN 765 TYPE 0 GENOME gameplay_screen__GB8 PIN 63
INST gameplay_screen__GB8 PIN 64: INST gameplay_screen__GB7 PIN 766 TYPE 0 GENOME gameplay_screen__GB8 PIN 64
INST gameplay_screen__GB8 PIN 65: INST gameplay_screen__GB7 PIN 767 TYPE 0 GENOME gameplay_screen__GB8 PIN 65
INST gameplay_screen__GB8 PIN 66: INST gameplay_screen__GB7 PIN 768 TYPE 0 GENOME gameplay_screen__GB8 PIN 66
INST gameplay_screen__GB8 PIN 67: INST gameplay_screen__GB7 PIN 769 TYPE 0 GENOME gameplay_screen__GB8 PIN 67
INST gameplay_screen__GB8 PIN 68: INST gameplay_screen__GB8 PIN 69 TYPE 2 INST gameplay_screen__GB7 PIN 771 TYPE 4 INST gameplay_screen__GB8 PIN 70 TYPE 2 INST gameplay_screen__GB7 PIN 772 TYPE 4 INST gameplay_screen__GB8 PIN 71 TYPE 2 INST gameplay_screen__GB7 PIN 773 TYPE 4
INST gameplay_screen__GB8 PIN 84: INST gameplay_screen__GB7 PIN 774 TYPE 0 GENOME gameplay_screen__GB8 PIN 84
INST gameplay_screen__GB8 PIN 85: INST gameplay_screen__GB7 PIN 775 TYPE 0 GENOME gameplay_screen__GB8 PIN 85
INST gameplay_screen__GB8 PIN 86: INST gameplay_screen__GB7 PIN 776 TYPE 0 GENOME gameplay_screen__GB8 PIN 86
INST gameplay_screen__GB8 PIN 87: INST gameplay_screen__GB7 PIN 777 TYPE 0 GENOME gameplay_screen__GB8 PIN 87
INST gameplay_screen__GB8 PIN 88: INST gameplay_screen__GB7 PIN 778 TYPE 0 GENOME gameplay_screen__GB8 PIN 88
INST gameplay_screen__GB8 PIN 89: INST gameplay_screen__GB7 PIN 779 TYPE 0 GENOME gameplay_screen__GB8 PIN 89
INST gameplay_screen__GB8 PIN 90: INST gameplay_screen__GB7 PIN 780 TYPE 0 GENOME gameplay_screen__GB8 PIN 90
INST gameplay_screen__GB8 PIN 91: INST gameplay_screen__GB7 PIN 781 TYPE 0 GENOME gameplay_screen__GB8 PIN 91
INST gameplay_screen__GB8 PIN 92: INST gameplay_screen__GB8 PIN 93 TYPE 2 INST gameplay_screen__GB7 PIN 783 TYPE 4 INST gameplay_screen__GB8 PIN 94 TYPE 2 INST gameplay_screen__GB7 PIN 784 TYPE 4 INST gameplay_screen__GB8 PIN 95 TYPE 2 INST gameplay_screen__GB7 PIN 785 TYPE 4
INST gameplay_screen__GB8 PIN 0: INST gameplay_screen__GB7 PIN 786 TYPE 0 GENOME gameplay_screen__GB8 PIN 0
INST gameplay_screen__GB8 PIN 1: INST gameplay_screen__GB7 PIN 787 TYPE 0 GENOME gameplay_screen__GB8 PIN 1
INST gameplay_screen__GB8 PIN 2: INST gameplay_screen__GB7 PIN 788 TYPE 0 GENOME gameplay_screen__GB8 PIN 2
INST gameplay_screen__GB8 PIN 3: INST gameplay_screen__GB7 PIN 789 TYPE 0 GENOME gameplay_screen__GB8 PIN 3
INST gameplay_screen__GB8 PIN 4: INST gameplay_screen__GB7 PIN 790 TYPE 0 GENOME gameplay_screen__GB8 PIN 4
INST gameplay_screen__GB8 PIN 5: INST gameplay_screen__GB7 PIN 791 TYPE 0 GENOME gameplay_screen__GB8 PIN 5
INST gameplay_screen__GB8 PIN 6: INST gameplay_screen__GB7 PIN 792 TYPE 0 GENOME gameplay_screen__GB8 PIN 6
INST gameplay_screen__GB8 PIN 7: INST gameplay_screen__GB7 PIN 793 TYPE 0 GENOME gameplay_screen__GB8 PIN 7
INST gameplay_screen__GB8 PIN 8: INST gameplay_screen__GB8 PIN 9 TYPE 2 INST gameplay_screen__GB7 PIN 795 TYPE 4 INST gameplay_screen__GB8 PIN 10 TYPE 2 INST gameplay_screen__GB7 PIN 796 TYPE 4 INST gameplay_screen__GB8 PIN 11 TYPE 2 INST gameplay_screen__GB7 PIN 797 TYPE 4
INST gameplay_screen__GB8 PIN 108: INST gameplay_screen__GB7 PIN 798 TYPE 0 GENOME gameplay_screen__GB8 PIN 108
INST gameplay_screen__GB8 PIN 109: INST gameplay_screen__GB7 PIN 799 TYPE 0 GENOME gameplay_screen__GB8 PIN 109
INST gameplay_screen__GB8 PIN 110: INST gameplay_screen__GB7 PIN 800 TYPE 0 GENOME gameplay_screen__GB8 PIN 110
INST gameplay_screen__GB8 PIN 111: INST gameplay_screen__GB7 PIN 801 TYPE 0 GENOME gameplay_screen__GB8 PIN 111
INST gameplay_screen__GB8 PIN 112: INST gameplay_screen__GB7 PIN 802 TYPE 0 GENOME gameplay_screen__GB8 PIN 112
INST gameplay_screen__GB8 PIN 113: INST gameplay_screen__GB7 PIN 803 TYPE 0 GENOME gameplay_screen__GB8 PIN 113
INST gameplay_screen__GB8 PIN 114: INST gameplay_screen__GB7 PIN 804 TYPE 0 GENOME gameplay_screen__GB8 PIN 114
INST gameplay_screen__GB8 PIN 115: INST gameplay_screen__GB7 PIN 805 TYPE 0 GENOME gameplay_screen__GB8 PIN 115
INST gameplay_screen__GB8 PIN 116: INST gameplay_screen__GB8 PIN 117 TYPE 2 INST gameplay_screen__GB7 PIN 807 TYPE 4 INST gameplay_screen__GB8 PIN 118 TYPE 2 INST gameplay_screen__GB7 PIN 808 TYPE 4 INST gameplay_screen__GB8 PIN 119 TYPE 2 INST gameplay_screen__GB7 PIN 809 TYPE 4
INST gameplay_screen__GB8 PIN 48: INST gameplay_screen__GB7 PIN 810 TYPE 0 GENOME gameplay_screen__GB8 PIN 48
INST gameplay_screen__GB8 PIN 49: INST gameplay_screen__GB7 PIN 811 TYPE 0 GENOME gameplay_screen__GB8 PIN 49
INST gameplay_screen__GB8 PIN 50: INST gameplay_screen__GB7 PIN 812 TYPE 0 GENOME gameplay_screen__GB8 PIN 50
INST gameplay_screen__GB8 PIN 51: INST gameplay_screen__GB7 PIN 813 TYPE 0 GENOME gameplay_screen__GB8 PIN 51
INST gameplay_screen__GB8 PIN 52: INST gameplay_screen__GB7 PIN 814 TYPE 0 GENOME gameplay_screen__GB8 PIN 52
INST gameplay_screen__GB8 PIN 53: INST gameplay_screen__GB7 PIN 815 TYPE 0 GENOME gameplay_screen__GB8 PIN 53
INST gameplay_screen__GB8 PIN 54: INST gameplay_screen__GB7 PIN 816 TYPE 0 GENOME gameplay_screen__GB8 PIN 54
INST gameplay_screen__GB8 PIN 55: INST gameplay_screen__GB7 PIN 817 TYPE 0 GENOME gameplay_screen__GB8 PIN 55
INST gameplay_screen__GB8 PIN 56: INST gameplay_screen__GB8 PIN 57 TYPE 2 INST gameplay_screen__GB7 PIN 819 TYPE 4 INST gameplay_screen__GB8 PIN 58 TYPE 2 INST gameplay_screen__GB7 PIN 820 TYPE 4 INST gameplay_screen__GB8 PIN 59 TYPE 2 INST gameplay_screen__GB7 PIN 821 TYPE 4
INST gameplay_screen__GB8 PIN 72: INST gameplay_screen__GB7 PIN 822 TYPE 0 GENOME gameplay_screen__GB8 PIN 72
INST gameplay_screen__GB8 PIN 73: INST gameplay_screen__GB7 PIN 823 TYPE 0 GENOME gameplay_screen__GB8 PIN 73
INST gameplay_screen__GB8 PIN 74: INST gameplay_screen__GB7 PIN 824 TYPE 0 GENOME gameplay_screen__GB8 PIN 74
INST gameplay_screen__GB8 PIN 75: INST gameplay_screen__GB7 PIN 825 TYPE 0 GENOME gameplay_screen__GB8 PIN 75
INST gameplay_screen__GB8 PIN 76: INST gameplay_screen__GB7 PIN 826 TYPE 0 GENOME gameplay_screen__GB8 PIN 76
INST gameplay_screen__GB8 PIN 77: INST gameplay_screen__GB7 PIN 827 TYPE 0 GENOME gameplay_screen__GB8 PIN 77
INST gameplay_screen__GB8 PIN 78: INST gameplay_screen__GB7 PIN 828 TYPE 0 GENOME gameplay_screen__GB8 PIN 78
INST gameplay_screen__GB8 PIN 79: INST gameplay_screen__GB7 PIN 829 TYPE 0 GENOME gameplay_screen__GB8 PIN 79
INST gameplay_screen__GB8 PIN 80: INST gameplay_screen__GB8 PIN 81 TYPE 2 INST gameplay_screen__GB7 PIN 831 TYPE 4 INST gameplay_screen__GB8 PIN 82 TYPE 2 INST gameplay_screen__GB7 PIN 832 TYPE 4 INST gameplay_screen__GB8 PIN 83 TYPE 2 INST gameplay_screen__GB7 PIN 833 TYPE 4
INST gameplay_screen__GB9 PIN 120: INST gameplay_screen__GB7 PIN 834 TYPE 0 GENOME gameplay_screen__GB9 PIN 120
INST gameplay_screen__GB9 PIN 121: INST gameplay_screen__GB7 PIN 835 TYPE 0 GENOME gameplay_screen__GB9 PIN 121
INST gameplay_screen__GB9 PIN 122: INST gameplay_screen__GB7 PIN 836 TYPE 0 GENOME gameplay_screen__GB9 PIN 122
INST gameplay_screen__GB9 PIN 123: INST gameplay_screen__GB7 PIN 837 TYPE 0 GENOME gameplay_screen__GB9 PIN 123
INST gameplay_screen__GB9 PIN 124: INST gameplay_screen__GB7 PIN 838 TYPE 0 GENOME gameplay_screen__GB9 PIN 124
INST gameplay_screen__GB9 PIN 125: INST gameplay_screen__GB7 PIN 839 TYPE 0 GENOME gameplay_screen__GB9 PIN 125
INST gameplay_screen__GB9 PIN 126: INST gameplay_screen__GB7 PIN 840 TYPE 0 GENOME gameplay_screen__GB9 PIN 126
INST gameplay_screen__GB9 PIN 127: INST gameplay_screen__GB7 PIN 841 TYPE 0 GENOME gameplay_screen__GB9 PIN 127
INST gameplay_screen__GB9 PIN 128: INST gameplay_screen__GB9 PIN 129 TYPE 2 INST gameplay_screen__GB7 PIN 843 TYPE 4 INST gameplay_screen__GB9 PIN 130 TYPE 2 INST gameplay_screen__GB7 PIN 844 TYPE 4 INST gameplay_screen__GB9 PIN 131 TYPE 2 INST gameplay_screen__GB7 PIN 845 TYPE 4
INST gameplay_screen__GB8 PIN 120: INST gameplay_screen__GB7 PIN 846 TYPE 0 GENOME gameplay_screen__GB8 PIN 120
INST gameplay_screen__GB8 PIN 121: INST gameplay_screen__GB7 PIN 847 TYPE 0 GENOME gameplay_screen__GB8 PIN 121
INST gameplay_screen__GB8 PIN 122: INST gameplay_screen__GB7 PIN 848 TYPE 0 GENOME gameplay_screen__GB8 PIN 122
INST gameplay_screen__GB8 PIN 123: INST gameplay_screen__GB7 PIN 849 TYPE 0 GENOME gameplay_screen__GB8 PIN 123
INST gameplay_screen__GB8 PIN 124: INST gameplay_screen__GB7 PIN 850 TYPE 0 GENOME gameplay_screen__GB8 PIN 124
INST gameplay_screen__GB8 PIN 125: INST gameplay_screen__GB7 PIN 851 TYPE 0 GENOME gameplay_screen__GB8 PIN 125
INST gameplay_screen__GB8 PIN 126: INST gameplay_screen__GB7 PIN 852 TYPE 0 GENOME gameplay_screen__GB8 PIN 126
INST gameplay_screen__GB8 PIN 127: INST gameplay_screen__GB7 PIN 853 TYPE 0 GENOME gameplay_screen__GB8 PIN 127
INST gameplay_screen__GB8 PIN 128: INST gameplay_screen__GB8 PIN 129 TYPE 2 INST gameplay_screen__GB7 PIN 855 TYPE 4 INST gameplay_screen__GB8 PIN 130 TYPE 2 INST gameplay_screen__GB7 PIN 856 TYPE 4 INST gameplay_screen__GB8 PIN 131 TYPE 2 INST gameplay_screen__GB7 PIN 857 TYPE 4
INST gameplay_screen__GB8 PIN 36: INST gameplay_screen__GB7 PIN 858 TYPE 0 GENOME gameplay_screen__GB8 PIN 36
INST gameplay_screen__GB8 PIN 37: INST gameplay_screen__GB7 PIN 859 TYPE 0 GENOME gameplay_screen__GB8 PIN 37
INST gameplay_screen__GB8 PIN 38: INST gameplay_screen__GB7 PIN 860 TYPE 0 GENOME gameplay_screen__GB8 PIN 38
INST gameplay_screen__GB8 PIN 39: INST gameplay_screen__GB7 PIN 861 TYPE 0 GENOME gameplay_screen__GB8 PIN 39
INST gameplay_screen__GB8 PIN 40: INST gameplay_screen__GB7 PIN 862 TYPE 0 GENOME gameplay_screen__GB8 PIN 40
INST gameplay_screen__GB8 PIN 41: INST gameplay_screen__GB7 PIN 863 TYPE 0 GENOME gameplay_screen__GB8 PIN 41
INST gameplay_screen__GB8 PIN 42: INST gameplay_screen__GB7 PIN 864 TYPE 0 GENOME gameplay_screen__GB8 PIN 42
INST gameplay_screen__GB8 PIN 43: INST gameplay_screen__GB7 PIN 865 TYPE 0 GENOME gameplay_screen__GB8 PIN 43
INST gameplay_screen__GB8 PIN 44: INST gameplay_screen__GB8 PIN 45 TYPE 2 INST gameplay_screen__GB7 PIN 867 TYPE 4 INST gameplay_screen__GB8 PIN 46 TYPE 2 INST gameplay_screen__GB7 PIN 868 TYPE 4 INST gameplay_screen__GB8 PIN 47 TYPE 2 INST gameplay_screen__GB7 PIN 869 TYPE 4
INST gameplay_screen__GB8 PIN 288: INST gameplay_screen__GB7 PIN 870 TYPE 0 GENOME gameplay_screen__GB8 PIN 288
INST gameplay_screen__GB8 PIN 289: INST gameplay_screen__GB7 PIN 871 TYPE 0 GENOME gameplay_screen__GB8 PIN 289
INST gameplay_screen__GB8 PIN 290: INST gameplay_screen__GB7 PIN 872 TYPE 0 GENOME gameplay_screen__GB8 PIN 290
INST gameplay_screen__GB8 PIN 291: INST gameplay_screen__GB7 PIN 873 TYPE 0 GENOME gameplay_screen__GB8 PIN 291
INST gameplay_screen__GB8 PIN 292: INST gameplay_screen__GB7 PIN 874 TYPE 0 GENOME gameplay_screen__GB8 PIN 292
INST gameplay_screen__GB8 PIN 293: INST gameplay_screen__GB7 PIN 875 TYPE 0 GENOME gameplay_screen__GB8 PIN 293
INST gameplay_screen__GB8 PIN 294: INST gameplay_screen__GB7 PIN 876 TYPE 0 GENOME gameplay_screen__GB8 PIN 294
INST gameplay_screen__GB8 PIN 295: INST gameplay_screen__GB7 PIN 877 TYPE 0 GENOME gameplay_screen__GB8 PIN 295
INST gameplay_screen__GB8 PIN 296: INST gameplay_screen__GB8 PIN 297 TYPE 2 INST gameplay_screen__GB7 PIN 879 TYPE 4 INST gameplay_screen__GB8 PIN 298 TYPE 2 INST gameplay_screen__GB7 PIN 880 TYPE 4 INST gameplay_screen__GB8 PIN 299 TYPE 2 INST gameplay_screen__GB7 PIN 881 TYPE 4
INST gameplay_screen__GB8 PIN 132: INST gameplay_screen__GB7 PIN 987 TYPE 0 GENOME gameplay_screen__GB8 PIN 132
INST gameplay_screen__GB8 PIN 133: INST gameplay_screen__GB7 PIN 988 TYPE 0 GENOME gameplay_screen__GB8 PIN 133
INST gameplay_screen__GB8 PIN 134: INST gameplay_screen__GB7 PIN 989 TYPE 0 GENOME gameplay_screen__GB8 PIN 134
INST gameplay_screen__GB8 PIN 135: INST gameplay_screen__GB7 PIN 990 TYPE 0 GENOME gameplay_screen__GB8 PIN 135
INST gameplay_screen__GB8 PIN 136: INST gameplay_screen__GB7 PIN 991 TYPE 0 GENOME gameplay_screen__GB8 PIN 136
INST gameplay_screen__GB8 PIN 137: INST gameplay_screen__GB7 PIN 992 TYPE 0 GENOME gameplay_screen__GB8 PIN 137
INST gameplay_screen__GB8 PIN 138: INST gameplay_screen__GB7 PIN 993 TYPE 0 GENOME gameplay_screen__GB8 PIN 138
INST gameplay_screen__GB8 PIN 139: INST gameplay_screen__GB7 PIN 994 TYPE 0 GENOME gameplay_screen__GB8 PIN 139
INST gameplay_screen__GB8 PIN 140: INST gameplay_screen__GB8 PIN 141 TYPE 2 INST gameplay_screen__GB7 PIN 996 TYPE 4 INST gameplay_screen__GB8 PIN 142 TYPE 2 INST gameplay_screen__GB7 PIN 997 TYPE 4 INST gameplay_screen__GB8 PIN 143 TYPE 2 INST gameplay_screen__GB7 PIN 998 TYPE 4
INST gameplay_screen__GB8 PIN 24: INST gameplay_screen__GB7 PIN 999 TYPE 0 GENOME gameplay_screen__GB8 PIN 24
INST gameplay_screen__GB8 PIN 25: INST gameplay_screen__GB7 PIN 1000 TYPE 0 GENOME gameplay_screen__GB8 PIN 25
INST gameplay_screen__GB8 PIN 26: INST gameplay_screen__GB7 PIN 1001 TYPE 0 GENOME gameplay_screen__GB8 PIN 26
INST gameplay_screen__GB8 PIN 27: INST gameplay_screen__GB7 PIN 1002 TYPE 0 GENOME gameplay_screen__GB8 PIN 27
INST gameplay_screen__GB8 PIN 28: INST gameplay_screen__GB7 PIN 1003 TYPE 0 GENOME gameplay_screen__GB8 PIN 28
INST gameplay_screen__GB8 PIN 29: INST gameplay_screen__GB7 PIN 1004 TYPE 0 GENOME gameplay_screen__GB8 PIN 29
INST gameplay_screen__GB8 PIN 30: INST gameplay_screen__GB7 PIN 1005 TYPE 0 GENOME gameplay_screen__GB8 PIN 30
INST gameplay_screen__GB8 PIN 31: INST gameplay_screen__GB7 PIN 1006 TYPE 0 GENOME gameplay_screen__GB8 PIN 31
INST gameplay_screen__GB8 PIN 32: INST gameplay_screen__GB8 PIN 33 TYPE 2 INST gameplay_screen__GB7 PIN 1008 TYPE 4 INST gameplay_screen__GB8 PIN 34 TYPE 2 INST gameplay_screen__GB7 PIN 1009 TYPE 4 INST gameplay_screen__GB8 PIN 35 TYPE 2 INST gameplay_screen__GB7 PIN 1010 TYPE 4
INST gameplay_screen__GB9 PIN 0: INST gameplay_screen__GB7 PIN 1011 TYPE 0 GENOME gameplay_screen__GB9 PIN 0
INST gameplay_screen__GB9 PIN 1: INST gameplay_screen__GB7 PIN 1012 TYPE 0 GENOME gameplay_screen__GB9 PIN 1
INST gameplay_screen__GB9 PIN 2: INST gameplay_screen__GB7 PIN 1013 TYPE 0 GENOME gameplay_screen__GB9 PIN 2
INST gameplay_screen__GB9 PIN 3: INST gameplay_screen__GB7 PIN 1014 TYPE 0 GENOME gameplay_screen__GB9 PIN 3
INST gameplay_screen__GB9 PIN 4: INST gameplay_screen__GB7 PIN 1015 TYPE 0 GENOME gameplay_screen__GB9 PIN 4
INST gameplay_screen__GB9 PIN 5: INST gameplay_screen__GB7 PIN 1016 TYPE 0 GENOME gameplay_screen__GB9 PIN 5
INST gameplay_screen__GB9 PIN 6: INST gameplay_screen__GB7 PIN 1017 TYPE 0 GENOME gameplay_screen__GB9 PIN 6
INST gameplay_screen__GB9 PIN 7: INST gameplay_screen__GB7 PIN 1018 TYPE 0 GENOME gameplay_screen__GB9 PIN 7
INST gameplay_screen__GB9 PIN 8: INST gameplay_screen__GB9 PIN 9 TYPE 2 INST gameplay_screen__GB7 PIN 1020 TYPE 4 INST gameplay_screen__GB9 PIN 10 TYPE 2 INST gameplay_screen__GB7 PIN 1021 TYPE 4 INST gameplay_screen__GB9 PIN 11 TYPE 2 INST gameplay_screen__GB7 PIN 1022 TYPE 4
INST gameplay_screen__GB8 PIN 9: GENOME gameplay_screen__GB8 PIN 9
INST gameplay_screen__GB8 PIN 10: GENOME gameplay_screen__GB8 PIN 10
INST gameplay_screen__GB8 PIN 11: GENOME gameplay_screen__GB8 PIN 11
INST gameplay_screen__GB8 PIN 21: GENOME gameplay_screen__GB8 PIN 21
INST gameplay_screen__GB8 PIN 22: GENOME gameplay_screen__GB8 PIN 22
INST gameplay_screen__GB8 PIN 23: GENOME gameplay_screen__GB8 PIN 23
INST gameplay_screen__GB8 PIN 33: GENOME gameplay_screen__GB8 PIN 33
INST gameplay_screen__GB8 PIN 34: GENOME gameplay_screen__GB8 PIN 34
INST gameplay_screen__GB8 PIN 35: GENOME gameplay_screen__GB8 PIN 35
INST gameplay_screen__GB8 PIN 45: GENOME gameplay_screen__GB8 PIN 45
INST gameplay_screen__GB8 PIN 46: GENOME gameplay_screen__GB8 PIN 46
INST gameplay_screen__GB8 PIN 47: GENOME gameplay_screen__GB8 PIN 47
INST gameplay_screen__GB8 PIN 57: GENOME gameplay_screen__GB8 PIN 57
INST gameplay_screen__GB8 PIN 58: GENOME gameplay_screen__GB8 PIN 58
INST gameplay_screen__GB8 PIN 59: GENOME gameplay_screen__GB8 PIN 59
INST gameplay_screen__GB8 PIN 69: GENOME gameplay_screen__GB8 PIN 69
INST gameplay_screen__GB8 PIN 70: GENOME gameplay_screen__GB8 PIN 70
INST gameplay_screen__GB8 PIN 71: GENOME gameplay_screen__GB8 PIN 71
INST gameplay_screen__GB8 PIN 81: GENOME gameplay_screen__GB8 PIN 81
INST gameplay_screen__GB8 PIN 82: GENOME gameplay_screen__GB8 PIN 82
INST gameplay_screen__GB8 PIN 83: GENOME gameplay_screen__GB8 PIN 83
INST gameplay_screen__GB8 PIN 93: GENOME gameplay_screen__GB8 PIN 93
INST gameplay_screen__GB8 PIN 94: GENOME gameplay_screen__GB8 PIN 94
INST gameplay_screen__GB8 PIN 95: GENOME gameplay_screen__GB8 PIN 95
INST gameplay_screen__GB8 PIN 105: GENOME gameplay_screen__GB8 PIN 105
INST gameplay_screen__GB8 PIN 106: GENOME gameplay_screen__GB8 PIN 106
INST gameplay_screen__GB8 PIN 107: GENOME gameplay_screen__GB8 PIN 107
INST gameplay_screen__GB8 PIN 117: GENOME gameplay_screen__GB8 PIN 117
INST gameplay_screen__GB8 PIN 118: GENOME gameplay_screen__GB8 PIN 118
INST gameplay_screen__GB8 PIN 119: GENOME gameplay_screen__GB8 PIN 119
INST gameplay_screen__GB8 PIN 129: GENOME gameplay_screen__GB8 PIN 129
INST gameplay_screen__GB8 PIN 130: GENOME gameplay_screen__GB8 PIN 130
INST gameplay_screen__GB8 PIN 131: GENOME gameplay_screen__GB8 PIN 131
INST gameplay_screen__GB8 PIN 141: GENOME gameplay_screen__GB8 PIN 141
INST gameplay_screen__GB8 PIN 142: GENOME gameplay_screen__GB8 PIN 142
INST gameplay_screen__GB8 PIN 143: GENOME gameplay_screen__GB8 PIN 143
INST gameplay_screen__GB8 PIN 145: GENOME gameplay_screen__GB8 PIN 145
INST gameplay_screen__GB8 PIN 146: GENOME gameplay_screen__GB8 PIN 146
INST gameplay_screen__GB8 PIN 147: GENOME gameplay_screen__GB8 PIN 147
INST gameplay_screen__GB8 PIN 157: GENOME gameplay_screen__GB8 PIN 157
INST gameplay_screen__GB8 PIN 158: GENOME gameplay_screen__GB8 PIN 158
INST gameplay_screen__GB8 PIN 159: GENOME gameplay_screen__GB8 PIN 159
INST gameplay_screen__GB8 PIN 169: GENOME gameplay_screen__GB8 PIN 169
INST gameplay_screen__GB8 PIN 170: GENOME gameplay_screen__GB8 PIN 170
INST gameplay_screen__GB8 PIN 171: GENOME gameplay_screen__GB8 PIN 171
INST gameplay_screen__GB8 PIN 181: GENOME gameplay_screen__GB8 PIN 181
INST gameplay_screen__GB8 PIN 182: GENOME gameplay_screen__GB8 PIN 182
INST gameplay_screen__GB8 PIN 183: GENOME gameplay_screen__GB8 PIN 183
INST gameplay_screen__GB8 PIN 193: GENOME gameplay_screen__GB8 PIN 193
INST gameplay_screen__GB8 PIN 194: GENOME gameplay_screen__GB8 PIN 194
INST gameplay_screen__GB8 PIN 195: GENOME gameplay_screen__GB8 PIN 195
INST gameplay_screen__GB8 PIN 205: GENOME gameplay_screen__GB8 PIN 205
INST gameplay_screen__GB8 PIN 206: GENOME gameplay_screen__GB8 PIN 206
INST gameplay_screen__GB8 PIN 207: GENOME gameplay_screen__GB8 PIN 207
INST gameplay_screen__GB8 PIN 217: GENOME gameplay_screen__GB8 PIN 217
INST gameplay_screen__GB8 PIN 218: GENOME gameplay_screen__GB8 PIN 218
INST gameplay_screen__GB8 PIN 219: GENOME gameplay_screen__GB8 PIN 219
INST gameplay_screen__GB8 PIN 229: GENOME gameplay_screen__GB8 PIN 229
INST gameplay_screen__GB8 PIN 230: GENOME gameplay_screen__GB8 PIN 230
INST gameplay_screen__GB8 PIN 231: GENOME gameplay_screen__GB8 PIN 231
INST gameplay_screen__GB8 PIN 241: GENOME gameplay_screen__GB8 PIN 241
INST gameplay_screen__GB8 PIN 242: GENOME gameplay_screen__GB8 PIN 242
INST gameplay_screen__GB8 PIN 243: GENOME gameplay_screen__GB8 PIN 243
INST gameplay_screen__GB8 PIN 253: GENOME gameplay_screen__GB8 PIN 253
INST gameplay_screen__GB8 PIN 254: GENOME gameplay_screen__GB8 PIN 254
INST gameplay_screen__GB8 PIN 255: GENOME gameplay_screen__GB8 PIN 255
INST gameplay_screen__GB8 PIN 265: GENOME gameplay_screen__GB8 PIN 265
INST gameplay_screen__GB8 PIN 266: GENOME gameplay_screen__GB8 PIN 266
INST gameplay_screen__GB8 PIN 267: GENOME gameplay_screen__GB8 PIN 267
INST gameplay_screen__GB8 PIN 277: GENOME gameplay_screen__GB8 PIN 277
INST gameplay_screen__GB8 PIN 278: GENOME gameplay_screen__GB8 PIN 278
INST gameplay_screen__GB8 PIN 279: GENOME gameplay_screen__GB8 PIN 279
INST gameplay_screen__GB8 PIN 297: GENOME gameplay_screen__GB8 PIN 297
INST gameplay_screen__GB8 PIN 298: GENOME gameplay_screen__GB8 PIN 298
INST gameplay_screen__GB8 PIN 299: GENOME gameplay_screen__GB8 PIN 299
INST gameplay_screen__GB8 PIN 301: GENOME gameplay_screen__GB8 PIN 301
INST gameplay_screen__GB8 PIN 302: GENOME gameplay_screen__GB8 PIN 302
INST gameplay_screen__GB8 PIN 303: GENOME gameplay_screen__GB8 PIN 303
INST gameplay_screen__GB8 PIN 313: GENOME gameplay_screen__GB8 PIN 313
INST gameplay_screen__GB8 PIN 314: GENOME gameplay_screen__GB8 PIN 314
INST gameplay_screen__GB8 PIN 315: GENOME gameplay_screen__GB8 PIN 315
INST gameplay_screen__GB9 PIN 9: GENOME gameplay_screen__GB9 PIN 9
INST gameplay_screen__GB9 PIN 10: GENOME gameplay_screen__GB9 PIN 10
INST gameplay_screen__GB9 PIN 11: GENOME gameplay_screen__GB9 PIN 11
INST gameplay_screen__GB9 PIN 13: GENOME gameplay_screen__GB9 PIN 13
INST gameplay_screen__GB9 PIN 14: GENOME gameplay_screen__GB9 PIN 14
INST gameplay_screen__GB9 PIN 15: GENOME gameplay_screen__GB9 PIN 15
INST gameplay_screen__GB9 PIN 33: GENOME gameplay_screen__GB9 PIN 33
INST gameplay_screen__GB9 PIN 34: GENOME gameplay_screen__GB9 PIN 34
INST gameplay_screen__GB9 PIN 35: GENOME gameplay_screen__GB9 PIN 35
INST gameplay_screen__GB9 PIN 37: GENOME gameplay_screen__GB9 PIN 37
INST gameplay_screen__GB9 PIN 38: GENOME gameplay_screen__GB9 PIN 38
INST gameplay_screen__GB9 PIN 39: GENOME gameplay_screen__GB9 PIN 39
INST gameplay_screen__GB9 PIN 57: GENOME gameplay_screen__GB9 PIN 57
INST gameplay_screen__GB9 PIN 58: GENOME gameplay_screen__GB9 PIN 58
INST gameplay_screen__GB9 PIN 59: GENOME gameplay_screen__GB9 PIN 59
INST gameplay_screen__GB9 PIN 69: GENOME gameplay_screen__GB9 PIN 69
INST gameplay_screen__GB9 PIN 70: GENOME gameplay_screen__GB9 PIN 70
INST gameplay_screen__GB9 PIN 71: GENOME gameplay_screen__GB9 PIN 71
INST gameplay_screen__GB9 PIN 73: GENOME gameplay_screen__GB9 PIN 73
INST gameplay_screen__GB9 PIN 74: GENOME gameplay_screen__GB9 PIN 74
INST gameplay_screen__GB9 PIN 75: GENOME gameplay_screen__GB9 PIN 75
INST gameplay_screen__GB9 PIN 93: GENOME gameplay_screen__GB9 PIN 93
INST gameplay_screen__GB9 PIN 94: GENOME gameplay_screen__GB9 PIN 94
INST gameplay_screen__GB9 PIN 95: GENOME gameplay_screen__GB9 PIN 95
INST gameplay_screen__GB9 PIN 97: GENOME gameplay_screen__GB9 PIN 97
INST gameplay_screen__GB9 PIN 98: GENOME gameplay_screen__GB9 PIN 98
INST gameplay_screen__GB9 PIN 99: GENOME gameplay_screen__GB9 PIN 99
INST gameplay_screen__GB9 PIN 117: GENOME gameplay_screen__GB9 PIN 117
INST gameplay_screen__GB9 PIN 118: GENOME gameplay_screen__GB9 PIN 118
INST gameplay_screen__GB9 PIN 119: GENOME gameplay_screen__GB9 PIN 119
INST gameplay_screen__GB9 PIN 129: GENOME gameplay_screen__GB9 PIN 129
INST gameplay_screen__GB9 PIN 130: GENOME gameplay_screen__GB9 PIN 130
INST gameplay_screen__GB9 PIN 131: GENOME gameplay_screen__GB9 PIN 131
INST gameplay_screen__GB9 PIN 141: GENOME gameplay_screen__GB9 PIN 141
INST gameplay_screen__GB9 PIN 142: GENOME gameplay_screen__GB9 PIN 142
INST gameplay_screen__GB9 PIN 143: GENOME gameplay_screen__GB9 PIN 143
INST gameplay_screen__GB9 PIN 145: GENOME gameplay_screen__GB9 PIN 145
INST gameplay_screen__GB9 PIN 146: GENOME gameplay_screen__GB9 PIN 146
INST gameplay_screen__GB9 PIN 147: GENOME gameplay_screen__GB9 PIN 147
INST gameplay_screen__GB9 PIN 165: GENOME gameplay_screen__GB9 PIN 165
INST gameplay_screen__GB9 PIN 166: GENOME gameplay_screen__GB9 PIN 166
INST gameplay_screen__GB9 PIN 167: GENOME gameplay_screen__GB9 PIN 167
INST gameplay_screen__GB9 PIN 169: GENOME gameplay_screen__GB9 PIN 169
INST gameplay_screen__GB9 PIN 170: GENOME gameplay_screen__GB9 PIN 170
INST gameplay_screen__GB9 PIN 171: GENOME gameplay_screen__GB9 PIN 171
INST gameplay_screen__GB9 PIN 189: GENOME gameplay_screen__GB9 PIN 189
INST gameplay_screen__GB9 PIN 190: GENOME gameplay_screen__GB9 PIN 190
INST gameplay_screen__GB9 PIN 191: GENOME gameplay_screen__GB9 PIN 191
INST gameplay_screen__GB9 PIN 193: GENOME gameplay_screen__GB9 PIN 193
INST gameplay_screen__GB9 PIN 194: GENOME gameplay_screen__GB9 PIN 194
INST gameplay_screen__GB9 PIN 195: GENOME gameplay_screen__GB9 PIN 195
INST gameplay_screen__GB9 PIN 213: GENOME gameplay_screen__GB9 PIN 213
INST gameplay_screen__GB9 PIN 214: GENOME gameplay_screen__GB9 PIN 214
INST gameplay_screen__GB9 PIN 215: GENOME gameplay_screen__GB9 PIN 215
INST gameplay_screen__GB9 PIN 217: GENOME gameplay_screen__GB9 PIN 217
INST gameplay_screen__GB9 PIN 218: GENOME gameplay_screen__GB9 PIN 218
INST gameplay_screen__GB9 PIN 219: GENOME gameplay_screen__GB9 PIN 219
INST gameplay_screen__GB9 PIN 237: GENOME gameplay_screen__GB9 PIN 237
INST gameplay_screen__GB9 PIN 238: GENOME gameplay_screen__GB9 PIN 238
INST gameplay_screen__GB9 PIN 239: GENOME gameplay_screen__GB9 PIN 239
INST gameplay_screen__GB9 PIN 241: GENOME gameplay_screen__GB9 PIN 241
INST gameplay_screen__GB9 PIN 242: GENOME gameplay_screen__GB9 PIN 242
INST gameplay_screen__GB9 PIN 243: GENOME gameplay_screen__GB9 PIN 243
INST gameplay_screen__GB9 PIN 253: GENOME gameplay_screen__GB9 PIN 253
INST gameplay_screen__GB9 PIN 254: GENOME gameplay_screen__GB9 PIN 254
INST gameplay_screen__GB9 PIN 255: GENOME gameplay_screen__GB9 PIN 255
INST gameplay_screen__GB9 PIN 265: GENOME gameplay_screen__GB9 PIN 265
INST gameplay_screen__GB9 PIN 266: GENOME gameplay_screen__GB9 PIN 266
INST gameplay_screen__GB9 PIN 267: GENOME gameplay_screen__GB9 PIN 267
INST gameplay_screen__GB9 PIN 268: GENOME gameplay_screen__GB9 PIN 268
INST gameplay_screen__GB9 PIN 269: GENOME gameplay_screen__GB9 PIN 269
INST gameplay_screen__GB9 PIN 270: GENOME gameplay_screen__GB9 PIN 270
INST gameplay_screen__GB9 PIN 271: GENOME gameplay_screen__GB9 PIN 271
INST gameplay_screen__GB9 PIN 272: GENOME gameplay_screen__GB9 PIN 272
INST gameplay_screen__GB9 PIN 273: GENOME gameplay_screen__GB9 PIN 273
INST gameplay_screen__GB9 PIN 274: GENOME gameplay_screen__GB9 PIN 274
INST gameplay_screen__GB9 PIN 275: GENOME gameplay_screen__GB9 PIN 275
INST top_level__GC0 PIN 65: GENOME top_level__GC0 PIN 65 INST top_level__GC0 PIN 38 TYPE 5
INST top_level__GC0 PIN 38: GENOME top_level__GC0 PIN 38
INST top_level__GC0 PIN 66: GENOME top_level__GC0 PIN 66 INST top_level__GC0 PIN 37 TYPE 5
INST top_level__GC0 PIN 37: GENOME top_level__GC0 PIN 37
INST top_level__GC0 PIN 67: GENOME top_level__GC0 PIN 67 INST top_level__GC0 PIN 39 TYPE 5
INST top_level__GC0 PIN 39: GENOME top_level__GC0 PIN 39
GENOME NON_GENOME PIN 65: GENOME NON_GENOME PIN 38
GENOME NON_GENOME PIN 66: GENOME NON_GENOME PIN 37
GENOME NON_GENOME PIN 67: GENOME NON_GENOME PIN 39
INST top_level__GC0 PIN 6: INST NON_GENOME PIN 14 TYPE 0 GENOME top_level__GC0 PIN 6
INST top_level__GC0 PIN 5: INST NON_GENOME PIN 15 TYPE 0 GENOME top_level__GC0 PIN 5
INST top_level__GC0 PIN 4: INST NON_GENOME PIN 16 TYPE 0 GENOME top_level__GC0 PIN 4
INST top_level__GC0 PIN 3: INST NON_GENOME PIN 17 TYPE 0 GENOME top_level__GC0 PIN 3
INST top_level__GC0 PIN 2: INST NON_GENOME PIN 18 TYPE 0 GENOME top_level__GC0 PIN 2
INST top_level__GC0 PIN 1: INST NON_GENOME PIN 19 TYPE 0 GENOME top_level__GC0 PIN 1
INST top_level__GC0 PIN 0: INST NON_GENOME PIN 20 TYPE 1 GENOME top_level__GC0 PIN 0
