GENOME NON_GENOME PIN 53: GENOME NON_GENOME PIN 54 GENOME NON_GENOME PIN 55 GENOME NON_GENOME PIN 56
GENOME NON_GENOME PIN 54: GENOME NON_GENOME PIN 53
GENOME NON_GENOME PIN 55: GENOME NON_GENOME PIN 53
GENOME NON_GENOME PIN 56: GENOME NON_GENOME PIN 53 GENOME NON_GENOME PIN 57 GENOME NON_GENOME PIN 58 GENOME NON_GENOME PIN 59
GENOME NON_GENOME PIN 65: GENOME NON_GENOME PIN 66 GENOME NON_GENOME PIN 67 GENOME NON_GENOME PIN 68 GENOME NON_GENOME PIN 37
GENOME NON_GENOME PIN 66: GENOME NON_GENOME PIN 65 GENOME NON_GENOME PIN 39
GENOME NON_GENOME PIN 67: GENOME NON_GENOME PIN 65
GENOME NON_GENOME PIN 68: GENOME NON_GENOME PIN 65 GENOME NON_GENOME PIN 69 GENOME NON_GENOME PIN 70 GENOME NON_GENOME PIN 71
GENOME NON_GENOME PIN 119: GENOME NON_GENOME PIN 120 GENOME NON_GENOME PIN 121 GENOME NON_GENOME PIN 122 GENOME NON_GENOME PIN 123 GENOME NON_GENOME PIN 124 GENOME NON_GENOME PIN 125 GENOME NON_GENOME PIN 126 GENOME NON_GENOME PIN 127 GENOME NON_GENOME PIN 128 GENOME NON_GENOME PIN 129 GENOME NON_GENOME PIN 130 GENOME NON_GENOME PIN 118
GENOME NON_GENOME PIN 120: GENOME NON_GENOME PIN 119 GENOME NON_GENOME PIN 118
GENOME NON_GENOME PIN 121: GENOME NON_GENOME PIN 119 GENOME NON_GENOME PIN 118
GENOME NON_GENOME PIN 122: GENOME NON_GENOME PIN 119
GENOME NON_GENOME PIN 123: GENOME NON_GENOME PIN 119
GENOME NON_GENOME PIN 124: GENOME NON_GENOME PIN 119
GENOME NON_GENOME PIN 125: GENOME NON_GENOME PIN 119
GENOME NON_GENOME PIN 126: GENOME NON_GENOME PIN 119
GENOME NON_GENOME PIN 127: GENOME NON_GENOME PIN 119
GENOME NON_GENOME PIN 128: GENOME NON_GENOME PIN 119
GENOME NON_GENOME PIN 129: GENOME NON_GENOME PIN 119
GENOME NON_GENOME PIN 130: GENOME NON_GENOME PIN 119
GENOME NON_GENOME PIN 131: GENOME NON_GENOME PIN 132 GENOME NON_GENOME PIN 133 GENOME NON_GENOME PIN 134
GENOME NON_GENOME PIN 132: GENOME NON_GENOME PIN 131
GENOME NON_GENOME PIN 133: GENOME NON_GENOME PIN 131
GENOME NON_GENOME PIN 134: GENOME NON_GENOME PIN 131
GENOME NON_GENOME PIN 143: GENOME NON_GENOME PIN 144 GENOME NON_GENOME PIN 145 GENOME NON_GENOME PIN 146 GENOME NON_GENOME PIN 142
GENOME NON_GENOME PIN 144: GENOME NON_GENOME PIN 143 GENOME NON_GENOME PIN 142
GENOME NON_GENOME PIN 145: GENOME NON_GENOME PIN 143 GENOME NON_GENOME PIN 142
GENOME NON_GENOME PIN 146: GENOME NON_GENOME PIN 143
GENOME NON_GENOME PIN 163: GENOME NON_GENOME PIN 164 GENOME NON_GENOME PIN 165 GENOME NON_GENOME PIN 166
GENOME NON_GENOME PIN 164: GENOME NON_GENOME PIN 163
GENOME NON_GENOME PIN 165: GENOME NON_GENOME PIN 163
GENOME NON_GENOME PIN 166: GENOME NON_GENOME PIN 163 GENOME NON_GENOME PIN 167 GENOME NON_GENOME PIN 168 GENOME NON_GENOME PIN 169
GENOME NON_GENOME PIN 175: GENOME NON_GENOME PIN 176 GENOME NON_GENOME PIN 177 GENOME NON_GENOME PIN 178
GENOME NON_GENOME PIN 176: GENOME NON_GENOME PIN 175
GENOME NON_GENOME PIN 177: GENOME NON_GENOME PIN 175
GENOME NON_GENOME PIN 178: GENOME NON_GENOME PIN 175 GENOME NON_GENOME PIN 179 GENOME NON_GENOME PIN 180 GENOME NON_GENOME PIN 181
GENOME NON_GENOME PIN 179: GENOME NON_GENOME PIN 180 GENOME NON_GENOME PIN 181 GENOME NON_GENOME PIN 182 GENOME NON_GENOME PIN 178
GENOME NON_GENOME PIN 180: GENOME NON_GENOME PIN 179 GENOME NON_GENOME PIN 178
GENOME NON_GENOME PIN 181: GENOME NON_GENOME PIN 179 GENOME NON_GENOME PIN 178
GENOME NON_GENOME PIN 182: GENOME NON_GENOME PIN 179
GENOME NON_GENOME PIN 191: GENOME NON_GENOME PIN 192 GENOME NON_GENOME PIN 193 GENOME NON_GENOME PIN 194 GENOME NON_GENOME PIN 190
GENOME NON_GENOME PIN 192: GENOME NON_GENOME PIN 191 GENOME NON_GENOME PIN 190
GENOME NON_GENOME PIN 193: GENOME NON_GENOME PIN 191 GENOME NON_GENOME PIN 190
GENOME NON_GENOME PIN 194: GENOME NON_GENOME PIN 191 GENOME NON_GENOME PIN 190
GENOME NON_GENOME PIN 211: GENOME NON_GENOME PIN 212 GENOME NON_GENOME PIN 213 GENOME NON_GENOME PIN 214 GENOME NON_GENOME PIN 210
GENOME NON_GENOME PIN 212: GENOME NON_GENOME PIN 211 GENOME NON_GENOME PIN 210
GENOME NON_GENOME PIN 213: GENOME NON_GENOME PIN 211 GENOME NON_GENOME PIN 210
GENOME NON_GENOME PIN 214: GENOME NON_GENOME PIN 211 GENOME NON_GENOME PIN 215 GENOME NON_GENOME PIN 216 GENOME NON_GENOME PIN 217 GENOME NON_GENOME PIN 218 GENOME NON_GENOME PIN 219 GENOME NON_GENOME PIN 220 GENOME NON_GENOME PIN 221 GENOME NON_GENOME PIN 222 GENOME NON_GENOME PIN 223 GENOME NON_GENOME PIN 224 GENOME NON_GENOME PIN 225
GENOME NON_GENOME PIN 223: GENOME NON_GENOME PIN 224 GENOME NON_GENOME PIN 225 GENOME NON_GENOME PIN 226 GENOME NON_GENOME PIN 214
GENOME NON_GENOME PIN 224: GENOME NON_GENOME PIN 223 GENOME NON_GENOME PIN 214
GENOME NON_GENOME PIN 225: GENOME NON_GENOME PIN 223 GENOME NON_GENOME PIN 214
GENOME NON_GENOME PIN 226: GENOME NON_GENOME PIN 223 GENOME NON_GENOME PIN 227 GENOME NON_GENOME PIN 228 GENOME NON_GENOME PIN 229
GENOME NON_GENOME PIN 227: GENOME NON_GENOME PIN 228 GENOME NON_GENOME PIN 229 GENOME NON_GENOME PIN 230 GENOME NON_GENOME PIN 226
GENOME NON_GENOME PIN 228: GENOME NON_GENOME PIN 227 GENOME NON_GENOME PIN 226
GENOME NON_GENOME PIN 229: GENOME NON_GENOME PIN 227 GENOME NON_GENOME PIN 226
GENOME NON_GENOME PIN 230: GENOME NON_GENOME PIN 227
GENOME NON_GENOME PIN 239: GENOME NON_GENOME PIN 240 GENOME NON_GENOME PIN 241 GENOME NON_GENOME PIN 242 GENOME NON_GENOME PIN 238
GENOME NON_GENOME PIN 240: GENOME NON_GENOME PIN 239 GENOME NON_GENOME PIN 238
GENOME NON_GENOME PIN 241: GENOME NON_GENOME PIN 239 GENOME NON_GENOME PIN 238
GENOME NON_GENOME PIN 242: GENOME NON_GENOME PIN 239 GENOME NON_GENOME PIN 238
GENOME NON_GENOME PIN 259: GENOME NON_GENOME PIN 260 GENOME NON_GENOME PIN 261 GENOME NON_GENOME PIN 262 GENOME NON_GENOME PIN 258
GENOME NON_GENOME PIN 260: GENOME NON_GENOME PIN 259 GENOME NON_GENOME PIN 258
GENOME NON_GENOME PIN 261: GENOME NON_GENOME PIN 259 GENOME NON_GENOME PIN 258
GENOME NON_GENOME PIN 262: GENOME NON_GENOME PIN 259 GENOME NON_GENOME PIN 263 GENOME NON_GENOME PIN 264 GENOME NON_GENOME PIN 265
GENOME NON_GENOME PIN 271: GENOME NON_GENOME PIN 272 GENOME NON_GENOME PIN 273 GENOME NON_GENOME PIN 274
GENOME NON_GENOME PIN 272: GENOME NON_GENOME PIN 271
GENOME NON_GENOME PIN 273: GENOME NON_GENOME PIN 271
GENOME NON_GENOME PIN 274: GENOME NON_GENOME PIN 271
GENOME NON_GENOME PIN 275: GENOME NON_GENOME PIN 276 GENOME NON_GENOME PIN 277 GENOME NON_GENOME PIN 278
GENOME NON_GENOME PIN 276: GENOME NON_GENOME PIN 275
GENOME NON_GENOME PIN 277: GENOME NON_GENOME PIN 275
GENOME NON_GENOME PIN 278: GENOME NON_GENOME PIN 275
GENOME NON_GENOME PIN 287: GENOME NON_GENOME PIN 288 GENOME NON_GENOME PIN 289 GENOME NON_GENOME PIN 290 GENOME NON_GENOME PIN 286
GENOME NON_GENOME PIN 288: GENOME NON_GENOME PIN 287 GENOME NON_GENOME PIN 286
GENOME NON_GENOME PIN 289: GENOME NON_GENOME PIN 287 GENOME NON_GENOME PIN 286
GENOME NON_GENOME PIN 290: GENOME NON_GENOME PIN 287 GENOME NON_GENOME PIN 286
GENOME NON_GENOME PIN 307: GENOME NON_GENOME PIN 308 GENOME NON_GENOME PIN 309 GENOME NON_GENOME PIN 310 GENOME NON_GENOME PIN 298
GENOME NON_GENOME PIN 308: GENOME NON_GENOME PIN 307 GENOME NON_GENOME PIN 298
GENOME NON_GENOME PIN 309: GENOME NON_GENOME PIN 307 GENOME NON_GENOME PIN 298
GENOME NON_GENOME PIN 310: GENOME NON_GENOME PIN 307 GENOME NON_GENOME PIN 311 GENOME NON_GENOME PIN 312 GENOME NON_GENOME PIN 313 GENOME NON_GENOME PIN 314 GENOME NON_GENOME PIN 315 GENOME NON_GENOME PIN 316 GENOME NON_GENOME PIN 317 GENOME NON_GENOME PIN 318 GENOME NON_GENOME PIN 319 GENOME NON_GENOME PIN 320 GENOME NON_GENOME PIN 321
GENOME NON_GENOME PIN 319: GENOME NON_GENOME PIN 320 GENOME NON_GENOME PIN 321 GENOME NON_GENOME PIN 322 GENOME NON_GENOME PIN 310
GENOME NON_GENOME PIN 320: GENOME NON_GENOME PIN 319 GENOME NON_GENOME PIN 310
GENOME NON_GENOME PIN 321: GENOME NON_GENOME PIN 319 GENOME NON_GENOME PIN 310
GENOME NON_GENOME PIN 322: GENOME NON_GENOME PIN 319
GENOME NON_GENOME PIN 8: GENOME NON_GENOME PIN 9 GENOME NON_GENOME PIN 10 GENOME NON_GENOME PIN 11
GENOME NON_GENOME PIN 9: GENOME NON_GENOME PIN 8
GENOME NON_GENOME PIN 10: GENOME NON_GENOME PIN 8
GENOME NON_GENOME PIN 11: GENOME NON_GENOME PIN 8
GENOME NON_GENOME PIN 12: GENOME NON_GENOME PIN 13 GENOME NON_GENOME PIN 14 GENOME NON_GENOME PIN 15
GENOME NON_GENOME PIN 13: GENOME NON_GENOME PIN 12
GENOME NON_GENOME PIN 14: GENOME NON_GENOME PIN 12
GENOME NON_GENOME PIN 15: GENOME NON_GENOME PIN 12
GENOME NON_GENOME PIN 32: GENOME NON_GENOME PIN 33 GENOME NON_GENOME PIN 34 GENOME NON_GENOME PIN 35
GENOME NON_GENOME PIN 33: GENOME NON_GENOME PIN 32
GENOME NON_GENOME PIN 34: GENOME NON_GENOME PIN 32
GENOME NON_GENOME PIN 35: GENOME NON_GENOME PIN 32
GENOME NON_GENOME PIN 36: GENOME NON_GENOME PIN 37 GENOME NON_GENOME PIN 38 GENOME NON_GENOME PIN 39
GENOME NON_GENOME PIN 37: GENOME NON_GENOME PIN 36 GENOME NON_GENOME PIN 65
GENOME NON_GENOME PIN 38: GENOME NON_GENOME PIN 36 GENOME NON_GENOME PIN 64
GENOME NON_GENOME PIN 39: GENOME NON_GENOME PIN 36 GENOME NON_GENOME PIN 66
GENOME NON_GENOME PIN 57: GENOME NON_GENOME PIN 56
GENOME NON_GENOME PIN 58: GENOME NON_GENOME PIN 56
GENOME NON_GENOME PIN 59: GENOME NON_GENOME PIN 56
GENOME NON_GENOME PIN 69: GENOME NON_GENOME PIN 68
GENOME NON_GENOME PIN 70: GENOME NON_GENOME PIN 68
GENOME NON_GENOME PIN 71: GENOME NON_GENOME PIN 68
GENOME NON_GENOME PIN 72: GENOME NON_GENOME PIN 73 GENOME NON_GENOME PIN 74 GENOME NON_GENOME PIN 75
GENOME NON_GENOME PIN 73: GENOME NON_GENOME PIN 72
GENOME NON_GENOME PIN 74: GENOME NON_GENOME PIN 72
GENOME NON_GENOME PIN 75: GENOME NON_GENOME PIN 72
GENOME NON_GENOME PIN 91: GENOME NON_GENOME PIN 102
GENOME NON_GENOME PIN 102: GENOME NON_GENOME PIN 91
GENOME NON_GENOME PIN 92: GENOME NON_GENOME PIN 103
GENOME NON_GENOME PIN 103: GENOME NON_GENOME PIN 92
GENOME NON_GENOME PIN 93: GENOME NON_GENOME PIN 104
GENOME NON_GENOME PIN 104: GENOME NON_GENOME PIN 93
GENOME NON_GENOME PIN 114: GENOME NON_GENOME PIN 115 GENOME NON_GENOME PIN 116 GENOME NON_GENOME PIN 117
GENOME NON_GENOME PIN 115: GENOME NON_GENOME PIN 114
GENOME NON_GENOME PIN 116: GENOME NON_GENOME PIN 114
GENOME NON_GENOME PIN 117: GENOME NON_GENOME PIN 114
GENOME NON_GENOME PIN 118: GENOME NON_GENOME PIN 119 GENOME NON_GENOME PIN 120 GENOME NON_GENOME PIN 121
GENOME NON_GENOME PIN 138: GENOME NON_GENOME PIN 139 GENOME NON_GENOME PIN 140 GENOME NON_GENOME PIN 141
GENOME NON_GENOME PIN 139: GENOME NON_GENOME PIN 138
GENOME NON_GENOME PIN 140: GENOME NON_GENOME PIN 138
GENOME NON_GENOME PIN 141: GENOME NON_GENOME PIN 138
GENOME NON_GENOME PIN 142: GENOME NON_GENOME PIN 143 GENOME NON_GENOME PIN 144 GENOME NON_GENOME PIN 145
GENOME NON_GENOME PIN 154: GENOME NON_GENOME PIN 155 GENOME NON_GENOME PIN 156 GENOME NON_GENOME PIN 157
GENOME NON_GENOME PIN 155: GENOME NON_GENOME PIN 154
GENOME NON_GENOME PIN 156: GENOME NON_GENOME PIN 154
GENOME NON_GENOME PIN 157: GENOME NON_GENOME PIN 154
GENOME NON_GENOME PIN 167: GENOME NON_GENOME PIN 166
GENOME NON_GENOME PIN 168: GENOME NON_GENOME PIN 166
GENOME NON_GENOME PIN 169: GENOME NON_GENOME PIN 166
GENOME NON_GENOME PIN 190: GENOME NON_GENOME PIN 191 GENOME NON_GENOME PIN 192 GENOME NON_GENOME PIN 193 GENOME NON_GENOME PIN 194 GENOME NON_GENOME PIN 195 GENOME NON_GENOME PIN 196 GENOME NON_GENOME PIN 197 GENOME NON_GENOME PIN 198 GENOME NON_GENOME PIN 199 GENOME NON_GENOME PIN 200 GENOME NON_GENOME PIN 201
GENOME NON_GENOME PIN 195: GENOME NON_GENOME PIN 190
GENOME NON_GENOME PIN 196: GENOME NON_GENOME PIN 190
GENOME NON_GENOME PIN 197: GENOME NON_GENOME PIN 190
GENOME NON_GENOME PIN 198: GENOME NON_GENOME PIN 190
GENOME NON_GENOME PIN 199: GENOME NON_GENOME PIN 190
GENOME NON_GENOME PIN 200: GENOME NON_GENOME PIN 190
GENOME NON_GENOME PIN 201: GENOME NON_GENOME PIN 190
GENOME NON_GENOME PIN 210: GENOME NON_GENOME PIN 211 GENOME NON_GENOME PIN 212 GENOME NON_GENOME PIN 213
GENOME NON_GENOME PIN 215: GENOME NON_GENOME PIN 214
GENOME NON_GENOME PIN 216: GENOME NON_GENOME PIN 214
GENOME NON_GENOME PIN 217: GENOME NON_GENOME PIN 214
GENOME NON_GENOME PIN 218: GENOME NON_GENOME PIN 214
GENOME NON_GENOME PIN 219: GENOME NON_GENOME PIN 214
GENOME NON_GENOME PIN 220: GENOME NON_GENOME PIN 214
GENOME NON_GENOME PIN 221: GENOME NON_GENOME PIN 214
GENOME NON_GENOME PIN 222: GENOME NON_GENOME PIN 214
GENOME NON_GENOME PIN 238: GENOME NON_GENOME PIN 239 GENOME NON_GENOME PIN 240 GENOME NON_GENOME PIN 241 GENOME NON_GENOME PIN 242 GENOME NON_GENOME PIN 243 GENOME NON_GENOME PIN 244 GENOME NON_GENOME PIN 245 GENOME NON_GENOME PIN 246 GENOME NON_GENOME PIN 247 GENOME NON_GENOME PIN 248 GENOME NON_GENOME PIN 249
GENOME NON_GENOME PIN 243: GENOME NON_GENOME PIN 238
GENOME NON_GENOME PIN 244: GENOME NON_GENOME PIN 238
GENOME NON_GENOME PIN 245: GENOME NON_GENOME PIN 238
GENOME NON_GENOME PIN 246: GENOME NON_GENOME PIN 238
GENOME NON_GENOME PIN 247: GENOME NON_GENOME PIN 238
GENOME NON_GENOME PIN 248: GENOME NON_GENOME PIN 238
GENOME NON_GENOME PIN 249: GENOME NON_GENOME PIN 238
GENOME NON_GENOME PIN 258: GENOME NON_GENOME PIN 259 GENOME NON_GENOME PIN 260 GENOME NON_GENOME PIN 261
GENOME NON_GENOME PIN 263: GENOME NON_GENOME PIN 262
GENOME NON_GENOME PIN 264: GENOME NON_GENOME PIN 262
GENOME NON_GENOME PIN 265: GENOME NON_GENOME PIN 262
GENOME NON_GENOME PIN 282: GENOME NON_GENOME PIN 283 GENOME NON_GENOME PIN 284 GENOME NON_GENOME PIN 285
GENOME NON_GENOME PIN 283: GENOME NON_GENOME PIN 282
GENOME NON_GENOME PIN 284: GENOME NON_GENOME PIN 282
GENOME NON_GENOME PIN 285: GENOME NON_GENOME PIN 282
GENOME NON_GENOME PIN 286: GENOME NON_GENOME PIN 287 GENOME NON_GENOME PIN 288 GENOME NON_GENOME PIN 289 GENOME NON_GENOME PIN 290 GENOME NON_GENOME PIN 291 GENOME NON_GENOME PIN 292 GENOME NON_GENOME PIN 293 GENOME NON_GENOME PIN 294 GENOME NON_GENOME PIN 295 GENOME NON_GENOME PIN 296 GENOME NON_GENOME PIN 297
GENOME NON_GENOME PIN 291: GENOME NON_GENOME PIN 286
GENOME NON_GENOME PIN 292: GENOME NON_GENOME PIN 286
GENOME NON_GENOME PIN 293: GENOME NON_GENOME PIN 286
GENOME NON_GENOME PIN 294: GENOME NON_GENOME PIN 286
GENOME NON_GENOME PIN 295: GENOME NON_GENOME PIN 286
GENOME NON_GENOME PIN 296: GENOME NON_GENOME PIN 286
GENOME NON_GENOME PIN 297: GENOME NON_GENOME PIN 286
GENOME NON_GENOME PIN 298: GENOME NON_GENOME PIN 299 GENOME NON_GENOME PIN 300 GENOME NON_GENOME PIN 301 GENOME NON_GENOME PIN 302 GENOME NON_GENOME PIN 303 GENOME NON_GENOME PIN 304 GENOME NON_GENOME PIN 305 GENOME NON_GENOME PIN 306 GENOME NON_GENOME PIN 307 GENOME NON_GENOME PIN 308 GENOME NON_GENOME PIN 309
GENOME NON_GENOME PIN 299: GENOME NON_GENOME PIN 298
GENOME NON_GENOME PIN 300: GENOME NON_GENOME PIN 298
GENOME NON_GENOME PIN 301: GENOME NON_GENOME PIN 298
GENOME NON_GENOME PIN 302: GENOME NON_GENOME PIN 298
GENOME NON_GENOME PIN 303: GENOME NON_GENOME PIN 298
GENOME NON_GENOME PIN 304: GENOME NON_GENOME PIN 298
GENOME NON_GENOME PIN 305: GENOME NON_GENOME PIN 298
GENOME NON_GENOME PIN 306: GENOME NON_GENOME PIN 298
GENOME NON_GENOME PIN 311: GENOME NON_GENOME PIN 310
GENOME NON_GENOME PIN 312: GENOME NON_GENOME PIN 310
GENOME NON_GENOME PIN 313: GENOME NON_GENOME PIN 310
GENOME NON_GENOME PIN 314: GENOME NON_GENOME PIN 310
GENOME NON_GENOME PIN 315: GENOME NON_GENOME PIN 310
GENOME NON_GENOME PIN 316: GENOME NON_GENOME PIN 310
GENOME NON_GENOME PIN 317: GENOME NON_GENOME PIN 310
GENOME NON_GENOME PIN 318: GENOME NON_GENOME PIN 310
INST gameplay_screen__GB7 PIN 355: INST top_level__GC0 PIN 40 TYPE 5
INST gameplay_screen__GB7 PIN 356: INST top_level__GC0 PIN 15 TYPE 5
INST gameplay_screen__GB7 PIN 87: INST gameplay_screen__GB9 PIN 494 TYPE 0 INST gameplay_screen__GB8 PIN 344 TYPE 0 INST gameplay_screen__GB6 PIN 402 TYPE 0 GENOME gameplay_screen__GB7 PIN 87
INST gameplay_screen__GB7 PIN 88: INST gameplay_screen__GB9 PIN 495 TYPE 0 INST gameplay_screen__GB8 PIN 345 TYPE 0 INST gameplay_screen__GB6 PIN 403 TYPE 0 GENOME gameplay_screen__GB7 PIN 88
INST gameplay_screen__GB7 PIN 89: INST gameplay_screen__GB9 PIN 496 TYPE 1 INST gameplay_screen__GB8 PIN 346 TYPE 1 INST gameplay_screen__GB6 PIN 404 TYPE 1 GENOME gameplay_screen__GB7 PIN 89
INST gameplay_screen__GB7 PIN 90: INST gameplay_screen__GB9 PIN 497 TYPE 0 INST gameplay_screen__GB8 PIN 347 TYPE 0 INST gameplay_screen__GB6 PIN 405 TYPE 0 GENOME gameplay_screen__GB7 PIN 90
INST gameplay_screen__GB7 PIN 91: INST gameplay_screen__GB9 PIN 498 TYPE 0 INST gameplay_screen__GB8 PIN 348 TYPE 0 INST gameplay_screen__GB6 PIN 406 TYPE 0 GENOME gameplay_screen__GB7 PIN 91
INST gameplay_screen__GB7 PIN 92: INST gameplay_screen__GB9 PIN 499 TYPE 1 INST gameplay_screen__GB8 PIN 349 TYPE 1 INST gameplay_screen__GB6 PIN 407 TYPE 1 GENOME gameplay_screen__GB7 PIN 92
INST gameplay_screen__GB7 PIN 93: INST gameplay_screen__GB9 PIN 500 TYPE 0 INST gameplay_screen__GB8 PIN 350 TYPE 0 INST gameplay_screen__GB6 PIN 408 TYPE 0 GENOME gameplay_screen__GB7 PIN 93
INST gameplay_screen__GB7 PIN 94: INST gameplay_screen__GB9 PIN 501 TYPE 0 INST gameplay_screen__GB8 PIN 351 TYPE 0 INST gameplay_screen__GB6 PIN 409 TYPE 0 GENOME gameplay_screen__GB7 PIN 94
INST gameplay_screen__GB7 PIN 95: INST gameplay_screen__GB9 PIN 502 TYPE 0 INST gameplay_screen__GB8 PIN 352 TYPE 0 INST gameplay_screen__GB6 PIN 410 TYPE 0 GENOME gameplay_screen__GB7 PIN 95
INST gameplay_screen__GB7 PIN 96: INST gameplay_screen__GB9 PIN 503 TYPE 1 INST gameplay_screen__GB8 PIN 353 TYPE 1 INST gameplay_screen__GB6 PIN 411 TYPE 1 GENOME gameplay_screen__GB7 PIN 96
INST gameplay_screen__GB7 PIN 77: INST gameplay_screen__GB9 PIN 504 TYPE 0 INST gameplay_screen__GB8 PIN 375 TYPE 0 INST gameplay_screen__GB6 PIN 456 TYPE 0 GENOME gameplay_screen__GB7 PIN 77
INST gameplay_screen__GB7 PIN 78: INST gameplay_screen__GB9 PIN 505 TYPE 0 INST gameplay_screen__GB8 PIN 376 TYPE 0 INST gameplay_screen__GB6 PIN 457 TYPE 0 GENOME gameplay_screen__GB7 PIN 78
INST gameplay_screen__GB7 PIN 79: INST gameplay_screen__GB9 PIN 506 TYPE 0 INST gameplay_screen__GB8 PIN 377 TYPE 0 INST gameplay_screen__GB6 PIN 458 TYPE 0 GENOME gameplay_screen__GB7 PIN 79
INST gameplay_screen__GB7 PIN 80: INST gameplay_screen__GB9 PIN 507 TYPE 1 INST gameplay_screen__GB8 PIN 378 TYPE 1 INST gameplay_screen__GB6 PIN 459 TYPE 1 GENOME gameplay_screen__GB7 PIN 80
INST gameplay_screen__GB7 PIN 81: INST gameplay_screen__GB9 PIN 508 TYPE 1 INST gameplay_screen__GB8 PIN 379 TYPE 1 INST gameplay_screen__GB6 PIN 460 TYPE 1 GENOME gameplay_screen__GB7 PIN 81
INST gameplay_screen__GB7 PIN 82: INST gameplay_screen__GB9 PIN 509 TYPE 0 INST gameplay_screen__GB8 PIN 380 TYPE 0 INST gameplay_screen__GB6 PIN 461 TYPE 0 GENOME gameplay_screen__GB7 PIN 82
INST gameplay_screen__GB7 PIN 83: INST gameplay_screen__GB9 PIN 510 TYPE 0 INST gameplay_screen__GB8 PIN 381 TYPE 0 INST gameplay_screen__GB6 PIN 462 TYPE 0 GENOME gameplay_screen__GB7 PIN 83
INST gameplay_screen__GB7 PIN 84: INST gameplay_screen__GB9 PIN 511 TYPE 1 INST gameplay_screen__GB8 PIN 382 TYPE 1 INST gameplay_screen__GB6 PIN 463 TYPE 1 GENOME gameplay_screen__GB7 PIN 84
INST gameplay_screen__GB7 PIN 85: INST gameplay_screen__GB9 PIN 512 TYPE 0 INST gameplay_screen__GB8 PIN 383 TYPE 0 INST gameplay_screen__GB6 PIN 464 TYPE 0 GENOME gameplay_screen__GB7 PIN 85
INST gameplay_screen__GB7 PIN 86: INST gameplay_screen__GB9 PIN 513 TYPE 0 INST gameplay_screen__GB8 PIN 384 TYPE 0 INST gameplay_screen__GB6 PIN 465 TYPE 0 GENOME gameplay_screen__GB7 PIN 86
INST gameplay_screen__GB7 PIN 43: INST gameplay_screen__GB9 PIN 514 TYPE 0 INST gameplay_screen__GB8 PIN 385 TYPE 0 INST gameplay_screen__GB6 PIN 274 TYPE 0 GENOME gameplay_screen__GB7 PIN 43
INST gameplay_screen__GB7 PIN 44: INST gameplay_screen__GB9 PIN 515 TYPE 0 INST gameplay_screen__GB8 PIN 386 TYPE 0 INST gameplay_screen__GB6 PIN 275 TYPE 0 GENOME gameplay_screen__GB7 PIN 44
INST gameplay_screen__GB7 PIN 45: INST gameplay_screen__GB9 PIN 516 TYPE 0 INST gameplay_screen__GB8 PIN 387 TYPE 0 INST gameplay_screen__GB6 PIN 276 TYPE 0 GENOME gameplay_screen__GB7 PIN 45
INST gameplay_screen__GB7 PIN 46: INST gameplay_screen__GB9 PIN 517 TYPE 0 INST gameplay_screen__GB8 PIN 388 TYPE 0 INST gameplay_screen__GB6 PIN 277 TYPE 0 GENOME gameplay_screen__GB7 PIN 46
INST gameplay_screen__GB7 PIN 47: INST gameplay_screen__GB9 PIN 518 TYPE 1 INST gameplay_screen__GB8 PIN 389 TYPE 1 INST gameplay_screen__GB6 PIN 278 TYPE 1 GENOME gameplay_screen__GB7 PIN 47
INST gameplay_screen__GB7 PIN 48: INST gameplay_screen__GB9 PIN 519 TYPE 1 INST gameplay_screen__GB8 PIN 390 TYPE 1 INST gameplay_screen__GB6 PIN 279 TYPE 1 GENOME gameplay_screen__GB7 PIN 48
INST gameplay_screen__GB7 PIN 49: INST gameplay_screen__GB9 PIN 520 TYPE 0 INST gameplay_screen__GB8 PIN 391 TYPE 0 INST gameplay_screen__GB6 PIN 280 TYPE 0 GENOME gameplay_screen__GB7 PIN 49
INST gameplay_screen__GB7 PIN 50: INST gameplay_screen__GB9 PIN 521 TYPE 1 INST gameplay_screen__GB8 PIN 392 TYPE 1 INST gameplay_screen__GB6 PIN 281 TYPE 1 GENOME gameplay_screen__GB7 PIN 50
INST gameplay_screen__GB7 PIN 51: INST gameplay_screen__GB9 PIN 522 TYPE 1 INST gameplay_screen__GB8 PIN 393 TYPE 1 INST gameplay_screen__GB6 PIN 282 TYPE 1 GENOME gameplay_screen__GB7 PIN 51
INST gameplay_screen__GB7 PIN 52: INST gameplay_screen__GB9 PIN 523 TYPE 1 INST gameplay_screen__GB8 PIN 394 TYPE 1 INST gameplay_screen__GB6 PIN 283 TYPE 1 GENOME gameplay_screen__GB7 PIN 52
INST gameplay_screen__GB7 PIN 21: INST gameplay_screen__GB9 PIN 274 TYPE 0 GENOME gameplay_screen__GB7 PIN 21
INST gameplay_screen__GB7 PIN 22: INST gameplay_screen__GB9 PIN 275 TYPE 1 GENOME gameplay_screen__GB7 PIN 22
INST gameplay_screen__GB7 PIN 23: INST gameplay_screen__GB9 PIN 276 TYPE 1 GENOME gameplay_screen__GB7 PIN 23
INST gameplay_screen__GB7 PIN 24: INST gameplay_screen__GB9 PIN 277 TYPE 0 GENOME gameplay_screen__GB7 PIN 24
INST gameplay_screen__GB7 PIN 25: INST gameplay_screen__GB9 PIN 278 TYPE 1 GENOME gameplay_screen__GB7 PIN 25
INST gameplay_screen__GB7 PIN 26: INST gameplay_screen__GB9 PIN 279 TYPE 1 GENOME gameplay_screen__GB7 PIN 26
INST gameplay_screen__GB7 PIN 27: INST gameplay_screen__GB9 PIN 280 TYPE 0 GENOME gameplay_screen__GB7 PIN 27
INST gameplay_screen__GB7 PIN 28: INST gameplay_screen__GB9 PIN 281 TYPE 0 GENOME gameplay_screen__GB7 PIN 28
INST gameplay_screen__GB7 PIN 29: INST gameplay_screen__GB9 PIN 282 TYPE 1 GENOME gameplay_screen__GB7 PIN 29
INST gameplay_screen__GB7 PIN 30: INST gameplay_screen__GB9 PIN 283 TYPE 1 GENOME gameplay_screen__GB7 PIN 30
INST gameplay_screen__GB7 PIN 31: INST gameplay_screen__GB9 PIN 284 TYPE 0 GENOME gameplay_screen__GB7 PIN 31
INST gameplay_screen__GB7 PIN 0: INST gameplay_screen__GB9 PIN 296 TYPE 0 GENOME gameplay_screen__GB7 PIN 0
INST gameplay_screen__GB7 PIN 1: INST gameplay_screen__GB9 PIN 297 TYPE 1 GENOME gameplay_screen__GB7 PIN 1
INST gameplay_screen__GB7 PIN 2: INST gameplay_screen__GB9 PIN 298 TYPE 1 GENOME gameplay_screen__GB7 PIN 2
INST gameplay_screen__GB7 PIN 3: INST gameplay_screen__GB9 PIN 299 TYPE 0 GENOME gameplay_screen__GB7 PIN 3
INST gameplay_screen__GB7 PIN 4: INST gameplay_screen__GB9 PIN 300 TYPE 0 GENOME gameplay_screen__GB7 PIN 4
INST gameplay_screen__GB7 PIN 5: INST gameplay_screen__GB9 PIN 301 TYPE 1 GENOME gameplay_screen__GB7 PIN 5
INST gameplay_screen__GB7 PIN 6: INST gameplay_screen__GB9 PIN 302 TYPE 1 GENOME gameplay_screen__GB7 PIN 6
INST gameplay_screen__GB7 PIN 7: INST gameplay_screen__GB9 PIN 303 TYPE 1 GENOME gameplay_screen__GB7 PIN 7
INST gameplay_screen__GB7 PIN 8: INST gameplay_screen__GB9 PIN 304 TYPE 0 GENOME gameplay_screen__GB7 PIN 8
INST gameplay_screen__GB7 PIN 9: INST gameplay_screen__GB9 PIN 305 TYPE 0 GENOME gameplay_screen__GB7 PIN 9
INST gameplay_screen__GB7 PIN 10: INST gameplay_screen__GB9 PIN 306 TYPE 1 GENOME gameplay_screen__GB7 PIN 10
INST gameplay_screen__GB7 PIN 108: INST gameplay_screen__GB9 PIN 307 TYPE 0 INST gameplay_screen__GB6 PIN 252 TYPE 0 GENOME gameplay_screen__GB7 PIN 108
INST gameplay_screen__GB7 PIN 109: INST gameplay_screen__GB9 PIN 308 TYPE 1 INST gameplay_screen__GB6 PIN 253 TYPE 1 GENOME gameplay_screen__GB7 PIN 109
INST gameplay_screen__GB7 PIN 110: INST gameplay_screen__GB9 PIN 309 TYPE 0 INST gameplay_screen__GB6 PIN 254 TYPE 0 GENOME gameplay_screen__GB7 PIN 110
INST gameplay_screen__GB7 PIN 111: INST gameplay_screen__GB9 PIN 310 TYPE 1 INST gameplay_screen__GB6 PIN 255 TYPE 1 GENOME gameplay_screen__GB7 PIN 111
INST gameplay_screen__GB7 PIN 112: INST gameplay_screen__GB9 PIN 311 TYPE 1 INST gameplay_screen__GB6 PIN 256 TYPE 1 GENOME gameplay_screen__GB7 PIN 112
INST gameplay_screen__GB7 PIN 113: INST gameplay_screen__GB9 PIN 312 TYPE 0 INST gameplay_screen__GB6 PIN 257 TYPE 0 GENOME gameplay_screen__GB7 PIN 113
INST gameplay_screen__GB7 PIN 114: INST gameplay_screen__GB9 PIN 313 TYPE 1 INST gameplay_screen__GB6 PIN 258 TYPE 1 GENOME gameplay_screen__GB7 PIN 114
INST gameplay_screen__GB7 PIN 115: INST gameplay_screen__GB9 PIN 314 TYPE 1 INST gameplay_screen__GB6 PIN 259 TYPE 1 GENOME gameplay_screen__GB7 PIN 115
INST gameplay_screen__GB7 PIN 116: INST gameplay_screen__GB9 PIN 315 TYPE 1 INST gameplay_screen__GB6 PIN 260 TYPE 1 GENOME gameplay_screen__GB7 PIN 116
INST gameplay_screen__GB7 PIN 117: INST gameplay_screen__GB9 PIN 316 TYPE 1 INST gameplay_screen__GB6 PIN 261 TYPE 1 GENOME gameplay_screen__GB7 PIN 117
INST gameplay_screen__GB7 PIN 118: INST gameplay_screen__GB9 PIN 317 TYPE 1 INST gameplay_screen__GB6 PIN 262 TYPE 1 GENOME gameplay_screen__GB7 PIN 118
INST gameplay_screen__GB7 PIN 33: INST gameplay_screen__GB9 PIN 524 TYPE 0 INST gameplay_screen__GB6 PIN 338 TYPE 0 GENOME gameplay_screen__GB7 PIN 33
INST gameplay_screen__GB7 PIN 34: INST gameplay_screen__GB9 PIN 525 TYPE 0 INST gameplay_screen__GB6 PIN 339 TYPE 0 GENOME gameplay_screen__GB7 PIN 34
INST gameplay_screen__GB7 PIN 35: INST gameplay_screen__GB9 PIN 526 TYPE 0 INST gameplay_screen__GB6 PIN 340 TYPE 0 GENOME gameplay_screen__GB7 PIN 35
INST gameplay_screen__GB7 PIN 36: INST gameplay_screen__GB9 PIN 527 TYPE 0 INST gameplay_screen__GB6 PIN 341 TYPE 0 GENOME gameplay_screen__GB7 PIN 36
INST gameplay_screen__GB7 PIN 37: INST gameplay_screen__GB9 PIN 528 TYPE 0 INST gameplay_screen__GB6 PIN 342 TYPE 0 GENOME gameplay_screen__GB7 PIN 37
INST gameplay_screen__GB7 PIN 38: INST gameplay_screen__GB9 PIN 529 TYPE 0 INST gameplay_screen__GB6 PIN 343 TYPE 0 GENOME gameplay_screen__GB7 PIN 38
INST gameplay_screen__GB7 PIN 39: INST gameplay_screen__GB9 PIN 530 TYPE 1 INST gameplay_screen__GB6 PIN 344 TYPE 1 GENOME gameplay_screen__GB7 PIN 39
INST gameplay_screen__GB7 PIN 40: INST gameplay_screen__GB9 PIN 531 TYPE 0 INST gameplay_screen__GB6 PIN 345 TYPE 0 GENOME gameplay_screen__GB7 PIN 40
INST gameplay_screen__GB7 PIN 41: INST gameplay_screen__GB9 PIN 532 TYPE 1 INST gameplay_screen__GB6 PIN 346 TYPE 1 GENOME gameplay_screen__GB7 PIN 41
INST gameplay_screen__GB7 PIN 42: INST gameplay_screen__GB9 PIN 533 TYPE 0 INST gameplay_screen__GB6 PIN 347 TYPE 0 GENOME gameplay_screen__GB7 PIN 42
INST gameplay_screen__GB7 PIN 11: INST gameplay_screen__GB9 PIN 534 TYPE 0 INST gameplay_screen__GB6 PIN 348 TYPE 0 GENOME gameplay_screen__GB7 PIN 11
INST gameplay_screen__GB7 PIN 12: INST gameplay_screen__GB9 PIN 535 TYPE 0 INST gameplay_screen__GB6 PIN 349 TYPE 0 GENOME gameplay_screen__GB7 PIN 12
INST gameplay_screen__GB7 PIN 13: INST gameplay_screen__GB9 PIN 536 TYPE 1 INST gameplay_screen__GB6 PIN 350 TYPE 1 GENOME gameplay_screen__GB7 PIN 13
INST gameplay_screen__GB7 PIN 14: INST gameplay_screen__GB9 PIN 537 TYPE 0 INST gameplay_screen__GB6 PIN 351 TYPE 0 GENOME gameplay_screen__GB7 PIN 14
INST gameplay_screen__GB7 PIN 15: INST gameplay_screen__GB9 PIN 538 TYPE 1 INST gameplay_screen__GB6 PIN 352 TYPE 1 GENOME gameplay_screen__GB7 PIN 15
INST gameplay_screen__GB7 PIN 16: INST gameplay_screen__GB9 PIN 539 TYPE 1 INST gameplay_screen__GB6 PIN 353 TYPE 1 GENOME gameplay_screen__GB7 PIN 16
INST gameplay_screen__GB7 PIN 17: INST gameplay_screen__GB9 PIN 540 TYPE 1 INST gameplay_screen__GB6 PIN 354 TYPE 1 GENOME gameplay_screen__GB7 PIN 17
INST gameplay_screen__GB7 PIN 18: INST gameplay_screen__GB9 PIN 541 TYPE 1 INST gameplay_screen__GB6 PIN 355 TYPE 1 GENOME gameplay_screen__GB7 PIN 18
INST gameplay_screen__GB7 PIN 19: INST gameplay_screen__GB9 PIN 542 TYPE 1 INST gameplay_screen__GB6 PIN 356 TYPE 1 GENOME gameplay_screen__GB7 PIN 19
INST gameplay_screen__GB7 PIN 20: INST gameplay_screen__GB9 PIN 543 TYPE 0 INST gameplay_screen__GB6 PIN 357 TYPE 0 GENOME gameplay_screen__GB7 PIN 20
INST gameplay_screen__GB8 PIN 94: INST gameplay_screen__GB7 PIN 354 TYPE 0 GENOME gameplay_screen__GB8 PIN 94
INST gameplay_screen__GB7 PIN 97: INST gameplay_screen__GB5 PIN 440 TYPE 0 GENOME gameplay_screen__GB7 PIN 97
INST gameplay_screen__GB7 PIN 98: INST gameplay_screen__GB5 PIN 441 TYPE 1 GENOME gameplay_screen__GB7 PIN 98
INST gameplay_screen__GB7 PIN 99: INST gameplay_screen__GB5 PIN 442 TYPE 1 GENOME gameplay_screen__GB7 PIN 99
INST gameplay_screen__GB7 PIN 100: INST gameplay_screen__GB5 PIN 443 TYPE 0 GENOME gameplay_screen__GB7 PIN 100
INST gameplay_screen__GB7 PIN 101: INST gameplay_screen__GB5 PIN 444 TYPE 0 GENOME gameplay_screen__GB7 PIN 101
INST gameplay_screen__GB7 PIN 102: INST gameplay_screen__GB5 PIN 445 TYPE 0 GENOME gameplay_screen__GB7 PIN 102
INST gameplay_screen__GB7 PIN 103: INST gameplay_screen__GB5 PIN 446 TYPE 0 GENOME gameplay_screen__GB7 PIN 103
INST gameplay_screen__GB7 PIN 104: INST gameplay_screen__GB5 PIN 447 TYPE 1 GENOME gameplay_screen__GB7 PIN 104
INST gameplay_screen__GB7 PIN 105: INST gameplay_screen__GB5 PIN 448 TYPE 1 GENOME gameplay_screen__GB7 PIN 105
INST gameplay_screen__GB7 PIN 106: INST gameplay_screen__GB5 PIN 449 TYPE 0 GENOME gameplay_screen__GB7 PIN 106
INST gameplay_screen__GB7 PIN 107: INST gameplay_screen__GB5 PIN 450 TYPE 0 GENOME gameplay_screen__GB7 PIN 107
INST gameplay_screen__GB8 PIN 92: INST gameplay_screen__GB8 PIN 103 TYPE 2 INST gameplay_screen__GB5 PIN 571 TYPE 4
INST gameplay_screen__GB8 PIN 93: INST gameplay_screen__GB8 PIN 104 TYPE 2 INST gameplay_screen__GB5 PIN 572 TYPE 4
INST gameplay_screen__GB8 PIN 105: INST gameplay_screen__GB5 PIN 573 TYPE 0 GENOME gameplay_screen__GB8 PIN 105
INST gameplay_screen__GB7 PIN 311: INST gameplay_screen__GB6 PIN 204 TYPE 0 GENOME gameplay_screen__GB7 PIN 311
INST gameplay_screen__GB7 PIN 312: INST gameplay_screen__GB6 PIN 205 TYPE 0 GENOME gameplay_screen__GB7 PIN 312
INST gameplay_screen__GB7 PIN 313: INST gameplay_screen__GB6 PIN 206 TYPE 0 GENOME gameplay_screen__GB7 PIN 313
INST gameplay_screen__GB7 PIN 314: INST gameplay_screen__GB6 PIN 207 TYPE 0 GENOME gameplay_screen__GB7 PIN 314
INST gameplay_screen__GB7 PIN 315: INST gameplay_screen__GB6 PIN 208 TYPE 0 GENOME gameplay_screen__GB7 PIN 315
INST gameplay_screen__GB7 PIN 316: INST gameplay_screen__GB6 PIN 209 TYPE 0 GENOME gameplay_screen__GB7 PIN 316
INST gameplay_screen__GB7 PIN 317: INST gameplay_screen__GB6 PIN 210 TYPE 0 GENOME gameplay_screen__GB7 PIN 317
INST gameplay_screen__GB7 PIN 318: INST gameplay_screen__GB6 PIN 211 TYPE 0 GENOME gameplay_screen__GB7 PIN 318
INST gameplay_screen__GB7 PIN 319: INST gameplay_screen__GB7 PIN 320 TYPE 2 INST gameplay_screen__GB6 PIN 213 TYPE 4 INST gameplay_screen__GB7 PIN 321 TYPE 2 INST gameplay_screen__GB6 PIN 214 TYPE 4 INST gameplay_screen__GB7 PIN 322 TYPE 2 INST gameplay_screen__GB6 PIN 215 TYPE 4
INST gameplay_screen__GB8 PIN 48: INST gameplay_screen__GB6 PIN 216 TYPE 0 GENOME gameplay_screen__GB8 PIN 48
INST gameplay_screen__GB8 PIN 49: INST gameplay_screen__GB6 PIN 217 TYPE 0 GENOME gameplay_screen__GB8 PIN 49
INST gameplay_screen__GB8 PIN 50: INST gameplay_screen__GB6 PIN 218 TYPE 0 GENOME gameplay_screen__GB8 PIN 50
INST gameplay_screen__GB8 PIN 51: INST gameplay_screen__GB6 PIN 219 TYPE 0 GENOME gameplay_screen__GB8 PIN 51
INST gameplay_screen__GB8 PIN 52: INST gameplay_screen__GB6 PIN 220 TYPE 0 GENOME gameplay_screen__GB8 PIN 52
INST gameplay_screen__GB8 PIN 53: INST gameplay_screen__GB6 PIN 221 TYPE 0 GENOME gameplay_screen__GB8 PIN 53
INST gameplay_screen__GB8 PIN 54: INST gameplay_screen__GB6 PIN 222 TYPE 0 GENOME gameplay_screen__GB8 PIN 54
INST gameplay_screen__GB8 PIN 55: INST gameplay_screen__GB6 PIN 223 TYPE 0 GENOME gameplay_screen__GB8 PIN 55
INST gameplay_screen__GB8 PIN 56: INST gameplay_screen__GB8 PIN 57 TYPE 2 INST gameplay_screen__GB6 PIN 225 TYPE 4 INST gameplay_screen__GB8 PIN 58 TYPE 2 INST gameplay_screen__GB6 PIN 226 TYPE 4 INST gameplay_screen__GB8 PIN 59 TYPE 2 INST gameplay_screen__GB6 PIN 227 TYPE 4
INST gameplay_screen__GB8 PIN 130: INST gameplay_screen__GB6 PIN 228 TYPE 0 GENOME gameplay_screen__GB8 PIN 130
INST gameplay_screen__GB8 PIN 131: INST gameplay_screen__GB6 PIN 229 TYPE 0 GENOME gameplay_screen__GB8 PIN 131
INST gameplay_screen__GB8 PIN 132: INST gameplay_screen__GB6 PIN 230 TYPE 0 GENOME gameplay_screen__GB8 PIN 132
INST gameplay_screen__GB8 PIN 133: INST gameplay_screen__GB6 PIN 231 TYPE 0 GENOME gameplay_screen__GB8 PIN 133
INST gameplay_screen__GB8 PIN 134: INST gameplay_screen__GB6 PIN 232 TYPE 0 GENOME gameplay_screen__GB8 PIN 134
INST gameplay_screen__GB8 PIN 135: INST gameplay_screen__GB6 PIN 233 TYPE 0 GENOME gameplay_screen__GB8 PIN 135
INST gameplay_screen__GB8 PIN 136: INST gameplay_screen__GB6 PIN 234 TYPE 0 GENOME gameplay_screen__GB8 PIN 136
INST gameplay_screen__GB8 PIN 137: INST gameplay_screen__GB6 PIN 235 TYPE 0 GENOME gameplay_screen__GB8 PIN 137
INST gameplay_screen__GB8 PIN 138: INST gameplay_screen__GB8 PIN 139 TYPE 2 INST gameplay_screen__GB6 PIN 237 TYPE 4 INST gameplay_screen__GB8 PIN 140 TYPE 2 INST gameplay_screen__GB6 PIN 238 TYPE 4 INST gameplay_screen__GB8 PIN 141 TYPE 2 INST gameplay_screen__GB6 PIN 239 TYPE 4
INST gameplay_screen__GB8 PIN 274: INST gameplay_screen__GB6 PIN 240 TYPE 0 GENOME gameplay_screen__GB8 PIN 274
INST gameplay_screen__GB8 PIN 275: INST gameplay_screen__GB6 PIN 241 TYPE 0 GENOME gameplay_screen__GB8 PIN 275
INST gameplay_screen__GB8 PIN 276: INST gameplay_screen__GB6 PIN 242 TYPE 0 GENOME gameplay_screen__GB8 PIN 276
INST gameplay_screen__GB8 PIN 277: INST gameplay_screen__GB6 PIN 243 TYPE 0 GENOME gameplay_screen__GB8 PIN 277
INST gameplay_screen__GB8 PIN 278: INST gameplay_screen__GB6 PIN 244 TYPE 0 GENOME gameplay_screen__GB8 PIN 278
INST gameplay_screen__GB8 PIN 279: INST gameplay_screen__GB6 PIN 245 TYPE 0 GENOME gameplay_screen__GB8 PIN 279
INST gameplay_screen__GB8 PIN 280: INST gameplay_screen__GB6 PIN 246 TYPE 0 GENOME gameplay_screen__GB8 PIN 280
INST gameplay_screen__GB8 PIN 281: INST gameplay_screen__GB6 PIN 247 TYPE 0 GENOME gameplay_screen__GB8 PIN 281
INST gameplay_screen__GB8 PIN 282: INST gameplay_screen__GB8 PIN 283 TYPE 2 INST gameplay_screen__GB6 PIN 249 TYPE 4 INST gameplay_screen__GB8 PIN 284 TYPE 2 INST gameplay_screen__GB6 PIN 250 TYPE 4 INST gameplay_screen__GB8 PIN 285 TYPE 2 INST gameplay_screen__GB6 PIN 251 TYPE 4
INST gameplay_screen__GB8 PIN 36: INST gameplay_screen__GB8 PIN 37 TYPE 2 INST gameplay_screen__GB6 PIN 303 TYPE 4 INST gameplay_screen__GB8 PIN 38 TYPE 2 INST gameplay_screen__GB6 PIN 304 TYPE 4 INST gameplay_screen__GB8 PIN 39 TYPE 2 INST gameplay_screen__GB6 PIN 305 TYPE 4
INST gameplay_screen__GB8 PIN 40: INST gameplay_screen__GB6 PIN 306 TYPE 0 GENOME gameplay_screen__GB8 PIN 40
INST gameplay_screen__GB8 PIN 41: INST gameplay_screen__GB6 PIN 307 TYPE 0 GENOME gameplay_screen__GB8 PIN 41
INST gameplay_screen__GB8 PIN 42: INST gameplay_screen__GB6 PIN 308 TYPE 0 GENOME gameplay_screen__GB8 PIN 42
INST gameplay_screen__GB8 PIN 43: INST gameplay_screen__GB6 PIN 309 TYPE 0 GENOME gameplay_screen__GB8 PIN 43
INST gameplay_screen__GB8 PIN 44: INST gameplay_screen__GB6 PIN 310 TYPE 0 GENOME gameplay_screen__GB8 PIN 44
INST gameplay_screen__GB8 PIN 45: INST gameplay_screen__GB6 PIN 311 TYPE 0 GENOME gameplay_screen__GB8 PIN 45
INST gameplay_screen__GB8 PIN 46: INST gameplay_screen__GB6 PIN 312 TYPE 0 GENOME gameplay_screen__GB8 PIN 46
INST gameplay_screen__GB8 PIN 47: INST gameplay_screen__GB6 PIN 313 TYPE 0 GENOME gameplay_screen__GB8 PIN 47
INST gameplay_screen__GB8 PIN 118: INST gameplay_screen__GB8 PIN 119 TYPE 2 INST gameplay_screen__GB6 PIN 315 TYPE 4 INST gameplay_screen__GB8 PIN 120 TYPE 2 INST gameplay_screen__GB6 PIN 316 TYPE 4 INST gameplay_screen__GB8 PIN 121 TYPE 2 INST gameplay_screen__GB6 PIN 317 TYPE 4
INST gameplay_screen__GB8 PIN 122: INST gameplay_screen__GB6 PIN 318 TYPE 0 GENOME gameplay_screen__GB8 PIN 122
INST gameplay_screen__GB8 PIN 123: INST gameplay_screen__GB6 PIN 319 TYPE 0 GENOME gameplay_screen__GB8 PIN 123
INST gameplay_screen__GB8 PIN 124: INST gameplay_screen__GB6 PIN 320 TYPE 0 GENOME gameplay_screen__GB8 PIN 124
INST gameplay_screen__GB8 PIN 125: INST gameplay_screen__GB6 PIN 321 TYPE 0 GENOME gameplay_screen__GB8 PIN 125
INST gameplay_screen__GB8 PIN 126: INST gameplay_screen__GB6 PIN 322 TYPE 0 GENOME gameplay_screen__GB8 PIN 126
INST gameplay_screen__GB8 PIN 127: INST gameplay_screen__GB6 PIN 323 TYPE 0 GENOME gameplay_screen__GB8 PIN 127
INST gameplay_screen__GB8 PIN 128: INST gameplay_screen__GB6 PIN 324 TYPE 0 GENOME gameplay_screen__GB8 PIN 128
INST gameplay_screen__GB8 PIN 129: INST gameplay_screen__GB6 PIN 325 TYPE 0 GENOME gameplay_screen__GB8 PIN 129
INST gameplay_screen__GB8 PIN 262: INST gameplay_screen__GB8 PIN 263 TYPE 2 INST gameplay_screen__GB6 PIN 327 TYPE 4 INST gameplay_screen__GB8 PIN 264 TYPE 2 INST gameplay_screen__GB6 PIN 328 TYPE 4 INST gameplay_screen__GB8 PIN 265 TYPE 2 INST gameplay_screen__GB6 PIN 329 TYPE 4
INST gameplay_screen__GB8 PIN 266: INST gameplay_screen__GB6 PIN 330 TYPE 0 GENOME gameplay_screen__GB8 PIN 266
INST gameplay_screen__GB8 PIN 267: INST gameplay_screen__GB6 PIN 331 TYPE 0 GENOME gameplay_screen__GB8 PIN 267
INST gameplay_screen__GB8 PIN 268: INST gameplay_screen__GB6 PIN 332 TYPE 0 GENOME gameplay_screen__GB8 PIN 268
INST gameplay_screen__GB8 PIN 269: INST gameplay_screen__GB6 PIN 333 TYPE 0 GENOME gameplay_screen__GB8 PIN 269
INST gameplay_screen__GB8 PIN 270: INST gameplay_screen__GB6 PIN 334 TYPE 0 GENOME gameplay_screen__GB8 PIN 270
INST gameplay_screen__GB8 PIN 271: INST gameplay_screen__GB6 PIN 335 TYPE 0 GENOME gameplay_screen__GB8 PIN 271
INST gameplay_screen__GB8 PIN 272: INST gameplay_screen__GB6 PIN 336 TYPE 0 GENOME gameplay_screen__GB8 PIN 272
INST gameplay_screen__GB8 PIN 273: INST gameplay_screen__GB6 PIN 337 TYPE 0 GENOME gameplay_screen__GB8 PIN 273
INST gameplay_screen__GB8 PIN 24: INST gameplay_screen__GB6 PIN 366 TYPE 0 GENOME gameplay_screen__GB8 PIN 24
INST gameplay_screen__GB8 PIN 25: INST gameplay_screen__GB6 PIN 367 TYPE 0 GENOME gameplay_screen__GB8 PIN 25
INST gameplay_screen__GB8 PIN 26: INST gameplay_screen__GB6 PIN 368 TYPE 0 GENOME gameplay_screen__GB8 PIN 26
INST gameplay_screen__GB8 PIN 27: INST gameplay_screen__GB6 PIN 369 TYPE 0 GENOME gameplay_screen__GB8 PIN 27
INST gameplay_screen__GB8 PIN 28: INST gameplay_screen__GB6 PIN 370 TYPE 0 GENOME gameplay_screen__GB8 PIN 28
INST gameplay_screen__GB8 PIN 29: INST gameplay_screen__GB6 PIN 371 TYPE 0 GENOME gameplay_screen__GB8 PIN 29
INST gameplay_screen__GB8 PIN 30: INST gameplay_screen__GB6 PIN 372 TYPE 0 GENOME gameplay_screen__GB8 PIN 30
INST gameplay_screen__GB8 PIN 31: INST gameplay_screen__GB6 PIN 373 TYPE 0 GENOME gameplay_screen__GB8 PIN 31
INST gameplay_screen__GB8 PIN 32: INST gameplay_screen__GB8 PIN 33 TYPE 2 INST gameplay_screen__GB6 PIN 375 TYPE 4 INST gameplay_screen__GB8 PIN 34 TYPE 2 INST gameplay_screen__GB6 PIN 376 TYPE 4 INST gameplay_screen__GB8 PIN 35 TYPE 2 INST gameplay_screen__GB6 PIN 377 TYPE 4
INST gameplay_screen__GB8 PIN 106: INST gameplay_screen__GB6 PIN 378 TYPE 0 GENOME gameplay_screen__GB8 PIN 106
INST gameplay_screen__GB8 PIN 107: INST gameplay_screen__GB6 PIN 379 TYPE 0 GENOME gameplay_screen__GB8 PIN 107
INST gameplay_screen__GB8 PIN 108: INST gameplay_screen__GB6 PIN 380 TYPE 0 GENOME gameplay_screen__GB8 PIN 108
INST gameplay_screen__GB8 PIN 109: INST gameplay_screen__GB6 PIN 381 TYPE 0 GENOME gameplay_screen__GB8 PIN 109
INST gameplay_screen__GB8 PIN 110: INST gameplay_screen__GB6 PIN 382 TYPE 0 GENOME gameplay_screen__GB8 PIN 110
INST gameplay_screen__GB8 PIN 111: INST gameplay_screen__GB6 PIN 383 TYPE 0 GENOME gameplay_screen__GB8 PIN 111
INST gameplay_screen__GB8 PIN 112: INST gameplay_screen__GB6 PIN 384 TYPE 0 GENOME gameplay_screen__GB8 PIN 112
INST gameplay_screen__GB8 PIN 113: INST gameplay_screen__GB6 PIN 385 TYPE 0 GENOME gameplay_screen__GB8 PIN 113
INST gameplay_screen__GB8 PIN 114: INST gameplay_screen__GB8 PIN 115 TYPE 2 INST gameplay_screen__GB6 PIN 387 TYPE 4 INST gameplay_screen__GB8 PIN 116 TYPE 2 INST gameplay_screen__GB6 PIN 388 TYPE 4 INST gameplay_screen__GB8 PIN 117 TYPE 2 INST gameplay_screen__GB6 PIN 389 TYPE 4
INST gameplay_screen__GB8 PIN 250: INST gameplay_screen__GB6 PIN 390 TYPE 0 GENOME gameplay_screen__GB8 PIN 250
INST gameplay_screen__GB8 PIN 251: INST gameplay_screen__GB6 PIN 391 TYPE 0 GENOME gameplay_screen__GB8 PIN 251
INST gameplay_screen__GB8 PIN 252: INST gameplay_screen__GB6 PIN 392 TYPE 0 GENOME gameplay_screen__GB8 PIN 252
INST gameplay_screen__GB8 PIN 253: INST gameplay_screen__GB6 PIN 393 TYPE 0 GENOME gameplay_screen__GB8 PIN 253
INST gameplay_screen__GB8 PIN 254: INST gameplay_screen__GB6 PIN 394 TYPE 0 GENOME gameplay_screen__GB8 PIN 254
INST gameplay_screen__GB8 PIN 255: INST gameplay_screen__GB6 PIN 395 TYPE 0 GENOME gameplay_screen__GB8 PIN 255
INST gameplay_screen__GB8 PIN 256: INST gameplay_screen__GB6 PIN 396 TYPE 0 GENOME gameplay_screen__GB8 PIN 256
INST gameplay_screen__GB8 PIN 257: INST gameplay_screen__GB6 PIN 397 TYPE 0 GENOME gameplay_screen__GB8 PIN 257
INST gameplay_screen__GB8 PIN 258: INST gameplay_screen__GB8 PIN 259 TYPE 2 INST gameplay_screen__GB6 PIN 399 TYPE 4 INST gameplay_screen__GB8 PIN 260 TYPE 2 INST gameplay_screen__GB6 PIN 400 TYPE 4 INST gameplay_screen__GB8 PIN 261 TYPE 2 INST gameplay_screen__GB6 PIN 401 TYPE 4
INST gameplay_screen__GB8 PIN 12: INST gameplay_screen__GB8 PIN 13 TYPE 2 INST gameplay_screen__GB6 PIN 421 TYPE 4 INST gameplay_screen__GB8 PIN 14 TYPE 2 INST gameplay_screen__GB6 PIN 422 TYPE 4 INST gameplay_screen__GB8 PIN 15 TYPE 2 INST gameplay_screen__GB6 PIN 423 TYPE 4
INST gameplay_screen__GB8 PIN 16: INST gameplay_screen__GB6 PIN 424 TYPE 0 GENOME gameplay_screen__GB8 PIN 16
INST gameplay_screen__GB8 PIN 17: INST gameplay_screen__GB6 PIN 425 TYPE 0 GENOME gameplay_screen__GB8 PIN 17
INST gameplay_screen__GB8 PIN 18: INST gameplay_screen__GB6 PIN 426 TYPE 0 GENOME gameplay_screen__GB8 PIN 18
INST gameplay_screen__GB8 PIN 19: INST gameplay_screen__GB6 PIN 427 TYPE 0 GENOME gameplay_screen__GB8 PIN 19
INST gameplay_screen__GB8 PIN 20: INST gameplay_screen__GB6 PIN 428 TYPE 0 GENOME gameplay_screen__GB8 PIN 20
INST gameplay_screen__GB8 PIN 21: INST gameplay_screen__GB6 PIN 429 TYPE 0 GENOME gameplay_screen__GB8 PIN 21
INST gameplay_screen__GB8 PIN 22: INST gameplay_screen__GB6 PIN 430 TYPE 0 GENOME gameplay_screen__GB8 PIN 22
INST gameplay_screen__GB8 PIN 23: INST gameplay_screen__GB6 PIN 431 TYPE 0 GENOME gameplay_screen__GB8 PIN 23
INST gameplay_screen__GB8 PIN 72: INST gameplay_screen__GB8 PIN 73 TYPE 2 INST gameplay_screen__GB6 PIN 433 TYPE 4 INST gameplay_screen__GB8 PIN 74 TYPE 2 INST gameplay_screen__GB6 PIN 434 TYPE 4 INST gameplay_screen__GB8 PIN 75 TYPE 2 INST gameplay_screen__GB6 PIN 435 TYPE 4
INST gameplay_screen__GB8 PIN 76: INST gameplay_screen__GB6 PIN 436 TYPE 0 GENOME gameplay_screen__GB8 PIN 76
INST gameplay_screen__GB8 PIN 77: INST gameplay_screen__GB6 PIN 437 TYPE 0 GENOME gameplay_screen__GB8 PIN 77
INST gameplay_screen__GB8 PIN 78: INST gameplay_screen__GB6 PIN 438 TYPE 0 GENOME gameplay_screen__GB8 PIN 78
INST gameplay_screen__GB8 PIN 79: INST gameplay_screen__GB6 PIN 439 TYPE 0 GENOME gameplay_screen__GB8 PIN 79
INST gameplay_screen__GB8 PIN 80: INST gameplay_screen__GB6 PIN 440 TYPE 0 GENOME gameplay_screen__GB8 PIN 80
INST gameplay_screen__GB8 PIN 81: INST gameplay_screen__GB6 PIN 441 TYPE 0 GENOME gameplay_screen__GB8 PIN 81
INST gameplay_screen__GB8 PIN 82: INST gameplay_screen__GB6 PIN 442 TYPE 0 GENOME gameplay_screen__GB8 PIN 82
INST gameplay_screen__GB8 PIN 83: INST gameplay_screen__GB6 PIN 443 TYPE 0 GENOME gameplay_screen__GB8 PIN 83
INST gameplay_screen__GB8 PIN 226: INST gameplay_screen__GB8 PIN 227 TYPE 2 INST gameplay_screen__GB6 PIN 445 TYPE 4 INST gameplay_screen__GB8 PIN 228 TYPE 2 INST gameplay_screen__GB6 PIN 446 TYPE 4 INST gameplay_screen__GB8 PIN 229 TYPE 2 INST gameplay_screen__GB6 PIN 447 TYPE 4
INST gameplay_screen__GB8 PIN 230: INST gameplay_screen__GB6 PIN 448 TYPE 0 GENOME gameplay_screen__GB8 PIN 230
INST gameplay_screen__GB8 PIN 231: INST gameplay_screen__GB6 PIN 449 TYPE 0 GENOME gameplay_screen__GB8 PIN 231
INST gameplay_screen__GB8 PIN 232: INST gameplay_screen__GB6 PIN 450 TYPE 0 GENOME gameplay_screen__GB8 PIN 232
INST gameplay_screen__GB8 PIN 233: INST gameplay_screen__GB6 PIN 451 TYPE 0 GENOME gameplay_screen__GB8 PIN 233
INST gameplay_screen__GB8 PIN 234: INST gameplay_screen__GB6 PIN 452 TYPE 0 GENOME gameplay_screen__GB8 PIN 234
INST gameplay_screen__GB8 PIN 235: INST gameplay_screen__GB6 PIN 453 TYPE 0 GENOME gameplay_screen__GB8 PIN 235
INST gameplay_screen__GB8 PIN 236: INST gameplay_screen__GB6 PIN 454 TYPE 0 GENOME gameplay_screen__GB8 PIN 236
INST gameplay_screen__GB8 PIN 237: INST gameplay_screen__GB6 PIN 455 TYPE 0 GENOME gameplay_screen__GB8 PIN 237
INST gameplay_screen__GB8 PIN 0: INST gameplay_screen__GB6 PIN 466 TYPE 0 GENOME gameplay_screen__GB8 PIN 0
INST gameplay_screen__GB8 PIN 1: INST gameplay_screen__GB6 PIN 467 TYPE 0 GENOME gameplay_screen__GB8 PIN 1
INST gameplay_screen__GB8 PIN 2: INST gameplay_screen__GB6 PIN 468 TYPE 0 GENOME gameplay_screen__GB8 PIN 2
INST gameplay_screen__GB8 PIN 3: INST gameplay_screen__GB6 PIN 469 TYPE 0 GENOME gameplay_screen__GB8 PIN 3
INST gameplay_screen__GB8 PIN 4: INST gameplay_screen__GB6 PIN 470 TYPE 0 GENOME gameplay_screen__GB8 PIN 4
INST gameplay_screen__GB8 PIN 5: INST gameplay_screen__GB6 PIN 471 TYPE 0 GENOME gameplay_screen__GB8 PIN 5
INST gameplay_screen__GB8 PIN 6: INST gameplay_screen__GB6 PIN 472 TYPE 0 GENOME gameplay_screen__GB8 PIN 6
INST gameplay_screen__GB8 PIN 7: INST gameplay_screen__GB6 PIN 473 TYPE 0 GENOME gameplay_screen__GB8 PIN 7
INST gameplay_screen__GB8 PIN 8: INST gameplay_screen__GB8 PIN 9 TYPE 2 INST gameplay_screen__GB6 PIN 475 TYPE 4 INST gameplay_screen__GB8 PIN 10 TYPE 2 INST gameplay_screen__GB6 PIN 476 TYPE 4 INST gameplay_screen__GB8 PIN 11 TYPE 2 INST gameplay_screen__GB6 PIN 477 TYPE 4
INST gameplay_screen__GB8 PIN 60: INST gameplay_screen__GB6 PIN 478 TYPE 0 GENOME gameplay_screen__GB8 PIN 60
INST gameplay_screen__GB8 PIN 61: INST gameplay_screen__GB6 PIN 479 TYPE 0 GENOME gameplay_screen__GB8 PIN 61
INST gameplay_screen__GB8 PIN 62: INST gameplay_screen__GB6 PIN 480 TYPE 0 GENOME gameplay_screen__GB8 PIN 62
INST gameplay_screen__GB8 PIN 63: INST gameplay_screen__GB6 PIN 481 TYPE 0 GENOME gameplay_screen__GB8 PIN 63
INST gameplay_screen__GB8 PIN 64: INST gameplay_screen__GB6 PIN 482 TYPE 0 GENOME gameplay_screen__GB8 PIN 64
INST gameplay_screen__GB8 PIN 65: INST gameplay_screen__GB6 PIN 483 TYPE 0 GENOME gameplay_screen__GB8 PIN 65
INST gameplay_screen__GB8 PIN 66: INST gameplay_screen__GB6 PIN 484 TYPE 0 GENOME gameplay_screen__GB8 PIN 66
INST gameplay_screen__GB8 PIN 67: INST gameplay_screen__GB6 PIN 485 TYPE 0 GENOME gameplay_screen__GB8 PIN 67
INST gameplay_screen__GB8 PIN 68: INST gameplay_screen__GB8 PIN 69 TYPE 2 INST gameplay_screen__GB6 PIN 487 TYPE 4 INST gameplay_screen__GB8 PIN 70 TYPE 2 INST gameplay_screen__GB6 PIN 488 TYPE 4 INST gameplay_screen__GB8 PIN 71 TYPE 2 INST gameplay_screen__GB6 PIN 489 TYPE 4
INST gameplay_screen__GB8 PIN 202: INST gameplay_screen__GB6 PIN 490 TYPE 0 GENOME gameplay_screen__GB8 PIN 202
INST gameplay_screen__GB8 PIN 203: INST gameplay_screen__GB6 PIN 491 TYPE 0 GENOME gameplay_screen__GB8 PIN 203
INST gameplay_screen__GB8 PIN 204: INST gameplay_screen__GB6 PIN 492 TYPE 0 GENOME gameplay_screen__GB8 PIN 204
INST gameplay_screen__GB8 PIN 205: INST gameplay_screen__GB6 PIN 493 TYPE 0 GENOME gameplay_screen__GB8 PIN 205
INST gameplay_screen__GB8 PIN 206: INST gameplay_screen__GB6 PIN 494 TYPE 0 GENOME gameplay_screen__GB8 PIN 206
INST gameplay_screen__GB8 PIN 207: INST gameplay_screen__GB6 PIN 495 TYPE 0 GENOME gameplay_screen__GB8 PIN 207
INST gameplay_screen__GB8 PIN 208: INST gameplay_screen__GB6 PIN 496 TYPE 0 GENOME gameplay_screen__GB8 PIN 208
INST gameplay_screen__GB8 PIN 209: INST gameplay_screen__GB6 PIN 497 TYPE 0 GENOME gameplay_screen__GB8 PIN 209
INST gameplay_screen__GB8 PIN 210: INST gameplay_screen__GB8 PIN 211 TYPE 2 INST gameplay_screen__GB6 PIN 499 TYPE 4 INST gameplay_screen__GB8 PIN 212 TYPE 2 INST gameplay_screen__GB6 PIN 500 TYPE 4 INST gameplay_screen__GB8 PIN 213 TYPE 2 INST gameplay_screen__GB6 PIN 501 TYPE 4
INST gameplay_screen__GB8 PIN 178: INST gameplay_screen__GB8 PIN 179 TYPE 2 INST gameplay_screen__GB6 PIN 597 TYPE 4 INST gameplay_screen__GB8 PIN 180 TYPE 2 INST gameplay_screen__GB6 PIN 598 TYPE 4 INST gameplay_screen__GB8 PIN 181 TYPE 2 INST gameplay_screen__GB6 PIN 599 TYPE 4
INST gameplay_screen__GB8 PIN 182: INST gameplay_screen__GB6 PIN 600 TYPE 0 GENOME gameplay_screen__GB8 PIN 182
INST gameplay_screen__GB8 PIN 183: INST gameplay_screen__GB6 PIN 601 TYPE 0 GENOME gameplay_screen__GB8 PIN 183
INST gameplay_screen__GB8 PIN 184: INST gameplay_screen__GB6 PIN 602 TYPE 0 GENOME gameplay_screen__GB8 PIN 184
INST gameplay_screen__GB8 PIN 185: INST gameplay_screen__GB6 PIN 603 TYPE 0 GENOME gameplay_screen__GB8 PIN 185
INST gameplay_screen__GB8 PIN 186: INST gameplay_screen__GB6 PIN 604 TYPE 0 GENOME gameplay_screen__GB8 PIN 186
INST gameplay_screen__GB8 PIN 187: INST gameplay_screen__GB6 PIN 605 TYPE 0 GENOME gameplay_screen__GB8 PIN 187
INST gameplay_screen__GB8 PIN 188: INST gameplay_screen__GB6 PIN 606 TYPE 0 GENOME gameplay_screen__GB8 PIN 188
INST gameplay_screen__GB8 PIN 189: INST gameplay_screen__GB6 PIN 607 TYPE 0 GENOME gameplay_screen__GB8 PIN 189
INST gameplay_screen__GB7 PIN 131: INST gameplay_screen__GB7 PIN 132 TYPE 2 INST gameplay_screen__GB6 PIN 649 TYPE 4 INST gameplay_screen__GB7 PIN 133 TYPE 2 INST gameplay_screen__GB6 PIN 650 TYPE 4 INST gameplay_screen__GB7 PIN 134 TYPE 2 INST gameplay_screen__GB6 PIN 651 TYPE 4
INST gameplay_screen__GB7 PIN 135: INST gameplay_screen__GB6 PIN 652 TYPE 0 GENOME gameplay_screen__GB7 PIN 135
INST gameplay_screen__GB7 PIN 136: INST gameplay_screen__GB6 PIN 653 TYPE 0 GENOME gameplay_screen__GB7 PIN 136
INST gameplay_screen__GB7 PIN 137: INST gameplay_screen__GB6 PIN 654 TYPE 0 GENOME gameplay_screen__GB7 PIN 137
INST gameplay_screen__GB7 PIN 138: INST gameplay_screen__GB6 PIN 655 TYPE 0 GENOME gameplay_screen__GB7 PIN 138
INST gameplay_screen__GB7 PIN 139: INST gameplay_screen__GB6 PIN 656 TYPE 0 GENOME gameplay_screen__GB7 PIN 139
INST gameplay_screen__GB7 PIN 140: INST gameplay_screen__GB6 PIN 657 TYPE 0 GENOME gameplay_screen__GB7 PIN 140
INST gameplay_screen__GB7 PIN 141: INST gameplay_screen__GB6 PIN 658 TYPE 0 GENOME gameplay_screen__GB7 PIN 141
INST gameplay_screen__GB7 PIN 142: INST gameplay_screen__GB6 PIN 659 TYPE 0 GENOME gameplay_screen__GB7 PIN 142
INST gameplay_screen__GB7 PIN 143: INST gameplay_screen__GB7 PIN 144 TYPE 2 INST gameplay_screen__GB6 PIN 661 TYPE 4 INST gameplay_screen__GB7 PIN 145 TYPE 2 INST gameplay_screen__GB6 PIN 662 TYPE 4 INST gameplay_screen__GB7 PIN 146 TYPE 2 INST gameplay_screen__GB6 PIN 663 TYPE 4
INST gameplay_screen__GB7 PIN 147: INST gameplay_screen__GB6 PIN 664 TYPE 0 GENOME gameplay_screen__GB7 PIN 147
INST gameplay_screen__GB7 PIN 148: INST gameplay_screen__GB6 PIN 665 TYPE 0 GENOME gameplay_screen__GB7 PIN 148
INST gameplay_screen__GB7 PIN 149: INST gameplay_screen__GB6 PIN 666 TYPE 0 GENOME gameplay_screen__GB7 PIN 149
INST gameplay_screen__GB7 PIN 150: INST gameplay_screen__GB6 PIN 667 TYPE 0 GENOME gameplay_screen__GB7 PIN 150
INST gameplay_screen__GB7 PIN 151: INST gameplay_screen__GB6 PIN 668 TYPE 0 GENOME gameplay_screen__GB7 PIN 151
INST gameplay_screen__GB7 PIN 152: INST gameplay_screen__GB6 PIN 669 TYPE 0 GENOME gameplay_screen__GB7 PIN 152
INST gameplay_screen__GB7 PIN 153: INST gameplay_screen__GB6 PIN 670 TYPE 0 GENOME gameplay_screen__GB7 PIN 153
INST gameplay_screen__GB7 PIN 154: INST gameplay_screen__GB6 PIN 671 TYPE 0 GENOME gameplay_screen__GB7 PIN 154
INST gameplay_screen__GB7 PIN 155: INST gameplay_screen__GB6 PIN 672 TYPE 0 GENOME gameplay_screen__GB7 PIN 155
INST gameplay_screen__GB7 PIN 156: INST gameplay_screen__GB6 PIN 673 TYPE 0 GENOME gameplay_screen__GB7 PIN 156
INST gameplay_screen__GB7 PIN 157: INST gameplay_screen__GB6 PIN 674 TYPE 0 GENOME gameplay_screen__GB7 PIN 157
INST gameplay_screen__GB7 PIN 158: INST gameplay_screen__GB6 PIN 675 TYPE 0 GENOME gameplay_screen__GB7 PIN 158
INST gameplay_screen__GB7 PIN 159: INST gameplay_screen__GB6 PIN 676 TYPE 0 GENOME gameplay_screen__GB7 PIN 159
INST gameplay_screen__GB7 PIN 160: INST gameplay_screen__GB6 PIN 677 TYPE 0 GENOME gameplay_screen__GB7 PIN 160
INST gameplay_screen__GB7 PIN 161: INST gameplay_screen__GB6 PIN 678 TYPE 0 GENOME gameplay_screen__GB7 PIN 161
INST gameplay_screen__GB7 PIN 162: INST gameplay_screen__GB6 PIN 679 TYPE 0 GENOME gameplay_screen__GB7 PIN 162
INST gameplay_screen__GB7 PIN 163: INST gameplay_screen__GB7 PIN 164 TYPE 2 INST gameplay_screen__GB6 PIN 681 TYPE 4 INST gameplay_screen__GB7 PIN 165 TYPE 2 INST gameplay_screen__GB6 PIN 682 TYPE 4 INST gameplay_screen__GB7 PIN 166 TYPE 2 INST gameplay_screen__GB6 PIN 683 TYPE 4
INST gameplay_screen__GB7 PIN 167: INST gameplay_screen__GB6 PIN 684 TYPE 0 GENOME gameplay_screen__GB7 PIN 167
INST gameplay_screen__GB7 PIN 168: INST gameplay_screen__GB6 PIN 685 TYPE 0 GENOME gameplay_screen__GB7 PIN 168
INST gameplay_screen__GB7 PIN 169: INST gameplay_screen__GB6 PIN 686 TYPE 0 GENOME gameplay_screen__GB7 PIN 169
INST gameplay_screen__GB7 PIN 170: INST gameplay_screen__GB6 PIN 687 TYPE 0 GENOME gameplay_screen__GB7 PIN 170
INST gameplay_screen__GB7 PIN 171: INST gameplay_screen__GB6 PIN 688 TYPE 0 GENOME gameplay_screen__GB7 PIN 171
INST gameplay_screen__GB7 PIN 172: INST gameplay_screen__GB6 PIN 689 TYPE 0 GENOME gameplay_screen__GB7 PIN 172
INST gameplay_screen__GB7 PIN 173: INST gameplay_screen__GB6 PIN 690 TYPE 0 GENOME gameplay_screen__GB7 PIN 173
INST gameplay_screen__GB7 PIN 174: INST gameplay_screen__GB6 PIN 691 TYPE 0 GENOME gameplay_screen__GB7 PIN 174
INST gameplay_screen__GB7 PIN 175: INST gameplay_screen__GB7 PIN 176 TYPE 2 INST gameplay_screen__GB6 PIN 693 TYPE 4 INST gameplay_screen__GB7 PIN 177 TYPE 2 INST gameplay_screen__GB6 PIN 694 TYPE 4 INST gameplay_screen__GB7 PIN 178 TYPE 2 INST gameplay_screen__GB6 PIN 695 TYPE 4
INST gameplay_screen__GB7 PIN 179: INST gameplay_screen__GB7 PIN 180 TYPE 2 INST gameplay_screen__GB6 PIN 697 TYPE 4 INST gameplay_screen__GB7 PIN 181 TYPE 2 INST gameplay_screen__GB6 PIN 698 TYPE 4 INST gameplay_screen__GB7 PIN 182 TYPE 2 INST gameplay_screen__GB6 PIN 699 TYPE 4
INST gameplay_screen__GB7 PIN 183: INST gameplay_screen__GB6 PIN 700 TYPE 0 GENOME gameplay_screen__GB7 PIN 183
INST gameplay_screen__GB7 PIN 184: INST gameplay_screen__GB6 PIN 701 TYPE 0 GENOME gameplay_screen__GB7 PIN 184
INST gameplay_screen__GB7 PIN 185: INST gameplay_screen__GB6 PIN 702 TYPE 0 GENOME gameplay_screen__GB7 PIN 185
INST gameplay_screen__GB7 PIN 186: INST gameplay_screen__GB6 PIN 703 TYPE 0 GENOME gameplay_screen__GB7 PIN 186
INST gameplay_screen__GB7 PIN 187: INST gameplay_screen__GB6 PIN 704 TYPE 0 GENOME gameplay_screen__GB7 PIN 187
INST gameplay_screen__GB7 PIN 188: INST gameplay_screen__GB6 PIN 705 TYPE 0 GENOME gameplay_screen__GB7 PIN 188
INST gameplay_screen__GB7 PIN 189: INST gameplay_screen__GB6 PIN 706 TYPE 0 GENOME gameplay_screen__GB7 PIN 189
INST gameplay_screen__GB7 PIN 190: INST gameplay_screen__GB6 PIN 707 TYPE 0 GENOME gameplay_screen__GB7 PIN 190
INST gameplay_screen__GB7 PIN 191: INST gameplay_screen__GB7 PIN 192 TYPE 2 INST gameplay_screen__GB6 PIN 709 TYPE 4 INST gameplay_screen__GB7 PIN 193 TYPE 2 INST gameplay_screen__GB6 PIN 710 TYPE 4 INST gameplay_screen__GB7 PIN 194 TYPE 2 INST gameplay_screen__GB6 PIN 711 TYPE 4
INST gameplay_screen__GB7 PIN 195: INST gameplay_screen__GB6 PIN 712 TYPE 0 GENOME gameplay_screen__GB7 PIN 195
INST gameplay_screen__GB7 PIN 196: INST gameplay_screen__GB6 PIN 713 TYPE 0 GENOME gameplay_screen__GB7 PIN 196
INST gameplay_screen__GB7 PIN 197: INST gameplay_screen__GB6 PIN 714 TYPE 0 GENOME gameplay_screen__GB7 PIN 197
INST gameplay_screen__GB7 PIN 198: INST gameplay_screen__GB6 PIN 715 TYPE 0 GENOME gameplay_screen__GB7 PIN 198
INST gameplay_screen__GB7 PIN 199: INST gameplay_screen__GB6 PIN 716 TYPE 0 GENOME gameplay_screen__GB7 PIN 199
INST gameplay_screen__GB7 PIN 200: INST gameplay_screen__GB6 PIN 717 TYPE 0 GENOME gameplay_screen__GB7 PIN 200
INST gameplay_screen__GB7 PIN 201: INST gameplay_screen__GB6 PIN 718 TYPE 0 GENOME gameplay_screen__GB7 PIN 201
INST gameplay_screen__GB7 PIN 202: INST gameplay_screen__GB6 PIN 719 TYPE 0 GENOME gameplay_screen__GB7 PIN 202
INST gameplay_screen__GB7 PIN 203: INST gameplay_screen__GB6 PIN 720 TYPE 0 GENOME gameplay_screen__GB7 PIN 203
INST gameplay_screen__GB7 PIN 204: INST gameplay_screen__GB6 PIN 721 TYPE 0 GENOME gameplay_screen__GB7 PIN 204
INST gameplay_screen__GB7 PIN 205: INST gameplay_screen__GB6 PIN 722 TYPE 0 GENOME gameplay_screen__GB7 PIN 205
INST gameplay_screen__GB7 PIN 206: INST gameplay_screen__GB6 PIN 723 TYPE 0 GENOME gameplay_screen__GB7 PIN 206
INST gameplay_screen__GB7 PIN 207: INST gameplay_screen__GB6 PIN 724 TYPE 0 GENOME gameplay_screen__GB7 PIN 207
INST gameplay_screen__GB7 PIN 208: INST gameplay_screen__GB6 PIN 725 TYPE 0 GENOME gameplay_screen__GB7 PIN 208
INST gameplay_screen__GB7 PIN 209: INST gameplay_screen__GB6 PIN 726 TYPE 0 GENOME gameplay_screen__GB7 PIN 209
INST gameplay_screen__GB7 PIN 210: INST gameplay_screen__GB6 PIN 727 TYPE 0 GENOME gameplay_screen__GB7 PIN 210
INST gameplay_screen__GB7 PIN 211: INST gameplay_screen__GB7 PIN 212 TYPE 2 INST gameplay_screen__GB6 PIN 729 TYPE 4 INST gameplay_screen__GB7 PIN 213 TYPE 2 INST gameplay_screen__GB6 PIN 730 TYPE 4 INST gameplay_screen__GB7 PIN 214 TYPE 2 INST gameplay_screen__GB6 PIN 731 TYPE 4
INST gameplay_screen__GB7 PIN 215: INST gameplay_screen__GB6 PIN 732 TYPE 0 GENOME gameplay_screen__GB7 PIN 215
INST gameplay_screen__GB7 PIN 216: INST gameplay_screen__GB6 PIN 733 TYPE 0 GENOME gameplay_screen__GB7 PIN 216
INST gameplay_screen__GB7 PIN 217: INST gameplay_screen__GB6 PIN 734 TYPE 0 GENOME gameplay_screen__GB7 PIN 217
INST gameplay_screen__GB7 PIN 218: INST gameplay_screen__GB6 PIN 735 TYPE 0 GENOME gameplay_screen__GB7 PIN 218
INST gameplay_screen__GB7 PIN 219: INST gameplay_screen__GB6 PIN 736 TYPE 0 GENOME gameplay_screen__GB7 PIN 219
INST gameplay_screen__GB7 PIN 220: INST gameplay_screen__GB6 PIN 737 TYPE 0 GENOME gameplay_screen__GB7 PIN 220
INST gameplay_screen__GB7 PIN 221: INST gameplay_screen__GB6 PIN 738 TYPE 0 GENOME gameplay_screen__GB7 PIN 221
INST gameplay_screen__GB7 PIN 222: INST gameplay_screen__GB6 PIN 739 TYPE 0 GENOME gameplay_screen__GB7 PIN 222
INST gameplay_screen__GB7 PIN 223: INST gameplay_screen__GB7 PIN 224 TYPE 2 INST gameplay_screen__GB6 PIN 741 TYPE 4 INST gameplay_screen__GB7 PIN 225 TYPE 2 INST gameplay_screen__GB6 PIN 742 TYPE 4 INST gameplay_screen__GB7 PIN 226 TYPE 2 INST gameplay_screen__GB6 PIN 743 TYPE 4
INST gameplay_screen__GB7 PIN 227: INST gameplay_screen__GB7 PIN 228 TYPE 2 INST gameplay_screen__GB6 PIN 745 TYPE 4 INST gameplay_screen__GB7 PIN 229 TYPE 2 INST gameplay_screen__GB6 PIN 746 TYPE 4 INST gameplay_screen__GB7 PIN 230 TYPE 2 INST gameplay_screen__GB6 PIN 747 TYPE 4
INST gameplay_screen__GB7 PIN 231: INST gameplay_screen__GB6 PIN 748 TYPE 0 GENOME gameplay_screen__GB7 PIN 231
INST gameplay_screen__GB7 PIN 232: INST gameplay_screen__GB6 PIN 749 TYPE 0 GENOME gameplay_screen__GB7 PIN 232
INST gameplay_screen__GB7 PIN 233: INST gameplay_screen__GB6 PIN 750 TYPE 0 GENOME gameplay_screen__GB7 PIN 233
INST gameplay_screen__GB7 PIN 234: INST gameplay_screen__GB6 PIN 751 TYPE 0 GENOME gameplay_screen__GB7 PIN 234
INST gameplay_screen__GB7 PIN 235: INST gameplay_screen__GB6 PIN 752 TYPE 0 GENOME gameplay_screen__GB7 PIN 235
INST gameplay_screen__GB7 PIN 236: INST gameplay_screen__GB6 PIN 753 TYPE 0 GENOME gameplay_screen__GB7 PIN 236
INST gameplay_screen__GB7 PIN 237: INST gameplay_screen__GB6 PIN 754 TYPE 0 GENOME gameplay_screen__GB7 PIN 237
INST gameplay_screen__GB7 PIN 238: INST gameplay_screen__GB6 PIN 755 TYPE 0 GENOME gameplay_screen__GB7 PIN 238
INST gameplay_screen__GB7 PIN 239: INST gameplay_screen__GB7 PIN 240 TYPE 2 INST gameplay_screen__GB6 PIN 757 TYPE 4 INST gameplay_screen__GB7 PIN 241 TYPE 2 INST gameplay_screen__GB6 PIN 758 TYPE 4 INST gameplay_screen__GB7 PIN 242 TYPE 2 INST gameplay_screen__GB6 PIN 759 TYPE 4
INST gameplay_screen__GB7 PIN 243: INST gameplay_screen__GB6 PIN 760 TYPE 0 GENOME gameplay_screen__GB7 PIN 243
INST gameplay_screen__GB7 PIN 244: INST gameplay_screen__GB6 PIN 761 TYPE 0 GENOME gameplay_screen__GB7 PIN 244
INST gameplay_screen__GB7 PIN 245: INST gameplay_screen__GB6 PIN 762 TYPE 0 GENOME gameplay_screen__GB7 PIN 245
INST gameplay_screen__GB7 PIN 246: INST gameplay_screen__GB6 PIN 763 TYPE 0 GENOME gameplay_screen__GB7 PIN 246
INST gameplay_screen__GB7 PIN 247: INST gameplay_screen__GB6 PIN 764 TYPE 0 GENOME gameplay_screen__GB7 PIN 247
INST gameplay_screen__GB7 PIN 248: INST gameplay_screen__GB6 PIN 765 TYPE 0 GENOME gameplay_screen__GB7 PIN 248
INST gameplay_screen__GB7 PIN 249: INST gameplay_screen__GB6 PIN 766 TYPE 0 GENOME gameplay_screen__GB7 PIN 249
INST gameplay_screen__GB7 PIN 250: INST gameplay_screen__GB6 PIN 767 TYPE 0 GENOME gameplay_screen__GB7 PIN 250
INST gameplay_screen__GB7 PIN 251: INST gameplay_screen__GB6 PIN 768 TYPE 0 GENOME gameplay_screen__GB7 PIN 251
INST gameplay_screen__GB7 PIN 252: INST gameplay_screen__GB6 PIN 769 TYPE 0 GENOME gameplay_screen__GB7 PIN 252
INST gameplay_screen__GB7 PIN 253: INST gameplay_screen__GB6 PIN 770 TYPE 0 GENOME gameplay_screen__GB7 PIN 253
INST gameplay_screen__GB7 PIN 254: INST gameplay_screen__GB6 PIN 771 TYPE 0 GENOME gameplay_screen__GB7 PIN 254
INST gameplay_screen__GB7 PIN 255: INST gameplay_screen__GB6 PIN 772 TYPE 0 GENOME gameplay_screen__GB7 PIN 255
INST gameplay_screen__GB7 PIN 256: INST gameplay_screen__GB6 PIN 773 TYPE 0 GENOME gameplay_screen__GB7 PIN 256
INST gameplay_screen__GB7 PIN 257: INST gameplay_screen__GB6 PIN 774 TYPE 0 GENOME gameplay_screen__GB7 PIN 257
INST gameplay_screen__GB7 PIN 258: INST gameplay_screen__GB6 PIN 775 TYPE 0 GENOME gameplay_screen__GB7 PIN 258
INST gameplay_screen__GB7 PIN 259: INST gameplay_screen__GB7 PIN 260 TYPE 2 INST gameplay_screen__GB6 PIN 777 TYPE 4 INST gameplay_screen__GB7 PIN 261 TYPE 2 INST gameplay_screen__GB6 PIN 778 TYPE 4 INST gameplay_screen__GB7 PIN 262 TYPE 2 INST gameplay_screen__GB6 PIN 779 TYPE 4
INST gameplay_screen__GB7 PIN 263: INST gameplay_screen__GB6 PIN 780 TYPE 0 GENOME gameplay_screen__GB7 PIN 263
INST gameplay_screen__GB7 PIN 264: INST gameplay_screen__GB6 PIN 781 TYPE 0 GENOME gameplay_screen__GB7 PIN 264
INST gameplay_screen__GB7 PIN 265: INST gameplay_screen__GB6 PIN 782 TYPE 0 GENOME gameplay_screen__GB7 PIN 265
INST gameplay_screen__GB7 PIN 266: INST gameplay_screen__GB6 PIN 783 TYPE 0 GENOME gameplay_screen__GB7 PIN 266
INST gameplay_screen__GB7 PIN 267: INST gameplay_screen__GB6 PIN 784 TYPE 0 GENOME gameplay_screen__GB7 PIN 267
INST gameplay_screen__GB7 PIN 268: INST gameplay_screen__GB6 PIN 785 TYPE 0 GENOME gameplay_screen__GB7 PIN 268
INST gameplay_screen__GB7 PIN 269: INST gameplay_screen__GB6 PIN 786 TYPE 0 GENOME gameplay_screen__GB7 PIN 269
INST gameplay_screen__GB7 PIN 270: INST gameplay_screen__GB6 PIN 787 TYPE 0 GENOME gameplay_screen__GB7 PIN 270
INST gameplay_screen__GB7 PIN 271: INST gameplay_screen__GB7 PIN 272 TYPE 2 INST gameplay_screen__GB6 PIN 789 TYPE 4 INST gameplay_screen__GB7 PIN 273 TYPE 2 INST gameplay_screen__GB6 PIN 790 TYPE 4 INST gameplay_screen__GB7 PIN 274 TYPE 2 INST gameplay_screen__GB6 PIN 791 TYPE 4
INST gameplay_screen__GB7 PIN 275: INST gameplay_screen__GB7 PIN 276 TYPE 2 INST gameplay_screen__GB6 PIN 793 TYPE 4 INST gameplay_screen__GB7 PIN 277 TYPE 2 INST gameplay_screen__GB6 PIN 794 TYPE 4 INST gameplay_screen__GB7 PIN 278 TYPE 2 INST gameplay_screen__GB6 PIN 795 TYPE 4
INST gameplay_screen__GB7 PIN 279: INST gameplay_screen__GB6 PIN 796 TYPE 0 GENOME gameplay_screen__GB7 PIN 279
INST gameplay_screen__GB7 PIN 280: INST gameplay_screen__GB6 PIN 797 TYPE 0 GENOME gameplay_screen__GB7 PIN 280
INST gameplay_screen__GB7 PIN 281: INST gameplay_screen__GB6 PIN 798 TYPE 0 GENOME gameplay_screen__GB7 PIN 281
INST gameplay_screen__GB7 PIN 282: INST gameplay_screen__GB6 PIN 799 TYPE 0 GENOME gameplay_screen__GB7 PIN 282
INST gameplay_screen__GB7 PIN 283: INST gameplay_screen__GB6 PIN 800 TYPE 0 GENOME gameplay_screen__GB7 PIN 283
INST gameplay_screen__GB7 PIN 284: INST gameplay_screen__GB6 PIN 801 TYPE 0 GENOME gameplay_screen__GB7 PIN 284
INST gameplay_screen__GB7 PIN 285: INST gameplay_screen__GB6 PIN 802 TYPE 0 GENOME gameplay_screen__GB7 PIN 285
INST gameplay_screen__GB7 PIN 286: INST gameplay_screen__GB6 PIN 803 TYPE 0 GENOME gameplay_screen__GB7 PIN 286
INST gameplay_screen__GB7 PIN 287: INST gameplay_screen__GB7 PIN 288 TYPE 2 INST gameplay_screen__GB6 PIN 805 TYPE 4 INST gameplay_screen__GB7 PIN 289 TYPE 2 INST gameplay_screen__GB6 PIN 806 TYPE 4 INST gameplay_screen__GB7 PIN 290 TYPE 2 INST gameplay_screen__GB6 PIN 807 TYPE 4
INST gameplay_screen__GB7 PIN 291: INST gameplay_screen__GB6 PIN 808 TYPE 0 GENOME gameplay_screen__GB7 PIN 291
INST gameplay_screen__GB7 PIN 292: INST gameplay_screen__GB6 PIN 809 TYPE 0 GENOME gameplay_screen__GB7 PIN 292
INST gameplay_screen__GB7 PIN 293: INST gameplay_screen__GB6 PIN 810 TYPE 0 GENOME gameplay_screen__GB7 PIN 293
INST gameplay_screen__GB7 PIN 294: INST gameplay_screen__GB6 PIN 811 TYPE 0 GENOME gameplay_screen__GB7 PIN 294
INST gameplay_screen__GB7 PIN 295: INST gameplay_screen__GB6 PIN 812 TYPE 0 GENOME gameplay_screen__GB7 PIN 295
INST gameplay_screen__GB7 PIN 296: INST gameplay_screen__GB6 PIN 813 TYPE 0 GENOME gameplay_screen__GB7 PIN 296
INST gameplay_screen__GB7 PIN 297: INST gameplay_screen__GB6 PIN 814 TYPE 0 GENOME gameplay_screen__GB7 PIN 297
INST gameplay_screen__GB7 PIN 298: INST gameplay_screen__GB6 PIN 815 TYPE 0 GENOME gameplay_screen__GB7 PIN 298
INST gameplay_screen__GB7 PIN 65: INST gameplay_screen__GB7 PIN 66 TYPE 2 INST gameplay_screen__GB6 PIN 817 TYPE 4 INST gameplay_screen__GB7 PIN 67 TYPE 2 INST gameplay_screen__GB6 PIN 818 TYPE 4 INST gameplay_screen__GB7 PIN 68 TYPE 2 INST gameplay_screen__GB6 PIN 819 TYPE 4
INST gameplay_screen__GB7 PIN 69: INST gameplay_screen__GB6 PIN 820 TYPE 0 GENOME gameplay_screen__GB7 PIN 69
INST gameplay_screen__GB7 PIN 70: INST gameplay_screen__GB6 PIN 821 TYPE 0 GENOME gameplay_screen__GB7 PIN 70
INST gameplay_screen__GB7 PIN 71: INST gameplay_screen__GB6 PIN 822 TYPE 0 GENOME gameplay_screen__GB7 PIN 71
INST gameplay_screen__GB7 PIN 72: INST gameplay_screen__GB6 PIN 823 TYPE 0 GENOME gameplay_screen__GB7 PIN 72
INST gameplay_screen__GB7 PIN 73: INST gameplay_screen__GB6 PIN 824 TYPE 0 GENOME gameplay_screen__GB7 PIN 73
INST gameplay_screen__GB7 PIN 74: INST gameplay_screen__GB6 PIN 825 TYPE 0 GENOME gameplay_screen__GB7 PIN 74
INST gameplay_screen__GB7 PIN 75: INST gameplay_screen__GB6 PIN 826 TYPE 0 GENOME gameplay_screen__GB7 PIN 75
INST gameplay_screen__GB7 PIN 76: INST gameplay_screen__GB6 PIN 827 TYPE 0 GENOME gameplay_screen__GB7 PIN 76
INST gameplay_screen__GB7 PIN 53: INST gameplay_screen__GB7 PIN 54 TYPE 2 INST gameplay_screen__GB6 PIN 829 TYPE 4 INST gameplay_screen__GB7 PIN 55 TYPE 2 INST gameplay_screen__GB6 PIN 830 TYPE 4 INST gameplay_screen__GB7 PIN 56 TYPE 2 INST gameplay_screen__GB6 PIN 831 TYPE 4
INST gameplay_screen__GB7 PIN 57: INST gameplay_screen__GB6 PIN 832 TYPE 0 GENOME gameplay_screen__GB7 PIN 57
INST gameplay_screen__GB7 PIN 58: INST gameplay_screen__GB6 PIN 833 TYPE 0 GENOME gameplay_screen__GB7 PIN 58
INST gameplay_screen__GB7 PIN 59: INST gameplay_screen__GB6 PIN 834 TYPE 0 GENOME gameplay_screen__GB7 PIN 59
INST gameplay_screen__GB7 PIN 60: INST gameplay_screen__GB6 PIN 835 TYPE 0 GENOME gameplay_screen__GB7 PIN 60
INST gameplay_screen__GB7 PIN 61: INST gameplay_screen__GB6 PIN 836 TYPE 0 GENOME gameplay_screen__GB7 PIN 61
INST gameplay_screen__GB7 PIN 62: INST gameplay_screen__GB6 PIN 837 TYPE 0 GENOME gameplay_screen__GB7 PIN 62
INST gameplay_screen__GB7 PIN 63: INST gameplay_screen__GB6 PIN 838 TYPE 0 GENOME gameplay_screen__GB7 PIN 63
INST gameplay_screen__GB7 PIN 64: INST gameplay_screen__GB6 PIN 839 TYPE 0 GENOME gameplay_screen__GB7 PIN 64
INST gameplay_screen__GB8 PIN 190: INST gameplay_screen__GB8 PIN 191 TYPE 2 INST gameplay_screen__GB6 PIN 841 TYPE 4 INST gameplay_screen__GB8 PIN 192 TYPE 2 INST gameplay_screen__GB6 PIN 842 TYPE 4 INST gameplay_screen__GB8 PIN 193 TYPE 2 INST gameplay_screen__GB6 PIN 843 TYPE 4 INST gameplay_screen__GB8 PIN 194 TYPE 2 INST gameplay_screen__GB6 PIN 844 TYPE 4 INST gameplay_screen__GB8 PIN 195 TYPE 2 INST gameplay_screen__GB6 PIN 845 TYPE 4 INST gameplay_screen__GB8 PIN 196 TYPE 2 INST gameplay_screen__GB6 PIN 846 TYPE 4 INST gameplay_screen__GB8 PIN 197 TYPE 2 INST gameplay_screen__GB6 PIN 847 TYPE 4 INST gameplay_screen__GB8 PIN 198 TYPE 2 INST gameplay_screen__GB6 PIN 848 TYPE 4 INST gameplay_screen__GB8 PIN 199 TYPE 2 INST gameplay_screen__GB6 PIN 849 TYPE 4 INST gameplay_screen__GB8 PIN 200 TYPE 2 INST gameplay_screen__GB6 PIN 850 TYPE 4 INST gameplay_screen__GB8 PIN 201 TYPE 2 INST gameplay_screen__GB6 PIN 851 TYPE 4
INST gameplay_screen__GB8 PIN 214: INST gameplay_screen__GB8 PIN 215 TYPE 2 INST gameplay_screen__GB6 PIN 865 TYPE 4 INST gameplay_screen__GB8 PIN 216 TYPE 2 INST gameplay_screen__GB6 PIN 866 TYPE 4 INST gameplay_screen__GB8 PIN 217 TYPE 2 INST gameplay_screen__GB6 PIN 867 TYPE 4 INST gameplay_screen__GB8 PIN 218 TYPE 2 INST gameplay_screen__GB6 PIN 868 TYPE 4 INST gameplay_screen__GB8 PIN 219 TYPE 2 INST gameplay_screen__GB6 PIN 869 TYPE 4 INST gameplay_screen__GB8 PIN 220 TYPE 2 INST gameplay_screen__GB6 PIN 870 TYPE 4 INST gameplay_screen__GB8 PIN 221 TYPE 2 INST gameplay_screen__GB6 PIN 871 TYPE 4 INST gameplay_screen__GB8 PIN 222 TYPE 2 INST gameplay_screen__GB6 PIN 872 TYPE 4 INST gameplay_screen__GB8 PIN 223 TYPE 2 INST gameplay_screen__GB6 PIN 873 TYPE 4 INST gameplay_screen__GB8 PIN 224 TYPE 2 INST gameplay_screen__GB6 PIN 874 TYPE 4 INST gameplay_screen__GB8 PIN 225 TYPE 2 INST gameplay_screen__GB6 PIN 875 TYPE 4
INST gameplay_screen__GB8 PIN 238: INST gameplay_screen__GB8 PIN 239 TYPE 2 INST gameplay_screen__GB6 PIN 889 TYPE 4 INST gameplay_screen__GB8 PIN 240 TYPE 2 INST gameplay_screen__GB6 PIN 890 TYPE 4 INST gameplay_screen__GB8 PIN 241 TYPE 2 INST gameplay_screen__GB6 PIN 891 TYPE 4 INST gameplay_screen__GB8 PIN 242 TYPE 2 INST gameplay_screen__GB6 PIN 892 TYPE 4 INST gameplay_screen__GB8 PIN 243 TYPE 2 INST gameplay_screen__GB6 PIN 893 TYPE 4 INST gameplay_screen__GB8 PIN 244 TYPE 2 INST gameplay_screen__GB6 PIN 894 TYPE 4 INST gameplay_screen__GB8 PIN 245 TYPE 2 INST gameplay_screen__GB6 PIN 895 TYPE 4 INST gameplay_screen__GB8 PIN 246 TYPE 2 INST gameplay_screen__GB6 PIN 896 TYPE 4 INST gameplay_screen__GB8 PIN 247 TYPE 2 INST gameplay_screen__GB6 PIN 897 TYPE 4 INST gameplay_screen__GB8 PIN 248 TYPE 2 INST gameplay_screen__GB6 PIN 898 TYPE 4 INST gameplay_screen__GB8 PIN 249 TYPE 2 INST gameplay_screen__GB6 PIN 899 TYPE 4
INST gameplay_screen__GB8 PIN 286: INST gameplay_screen__GB8 PIN 287 TYPE 2 INST gameplay_screen__GB6 PIN 1009 TYPE 4 INST gameplay_screen__GB8 PIN 288 TYPE 2 INST gameplay_screen__GB6 PIN 1010 TYPE 4 INST gameplay_screen__GB8 PIN 289 TYPE 2 INST gameplay_screen__GB6 PIN 1011 TYPE 4 INST gameplay_screen__GB8 PIN 290 TYPE 2 INST gameplay_screen__GB6 PIN 1012 TYPE 4 INST gameplay_screen__GB8 PIN 291 TYPE 2 INST gameplay_screen__GB6 PIN 1013 TYPE 4 INST gameplay_screen__GB8 PIN 292 TYPE 2 INST gameplay_screen__GB6 PIN 1014 TYPE 4 INST gameplay_screen__GB8 PIN 293 TYPE 2 INST gameplay_screen__GB6 PIN 1015 TYPE 4 INST gameplay_screen__GB8 PIN 294 TYPE 2 INST gameplay_screen__GB6 PIN 1016 TYPE 4 INST gameplay_screen__GB8 PIN 295 TYPE 2 INST gameplay_screen__GB6 PIN 1017 TYPE 4 INST gameplay_screen__GB8 PIN 296 TYPE 2 INST gameplay_screen__GB6 PIN 1018 TYPE 4 INST gameplay_screen__GB8 PIN 297 TYPE 2 INST gameplay_screen__GB6 PIN 1019 TYPE 4
INST gameplay_screen__GB8 PIN 298: INST gameplay_screen__GB8 PIN 299 TYPE 2 INST gameplay_screen__GB6 PIN 1033 TYPE 4 INST gameplay_screen__GB8 PIN 300 TYPE 2 INST gameplay_screen__GB6 PIN 1034 TYPE 4 INST gameplay_screen__GB8 PIN 301 TYPE 2 INST gameplay_screen__GB6 PIN 1035 TYPE 4 INST gameplay_screen__GB8 PIN 302 TYPE 2 INST gameplay_screen__GB6 PIN 1036 TYPE 4 INST gameplay_screen__GB8 PIN 303 TYPE 2 INST gameplay_screen__GB6 PIN 1037 TYPE 4 INST gameplay_screen__GB8 PIN 304 TYPE 2 INST gameplay_screen__GB6 PIN 1038 TYPE 4 INST gameplay_screen__GB8 PIN 305 TYPE 2 INST gameplay_screen__GB6 PIN 1039 TYPE 4 INST gameplay_screen__GB8 PIN 306 TYPE 2 INST gameplay_screen__GB6 PIN 1040 TYPE 4 INST gameplay_screen__GB8 PIN 307 TYPE 2 INST gameplay_screen__GB6 PIN 1041 TYPE 4 INST gameplay_screen__GB8 PIN 308 TYPE 2 INST gameplay_screen__GB6 PIN 1042 TYPE 4 INST gameplay_screen__GB8 PIN 309 TYPE 2 INST gameplay_screen__GB6 PIN 1043 TYPE 4
INST gameplay_screen__GB8 PIN 310: INST gameplay_screen__GB8 PIN 311 TYPE 2 INST gameplay_screen__GB6 PIN 1057 TYPE 4 INST gameplay_screen__GB8 PIN 312 TYPE 2 INST gameplay_screen__GB6 PIN 1058 TYPE 4 INST gameplay_screen__GB8 PIN 313 TYPE 2 INST gameplay_screen__GB6 PIN 1059 TYPE 4 INST gameplay_screen__GB8 PIN 314 TYPE 2 INST gameplay_screen__GB6 PIN 1060 TYPE 4 INST gameplay_screen__GB8 PIN 315 TYPE 2 INST gameplay_screen__GB6 PIN 1061 TYPE 4 INST gameplay_screen__GB8 PIN 316 TYPE 2 INST gameplay_screen__GB6 PIN 1062 TYPE 4 INST gameplay_screen__GB8 PIN 317 TYPE 2 INST gameplay_screen__GB6 PIN 1063 TYPE 4 INST gameplay_screen__GB8 PIN 318 TYPE 2 INST gameplay_screen__GB6 PIN 1064 TYPE 4 INST gameplay_screen__GB8 PIN 319 TYPE 2 INST gameplay_screen__GB6 PIN 1065 TYPE 4 INST gameplay_screen__GB8 PIN 320 TYPE 2 INST gameplay_screen__GB6 PIN 1066 TYPE 4 INST gameplay_screen__GB8 PIN 321 TYPE 2 INST gameplay_screen__GB6 PIN 1067 TYPE 4
INST gameplay_screen__GB7 PIN 119: INST gameplay_screen__GB7 PIN 120 TYPE 2 INST gameplay_screen__GB6 PIN 1069 TYPE 4 INST gameplay_screen__GB7 PIN 121 TYPE 2 INST gameplay_screen__GB6 PIN 1070 TYPE 4 INST gameplay_screen__GB7 PIN 122 TYPE 2 INST gameplay_screen__GB6 PIN 1071 TYPE 4 INST gameplay_screen__GB7 PIN 123 TYPE 2 INST gameplay_screen__GB6 PIN 1072 TYPE 4 INST gameplay_screen__GB7 PIN 124 TYPE 2 INST gameplay_screen__GB6 PIN 1073 TYPE 4 INST gameplay_screen__GB7 PIN 125 TYPE 2 INST gameplay_screen__GB6 PIN 1074 TYPE 4 INST gameplay_screen__GB7 PIN 126 TYPE 2 INST gameplay_screen__GB6 PIN 1075 TYPE 4 INST gameplay_screen__GB7 PIN 127 TYPE 2 INST gameplay_screen__GB6 PIN 1076 TYPE 4 INST gameplay_screen__GB7 PIN 128 TYPE 2 INST gameplay_screen__GB6 PIN 1077 TYPE 4 INST gameplay_screen__GB7 PIN 129 TYPE 2 INST gameplay_screen__GB6 PIN 1078 TYPE 4 INST gameplay_screen__GB7 PIN 130 TYPE 2 INST gameplay_screen__GB6 PIN 1079 TYPE 4
INST gameplay_screen__GB8 PIN 142: INST gameplay_screen__GB8 PIN 143 TYPE 2 INST gameplay_screen__GB6 PIN 1093 TYPE 4 INST gameplay_screen__GB8 PIN 144 TYPE 2 INST gameplay_screen__GB6 PIN 1094 TYPE 4 INST gameplay_screen__GB8 PIN 145 TYPE 2 INST gameplay_screen__GB6 PIN 1095 TYPE 4
INST gameplay_screen__GB8 PIN 146: INST gameplay_screen__GB6 PIN 1096 TYPE 0 GENOME gameplay_screen__GB8 PIN 146
INST gameplay_screen__GB8 PIN 147: INST gameplay_screen__GB6 PIN 1097 TYPE 0 GENOME gameplay_screen__GB8 PIN 147
INST gameplay_screen__GB8 PIN 148: INST gameplay_screen__GB6 PIN 1098 TYPE 0 GENOME gameplay_screen__GB8 PIN 148
INST gameplay_screen__GB8 PIN 149: INST gameplay_screen__GB6 PIN 1099 TYPE 0 GENOME gameplay_screen__GB8 PIN 149
INST gameplay_screen__GB8 PIN 150: INST gameplay_screen__GB6 PIN 1100 TYPE 0 GENOME gameplay_screen__GB8 PIN 150
INST gameplay_screen__GB8 PIN 151: INST gameplay_screen__GB6 PIN 1101 TYPE 0 GENOME gameplay_screen__GB8 PIN 151
INST gameplay_screen__GB8 PIN 152: INST gameplay_screen__GB6 PIN 1102 TYPE 0 GENOME gameplay_screen__GB8 PIN 152
INST gameplay_screen__GB8 PIN 153: INST gameplay_screen__GB6 PIN 1103 TYPE 0 GENOME gameplay_screen__GB8 PIN 153
INST gameplay_screen__GB8 PIN 154: INST gameplay_screen__GB8 PIN 155 TYPE 2 INST gameplay_screen__GB6 PIN 1105 TYPE 4 INST gameplay_screen__GB8 PIN 156 TYPE 2 INST gameplay_screen__GB6 PIN 1106 TYPE 4 INST gameplay_screen__GB8 PIN 157 TYPE 2 INST gameplay_screen__GB6 PIN 1107 TYPE 4
INST gameplay_screen__GB8 PIN 158: INST gameplay_screen__GB6 PIN 1108 TYPE 0 GENOME gameplay_screen__GB8 PIN 158
INST gameplay_screen__GB8 PIN 159: INST gameplay_screen__GB6 PIN 1109 TYPE 0 GENOME gameplay_screen__GB8 PIN 159
INST gameplay_screen__GB8 PIN 160: INST gameplay_screen__GB6 PIN 1110 TYPE 0 GENOME gameplay_screen__GB8 PIN 160
INST gameplay_screen__GB8 PIN 161: INST gameplay_screen__GB6 PIN 1111 TYPE 0 GENOME gameplay_screen__GB8 PIN 161
INST gameplay_screen__GB8 PIN 162: INST gameplay_screen__GB6 PIN 1112 TYPE 0 GENOME gameplay_screen__GB8 PIN 162
INST gameplay_screen__GB8 PIN 163: INST gameplay_screen__GB6 PIN 1113 TYPE 0 GENOME gameplay_screen__GB8 PIN 163
INST gameplay_screen__GB8 PIN 164: INST gameplay_screen__GB6 PIN 1114 TYPE 0 GENOME gameplay_screen__GB8 PIN 164
INST gameplay_screen__GB8 PIN 165: INST gameplay_screen__GB6 PIN 1115 TYPE 0 GENOME gameplay_screen__GB8 PIN 165
INST gameplay_screen__GB8 PIN 166: INST gameplay_screen__GB8 PIN 167 TYPE 2 INST gameplay_screen__GB6 PIN 1117 TYPE 4 INST gameplay_screen__GB8 PIN 168 TYPE 2 INST gameplay_screen__GB6 PIN 1118 TYPE 4 INST gameplay_screen__GB8 PIN 169 TYPE 2 INST gameplay_screen__GB6 PIN 1119 TYPE 4
INST gameplay_screen__GB8 PIN 170: INST gameplay_screen__GB6 PIN 1120 TYPE 0 GENOME gameplay_screen__GB8 PIN 170
INST gameplay_screen__GB8 PIN 171: INST gameplay_screen__GB6 PIN 1121 TYPE 0 GENOME gameplay_screen__GB8 PIN 171
INST gameplay_screen__GB8 PIN 172: INST gameplay_screen__GB6 PIN 1122 TYPE 0 GENOME gameplay_screen__GB8 PIN 172
INST gameplay_screen__GB8 PIN 173: INST gameplay_screen__GB6 PIN 1123 TYPE 0 GENOME gameplay_screen__GB8 PIN 173
INST gameplay_screen__GB8 PIN 174: INST gameplay_screen__GB6 PIN 1124 TYPE 0 GENOME gameplay_screen__GB8 PIN 174
INST gameplay_screen__GB8 PIN 175: INST gameplay_screen__GB6 PIN 1125 TYPE 0 GENOME gameplay_screen__GB8 PIN 175
INST gameplay_screen__GB8 PIN 176: INST gameplay_screen__GB6 PIN 1126 TYPE 0 GENOME gameplay_screen__GB8 PIN 176
INST gameplay_screen__GB8 PIN 177: INST gameplay_screen__GB6 PIN 1127 TYPE 0 GENOME gameplay_screen__GB8 PIN 177
INST gameplay_screen__GB7 PIN 299: INST gameplay_screen__GB6 PIN 1146 TYPE 0 GENOME gameplay_screen__GB7 PIN 299
INST gameplay_screen__GB7 PIN 300: INST gameplay_screen__GB6 PIN 1147 TYPE 0 GENOME gameplay_screen__GB7 PIN 300
INST gameplay_screen__GB7 PIN 301: INST gameplay_screen__GB6 PIN 1148 TYPE 0 GENOME gameplay_screen__GB7 PIN 301
INST gameplay_screen__GB7 PIN 302: INST gameplay_screen__GB6 PIN 1149 TYPE 0 GENOME gameplay_screen__GB7 PIN 302
INST gameplay_screen__GB7 PIN 303: INST gameplay_screen__GB6 PIN 1150 TYPE 0 GENOME gameplay_screen__GB7 PIN 303
INST gameplay_screen__GB7 PIN 304: INST gameplay_screen__GB6 PIN 1151 TYPE 0 GENOME gameplay_screen__GB7 PIN 304
INST gameplay_screen__GB7 PIN 305: INST gameplay_screen__GB6 PIN 1152 TYPE 0 GENOME gameplay_screen__GB7 PIN 305
INST gameplay_screen__GB7 PIN 306: INST gameplay_screen__GB6 PIN 1153 TYPE 0 GENOME gameplay_screen__GB7 PIN 306
INST gameplay_screen__GB7 PIN 307: INST gameplay_screen__GB7 PIN 308 TYPE 2 INST gameplay_screen__GB6 PIN 1155 TYPE 4 INST gameplay_screen__GB7 PIN 309 TYPE 2 INST gameplay_screen__GB6 PIN 1156 TYPE 4 INST gameplay_screen__GB7 PIN 310 TYPE 2 INST gameplay_screen__GB6 PIN 1157 TYPE 4
INST gameplay_screen__GB8 PIN 9: GENOME gameplay_screen__GB8 PIN 9
INST gameplay_screen__GB8 PIN 10: GENOME gameplay_screen__GB8 PIN 10
INST gameplay_screen__GB8 PIN 11: GENOME gameplay_screen__GB8 PIN 11
INST gameplay_screen__GB8 PIN 13: GENOME gameplay_screen__GB8 PIN 13
INST gameplay_screen__GB8 PIN 14: GENOME gameplay_screen__GB8 PIN 14
INST gameplay_screen__GB8 PIN 15: GENOME gameplay_screen__GB8 PIN 15
INST gameplay_screen__GB8 PIN 33: GENOME gameplay_screen__GB8 PIN 33
INST gameplay_screen__GB8 PIN 34: GENOME gameplay_screen__GB8 PIN 34
INST gameplay_screen__GB8 PIN 35: GENOME gameplay_screen__GB8 PIN 35
INST gameplay_screen__GB8 PIN 37: GENOME gameplay_screen__GB8 PIN 37
INST gameplay_screen__GB8 PIN 38: GENOME gameplay_screen__GB8 PIN 38
INST gameplay_screen__GB8 PIN 39: GENOME gameplay_screen__GB8 PIN 39
INST gameplay_screen__GB8 PIN 57: GENOME gameplay_screen__GB8 PIN 57
INST gameplay_screen__GB8 PIN 58: GENOME gameplay_screen__GB8 PIN 58
INST gameplay_screen__GB8 PIN 59: GENOME gameplay_screen__GB8 PIN 59
INST gameplay_screen__GB8 PIN 69: GENOME gameplay_screen__GB8 PIN 69
INST gameplay_screen__GB8 PIN 70: GENOME gameplay_screen__GB8 PIN 70
INST gameplay_screen__GB8 PIN 71: GENOME gameplay_screen__GB8 PIN 71
INST gameplay_screen__GB8 PIN 73: GENOME gameplay_screen__GB8 PIN 73
INST gameplay_screen__GB8 PIN 74: GENOME gameplay_screen__GB8 PIN 74
INST gameplay_screen__GB8 PIN 75: GENOME gameplay_screen__GB8 PIN 75
INST gameplay_screen__GB8 PIN 103: GENOME gameplay_screen__GB8 PIN 103
INST gameplay_screen__GB8 PIN 104: GENOME gameplay_screen__GB8 PIN 104
INST gameplay_screen__GB8 PIN 115: GENOME gameplay_screen__GB8 PIN 115
INST gameplay_screen__GB8 PIN 116: GENOME gameplay_screen__GB8 PIN 116
INST gameplay_screen__GB8 PIN 117: GENOME gameplay_screen__GB8 PIN 117
INST gameplay_screen__GB8 PIN 119: GENOME gameplay_screen__GB8 PIN 119
INST gameplay_screen__GB8 PIN 120: GENOME gameplay_screen__GB8 PIN 120
INST gameplay_screen__GB8 PIN 121: GENOME gameplay_screen__GB8 PIN 121
INST gameplay_screen__GB8 PIN 139: GENOME gameplay_screen__GB8 PIN 139
INST gameplay_screen__GB8 PIN 140: GENOME gameplay_screen__GB8 PIN 140
INST gameplay_screen__GB8 PIN 141: GENOME gameplay_screen__GB8 PIN 141
INST gameplay_screen__GB8 PIN 143: GENOME gameplay_screen__GB8 PIN 143
INST gameplay_screen__GB8 PIN 144: GENOME gameplay_screen__GB8 PIN 144
INST gameplay_screen__GB8 PIN 145: GENOME gameplay_screen__GB8 PIN 145
INST gameplay_screen__GB8 PIN 155: GENOME gameplay_screen__GB8 PIN 155
INST gameplay_screen__GB8 PIN 156: GENOME gameplay_screen__GB8 PIN 156
INST gameplay_screen__GB8 PIN 157: GENOME gameplay_screen__GB8 PIN 157
INST gameplay_screen__GB8 PIN 167: GENOME gameplay_screen__GB8 PIN 167
INST gameplay_screen__GB8 PIN 168: GENOME gameplay_screen__GB8 PIN 168
INST gameplay_screen__GB8 PIN 169: GENOME gameplay_screen__GB8 PIN 169
INST gameplay_screen__GB8 PIN 179: GENOME gameplay_screen__GB8 PIN 179
INST gameplay_screen__GB8 PIN 180: GENOME gameplay_screen__GB8 PIN 180
INST gameplay_screen__GB8 PIN 181: GENOME gameplay_screen__GB8 PIN 181
INST gameplay_screen__GB8 PIN 191: GENOME gameplay_screen__GB8 PIN 191
INST gameplay_screen__GB8 PIN 192: GENOME gameplay_screen__GB8 PIN 192
INST gameplay_screen__GB8 PIN 193: GENOME gameplay_screen__GB8 PIN 193
INST gameplay_screen__GB8 PIN 194: GENOME gameplay_screen__GB8 PIN 194
INST gameplay_screen__GB8 PIN 195: GENOME gameplay_screen__GB8 PIN 195
INST gameplay_screen__GB8 PIN 196: GENOME gameplay_screen__GB8 PIN 196
INST gameplay_screen__GB8 PIN 197: GENOME gameplay_screen__GB8 PIN 197
INST gameplay_screen__GB8 PIN 198: GENOME gameplay_screen__GB8 PIN 198
INST gameplay_screen__GB8 PIN 199: GENOME gameplay_screen__GB8 PIN 199
INST gameplay_screen__GB8 PIN 200: GENOME gameplay_screen__GB8 PIN 200
INST gameplay_screen__GB8 PIN 201: GENOME gameplay_screen__GB8 PIN 201
INST gameplay_screen__GB8 PIN 211: GENOME gameplay_screen__GB8 PIN 211
INST gameplay_screen__GB8 PIN 212: GENOME gameplay_screen__GB8 PIN 212
INST gameplay_screen__GB8 PIN 213: GENOME gameplay_screen__GB8 PIN 213
INST gameplay_screen__GB8 PIN 215: GENOME gameplay_screen__GB8 PIN 215
INST gameplay_screen__GB8 PIN 216: GENOME gameplay_screen__GB8 PIN 216
INST gameplay_screen__GB8 PIN 217: GENOME gameplay_screen__GB8 PIN 217
INST gameplay_screen__GB8 PIN 218: GENOME gameplay_screen__GB8 PIN 218
INST gameplay_screen__GB8 PIN 219: GENOME gameplay_screen__GB8 PIN 219
INST gameplay_screen__GB8 PIN 220: GENOME gameplay_screen__GB8 PIN 220
INST gameplay_screen__GB8 PIN 221: GENOME gameplay_screen__GB8 PIN 221
INST gameplay_screen__GB8 PIN 222: GENOME gameplay_screen__GB8 PIN 222
INST gameplay_screen__GB8 PIN 223: GENOME gameplay_screen__GB8 PIN 223
INST gameplay_screen__GB8 PIN 224: GENOME gameplay_screen__GB8 PIN 224
INST gameplay_screen__GB8 PIN 225: GENOME gameplay_screen__GB8 PIN 225
INST gameplay_screen__GB8 PIN 227: GENOME gameplay_screen__GB8 PIN 227
INST gameplay_screen__GB8 PIN 228: GENOME gameplay_screen__GB8 PIN 228
INST gameplay_screen__GB8 PIN 229: GENOME gameplay_screen__GB8 PIN 229
INST gameplay_screen__GB8 PIN 239: GENOME gameplay_screen__GB8 PIN 239
INST gameplay_screen__GB8 PIN 240: GENOME gameplay_screen__GB8 PIN 240
INST gameplay_screen__GB8 PIN 241: GENOME gameplay_screen__GB8 PIN 241
INST gameplay_screen__GB8 PIN 242: GENOME gameplay_screen__GB8 PIN 242
INST gameplay_screen__GB8 PIN 243: GENOME gameplay_screen__GB8 PIN 243
INST gameplay_screen__GB8 PIN 244: GENOME gameplay_screen__GB8 PIN 244
INST gameplay_screen__GB8 PIN 245: GENOME gameplay_screen__GB8 PIN 245
INST gameplay_screen__GB8 PIN 246: GENOME gameplay_screen__GB8 PIN 246
INST gameplay_screen__GB8 PIN 247: GENOME gameplay_screen__GB8 PIN 247
INST gameplay_screen__GB8 PIN 248: GENOME gameplay_screen__GB8 PIN 248
INST gameplay_screen__GB8 PIN 249: GENOME gameplay_screen__GB8 PIN 249
INST gameplay_screen__GB8 PIN 259: GENOME gameplay_screen__GB8 PIN 259
INST gameplay_screen__GB8 PIN 260: GENOME gameplay_screen__GB8 PIN 260
INST gameplay_screen__GB8 PIN 261: GENOME gameplay_screen__GB8 PIN 261
INST gameplay_screen__GB8 PIN 263: GENOME gameplay_screen__GB8 PIN 263
INST gameplay_screen__GB8 PIN 264: GENOME gameplay_screen__GB8 PIN 264
INST gameplay_screen__GB8 PIN 265: GENOME gameplay_screen__GB8 PIN 265
INST gameplay_screen__GB8 PIN 283: GENOME gameplay_screen__GB8 PIN 283
INST gameplay_screen__GB8 PIN 284: GENOME gameplay_screen__GB8 PIN 284
INST gameplay_screen__GB8 PIN 285: GENOME gameplay_screen__GB8 PIN 285
INST gameplay_screen__GB8 PIN 287: GENOME gameplay_screen__GB8 PIN 287
INST gameplay_screen__GB8 PIN 288: GENOME gameplay_screen__GB8 PIN 288
INST gameplay_screen__GB8 PIN 289: GENOME gameplay_screen__GB8 PIN 289
INST gameplay_screen__GB8 PIN 290: GENOME gameplay_screen__GB8 PIN 290
INST gameplay_screen__GB8 PIN 291: GENOME gameplay_screen__GB8 PIN 291
INST gameplay_screen__GB8 PIN 292: GENOME gameplay_screen__GB8 PIN 292
INST gameplay_screen__GB8 PIN 293: GENOME gameplay_screen__GB8 PIN 293
INST gameplay_screen__GB8 PIN 294: GENOME gameplay_screen__GB8 PIN 294
INST gameplay_screen__GB8 PIN 295: GENOME gameplay_screen__GB8 PIN 295
INST gameplay_screen__GB8 PIN 296: GENOME gameplay_screen__GB8 PIN 296
INST gameplay_screen__GB8 PIN 297: GENOME gameplay_screen__GB8 PIN 297
INST gameplay_screen__GB8 PIN 299: GENOME gameplay_screen__GB8 PIN 299
INST gameplay_screen__GB8 PIN 300: GENOME gameplay_screen__GB8 PIN 300
INST gameplay_screen__GB8 PIN 301: GENOME gameplay_screen__GB8 PIN 301
INST gameplay_screen__GB8 PIN 302: GENOME gameplay_screen__GB8 PIN 302
INST gameplay_screen__GB8 PIN 303: GENOME gameplay_screen__GB8 PIN 303
INST gameplay_screen__GB8 PIN 304: GENOME gameplay_screen__GB8 PIN 304
INST gameplay_screen__GB8 PIN 305: GENOME gameplay_screen__GB8 PIN 305
INST gameplay_screen__GB8 PIN 306: GENOME gameplay_screen__GB8 PIN 306
INST gameplay_screen__GB8 PIN 307: GENOME gameplay_screen__GB8 PIN 307
INST gameplay_screen__GB8 PIN 308: GENOME gameplay_screen__GB8 PIN 308
INST gameplay_screen__GB8 PIN 309: GENOME gameplay_screen__GB8 PIN 309
INST gameplay_screen__GB8 PIN 311: GENOME gameplay_screen__GB8 PIN 311
INST gameplay_screen__GB8 PIN 312: GENOME gameplay_screen__GB8 PIN 312
INST gameplay_screen__GB8 PIN 313: GENOME gameplay_screen__GB8 PIN 313
INST gameplay_screen__GB8 PIN 314: GENOME gameplay_screen__GB8 PIN 314
INST gameplay_screen__GB8 PIN 315: GENOME gameplay_screen__GB8 PIN 315
INST gameplay_screen__GB8 PIN 316: GENOME gameplay_screen__GB8 PIN 316
INST gameplay_screen__GB8 PIN 317: GENOME gameplay_screen__GB8 PIN 317
INST gameplay_screen__GB8 PIN 318: GENOME gameplay_screen__GB8 PIN 318
INST gameplay_screen__GB8 PIN 319: GENOME gameplay_screen__GB8 PIN 319
INST gameplay_screen__GB8 PIN 320: GENOME gameplay_screen__GB8 PIN 320
INST gameplay_screen__GB8 PIN 321: GENOME gameplay_screen__GB8 PIN 321
INST gameplay_screen__GB8 PIN 344: GENOME gameplay_screen__GB8 PIN 344
INST gameplay_screen__GB8 PIN 345: GENOME gameplay_screen__GB8 PIN 345
INST gameplay_screen__GB8 PIN 346: GENOME gameplay_screen__GB8 PIN 346
INST gameplay_screen__GB8 PIN 347: GENOME gameplay_screen__GB8 PIN 347
INST gameplay_screen__GB8 PIN 348: GENOME gameplay_screen__GB8 PIN 348
INST gameplay_screen__GB8 PIN 349: GENOME gameplay_screen__GB8 PIN 349
INST gameplay_screen__GB8 PIN 350: GENOME gameplay_screen__GB8 PIN 350
INST gameplay_screen__GB8 PIN 351: GENOME gameplay_screen__GB8 PIN 351
INST gameplay_screen__GB8 PIN 352: GENOME gameplay_screen__GB8 PIN 352
INST gameplay_screen__GB8 PIN 353: GENOME gameplay_screen__GB8 PIN 353
INST gameplay_screen__GB8 PIN 375: GENOME gameplay_screen__GB8 PIN 375
INST gameplay_screen__GB8 PIN 376: GENOME gameplay_screen__GB8 PIN 376
INST gameplay_screen__GB8 PIN 377: GENOME gameplay_screen__GB8 PIN 377
INST gameplay_screen__GB8 PIN 378: GENOME gameplay_screen__GB8 PIN 378
INST gameplay_screen__GB8 PIN 379: GENOME gameplay_screen__GB8 PIN 379
INST gameplay_screen__GB8 PIN 380: GENOME gameplay_screen__GB8 PIN 380
INST gameplay_screen__GB8 PIN 381: GENOME gameplay_screen__GB8 PIN 381
INST gameplay_screen__GB8 PIN 382: GENOME gameplay_screen__GB8 PIN 382
INST gameplay_screen__GB8 PIN 383: GENOME gameplay_screen__GB8 PIN 383
INST gameplay_screen__GB8 PIN 384: GENOME gameplay_screen__GB8 PIN 384
INST gameplay_screen__GB8 PIN 385: GENOME gameplay_screen__GB8 PIN 385
INST gameplay_screen__GB8 PIN 386: GENOME gameplay_screen__GB8 PIN 386
INST gameplay_screen__GB8 PIN 387: GENOME gameplay_screen__GB8 PIN 387
INST gameplay_screen__GB8 PIN 388: GENOME gameplay_screen__GB8 PIN 388
INST gameplay_screen__GB8 PIN 389: GENOME gameplay_screen__GB8 PIN 389
INST gameplay_screen__GB8 PIN 390: GENOME gameplay_screen__GB8 PIN 390
INST gameplay_screen__GB8 PIN 391: GENOME gameplay_screen__GB8 PIN 391
INST gameplay_screen__GB8 PIN 392: GENOME gameplay_screen__GB8 PIN 392
INST gameplay_screen__GB8 PIN 393: GENOME gameplay_screen__GB8 PIN 393
INST gameplay_screen__GB8 PIN 394: GENOME gameplay_screen__GB8 PIN 394
INST gameplay_screen__GB7 PIN 54: GENOME gameplay_screen__GB7 PIN 54
INST gameplay_screen__GB7 PIN 55: GENOME gameplay_screen__GB7 PIN 55
INST gameplay_screen__GB7 PIN 56: GENOME gameplay_screen__GB7 PIN 56
INST gameplay_screen__GB7 PIN 66: GENOME gameplay_screen__GB7 PIN 66
INST gameplay_screen__GB7 PIN 67: GENOME gameplay_screen__GB7 PIN 67
INST gameplay_screen__GB7 PIN 68: GENOME gameplay_screen__GB7 PIN 68
INST gameplay_screen__GB7 PIN 120: GENOME gameplay_screen__GB7 PIN 120
INST gameplay_screen__GB7 PIN 121: GENOME gameplay_screen__GB7 PIN 121
INST gameplay_screen__GB7 PIN 122: GENOME gameplay_screen__GB7 PIN 122
INST gameplay_screen__GB7 PIN 123: GENOME gameplay_screen__GB7 PIN 123
INST gameplay_screen__GB7 PIN 124: GENOME gameplay_screen__GB7 PIN 124
INST gameplay_screen__GB7 PIN 125: GENOME gameplay_screen__GB7 PIN 125
INST gameplay_screen__GB7 PIN 126: GENOME gameplay_screen__GB7 PIN 126
INST gameplay_screen__GB7 PIN 127: GENOME gameplay_screen__GB7 PIN 127
INST gameplay_screen__GB7 PIN 128: GENOME gameplay_screen__GB7 PIN 128
INST gameplay_screen__GB7 PIN 129: GENOME gameplay_screen__GB7 PIN 129
INST gameplay_screen__GB7 PIN 130: GENOME gameplay_screen__GB7 PIN 130
INST gameplay_screen__GB7 PIN 132: GENOME gameplay_screen__GB7 PIN 132
INST gameplay_screen__GB7 PIN 133: GENOME gameplay_screen__GB7 PIN 133
INST gameplay_screen__GB7 PIN 134: GENOME gameplay_screen__GB7 PIN 134
INST gameplay_screen__GB7 PIN 144: GENOME gameplay_screen__GB7 PIN 144
INST gameplay_screen__GB7 PIN 145: GENOME gameplay_screen__GB7 PIN 145
INST gameplay_screen__GB7 PIN 146: GENOME gameplay_screen__GB7 PIN 146
INST gameplay_screen__GB7 PIN 164: GENOME gameplay_screen__GB7 PIN 164
INST gameplay_screen__GB7 PIN 165: GENOME gameplay_screen__GB7 PIN 165
INST gameplay_screen__GB7 PIN 166: GENOME gameplay_screen__GB7 PIN 166
INST gameplay_screen__GB7 PIN 176: GENOME gameplay_screen__GB7 PIN 176
INST gameplay_screen__GB7 PIN 177: GENOME gameplay_screen__GB7 PIN 177
INST gameplay_screen__GB7 PIN 178: GENOME gameplay_screen__GB7 PIN 178
INST gameplay_screen__GB7 PIN 180: GENOME gameplay_screen__GB7 PIN 180
INST gameplay_screen__GB7 PIN 181: GENOME gameplay_screen__GB7 PIN 181
INST gameplay_screen__GB7 PIN 182: GENOME gameplay_screen__GB7 PIN 182
INST gameplay_screen__GB7 PIN 192: GENOME gameplay_screen__GB7 PIN 192
INST gameplay_screen__GB7 PIN 193: GENOME gameplay_screen__GB7 PIN 193
INST gameplay_screen__GB7 PIN 194: GENOME gameplay_screen__GB7 PIN 194
INST gameplay_screen__GB7 PIN 212: GENOME gameplay_screen__GB7 PIN 212
INST gameplay_screen__GB7 PIN 213: GENOME gameplay_screen__GB7 PIN 213
INST gameplay_screen__GB7 PIN 214: GENOME gameplay_screen__GB7 PIN 214
INST gameplay_screen__GB7 PIN 224: GENOME gameplay_screen__GB7 PIN 224
INST gameplay_screen__GB7 PIN 225: GENOME gameplay_screen__GB7 PIN 225
INST gameplay_screen__GB7 PIN 226: GENOME gameplay_screen__GB7 PIN 226
INST gameplay_screen__GB7 PIN 228: GENOME gameplay_screen__GB7 PIN 228
INST gameplay_screen__GB7 PIN 229: GENOME gameplay_screen__GB7 PIN 229
INST gameplay_screen__GB7 PIN 230: GENOME gameplay_screen__GB7 PIN 230
INST gameplay_screen__GB7 PIN 240: GENOME gameplay_screen__GB7 PIN 240
INST gameplay_screen__GB7 PIN 241: GENOME gameplay_screen__GB7 PIN 241
INST gameplay_screen__GB7 PIN 242: GENOME gameplay_screen__GB7 PIN 242
INST gameplay_screen__GB7 PIN 260: GENOME gameplay_screen__GB7 PIN 260
INST gameplay_screen__GB7 PIN 261: GENOME gameplay_screen__GB7 PIN 261
INST gameplay_screen__GB7 PIN 262: GENOME gameplay_screen__GB7 PIN 262
INST gameplay_screen__GB7 PIN 272: GENOME gameplay_screen__GB7 PIN 272
INST gameplay_screen__GB7 PIN 273: GENOME gameplay_screen__GB7 PIN 273
INST gameplay_screen__GB7 PIN 274: GENOME gameplay_screen__GB7 PIN 274
INST gameplay_screen__GB7 PIN 276: GENOME gameplay_screen__GB7 PIN 276
INST gameplay_screen__GB7 PIN 277: GENOME gameplay_screen__GB7 PIN 277
INST gameplay_screen__GB7 PIN 278: GENOME gameplay_screen__GB7 PIN 278
INST gameplay_screen__GB7 PIN 288: GENOME gameplay_screen__GB7 PIN 288
INST gameplay_screen__GB7 PIN 289: GENOME gameplay_screen__GB7 PIN 289
INST gameplay_screen__GB7 PIN 290: GENOME gameplay_screen__GB7 PIN 290
INST gameplay_screen__GB7 PIN 308: GENOME gameplay_screen__GB7 PIN 308
INST gameplay_screen__GB7 PIN 309: GENOME gameplay_screen__GB7 PIN 309
INST gameplay_screen__GB7 PIN 310: GENOME gameplay_screen__GB7 PIN 310
INST gameplay_screen__GB7 PIN 320: GENOME gameplay_screen__GB7 PIN 320
INST gameplay_screen__GB7 PIN 321: GENOME gameplay_screen__GB7 PIN 321
INST gameplay_screen__GB7 PIN 322: GENOME gameplay_screen__GB7 PIN 322
INST gameplay_screen__GB7 PIN 354: GENOME gameplay_screen__GB7 PIN 354
INST top_level__GC0 PIN 64: GENOME top_level__GC0 PIN 64 INST top_level__GC0 PIN 38 TYPE 5
INST top_level__GC0 PIN 38: GENOME top_level__GC0 PIN 38
INST top_level__GC0 PIN 65: GENOME top_level__GC0 PIN 65 INST top_level__GC0 PIN 37 TYPE 5
INST top_level__GC0 PIN 37: GENOME top_level__GC0 PIN 37
INST top_level__GC0 PIN 66: GENOME top_level__GC0 PIN 66 INST top_level__GC0 PIN 39 TYPE 5
INST top_level__GC0 PIN 39: GENOME top_level__GC0 PIN 39
GENOME NON_GENOME PIN 64: GENOME NON_GENOME PIN 38
INST top_level__GC0 PIN 6: INST NON_GENOME PIN 14 TYPE 0 GENOME top_level__GC0 PIN 6
INST top_level__GC0 PIN 5: INST NON_GENOME PIN 15 TYPE 0 GENOME top_level__GC0 PIN 5
INST top_level__GC0 PIN 4: INST NON_GENOME PIN 16 TYPE 0 GENOME top_level__GC0 PIN 4
INST top_level__GC0 PIN 3: INST NON_GENOME PIN 17 TYPE 0 GENOME top_level__GC0 PIN 3
INST top_level__GC0 PIN 2: INST NON_GENOME PIN 18 TYPE 0 GENOME top_level__GC0 PIN 2
INST top_level__GC0 PIN 1: INST NON_GENOME PIN 19 TYPE 0 GENOME top_level__GC0 PIN 1
INST top_level__GC0 PIN 0: INST NON_GENOME PIN 20 TYPE 1 GENOME top_level__GC0 PIN 0
