GENOME NON_GENOME PIN 0: GENOME NON_GENOME PIN 1 GENOME NON_GENOME PIN 2 GENOME NON_GENOME PIN 3
GENOME NON_GENOME PIN 1: GENOME NON_GENOME PIN 0
GENOME NON_GENOME PIN 2: GENOME NON_GENOME PIN 0
GENOME NON_GENOME PIN 3: GENOME NON_GENOME PIN 0
GENOME NON_GENOME PIN 12: GENOME NON_GENOME PIN 13 GENOME NON_GENOME PIN 14 GENOME NON_GENOME PIN 15
GENOME NON_GENOME PIN 13: GENOME NON_GENOME PIN 12
GENOME NON_GENOME PIN 14: GENOME NON_GENOME PIN 12
GENOME NON_GENOME PIN 15: GENOME NON_GENOME PIN 12
GENOME NON_GENOME PIN 32: GENOME NON_GENOME PIN 33 GENOME NON_GENOME PIN 34 GENOME NON_GENOME PIN 35
GENOME NON_GENOME PIN 33: GENOME NON_GENOME PIN 32
GENOME NON_GENOME PIN 34: GENOME NON_GENOME PIN 32
GENOME NON_GENOME PIN 35: GENOME NON_GENOME PIN 32
GENOME NON_GENOME PIN 36: GENOME NON_GENOME PIN 37 GENOME NON_GENOME PIN 38 GENOME NON_GENOME PIN 39
GENOME NON_GENOME PIN 37: GENOME NON_GENOME PIN 36 GENOME NON_GENOME PIN 98
GENOME NON_GENOME PIN 38: GENOME NON_GENOME PIN 36 GENOME NON_GENOME PIN 97
GENOME NON_GENOME PIN 39: GENOME NON_GENOME PIN 36 GENOME NON_GENOME PIN 99
GENOME NON_GENOME PIN 56: GENOME NON_GENOME PIN 57 GENOME NON_GENOME PIN 58 GENOME NON_GENOME PIN 59
GENOME NON_GENOME PIN 57: GENOME NON_GENOME PIN 56
GENOME NON_GENOME PIN 58: GENOME NON_GENOME PIN 56
GENOME NON_GENOME PIN 59: GENOME NON_GENOME PIN 56
GENOME NON_GENOME PIN 60: GENOME NON_GENOME PIN 61 GENOME NON_GENOME PIN 62 GENOME NON_GENOME PIN 63
GENOME NON_GENOME PIN 61: GENOME NON_GENOME PIN 60
GENOME NON_GENOME PIN 62: GENOME NON_GENOME PIN 60
GENOME NON_GENOME PIN 63: GENOME NON_GENOME PIN 60
GENOME NON_GENOME PIN 72: GENOME NON_GENOME PIN 73 GENOME NON_GENOME PIN 74 GENOME NON_GENOME PIN 75
GENOME NON_GENOME PIN 73: GENOME NON_GENOME PIN 72
GENOME NON_GENOME PIN 74: GENOME NON_GENOME PIN 72
GENOME NON_GENOME PIN 75: GENOME NON_GENOME PIN 72
GENOME NON_GENOME PIN 84: GENOME NON_GENOME PIN 85 GENOME NON_GENOME PIN 86 GENOME NON_GENOME PIN 87
GENOME NON_GENOME PIN 85: GENOME NON_GENOME PIN 84
GENOME NON_GENOME PIN 86: GENOME NON_GENOME PIN 84
GENOME NON_GENOME PIN 87: GENOME NON_GENOME PIN 84
GENOME NON_GENOME PIN 96: GENOME NON_GENOME PIN 97 GENOME NON_GENOME PIN 98 GENOME NON_GENOME PIN 99
GENOME NON_GENOME PIN 97: GENOME NON_GENOME PIN 96 GENOME NON_GENOME PIN 38
GENOME NON_GENOME PIN 98: GENOME NON_GENOME PIN 96 GENOME NON_GENOME PIN 37
GENOME NON_GENOME PIN 99: GENOME NON_GENOME PIN 96 GENOME NON_GENOME PIN 39
GENOME NON_GENOME PIN 116: GENOME NON_GENOME PIN 117 GENOME NON_GENOME PIN 118 GENOME NON_GENOME PIN 119
GENOME NON_GENOME PIN 117: GENOME NON_GENOME PIN 116
GENOME NON_GENOME PIN 118: GENOME NON_GENOME PIN 116
GENOME NON_GENOME PIN 119: GENOME NON_GENOME PIN 116
GENOME NON_GENOME PIN 120: GENOME NON_GENOME PIN 121 GENOME NON_GENOME PIN 122 GENOME NON_GENOME PIN 123
GENOME NON_GENOME PIN 121: GENOME NON_GENOME PIN 120
GENOME NON_GENOME PIN 122: GENOME NON_GENOME PIN 120
GENOME NON_GENOME PIN 123: GENOME NON_GENOME PIN 120
GENOME NON_GENOME PIN 140: GENOME NON_GENOME PIN 141 GENOME NON_GENOME PIN 142 GENOME NON_GENOME PIN 143
GENOME NON_GENOME PIN 141: GENOME NON_GENOME PIN 140
GENOME NON_GENOME PIN 142: GENOME NON_GENOME PIN 140
GENOME NON_GENOME PIN 143: GENOME NON_GENOME PIN 140
GENOME NON_GENOME PIN 152: GENOME NON_GENOME PIN 153 GENOME NON_GENOME PIN 154 GENOME NON_GENOME PIN 155
GENOME NON_GENOME PIN 153: GENOME NON_GENOME PIN 152
GENOME NON_GENOME PIN 154: GENOME NON_GENOME PIN 152
GENOME NON_GENOME PIN 155: GENOME NON_GENOME PIN 152
GENOME NON_GENOME PIN 164: GENOME NON_GENOME PIN 165 GENOME NON_GENOME PIN 166 GENOME NON_GENOME PIN 167
GENOME NON_GENOME PIN 165: GENOME NON_GENOME PIN 164
GENOME NON_GENOME PIN 166: GENOME NON_GENOME PIN 164
GENOME NON_GENOME PIN 167: GENOME NON_GENOME PIN 164
GENOME NON_GENOME PIN 176: GENOME NON_GENOME PIN 177 GENOME NON_GENOME PIN 178 GENOME NON_GENOME PIN 179
GENOME NON_GENOME PIN 177: GENOME NON_GENOME PIN 176
GENOME NON_GENOME PIN 178: GENOME NON_GENOME PIN 176
GENOME NON_GENOME PIN 179: GENOME NON_GENOME PIN 176
GENOME NON_GENOME PIN 188: GENOME NON_GENOME PIN 189 GENOME NON_GENOME PIN 190 GENOME NON_GENOME PIN 191
GENOME NON_GENOME PIN 189: GENOME NON_GENOME PIN 188
GENOME NON_GENOME PIN 190: GENOME NON_GENOME PIN 188
GENOME NON_GENOME PIN 191: GENOME NON_GENOME PIN 188
GENOME NON_GENOME PIN 200: GENOME NON_GENOME PIN 201 GENOME NON_GENOME PIN 202 GENOME NON_GENOME PIN 203
GENOME NON_GENOME PIN 201: GENOME NON_GENOME PIN 200
GENOME NON_GENOME PIN 202: GENOME NON_GENOME PIN 200
GENOME NON_GENOME PIN 203: GENOME NON_GENOME PIN 200
GENOME NON_GENOME PIN 204: GENOME NON_GENOME PIN 205 GENOME NON_GENOME PIN 206 GENOME NON_GENOME PIN 207
GENOME NON_GENOME PIN 205: GENOME NON_GENOME PIN 204
GENOME NON_GENOME PIN 206: GENOME NON_GENOME PIN 204
GENOME NON_GENOME PIN 207: GENOME NON_GENOME PIN 204
GENOME NON_GENOME PIN 216: GENOME NON_GENOME PIN 217 GENOME NON_GENOME PIN 218 GENOME NON_GENOME PIN 219
GENOME NON_GENOME PIN 217: GENOME NON_GENOME PIN 216
GENOME NON_GENOME PIN 218: GENOME NON_GENOME PIN 216
GENOME NON_GENOME PIN 219: GENOME NON_GENOME PIN 216
GENOME NON_GENOME PIN 228: GENOME NON_GENOME PIN 229 GENOME NON_GENOME PIN 230 GENOME NON_GENOME PIN 231
GENOME NON_GENOME PIN 229: GENOME NON_GENOME PIN 228
GENOME NON_GENOME PIN 230: GENOME NON_GENOME PIN 228
GENOME NON_GENOME PIN 231: GENOME NON_GENOME PIN 228
GENOME NON_GENOME PIN 248: GENOME NON_GENOME PIN 249 GENOME NON_GENOME PIN 250 GENOME NON_GENOME PIN 251
GENOME NON_GENOME PIN 249: GENOME NON_GENOME PIN 248
GENOME NON_GENOME PIN 250: GENOME NON_GENOME PIN 248
GENOME NON_GENOME PIN 251: GENOME NON_GENOME PIN 248
GENOME NON_GENOME PIN 252: GENOME NON_GENOME PIN 253 GENOME NON_GENOME PIN 254 GENOME NON_GENOME PIN 255 GENOME NON_GENOME PIN 256 GENOME NON_GENOME PIN 257 GENOME NON_GENOME PIN 258 GENOME NON_GENOME PIN 259 GENOME NON_GENOME PIN 260 GENOME NON_GENOME PIN 261 GENOME NON_GENOME PIN 262 GENOME NON_GENOME PIN 263
GENOME NON_GENOME PIN 253: GENOME NON_GENOME PIN 252
GENOME NON_GENOME PIN 254: GENOME NON_GENOME PIN 252
GENOME NON_GENOME PIN 255: GENOME NON_GENOME PIN 252
GENOME NON_GENOME PIN 256: GENOME NON_GENOME PIN 252
GENOME NON_GENOME PIN 257: GENOME NON_GENOME PIN 252
GENOME NON_GENOME PIN 258: GENOME NON_GENOME PIN 252
GENOME NON_GENOME PIN 259: GENOME NON_GENOME PIN 252
GENOME NON_GENOME PIN 260: GENOME NON_GENOME PIN 252
GENOME NON_GENOME PIN 261: GENOME NON_GENOME PIN 252
GENOME NON_GENOME PIN 262: GENOME NON_GENOME PIN 252
GENOME NON_GENOME PIN 263: GENOME NON_GENOME PIN 252
INST gameplay_screen__GB11 PIN 0: INST gameplay_screen__GB11 PIN 1 TYPE 2 INST gameplay_screen__GB10 PIN 297 TYPE 4 INST gameplay_screen__GB11 PIN 2 TYPE 2 INST gameplay_screen__GB10 PIN 298 TYPE 4 INST gameplay_screen__GB11 PIN 3 TYPE 2 INST gameplay_screen__GB10 PIN 299 TYPE 4
INST gameplay_screen__GB11 PIN 4: INST gameplay_screen__GB10 PIN 300 TYPE 0 GENOME gameplay_screen__GB11 PIN 4
INST gameplay_screen__GB11 PIN 5: INST gameplay_screen__GB10 PIN 301 TYPE 0 GENOME gameplay_screen__GB11 PIN 5
INST gameplay_screen__GB11 PIN 6: INST gameplay_screen__GB10 PIN 302 TYPE 0 GENOME gameplay_screen__GB11 PIN 6
INST gameplay_screen__GB11 PIN 7: INST gameplay_screen__GB10 PIN 303 TYPE 0 GENOME gameplay_screen__GB11 PIN 7
INST gameplay_screen__GB11 PIN 8: INST gameplay_screen__GB10 PIN 304 TYPE 0 GENOME gameplay_screen__GB11 PIN 8
INST gameplay_screen__GB11 PIN 9: INST gameplay_screen__GB10 PIN 305 TYPE 0 GENOME gameplay_screen__GB11 PIN 9
INST gameplay_screen__GB11 PIN 10: INST gameplay_screen__GB10 PIN 306 TYPE 0 GENOME gameplay_screen__GB11 PIN 10
INST gameplay_screen__GB11 PIN 11: INST gameplay_screen__GB10 PIN 307 TYPE 0 GENOME gameplay_screen__GB11 PIN 11
INST gameplay_screen__GB11 PIN 12: INST gameplay_screen__GB11 PIN 13 TYPE 2 INST gameplay_screen__GB10 PIN 333 TYPE 4 INST gameplay_screen__GB11 PIN 14 TYPE 2 INST gameplay_screen__GB10 PIN 334 TYPE 4 INST gameplay_screen__GB11 PIN 15 TYPE 2 INST gameplay_screen__GB10 PIN 335 TYPE 4
INST gameplay_screen__GB11 PIN 16: INST gameplay_screen__GB10 PIN 336 TYPE 0 GENOME gameplay_screen__GB11 PIN 16
INST gameplay_screen__GB11 PIN 17: INST gameplay_screen__GB10 PIN 337 TYPE 0 GENOME gameplay_screen__GB11 PIN 17
INST gameplay_screen__GB11 PIN 18: INST gameplay_screen__GB10 PIN 338 TYPE 0 GENOME gameplay_screen__GB11 PIN 18
INST gameplay_screen__GB11 PIN 19: INST gameplay_screen__GB10 PIN 339 TYPE 0 GENOME gameplay_screen__GB11 PIN 19
INST gameplay_screen__GB11 PIN 20: INST gameplay_screen__GB10 PIN 340 TYPE 0 GENOME gameplay_screen__GB11 PIN 20
INST gameplay_screen__GB11 PIN 21: INST gameplay_screen__GB10 PIN 341 TYPE 0 GENOME gameplay_screen__GB11 PIN 21
INST gameplay_screen__GB11 PIN 22: INST gameplay_screen__GB10 PIN 342 TYPE 0 GENOME gameplay_screen__GB11 PIN 22
INST gameplay_screen__GB11 PIN 23: INST gameplay_screen__GB10 PIN 343 TYPE 0 GENOME gameplay_screen__GB11 PIN 23
INST gameplay_screen__GB11 PIN 24: INST gameplay_screen__GB10 PIN 344 TYPE 0 GENOME gameplay_screen__GB11 PIN 24
INST gameplay_screen__GB11 PIN 25: INST gameplay_screen__GB10 PIN 345 TYPE 0 GENOME gameplay_screen__GB11 PIN 25
INST gameplay_screen__GB11 PIN 26: INST gameplay_screen__GB10 PIN 346 TYPE 0 GENOME gameplay_screen__GB11 PIN 26
INST gameplay_screen__GB11 PIN 27: INST gameplay_screen__GB10 PIN 347 TYPE 0 GENOME gameplay_screen__GB11 PIN 27
INST gameplay_screen__GB11 PIN 28: INST gameplay_screen__GB10 PIN 348 TYPE 0 GENOME gameplay_screen__GB11 PIN 28
INST gameplay_screen__GB11 PIN 29: INST gameplay_screen__GB10 PIN 349 TYPE 0 GENOME gameplay_screen__GB11 PIN 29
INST gameplay_screen__GB11 PIN 30: INST gameplay_screen__GB10 PIN 350 TYPE 0 GENOME gameplay_screen__GB11 PIN 30
INST gameplay_screen__GB11 PIN 31: INST gameplay_screen__GB10 PIN 351 TYPE 0 GENOME gameplay_screen__GB11 PIN 31
INST gameplay_screen__GB11 PIN 32: INST gameplay_screen__GB11 PIN 33 TYPE 2 INST gameplay_screen__GB10 PIN 353 TYPE 4 INST gameplay_screen__GB11 PIN 34 TYPE 2 INST gameplay_screen__GB10 PIN 354 TYPE 4 INST gameplay_screen__GB11 PIN 35 TYPE 2 INST gameplay_screen__GB10 PIN 355 TYPE 4
INST gameplay_screen__GB11 PIN 72: INST gameplay_screen__GB11 PIN 73 TYPE 2 INST gameplay_screen__GB10 PIN 357 TYPE 4 INST gameplay_screen__GB11 PIN 74 TYPE 2 INST gameplay_screen__GB10 PIN 358 TYPE 4 INST gameplay_screen__GB11 PIN 75 TYPE 2 INST gameplay_screen__GB10 PIN 359 TYPE 4
INST gameplay_screen__GB11 PIN 76: INST gameplay_screen__GB10 PIN 360 TYPE 0 GENOME gameplay_screen__GB11 PIN 76
INST gameplay_screen__GB11 PIN 77: INST gameplay_screen__GB10 PIN 361 TYPE 0 GENOME gameplay_screen__GB11 PIN 77
INST gameplay_screen__GB11 PIN 78: INST gameplay_screen__GB10 PIN 362 TYPE 0 GENOME gameplay_screen__GB11 PIN 78
INST gameplay_screen__GB11 PIN 79: INST gameplay_screen__GB10 PIN 363 TYPE 0 GENOME gameplay_screen__GB11 PIN 79
INST gameplay_screen__GB11 PIN 80: INST gameplay_screen__GB10 PIN 364 TYPE 0 GENOME gameplay_screen__GB11 PIN 80
INST gameplay_screen__GB11 PIN 81: INST gameplay_screen__GB10 PIN 365 TYPE 0 GENOME gameplay_screen__GB11 PIN 81
INST gameplay_screen__GB11 PIN 82: INST gameplay_screen__GB10 PIN 366 TYPE 0 GENOME gameplay_screen__GB11 PIN 82
INST gameplay_screen__GB11 PIN 83: INST gameplay_screen__GB10 PIN 367 TYPE 0 GENOME gameplay_screen__GB11 PIN 83
INST gameplay_screen__GB11 PIN 120: INST gameplay_screen__GB11 PIN 121 TYPE 2 INST gameplay_screen__GB10 PIN 393 TYPE 4 INST gameplay_screen__GB11 PIN 122 TYPE 2 INST gameplay_screen__GB10 PIN 394 TYPE 4 INST gameplay_screen__GB11 PIN 123 TYPE 2 INST gameplay_screen__GB10 PIN 395 TYPE 4
INST gameplay_screen__GB11 PIN 124: INST gameplay_screen__GB10 PIN 396 TYPE 0 GENOME gameplay_screen__GB11 PIN 124
INST gameplay_screen__GB11 PIN 125: INST gameplay_screen__GB10 PIN 397 TYPE 0 GENOME gameplay_screen__GB11 PIN 125
INST gameplay_screen__GB11 PIN 126: INST gameplay_screen__GB10 PIN 398 TYPE 0 GENOME gameplay_screen__GB11 PIN 126
INST gameplay_screen__GB11 PIN 127: INST gameplay_screen__GB10 PIN 399 TYPE 0 GENOME gameplay_screen__GB11 PIN 127
INST gameplay_screen__GB11 PIN 128: INST gameplay_screen__GB10 PIN 400 TYPE 0 GENOME gameplay_screen__GB11 PIN 128
INST gameplay_screen__GB11 PIN 129: INST gameplay_screen__GB10 PIN 401 TYPE 0 GENOME gameplay_screen__GB11 PIN 129
INST gameplay_screen__GB11 PIN 130: INST gameplay_screen__GB10 PIN 402 TYPE 0 GENOME gameplay_screen__GB11 PIN 130
INST gameplay_screen__GB11 PIN 131: INST gameplay_screen__GB10 PIN 403 TYPE 0 GENOME gameplay_screen__GB11 PIN 131
INST gameplay_screen__GB11 PIN 168: INST gameplay_screen__GB10 PIN 404 TYPE 0 GENOME gameplay_screen__GB11 PIN 168
INST gameplay_screen__GB11 PIN 169: INST gameplay_screen__GB10 PIN 405 TYPE 0 GENOME gameplay_screen__GB11 PIN 169
INST gameplay_screen__GB11 PIN 170: INST gameplay_screen__GB10 PIN 406 TYPE 0 GENOME gameplay_screen__GB11 PIN 170
INST gameplay_screen__GB11 PIN 171: INST gameplay_screen__GB10 PIN 407 TYPE 0 GENOME gameplay_screen__GB11 PIN 171
INST gameplay_screen__GB11 PIN 172: INST gameplay_screen__GB10 PIN 408 TYPE 0 GENOME gameplay_screen__GB11 PIN 172
INST gameplay_screen__GB11 PIN 173: INST gameplay_screen__GB10 PIN 409 TYPE 0 GENOME gameplay_screen__GB11 PIN 173
INST gameplay_screen__GB11 PIN 174: INST gameplay_screen__GB10 PIN 410 TYPE 0 GENOME gameplay_screen__GB11 PIN 174
INST gameplay_screen__GB11 PIN 175: INST gameplay_screen__GB10 PIN 411 TYPE 0 GENOME gameplay_screen__GB11 PIN 175
INST gameplay_screen__GB11 PIN 176: INST gameplay_screen__GB11 PIN 177 TYPE 2 INST gameplay_screen__GB10 PIN 413 TYPE 4 INST gameplay_screen__GB11 PIN 178 TYPE 2 INST gameplay_screen__GB10 PIN 414 TYPE 4 INST gameplay_screen__GB11 PIN 179 TYPE 2 INST gameplay_screen__GB10 PIN 415 TYPE 4
INST gameplay_screen__GB11 PIN 204: INST gameplay_screen__GB11 PIN 205 TYPE 2 INST gameplay_screen__GB10 PIN 417 TYPE 4 INST gameplay_screen__GB11 PIN 206 TYPE 2 INST gameplay_screen__GB10 PIN 418 TYPE 4 INST gameplay_screen__GB11 PIN 207 TYPE 2 INST gameplay_screen__GB10 PIN 419 TYPE 4
INST gameplay_screen__GB11 PIN 208: INST gameplay_screen__GB10 PIN 420 TYPE 0 GENOME gameplay_screen__GB11 PIN 208
INST gameplay_screen__GB11 PIN 209: INST gameplay_screen__GB10 PIN 421 TYPE 0 GENOME gameplay_screen__GB11 PIN 209
INST gameplay_screen__GB11 PIN 210: INST gameplay_screen__GB10 PIN 422 TYPE 0 GENOME gameplay_screen__GB11 PIN 210
INST gameplay_screen__GB11 PIN 211: INST gameplay_screen__GB10 PIN 423 TYPE 0 GENOME gameplay_screen__GB11 PIN 211
INST gameplay_screen__GB11 PIN 212: INST gameplay_screen__GB10 PIN 424 TYPE 0 GENOME gameplay_screen__GB11 PIN 212
INST gameplay_screen__GB11 PIN 213: INST gameplay_screen__GB10 PIN 425 TYPE 0 GENOME gameplay_screen__GB11 PIN 213
INST gameplay_screen__GB11 PIN 214: INST gameplay_screen__GB10 PIN 426 TYPE 0 GENOME gameplay_screen__GB11 PIN 214
INST gameplay_screen__GB11 PIN 215: INST gameplay_screen__GB10 PIN 427 TYPE 0 GENOME gameplay_screen__GB11 PIN 215
INST gameplay_screen__GB11 PIN 228: INST gameplay_screen__GB11 PIN 229 TYPE 2 INST gameplay_screen__GB10 PIN 453 TYPE 4 INST gameplay_screen__GB11 PIN 230 TYPE 2 INST gameplay_screen__GB10 PIN 454 TYPE 4 INST gameplay_screen__GB11 PIN 231 TYPE 2 INST gameplay_screen__GB10 PIN 455 TYPE 4
INST gameplay_screen__GB11 PIN 232: INST gameplay_screen__GB10 PIN 456 TYPE 0 GENOME gameplay_screen__GB11 PIN 232
INST gameplay_screen__GB11 PIN 233: INST gameplay_screen__GB10 PIN 457 TYPE 0 GENOME gameplay_screen__GB11 PIN 233
INST gameplay_screen__GB11 PIN 234: INST gameplay_screen__GB10 PIN 458 TYPE 0 GENOME gameplay_screen__GB11 PIN 234
INST gameplay_screen__GB11 PIN 235: INST gameplay_screen__GB10 PIN 459 TYPE 0 GENOME gameplay_screen__GB11 PIN 235
INST gameplay_screen__GB11 PIN 236: INST gameplay_screen__GB10 PIN 460 TYPE 0 GENOME gameplay_screen__GB11 PIN 236
INST gameplay_screen__GB11 PIN 237: INST gameplay_screen__GB10 PIN 461 TYPE 0 GENOME gameplay_screen__GB11 PIN 237
INST gameplay_screen__GB11 PIN 238: INST gameplay_screen__GB10 PIN 462 TYPE 0 GENOME gameplay_screen__GB11 PIN 238
INST gameplay_screen__GB11 PIN 239: INST gameplay_screen__GB10 PIN 463 TYPE 0 GENOME gameplay_screen__GB11 PIN 239
INST gameplay_screen__GB11 PIN 240: INST gameplay_screen__GB10 PIN 464 TYPE 0 GENOME gameplay_screen__GB11 PIN 240
INST gameplay_screen__GB11 PIN 241: INST gameplay_screen__GB10 PIN 465 TYPE 0 GENOME gameplay_screen__GB11 PIN 241
INST gameplay_screen__GB11 PIN 242: INST gameplay_screen__GB10 PIN 466 TYPE 0 GENOME gameplay_screen__GB11 PIN 242
INST gameplay_screen__GB11 PIN 243: INST gameplay_screen__GB10 PIN 467 TYPE 0 GENOME gameplay_screen__GB11 PIN 243
INST gameplay_screen__GB11 PIN 244: INST gameplay_screen__GB10 PIN 468 TYPE 0 GENOME gameplay_screen__GB11 PIN 244
INST gameplay_screen__GB11 PIN 245: INST gameplay_screen__GB10 PIN 469 TYPE 0 GENOME gameplay_screen__GB11 PIN 245
INST gameplay_screen__GB11 PIN 246: INST gameplay_screen__GB10 PIN 470 TYPE 0 GENOME gameplay_screen__GB11 PIN 246
INST gameplay_screen__GB11 PIN 247: INST gameplay_screen__GB10 PIN 471 TYPE 0 GENOME gameplay_screen__GB11 PIN 247
INST gameplay_screen__GB11 PIN 248: INST gameplay_screen__GB11 PIN 249 TYPE 2 INST gameplay_screen__GB10 PIN 473 TYPE 4 INST gameplay_screen__GB11 PIN 250 TYPE 2 INST gameplay_screen__GB10 PIN 474 TYPE 4 INST gameplay_screen__GB11 PIN 251 TYPE 2 INST gameplay_screen__GB10 PIN 475 TYPE 4
INST gameplay_screen__GB11 PIN 96: INST gameplay_screen__GB11 PIN 97 TYPE 2 INST gameplay_screen__GB10 PIN 477 TYPE 4 INST gameplay_screen__GB11 PIN 98 TYPE 2 INST gameplay_screen__GB10 PIN 478 TYPE 4 INST gameplay_screen__GB11 PIN 99 TYPE 2 INST gameplay_screen__GB10 PIN 479 TYPE 4
INST gameplay_screen__GB11 PIN 100: INST gameplay_screen__GB10 PIN 480 TYPE 0 GENOME gameplay_screen__GB11 PIN 100
INST gameplay_screen__GB11 PIN 101: INST gameplay_screen__GB10 PIN 481 TYPE 0 GENOME gameplay_screen__GB11 PIN 101
INST gameplay_screen__GB11 PIN 102: INST gameplay_screen__GB10 PIN 482 TYPE 0 GENOME gameplay_screen__GB11 PIN 102
INST gameplay_screen__GB11 PIN 103: INST gameplay_screen__GB10 PIN 483 TYPE 0 GENOME gameplay_screen__GB11 PIN 103
INST gameplay_screen__GB11 PIN 104: INST gameplay_screen__GB10 PIN 484 TYPE 0 GENOME gameplay_screen__GB11 PIN 104
INST gameplay_screen__GB11 PIN 105: INST gameplay_screen__GB10 PIN 485 TYPE 0 GENOME gameplay_screen__GB11 PIN 105
INST gameplay_screen__GB11 PIN 106: INST gameplay_screen__GB10 PIN 486 TYPE 0 GENOME gameplay_screen__GB11 PIN 106
INST gameplay_screen__GB11 PIN 107: INST gameplay_screen__GB10 PIN 487 TYPE 0 GENOME gameplay_screen__GB11 PIN 107
INST gameplay_screen__GB11 PIN 36: INST gameplay_screen__GB11 PIN 37 TYPE 2 INST gameplay_screen__GB10 PIN 513 TYPE 4 INST gameplay_screen__GB11 PIN 38 TYPE 2 INST gameplay_screen__GB10 PIN 514 TYPE 4 INST gameplay_screen__GB11 PIN 39 TYPE 2 INST gameplay_screen__GB10 PIN 515 TYPE 4
INST gameplay_screen__GB11 PIN 40: INST gameplay_screen__GB10 PIN 516 TYPE 0 GENOME gameplay_screen__GB11 PIN 40
INST gameplay_screen__GB11 PIN 41: INST gameplay_screen__GB10 PIN 517 TYPE 0 GENOME gameplay_screen__GB11 PIN 41
INST gameplay_screen__GB11 PIN 42: INST gameplay_screen__GB10 PIN 518 TYPE 0 GENOME gameplay_screen__GB11 PIN 42
INST gameplay_screen__GB11 PIN 43: INST gameplay_screen__GB10 PIN 519 TYPE 0 GENOME gameplay_screen__GB11 PIN 43
INST gameplay_screen__GB11 PIN 44: INST gameplay_screen__GB10 PIN 520 TYPE 0 GENOME gameplay_screen__GB11 PIN 44
INST gameplay_screen__GB11 PIN 45: INST gameplay_screen__GB10 PIN 521 TYPE 0 GENOME gameplay_screen__GB11 PIN 45
INST gameplay_screen__GB11 PIN 46: INST gameplay_screen__GB10 PIN 522 TYPE 0 GENOME gameplay_screen__GB11 PIN 46
INST gameplay_screen__GB11 PIN 47: INST gameplay_screen__GB10 PIN 523 TYPE 0 GENOME gameplay_screen__GB11 PIN 47
INST gameplay_screen__GB11 PIN 48: INST gameplay_screen__GB10 PIN 524 TYPE 0 GENOME gameplay_screen__GB11 PIN 48
INST gameplay_screen__GB11 PIN 49: INST gameplay_screen__GB10 PIN 525 TYPE 0 GENOME gameplay_screen__GB11 PIN 49
INST gameplay_screen__GB11 PIN 50: INST gameplay_screen__GB10 PIN 526 TYPE 0 GENOME gameplay_screen__GB11 PIN 50
INST gameplay_screen__GB11 PIN 51: INST gameplay_screen__GB10 PIN 527 TYPE 0 GENOME gameplay_screen__GB11 PIN 51
INST gameplay_screen__GB11 PIN 52: INST gameplay_screen__GB10 PIN 528 TYPE 0 GENOME gameplay_screen__GB11 PIN 52
INST gameplay_screen__GB11 PIN 53: INST gameplay_screen__GB10 PIN 529 TYPE 0 GENOME gameplay_screen__GB11 PIN 53
INST gameplay_screen__GB11 PIN 54: INST gameplay_screen__GB10 PIN 530 TYPE 0 GENOME gameplay_screen__GB11 PIN 54
INST gameplay_screen__GB11 PIN 55: INST gameplay_screen__GB10 PIN 531 TYPE 0 GENOME gameplay_screen__GB11 PIN 55
INST gameplay_screen__GB11 PIN 56: INST gameplay_screen__GB11 PIN 57 TYPE 2 INST gameplay_screen__GB10 PIN 533 TYPE 4 INST gameplay_screen__GB11 PIN 58 TYPE 2 INST gameplay_screen__GB10 PIN 534 TYPE 4 INST gameplay_screen__GB11 PIN 59 TYPE 2 INST gameplay_screen__GB10 PIN 535 TYPE 4
INST gameplay_screen__GB11 PIN 60: INST gameplay_screen__GB11 PIN 61 TYPE 2 INST gameplay_screen__GB10 PIN 537 TYPE 4 INST gameplay_screen__GB11 PIN 62 TYPE 2 INST gameplay_screen__GB10 PIN 538 TYPE 4 INST gameplay_screen__GB11 PIN 63 TYPE 2 INST gameplay_screen__GB10 PIN 539 TYPE 4
INST gameplay_screen__GB11 PIN 64: INST gameplay_screen__GB10 PIN 540 TYPE 0 GENOME gameplay_screen__GB11 PIN 64
INST gameplay_screen__GB11 PIN 65: INST gameplay_screen__GB10 PIN 541 TYPE 0 GENOME gameplay_screen__GB11 PIN 65
INST gameplay_screen__GB11 PIN 66: INST gameplay_screen__GB10 PIN 542 TYPE 0 GENOME gameplay_screen__GB11 PIN 66
INST gameplay_screen__GB11 PIN 67: INST gameplay_screen__GB10 PIN 543 TYPE 0 GENOME gameplay_screen__GB11 PIN 67
INST gameplay_screen__GB11 PIN 68: INST gameplay_screen__GB10 PIN 544 TYPE 0 GENOME gameplay_screen__GB11 PIN 68
INST gameplay_screen__GB11 PIN 69: INST gameplay_screen__GB10 PIN 545 TYPE 0 GENOME gameplay_screen__GB11 PIN 69
INST gameplay_screen__GB11 PIN 70: INST gameplay_screen__GB10 PIN 546 TYPE 0 GENOME gameplay_screen__GB11 PIN 70
INST gameplay_screen__GB11 PIN 71: INST gameplay_screen__GB10 PIN 547 TYPE 0 GENOME gameplay_screen__GB11 PIN 71
INST gameplay_screen__GB11 PIN 84: INST gameplay_screen__GB11 PIN 85 TYPE 2 INST gameplay_screen__GB10 PIN 573 TYPE 4 INST gameplay_screen__GB11 PIN 86 TYPE 2 INST gameplay_screen__GB10 PIN 574 TYPE 4 INST gameplay_screen__GB11 PIN 87 TYPE 2 INST gameplay_screen__GB10 PIN 575 TYPE 4
INST gameplay_screen__GB11 PIN 88: INST gameplay_screen__GB10 PIN 576 TYPE 0 GENOME gameplay_screen__GB11 PIN 88
INST gameplay_screen__GB11 PIN 89: INST gameplay_screen__GB10 PIN 577 TYPE 0 GENOME gameplay_screen__GB11 PIN 89
INST gameplay_screen__GB11 PIN 90: INST gameplay_screen__GB10 PIN 578 TYPE 0 GENOME gameplay_screen__GB11 PIN 90
INST gameplay_screen__GB11 PIN 91: INST gameplay_screen__GB10 PIN 579 TYPE 0 GENOME gameplay_screen__GB11 PIN 91
INST gameplay_screen__GB11 PIN 92: INST gameplay_screen__GB10 PIN 580 TYPE 0 GENOME gameplay_screen__GB11 PIN 92
INST gameplay_screen__GB11 PIN 93: INST gameplay_screen__GB10 PIN 581 TYPE 0 GENOME gameplay_screen__GB11 PIN 93
INST gameplay_screen__GB11 PIN 94: INST gameplay_screen__GB10 PIN 582 TYPE 0 GENOME gameplay_screen__GB11 PIN 94
INST gameplay_screen__GB11 PIN 95: INST gameplay_screen__GB10 PIN 583 TYPE 0 GENOME gameplay_screen__GB11 PIN 95
INST gameplay_screen__GB11 PIN 108: INST gameplay_screen__GB10 PIN 584 TYPE 0 GENOME gameplay_screen__GB11 PIN 108
INST gameplay_screen__GB11 PIN 109: INST gameplay_screen__GB10 PIN 585 TYPE 0 GENOME gameplay_screen__GB11 PIN 109
INST gameplay_screen__GB11 PIN 110: INST gameplay_screen__GB10 PIN 586 TYPE 0 GENOME gameplay_screen__GB11 PIN 110
INST gameplay_screen__GB11 PIN 111: INST gameplay_screen__GB10 PIN 587 TYPE 0 GENOME gameplay_screen__GB11 PIN 111
INST gameplay_screen__GB11 PIN 112: INST gameplay_screen__GB10 PIN 588 TYPE 0 GENOME gameplay_screen__GB11 PIN 112
INST gameplay_screen__GB11 PIN 113: INST gameplay_screen__GB10 PIN 589 TYPE 0 GENOME gameplay_screen__GB11 PIN 113
INST gameplay_screen__GB11 PIN 114: INST gameplay_screen__GB10 PIN 590 TYPE 0 GENOME gameplay_screen__GB11 PIN 114
INST gameplay_screen__GB11 PIN 115: INST gameplay_screen__GB10 PIN 591 TYPE 0 GENOME gameplay_screen__GB11 PIN 115
INST gameplay_screen__GB11 PIN 116: INST gameplay_screen__GB11 PIN 117 TYPE 2 INST gameplay_screen__GB10 PIN 593 TYPE 4 INST gameplay_screen__GB11 PIN 118 TYPE 2 INST gameplay_screen__GB10 PIN 594 TYPE 4 INST gameplay_screen__GB11 PIN 119 TYPE 2 INST gameplay_screen__GB10 PIN 595 TYPE 4
INST gameplay_screen__GB11 PIN 252: INST gameplay_screen__GB11 PIN 253 TYPE 2 INST gameplay_screen__GB10 PIN 741 TYPE 4 INST gameplay_screen__GB11 PIN 254 TYPE 2 INST gameplay_screen__GB10 PIN 742 TYPE 4 INST gameplay_screen__GB11 PIN 255 TYPE 2 INST gameplay_screen__GB10 PIN 743 TYPE 4 INST gameplay_screen__GB11 PIN 256 TYPE 2 INST gameplay_screen__GB10 PIN 744 TYPE 4 INST gameplay_screen__GB11 PIN 257 TYPE 2 INST gameplay_screen__GB10 PIN 745 TYPE 4 INST gameplay_screen__GB11 PIN 258 TYPE 2 INST gameplay_screen__GB10 PIN 746 TYPE 4 INST gameplay_screen__GB11 PIN 259 TYPE 2 INST gameplay_screen__GB10 PIN 747 TYPE 4 INST gameplay_screen__GB11 PIN 260 TYPE 2 INST gameplay_screen__GB10 PIN 748 TYPE 4 INST gameplay_screen__GB11 PIN 261 TYPE 2 INST gameplay_screen__GB10 PIN 749 TYPE 4 INST gameplay_screen__GB11 PIN 262 TYPE 2 INST gameplay_screen__GB10 PIN 750 TYPE 4 INST gameplay_screen__GB11 PIN 263 TYPE 2 INST gameplay_screen__GB10 PIN 751 TYPE 4
INST gameplay_screen__GB11 PIN 132: INST gameplay_screen__GB10 PIN 752 TYPE 0 GENOME gameplay_screen__GB11 PIN 132
INST gameplay_screen__GB11 PIN 133: INST gameplay_screen__GB10 PIN 753 TYPE 0 GENOME gameplay_screen__GB11 PIN 133
INST gameplay_screen__GB11 PIN 134: INST gameplay_screen__GB10 PIN 754 TYPE 0 GENOME gameplay_screen__GB11 PIN 134
INST gameplay_screen__GB11 PIN 135: INST gameplay_screen__GB10 PIN 755 TYPE 0 GENOME gameplay_screen__GB11 PIN 135
INST gameplay_screen__GB11 PIN 136: INST gameplay_screen__GB10 PIN 756 TYPE 0 GENOME gameplay_screen__GB11 PIN 136
INST gameplay_screen__GB11 PIN 137: INST gameplay_screen__GB10 PIN 757 TYPE 0 GENOME gameplay_screen__GB11 PIN 137
INST gameplay_screen__GB11 PIN 138: INST gameplay_screen__GB10 PIN 758 TYPE 0 GENOME gameplay_screen__GB11 PIN 138
INST gameplay_screen__GB11 PIN 139: INST gameplay_screen__GB10 PIN 759 TYPE 0 GENOME gameplay_screen__GB11 PIN 139
INST gameplay_screen__GB11 PIN 140: INST gameplay_screen__GB11 PIN 141 TYPE 2 INST gameplay_screen__GB10 PIN 761 TYPE 4 INST gameplay_screen__GB11 PIN 142 TYPE 2 INST gameplay_screen__GB10 PIN 762 TYPE 4 INST gameplay_screen__GB11 PIN 143 TYPE 2 INST gameplay_screen__GB10 PIN 763 TYPE 4
INST gameplay_screen__GB11 PIN 144: INST gameplay_screen__GB10 PIN 764 TYPE 0 GENOME gameplay_screen__GB11 PIN 144
INST gameplay_screen__GB11 PIN 145: INST gameplay_screen__GB10 PIN 765 TYPE 0 GENOME gameplay_screen__GB11 PIN 145
INST gameplay_screen__GB11 PIN 146: INST gameplay_screen__GB10 PIN 766 TYPE 0 GENOME gameplay_screen__GB11 PIN 146
INST gameplay_screen__GB11 PIN 147: INST gameplay_screen__GB10 PIN 767 TYPE 0 GENOME gameplay_screen__GB11 PIN 147
INST gameplay_screen__GB11 PIN 148: INST gameplay_screen__GB10 PIN 768 TYPE 0 GENOME gameplay_screen__GB11 PIN 148
INST gameplay_screen__GB11 PIN 149: INST gameplay_screen__GB10 PIN 769 TYPE 0 GENOME gameplay_screen__GB11 PIN 149
INST gameplay_screen__GB11 PIN 150: INST gameplay_screen__GB10 PIN 770 TYPE 0 GENOME gameplay_screen__GB11 PIN 150
INST gameplay_screen__GB11 PIN 151: INST gameplay_screen__GB10 PIN 771 TYPE 0 GENOME gameplay_screen__GB11 PIN 151
INST gameplay_screen__GB11 PIN 152: INST gameplay_screen__GB11 PIN 153 TYPE 2 INST gameplay_screen__GB10 PIN 773 TYPE 4 INST gameplay_screen__GB11 PIN 154 TYPE 2 INST gameplay_screen__GB10 PIN 774 TYPE 4 INST gameplay_screen__GB11 PIN 155 TYPE 2 INST gameplay_screen__GB10 PIN 775 TYPE 4
INST gameplay_screen__GB11 PIN 156: INST gameplay_screen__GB10 PIN 776 TYPE 0 GENOME gameplay_screen__GB11 PIN 156
INST gameplay_screen__GB11 PIN 157: INST gameplay_screen__GB10 PIN 777 TYPE 0 GENOME gameplay_screen__GB11 PIN 157
INST gameplay_screen__GB11 PIN 158: INST gameplay_screen__GB10 PIN 778 TYPE 0 GENOME gameplay_screen__GB11 PIN 158
INST gameplay_screen__GB11 PIN 159: INST gameplay_screen__GB10 PIN 779 TYPE 0 GENOME gameplay_screen__GB11 PIN 159
INST gameplay_screen__GB11 PIN 160: INST gameplay_screen__GB10 PIN 780 TYPE 0 GENOME gameplay_screen__GB11 PIN 160
INST gameplay_screen__GB11 PIN 161: INST gameplay_screen__GB10 PIN 781 TYPE 0 GENOME gameplay_screen__GB11 PIN 161
INST gameplay_screen__GB11 PIN 162: INST gameplay_screen__GB10 PIN 782 TYPE 0 GENOME gameplay_screen__GB11 PIN 162
INST gameplay_screen__GB11 PIN 163: INST gameplay_screen__GB10 PIN 783 TYPE 0 GENOME gameplay_screen__GB11 PIN 163
INST gameplay_screen__GB11 PIN 164: INST gameplay_screen__GB11 PIN 165 TYPE 2 INST gameplay_screen__GB10 PIN 785 TYPE 4 INST gameplay_screen__GB11 PIN 166 TYPE 2 INST gameplay_screen__GB10 PIN 786 TYPE 4 INST gameplay_screen__GB11 PIN 167 TYPE 2 INST gameplay_screen__GB10 PIN 787 TYPE 4
INST gameplay_screen__GB11 PIN 180: INST gameplay_screen__GB10 PIN 788 TYPE 0 GENOME gameplay_screen__GB11 PIN 180
INST gameplay_screen__GB11 PIN 181: INST gameplay_screen__GB10 PIN 789 TYPE 0 GENOME gameplay_screen__GB11 PIN 181
INST gameplay_screen__GB11 PIN 182: INST gameplay_screen__GB10 PIN 790 TYPE 0 GENOME gameplay_screen__GB11 PIN 182
INST gameplay_screen__GB11 PIN 183: INST gameplay_screen__GB10 PIN 791 TYPE 0 GENOME gameplay_screen__GB11 PIN 183
INST gameplay_screen__GB11 PIN 184: INST gameplay_screen__GB10 PIN 792 TYPE 0 GENOME gameplay_screen__GB11 PIN 184
INST gameplay_screen__GB11 PIN 185: INST gameplay_screen__GB10 PIN 793 TYPE 0 GENOME gameplay_screen__GB11 PIN 185
INST gameplay_screen__GB11 PIN 186: INST gameplay_screen__GB10 PIN 794 TYPE 0 GENOME gameplay_screen__GB11 PIN 186
INST gameplay_screen__GB11 PIN 187: INST gameplay_screen__GB10 PIN 795 TYPE 0 GENOME gameplay_screen__GB11 PIN 187
INST gameplay_screen__GB11 PIN 188: INST gameplay_screen__GB11 PIN 189 TYPE 2 INST gameplay_screen__GB10 PIN 797 TYPE 4 INST gameplay_screen__GB11 PIN 190 TYPE 2 INST gameplay_screen__GB10 PIN 798 TYPE 4 INST gameplay_screen__GB11 PIN 191 TYPE 2 INST gameplay_screen__GB10 PIN 799 TYPE 4
INST gameplay_screen__GB11 PIN 192: INST gameplay_screen__GB10 PIN 800 TYPE 0 GENOME gameplay_screen__GB11 PIN 192
INST gameplay_screen__GB11 PIN 193: INST gameplay_screen__GB10 PIN 801 TYPE 0 GENOME gameplay_screen__GB11 PIN 193
INST gameplay_screen__GB11 PIN 194: INST gameplay_screen__GB10 PIN 802 TYPE 0 GENOME gameplay_screen__GB11 PIN 194
INST gameplay_screen__GB11 PIN 195: INST gameplay_screen__GB10 PIN 803 TYPE 0 GENOME gameplay_screen__GB11 PIN 195
INST gameplay_screen__GB11 PIN 196: INST gameplay_screen__GB10 PIN 804 TYPE 0 GENOME gameplay_screen__GB11 PIN 196
INST gameplay_screen__GB11 PIN 197: INST gameplay_screen__GB10 PIN 805 TYPE 0 GENOME gameplay_screen__GB11 PIN 197
INST gameplay_screen__GB11 PIN 198: INST gameplay_screen__GB10 PIN 806 TYPE 0 GENOME gameplay_screen__GB11 PIN 198
INST gameplay_screen__GB11 PIN 199: INST gameplay_screen__GB10 PIN 807 TYPE 0 GENOME gameplay_screen__GB11 PIN 199
INST gameplay_screen__GB11 PIN 200: INST gameplay_screen__GB11 PIN 201 TYPE 2 INST gameplay_screen__GB10 PIN 809 TYPE 4 INST gameplay_screen__GB11 PIN 202 TYPE 2 INST gameplay_screen__GB10 PIN 810 TYPE 4 INST gameplay_screen__GB11 PIN 203 TYPE 2 INST gameplay_screen__GB10 PIN 811 TYPE 4
INST gameplay_screen__GB11 PIN 216: INST gameplay_screen__GB11 PIN 217 TYPE 2 INST gameplay_screen__GB10 PIN 928 TYPE 4 INST gameplay_screen__GB11 PIN 218 TYPE 2 INST gameplay_screen__GB10 PIN 929 TYPE 4 INST gameplay_screen__GB11 PIN 219 TYPE 2 INST gameplay_screen__GB10 PIN 930 TYPE 4
INST gameplay_screen__GB11 PIN 220: INST gameplay_screen__GB10 PIN 931 TYPE 0 GENOME gameplay_screen__GB11 PIN 220
INST gameplay_screen__GB11 PIN 221: INST gameplay_screen__GB10 PIN 932 TYPE 0 GENOME gameplay_screen__GB11 PIN 221
INST gameplay_screen__GB11 PIN 222: INST gameplay_screen__GB10 PIN 933 TYPE 0 GENOME gameplay_screen__GB11 PIN 222
INST gameplay_screen__GB11 PIN 223: INST gameplay_screen__GB10 PIN 934 TYPE 0 GENOME gameplay_screen__GB11 PIN 223
INST gameplay_screen__GB11 PIN 224: INST gameplay_screen__GB10 PIN 935 TYPE 0 GENOME gameplay_screen__GB11 PIN 224
INST gameplay_screen__GB11 PIN 225: INST gameplay_screen__GB10 PIN 936 TYPE 0 GENOME gameplay_screen__GB11 PIN 225
INST gameplay_screen__GB11 PIN 226: INST gameplay_screen__GB10 PIN 937 TYPE 0 GENOME gameplay_screen__GB11 PIN 226
INST gameplay_screen__GB11 PIN 227: INST gameplay_screen__GB10 PIN 938 TYPE 0 GENOME gameplay_screen__GB11 PIN 227
INST gameplay_screen__GB11 PIN 1: GENOME gameplay_screen__GB11 PIN 1
INST gameplay_screen__GB11 PIN 2: GENOME gameplay_screen__GB11 PIN 2
INST gameplay_screen__GB11 PIN 3: GENOME gameplay_screen__GB11 PIN 3
INST gameplay_screen__GB11 PIN 13: GENOME gameplay_screen__GB11 PIN 13
INST gameplay_screen__GB11 PIN 14: GENOME gameplay_screen__GB11 PIN 14
INST gameplay_screen__GB11 PIN 15: GENOME gameplay_screen__GB11 PIN 15
INST gameplay_screen__GB11 PIN 33: GENOME gameplay_screen__GB11 PIN 33
INST gameplay_screen__GB11 PIN 34: GENOME gameplay_screen__GB11 PIN 34
INST gameplay_screen__GB11 PIN 35: GENOME gameplay_screen__GB11 PIN 35
INST gameplay_screen__GB11 PIN 37: GENOME gameplay_screen__GB11 PIN 37
INST gameplay_screen__GB11 PIN 38: GENOME gameplay_screen__GB11 PIN 38
INST gameplay_screen__GB11 PIN 39: GENOME gameplay_screen__GB11 PIN 39
INST gameplay_screen__GB11 PIN 57: GENOME gameplay_screen__GB11 PIN 57
INST gameplay_screen__GB11 PIN 58: GENOME gameplay_screen__GB11 PIN 58
INST gameplay_screen__GB11 PIN 59: GENOME gameplay_screen__GB11 PIN 59
INST gameplay_screen__GB11 PIN 61: GENOME gameplay_screen__GB11 PIN 61
INST gameplay_screen__GB11 PIN 62: GENOME gameplay_screen__GB11 PIN 62
INST gameplay_screen__GB11 PIN 63: GENOME gameplay_screen__GB11 PIN 63
INST gameplay_screen__GB11 PIN 73: GENOME gameplay_screen__GB11 PIN 73
INST gameplay_screen__GB11 PIN 74: GENOME gameplay_screen__GB11 PIN 74
INST gameplay_screen__GB11 PIN 75: GENOME gameplay_screen__GB11 PIN 75
INST gameplay_screen__GB11 PIN 85: GENOME gameplay_screen__GB11 PIN 85
INST gameplay_screen__GB11 PIN 86: GENOME gameplay_screen__GB11 PIN 86
INST gameplay_screen__GB11 PIN 87: GENOME gameplay_screen__GB11 PIN 87
INST gameplay_screen__GB11 PIN 97: GENOME gameplay_screen__GB11 PIN 97
INST gameplay_screen__GB11 PIN 98: GENOME gameplay_screen__GB11 PIN 98
INST gameplay_screen__GB11 PIN 99: GENOME gameplay_screen__GB11 PIN 99
INST gameplay_screen__GB11 PIN 117: GENOME gameplay_screen__GB11 PIN 117
INST gameplay_screen__GB11 PIN 118: GENOME gameplay_screen__GB11 PIN 118
INST gameplay_screen__GB11 PIN 119: GENOME gameplay_screen__GB11 PIN 119
INST gameplay_screen__GB11 PIN 121: GENOME gameplay_screen__GB11 PIN 121
INST gameplay_screen__GB11 PIN 122: GENOME gameplay_screen__GB11 PIN 122
INST gameplay_screen__GB11 PIN 123: GENOME gameplay_screen__GB11 PIN 123
INST gameplay_screen__GB11 PIN 141: GENOME gameplay_screen__GB11 PIN 141
INST gameplay_screen__GB11 PIN 142: GENOME gameplay_screen__GB11 PIN 142
INST gameplay_screen__GB11 PIN 143: GENOME gameplay_screen__GB11 PIN 143
INST gameplay_screen__GB11 PIN 153: GENOME gameplay_screen__GB11 PIN 153
INST gameplay_screen__GB11 PIN 154: GENOME gameplay_screen__GB11 PIN 154
INST gameplay_screen__GB11 PIN 155: GENOME gameplay_screen__GB11 PIN 155
INST gameplay_screen__GB11 PIN 165: GENOME gameplay_screen__GB11 PIN 165
INST gameplay_screen__GB11 PIN 166: GENOME gameplay_screen__GB11 PIN 166
INST gameplay_screen__GB11 PIN 167: GENOME gameplay_screen__GB11 PIN 167
INST gameplay_screen__GB11 PIN 177: GENOME gameplay_screen__GB11 PIN 177
INST gameplay_screen__GB11 PIN 178: GENOME gameplay_screen__GB11 PIN 178
INST gameplay_screen__GB11 PIN 179: GENOME gameplay_screen__GB11 PIN 179
INST gameplay_screen__GB11 PIN 189: GENOME gameplay_screen__GB11 PIN 189
INST gameplay_screen__GB11 PIN 190: GENOME gameplay_screen__GB11 PIN 190
INST gameplay_screen__GB11 PIN 191: GENOME gameplay_screen__GB11 PIN 191
INST gameplay_screen__GB11 PIN 201: GENOME gameplay_screen__GB11 PIN 201
INST gameplay_screen__GB11 PIN 202: GENOME gameplay_screen__GB11 PIN 202
INST gameplay_screen__GB11 PIN 203: GENOME gameplay_screen__GB11 PIN 203
INST gameplay_screen__GB11 PIN 205: GENOME gameplay_screen__GB11 PIN 205
INST gameplay_screen__GB11 PIN 206: GENOME gameplay_screen__GB11 PIN 206
INST gameplay_screen__GB11 PIN 207: GENOME gameplay_screen__GB11 PIN 207
INST gameplay_screen__GB11 PIN 217: GENOME gameplay_screen__GB11 PIN 217
INST gameplay_screen__GB11 PIN 218: GENOME gameplay_screen__GB11 PIN 218
INST gameplay_screen__GB11 PIN 219: GENOME gameplay_screen__GB11 PIN 219
INST gameplay_screen__GB11 PIN 229: GENOME gameplay_screen__GB11 PIN 229
INST gameplay_screen__GB11 PIN 230: GENOME gameplay_screen__GB11 PIN 230
INST gameplay_screen__GB11 PIN 231: GENOME gameplay_screen__GB11 PIN 231
INST gameplay_screen__GB11 PIN 249: GENOME gameplay_screen__GB11 PIN 249
INST gameplay_screen__GB11 PIN 250: GENOME gameplay_screen__GB11 PIN 250
INST gameplay_screen__GB11 PIN 251: GENOME gameplay_screen__GB11 PIN 251
INST gameplay_screen__GB11 PIN 253: GENOME gameplay_screen__GB11 PIN 253
INST gameplay_screen__GB11 PIN 254: GENOME gameplay_screen__GB11 PIN 254
INST gameplay_screen__GB11 PIN 255: GENOME gameplay_screen__GB11 PIN 255
INST gameplay_screen__GB11 PIN 256: GENOME gameplay_screen__GB11 PIN 256
INST gameplay_screen__GB11 PIN 257: GENOME gameplay_screen__GB11 PIN 257
INST gameplay_screen__GB11 PIN 258: GENOME gameplay_screen__GB11 PIN 258
INST gameplay_screen__GB11 PIN 259: GENOME gameplay_screen__GB11 PIN 259
INST gameplay_screen__GB11 PIN 260: GENOME gameplay_screen__GB11 PIN 260
INST gameplay_screen__GB11 PIN 261: GENOME gameplay_screen__GB11 PIN 261
INST gameplay_screen__GB11 PIN 262: GENOME gameplay_screen__GB11 PIN 262
INST gameplay_screen__GB11 PIN 263: GENOME gameplay_screen__GB11 PIN 263
INST top_level__GC0 PIN 97: GENOME top_level__GC0 PIN 97 INST top_level__GC0 PIN 38 TYPE 5
INST top_level__GC0 PIN 38: GENOME top_level__GC0 PIN 38
INST top_level__GC0 PIN 98: GENOME top_level__GC0 PIN 98 INST top_level__GC0 PIN 37 TYPE 5
INST top_level__GC0 PIN 37: GENOME top_level__GC0 PIN 37
INST top_level__GC0 PIN 99: GENOME top_level__GC0 PIN 99 INST top_level__GC0 PIN 39 TYPE 5
INST top_level__GC0 PIN 39: GENOME top_level__GC0 PIN 39
