GENOME NON_GENOME PIN 77: GENOME NON_GENOME PIN 66 GENOME NON_GENOME PIN 88
GENOME NON_GENOME PIN 66: GENOME NON_GENOME PIN 77
GENOME NON_GENOME PIN 76: GENOME NON_GENOME PIN 87
GENOME NON_GENOME PIN 87: GENOME NON_GENOME PIN 76 GENOME NON_GENOME PIN 85
GENOME NON_GENOME PIN 88: GENOME NON_GENOME PIN 77 GENOME NON_GENOME PIN 85
GENOME NON_GENOME PIN 43: GENOME NON_GENOME PIN 98
GENOME NON_GENOME PIN 98: GENOME NON_GENOME PIN 43 GENOME NON_GENOME PIN 97
GENOME NON_GENOME PIN 44: GENOME NON_GENOME PIN 99 GENOME NON_GENOME PIN 110
GENOME NON_GENOME PIN 99: GENOME NON_GENOME PIN 44 GENOME NON_GENOME PIN 97
GENOME NON_GENOME PIN 110: GENOME NON_GENOME PIN 44 GENOME NON_GENOME PIN 108
GENOME NON_GENOME PIN 242: GENOME NON_GENOME PIN 10 GENOME NON_GENOME PIN 21
GENOME NON_GENOME PIN 10: GENOME NON_GENOME PIN 242
GENOME NON_GENOME PIN 241: GENOME NON_GENOME PIN 20
GENOME NON_GENOME PIN 20: GENOME NON_GENOME PIN 241
GENOME NON_GENOME PIN 21: GENOME NON_GENOME PIN 242
GENOME NON_GENOME PIN 388: GENOME NON_GENOME PIN 36
GENOME NON_GENOME PIN 36: GENOME NON_GENOME PIN 388
GENOME NON_GENOME PIN 389: GENOME NON_GENOME PIN 37 GENOME NON_GENOME PIN 48
GENOME NON_GENOME PIN 37: GENOME NON_GENOME PIN 389 GENOME NON_GENOME PIN 103
GENOME NON_GENOME PIN 48: GENOME NON_GENOME PIN 389
GENOME NON_GENOME PIN 59: GENOME NON_GENOME PIN 70 GENOME NON_GENOME PIN 60 GENOME NON_GENOME PIN 61 GENOME NON_GENOME PIN 62
GENOME NON_GENOME PIN 70: GENOME NON_GENOME PIN 59
GENOME NON_GENOME PIN 92: GENOME NON_GENOME PIN 81
GENOME NON_GENOME PIN 81: GENOME NON_GENOME PIN 92 GENOME NON_GENOME PIN 82 GENOME NON_GENOME PIN 83 GENOME NON_GENOME PIN 84 GENOME NON_GENOME PIN 79
GENOME NON_GENOME PIN 114: GENOME NON_GENOME PIN 103
GENOME NON_GENOME PIN 103: GENOME NON_GENOME PIN 114 GENOME NON_GENOME PIN 37
GENOME NON_GENOME PIN 120: GENOME NON_GENOME PIN 121 GENOME NON_GENOME PIN 122 GENOME NON_GENOME PIN 123
GENOME NON_GENOME PIN 121: GENOME NON_GENOME PIN 120
GENOME NON_GENOME PIN 122: GENOME NON_GENOME PIN 120
GENOME NON_GENOME PIN 123: GENOME NON_GENOME PIN 120
GENOME NON_GENOME PIN 132: GENOME NON_GENOME PIN 133 GENOME NON_GENOME PIN 134 GENOME NON_GENOME PIN 135
GENOME NON_GENOME PIN 133: GENOME NON_GENOME PIN 132
GENOME NON_GENOME PIN 134: GENOME NON_GENOME PIN 132
GENOME NON_GENOME PIN 135: GENOME NON_GENOME PIN 132
GENOME NON_GENOME PIN 157: GENOME NON_GENOME PIN 158 GENOME NON_GENOME PIN 159 GENOME NON_GENOME PIN 160
GENOME NON_GENOME PIN 158: GENOME NON_GENOME PIN 157
GENOME NON_GENOME PIN 159: GENOME NON_GENOME PIN 157
GENOME NON_GENOME PIN 160: GENOME NON_GENOME PIN 157
GENOME NON_GENOME PIN 172: GENOME NON_GENOME PIN 173 GENOME NON_GENOME PIN 174 GENOME NON_GENOME PIN 175 GENOME NON_GENOME PIN 169
GENOME NON_GENOME PIN 173: GENOME NON_GENOME PIN 172
GENOME NON_GENOME PIN 174: GENOME NON_GENOME PIN 172 GENOME NON_GENOME PIN 333
GENOME NON_GENOME PIN 175: GENOME NON_GENOME PIN 172
GENOME NON_GENOME PIN 228: GENOME NON_GENOME PIN 229 GENOME NON_GENOME PIN 230 GENOME NON_GENOME PIN 231
GENOME NON_GENOME PIN 229: GENOME NON_GENOME PIN 228
GENOME NON_GENOME PIN 230: GENOME NON_GENOME PIN 228
GENOME NON_GENOME PIN 231: GENOME NON_GENOME PIN 228
GENOME NON_GENOME PIN 82: GENOME NON_GENOME PIN 81 GENOME NON_GENOME PIN 79
GENOME NON_GENOME PIN 83: GENOME NON_GENOME PIN 81
GENOME NON_GENOME PIN 84: GENOME NON_GENOME PIN 81
GENOME NON_GENOME PIN 108: GENOME NON_GENOME PIN 109 GENOME NON_GENOME PIN 110 GENOME NON_GENOME PIN 111
GENOME NON_GENOME PIN 109: GENOME NON_GENOME PIN 108
GENOME NON_GENOME PIN 111: GENOME NON_GENOME PIN 108
GENOME NON_GENOME PIN 30: GENOME NON_GENOME PIN 16 GENOME NON_GENOME PIN 310
GENOME NON_GENOME PIN 16: GENOME NON_GENOME PIN 30 GENOME NON_GENOME PIN 413
GENOME NON_GENOME PIN 309: GENOME NON_GENOME PIN 29 GENOME NON_GENOME PIN 307
GENOME NON_GENOME PIN 29: GENOME NON_GENOME PIN 309
GENOME NON_GENOME PIN 52: GENOME NON_GENOME PIN 41
GENOME NON_GENOME PIN 41: GENOME NON_GENOME PIN 52
GENOME NON_GENOME PIN 63: GENOME NON_GENOME PIN 74
GENOME NON_GENOME PIN 74: GENOME NON_GENOME PIN 63
GENOME NON_GENOME PIN 3: GENOME NON_GENOME PIN 78
GENOME NON_GENOME PIN 78: GENOME NON_GENOME PIN 3
GENOME NON_GENOME PIN 169: GENOME NON_GENOME PIN 170 GENOME NON_GENOME PIN 171 GENOME NON_GENOME PIN 172
GENOME NON_GENOME PIN 170: GENOME NON_GENOME PIN 169
GENOME NON_GENOME PIN 171: GENOME NON_GENOME PIN 169
GENOME NON_GENOME PIN 188: GENOME NON_GENOME PIN 189 GENOME NON_GENOME PIN 190 GENOME NON_GENOME PIN 191
GENOME NON_GENOME PIN 189: GENOME NON_GENOME PIN 188 GENOME NON_GENOME PIN 190 GENOME NON_GENOME PIN 191 GENOME NON_GENOME PIN 192
GENOME NON_GENOME PIN 190: GENOME NON_GENOME PIN 188 GENOME NON_GENOME PIN 189
GENOME NON_GENOME PIN 191: GENOME NON_GENOME PIN 188 GENOME NON_GENOME PIN 189 GENOME NON_GENOME PIN 223
GENOME NON_GENOME PIN 200: GENOME NON_GENOME PIN 201 GENOME NON_GENOME PIN 202 GENOME NON_GENOME PIN 203
GENOME NON_GENOME PIN 201: GENOME NON_GENOME PIN 200
GENOME NON_GENOME PIN 202: GENOME NON_GENOME PIN 200
GENOME NON_GENOME PIN 203: GENOME NON_GENOME PIN 200
GENOME NON_GENOME PIN 220: GENOME NON_GENOME PIN 221 GENOME NON_GENOME PIN 222 GENOME NON_GENOME PIN 223
GENOME NON_GENOME PIN 221: GENOME NON_GENOME PIN 220
GENOME NON_GENOME PIN 222: GENOME NON_GENOME PIN 220
GENOME NON_GENOME PIN 223: GENOME NON_GENOME PIN 220 GENOME NON_GENOME PIN 191
GENOME NON_GENOME PIN 232: GENOME NON_GENOME PIN 233 GENOME NON_GENOME PIN 234 GENOME NON_GENOME PIN 235
GENOME NON_GENOME PIN 233: GENOME NON_GENOME PIN 232
GENOME NON_GENOME PIN 234: GENOME NON_GENOME PIN 232
GENOME NON_GENOME PIN 235: GENOME NON_GENOME PIN 232
GENOME NON_GENOME PIN 244: GENOME NON_GENOME PIN 245 GENOME NON_GENOME PIN 246 GENOME NON_GENOME PIN 247
GENOME NON_GENOME PIN 245: GENOME NON_GENOME PIN 244
GENOME NON_GENOME PIN 246: GENOME NON_GENOME PIN 244
GENOME NON_GENOME PIN 247: GENOME NON_GENOME PIN 244
GENOME NON_GENOME PIN 267: GENOME NON_GENOME PIN 268 GENOME NON_GENOME PIN 269 GENOME NON_GENOME PIN 270
GENOME NON_GENOME PIN 268: GENOME NON_GENOME PIN 267
GENOME NON_GENOME PIN 269: GENOME NON_GENOME PIN 267
GENOME NON_GENOME PIN 270: GENOME NON_GENOME PIN 267
GENOME NON_GENOME PIN 310: GENOME NON_GENOME PIN 30 GENOME NON_GENOME PIN 307
GENOME NON_GENOME PIN 333: GENOME NON_GENOME PIN 174
GENOME NON_GENOME PIN 334: GENOME NON_GENOME PIN 335 GENOME NON_GENOME PIN 336 GENOME NON_GENOME PIN 337
GENOME NON_GENOME PIN 335: GENOME NON_GENOME PIN 334
GENOME NON_GENOME PIN 336: GENOME NON_GENOME PIN 334
GENOME NON_GENOME PIN 337: GENOME NON_GENOME PIN 334
GENOME NON_GENOME PIN 284: GENOME NON_GENOME PIN 346 GENOME NON_GENOME PIN 283
GENOME NON_GENOME PIN 346: GENOME NON_GENOME PIN 284
GENOME NON_GENOME PIN 413: GENOME NON_GENOME PIN 16
GENOME NON_GENOME PIN 414: GENOME NON_GENOME PIN 17 GENOME NON_GENOME PIN 28
GENOME NON_GENOME PIN 17: GENOME NON_GENOME PIN 414
GENOME NON_GENOME PIN 28: GENOME NON_GENOME PIN 414
GENOME NON_GENOME PIN 58: GENOME NON_GENOME PIN 47
GENOME NON_GENOME PIN 47: GENOME NON_GENOME PIN 58
GENOME NON_GENOME PIN 60: GENOME NON_GENOME PIN 59
GENOME NON_GENOME PIN 61: GENOME NON_GENOME PIN 59
GENOME NON_GENOME PIN 62: GENOME NON_GENOME PIN 59
GENOME NON_GENOME PIN 79: GENOME NON_GENOME PIN 80 GENOME NON_GENOME PIN 81 GENOME NON_GENOME PIN 82
GENOME NON_GENOME PIN 80: GENOME NON_GENOME PIN 79
GENOME NON_GENOME PIN 93: GENOME NON_GENOME PIN 104
GENOME NON_GENOME PIN 104: GENOME NON_GENOME PIN 93 GENOME NON_GENOME PIN 39
GENOME NON_GENOME PIN 115: GENOME NON_GENOME PIN 116 GENOME NON_GENOME PIN 117 GENOME NON_GENOME PIN 118
GENOME NON_GENOME PIN 116: GENOME NON_GENOME PIN 115
GENOME NON_GENOME PIN 117: GENOME NON_GENOME PIN 115
GENOME NON_GENOME PIN 118: GENOME NON_GENOME PIN 115
GENOME NON_GENOME PIN 138: GENOME NON_GENOME PIN 139 GENOME NON_GENOME PIN 140 GENOME NON_GENOME PIN 141
GENOME NON_GENOME PIN 139: GENOME NON_GENOME PIN 138
GENOME NON_GENOME PIN 140: GENOME NON_GENOME PIN 138
GENOME NON_GENOME PIN 141: GENOME NON_GENOME PIN 138
GENOME NON_GENOME PIN 150: GENOME NON_GENOME PIN 151 GENOME NON_GENOME PIN 152 GENOME NON_GENOME PIN 153
GENOME NON_GENOME PIN 151: GENOME NON_GENOME PIN 150
GENOME NON_GENOME PIN 152: GENOME NON_GENOME PIN 150
GENOME NON_GENOME PIN 153: GENOME NON_GENOME PIN 150
GENOME NON_GENOME PIN 192: GENOME NON_GENOME PIN 189
GENOME NON_GENOME PIN 236: GENOME NON_GENOME PIN 237 GENOME NON_GENOME PIN 238 GENOME NON_GENOME PIN 239
GENOME NON_GENOME PIN 237: GENOME NON_GENOME PIN 236
GENOME NON_GENOME PIN 238: GENOME NON_GENOME PIN 236
GENOME NON_GENOME PIN 239: GENOME NON_GENOME PIN 236
GENOME NON_GENOME PIN 259: GENOME NON_GENOME PIN 260 GENOME NON_GENOME PIN 261 GENOME NON_GENOME PIN 262
GENOME NON_GENOME PIN 260: GENOME NON_GENOME PIN 259
GENOME NON_GENOME PIN 261: GENOME NON_GENOME PIN 259
GENOME NON_GENOME PIN 262: GENOME NON_GENOME PIN 259
GENOME NON_GENOME PIN 271: GENOME NON_GENOME PIN 272 GENOME NON_GENOME PIN 273 GENOME NON_GENOME PIN 274
GENOME NON_GENOME PIN 272: GENOME NON_GENOME PIN 271
GENOME NON_GENOME PIN 273: GENOME NON_GENOME PIN 271
GENOME NON_GENOME PIN 274: GENOME NON_GENOME PIN 271
GENOME NON_GENOME PIN 283: GENOME NON_GENOME PIN 284 GENOME NON_GENOME PIN 285 GENOME NON_GENOME PIN 286
GENOME NON_GENOME PIN 285: GENOME NON_GENOME PIN 283
GENOME NON_GENOME PIN 286: GENOME NON_GENOME PIN 283
GENOME NON_GENOME PIN 303: GENOME NON_GENOME PIN 304 GENOME NON_GENOME PIN 305 GENOME NON_GENOME PIN 306
GENOME NON_GENOME PIN 304: GENOME NON_GENOME PIN 303
GENOME NON_GENOME PIN 305: GENOME NON_GENOME PIN 303
GENOME NON_GENOME PIN 306: GENOME NON_GENOME PIN 303
GENOME NON_GENOME PIN 307: GENOME NON_GENOME PIN 308 GENOME NON_GENOME PIN 309 GENOME NON_GENOME PIN 310 GENOME NON_GENOME PIN 311 GENOME NON_GENOME PIN 312 GENOME NON_GENOME PIN 313 GENOME NON_GENOME PIN 314 GENOME NON_GENOME PIN 315 GENOME NON_GENOME PIN 316 GENOME NON_GENOME PIN 317 GENOME NON_GENOME PIN 318
GENOME NON_GENOME PIN 308: GENOME NON_GENOME PIN 307
GENOME NON_GENOME PIN 311: GENOME NON_GENOME PIN 307
GENOME NON_GENOME PIN 312: GENOME NON_GENOME PIN 307
GENOME NON_GENOME PIN 313: GENOME NON_GENOME PIN 307
GENOME NON_GENOME PIN 314: GENOME NON_GENOME PIN 307
GENOME NON_GENOME PIN 315: GENOME NON_GENOME PIN 307
GENOME NON_GENOME PIN 316: GENOME NON_GENOME PIN 307
GENOME NON_GENOME PIN 317: GENOME NON_GENOME PIN 307
GENOME NON_GENOME PIN 318: GENOME NON_GENOME PIN 307
INST gameplay_screen__GB24 PIN 373: INST top_level__GC0 PIN 40 TYPE 5
INST gameplay_screen__GB24 PIN 14: INST gameplay_screen__GB27 PIN 479 TYPE 0 INST gameplay_screen__GB26 PIN 393 TYPE 0 INST gameplay_screen__GB25 PIN 216 TYPE 0 INST gameplay_screen__GB21 PIN 415 TYPE 0 INST gameplay_screen__GB20 PIN 252 TYPE 0 INST gameplay_screen__GB19 PIN 349 TYPE 0 INST gameplay_screen__GB16 PIN 372 TYPE 0 INST gameplay_screen__GB15 PIN 284 TYPE 0 INST gameplay_screen__GB14 PIN 354 TYPE 0 INST gameplay_screen__GB13 PIN 731 TYPE 0 INST gameplay_screen__GB9 PIN 256 TYPE 0 INST gameplay_screen__GB6 PIN 1445 TYPE 0 INST gameplay_screen__GB5 PIN 594 TYPE 0 INST gameplay_screen__GB4 PIN 777 TYPE 0 GENOME gameplay_screen__GB24 PIN 14
INST gameplay_screen__GB24 PIN 271: INST gameplay_screen__GB24 PIN 272 TYPE 2 INST gameplay_screen__GB23 PIN 367 TYPE 4 INST gameplay_screen__GB24 PIN 273 TYPE 2 INST gameplay_screen__GB23 PIN 368 TYPE 4 INST gameplay_screen__GB24 PIN 274 TYPE 2 INST gameplay_screen__GB23 PIN 369 TYPE 4
INST gameplay_screen__GB24 PIN 275: INST gameplay_screen__GB23 PIN 370 TYPE 0 GENOME gameplay_screen__GB24 PIN 275
INST gameplay_screen__GB24 PIN 276: INST gameplay_screen__GB23 PIN 371 TYPE 0 GENOME gameplay_screen__GB24 PIN 276
INST gameplay_screen__GB24 PIN 277: INST gameplay_screen__GB23 PIN 372 TYPE 0 GENOME gameplay_screen__GB24 PIN 277
INST gameplay_screen__GB24 PIN 278: INST gameplay_screen__GB23 PIN 373 TYPE 0 GENOME gameplay_screen__GB24 PIN 278
INST gameplay_screen__GB24 PIN 279: INST gameplay_screen__GB23 PIN 374 TYPE 0 GENOME gameplay_screen__GB24 PIN 279
INST gameplay_screen__GB24 PIN 280: INST gameplay_screen__GB23 PIN 375 TYPE 0 GENOME gameplay_screen__GB24 PIN 280
INST gameplay_screen__GB24 PIN 281: INST gameplay_screen__GB23 PIN 376 TYPE 0 GENOME gameplay_screen__GB24 PIN 281
INST gameplay_screen__GB24 PIN 282: INST gameplay_screen__GB23 PIN 377 TYPE 0 GENOME gameplay_screen__GB24 PIN 282
INST gameplay_screen__GB24 PIN 283: INST gameplay_screen__GB24 PIN 284 TYPE 2 INST gameplay_screen__GB23 PIN 379 TYPE 4 INST gameplay_screen__GB24 PIN 285 TYPE 2 INST gameplay_screen__GB23 PIN 380 TYPE 4 INST gameplay_screen__GB24 PIN 286 TYPE 2 INST gameplay_screen__GB23 PIN 381 TYPE 4
INST gameplay_screen__GB24 PIN 287: INST gameplay_screen__GB23 PIN 382 TYPE 0 GENOME gameplay_screen__GB24 PIN 287
INST gameplay_screen__GB24 PIN 288: INST gameplay_screen__GB23 PIN 383 TYPE 0 GENOME gameplay_screen__GB24 PIN 288
INST gameplay_screen__GB24 PIN 289: INST gameplay_screen__GB23 PIN 384 TYPE 0 GENOME gameplay_screen__GB24 PIN 289
INST gameplay_screen__GB24 PIN 290: INST gameplay_screen__GB23 PIN 385 TYPE 0 GENOME gameplay_screen__GB24 PIN 290
INST gameplay_screen__GB24 PIN 291: INST gameplay_screen__GB23 PIN 386 TYPE 0 GENOME gameplay_screen__GB24 PIN 291
INST gameplay_screen__GB24 PIN 292: INST gameplay_screen__GB23 PIN 387 TYPE 0 GENOME gameplay_screen__GB24 PIN 292
INST gameplay_screen__GB24 PIN 293: INST gameplay_screen__GB23 PIN 388 TYPE 0 GENOME gameplay_screen__GB24 PIN 293
INST gameplay_screen__GB24 PIN 294: INST gameplay_screen__GB23 PIN 389 TYPE 0 GENOME gameplay_screen__GB24 PIN 294
INST gameplay_screen__GB24 PIN 211: INST gameplay_screen__GB23 PIN 17 TYPE 3 INST gameplay_screen__GB22 PIN 496 TYPE 4
INST gameplay_screen__GB24 PIN 259: INST gameplay_screen__GB24 PIN 260 TYPE 2 INST gameplay_screen__GB22 PIN 682 TYPE 4 INST gameplay_screen__GB24 PIN 261 TYPE 2 INST gameplay_screen__GB22 PIN 683 TYPE 4 INST gameplay_screen__GB24 PIN 262 TYPE 2 INST gameplay_screen__GB22 PIN 684 TYPE 4
INST gameplay_screen__GB24 PIN 263: INST gameplay_screen__GB22 PIN 685 TYPE 0 GENOME gameplay_screen__GB24 PIN 263
INST gameplay_screen__GB24 PIN 264: INST gameplay_screen__GB22 PIN 686 TYPE 0 GENOME gameplay_screen__GB24 PIN 264
INST gameplay_screen__GB24 PIN 265: INST gameplay_screen__GB22 PIN 687 TYPE 0 GENOME gameplay_screen__GB24 PIN 265
INST gameplay_screen__GB24 PIN 266: INST gameplay_screen__GB22 PIN 688 TYPE 0 GENOME gameplay_screen__GB24 PIN 266
INST gameplay_screen__GB24 PIN 267: INST gameplay_screen__GB22 PIN 689 TYPE 0 GENOME gameplay_screen__GB24 PIN 267
INST gameplay_screen__GB24 PIN 268: INST gameplay_screen__GB22 PIN 690 TYPE 0 GENOME gameplay_screen__GB24 PIN 268
INST gameplay_screen__GB24 PIN 269: INST gameplay_screen__GB22 PIN 691 TYPE 0 GENOME gameplay_screen__GB24 PIN 269
INST gameplay_screen__GB24 PIN 270: INST gameplay_screen__GB22 PIN 692 TYPE 0 GENOME gameplay_screen__GB24 PIN 270
INST gameplay_screen__GB24 PIN 236: INST gameplay_screen__GB24 PIN 237 TYPE 2 INST gameplay_screen__GB22 PIN 708 TYPE 4 INST gameplay_screen__GB24 PIN 238 TYPE 2 INST gameplay_screen__GB22 PIN 709 TYPE 4 INST gameplay_screen__GB24 PIN 239 TYPE 2 INST gameplay_screen__GB22 PIN 710 TYPE 4
INST gameplay_screen__GB24 PIN 240: INST gameplay_screen__GB22 PIN 711 TYPE 0 GENOME gameplay_screen__GB24 PIN 240
INST gameplay_screen__GB24 PIN 241: INST gameplay_screen__GB22 PIN 712 TYPE 0 GENOME gameplay_screen__GB24 PIN 241
INST gameplay_screen__GB24 PIN 242: INST gameplay_screen__GB22 PIN 713 TYPE 0 GENOME gameplay_screen__GB24 PIN 242
INST gameplay_screen__GB24 PIN 243: INST gameplay_screen__GB22 PIN 714 TYPE 0 GENOME gameplay_screen__GB24 PIN 243
INST gameplay_screen__GB24 PIN 244: INST gameplay_screen__GB22 PIN 715 TYPE 0 GENOME gameplay_screen__GB24 PIN 244
INST gameplay_screen__GB24 PIN 245: INST gameplay_screen__GB22 PIN 716 TYPE 0 GENOME gameplay_screen__GB24 PIN 245
INST gameplay_screen__GB24 PIN 246: INST gameplay_screen__GB22 PIN 717 TYPE 0 GENOME gameplay_screen__GB24 PIN 246
INST gameplay_screen__GB24 PIN 247: INST gameplay_screen__GB22 PIN 718 TYPE 0 GENOME gameplay_screen__GB24 PIN 247
INST gameplay_screen__GB19 PIN 30: INST gameplay_screen__GB19 PIN 310 TYPE 2 INST gameplay_screen__GB21 PIN 558 TYPE 4
INST gameplay_screen__GB24 PIN 223: INST gameplay_screen__GB19 PIN 515 TYPE 0 INST gameplay_screen__GB14 PIN 469 TYPE 0 INST gameplay_screen__GB6 PIN 1048 TYPE 0 INST gameplay_screen__GB3 PIN 1343 TYPE 0 GENOME gameplay_screen__GB24 PIN 223
INST gameplay_screen__GB24 PIN 224: INST gameplay_screen__GB19 PIN 516 TYPE 0 INST gameplay_screen__GB14 PIN 470 TYPE 0 INST gameplay_screen__GB6 PIN 1049 TYPE 0 INST gameplay_screen__GB3 PIN 1344 TYPE 0 GENOME gameplay_screen__GB24 PIN 224
INST gameplay_screen__GB24 PIN 225: INST gameplay_screen__GB19 PIN 517 TYPE 1 INST gameplay_screen__GB14 PIN 471 TYPE 1 INST gameplay_screen__GB6 PIN 1050 TYPE 1 INST gameplay_screen__GB3 PIN 1345 TYPE 1 GENOME gameplay_screen__GB24 PIN 225
INST gameplay_screen__GB24 PIN 226: INST gameplay_screen__GB19 PIN 518 TYPE 0 INST gameplay_screen__GB14 PIN 472 TYPE 0 INST gameplay_screen__GB6 PIN 1051 TYPE 0 INST gameplay_screen__GB3 PIN 1346 TYPE 0 GENOME gameplay_screen__GB24 PIN 226
INST gameplay_screen__GB24 PIN 227: INST gameplay_screen__GB19 PIN 519 TYPE 1 INST gameplay_screen__GB14 PIN 473 TYPE 1 INST gameplay_screen__GB6 PIN 1052 TYPE 1 INST gameplay_screen__GB3 PIN 1347 TYPE 1 GENOME gameplay_screen__GB24 PIN 227
INST gameplay_screen__GB24 PIN 228: INST gameplay_screen__GB19 PIN 520 TYPE 1 INST gameplay_screen__GB14 PIN 474 TYPE 1 INST gameplay_screen__GB6 PIN 1053 TYPE 1 INST gameplay_screen__GB3 PIN 1348 TYPE 1 GENOME gameplay_screen__GB24 PIN 228
INST gameplay_screen__GB24 PIN 229: INST gameplay_screen__GB19 PIN 521 TYPE 1 INST gameplay_screen__GB14 PIN 475 TYPE 1 INST gameplay_screen__GB6 PIN 1054 TYPE 1 INST gameplay_screen__GB3 PIN 1349 TYPE 1 GENOME gameplay_screen__GB24 PIN 229
INST gameplay_screen__GB24 PIN 230: INST gameplay_screen__GB19 PIN 522 TYPE 1 INST gameplay_screen__GB14 PIN 476 TYPE 1 INST gameplay_screen__GB6 PIN 1055 TYPE 1 INST gameplay_screen__GB3 PIN 1350 TYPE 1 GENOME gameplay_screen__GB24 PIN 230
INST gameplay_screen__GB24 PIN 231: INST gameplay_screen__GB19 PIN 523 TYPE 1 INST gameplay_screen__GB14 PIN 477 TYPE 1 INST gameplay_screen__GB6 PIN 1056 TYPE 1 INST gameplay_screen__GB3 PIN 1351 TYPE 1 GENOME gameplay_screen__GB24 PIN 231
INST gameplay_screen__GB24 PIN 232: INST gameplay_screen__GB19 PIN 524 TYPE 0 INST gameplay_screen__GB14 PIN 478 TYPE 0 INST gameplay_screen__GB6 PIN 1057 TYPE 0 INST gameplay_screen__GB3 PIN 1352 TYPE 0 GENOME gameplay_screen__GB24 PIN 232
INST gameplay_screen__GB15 PIN 65: INST gameplay_screen__GB14 PIN 37 TYPE 3 INST gameplay_screen__GB13 PIN 486 TYPE 4
INST gameplay_screen__GB13 PIN 384: INST gameplay_screen__GB14 PIN 21 TYPE 3 INST gameplay_screen__GB13 PIN 608 TYPE 4
INST gameplay_screen__GB9 PIN 44: INST gameplay_screen__GB9 PIN 99 TYPE 2 INST gameplay_screen__GB8 PIN 297 TYPE 4
INST gameplay_screen__GB9 PIN 77: INST gameplay_screen__GB9 PIN 88 TYPE 2 INST gameplay_screen__GB8 PIN 332 TYPE 4
INST gameplay_screen__GB24 PIN 295: INST gameplay_screen__GB6 PIN 1448 TYPE 0 GENOME gameplay_screen__GB24 PIN 295
INST gameplay_screen__GB24 PIN 296: INST gameplay_screen__GB6 PIN 1449 TYPE 0 GENOME gameplay_screen__GB24 PIN 296
INST gameplay_screen__GB24 PIN 297: INST gameplay_screen__GB6 PIN 1450 TYPE 0 GENOME gameplay_screen__GB24 PIN 297
INST gameplay_screen__GB24 PIN 298: INST gameplay_screen__GB6 PIN 1451 TYPE 0 GENOME gameplay_screen__GB24 PIN 298
INST gameplay_screen__GB24 PIN 299: INST gameplay_screen__GB6 PIN 1452 TYPE 0 GENOME gameplay_screen__GB24 PIN 299
INST gameplay_screen__GB24 PIN 300: INST gameplay_screen__GB6 PIN 1453 TYPE 0 GENOME gameplay_screen__GB24 PIN 300
INST gameplay_screen__GB24 PIN 301: INST gameplay_screen__GB6 PIN 1454 TYPE 0 GENOME gameplay_screen__GB24 PIN 301
INST gameplay_screen__GB24 PIN 302: INST gameplay_screen__GB6 PIN 1455 TYPE 0 GENOME gameplay_screen__GB24 PIN 302
INST gameplay_screen__GB24 PIN 303: INST gameplay_screen__GB24 PIN 304 TYPE 2 INST gameplay_screen__GB6 PIN 1457 TYPE 4 INST gameplay_screen__GB24 PIN 305 TYPE 2 INST gameplay_screen__GB6 PIN 1458 TYPE 4 INST gameplay_screen__GB24 PIN 306 TYPE 2 INST gameplay_screen__GB6 PIN 1459 TYPE 4
INST gameplay_screen__GB19 PIN 334: INST gameplay_screen__GB19 PIN 335 TYPE 2 INST gameplay_screen__GB6 PIN 1500 TYPE 4 INST gameplay_screen__GB19 PIN 336 TYPE 2 INST gameplay_screen__GB6 PIN 1501 TYPE 4 INST gameplay_screen__GB19 PIN 337 TYPE 2 INST gameplay_screen__GB6 PIN 1502 TYPE 4
INST gameplay_screen__GB19 PIN 338: INST gameplay_screen__GB6 PIN 1503 TYPE 0 GENOME gameplay_screen__GB19 PIN 338
INST gameplay_screen__GB19 PIN 339: INST gameplay_screen__GB6 PIN 1504 TYPE 0 GENOME gameplay_screen__GB19 PIN 339
INST gameplay_screen__GB19 PIN 340: INST gameplay_screen__GB6 PIN 1505 TYPE 0 GENOME gameplay_screen__GB19 PIN 340
INST gameplay_screen__GB19 PIN 341: INST gameplay_screen__GB6 PIN 1506 TYPE 0 GENOME gameplay_screen__GB19 PIN 341
INST gameplay_screen__GB19 PIN 342: INST gameplay_screen__GB6 PIN 1507 TYPE 0 GENOME gameplay_screen__GB19 PIN 342
INST gameplay_screen__GB19 PIN 343: INST gameplay_screen__GB6 PIN 1508 TYPE 0 GENOME gameplay_screen__GB19 PIN 343
INST gameplay_screen__GB19 PIN 344: INST gameplay_screen__GB6 PIN 1509 TYPE 0 GENOME gameplay_screen__GB19 PIN 344
INST gameplay_screen__GB19 PIN 345: INST gameplay_screen__GB6 PIN 1510 TYPE 0 GENOME gameplay_screen__GB19 PIN 345
INST gameplay_screen__GB14 PIN 220: INST gameplay_screen__GB6 PIN 1535 TYPE 0 GENOME gameplay_screen__GB14 PIN 220
INST gameplay_screen__GB14 PIN 221: INST gameplay_screen__GB6 PIN 1536 TYPE 0 GENOME gameplay_screen__GB14 PIN 221
INST gameplay_screen__GB14 PIN 222: INST gameplay_screen__GB6 PIN 1537 TYPE 0 GENOME gameplay_screen__GB14 PIN 222
INST gameplay_screen__GB14 PIN 223: INST gameplay_screen__GB6 PIN 1538 TYPE 0 GENOME gameplay_screen__GB14 PIN 223
INST gameplay_screen__GB14 PIN 224: INST gameplay_screen__GB6 PIN 1539 TYPE 0 GENOME gameplay_screen__GB14 PIN 224
INST gameplay_screen__GB14 PIN 225: INST gameplay_screen__GB6 PIN 1540 TYPE 0 GENOME gameplay_screen__GB14 PIN 225
INST gameplay_screen__GB14 PIN 226: INST gameplay_screen__GB6 PIN 1541 TYPE 0 GENOME gameplay_screen__GB14 PIN 226
INST gameplay_screen__GB14 PIN 227: INST gameplay_screen__GB6 PIN 1542 TYPE 0 GENOME gameplay_screen__GB14 PIN 227
INST gameplay_screen__GB14 PIN 228: INST gameplay_screen__GB14 PIN 229 TYPE 2 INST gameplay_screen__GB6 PIN 1544 TYPE 4 INST gameplay_screen__GB14 PIN 230 TYPE 2 INST gameplay_screen__GB6 PIN 1545 TYPE 4 INST gameplay_screen__GB14 PIN 231 TYPE 2 INST gameplay_screen__GB6 PIN 1546 TYPE 4
INST gameplay_screen__GB24 PIN 307: INST gameplay_screen__GB24 PIN 308 TYPE 2 INST gameplay_screen__GB7 PIN 332 TYPE 4 INST gameplay_screen__GB24 PIN 309 TYPE 2 INST gameplay_screen__GB7 PIN 333 TYPE 4 INST gameplay_screen__GB24 PIN 310 TYPE 2 INST gameplay_screen__GB7 PIN 334 TYPE 4 INST gameplay_screen__GB24 PIN 311 TYPE 2 INST gameplay_screen__GB7 PIN 335 TYPE 4 INST gameplay_screen__GB24 PIN 312 TYPE 2 INST gameplay_screen__GB7 PIN 336 TYPE 4 INST gameplay_screen__GB24 PIN 313 TYPE 2 INST gameplay_screen__GB7 PIN 337 TYPE 4 INST gameplay_screen__GB24 PIN 314 TYPE 2 INST gameplay_screen__GB7 PIN 338 TYPE 4 INST gameplay_screen__GB24 PIN 315 TYPE 2 INST gameplay_screen__GB7 PIN 339 TYPE 4 INST gameplay_screen__GB24 PIN 316 TYPE 2 INST gameplay_screen__GB7 PIN 340 TYPE 4 INST gameplay_screen__GB24 PIN 317 TYPE 2 INST gameplay_screen__GB7 PIN 341 TYPE 4 INST gameplay_screen__GB24 PIN 318 TYPE 2 INST gameplay_screen__GB7 PIN 342 TYPE 4
INST gameplay_screen__GB14 PIN 120: INST gameplay_screen__GB14 PIN 121 TYPE 2 INST gameplay_screen__GB7 PIN 392 TYPE 4 INST gameplay_screen__GB14 PIN 122 TYPE 2 INST gameplay_screen__GB7 PIN 393 TYPE 4 INST gameplay_screen__GB14 PIN 123 TYPE 2 INST gameplay_screen__GB7 PIN 394 TYPE 4
INST gameplay_screen__GB14 PIN 124: INST gameplay_screen__GB7 PIN 395 TYPE 0 GENOME gameplay_screen__GB14 PIN 124
INST gameplay_screen__GB14 PIN 125: INST gameplay_screen__GB7 PIN 396 TYPE 0 GENOME gameplay_screen__GB14 PIN 125
INST gameplay_screen__GB14 PIN 126: INST gameplay_screen__GB7 PIN 397 TYPE 0 GENOME gameplay_screen__GB14 PIN 126
INST gameplay_screen__GB14 PIN 127: INST gameplay_screen__GB7 PIN 398 TYPE 0 GENOME gameplay_screen__GB14 PIN 127
INST gameplay_screen__GB14 PIN 128: INST gameplay_screen__GB7 PIN 399 TYPE 0 GENOME gameplay_screen__GB14 PIN 128
INST gameplay_screen__GB14 PIN 129: INST gameplay_screen__GB7 PIN 400 TYPE 0 GENOME gameplay_screen__GB14 PIN 129
INST gameplay_screen__GB14 PIN 130: INST gameplay_screen__GB7 PIN 401 TYPE 0 GENOME gameplay_screen__GB14 PIN 130
INST gameplay_screen__GB14 PIN 131: INST gameplay_screen__GB7 PIN 402 TYPE 0 GENOME gameplay_screen__GB14 PIN 131
INST gameplay_screen__GB24 PIN 59: INST gameplay_screen__GB24 PIN 60 TYPE 2 INST gameplay_screen__GB7 PIN 416 TYPE 4 INST gameplay_screen__GB24 PIN 61 TYPE 2 INST gameplay_screen__GB7 PIN 417 TYPE 4 INST gameplay_screen__GB24 PIN 62 TYPE 2 INST gameplay_screen__GB7 PIN 418 TYPE 4
INST gameplay_screen__GB24 PIN 63: INST gameplay_screen__GB7 PIN 419 TYPE 0 GENOME gameplay_screen__GB24 PIN 63
INST gameplay_screen__GB24 PIN 64: INST gameplay_screen__GB7 PIN 420 TYPE 0 GENOME gameplay_screen__GB24 PIN 64
INST gameplay_screen__GB24 PIN 65: INST gameplay_screen__GB7 PIN 421 TYPE 0 GENOME gameplay_screen__GB24 PIN 65
INST gameplay_screen__GB24 PIN 66: INST gameplay_screen__GB7 PIN 422 TYPE 0 GENOME gameplay_screen__GB24 PIN 66
INST gameplay_screen__GB24 PIN 67: INST gameplay_screen__GB7 PIN 423 TYPE 0 GENOME gameplay_screen__GB24 PIN 67
INST gameplay_screen__GB24 PIN 68: INST gameplay_screen__GB7 PIN 424 TYPE 0 GENOME gameplay_screen__GB24 PIN 68
INST gameplay_screen__GB24 PIN 69: INST gameplay_screen__GB7 PIN 425 TYPE 0 GENOME gameplay_screen__GB24 PIN 69
INST gameplay_screen__GB24 PIN 70: INST gameplay_screen__GB7 PIN 426 TYPE 0 GENOME gameplay_screen__GB24 PIN 70
INST gameplay_screen__GB14 PIN 132: INST gameplay_screen__GB14 PIN 133 TYPE 2 INST gameplay_screen__GB7 PIN 440 TYPE 4 INST gameplay_screen__GB14 PIN 134 TYPE 2 INST gameplay_screen__GB7 PIN 441 TYPE 4 INST gameplay_screen__GB14 PIN 135 TYPE 2 INST gameplay_screen__GB7 PIN 442 TYPE 4
INST gameplay_screen__GB14 PIN 136: INST gameplay_screen__GB7 PIN 443 TYPE 0 GENOME gameplay_screen__GB14 PIN 136
INST gameplay_screen__GB14 PIN 137: INST gameplay_screen__GB7 PIN 444 TYPE 0 GENOME gameplay_screen__GB14 PIN 137
INST gameplay_screen__GB14 PIN 138: INST gameplay_screen__GB7 PIN 445 TYPE 0 GENOME gameplay_screen__GB14 PIN 138
INST gameplay_screen__GB14 PIN 139: INST gameplay_screen__GB7 PIN 446 TYPE 0 GENOME gameplay_screen__GB14 PIN 139
INST gameplay_screen__GB14 PIN 140: INST gameplay_screen__GB7 PIN 447 TYPE 0 GENOME gameplay_screen__GB14 PIN 140
INST gameplay_screen__GB14 PIN 141: INST gameplay_screen__GB7 PIN 448 TYPE 0 GENOME gameplay_screen__GB14 PIN 141
INST gameplay_screen__GB14 PIN 142: INST gameplay_screen__GB7 PIN 449 TYPE 0 GENOME gameplay_screen__GB14 PIN 142
INST gameplay_screen__GB14 PIN 143: INST gameplay_screen__GB7 PIN 450 TYPE 0 GENOME gameplay_screen__GB14 PIN 143
INST gameplay_screen__GB19 PIN 149: INST gameplay_screen__GB7 PIN 475 TYPE 0 GENOME gameplay_screen__GB19 PIN 149
INST gameplay_screen__GB19 PIN 150: INST gameplay_screen__GB7 PIN 476 TYPE 0 GENOME gameplay_screen__GB19 PIN 150
INST gameplay_screen__GB19 PIN 151: INST gameplay_screen__GB7 PIN 477 TYPE 0 GENOME gameplay_screen__GB19 PIN 151
INST gameplay_screen__GB19 PIN 152: INST gameplay_screen__GB7 PIN 478 TYPE 0 GENOME gameplay_screen__GB19 PIN 152
INST gameplay_screen__GB19 PIN 153: INST gameplay_screen__GB7 PIN 479 TYPE 0 GENOME gameplay_screen__GB19 PIN 153
INST gameplay_screen__GB19 PIN 154: INST gameplay_screen__GB7 PIN 480 TYPE 0 GENOME gameplay_screen__GB19 PIN 154
INST gameplay_screen__GB19 PIN 155: INST gameplay_screen__GB7 PIN 481 TYPE 0 GENOME gameplay_screen__GB19 PIN 155
INST gameplay_screen__GB19 PIN 156: INST gameplay_screen__GB7 PIN 482 TYPE 0 GENOME gameplay_screen__GB19 PIN 156
INST gameplay_screen__GB19 PIN 157: INST gameplay_screen__GB19 PIN 158 TYPE 2 INST gameplay_screen__GB7 PIN 484 TYPE 4 INST gameplay_screen__GB19 PIN 159 TYPE 2 INST gameplay_screen__GB7 PIN 485 TYPE 4 INST gameplay_screen__GB19 PIN 160 TYPE 2 INST gameplay_screen__GB7 PIN 486 TYPE 4
INST gameplay_screen__GB24 PIN 71: INST gameplay_screen__GB7 PIN 499 TYPE 0 GENOME gameplay_screen__GB24 PIN 71
INST gameplay_screen__GB24 PIN 72: INST gameplay_screen__GB7 PIN 500 TYPE 0 GENOME gameplay_screen__GB24 PIN 72
INST gameplay_screen__GB24 PIN 73: INST gameplay_screen__GB7 PIN 501 TYPE 0 GENOME gameplay_screen__GB24 PIN 73
INST gameplay_screen__GB24 PIN 74: INST gameplay_screen__GB7 PIN 502 TYPE 0 GENOME gameplay_screen__GB24 PIN 74
INST gameplay_screen__GB24 PIN 75: INST gameplay_screen__GB7 PIN 503 TYPE 0 GENOME gameplay_screen__GB24 PIN 75
INST gameplay_screen__GB24 PIN 76: INST gameplay_screen__GB7 PIN 504 TYPE 0 GENOME gameplay_screen__GB24 PIN 76
INST gameplay_screen__GB24 PIN 77: INST gameplay_screen__GB7 PIN 505 TYPE 0 GENOME gameplay_screen__GB24 PIN 77
INST gameplay_screen__GB24 PIN 78: INST gameplay_screen__GB7 PIN 506 TYPE 0 GENOME gameplay_screen__GB24 PIN 78
INST gameplay_screen__GB24 PIN 79: INST gameplay_screen__GB24 PIN 80 TYPE 2 INST gameplay_screen__GB7 PIN 508 TYPE 4 INST gameplay_screen__GB24 PIN 81 TYPE 2 INST gameplay_screen__GB7 PIN 509 TYPE 4 INST gameplay_screen__GB24 PIN 82 TYPE 2 INST gameplay_screen__GB7 PIN 510 TYPE 4
INST gameplay_screen__GB24 PIN 107: INST gameplay_screen__GB7 PIN 547 TYPE 0 GENOME gameplay_screen__GB24 PIN 107
INST gameplay_screen__GB24 PIN 108: INST gameplay_screen__GB7 PIN 548 TYPE 0 GENOME gameplay_screen__GB24 PIN 108
INST gameplay_screen__GB24 PIN 109: INST gameplay_screen__GB7 PIN 549 TYPE 0 GENOME gameplay_screen__GB24 PIN 109
INST gameplay_screen__GB24 PIN 110: INST gameplay_screen__GB7 PIN 550 TYPE 0 GENOME gameplay_screen__GB24 PIN 110
INST gameplay_screen__GB24 PIN 111: INST gameplay_screen__GB7 PIN 551 TYPE 0 GENOME gameplay_screen__GB24 PIN 111
INST gameplay_screen__GB24 PIN 112: INST gameplay_screen__GB7 PIN 552 TYPE 0 GENOME gameplay_screen__GB24 PIN 112
INST gameplay_screen__GB24 PIN 113: INST gameplay_screen__GB7 PIN 553 TYPE 0 GENOME gameplay_screen__GB24 PIN 113
INST gameplay_screen__GB24 PIN 114: INST gameplay_screen__GB7 PIN 554 TYPE 0 GENOME gameplay_screen__GB24 PIN 114
INST gameplay_screen__GB24 PIN 115: INST gameplay_screen__GB24 PIN 116 TYPE 2 INST gameplay_screen__GB7 PIN 556 TYPE 4 INST gameplay_screen__GB24 PIN 117 TYPE 2 INST gameplay_screen__GB7 PIN 557 TYPE 4 INST gameplay_screen__GB24 PIN 118 TYPE 2 INST gameplay_screen__GB7 PIN 558 TYPE 4
INST gameplay_screen__GB19 PIN 161: INST gameplay_screen__GB7 PIN 571 TYPE 0 GENOME gameplay_screen__GB19 PIN 161
INST gameplay_screen__GB19 PIN 162: INST gameplay_screen__GB7 PIN 572 TYPE 0 GENOME gameplay_screen__GB19 PIN 162
INST gameplay_screen__GB19 PIN 163: INST gameplay_screen__GB7 PIN 573 TYPE 0 GENOME gameplay_screen__GB19 PIN 163
INST gameplay_screen__GB19 PIN 164: INST gameplay_screen__GB7 PIN 574 TYPE 0 GENOME gameplay_screen__GB19 PIN 164
INST gameplay_screen__GB19 PIN 165: INST gameplay_screen__GB7 PIN 575 TYPE 0 GENOME gameplay_screen__GB19 PIN 165
INST gameplay_screen__GB19 PIN 166: INST gameplay_screen__GB7 PIN 576 TYPE 0 GENOME gameplay_screen__GB19 PIN 166
INST gameplay_screen__GB19 PIN 167: INST gameplay_screen__GB7 PIN 577 TYPE 0 GENOME gameplay_screen__GB19 PIN 167
INST gameplay_screen__GB19 PIN 168: INST gameplay_screen__GB7 PIN 578 TYPE 0 GENOME gameplay_screen__GB19 PIN 168
INST gameplay_screen__GB19 PIN 169: INST gameplay_screen__GB19 PIN 170 TYPE 2 INST gameplay_screen__GB7 PIN 580 TYPE 4 INST gameplay_screen__GB19 PIN 171 TYPE 2 INST gameplay_screen__GB7 PIN 581 TYPE 4 INST gameplay_screen__GB19 PIN 172 TYPE 2 INST gameplay_screen__GB7 PIN 582 TYPE 4
INST gameplay_screen__GB24 PIN 130: INST gameplay_screen__GB7 PIN 703 TYPE 0 GENOME gameplay_screen__GB24 PIN 130
INST gameplay_screen__GB24 PIN 131: INST gameplay_screen__GB7 PIN 704 TYPE 0 GENOME gameplay_screen__GB24 PIN 131
INST gameplay_screen__GB24 PIN 132: INST gameplay_screen__GB7 PIN 705 TYPE 0 GENOME gameplay_screen__GB24 PIN 132
INST gameplay_screen__GB24 PIN 133: INST gameplay_screen__GB7 PIN 706 TYPE 0 GENOME gameplay_screen__GB24 PIN 133
INST gameplay_screen__GB24 PIN 134: INST gameplay_screen__GB7 PIN 707 TYPE 0 GENOME gameplay_screen__GB24 PIN 134
INST gameplay_screen__GB24 PIN 135: INST gameplay_screen__GB7 PIN 708 TYPE 0 GENOME gameplay_screen__GB24 PIN 135
INST gameplay_screen__GB24 PIN 136: INST gameplay_screen__GB7 PIN 709 TYPE 0 GENOME gameplay_screen__GB24 PIN 136
INST gameplay_screen__GB24 PIN 137: INST gameplay_screen__GB7 PIN 710 TYPE 0 GENOME gameplay_screen__GB24 PIN 137
INST gameplay_screen__GB24 PIN 138: INST gameplay_screen__GB24 PIN 139 TYPE 2 INST gameplay_screen__GB7 PIN 712 TYPE 4 INST gameplay_screen__GB24 PIN 140 TYPE 2 INST gameplay_screen__GB7 PIN 713 TYPE 4 INST gameplay_screen__GB24 PIN 141 TYPE 2 INST gameplay_screen__GB7 PIN 714 TYPE 4
INST gameplay_screen__GB24 PIN 142: INST gameplay_screen__GB7 PIN 775 TYPE 0 GENOME gameplay_screen__GB24 PIN 142
INST gameplay_screen__GB24 PIN 143: INST gameplay_screen__GB7 PIN 776 TYPE 0 GENOME gameplay_screen__GB24 PIN 143
INST gameplay_screen__GB24 PIN 144: INST gameplay_screen__GB7 PIN 777 TYPE 0 GENOME gameplay_screen__GB24 PIN 144
INST gameplay_screen__GB24 PIN 145: INST gameplay_screen__GB7 PIN 778 TYPE 0 GENOME gameplay_screen__GB24 PIN 145
INST gameplay_screen__GB24 PIN 146: INST gameplay_screen__GB7 PIN 779 TYPE 0 GENOME gameplay_screen__GB24 PIN 146
INST gameplay_screen__GB24 PIN 147: INST gameplay_screen__GB7 PIN 780 TYPE 0 GENOME gameplay_screen__GB24 PIN 147
INST gameplay_screen__GB24 PIN 148: INST gameplay_screen__GB7 PIN 781 TYPE 0 GENOME gameplay_screen__GB24 PIN 148
INST gameplay_screen__GB24 PIN 149: INST gameplay_screen__GB7 PIN 782 TYPE 0 GENOME gameplay_screen__GB24 PIN 149
INST gameplay_screen__GB24 PIN 150: INST gameplay_screen__GB24 PIN 151 TYPE 2 INST gameplay_screen__GB7 PIN 784 TYPE 4 INST gameplay_screen__GB24 PIN 152 TYPE 2 INST gameplay_screen__GB7 PIN 785 TYPE 4 INST gameplay_screen__GB24 PIN 153 TYPE 2 INST gameplay_screen__GB7 PIN 786 TYPE 4
INST gameplay_screen__GB19 PIN 188: INST gameplay_screen__GB19 PIN 189 TYPE 2 INST gameplay_screen__GB7 PIN 824 TYPE 4 INST gameplay_screen__GB19 PIN 190 TYPE 2 INST gameplay_screen__GB7 PIN 825 TYPE 4 INST gameplay_screen__GB19 PIN 191 TYPE 2 INST gameplay_screen__GB7 PIN 826 TYPE 4
INST gameplay_screen__GB19 PIN 192: INST gameplay_screen__GB7 PIN 827 TYPE 0 GENOME gameplay_screen__GB19 PIN 192
INST gameplay_screen__GB19 PIN 193: INST gameplay_screen__GB7 PIN 828 TYPE 0 GENOME gameplay_screen__GB19 PIN 193
INST gameplay_screen__GB19 PIN 194: INST gameplay_screen__GB7 PIN 829 TYPE 0 GENOME gameplay_screen__GB19 PIN 194
INST gameplay_screen__GB19 PIN 195: INST gameplay_screen__GB7 PIN 830 TYPE 0 GENOME gameplay_screen__GB19 PIN 195
INST gameplay_screen__GB19 PIN 196: INST gameplay_screen__GB7 PIN 831 TYPE 0 GENOME gameplay_screen__GB19 PIN 196
INST gameplay_screen__GB19 PIN 197: INST gameplay_screen__GB7 PIN 832 TYPE 0 GENOME gameplay_screen__GB19 PIN 197
INST gameplay_screen__GB19 PIN 198: INST gameplay_screen__GB7 PIN 833 TYPE 0 GENOME gameplay_screen__GB19 PIN 198
INST gameplay_screen__GB19 PIN 199: INST gameplay_screen__GB7 PIN 834 TYPE 0 GENOME gameplay_screen__GB19 PIN 199
INST gameplay_screen__GB19 PIN 200: INST gameplay_screen__GB19 PIN 201 TYPE 2 INST gameplay_screen__GB7 PIN 860 TYPE 4 INST gameplay_screen__GB19 PIN 202 TYPE 2 INST gameplay_screen__GB7 PIN 861 TYPE 4 INST gameplay_screen__GB19 PIN 203 TYPE 2 INST gameplay_screen__GB7 PIN 862 TYPE 4
INST gameplay_screen__GB19 PIN 204: INST gameplay_screen__GB7 PIN 863 TYPE 0 GENOME gameplay_screen__GB19 PIN 204
INST gameplay_screen__GB19 PIN 205: INST gameplay_screen__GB7 PIN 864 TYPE 0 GENOME gameplay_screen__GB19 PIN 205
INST gameplay_screen__GB19 PIN 206: INST gameplay_screen__GB7 PIN 865 TYPE 0 GENOME gameplay_screen__GB19 PIN 206
INST gameplay_screen__GB19 PIN 207: INST gameplay_screen__GB7 PIN 866 TYPE 0 GENOME gameplay_screen__GB19 PIN 207
INST gameplay_screen__GB19 PIN 208: INST gameplay_screen__GB7 PIN 867 TYPE 0 GENOME gameplay_screen__GB19 PIN 208
INST gameplay_screen__GB19 PIN 209: INST gameplay_screen__GB7 PIN 868 TYPE 0 GENOME gameplay_screen__GB19 PIN 209
INST gameplay_screen__GB19 PIN 210: INST gameplay_screen__GB7 PIN 869 TYPE 0 GENOME gameplay_screen__GB19 PIN 210
INST gameplay_screen__GB19 PIN 211: INST gameplay_screen__GB7 PIN 870 TYPE 0 GENOME gameplay_screen__GB19 PIN 211
INST gameplay_screen__GB19 PIN 212: INST gameplay_screen__GB7 PIN 907 TYPE 0 GENOME gameplay_screen__GB19 PIN 212
INST gameplay_screen__GB19 PIN 213: INST gameplay_screen__GB7 PIN 908 TYPE 0 GENOME gameplay_screen__GB19 PIN 213
INST gameplay_screen__GB19 PIN 214: INST gameplay_screen__GB7 PIN 909 TYPE 0 GENOME gameplay_screen__GB19 PIN 214
INST gameplay_screen__GB19 PIN 215: INST gameplay_screen__GB7 PIN 910 TYPE 0 GENOME gameplay_screen__GB19 PIN 215
INST gameplay_screen__GB19 PIN 216: INST gameplay_screen__GB7 PIN 911 TYPE 0 GENOME gameplay_screen__GB19 PIN 216
INST gameplay_screen__GB19 PIN 217: INST gameplay_screen__GB7 PIN 912 TYPE 0 GENOME gameplay_screen__GB19 PIN 217
INST gameplay_screen__GB19 PIN 218: INST gameplay_screen__GB7 PIN 913 TYPE 0 GENOME gameplay_screen__GB19 PIN 218
INST gameplay_screen__GB19 PIN 219: INST gameplay_screen__GB7 PIN 914 TYPE 0 GENOME gameplay_screen__GB19 PIN 219
INST gameplay_screen__GB19 PIN 220: INST gameplay_screen__GB19 PIN 221 TYPE 2 INST gameplay_screen__GB7 PIN 916 TYPE 4 INST gameplay_screen__GB19 PIN 222 TYPE 2 INST gameplay_screen__GB7 PIN 917 TYPE 4 INST gameplay_screen__GB19 PIN 223 TYPE 2 INST gameplay_screen__GB7 PIN 918 TYPE 4
INST gameplay_screen__GB19 PIN 224: INST gameplay_screen__GB7 PIN 979 TYPE 0 GENOME gameplay_screen__GB19 PIN 224
INST gameplay_screen__GB19 PIN 225: INST gameplay_screen__GB7 PIN 980 TYPE 0 GENOME gameplay_screen__GB19 PIN 225
INST gameplay_screen__GB19 PIN 226: INST gameplay_screen__GB7 PIN 981 TYPE 0 GENOME gameplay_screen__GB19 PIN 226
INST gameplay_screen__GB19 PIN 227: INST gameplay_screen__GB7 PIN 982 TYPE 0 GENOME gameplay_screen__GB19 PIN 227
INST gameplay_screen__GB19 PIN 228: INST gameplay_screen__GB7 PIN 983 TYPE 0 GENOME gameplay_screen__GB19 PIN 228
INST gameplay_screen__GB19 PIN 229: INST gameplay_screen__GB7 PIN 984 TYPE 0 GENOME gameplay_screen__GB19 PIN 229
INST gameplay_screen__GB19 PIN 230: INST gameplay_screen__GB7 PIN 985 TYPE 0 GENOME gameplay_screen__GB19 PIN 230
INST gameplay_screen__GB19 PIN 231: INST gameplay_screen__GB7 PIN 986 TYPE 0 GENOME gameplay_screen__GB19 PIN 231
INST gameplay_screen__GB19 PIN 232: INST gameplay_screen__GB19 PIN 233 TYPE 2 INST gameplay_screen__GB7 PIN 988 TYPE 4 INST gameplay_screen__GB19 PIN 234 TYPE 2 INST gameplay_screen__GB7 PIN 989 TYPE 4 INST gameplay_screen__GB19 PIN 235 TYPE 2 INST gameplay_screen__GB7 PIN 990 TYPE 4
INST gameplay_screen__GB19 PIN 236: INST gameplay_screen__GB7 PIN 1111 TYPE 0 GENOME gameplay_screen__GB19 PIN 236
INST gameplay_screen__GB19 PIN 237: INST gameplay_screen__GB7 PIN 1112 TYPE 0 GENOME gameplay_screen__GB19 PIN 237
INST gameplay_screen__GB19 PIN 238: INST gameplay_screen__GB7 PIN 1113 TYPE 0 GENOME gameplay_screen__GB19 PIN 238
INST gameplay_screen__GB19 PIN 239: INST gameplay_screen__GB7 PIN 1114 TYPE 0 GENOME gameplay_screen__GB19 PIN 239
INST gameplay_screen__GB19 PIN 240: INST gameplay_screen__GB7 PIN 1115 TYPE 0 GENOME gameplay_screen__GB19 PIN 240
INST gameplay_screen__GB19 PIN 241: INST gameplay_screen__GB7 PIN 1116 TYPE 0 GENOME gameplay_screen__GB19 PIN 241
INST gameplay_screen__GB19 PIN 242: INST gameplay_screen__GB7 PIN 1117 TYPE 0 GENOME gameplay_screen__GB19 PIN 242
INST gameplay_screen__GB19 PIN 243: INST gameplay_screen__GB7 PIN 1118 TYPE 0 GENOME gameplay_screen__GB19 PIN 243
INST gameplay_screen__GB19 PIN 244: INST gameplay_screen__GB19 PIN 245 TYPE 2 INST gameplay_screen__GB7 PIN 1120 TYPE 4 INST gameplay_screen__GB19 PIN 246 TYPE 2 INST gameplay_screen__GB7 PIN 1121 TYPE 4 INST gameplay_screen__GB19 PIN 247 TYPE 2 INST gameplay_screen__GB7 PIN 1122 TYPE 4
INST gameplay_screen__GB19 PIN 259: INST gameplay_screen__GB7 PIN 1207 TYPE 0 GENOME gameplay_screen__GB19 PIN 259
INST gameplay_screen__GB19 PIN 260: INST gameplay_screen__GB7 PIN 1208 TYPE 0 GENOME gameplay_screen__GB19 PIN 260
INST gameplay_screen__GB19 PIN 261: INST gameplay_screen__GB7 PIN 1209 TYPE 0 GENOME gameplay_screen__GB19 PIN 261
INST gameplay_screen__GB19 PIN 262: INST gameplay_screen__GB7 PIN 1210 TYPE 0 GENOME gameplay_screen__GB19 PIN 262
INST gameplay_screen__GB19 PIN 263: INST gameplay_screen__GB7 PIN 1211 TYPE 0 GENOME gameplay_screen__GB19 PIN 263
INST gameplay_screen__GB19 PIN 264: INST gameplay_screen__GB7 PIN 1212 TYPE 0 GENOME gameplay_screen__GB19 PIN 264
INST gameplay_screen__GB19 PIN 265: INST gameplay_screen__GB7 PIN 1213 TYPE 0 GENOME gameplay_screen__GB19 PIN 265
INST gameplay_screen__GB19 PIN 266: INST gameplay_screen__GB7 PIN 1214 TYPE 0 GENOME gameplay_screen__GB19 PIN 266
INST gameplay_screen__GB19 PIN 267: INST gameplay_screen__GB19 PIN 268 TYPE 2 INST gameplay_screen__GB7 PIN 1216 TYPE 4 INST gameplay_screen__GB19 PIN 269 TYPE 2 INST gameplay_screen__GB7 PIN 1217 TYPE 4 INST gameplay_screen__GB19 PIN 270 TYPE 2 INST gameplay_screen__GB7 PIN 1218 TYPE 4
INST gameplay_screen__GB14 PIN 157: INST gameplay_screen__GB14 PIN 158 TYPE 2 INST gameplay_screen__GB7 PIN 1232 TYPE 4 INST gameplay_screen__GB14 PIN 159 TYPE 2 INST gameplay_screen__GB7 PIN 1233 TYPE 4 INST gameplay_screen__GB14 PIN 160 TYPE 2 INST gameplay_screen__GB7 PIN 1234 TYPE 4
INST gameplay_screen__GB14 PIN 161: INST gameplay_screen__GB7 PIN 1235 TYPE 0 GENOME gameplay_screen__GB14 PIN 161
INST gameplay_screen__GB14 PIN 162: INST gameplay_screen__GB7 PIN 1236 TYPE 0 GENOME gameplay_screen__GB14 PIN 162
INST gameplay_screen__GB14 PIN 163: INST gameplay_screen__GB7 PIN 1237 TYPE 0 GENOME gameplay_screen__GB14 PIN 163
INST gameplay_screen__GB14 PIN 164: INST gameplay_screen__GB7 PIN 1238 TYPE 0 GENOME gameplay_screen__GB14 PIN 164
INST gameplay_screen__GB14 PIN 165: INST gameplay_screen__GB7 PIN 1239 TYPE 0 GENOME gameplay_screen__GB14 PIN 165
INST gameplay_screen__GB14 PIN 166: INST gameplay_screen__GB7 PIN 1240 TYPE 0 GENOME gameplay_screen__GB14 PIN 166
INST gameplay_screen__GB14 PIN 167: INST gameplay_screen__GB7 PIN 1241 TYPE 0 GENOME gameplay_screen__GB14 PIN 167
INST gameplay_screen__GB14 PIN 168: INST gameplay_screen__GB7 PIN 1242 TYPE 0 GENOME gameplay_screen__GB14 PIN 168
INST gameplay_screen__GB14 PIN 172: INST gameplay_screen__GB14 PIN 173 TYPE 2 INST gameplay_screen__GB7 PIN 1304 TYPE 4 INST gameplay_screen__GB14 PIN 174 TYPE 2 INST gameplay_screen__GB7 PIN 1305 TYPE 4 INST gameplay_screen__GB14 PIN 175 TYPE 2 INST gameplay_screen__GB7 PIN 1306 TYPE 4
INST gameplay_screen__GB14 PIN 176: INST gameplay_screen__GB7 PIN 1307 TYPE 0 GENOME gameplay_screen__GB14 PIN 176
INST gameplay_screen__GB14 PIN 177: INST gameplay_screen__GB7 PIN 1308 TYPE 0 GENOME gameplay_screen__GB14 PIN 177
INST gameplay_screen__GB14 PIN 178: INST gameplay_screen__GB7 PIN 1309 TYPE 0 GENOME gameplay_screen__GB14 PIN 178
INST gameplay_screen__GB14 PIN 179: INST gameplay_screen__GB7 PIN 1310 TYPE 0 GENOME gameplay_screen__GB14 PIN 179
INST gameplay_screen__GB14 PIN 180: INST gameplay_screen__GB7 PIN 1311 TYPE 0 GENOME gameplay_screen__GB14 PIN 180
INST gameplay_screen__GB14 PIN 181: INST gameplay_screen__GB7 PIN 1312 TYPE 0 GENOME gameplay_screen__GB14 PIN 181
INST gameplay_screen__GB14 PIN 182: INST gameplay_screen__GB7 PIN 1313 TYPE 0 GENOME gameplay_screen__GB14 PIN 182
INST gameplay_screen__GB14 PIN 183: INST gameplay_screen__GB7 PIN 1314 TYPE 0 GENOME gameplay_screen__GB14 PIN 183
INST gameplay_screen__GB15 PIN 73: INST gameplay_screen__GB7 PIN 1327 TYPE 0 GENOME gameplay_screen__GB15 PIN 73
INST gameplay_screen__GB15 PIN 74: INST gameplay_screen__GB7 PIN 1328 TYPE 0 GENOME gameplay_screen__GB15 PIN 74
INST gameplay_screen__GB15 PIN 75: INST gameplay_screen__GB7 PIN 1329 TYPE 0 GENOME gameplay_screen__GB15 PIN 75
INST gameplay_screen__GB15 PIN 76: INST gameplay_screen__GB7 PIN 1330 TYPE 0 GENOME gameplay_screen__GB15 PIN 76
INST gameplay_screen__GB15 PIN 77: INST gameplay_screen__GB7 PIN 1331 TYPE 0 GENOME gameplay_screen__GB15 PIN 77
INST gameplay_screen__GB15 PIN 78: INST gameplay_screen__GB7 PIN 1332 TYPE 0 GENOME gameplay_screen__GB15 PIN 78
INST gameplay_screen__GB15 PIN 79: INST gameplay_screen__GB7 PIN 1333 TYPE 0 GENOME gameplay_screen__GB15 PIN 79
INST gameplay_screen__GB15 PIN 80: INST gameplay_screen__GB7 PIN 1334 TYPE 0 GENOME gameplay_screen__GB15 PIN 80
INST gameplay_screen__GB15 PIN 81: INST gameplay_screen__GB15 PIN 82 TYPE 2 INST gameplay_screen__GB7 PIN 1336 TYPE 4 INST gameplay_screen__GB15 PIN 83 TYPE 2 INST gameplay_screen__GB7 PIN 1337 TYPE 4 INST gameplay_screen__GB15 PIN 84 TYPE 2 INST gameplay_screen__GB7 PIN 1338 TYPE 4
INST gameplay_screen__GB15 PIN 100: INST gameplay_screen__GB7 PIN 1423 TYPE 0 GENOME gameplay_screen__GB15 PIN 100
INST gameplay_screen__GB15 PIN 101: INST gameplay_screen__GB7 PIN 1424 TYPE 0 GENOME gameplay_screen__GB15 PIN 101
INST gameplay_screen__GB15 PIN 102: INST gameplay_screen__GB7 PIN 1425 TYPE 0 GENOME gameplay_screen__GB15 PIN 102
INST gameplay_screen__GB15 PIN 103: INST gameplay_screen__GB7 PIN 1426 TYPE 0 GENOME gameplay_screen__GB15 PIN 103
INST gameplay_screen__GB15 PIN 104: INST gameplay_screen__GB7 PIN 1427 TYPE 0 GENOME gameplay_screen__GB15 PIN 104
INST gameplay_screen__GB15 PIN 105: INST gameplay_screen__GB7 PIN 1428 TYPE 0 GENOME gameplay_screen__GB15 PIN 105
INST gameplay_screen__GB15 PIN 106: INST gameplay_screen__GB7 PIN 1429 TYPE 0 GENOME gameplay_screen__GB15 PIN 106
INST gameplay_screen__GB15 PIN 107: INST gameplay_screen__GB7 PIN 1430 TYPE 0 GENOME gameplay_screen__GB15 PIN 107
INST gameplay_screen__GB15 PIN 108: INST gameplay_screen__GB15 PIN 109 TYPE 2 INST gameplay_screen__GB7 PIN 1432 TYPE 4 INST gameplay_screen__GB15 PIN 110 TYPE 2 INST gameplay_screen__GB7 PIN 1433 TYPE 4 INST gameplay_screen__GB15 PIN 111 TYPE 2 INST gameplay_screen__GB7 PIN 1434 TYPE 4
INST gameplay_screen__GB24 PIN 189: INST gameplay_screen__GB24 PIN 190 TYPE 2 INST gameplay_screen__GB7 PIN 1760 TYPE 4 INST gameplay_screen__GB24 PIN 191 TYPE 2 INST gameplay_screen__GB7 PIN 1761 TYPE 4 INST gameplay_screen__GB24 PIN 192 TYPE 2 INST gameplay_screen__GB7 PIN 1762 TYPE 4
INST gameplay_screen__GB24 PIN 193: INST gameplay_screen__GB7 PIN 1763 TYPE 0 GENOME gameplay_screen__GB24 PIN 193
INST gameplay_screen__GB24 PIN 194: INST gameplay_screen__GB7 PIN 1764 TYPE 0 GENOME gameplay_screen__GB24 PIN 194
INST gameplay_screen__GB24 PIN 195: INST gameplay_screen__GB7 PIN 1765 TYPE 0 GENOME gameplay_screen__GB24 PIN 195
INST gameplay_screen__GB24 PIN 196: INST gameplay_screen__GB7 PIN 1766 TYPE 0 GENOME gameplay_screen__GB24 PIN 196
INST gameplay_screen__GB24 PIN 197: INST gameplay_screen__GB7 PIN 1767 TYPE 0 GENOME gameplay_screen__GB24 PIN 197
INST gameplay_screen__GB24 PIN 198: INST gameplay_screen__GB7 PIN 1768 TYPE 0 GENOME gameplay_screen__GB24 PIN 198
INST gameplay_screen__GB24 PIN 199: INST gameplay_screen__GB7 PIN 1769 TYPE 0 GENOME gameplay_screen__GB24 PIN 199
INST gameplay_screen__GB24 PIN 200: INST gameplay_screen__GB7 PIN 1770 TYPE 0 GENOME gameplay_screen__GB24 PIN 200
INST gameplay_screen__GB24 PIN 60: GENOME gameplay_screen__GB24 PIN 60
INST gameplay_screen__GB24 PIN 61: GENOME gameplay_screen__GB24 PIN 61
INST gameplay_screen__GB24 PIN 62: GENOME gameplay_screen__GB24 PIN 62
INST gameplay_screen__GB24 PIN 80: GENOME gameplay_screen__GB24 PIN 80
INST gameplay_screen__GB24 PIN 81: GENOME gameplay_screen__GB24 PIN 81
INST gameplay_screen__GB24 PIN 82: GENOME gameplay_screen__GB24 PIN 82
INST gameplay_screen__GB24 PIN 116: GENOME gameplay_screen__GB24 PIN 116
INST gameplay_screen__GB24 PIN 117: GENOME gameplay_screen__GB24 PIN 117
INST gameplay_screen__GB24 PIN 118: GENOME gameplay_screen__GB24 PIN 118
INST gameplay_screen__GB24 PIN 139: GENOME gameplay_screen__GB24 PIN 139
INST gameplay_screen__GB24 PIN 140: GENOME gameplay_screen__GB24 PIN 140
INST gameplay_screen__GB24 PIN 141: GENOME gameplay_screen__GB24 PIN 141
INST gameplay_screen__GB24 PIN 151: GENOME gameplay_screen__GB24 PIN 151
INST gameplay_screen__GB24 PIN 152: GENOME gameplay_screen__GB24 PIN 152
INST gameplay_screen__GB24 PIN 153: GENOME gameplay_screen__GB24 PIN 153
INST gameplay_screen__GB24 PIN 190: GENOME gameplay_screen__GB24 PIN 190
INST gameplay_screen__GB24 PIN 191: GENOME gameplay_screen__GB24 PIN 191
INST gameplay_screen__GB24 PIN 192: GENOME gameplay_screen__GB24 PIN 192
INST gameplay_screen__GB24 PIN 237: GENOME gameplay_screen__GB24 PIN 237
INST gameplay_screen__GB24 PIN 238: GENOME gameplay_screen__GB24 PIN 238
INST gameplay_screen__GB24 PIN 239: GENOME gameplay_screen__GB24 PIN 239
INST gameplay_screen__GB24 PIN 260: GENOME gameplay_screen__GB24 PIN 260
INST gameplay_screen__GB24 PIN 261: GENOME gameplay_screen__GB24 PIN 261
INST gameplay_screen__GB24 PIN 262: GENOME gameplay_screen__GB24 PIN 262
INST gameplay_screen__GB24 PIN 272: GENOME gameplay_screen__GB24 PIN 272
INST gameplay_screen__GB24 PIN 273: GENOME gameplay_screen__GB24 PIN 273
INST gameplay_screen__GB24 PIN 274: GENOME gameplay_screen__GB24 PIN 274
INST gameplay_screen__GB24 PIN 284: GENOME gameplay_screen__GB24 PIN 284
INST gameplay_screen__GB24 PIN 285: GENOME gameplay_screen__GB24 PIN 285
INST gameplay_screen__GB24 PIN 286: GENOME gameplay_screen__GB24 PIN 286
INST gameplay_screen__GB24 PIN 304: GENOME gameplay_screen__GB24 PIN 304
INST gameplay_screen__GB24 PIN 305: GENOME gameplay_screen__GB24 PIN 305
INST gameplay_screen__GB24 PIN 306: GENOME gameplay_screen__GB24 PIN 306
INST gameplay_screen__GB24 PIN 308: GENOME gameplay_screen__GB24 PIN 308
INST gameplay_screen__GB24 PIN 309: GENOME gameplay_screen__GB24 PIN 309
INST gameplay_screen__GB24 PIN 310: GENOME gameplay_screen__GB24 PIN 310
INST gameplay_screen__GB24 PIN 311: GENOME gameplay_screen__GB24 PIN 311
INST gameplay_screen__GB24 PIN 312: GENOME gameplay_screen__GB24 PIN 312
INST gameplay_screen__GB24 PIN 313: GENOME gameplay_screen__GB24 PIN 313
INST gameplay_screen__GB24 PIN 314: GENOME gameplay_screen__GB24 PIN 314
INST gameplay_screen__GB24 PIN 315: GENOME gameplay_screen__GB24 PIN 315
INST gameplay_screen__GB24 PIN 316: GENOME gameplay_screen__GB24 PIN 316
INST gameplay_screen__GB24 PIN 317: GENOME gameplay_screen__GB24 PIN 317
INST gameplay_screen__GB24 PIN 318: GENOME gameplay_screen__GB24 PIN 318
INST gameplay_screen__GB19 PIN 158: GENOME gameplay_screen__GB19 PIN 158
INST gameplay_screen__GB19 PIN 159: GENOME gameplay_screen__GB19 PIN 159
INST gameplay_screen__GB19 PIN 160: GENOME gameplay_screen__GB19 PIN 160
INST gameplay_screen__GB19 PIN 170: GENOME gameplay_screen__GB19 PIN 170
INST gameplay_screen__GB19 PIN 171: GENOME gameplay_screen__GB19 PIN 171
INST gameplay_screen__GB19 PIN 172: GENOME gameplay_screen__GB19 PIN 172
INST gameplay_screen__GB19 PIN 189: GENOME gameplay_screen__GB19 PIN 189
INST gameplay_screen__GB19 PIN 190: GENOME gameplay_screen__GB19 PIN 190
INST gameplay_screen__GB19 PIN 191: GENOME gameplay_screen__GB19 PIN 191
INST gameplay_screen__GB19 PIN 201: GENOME gameplay_screen__GB19 PIN 201
INST gameplay_screen__GB19 PIN 202: GENOME gameplay_screen__GB19 PIN 202
INST gameplay_screen__GB19 PIN 203: GENOME gameplay_screen__GB19 PIN 203
INST gameplay_screen__GB19 PIN 221: GENOME gameplay_screen__GB19 PIN 221
INST gameplay_screen__GB19 PIN 222: GENOME gameplay_screen__GB19 PIN 222
INST gameplay_screen__GB19 PIN 223: GENOME gameplay_screen__GB19 PIN 223
INST gameplay_screen__GB19 PIN 233: GENOME gameplay_screen__GB19 PIN 233
INST gameplay_screen__GB19 PIN 234: GENOME gameplay_screen__GB19 PIN 234
INST gameplay_screen__GB19 PIN 235: GENOME gameplay_screen__GB19 PIN 235
INST gameplay_screen__GB19 PIN 245: GENOME gameplay_screen__GB19 PIN 245
INST gameplay_screen__GB19 PIN 246: GENOME gameplay_screen__GB19 PIN 246
INST gameplay_screen__GB19 PIN 247: GENOME gameplay_screen__GB19 PIN 247
INST gameplay_screen__GB19 PIN 268: GENOME gameplay_screen__GB19 PIN 268
INST gameplay_screen__GB19 PIN 269: GENOME gameplay_screen__GB19 PIN 269
INST gameplay_screen__GB19 PIN 270: GENOME gameplay_screen__GB19 PIN 270
INST gameplay_screen__GB19 PIN 310: GENOME gameplay_screen__GB19 PIN 310
INST gameplay_screen__GB19 PIN 335: GENOME gameplay_screen__GB19 PIN 335
INST gameplay_screen__GB19 PIN 336: GENOME gameplay_screen__GB19 PIN 336
INST gameplay_screen__GB19 PIN 337: GENOME gameplay_screen__GB19 PIN 337
INST gameplay_screen__GB19 PIN 349: GENOME gameplay_screen__GB19 PIN 349
INST gameplay_screen__GB19 PIN 515: GENOME gameplay_screen__GB19 PIN 515
INST gameplay_screen__GB19 PIN 516: GENOME gameplay_screen__GB19 PIN 516
INST gameplay_screen__GB19 PIN 517: GENOME gameplay_screen__GB19 PIN 517
INST gameplay_screen__GB19 PIN 518: GENOME gameplay_screen__GB19 PIN 518
INST gameplay_screen__GB19 PIN 519: GENOME gameplay_screen__GB19 PIN 519
INST gameplay_screen__GB19 PIN 520: GENOME gameplay_screen__GB19 PIN 520
INST gameplay_screen__GB19 PIN 521: GENOME gameplay_screen__GB19 PIN 521
INST gameplay_screen__GB19 PIN 522: GENOME gameplay_screen__GB19 PIN 522
INST gameplay_screen__GB19 PIN 523: GENOME gameplay_screen__GB19 PIN 523
INST gameplay_screen__GB19 PIN 524: GENOME gameplay_screen__GB19 PIN 524
INST gameplay_screen__GB19 PIN 348: INST gameplay_screen__GB24 PIN 13 TYPE 5
INST gameplay_screen__GB14 PIN 21: GENOME gameplay_screen__GB14 PIN 21
INST gameplay_screen__GB14 PIN 37: GENOME gameplay_screen__GB14 PIN 37
INST gameplay_screen__GB14 PIN 121: GENOME gameplay_screen__GB14 PIN 121
INST gameplay_screen__GB14 PIN 122: GENOME gameplay_screen__GB14 PIN 122
INST gameplay_screen__GB14 PIN 123: GENOME gameplay_screen__GB14 PIN 123
INST gameplay_screen__GB14 PIN 133: GENOME gameplay_screen__GB14 PIN 133
INST gameplay_screen__GB14 PIN 134: GENOME gameplay_screen__GB14 PIN 134
INST gameplay_screen__GB14 PIN 135: GENOME gameplay_screen__GB14 PIN 135
INST gameplay_screen__GB14 PIN 158: GENOME gameplay_screen__GB14 PIN 158
INST gameplay_screen__GB14 PIN 159: GENOME gameplay_screen__GB14 PIN 159
INST gameplay_screen__GB14 PIN 160: GENOME gameplay_screen__GB14 PIN 160
INST gameplay_screen__GB14 PIN 173: GENOME gameplay_screen__GB14 PIN 173
INST gameplay_screen__GB14 PIN 174: GENOME gameplay_screen__GB14 PIN 174
INST gameplay_screen__GB14 PIN 175: GENOME gameplay_screen__GB14 PIN 175
INST gameplay_screen__GB14 PIN 229: GENOME gameplay_screen__GB14 PIN 229
INST gameplay_screen__GB14 PIN 230: GENOME gameplay_screen__GB14 PIN 230
INST gameplay_screen__GB14 PIN 231: GENOME gameplay_screen__GB14 PIN 231
INST gameplay_screen__GB14 PIN 354: GENOME gameplay_screen__GB14 PIN 354
INST gameplay_screen__GB14 PIN 469: GENOME gameplay_screen__GB14 PIN 469
INST gameplay_screen__GB14 PIN 470: GENOME gameplay_screen__GB14 PIN 470
INST gameplay_screen__GB14 PIN 471: GENOME gameplay_screen__GB14 PIN 471
INST gameplay_screen__GB14 PIN 472: GENOME gameplay_screen__GB14 PIN 472
INST gameplay_screen__GB14 PIN 473: GENOME gameplay_screen__GB14 PIN 473
INST gameplay_screen__GB14 PIN 474: GENOME gameplay_screen__GB14 PIN 474
INST gameplay_screen__GB14 PIN 475: GENOME gameplay_screen__GB14 PIN 475
INST gameplay_screen__GB14 PIN 476: GENOME gameplay_screen__GB14 PIN 476
INST gameplay_screen__GB14 PIN 477: GENOME gameplay_screen__GB14 PIN 477
INST gameplay_screen__GB14 PIN 478: GENOME gameplay_screen__GB14 PIN 478
INST gameplay_screen__GB14 PIN 353: INST gameplay_screen__GB24 PIN 13 TYPE 5
INST gameplay_screen__GB23 PIN 17: GENOME gameplay_screen__GB23 PIN 17
INST gameplay_screen__GB23 PIN 367: GENOME gameplay_screen__GB23 PIN 367 INST gameplay_screen__GB24 PIN 271 TYPE 5
INST gameplay_screen__GB23 PIN 366: GENOME gameplay_screen__GB23 PIN 366
INST gameplay_screen__GB23 PIN 368: GENOME gameplay_screen__GB23 PIN 368 INST gameplay_screen__GB24 PIN 271 TYPE 5
INST gameplay_screen__GB23 PIN 369: GENOME gameplay_screen__GB23 PIN 369 INST gameplay_screen__GB24 PIN 271 TYPE 5
INST gameplay_screen__GB23 PIN 370: GENOME gameplay_screen__GB23 PIN 370
INST gameplay_screen__GB23 PIN 371: GENOME gameplay_screen__GB23 PIN 371
INST gameplay_screen__GB23 PIN 372: GENOME gameplay_screen__GB23 PIN 372
INST gameplay_screen__GB23 PIN 373: GENOME gameplay_screen__GB23 PIN 373
INST gameplay_screen__GB23 PIN 374: GENOME gameplay_screen__GB23 PIN 374
INST gameplay_screen__GB23 PIN 375: GENOME gameplay_screen__GB23 PIN 375
INST gameplay_screen__GB23 PIN 376: GENOME gameplay_screen__GB23 PIN 376
INST gameplay_screen__GB23 PIN 377: GENOME gameplay_screen__GB23 PIN 377
INST gameplay_screen__GB23 PIN 379: GENOME gameplay_screen__GB23 PIN 379 INST gameplay_screen__GB24 PIN 283 TYPE 5
INST gameplay_screen__GB23 PIN 378: GENOME gameplay_screen__GB23 PIN 378
INST gameplay_screen__GB23 PIN 380: GENOME gameplay_screen__GB23 PIN 380 INST gameplay_screen__GB24 PIN 283 TYPE 5
INST gameplay_screen__GB23 PIN 381: GENOME gameplay_screen__GB23 PIN 381 INST gameplay_screen__GB24 PIN 283 TYPE 5
INST gameplay_screen__GB23 PIN 382: GENOME gameplay_screen__GB23 PIN 382
INST gameplay_screen__GB23 PIN 383: GENOME gameplay_screen__GB23 PIN 383
INST gameplay_screen__GB23 PIN 384: GENOME gameplay_screen__GB23 PIN 384
INST gameplay_screen__GB23 PIN 385: GENOME gameplay_screen__GB23 PIN 385
INST gameplay_screen__GB23 PIN 386: GENOME gameplay_screen__GB23 PIN 386
INST gameplay_screen__GB23 PIN 387: GENOME gameplay_screen__GB23 PIN 387
INST gameplay_screen__GB23 PIN 388: GENOME gameplay_screen__GB23 PIN 388
INST gameplay_screen__GB23 PIN 389: GENOME gameplay_screen__GB23 PIN 389
GENOME NON_GENOME PIN 85: GENOME NON_GENOME PIN 86 GENOME NON_GENOME PIN 87 GENOME NON_GENOME PIN 88
GENOME NON_GENOME PIN 86: GENOME NON_GENOME PIN 85
GENOME NON_GENOME PIN 97: GENOME NON_GENOME PIN 98 GENOME NON_GENOME PIN 99 GENOME NON_GENOME PIN 100
GENOME NON_GENOME PIN 100: GENOME NON_GENOME PIN 97
GENOME NON_GENOME PIN 366: GENOME NON_GENOME PIN 367 GENOME NON_GENOME PIN 368 GENOME NON_GENOME PIN 369
GENOME NON_GENOME PIN 367: GENOME NON_GENOME PIN 366
GENOME NON_GENOME PIN 368: GENOME NON_GENOME PIN 366
GENOME NON_GENOME PIN 369: GENOME NON_GENOME PIN 366
GENOME NON_GENOME PIN 378: GENOME NON_GENOME PIN 379 GENOME NON_GENOME PIN 380 GENOME NON_GENOME PIN 381
GENOME NON_GENOME PIN 379: GENOME NON_GENOME PIN 378
GENOME NON_GENOME PIN 380: GENOME NON_GENOME PIN 378
GENOME NON_GENOME PIN 381: GENOME NON_GENOME PIN 378
INST gameplay_screen__GB15 PIN 82: GENOME gameplay_screen__GB15 PIN 82
INST gameplay_screen__GB15 PIN 83: GENOME gameplay_screen__GB15 PIN 83
INST gameplay_screen__GB15 PIN 84: GENOME gameplay_screen__GB15 PIN 84
INST gameplay_screen__GB15 PIN 109: GENOME gameplay_screen__GB15 PIN 109
INST gameplay_screen__GB15 PIN 110: GENOME gameplay_screen__GB15 PIN 110
INST gameplay_screen__GB15 PIN 111: GENOME gameplay_screen__GB15 PIN 111
INST gameplay_screen__GB15 PIN 284: GENOME gameplay_screen__GB15 PIN 284
INST gameplay_screen__GB15 PIN 283: INST gameplay_screen__GB24 PIN 13 TYPE 5
INST top_level__GC0 PIN 102: GENOME top_level__GC0 PIN 102 INST top_level__GC0 PIN 38 TYPE 5
INST top_level__GC0 PIN 38: GENOME top_level__GC0 PIN 38
INST top_level__GC0 PIN 103: GENOME top_level__GC0 PIN 103 INST top_level__GC0 PIN 37 TYPE 5
INST top_level__GC0 PIN 37: GENOME top_level__GC0 PIN 37
INST top_level__GC0 PIN 104: GENOME top_level__GC0 PIN 104 INST top_level__GC0 PIN 39 TYPE 5
INST top_level__GC0 PIN 39: GENOME top_level__GC0 PIN 39
GENOME NON_GENOME PIN 38: GENOME NON_GENOME PIN 102
GENOME NON_GENOME PIN 102: GENOME NON_GENOME PIN 38
GENOME NON_GENOME PIN 39: GENOME NON_GENOME PIN 104
INST gameplay_screen__GB9 PIN 88: GENOME gameplay_screen__GB9 PIN 88
INST gameplay_screen__GB9 PIN 99: GENOME gameplay_screen__GB9 PIN 99
INST gameplay_screen__GB9 PIN 256: GENOME gameplay_screen__GB9 PIN 256
INST gameplay_screen__GB9 PIN 255: INST gameplay_screen__GB24 PIN 13 TYPE 5
INST gameplay_screen__GB23 PIN 97: INST gameplay_screen__GB23 PIN 98 TYPE 2 INST gameplay_screen__GB7 PIN 404 TYPE 4 INST gameplay_screen__GB23 PIN 99 TYPE 2 INST gameplay_screen__GB7 PIN 405 TYPE 4 INST gameplay_screen__GB23 PIN 100 TYPE 2 INST gameplay_screen__GB7 PIN 406 TYPE 4
INST gameplay_screen__GB23 PIN 101: INST gameplay_screen__GB7 PIN 407 TYPE 0 GENOME gameplay_screen__GB23 PIN 101
INST gameplay_screen__GB23 PIN 102: INST gameplay_screen__GB7 PIN 408 TYPE 0 GENOME gameplay_screen__GB23 PIN 102
INST gameplay_screen__GB23 PIN 103: INST gameplay_screen__GB7 PIN 409 TYPE 0 GENOME gameplay_screen__GB23 PIN 103
INST gameplay_screen__GB23 PIN 104: INST gameplay_screen__GB7 PIN 410 TYPE 0 GENOME gameplay_screen__GB23 PIN 104
INST gameplay_screen__GB23 PIN 105: INST gameplay_screen__GB7 PIN 411 TYPE 0 GENOME gameplay_screen__GB23 PIN 105
INST gameplay_screen__GB23 PIN 106: INST gameplay_screen__GB7 PIN 412 TYPE 0 GENOME gameplay_screen__GB23 PIN 106
INST gameplay_screen__GB23 PIN 107: INST gameplay_screen__GB7 PIN 413 TYPE 0 GENOME gameplay_screen__GB23 PIN 107
INST gameplay_screen__GB23 PIN 108: INST gameplay_screen__GB7 PIN 414 TYPE 0 GENOME gameplay_screen__GB23 PIN 108
INST gameplay_screen__GB23 PIN 85: INST gameplay_screen__GB23 PIN 86 TYPE 2 INST gameplay_screen__GB7 PIN 428 TYPE 4 INST gameplay_screen__GB23 PIN 87 TYPE 2 INST gameplay_screen__GB7 PIN 429 TYPE 4 INST gameplay_screen__GB23 PIN 88 TYPE 2 INST gameplay_screen__GB7 PIN 430 TYPE 4
INST gameplay_screen__GB23 PIN 89: INST gameplay_screen__GB7 PIN 431 TYPE 0 GENOME gameplay_screen__GB23 PIN 89
INST gameplay_screen__GB23 PIN 90: INST gameplay_screen__GB7 PIN 432 TYPE 0 GENOME gameplay_screen__GB23 PIN 90
INST gameplay_screen__GB23 PIN 91: INST gameplay_screen__GB7 PIN 433 TYPE 0 GENOME gameplay_screen__GB23 PIN 91
INST gameplay_screen__GB23 PIN 92: INST gameplay_screen__GB7 PIN 434 TYPE 0 GENOME gameplay_screen__GB23 PIN 92
INST gameplay_screen__GB23 PIN 93: INST gameplay_screen__GB7 PIN 435 TYPE 0 GENOME gameplay_screen__GB23 PIN 93
INST gameplay_screen__GB23 PIN 94: INST gameplay_screen__GB7 PIN 436 TYPE 0 GENOME gameplay_screen__GB23 PIN 94
INST gameplay_screen__GB23 PIN 95: INST gameplay_screen__GB7 PIN 437 TYPE 0 GENOME gameplay_screen__GB23 PIN 95
INST gameplay_screen__GB23 PIN 96: INST gameplay_screen__GB7 PIN 438 TYPE 0 GENOME gameplay_screen__GB23 PIN 96
INST gameplay_screen__GB23 PIN 86: GENOME gameplay_screen__GB23 PIN 86
INST gameplay_screen__GB23 PIN 87: GENOME gameplay_screen__GB23 PIN 87
INST gameplay_screen__GB23 PIN 88: GENOME gameplay_screen__GB23 PIN 88
INST gameplay_screen__GB23 PIN 98: GENOME gameplay_screen__GB23 PIN 98
INST gameplay_screen__GB23 PIN 99: GENOME gameplay_screen__GB23 PIN 99
INST gameplay_screen__GB23 PIN 100: GENOME gameplay_screen__GB23 PIN 100
