Copyright 1986-2019 Xilinx, Inc. All Rights Reserved.
-------------------------------------------------------------------------------------------------------------------------------------------------
| Tool Version     : Vivado v.2019.2 (win64) Build 2708876 Wed Nov  6 21:40:23 MST 2019
| Date             : Mon Jan 31 11:20:27 2022
| Host             : somonesLaptop running 64-bit major release  (build 9200)
| Command          : report_power -file top_level_power_routed.rpt -pb top_level_power_summary_routed.pb -rpx top_level_power_routed.rpx
| Design           : top_level
| Device           : xc7a100tcsg324-1
| Design State     : routed
| Grade            : commercial
| Process          : typical
| Characterization : Production
-------------------------------------------------------------------------------------------------------------------------------------------------

Power Report

Table of Contents
-----------------
1. Summary
1.1 On-Chip Components
1.2 Power Supply Summary
1.3 Confidence Level
2. Settings
2.1 Environment
2.2 Clock Constraints
3. Detailed Reports
3.1 By Hierarchy

1. Summary
----------

+--------------------------+--------------+
| Total On-Chip Power (W)  | 0.289        |
| Design Power Budget (W)  | Unspecified* |
| Power Budget Margin (W)  | NA           |
| Dynamic (W)              | 0.187        |
| Device Static (W)        | 0.102        |
| Effective TJA (C/W)      | 4.6          |
| Max Ambient (C)          | 83.7         |
| Junction Temperature (C) | 26.3         |
| Confidence Level         | Low          |
| Setting File             | ---          |
| Simulation Activity File | ---          |
| Design Nets Matched      | NA           |
+--------------------------+--------------+
* Specify Design Power Budget using, set_operating_conditions -design_power_budget <value in Watts>


1.1 On-Chip Components
----------------------

+----------------+-----------+----------+-----------+-----------------+
| On-Chip        | Power (W) | Used     | Available | Utilization (%) |
+----------------+-----------+----------+-----------+-----------------+
| Clocks         |     0.011 |        8 |       --- |             --- |
| Slice Logic    |     0.005 |    39699 |       --- |             --- |
|   LUT as Logic |     0.005 |    22558 |     63400 |           35.58 |
|   CARRY4       |    <0.001 |     5000 |     15850 |           31.55 |
|   F7/F8 Muxes  |    <0.001 |       90 |     63400 |            0.14 |
|   Register     |    <0.001 |     1372 |    126800 |            1.08 |
|   Others       |     0.000 |      446 |       --- |             --- |
| Signals        |     0.014 |    15633 |       --- |             --- |
| Block RAM      |     0.027 |     93.5 |       135 |           69.26 |
| MMCM           |     0.122 |        1 |         6 |           16.67 |
| DSPs           |     0.001 |        5 |       240 |            2.08 |
| I/O            |     0.007 |       40 |       210 |           19.05 |
| Static Power   |     0.102 |          |           |                 |
| Total          |     0.289 |          |           |                 |
+----------------+-----------+----------+-----------+-----------------+


1.2 Power Supply Summary
------------------------

+-----------+-------------+-----------+-------------+------------+
| Source    | Voltage (V) | Total (A) | Dynamic (A) | Static (A) |
+-----------+-------------+-----------+-------------+------------+
| Vccint    |       1.000 |     0.075 |       0.057 |      0.018 |
| Vccaux    |       1.800 |     0.086 |       0.068 |      0.018 |
| Vcco33    |       3.300 |     0.006 |       0.002 |      0.004 |
| Vcco25    |       2.500 |     0.000 |       0.000 |      0.000 |
| Vcco18    |       1.800 |     0.000 |       0.000 |      0.000 |
| Vcco15    |       1.500 |     0.000 |       0.000 |      0.000 |
| Vcco135   |       1.350 |     0.000 |       0.000 |      0.000 |
| Vcco12    |       1.200 |     0.000 |       0.000 |      0.000 |
| Vccaux_io |       1.800 |     0.000 |       0.000 |      0.000 |
| Vccbram   |       1.000 |     0.005 |       0.002 |      0.002 |
| MGTAVcc   |       1.000 |     0.000 |       0.000 |      0.000 |
| MGTAVtt   |       1.200 |     0.000 |       0.000 |      0.000 |
| Vccadc    |       1.800 |     0.020 |       0.000 |      0.020 |
+-----------+-------------+-----------+-------------+------------+


1.3 Confidence Level
--------------------

+-----------------------------+------------+--------------------------------------------------------+------------------------------------------------------------------------------------------------------------+
| User Input Data             | Confidence | Details                                                | Action                                                                                                     |
+-----------------------------+------------+--------------------------------------------------------+------------------------------------------------------------------------------------------------------------+
| Design implementation state | High       | Design is routed                                       |                                                                                                            |
| Clock nodes activity        | High       | User specified more than 95% of clocks                 |                                                                                                            |
| I/O nodes activity          | Low        | More than 75% of inputs are missing user specification | Provide missing input activity with simulation results or by editing the "By Resource Type -> I/Os" view   |
| Internal nodes activity     | Medium     | User specified less than 25% of internal nodes         | Provide missing internal nodes activity with simulation results or by editing the "By Resource Type" views |
| Device models               | High       | Device models are Production                           |                                                                                                            |
|                             |            |                                                        |                                                                                                            |
| Overall confidence level    | Low        |                                                        |                                                                                                            |
+-----------------------------+------------+--------------------------------------------------------+------------------------------------------------------------------------------------------------------------+


2. Settings
-----------

2.1 Environment
---------------

+-----------------------+--------------------------+
| Ambient Temp (C)      | 25.0                     |
| ThetaJA (C/W)         | 4.6                      |
| Airflow (LFM)         | 250                      |
| Heat Sink             | medium (Medium Profile)  |
| ThetaSA (C/W)         | 4.6                      |
| Board Selection       | medium (10"x10")         |
| # of Board Layers     | 12to15 (12 to 15 Layers) |
| Board Temperature (C) | 25.0                     |
+-----------------------+--------------------------+


2.2 Clock Constraints
---------------------

+----------------------+-------------------------------------+-----------------+
| Clock                | Domain                              | Constraint (ns) |
+----------------------+-------------------------------------+-----------------+
| clk_100mhz           | clk_100mhz                          |            10.0 |
| clk_out1_clk_wiz_0   | clk_divider/inst/clk_out1_clk_wiz_0 |            15.4 |
| clk_out1_clk_wiz_0_1 | clk_divider/inst/clk_out1_clk_wiz_0 |            15.4 |
| clkfbout_clk_wiz_0   | clk_divider/inst/clkfbout_clk_wiz_0 |            50.0 |
| clkfbout_clk_wiz_0_1 | clk_divider/inst/clkfbout_clk_wiz_0 |            50.0 |
| sys_clk_pin          | clk_100mhz                          |            10.0 |
+----------------------+-------------------------------------+-----------------+


3. Detailed Reports
-------------------

3.1 By Hierarchy
----------------

+---------------------+-----------+
| Name                | Power (W) |
+---------------------+-----------+
| top_level           |     0.187 |
|   clk_divider       |     0.122 |
|     inst            |     0.122 |
|   go                |     0.010 |
|     nolabel_line267 |     0.010 |
|       go_bcm        |     0.001 |
|       go_gcm        |     0.001 |
|       go_rcm        |     0.001 |
|       go_rom        |     0.003 |
|   gp                |     0.013 |
|   p                 |     0.007 |
|     nolabel_line228 |     0.007 |
|       p_cm          |     0.001 |
|       p_rom         |     0.005 |
|   s                 |     0.022 |
|     gbanner         |     0.009 |
|       b_bcm         |     0.001 |
|       b_gcm         |     0.001 |
|       b_rcm         |     0.001 |
|       b_rom         |     0.003 |
|     nolabel_line186 |     0.009 |
|       s_instr_cm    |     0.001 |
|       s_instr_rom   |     0.007 |
|     nolabel_line189 |     0.004 |
|       b_funcs_rom   |     0.002 |
|       buttons_cm    |     0.001 |
|   xvga1             |     0.005 |
+---------------------+-----------+


