xilinx rtfpga
INFO: [Synth 8-3886] merging instance 'reds_y_reg[0][9][0]' (FDRE) to 'blues_attacking_reg[0][0]'
INFO: [Synth 8-3886] merging instance 'reds_y_reg[0][9][1]' (FDSE) to 'reds_y_reg[0][9][6]'
INFO: [Synth 8-3886] merging instance 'reds_y_reg[0][9][2]' (FDSE) to 'reds_y_reg[0][9][6]'
INFO: [Synth 8-3886] merging instance 'reds_y_reg[0][9][3]' (FDRE) to 'blues_attacking_reg[0][0]'
INFO: [Synth 8-3886] merging instance 'reds_y_reg[0][9][4]' (FDRE) to 'blues_attacking_reg[0][0]'
INFO: [Synth 8-3886] merging instance 'reds_y_reg[0][9][5]' (FDRE) to 'blues_attacking_reg[0][0]'
INFO: [Synth 8-3333] propagating constant 1 across sequential element (\reds_y_reg[0][9][6] )
INFO: [Synth 8-3886] merging instance 'reds_y_reg[0][9][7]' (FDRE) to 'blues_attacking_reg[0][0]'
INFO: [Synth 8-3886] merging instance 'reds_y_reg[0][9][8]' (FDRE) to 'blues_attacking_reg[0][0]'
INFO: [Synth 8-3886] merging instance 'reds_y_reg[0][9][9]' (FDRE) to 'blues_attacking_reg[0][0]'
INFO: [Synth 8-3886] merging instance 'blues_attacking_reg[0][0]' (FDRE) to 'blues_attacking_reg[0][1]'
INFO: [Synth 8-3886] merging instance 'blues_attacking_reg[0][1]' (FDRE) to 'blues_attacking_reg[0][2]'
INFO: [Synth 8-3886] merging instance 'blues_attacking_reg[0][2]' (FDRE) to 'blues_attacking_reg[0][3]'
INFO: [Synth 8-3886] merging instance 'blues_attacking_reg[0][3]' (FDRE) to 'blues_attacking_reg[0][4]'
INFO: [Synth 8-3886] merging instance 'blues_attacking_reg[0][4]' (FDRE) to 'blues_attacking_reg[0][5]'
INFO: [Synth 8-3886] merging instance 'blues_attacking_reg[0][5]' (FDRE) to 'blues_attacking_reg[0][6]'
INFO: [Synth 8-3886] merging instance 'blues_attacking_reg[0][6]' (FDRE) to 'blues_attacking_reg[0][7]'
INFO: [Synth 8-3886] merging instance 'blues_attacking_reg[0][7]' (FDRE) to 'blues_attacking_reg[0][8]'
INFO: [Synth 8-3886] merging instance 'blues_attacking_reg[0][8]' (FDRE) to 'blues_attacking_reg[0][9]'
INFO: [Synth 8-3333] propagating constant 0 across sequential element (\blues_attacking_reg[0][9] )
