xilinx rtfpga
INFO: [Synth 8-3886] merging instance 'blues_x_reg[1][0][0]' (FDSE) to 'blues_x_reg[1][4][0]'
INFO: [Synth 8-3886] merging instance 'blues_x_reg[1][4][0]' (FDSE) to 'blues_x_reg[1][4][1]'
INFO: [Synth 8-3886] merging instance 'blues_x_reg[1][5][0]' (FDRE) to 'blues_x_reg[1][4][2]'
INFO: [Synth 8-3886] merging instance 'blues_x_reg[1][5][9]' (FDRE) to 'blues_x_reg[1][4][2]'
INFO: [Synth 8-3886] merging instance 'blues_x_reg[1][5][8]' (FDSE) to 'blues_x_reg[1][4][1]'
INFO: [Synth 8-3886] merging instance 'blues_x_reg[1][5][7]' (FDSE) to 'blues_x_reg[1][4][1]'
INFO: [Synth 8-3886] merging instance 'blues_x_reg[1][5][6]' (FDRE) to 'blues_x_reg[1][4][2]'
INFO: [Synth 8-3886] merging instance 'blues_x_reg[1][5][5]' (FDSE) to 'blues_x_reg[1][4][1]'
INFO: [Synth 8-3886] merging instance 'blues_x_reg[1][5][1]' (FDRE) to 'blues_x_reg[1][4][2]'
INFO: [Synth 8-3886] merging instance 'blues_x_reg[1][5][2]' (FDRE) to 'blues_x_reg[1][4][2]'
INFO: [Synth 8-3886] merging instance 'blues_x_reg[1][5][3]' (FDSE) to 'blues_x_reg[1][4][1]'
INFO: [Synth 8-3886] merging instance 'blues_x_reg[1][5][4]' (FDSE) to 'blues_x_reg[1][4][1]'
INFO: [Synth 8-3886] merging instance 'blues_x_reg[1][5][10]' (FDRE) to 'blues_x_reg[1][4][2]'
INFO: [Synth 8-3886] merging instance 'blues_x_reg[1][0][9]' (FDRE) to 'blues_x_reg[1][4][2]'
INFO: [Synth 8-3886] merging instance 'blues_x_reg[1][0][8]' (FDRE) to 'blues_x_reg[1][4][2]'
INFO: [Synth 8-3886] merging instance 'blues_x_reg[1][0][7]' (FDSE) to 'blues_x_reg[1][4][1]'
INFO: [Synth 8-3886] merging instance 'blues_x_reg[1][0][6]' (FDSE) to 'blues_x_reg[1][4][1]'
INFO: [Synth 8-3886] merging instance 'blues_x_reg[1][0][5]' (FDRE) to 'blues_x_reg[1][4][2]'
INFO: [Synth 8-3886] merging instance 'blues_x_reg[1][0][1]' (FDSE) to 'blues_x_reg[1][4][1]'
INFO: [Synth 8-3886] merging instance 'blues_x_reg[1][0][2]' (FDSE) to 'blues_x_reg[1][4][1]'
INFO: [Synth 8-3886] merging instance 'blues_x_reg[1][0][3]' (FDRE) to 'blues_x_reg[1][4][2]'
INFO: [Synth 8-3886] merging instance 'blues_x_reg[1][0][4]' (FDSE) to 'blues_x_reg[1][4][1]'
INFO: [Synth 8-3886] merging instance 'blues_x_reg[1][0][10]' (FDRE) to 'blues_x_reg[1][4][2]'
INFO: [Synth 8-3886] merging instance 'blues_x_reg[1][4][9]' (FDRE) to 'blues_x_reg[1][4][2]'
INFO: [Synth 8-3886] merging instance 'blues_x_reg[1][4][8]' (FDSE) to 'blues_x_reg[1][4][1]'
INFO: [Synth 8-3886] merging instance 'blues_x_reg[1][4][7]' (FDSE) to 'blues_x_reg[1][4][1]'
INFO: [Synth 8-3886] merging instance 'blues_x_reg[1][4][6]' (FDRE) to 'blues_x_reg[1][4][2]'
INFO: [Synth 8-3886] merging instance 'blues_x_reg[1][4][5]' (FDRE) to 'blues_x_reg[1][4][2]'
INFO: [Synth 8-3886] merging instance 'blues_x_reg[1][4][1]' (FDSE) to 'blues_x_reg[1][4][3]'
INFO: [Synth 8-3886] merging instance 'blues_x_reg[1][4][2]' (FDRE) to 'blues_x_reg[1][4][4]'
INFO: [Synth 8-3886] merging instance 'blues_x_reg[1][4][3]' (FDSE) to 'blues_y_reg[0][9][1]'
INFO: [Synth 8-3886] merging instance 'blues_x_reg[1][4][4]' (FDRE) to 'blues_x_reg[1][4][10]'
INFO: [Synth 8-3886] merging instance 'blues_x_reg[1][4][10]' (FDRE) to 'blues_y_reg[0][9][0]'
INFO: [Synth 8-3886] merging instance 'blues_y_reg[0][9][0]' (FDRE) to 'blues_y_reg[0][9][3]'
INFO: [Synth 8-3886] merging instance 'blues_y_reg[0][9][8]' (FDRE) to 'blues_y_reg[0][9][3]'
INFO: [Synth 8-3886] merging instance 'blues_y_reg[0][9][7]' (FDSE) to 'blues_y_reg[0][9][1]'
INFO: [Synth 8-3886] merging instance 'blues_y_reg[0][9][6]' (FDRE) to 'blues_y_reg[0][9][3]'
INFO: [Synth 8-3886] merging instance 'blues_y_reg[0][9][5]' (FDRE) to 'blues_y_reg[0][9][3]'
INFO: [Synth 8-3886] merging instance 'blues_y_reg[0][9][1]' (FDSE) to 'blues_y_reg[0][9][2]'
INFO: [Synth 8-3886] merging instance 'blues_y_reg[0][9][2]' (FDSE) to 'blues_y_reg[0][9][4]'
INFO: [Synth 8-3886] merging instance 'blues_y_reg[0][9][3]' (FDRE) to 'blues_y_reg[0][9][9]'
INFO: [Synth 8-3333] propagating constant 1 across sequential element (\blues_y_reg[0][9][4] )
INFO: [Synth 8-3333] propagating constant 0 across sequential element (\blues_y_reg[0][9][9] )
