GENOME NON_GENOME PIN 509: GENOME NON_GENOME PIN 26 GENOME NON_GENOME PIN 37
GENOME NON_GENOME PIN 26: GENOME NON_GENOME PIN 509
GENOME NON_GENOME PIN 508: GENOME NON_GENOME PIN 36
GENOME NON_GENOME PIN 36: GENOME NON_GENOME PIN 508
GENOME NON_GENOME PIN 37: GENOME NON_GENOME PIN 509 GENOME NON_GENOME PIN 103
GENOME NON_GENOME PIN 520: GENOME NON_GENOME PIN 52 GENOME NON_GENOME PIN 63
GENOME NON_GENOME PIN 52: GENOME NON_GENOME PIN 520
GENOME NON_GENOME PIN 519: GENOME NON_GENOME PIN 62
GENOME NON_GENOME PIN 62: GENOME NON_GENOME PIN 519
GENOME NON_GENOME PIN 63: GENOME NON_GENOME PIN 520
GENOME NON_GENOME PIN 498: GENOME NON_GENOME PIN 88 GENOME NON_GENOME PIN 99
GENOME NON_GENOME PIN 88: GENOME NON_GENOME PIN 498
GENOME NON_GENOME PIN 497: GENOME NON_GENOME PIN 98
GENOME NON_GENOME PIN 98: GENOME NON_GENOME PIN 497
GENOME NON_GENOME PIN 99: GENOME NON_GENOME PIN 498
GENOME NON_GENOME PIN 132: GENOME NON_GENOME PIN 133 GENOME NON_GENOME PIN 134 GENOME NON_GENOME PIN 135 GENOME NON_GENOME PIN 136 GENOME NON_GENOME PIN 137 GENOME NON_GENOME PIN 138 GENOME NON_GENOME PIN 139 GENOME NON_GENOME PIN 140 GENOME NON_GENOME PIN 141 GENOME NON_GENOME PIN 142 GENOME NON_GENOME PIN 143
GENOME NON_GENOME PIN 133: GENOME NON_GENOME PIN 132
GENOME NON_GENOME PIN 134: GENOME NON_GENOME PIN 132
GENOME NON_GENOME PIN 135: GENOME NON_GENOME PIN 132
GENOME NON_GENOME PIN 136: GENOME NON_GENOME PIN 132
GENOME NON_GENOME PIN 137: GENOME NON_GENOME PIN 132
GENOME NON_GENOME PIN 138: GENOME NON_GENOME PIN 132
GENOME NON_GENOME PIN 139: GENOME NON_GENOME PIN 132
GENOME NON_GENOME PIN 140: GENOME NON_GENOME PIN 132
GENOME NON_GENOME PIN 141: GENOME NON_GENOME PIN 132
GENOME NON_GENOME PIN 142: GENOME NON_GENOME PIN 132
GENOME NON_GENOME PIN 143: GENOME NON_GENOME PIN 132
GENOME NON_GENOME PIN 168: GENOME NON_GENOME PIN 169 GENOME NON_GENOME PIN 170 GENOME NON_GENOME PIN 171 GENOME NON_GENOME PIN 172 GENOME NON_GENOME PIN 173 GENOME NON_GENOME PIN 174 GENOME NON_GENOME PIN 175 GENOME NON_GENOME PIN 176 GENOME NON_GENOME PIN 177 GENOME NON_GENOME PIN 178 GENOME NON_GENOME PIN 179
GENOME NON_GENOME PIN 169: GENOME NON_GENOME PIN 168
GENOME NON_GENOME PIN 170: GENOME NON_GENOME PIN 168
GENOME NON_GENOME PIN 171: GENOME NON_GENOME PIN 168
GENOME NON_GENOME PIN 172: GENOME NON_GENOME PIN 168
GENOME NON_GENOME PIN 173: GENOME NON_GENOME PIN 168
GENOME NON_GENOME PIN 174: GENOME NON_GENOME PIN 168
GENOME NON_GENOME PIN 175: GENOME NON_GENOME PIN 168
GENOME NON_GENOME PIN 176: GENOME NON_GENOME PIN 168
GENOME NON_GENOME PIN 177: GENOME NON_GENOME PIN 168
GENOME NON_GENOME PIN 178: GENOME NON_GENOME PIN 168
GENOME NON_GENOME PIN 179: GENOME NON_GENOME PIN 168
GENOME NON_GENOME PIN 198: GENOME NON_GENOME PIN 199 GENOME NON_GENOME PIN 200 GENOME NON_GENOME PIN 201 GENOME NON_GENOME PIN 202 GENOME NON_GENOME PIN 203 GENOME NON_GENOME PIN 204 GENOME NON_GENOME PIN 205 GENOME NON_GENOME PIN 206 GENOME NON_GENOME PIN 207 GENOME NON_GENOME PIN 208 GENOME NON_GENOME PIN 209
GENOME NON_GENOME PIN 199: GENOME NON_GENOME PIN 198
GENOME NON_GENOME PIN 200: GENOME NON_GENOME PIN 198
GENOME NON_GENOME PIN 201: GENOME NON_GENOME PIN 198
GENOME NON_GENOME PIN 202: GENOME NON_GENOME PIN 198
GENOME NON_GENOME PIN 203: GENOME NON_GENOME PIN 198
GENOME NON_GENOME PIN 204: GENOME NON_GENOME PIN 198
GENOME NON_GENOME PIN 205: GENOME NON_GENOME PIN 198
GENOME NON_GENOME PIN 206: GENOME NON_GENOME PIN 198
GENOME NON_GENOME PIN 207: GENOME NON_GENOME PIN 198
GENOME NON_GENOME PIN 208: GENOME NON_GENOME PIN 198
GENOME NON_GENOME PIN 209: GENOME NON_GENOME PIN 198
INST gameplay_screen__GB2 PIN 165: INST gameplay_screen__GB1 PIN 37 TYPE 3 INST gameplay_screen__GB3 PIN 357 TYPE 4
INST gameplay_screen__GB2 PIN 197: INST gameplay_screen__GB1 PIN 63 TYPE 3 INST gameplay_screen__GB4 PIN 259 TYPE 4 INST gameplay_screen__GB3 PIN 392 TYPE 4
INST gameplay_screen__GB2 PIN 112: INST gameplay_screen__GB1 PIN 99 TYPE 3 INST gameplay_screen__GB4 PIN 215 TYPE 4 INST gameplay_screen__GB3 PIN 448 TYPE 4 INST gameplay_screen__GB0 PIN 1271 TYPE 4
INST gameplay_screen__GB1 PIN 198: INST gameplay_screen__GB1 PIN 199 TYPE 2 INST gameplay_screen__GB2 PIN 317 TYPE 4 INST gameplay_screen__GB1 PIN 200 TYPE 2 INST gameplay_screen__GB2 PIN 318 TYPE 4 INST gameplay_screen__GB1 PIN 201 TYPE 2 INST gameplay_screen__GB2 PIN 319 TYPE 4 INST gameplay_screen__GB1 PIN 202 TYPE 2 INST gameplay_screen__GB2 PIN 320 TYPE 4 INST gameplay_screen__GB1 PIN 203 TYPE 2 INST gameplay_screen__GB2 PIN 321 TYPE 4 INST gameplay_screen__GB1 PIN 204 TYPE 2 INST gameplay_screen__GB2 PIN 322 TYPE 4 INST gameplay_screen__GB1 PIN 205 TYPE 2 INST gameplay_screen__GB2 PIN 323 TYPE 4 INST gameplay_screen__GB1 PIN 206 TYPE 2 INST gameplay_screen__GB2 PIN 324 TYPE 4 INST gameplay_screen__GB1 PIN 207 TYPE 2 INST gameplay_screen__GB2 PIN 325 TYPE 4 INST gameplay_screen__GB1 PIN 208 TYPE 2 INST gameplay_screen__GB2 PIN 326 TYPE 4 INST gameplay_screen__GB1 PIN 209 TYPE 2 INST gameplay_screen__GB2 PIN 327 TYPE 4
INST gameplay_screen__GB1 PIN 132: INST gameplay_screen__GB1 PIN 133 TYPE 2 INST gameplay_screen__GB2 PIN 329 TYPE 4 INST gameplay_screen__GB1 PIN 134 TYPE 2 INST gameplay_screen__GB2 PIN 330 TYPE 4 INST gameplay_screen__GB1 PIN 135 TYPE 2 INST gameplay_screen__GB2 PIN 331 TYPE 4 INST gameplay_screen__GB1 PIN 136 TYPE 2 INST gameplay_screen__GB2 PIN 332 TYPE 4 INST gameplay_screen__GB1 PIN 137 TYPE 2 INST gameplay_screen__GB2 PIN 333 TYPE 4 INST gameplay_screen__GB1 PIN 138 TYPE 2 INST gameplay_screen__GB2 PIN 334 TYPE 4 INST gameplay_screen__GB1 PIN 139 TYPE 2 INST gameplay_screen__GB2 PIN 335 TYPE 4 INST gameplay_screen__GB1 PIN 140 TYPE 2 INST gameplay_screen__GB2 PIN 336 TYPE 4 INST gameplay_screen__GB1 PIN 141 TYPE 2 INST gameplay_screen__GB2 PIN 337 TYPE 4 INST gameplay_screen__GB1 PIN 142 TYPE 2 INST gameplay_screen__GB2 PIN 338 TYPE 4 INST gameplay_screen__GB1 PIN 143 TYPE 2 INST gameplay_screen__GB2 PIN 339 TYPE 4
INST gameplay_screen__GB1 PIN 168: INST gameplay_screen__GB1 PIN 169 TYPE 2 INST gameplay_screen__GB2 PIN 473 TYPE 4 INST gameplay_screen__GB1 PIN 170 TYPE 2 INST gameplay_screen__GB2 PIN 474 TYPE 4 INST gameplay_screen__GB1 PIN 171 TYPE 2 INST gameplay_screen__GB2 PIN 475 TYPE 4 INST gameplay_screen__GB1 PIN 172 TYPE 2 INST gameplay_screen__GB2 PIN 476 TYPE 4 INST gameplay_screen__GB1 PIN 173 TYPE 2 INST gameplay_screen__GB2 PIN 477 TYPE 4 INST gameplay_screen__GB1 PIN 174 TYPE 2 INST gameplay_screen__GB2 PIN 478 TYPE 4 INST gameplay_screen__GB1 PIN 175 TYPE 2 INST gameplay_screen__GB2 PIN 479 TYPE 4 INST gameplay_screen__GB1 PIN 176 TYPE 2 INST gameplay_screen__GB2 PIN 480 TYPE 4 INST gameplay_screen__GB1 PIN 177 TYPE 2 INST gameplay_screen__GB2 PIN 481 TYPE 4 INST gameplay_screen__GB1 PIN 178 TYPE 2 INST gameplay_screen__GB2 PIN 482 TYPE 4 INST gameplay_screen__GB1 PIN 179 TYPE 2 INST gameplay_screen__GB2 PIN 483 TYPE 4
INST gameplay_screen__GB1 PIN 37: GENOME gameplay_screen__GB1 PIN 37
INST gameplay_screen__GB1 PIN 63: GENOME gameplay_screen__GB1 PIN 63
INST gameplay_screen__GB1 PIN 99: GENOME gameplay_screen__GB1 PIN 99
INST gameplay_screen__GB1 PIN 133: GENOME gameplay_screen__GB1 PIN 133
INST gameplay_screen__GB1 PIN 134: GENOME gameplay_screen__GB1 PIN 134
INST gameplay_screen__GB1 PIN 135: GENOME gameplay_screen__GB1 PIN 135
INST gameplay_screen__GB1 PIN 136: GENOME gameplay_screen__GB1 PIN 136
INST gameplay_screen__GB1 PIN 137: GENOME gameplay_screen__GB1 PIN 137
INST gameplay_screen__GB1 PIN 138: GENOME gameplay_screen__GB1 PIN 138
INST gameplay_screen__GB1 PIN 139: GENOME gameplay_screen__GB1 PIN 139
INST gameplay_screen__GB1 PIN 140: GENOME gameplay_screen__GB1 PIN 140
INST gameplay_screen__GB1 PIN 141: GENOME gameplay_screen__GB1 PIN 141
INST gameplay_screen__GB1 PIN 142: GENOME gameplay_screen__GB1 PIN 142
INST gameplay_screen__GB1 PIN 143: GENOME gameplay_screen__GB1 PIN 143
INST gameplay_screen__GB1 PIN 169: GENOME gameplay_screen__GB1 PIN 169
INST gameplay_screen__GB1 PIN 170: GENOME gameplay_screen__GB1 PIN 170
INST gameplay_screen__GB1 PIN 171: GENOME gameplay_screen__GB1 PIN 171
INST gameplay_screen__GB1 PIN 172: GENOME gameplay_screen__GB1 PIN 172
INST gameplay_screen__GB1 PIN 173: GENOME gameplay_screen__GB1 PIN 173
INST gameplay_screen__GB1 PIN 174: GENOME gameplay_screen__GB1 PIN 174
INST gameplay_screen__GB1 PIN 175: GENOME gameplay_screen__GB1 PIN 175
INST gameplay_screen__GB1 PIN 176: GENOME gameplay_screen__GB1 PIN 176
INST gameplay_screen__GB1 PIN 177: GENOME gameplay_screen__GB1 PIN 177
INST gameplay_screen__GB1 PIN 178: GENOME gameplay_screen__GB1 PIN 178
INST gameplay_screen__GB1 PIN 179: GENOME gameplay_screen__GB1 PIN 179
INST gameplay_screen__GB1 PIN 199: GENOME gameplay_screen__GB1 PIN 199
INST gameplay_screen__GB1 PIN 200: GENOME gameplay_screen__GB1 PIN 200
INST gameplay_screen__GB1 PIN 201: GENOME gameplay_screen__GB1 PIN 201
INST gameplay_screen__GB1 PIN 202: GENOME gameplay_screen__GB1 PIN 202
INST gameplay_screen__GB1 PIN 203: GENOME gameplay_screen__GB1 PIN 203
INST gameplay_screen__GB1 PIN 204: GENOME gameplay_screen__GB1 PIN 204
INST gameplay_screen__GB1 PIN 205: GENOME gameplay_screen__GB1 PIN 205
INST gameplay_screen__GB1 PIN 206: GENOME gameplay_screen__GB1 PIN 206
INST gameplay_screen__GB1 PIN 207: GENOME gameplay_screen__GB1 PIN 207
INST gameplay_screen__GB1 PIN 208: GENOME gameplay_screen__GB1 PIN 208
INST gameplay_screen__GB1 PIN 209: GENOME gameplay_screen__GB1 PIN 209
INST top_level__GC0 PIN 102: GENOME top_level__GC0 PIN 102 INST top_level__GC0 PIN 38 TYPE 5
INST top_level__GC0 PIN 38: GENOME top_level__GC0 PIN 38
INST top_level__GC0 PIN 103: GENOME top_level__GC0 PIN 103 INST top_level__GC0 PIN 37 TYPE 5
INST top_level__GC0 PIN 37: GENOME top_level__GC0 PIN 37
INST top_level__GC0 PIN 104: GENOME top_level__GC0 PIN 104 INST top_level__GC0 PIN 39 TYPE 5
INST top_level__GC0 PIN 39: GENOME top_level__GC0 PIN 39
GENOME NON_GENOME PIN 38: GENOME NON_GENOME PIN 102
GENOME NON_GENOME PIN 102: GENOME NON_GENOME PIN 38
GENOME NON_GENOME PIN 103: GENOME NON_GENOME PIN 37
GENOME NON_GENOME PIN 39: GENOME NON_GENOME PIN 104
GENOME NON_GENOME PIN 104: GENOME NON_GENOME PIN 39
