xilinx rtfpga
INFO: [Synth 8-3886] merging instance 'reds1_x_reg[0][0]' (FDSE) to 'reds1_x_reg[1][2]'
INFO: [Synth 8-3886] merging instance 'reds1_x_reg[0][1]' (FDSE) to 'reds1_x_reg[1][2]'
INFO: [Synth 8-3886] merging instance 'reds1_x_reg[0][2]' (FDSE) to 'reds1_x_reg[1][2]'
INFO: [Synth 8-3886] merging instance 'reds1_x_reg[0][3]' (FDRE) to 'reds1_x_reg[1][0]'
INFO: [Synth 8-3886] merging instance 'reds1_x_reg[0][4]' (FDSE) to 'reds1_x_reg[1][2]'
INFO: [Synth 8-3886] merging instance 'reds1_x_reg[0][5]' (FDRE) to 'reds1_x_reg[1][0]'
INFO: [Synth 8-3886] merging instance 'reds1_x_reg[0][6]' (FDSE) to 'reds1_x_reg[1][2]'
INFO: [Synth 8-3886] merging instance 'reds1_x_reg[0][7]' (FDSE) to 'reds1_x_reg[1][2]'
INFO: [Synth 8-3886] merging instance 'reds1_x_reg[0][8]' (FDRE) to 'reds1_x_reg[1][0]'
INFO: [Synth 8-3886] merging instance 'reds1_x_reg[0][9]' (FDRE) to 'reds1_x_reg[1][0]'
INFO: [Synth 8-3886] merging instance 'reds1_x_reg[0][10]' (FDRE) to 'reds1_x_reg[1][0]'
INFO: [Synth 8-3886] merging instance 'reds1_x_reg[1][0]' (FDRE) to 'reds1_x_reg[1][1]'
INFO: [Synth 8-3886] merging instance 'reds1_x_reg[1][1]' (FDRE) to 'reds1_x_reg[1][3]'
INFO: [Synth 8-3886] merging instance 'reds1_x_reg[1][2]' (FDSE) to 'reds1_x_reg[1][8]'
INFO: [Synth 8-3886] merging instance 'reds1_x_reg[1][3]' (FDRE) to 'reds1_x_reg[1][4]'
INFO: [Synth 8-3886] merging instance 'reds1_x_reg[1][4]' (FDRE) to 'reds1_x_reg[1][5]'
INFO: [Synth 8-3886] merging instance 'reds1_x_reg[1][5]' (FDRE) to 'reds1_x_reg[1][6]'
INFO: [Synth 8-3886] merging instance 'reds1_x_reg[1][6]' (FDRE) to 'reds1_x_reg[1][7]'
INFO: [Synth 8-3886] merging instance 'reds1_x_reg[1][7]' (FDRE) to 'reds1_x_reg[1][9]'
INFO: [Synth 8-3886] merging instance 'reds1_x_reg[1][8]' (FDSE) to 'reds1_x_reg[7][1]'
INFO: [Synth 8-3886] merging instance 'reds1_x_reg[1][9]' (FDRE) to 'reds1_x_reg[1][10]'
INFO: [Synth 8-3886] merging instance 'reds1_x_reg[1][10]' (FDRE) to 'reds1_x_reg[7][0]'
INFO: [Synth 8-3886] merging instance 'reds1_x_reg[6][0]' (FDSE) to 'reds1_x_reg[7][1]'
INFO: [Synth 8-3886] merging instance 'reds1_x_reg[6][1]' (FDRE) to 'reds1_x_reg[7][0]'
INFO: [Synth 8-3886] merging instance 'reds1_x_reg[6][2]' (FDSE) to 'reds1_x_reg[7][1]'
INFO: [Synth 8-3886] merging instance 'reds1_x_reg[6][3]' (FDRE) to 'reds1_x_reg[7][0]'
INFO: [Synth 8-3886] merging instance 'reds1_x_reg[6][4]' (FDRE) to 'reds1_x_reg[7][0]'
INFO: [Synth 8-3886] merging instance 'reds1_x_reg[6][5]' (FDSE) to 'reds1_x_reg[7][1]'
INFO: [Synth 8-3886] merging instance 'reds1_x_reg[6][6]' (FDSE) to 'reds1_x_reg[7][1]'
INFO: [Synth 8-3886] merging instance 'reds1_x_reg[6][7]' (FDSE) to 'reds1_x_reg[7][1]'
INFO: [Synth 8-3886] merging instance 'reds1_x_reg[6][8]' (FDSE) to 'reds1_x_reg[7][1]'
INFO: [Synth 8-3886] merging instance 'reds1_x_reg[6][9]' (FDRE) to 'reds1_x_reg[7][0]'
INFO: [Synth 8-3886] merging instance 'reds1_x_reg[6][10]' (FDRE) to 'reds1_x_reg[7][0]'
INFO: [Synth 8-3886] merging instance 'reds1_x_reg[7][0]' (FDRE) to 'reds1_x_reg[7][2]'
INFO: [Synth 8-3886] merging instance 'reds1_x_reg[7][1]' (FDSE) to 'reds1_x_reg[7][4]'
INFO: [Synth 8-3886] merging instance 'reds1_x_reg[7][2]' (FDRE) to 'reds1_x_reg[7][3]'
INFO: [Synth 8-3886] merging instance 'reds1_x_reg[7][3]' (FDRE) to 'reds1_x_reg[7][5]'
INFO: [Synth 8-3886] merging instance 'reds1_x_reg[7][4]' (FDSE) to 'reds1_x_reg[7][9]'
INFO: [Synth 8-3886] merging instance 'reds1_x_reg[7][5]' (FDRE) to 'reds1_x_reg[7][6]'
INFO: [Synth 8-3886] merging instance 'reds1_x_reg[7][6]' (FDRE) to 'reds1_x_reg[7][7]'
INFO: [Synth 8-3886] merging instance 'reds1_x_reg[7][7]' (FDRE) to 'reds1_x_reg[7][8]'
INFO: [Synth 8-3886] merging instance 'reds1_x_reg[7][8]' (FDRE) to 'reds1_x_reg[7][10]'
INFO: [Synth 8-3886] merging instance 'reds1_x_reg[7][9]' (FDSE) to 'reds1_x_reg[9][2]'
INFO: [Synth 8-3886] merging instance 'reds1_x_reg[7][10]' (FDRE) to 'reds1_x_reg[9][0]'
INFO: [Synth 8-3886] merging instance 'reds1_x_reg[8][0]' (FDSE) to 'reds1_x_reg[9][2]'
INFO: [Synth 8-3886] merging instance 'reds1_x_reg[8][1]' (FDSE) to 'reds1_x_reg[9][2]'
INFO: [Synth 8-3886] merging instance 'reds1_x_reg[8][2]' (FDSE) to 'reds1_x_reg[9][2]'
INFO: [Synth 8-3886] merging instance 'reds1_x_reg[8][3]' (FDSE) to 'reds1_x_reg[9][2]'
INFO: [Synth 8-3886] merging instance 'reds1_x_reg[8][4]' (FDSE) to 'reds1_x_reg[9][2]'
INFO: [Synth 8-3886] merging instance 'reds1_x_reg[8][5]' (FDSE) to 'reds1_x_reg[9][2]'
INFO: [Synth 8-3886] merging instance 'reds1_x_reg[8][6]' (FDRE) to 'reds1_x_reg[9][0]'
INFO: [Synth 8-3886] merging instance 'reds1_x_reg[8][7]' (FDRE) to 'reds1_x_reg[9][0]'
INFO: [Synth 8-3886] merging instance 'reds1_x_reg[8][8]' (FDRE) to 'reds1_x_reg[9][0]'
INFO: [Synth 8-3886] merging instance 'reds1_x_reg[8][9]' (FDSE) to 'reds1_x_reg[9][2]'
INFO: [Synth 8-3886] merging instance 'reds1_x_reg[8][10]' (FDRE) to 'reds1_x_reg[9][0]'
INFO: [Synth 8-3886] merging instance 'reds1_x_reg[9][0]' (FDRE) to 'reds1_x_reg[9][1]'
INFO: [Synth 8-3886] merging instance 'reds1_x_reg[9][1]' (FDRE) to 'reds1_x_reg[9][4]'
INFO: [Synth 8-3886] merging instance 'reds1_x_reg[9][2]' (FDSE) to 'reds1_x_reg[9][3]'
INFO: [Synth 8-3886] merging instance 'reds1_x_reg[9][3]' (FDSE) to 'reds1_x_reg[9][5]'
INFO: [Synth 8-3886] merging instance 'reds1_x_reg[9][4]' (FDRE) to 'reds1_x_reg[9][7]'
INFO: [Synth 8-3886] merging instance 'reds1_x_reg[9][5]' (FDSE) to 'reds1_x_reg[9][6]'
INFO: [Synth 8-3886] merging instance 'reds1_x_reg[9][6]' (FDSE) to 'reds1_x_reg[9][9]'
INFO: [Synth 8-3886] merging instance 'reds1_x_reg[9][7]' (FDRE) to 'reds1_x_reg[9][8]'
INFO: [Synth 8-3886] merging instance 'reds1_x_reg[9][8]' (FDRE) to 'reds1_x_reg[9][10]'
INFO: [Synth 8-3886] merging instance 'reds1_x_reg[9][9]' (FDSE) to 'reds1_y_reg[9][2]'
INFO: [Synth 8-3886] merging instance 'reds1_x_reg[9][10]' (FDRE) to 'reds1_y_reg[9][0]'
INFO: [Synth 8-3886] merging instance 'reds2_y_reg[9][0]' (FDSE) to 'reds1_y_reg[9][2]'
INFO: [Synth 8-3886] merging instance 'reds2_y_reg[9][8]' (FDRE) to 'reds1_y_reg[9][0]'
INFO: [Synth 8-3886] merging instance 'reds2_y_reg[9][7]' (FDRE) to 'reds1_y_reg[9][0]'
INFO: [Synth 8-3886] merging instance 'reds2_y_reg[9][6]' (FDSE) to 'reds1_y_reg[9][2]'
INFO: [Synth 8-3886] merging instance 'reds2_y_reg[9][5]' (FDSE) to 'reds1_y_reg[9][2]'
INFO: [Synth 8-3886] merging instance 'reds2_y_reg[9][1]' (FDRE) to 'reds1_y_reg[9][0]'
INFO: [Synth 8-3886] merging instance 'reds2_y_reg[9][2]' (FDRE) to 'reds1_y_reg[9][0]'
INFO: [Synth 8-3886] merging instance 'reds2_y_reg[9][3]' (FDSE) to 'reds1_y_reg[9][2]'
INFO: [Synth 8-3886] merging instance 'reds2_y_reg[9][4]' (FDRE) to 'reds1_y_reg[9][0]'
INFO: [Synth 8-3886] merging instance 'reds2_y_reg[9][9]' (FDRE) to 'reds1_y_reg[9][0]'
INFO: [Synth 8-3886] merging instance 'reds1_y_reg[9][0]' (FDRE) to 'reds1_y_reg[9][1]'
INFO: [Synth 8-3886] merging instance 'reds1_y_reg[9][8]' (FDRE) to 'reds1_y_reg[9][1]'
INFO: [Synth 8-3886] merging instance 'reds1_y_reg[9][7]' (FDRE) to 'reds1_y_reg[9][1]'
INFO: [Synth 8-3886] merging instance 'reds1_y_reg[9][6]' (FDRE) to 'reds1_y_reg[9][1]'
INFO: [Synth 8-3886] merging instance 'reds1_y_reg[9][5]' (FDSE) to 'reds1_y_reg[9][2]'
INFO: [Synth 8-3886] merging instance 'reds1_y_reg[9][1]' (FDRE) to 'reds1_y_reg[9][9]'
INFO: [Synth 8-3886] merging instance 'reds1_y_reg[9][2]' (FDSE) to 'reds1_y_reg[9][3]'
INFO: [Synth 8-3886] merging instance 'reds1_y_reg[9][3]' (FDSE) to 'reds1_y_reg[9][4]'
INFO: [Synth 8-3886] merging instance 'reds1_y_reg[9][4]' (FDSE) to 'blues4_y_reg[9][0]'
INFO: [Synth 8-3886] merging instance 'reds1_y_reg[9][9]' (FDRE) to 'blues4_y_reg[9][2]'
INFO: [Synth 8-3886] merging instance 'blues3_y_reg[9][0]' (FDRE) to 'blues4_y_reg[9][2]'
INFO: [Synth 8-3886] merging instance 'blues3_y_reg[9][8]' (FDRE) to 'blues4_y_reg[9][2]'
INFO: [Synth 8-3886] merging instance 'blues3_y_reg[9][7]' (FDSE) to 'blues4_y_reg[9][0]'
INFO: [Synth 8-3886] merging instance 'blues3_y_reg[9][6]' (FDRE) to 'blues4_y_reg[9][2]'
INFO: [Synth 8-3886] merging instance 'blues3_y_reg[9][5]' (FDRE) to 'blues4_y_reg[9][2]'
INFO: [Synth 8-3886] merging instance 'blues3_y_reg[9][1]' (FDSE) to 'blues4_y_reg[9][0]'
INFO: [Synth 8-3886] merging instance 'blues3_y_reg[9][2]' (FDSE) to 'blues4_y_reg[9][0]'
INFO: [Synth 8-3886] merging instance 'blues3_y_reg[9][3]' (FDRE) to 'blues4_y_reg[9][2]'
INFO: [Synth 8-3886] merging instance 'blues3_y_reg[9][4]' (FDSE) to 'blues4_y_reg[9][0]'
INFO: [Synth 8-3886] merging instance 'blues3_y_reg[9][9]' (FDRE) to 'blues4_y_reg[9][2]'
INFO: [Synth 8-3886] merging instance 'blues4_y_reg[9][0]' (FDSE) to 'blues4_y_reg[9][1]'
INFO: [Synth 8-3886] merging instance 'blues4_y_reg[9][8]' (FDRE) to 'blues4_y_reg[9][2]'
INFO: [Synth 8-3886] merging instance 'blues4_y_reg[9][7]' (FDSE) to 'blues4_y_reg[9][1]'
INFO: [Synth 8-3886] merging instance 'blues4_y_reg[9][6]' (FDSE) to 'blues4_y_reg[9][1]'
INFO: [Common 17-14] Message 'Synth 8-3886' appears 100 times and further instances of the messages will be disabled. Use the Tcl command set_msg_config to change the current settings.
INFO: [Synth 8-3333] propagating constant 1 across sequential element (\blues4_y_reg[9][1] )
INFO: [Synth 8-3333] propagating constant 0 across sequential element (\blues4_y_reg[9][9] )
