GENOME NON_GENOME PIN 499: GENOME NON_GENOME PIN 9
GENOME NON_GENOME PIN 9: GENOME NON_GENOME PIN 499
GENOME NON_GENOME PIN 500: GENOME NON_GENOME PIN 10 GENOME NON_GENOME PIN 20
GENOME NON_GENOME PIN 10: GENOME NON_GENOME PIN 500
GENOME NON_GENOME PIN 501: GENOME NON_GENOME PIN 11 GENOME NON_GENOME PIN 21
GENOME NON_GENOME PIN 11: GENOME NON_GENOME PIN 501
GENOME NON_GENOME PIN 20: GENOME NON_GENOME PIN 500
GENOME NON_GENOME PIN 21: GENOME NON_GENOME PIN 501
GENOME NON_GENOME PIN 472: GENOME NON_GENOME PIN 34 GENOME NON_GENOME PIN 49
GENOME NON_GENOME PIN 34: GENOME NON_GENOME PIN 472
GENOME NON_GENOME PIN 473: GENOME NON_GENOME PIN 35 GENOME NON_GENOME PIN 50
GENOME NON_GENOME PIN 35: GENOME NON_GENOME PIN 473
GENOME NON_GENOME PIN 471: GENOME NON_GENOME PIN 48
GENOME NON_GENOME PIN 48: GENOME NON_GENOME PIN 471
GENOME NON_GENOME PIN 49: GENOME NON_GENOME PIN 472
GENOME NON_GENOME PIN 50: GENOME NON_GENOME PIN 473
GENOME NON_GENOME PIN 63: GENOME NON_GENOME PIN 61
GENOME NON_GENOME PIN 61: GENOME NON_GENOME PIN 63
GENOME NON_GENOME PIN 62: GENOME NON_GENOME PIN 75
GENOME NON_GENOME PIN 75: GENOME NON_GENOME PIN 62
GENOME NON_GENOME PIN 221: GENOME NON_GENOME PIN 80
GENOME NON_GENOME PIN 80: GENOME NON_GENOME PIN 221
GENOME NON_GENOME PIN 117: GENOME NON_GENOME PIN 116
GENOME NON_GENOME PIN 116: GENOME NON_GENOME PIN 117
GENOME NON_GENOME PIN 118: GENOME NON_GENOME PIN 122
GENOME NON_GENOME PIN 122: GENOME NON_GENOME PIN 118
GENOME NON_GENOME PIN 64: GENOME NON_GENOME PIN 134
GENOME NON_GENOME PIN 134: GENOME NON_GENOME PIN 64
GENOME NON_GENOME PIN 155: GENOME NON_GENOME PIN 159
GENOME NON_GENOME PIN 159: GENOME NON_GENOME PIN 155
GENOME NON_GENOME PIN 157: GENOME NON_GENOME PIN 166
GENOME NON_GENOME PIN 166: GENOME NON_GENOME PIN 157
INST gameplay_screen__GB2 PIN 171: INST gameplay_screen__GB1 PIN 10 TYPE 3 INST gameplay_screen__GB0 PIN 1188 TYPE 4
INST gameplay_screen__GB2 PIN 172: INST gameplay_screen__GB1 PIN 11 TYPE 3 INST gameplay_screen__GB0 PIN 1189 TYPE 4 INST gameplay_screen__GB1 PIN 21 TYPE 3 INST gameplay_screen__GB0 PIN 1199 TYPE 4
INST gameplay_screen__GB2 PIN 93: INST gameplay_screen__GB1 PIN 49 TYPE 3 INST gameplay_screen__GB0 PIN 1560 TYPE 4
INST gameplay_screen__GB2 PIN 94: INST gameplay_screen__GB1 PIN 50 TYPE 3 INST gameplay_screen__GB0 PIN 1561 TYPE 4 INST gameplay_screen__GB1 PIN 35 TYPE 3 INST gameplay_screen__GB0 PIN 1571 TYPE 4
INST top_level__GC0 PIN 102: GENOME top_level__GC0 PIN 102 INST top_level__GC0 PIN 38 TYPE 5
INST top_level__GC0 PIN 38: GENOME top_level__GC0 PIN 38
INST top_level__GC0 PIN 103: GENOME top_level__GC0 PIN 103 INST top_level__GC0 PIN 37 TYPE 5
INST top_level__GC0 PIN 37: GENOME top_level__GC0 PIN 37
INST top_level__GC0 PIN 104: GENOME top_level__GC0 PIN 104 INST top_level__GC0 PIN 39 TYPE 5
INST top_level__GC0 PIN 39: GENOME top_level__GC0 PIN 39
GENOME NON_GENOME PIN 38: GENOME NON_GENOME PIN 102
GENOME NON_GENOME PIN 102: GENOME NON_GENOME PIN 38
GENOME NON_GENOME PIN 37: GENOME NON_GENOME PIN 103
GENOME NON_GENOME PIN 103: GENOME NON_GENOME PIN 37
GENOME NON_GENOME PIN 39: GENOME NON_GENOME PIN 104
GENOME NON_GENOME PIN 104: GENOME NON_GENOME PIN 39
INST gameplay_screen__GB1 PIN 10: GENOME gameplay_screen__GB1 PIN 10
INST gameplay_screen__GB1 PIN 11: GENOME gameplay_screen__GB1 PIN 11
INST gameplay_screen__GB1 PIN 21: GENOME gameplay_screen__GB1 PIN 21
INST gameplay_screen__GB1 PIN 35: GENOME gameplay_screen__GB1 PIN 35
INST gameplay_screen__GB1 PIN 49: GENOME gameplay_screen__GB1 PIN 49
INST gameplay_screen__GB1 PIN 50: GENOME gameplay_screen__GB1 PIN 50
