GENOME NON_GENOME PIN 29: GENOME NON_GENOME PIN 18 GENOME NON_GENOME PIN 137
GENOME NON_GENOME PIN 18: GENOME NON_GENOME PIN 29
GENOME NON_GENOME PIN 136: GENOME NON_GENOME PIN 28
GENOME NON_GENOME PIN 28: GENOME NON_GENOME PIN 136
GENOME NON_GENOME PIN 178: GENOME NON_GENOME PIN 52
GENOME NON_GENOME PIN 52: GENOME NON_GENOME PIN 178
GENOME NON_GENOME PIN 53: GENOME NON_GENOME PIN 65 GENOME NON_GENOME PIN 179
GENOME NON_GENOME PIN 65: GENOME NON_GENOME PIN 53
GENOME NON_GENOME PIN 39: GENOME NON_GENOME PIN 75 GENOME NON_GENOME PIN 104
GENOME NON_GENOME PIN 75: GENOME NON_GENOME PIN 39
GENOME NON_GENOME PIN 40: GENOME NON_GENOME PIN 76 GENOME NON_GENOME PIN 110
GENOME NON_GENOME PIN 76: GENOME NON_GENOME PIN 40
GENOME NON_GENOME PIN 99: GENOME NON_GENOME PIN 88 GENOME NON_GENOME PIN 163
GENOME NON_GENOME PIN 88: GENOME NON_GENOME PIN 99
GENOME NON_GENOME PIN 162: GENOME NON_GENOME PIN 98
GENOME NON_GENOME PIN 98: GENOME NON_GENOME PIN 162
GENOME NON_GENOME PIN 110: GENOME NON_GENOME PIN 40
GENOME NON_GENOME PIN 137: GENOME NON_GENOME PIN 29
GENOME NON_GENOME PIN 163: GENOME NON_GENOME PIN 99
GENOME NON_GENOME PIN 179: GENOME NON_GENOME PIN 53
GENOME NON_GENOME PIN 115: GENOME NON_GENOME PIN 195
GENOME NON_GENOME PIN 195: GENOME NON_GENOME PIN 115
GENOME NON_GENOME PIN 77: GENOME NON_GENOME PIN 204
GENOME NON_GENOME PIN 204: GENOME NON_GENOME PIN 77 GENOME NON_GENOME PIN 205 GENOME NON_GENOME PIN 206 GENOME NON_GENOME PIN 207 GENOME NON_GENOME PIN 208 GENOME NON_GENOME PIN 209 GENOME NON_GENOME PIN 210 GENOME NON_GENOME PIN 211 GENOME NON_GENOME PIN 212 GENOME NON_GENOME PIN 213 GENOME NON_GENOME PIN 214 GENOME NON_GENOME PIN 215
GENOME NON_GENOME PIN 119: GENOME NON_GENOME PIN 205
GENOME NON_GENOME PIN 205: GENOME NON_GENOME PIN 119 GENOME NON_GENOME PIN 204
GENOME NON_GENOME PIN 226: GENOME NON_GENOME PIN 216 GENOME NON_GENOME PIN 217
GENOME NON_GENOME PIN 216: GENOME NON_GENOME PIN 226
GENOME NON_GENOME PIN 228: GENOME NON_GENOME PIN 229 GENOME NON_GENOME PIN 230 GENOME NON_GENOME PIN 231 GENOME NON_GENOME PIN 232 GENOME NON_GENOME PIN 233 GENOME NON_GENOME PIN 234 GENOME NON_GENOME PIN 235 GENOME NON_GENOME PIN 236 GENOME NON_GENOME PIN 237 GENOME NON_GENOME PIN 238 GENOME NON_GENOME PIN 239 GENOME NON_GENOME PIN 217
GENOME NON_GENOME PIN 229: GENOME NON_GENOME PIN 228
GENOME NON_GENOME PIN 230: GENOME NON_GENOME PIN 228
GENOME NON_GENOME PIN 231: GENOME NON_GENOME PIN 228
GENOME NON_GENOME PIN 232: GENOME NON_GENOME PIN 228
GENOME NON_GENOME PIN 233: GENOME NON_GENOME PIN 228
GENOME NON_GENOME PIN 234: GENOME NON_GENOME PIN 228
GENOME NON_GENOME PIN 235: GENOME NON_GENOME PIN 228
GENOME NON_GENOME PIN 236: GENOME NON_GENOME PIN 228
GENOME NON_GENOME PIN 237: GENOME NON_GENOME PIN 228
GENOME NON_GENOME PIN 238: GENOME NON_GENOME PIN 228
GENOME NON_GENOME PIN 239: GENOME NON_GENOME PIN 228
GENOME NON_GENOME PIN 240: GENOME NON_GENOME PIN 241 GENOME NON_GENOME PIN 242 GENOME NON_GENOME PIN 243 GENOME NON_GENOME PIN 244 GENOME NON_GENOME PIN 245 GENOME NON_GENOME PIN 246 GENOME NON_GENOME PIN 247 GENOME NON_GENOME PIN 248 GENOME NON_GENOME PIN 249 GENOME NON_GENOME PIN 250 GENOME NON_GENOME PIN 251
GENOME NON_GENOME PIN 241: GENOME NON_GENOME PIN 240 GENOME NON_GENOME PIN 81
GENOME NON_GENOME PIN 242: GENOME NON_GENOME PIN 240
GENOME NON_GENOME PIN 243: GENOME NON_GENOME PIN 240
GENOME NON_GENOME PIN 244: GENOME NON_GENOME PIN 240
GENOME NON_GENOME PIN 245: GENOME NON_GENOME PIN 240
GENOME NON_GENOME PIN 246: GENOME NON_GENOME PIN 240
GENOME NON_GENOME PIN 247: GENOME NON_GENOME PIN 240
GENOME NON_GENOME PIN 248: GENOME NON_GENOME PIN 240
GENOME NON_GENOME PIN 249: GENOME NON_GENOME PIN 240
GENOME NON_GENOME PIN 250: GENOME NON_GENOME PIN 240
GENOME NON_GENOME PIN 251: GENOME NON_GENOME PIN 240
GENOME NON_GENOME PIN 126: GENOME NON_GENOME PIN 13
GENOME NON_GENOME PIN 13: GENOME NON_GENOME PIN 126
GENOME NON_GENOME PIN 82: GENOME NON_GENOME PIN 80
GENOME NON_GENOME PIN 80: GENOME NON_GENOME PIN 82
GENOME NON_GENOME PIN 14: GENOME NON_GENOME PIN 127
GENOME NON_GENOME PIN 127: GENOME NON_GENOME PIN 14
GENOME NON_GENOME PIN 206: GENOME NON_GENOME PIN 204
GENOME NON_GENOME PIN 207: GENOME NON_GENOME PIN 204
GENOME NON_GENOME PIN 208: GENOME NON_GENOME PIN 204
GENOME NON_GENOME PIN 209: GENOME NON_GENOME PIN 204
GENOME NON_GENOME PIN 210: GENOME NON_GENOME PIN 204
GENOME NON_GENOME PIN 211: GENOME NON_GENOME PIN 204
GENOME NON_GENOME PIN 212: GENOME NON_GENOME PIN 204
GENOME NON_GENOME PIN 213: GENOME NON_GENOME PIN 204
GENOME NON_GENOME PIN 214: GENOME NON_GENOME PIN 204
GENOME NON_GENOME PIN 215: GENOME NON_GENOME PIN 204
GENOME NON_GENOME PIN 217: GENOME NON_GENOME PIN 218 GENOME NON_GENOME PIN 219 GENOME NON_GENOME PIN 220 GENOME NON_GENOME PIN 221 GENOME NON_GENOME PIN 222 GENOME NON_GENOME PIN 223 GENOME NON_GENOME PIN 224 GENOME NON_GENOME PIN 225 GENOME NON_GENOME PIN 226 GENOME NON_GENOME PIN 227 GENOME NON_GENOME PIN 228
GENOME NON_GENOME PIN 218: GENOME NON_GENOME PIN 217
GENOME NON_GENOME PIN 219: GENOME NON_GENOME PIN 217
GENOME NON_GENOME PIN 220: GENOME NON_GENOME PIN 217
GENOME NON_GENOME PIN 221: GENOME NON_GENOME PIN 217
GENOME NON_GENOME PIN 222: GENOME NON_GENOME PIN 217
GENOME NON_GENOME PIN 223: GENOME NON_GENOME PIN 217
GENOME NON_GENOME PIN 224: GENOME NON_GENOME PIN 217
GENOME NON_GENOME PIN 225: GENOME NON_GENOME PIN 217
GENOME NON_GENOME PIN 227: GENOME NON_GENOME PIN 217
GENOME NON_GENOME PIN 81: GENOME NON_GENOME PIN 241
INST gameplay_screen__GB2 PIN 14: INST gameplay_screen__GB2 PIN 127 TYPE 2 INST gameplay_screen__GB12 PIN 657 TYPE 4 INST gameplay_screen__GB3 PIN 706 TYPE 4
INST gameplay_screen__GB1 PIN 40: INST gameplay_screen__GB1 PIN 76 TYPE 2 INST gameplay_screen__GB0 PIN 804 TYPE 4
INST gameplay_screen__GB1 PIN 228: INST gameplay_screen__GB1 PIN 229 TYPE 2 INST gameplay_screen__GB4 PIN 580 TYPE 4 INST gameplay_screen__GB1 PIN 230 TYPE 2 INST gameplay_screen__GB4 PIN 581 TYPE 4 INST gameplay_screen__GB1 PIN 231 TYPE 2 INST gameplay_screen__GB4 PIN 582 TYPE 4 INST gameplay_screen__GB1 PIN 232 TYPE 2 INST gameplay_screen__GB4 PIN 583 TYPE 4 INST gameplay_screen__GB1 PIN 233 TYPE 2 INST gameplay_screen__GB4 PIN 584 TYPE 4 INST gameplay_screen__GB1 PIN 234 TYPE 2 INST gameplay_screen__GB4 PIN 585 TYPE 4 INST gameplay_screen__GB1 PIN 235 TYPE 2 INST gameplay_screen__GB4 PIN 586 TYPE 4 INST gameplay_screen__GB1 PIN 236 TYPE 2 INST gameplay_screen__GB4 PIN 587 TYPE 4 INST gameplay_screen__GB1 PIN 237 TYPE 2 INST gameplay_screen__GB4 PIN 588 TYPE 4 INST gameplay_screen__GB1 PIN 238 TYPE 2 INST gameplay_screen__GB4 PIN 589 TYPE 4 INST gameplay_screen__GB1 PIN 239 TYPE 2 INST gameplay_screen__GB4 PIN 590 TYPE 4
INST gameplay_screen__GB1 PIN 240: INST gameplay_screen__GB1 PIN 241 TYPE 2 INST gameplay_screen__GB4 PIN 635 TYPE 4 INST gameplay_screen__GB1 PIN 242 TYPE 2 INST gameplay_screen__GB4 PIN 636 TYPE 4 INST gameplay_screen__GB1 PIN 243 TYPE 2 INST gameplay_screen__GB4 PIN 637 TYPE 4 INST gameplay_screen__GB1 PIN 244 TYPE 2 INST gameplay_screen__GB4 PIN 638 TYPE 4 INST gameplay_screen__GB1 PIN 245 TYPE 2 INST gameplay_screen__GB4 PIN 639 TYPE 4 INST gameplay_screen__GB1 PIN 246 TYPE 2 INST gameplay_screen__GB4 PIN 640 TYPE 4 INST gameplay_screen__GB1 PIN 247 TYPE 2 INST gameplay_screen__GB4 PIN 641 TYPE 4 INST gameplay_screen__GB1 PIN 248 TYPE 2 INST gameplay_screen__GB4 PIN 642 TYPE 4 INST gameplay_screen__GB1 PIN 249 TYPE 2 INST gameplay_screen__GB4 PIN 643 TYPE 4 INST gameplay_screen__GB1 PIN 250 TYPE 2 INST gameplay_screen__GB4 PIN 644 TYPE 4 INST gameplay_screen__GB1 PIN 251 TYPE 2 INST gameplay_screen__GB4 PIN 645 TYPE 4
INST gameplay_screen__GB2 PIN 204: INST gameplay_screen__GB2 PIN 205 TYPE 2 INST gameplay_screen__GB4 PIN 779 TYPE 4 INST gameplay_screen__GB2 PIN 206 TYPE 2 INST gameplay_screen__GB4 PIN 780 TYPE 4 INST gameplay_screen__GB2 PIN 207 TYPE 2 INST gameplay_screen__GB4 PIN 781 TYPE 4 INST gameplay_screen__GB2 PIN 208 TYPE 2 INST gameplay_screen__GB4 PIN 782 TYPE 4 INST gameplay_screen__GB2 PIN 209 TYPE 2 INST gameplay_screen__GB4 PIN 783 TYPE 4 INST gameplay_screen__GB2 PIN 210 TYPE 2 INST gameplay_screen__GB4 PIN 784 TYPE 4 INST gameplay_screen__GB2 PIN 211 TYPE 2 INST gameplay_screen__GB4 PIN 785 TYPE 4 INST gameplay_screen__GB2 PIN 212 TYPE 2 INST gameplay_screen__GB4 PIN 786 TYPE 4 INST gameplay_screen__GB2 PIN 213 TYPE 2 INST gameplay_screen__GB4 PIN 787 TYPE 4 INST gameplay_screen__GB2 PIN 214 TYPE 2 INST gameplay_screen__GB4 PIN 788 TYPE 4 INST gameplay_screen__GB2 PIN 215 TYPE 2 INST gameplay_screen__GB4 PIN 789 TYPE 4
INST gameplay_screen__GB2 PIN 217: INST gameplay_screen__GB2 PIN 218 TYPE 2 INST gameplay_screen__GB4 PIN 803 TYPE 4 INST gameplay_screen__GB2 PIN 219 TYPE 2 INST gameplay_screen__GB4 PIN 804 TYPE 4 INST gameplay_screen__GB2 PIN 220 TYPE 2 INST gameplay_screen__GB4 PIN 805 TYPE 4 INST gameplay_screen__GB2 PIN 221 TYPE 2 INST gameplay_screen__GB4 PIN 806 TYPE 4 INST gameplay_screen__GB2 PIN 222 TYPE 2 INST gameplay_screen__GB4 PIN 807 TYPE 4 INST gameplay_screen__GB2 PIN 223 TYPE 2 INST gameplay_screen__GB4 PIN 808 TYPE 4 INST gameplay_screen__GB2 PIN 224 TYPE 2 INST gameplay_screen__GB4 PIN 809 TYPE 4 INST gameplay_screen__GB2 PIN 225 TYPE 2 INST gameplay_screen__GB4 PIN 810 TYPE 4 INST gameplay_screen__GB2 PIN 226 TYPE 2 INST gameplay_screen__GB4 PIN 811 TYPE 4 INST gameplay_screen__GB2 PIN 227 TYPE 2 INST gameplay_screen__GB4 PIN 812 TYPE 4 INST gameplay_screen__GB2 PIN 228 TYPE 2 INST gameplay_screen__GB4 PIN 813 TYPE 4
INST gameplay_screen__GB1 PIN 53: INST gameplay_screen__GB1 PIN 179 TYPE 2 INST gameplay_screen__GB4 PIN 910 TYPE 4
INST gameplay_screen__GB1 PIN 99: INST gameplay_screen__GB1 PIN 163 TYPE 2 INST gameplay_screen__GB4 PIN 955 TYPE 4
INST gameplay_screen__GB1 PIN 29: INST gameplay_screen__GB1 PIN 137 TYPE 2 INST gameplay_screen__GB4 PIN 1100 TYPE 4
INST gameplay_screen__GB1 PIN 76: GENOME gameplay_screen__GB1 PIN 76
INST gameplay_screen__GB1 PIN 137: GENOME gameplay_screen__GB1 PIN 137
INST gameplay_screen__GB1 PIN 163: GENOME gameplay_screen__GB1 PIN 163
INST gameplay_screen__GB1 PIN 179: GENOME gameplay_screen__GB1 PIN 179
INST gameplay_screen__GB1 PIN 229: GENOME gameplay_screen__GB1 PIN 229
INST gameplay_screen__GB1 PIN 230: GENOME gameplay_screen__GB1 PIN 230
INST gameplay_screen__GB1 PIN 231: GENOME gameplay_screen__GB1 PIN 231
INST gameplay_screen__GB1 PIN 232: GENOME gameplay_screen__GB1 PIN 232
INST gameplay_screen__GB1 PIN 233: GENOME gameplay_screen__GB1 PIN 233
INST gameplay_screen__GB1 PIN 234: GENOME gameplay_screen__GB1 PIN 234
INST gameplay_screen__GB1 PIN 235: GENOME gameplay_screen__GB1 PIN 235
INST gameplay_screen__GB1 PIN 236: GENOME gameplay_screen__GB1 PIN 236
INST gameplay_screen__GB1 PIN 237: GENOME gameplay_screen__GB1 PIN 237
INST gameplay_screen__GB1 PIN 238: GENOME gameplay_screen__GB1 PIN 238
INST gameplay_screen__GB1 PIN 239: GENOME gameplay_screen__GB1 PIN 239
INST gameplay_screen__GB1 PIN 241: GENOME gameplay_screen__GB1 PIN 241
INST gameplay_screen__GB1 PIN 242: GENOME gameplay_screen__GB1 PIN 242
INST gameplay_screen__GB1 PIN 243: GENOME gameplay_screen__GB1 PIN 243
INST gameplay_screen__GB1 PIN 244: GENOME gameplay_screen__GB1 PIN 244
INST gameplay_screen__GB1 PIN 245: GENOME gameplay_screen__GB1 PIN 245
INST gameplay_screen__GB1 PIN 246: GENOME gameplay_screen__GB1 PIN 246
INST gameplay_screen__GB1 PIN 247: GENOME gameplay_screen__GB1 PIN 247
INST gameplay_screen__GB1 PIN 248: GENOME gameplay_screen__GB1 PIN 248
INST gameplay_screen__GB1 PIN 249: GENOME gameplay_screen__GB1 PIN 249
INST gameplay_screen__GB1 PIN 250: GENOME gameplay_screen__GB1 PIN 250
INST gameplay_screen__GB1 PIN 251: GENOME gameplay_screen__GB1 PIN 251
INST gameplay_screen__GB2 PIN 127: GENOME gameplay_screen__GB2 PIN 127
INST gameplay_screen__GB2 PIN 205: GENOME gameplay_screen__GB2 PIN 205
INST gameplay_screen__GB2 PIN 206: GENOME gameplay_screen__GB2 PIN 206
INST gameplay_screen__GB2 PIN 207: GENOME gameplay_screen__GB2 PIN 207
INST gameplay_screen__GB2 PIN 208: GENOME gameplay_screen__GB2 PIN 208
INST gameplay_screen__GB2 PIN 209: GENOME gameplay_screen__GB2 PIN 209
INST gameplay_screen__GB2 PIN 210: GENOME gameplay_screen__GB2 PIN 210
INST gameplay_screen__GB2 PIN 211: GENOME gameplay_screen__GB2 PIN 211
INST gameplay_screen__GB2 PIN 212: GENOME gameplay_screen__GB2 PIN 212
INST gameplay_screen__GB2 PIN 213: GENOME gameplay_screen__GB2 PIN 213
INST gameplay_screen__GB2 PIN 214: GENOME gameplay_screen__GB2 PIN 214
INST gameplay_screen__GB2 PIN 215: GENOME gameplay_screen__GB2 PIN 215
INST gameplay_screen__GB2 PIN 218: GENOME gameplay_screen__GB2 PIN 218
INST gameplay_screen__GB2 PIN 219: GENOME gameplay_screen__GB2 PIN 219
INST gameplay_screen__GB2 PIN 220: GENOME gameplay_screen__GB2 PIN 220
INST gameplay_screen__GB2 PIN 221: GENOME gameplay_screen__GB2 PIN 221
INST gameplay_screen__GB2 PIN 222: GENOME gameplay_screen__GB2 PIN 222
INST gameplay_screen__GB2 PIN 223: GENOME gameplay_screen__GB2 PIN 223
INST gameplay_screen__GB2 PIN 224: GENOME gameplay_screen__GB2 PIN 224
INST gameplay_screen__GB2 PIN 225: GENOME gameplay_screen__GB2 PIN 225
INST gameplay_screen__GB2 PIN 226: GENOME gameplay_screen__GB2 PIN 226
INST gameplay_screen__GB2 PIN 227: GENOME gameplay_screen__GB2 PIN 227
INST gameplay_screen__GB2 PIN 228: GENOME gameplay_screen__GB2 PIN 228
INST top_level__GC0 PIN 102: GENOME top_level__GC0 PIN 102 INST top_level__GC0 PIN 38 TYPE 5
INST top_level__GC0 PIN 38: GENOME top_level__GC0 PIN 38
INST top_level__GC0 PIN 103: GENOME top_level__GC0 PIN 103 INST top_level__GC0 PIN 37 TYPE 5
INST top_level__GC0 PIN 37: GENOME top_level__GC0 PIN 37
INST top_level__GC0 PIN 104: GENOME top_level__GC0 PIN 104 INST top_level__GC0 PIN 39 TYPE 5
INST top_level__GC0 PIN 39: GENOME top_level__GC0 PIN 39
GENOME NON_GENOME PIN 38: GENOME NON_GENOME PIN 102
GENOME NON_GENOME PIN 102: GENOME NON_GENOME PIN 38
GENOME NON_GENOME PIN 37: GENOME NON_GENOME PIN 103
GENOME NON_GENOME PIN 103: GENOME NON_GENOME PIN 37
GENOME NON_GENOME PIN 104: GENOME NON_GENOME PIN 39
