GENOME NON_GENOME PIN 112: GENOME NON_GENOME PIN 16
GENOME NON_GENOME PIN 16: GENOME NON_GENOME PIN 112
GENOME NON_GENOME PIN 482: GENOME NON_GENOME PIN 24
GENOME NON_GENOME PIN 24: GENOME NON_GENOME PIN 482
GENOME NON_GENOME PIN 483: GENOME NON_GENOME PIN 25 GENOME NON_GENOME PIN 36
GENOME NON_GENOME PIN 25: GENOME NON_GENOME PIN 483
GENOME NON_GENOME PIN 484: GENOME NON_GENOME PIN 26 GENOME NON_GENOME PIN 37
GENOME NON_GENOME PIN 26: GENOME NON_GENOME PIN 484
GENOME NON_GENOME PIN 36: GENOME NON_GENOME PIN 483
GENOME NON_GENOME PIN 37: GENOME NON_GENOME PIN 484 GENOME NON_GENOME PIN 103
GENOME NON_GENOME PIN 498: GENOME NON_GENOME PIN 46
GENOME NON_GENOME PIN 46: GENOME NON_GENOME PIN 498
GENOME NON_GENOME PIN 499: GENOME NON_GENOME PIN 47 GENOME NON_GENOME PIN 57
GENOME NON_GENOME PIN 47: GENOME NON_GENOME PIN 499
GENOME NON_GENOME PIN 500: GENOME NON_GENOME PIN 48 GENOME NON_GENOME PIN 58
GENOME NON_GENOME PIN 48: GENOME NON_GENOME PIN 500
GENOME NON_GENOME PIN 57: GENOME NON_GENOME PIN 499
GENOME NON_GENOME PIN 58: GENOME NON_GENOME PIN 500
GENOME NON_GENOME PIN 532: GENOME NON_GENOME PIN 98
GENOME NON_GENOME PIN 98: GENOME NON_GENOME PIN 532
GENOME NON_GENOME PIN 533: GENOME NON_GENOME PIN 99 GENOME NON_GENOME PIN 121
GENOME NON_GENOME PIN 99: GENOME NON_GENOME PIN 533
GENOME NON_GENOME PIN 534: GENOME NON_GENOME PIN 100 GENOME NON_GENOME PIN 122
GENOME NON_GENOME PIN 100: GENOME NON_GENOME PIN 534
GENOME NON_GENOME PIN 121: GENOME NON_GENOME PIN 533
GENOME NON_GENOME PIN 122: GENOME NON_GENOME PIN 534
GENOME NON_GENOME PIN 347: GENOME NON_GENOME PIN 172
GENOME NON_GENOME PIN 172: GENOME NON_GENOME PIN 347
GENOME NON_GENOME PIN 371: GENOME NON_GENOME PIN 177
GENOME NON_GENOME PIN 177: GENOME NON_GENOME PIN 371
GENOME NON_GENOME PIN 370: GENOME NON_GENOME PIN 178
GENOME NON_GENOME PIN 178: GENOME NON_GENOME PIN 370
GENOME NON_GENOME PIN 369: GENOME NON_GENOME PIN 180
GENOME NON_GENOME PIN 180: GENOME NON_GENOME PIN 369 GENOME NON_GENOME PIN 50
GENOME NON_GENOME PIN 20: GENOME NON_GENOME PIN 9
GENOME NON_GENOME PIN 9: GENOME NON_GENOME PIN 20
GENOME NON_GENOME PIN 10: GENOME NON_GENOME PIN 21 GENOME NON_GENOME PIN 32
GENOME NON_GENOME PIN 21: GENOME NON_GENOME PIN 10
GENOME NON_GENOME PIN 32: GENOME NON_GENOME PIN 10
GENOME NON_GENOME PIN 50: GENOME NON_GENOME PIN 180
GENOME NON_GENOME PIN 51: GENOME NON_GENOME PIN 62 GENOME NON_GENOME PIN 181
GENOME NON_GENOME PIN 62: GENOME NON_GENOME PIN 51
GENOME NON_GENOME PIN 73: GENOME NON_GENOME PIN 84
GENOME NON_GENOME PIN 84: GENOME NON_GENOME PIN 73
GENOME NON_GENOME PIN 95: GENOME NON_GENOME PIN 106
GENOME NON_GENOME PIN 106: GENOME NON_GENOME PIN 95
GENOME NON_GENOME PIN 135: GENOME NON_GENOME PIN 136 GENOME NON_GENOME PIN 137 GENOME NON_GENOME PIN 138
GENOME NON_GENOME PIN 136: GENOME NON_GENOME PIN 135
GENOME NON_GENOME PIN 137: GENOME NON_GENOME PIN 135
GENOME NON_GENOME PIN 138: GENOME NON_GENOME PIN 135
GENOME NON_GENOME PIN 147: GENOME NON_GENOME PIN 148 GENOME NON_GENOME PIN 149 GENOME NON_GENOME PIN 150
GENOME NON_GENOME PIN 148: GENOME NON_GENOME PIN 147
GENOME NON_GENOME PIN 149: GENOME NON_GENOME PIN 147
GENOME NON_GENOME PIN 150: GENOME NON_GENOME PIN 147
GENOME NON_GENOME PIN 181: GENOME NON_GENOME PIN 51
INST gameplay_screen__GB12 PIN 10: INST gameplay_screen__GB12 PIN 21 TYPE 2 INST gameplay_screen__GB10 PIN 643 TYPE 4
INST gameplay_screen__GB12 PIN 51: INST gameplay_screen__GB12 PIN 181 TYPE 2 INST gameplay_screen__GB10 PIN 685 TYPE 4
INST gameplay_screen__GB7 PIN 502: INST gameplay_screen__GB2 PIN 25 TYPE 3 INST gameplay_screen__GB1 PIN 704 TYPE 4
INST gameplay_screen__GB7 PIN 503: INST gameplay_screen__GB2 PIN 26 TYPE 3 INST gameplay_screen__GB1 PIN 705 TYPE 4 INST gameplay_screen__GB2 PIN 37 TYPE 3 INST gameplay_screen__GB1 PIN 715 TYPE 4
INST gameplay_screen__GB3 PIN 133: INST gameplay_screen__GB2 PIN 58 TYPE 3 INST gameplay_screen__GB1 PIN 1379 TYPE 4 INST gameplay_screen__GB2 PIN 48 TYPE 3 INST gameplay_screen__GB1 PIN 1399 TYPE 4
INST gameplay_screen__GB3 PIN 132: INST gameplay_screen__GB2 PIN 47 TYPE 3 INST gameplay_screen__GB1 PIN 1398 TYPE 4
INST gameplay_screen__GB3 PIN 167: INST gameplay_screen__GB2 PIN 99 TYPE 3 INST gameplay_screen__GB1 PIN 1456 TYPE 4
INST gameplay_screen__GB3 PIN 168: INST gameplay_screen__GB2 PIN 100 TYPE 3 INST gameplay_screen__GB1 PIN 1457 TYPE 4 INST gameplay_screen__GB2 PIN 122 TYPE 3 INST gameplay_screen__GB1 PIN 1470 TYPE 4
INST gameplay_screen__GB12 PIN 127: INST gameplay_screen__GB3 PIN 774 TYPE 0 GENOME gameplay_screen__GB12 PIN 127
INST gameplay_screen__GB12 PIN 128: INST gameplay_screen__GB3 PIN 775 TYPE 0 GENOME gameplay_screen__GB12 PIN 128
INST gameplay_screen__GB12 PIN 129: INST gameplay_screen__GB3 PIN 776 TYPE 0 GENOME gameplay_screen__GB12 PIN 129
INST gameplay_screen__GB12 PIN 130: INST gameplay_screen__GB3 PIN 777 TYPE 0 GENOME gameplay_screen__GB12 PIN 130
INST gameplay_screen__GB12 PIN 131: INST gameplay_screen__GB3 PIN 778 TYPE 0 GENOME gameplay_screen__GB12 PIN 131
INST gameplay_screen__GB12 PIN 132: INST gameplay_screen__GB3 PIN 779 TYPE 0 GENOME gameplay_screen__GB12 PIN 132
INST gameplay_screen__GB12 PIN 133: INST gameplay_screen__GB3 PIN 780 TYPE 0 GENOME gameplay_screen__GB12 PIN 133
INST gameplay_screen__GB12 PIN 134: INST gameplay_screen__GB3 PIN 781 TYPE 0 GENOME gameplay_screen__GB12 PIN 134
INST gameplay_screen__GB12 PIN 135: INST gameplay_screen__GB12 PIN 136 TYPE 2 INST gameplay_screen__GB3 PIN 783 TYPE 4 INST gameplay_screen__GB12 PIN 137 TYPE 2 INST gameplay_screen__GB3 PIN 784 TYPE 4 INST gameplay_screen__GB12 PIN 138 TYPE 2 INST gameplay_screen__GB3 PIN 785 TYPE 4
INST gameplay_screen__GB12 PIN 139: INST gameplay_screen__GB3 PIN 798 TYPE 0 GENOME gameplay_screen__GB12 PIN 139
INST gameplay_screen__GB12 PIN 140: INST gameplay_screen__GB3 PIN 799 TYPE 0 GENOME gameplay_screen__GB12 PIN 140
INST gameplay_screen__GB12 PIN 141: INST gameplay_screen__GB3 PIN 800 TYPE 0 GENOME gameplay_screen__GB12 PIN 141
INST gameplay_screen__GB12 PIN 142: INST gameplay_screen__GB3 PIN 801 TYPE 0 GENOME gameplay_screen__GB12 PIN 142
INST gameplay_screen__GB12 PIN 143: INST gameplay_screen__GB3 PIN 802 TYPE 0 GENOME gameplay_screen__GB12 PIN 143
INST gameplay_screen__GB12 PIN 144: INST gameplay_screen__GB3 PIN 803 TYPE 0 GENOME gameplay_screen__GB12 PIN 144
INST gameplay_screen__GB12 PIN 145: INST gameplay_screen__GB3 PIN 804 TYPE 0 GENOME gameplay_screen__GB12 PIN 145
INST gameplay_screen__GB12 PIN 146: INST gameplay_screen__GB3 PIN 805 TYPE 0 GENOME gameplay_screen__GB12 PIN 146
INST gameplay_screen__GB12 PIN 147: INST gameplay_screen__GB12 PIN 148 TYPE 2 INST gameplay_screen__GB3 PIN 807 TYPE 4 INST gameplay_screen__GB12 PIN 149 TYPE 2 INST gameplay_screen__GB3 PIN 808 TYPE 4 INST gameplay_screen__GB12 PIN 150 TYPE 2 INST gameplay_screen__GB3 PIN 809 TYPE 4
INST gameplay_screen__GB12 PIN 21: GENOME gameplay_screen__GB12 PIN 21
INST gameplay_screen__GB12 PIN 136: GENOME gameplay_screen__GB12 PIN 136
INST gameplay_screen__GB12 PIN 137: GENOME gameplay_screen__GB12 PIN 137
INST gameplay_screen__GB12 PIN 138: GENOME gameplay_screen__GB12 PIN 138
INST gameplay_screen__GB12 PIN 148: GENOME gameplay_screen__GB12 PIN 148
INST gameplay_screen__GB12 PIN 149: GENOME gameplay_screen__GB12 PIN 149
INST gameplay_screen__GB12 PIN 150: GENOME gameplay_screen__GB12 PIN 150
INST gameplay_screen__GB12 PIN 181: GENOME gameplay_screen__GB12 PIN 181
INST gameplay_screen__GB2 PIN 25: GENOME gameplay_screen__GB2 PIN 25
INST gameplay_screen__GB2 PIN 26: GENOME gameplay_screen__GB2 PIN 26
INST gameplay_screen__GB2 PIN 37: GENOME gameplay_screen__GB2 PIN 37
INST gameplay_screen__GB2 PIN 47: GENOME gameplay_screen__GB2 PIN 47
INST gameplay_screen__GB2 PIN 48: GENOME gameplay_screen__GB2 PIN 48
INST gameplay_screen__GB2 PIN 58: GENOME gameplay_screen__GB2 PIN 58
INST gameplay_screen__GB2 PIN 99: GENOME gameplay_screen__GB2 PIN 99
INST gameplay_screen__GB2 PIN 100: GENOME gameplay_screen__GB2 PIN 100
INST gameplay_screen__GB2 PIN 122: GENOME gameplay_screen__GB2 PIN 122
INST top_level__GC0 PIN 102: GENOME top_level__GC0 PIN 102 INST top_level__GC0 PIN 38 TYPE 5
INST top_level__GC0 PIN 38: GENOME top_level__GC0 PIN 38
INST top_level__GC0 PIN 103: GENOME top_level__GC0 PIN 103 INST top_level__GC0 PIN 37 TYPE 5
INST top_level__GC0 PIN 37: GENOME top_level__GC0 PIN 37
INST top_level__GC0 PIN 104: GENOME top_level__GC0 PIN 104 INST top_level__GC0 PIN 39 TYPE 5
INST top_level__GC0 PIN 39: GENOME top_level__GC0 PIN 39
GENOME NON_GENOME PIN 38: GENOME NON_GENOME PIN 102
GENOME NON_GENOME PIN 102: GENOME NON_GENOME PIN 38
GENOME NON_GENOME PIN 103: GENOME NON_GENOME PIN 37
GENOME NON_GENOME PIN 39: GENOME NON_GENOME PIN 104
GENOME NON_GENOME PIN 104: GENOME NON_GENOME PIN 39
