xilinx rtfpga
INFO: [Synth 8-3886] merging instance 'blues2_y_reg[9][0]' (FDRE) to 'blues0_y_reg[9][0]'
INFO: [Synth 8-3886] merging instance 'blues0_y_reg[9][0]' (FDRE) to 'blues0_y_reg[9][2]'
INFO: [Synth 8-3886] merging instance 'blues2_y_reg[9][8]' (FDRE) to 'blues0_y_reg[9][2]'
INFO: [Synth 8-3886] merging instance 'blues2_y_reg[9][7]' (FDRE) to 'blues0_y_reg[9][2]'
INFO: [Synth 8-3886] merging instance 'blues2_y_reg[9][6]' (FDSE) to 'blues0_y_reg[9][1]'
INFO: [Synth 8-3886] merging instance 'blues2_y_reg[9][5]' (FDSE) to 'blues0_y_reg[9][1]'
INFO: [Synth 8-3886] merging instance 'blues2_y_reg[9][1]' (FDRE) to 'blues0_y_reg[9][2]'
INFO: [Synth 8-3886] merging instance 'blues2_y_reg[9][2]' (FDSE) to 'blues0_y_reg[9][1]'
INFO: [Synth 8-3886] merging instance 'blues2_y_reg[9][3]' (FDRE) to 'blues0_y_reg[9][2]'
INFO: [Synth 8-3886] merging instance 'blues2_y_reg[9][4]' (FDRE) to 'blues0_y_reg[9][2]'
INFO: [Synth 8-3886] merging instance 'blues2_y_reg[9][9]' (FDRE) to 'blues0_y_reg[9][2]'
INFO: [Synth 8-3886] merging instance 'blues0_y_reg[9][8]' (FDRE) to 'blues0_y_reg[9][2]'
INFO: [Synth 8-3886] merging instance 'blues0_y_reg[9][7]' (FDRE) to 'blues0_y_reg[9][2]'
INFO: [Synth 8-3886] merging instance 'blues0_y_reg[9][6]' (FDRE) to 'blues0_y_reg[9][2]'
INFO: [Synth 8-3886] merging instance 'blues0_y_reg[9][5]' (FDRE) to 'blues0_y_reg[9][2]'
INFO: [Synth 8-3886] merging instance 'blues0_y_reg[9][1]' (FDSE) to 'blues0_y_reg[9][3]'
INFO: [Synth 8-3886] merging instance 'blues0_y_reg[9][2]' (FDRE) to 'blues0_y_reg[9][4]'
INFO: [Synth 8-3333] propagating constant 1 across sequential element (\blues0_y_reg[9][3] )
INFO: [Synth 8-3886] merging instance 'blues0_y_reg[9][4]' (FDRE) to 'blues0_y_reg[9][9]'
INFO: [Synth 8-3333] propagating constant 0 across sequential element (\blues0_y_reg[9][9] )
CRITICAL WARNING: [Synth 8-6859] multi-driven net on pin Q with 1st driver pin 'gameover_out_reg/Q' [Z:/iap_project/iap_project.srcs/sources_1/new/gameplay.sv:97]
CRITICAL WARNING: [Synth 8-6859] multi-driven net on pin Q with 2nd driver pin 'GND' [Z:/iap_project/iap_project.srcs/sources_1/new/gameplay.sv:97]
CRITICAL WARNING: [Synth 8-6858] multi-driven net Q is connected to at least one constant driver which has been preserved, other driver is ignored [Z:/iap_project/iap_project.srcs/sources_1/new/gameplay.sv:97]
