xilinx rtfpga
INFO: [Synth 8-3886] merging instance 'reds0_x_reg[0][0]' (FDRE) to 'blues0_x_reg[0][4]'
INFO: [Synth 8-3886] merging instance 'reds0_x_reg[0][9]' (FDRE) to 'blues0_x_reg[0][4]'
INFO: [Synth 8-3886] merging instance 'reds0_x_reg[0][8]' (FDRE) to 'blues0_x_reg[0][4]'
INFO: [Synth 8-3886] merging instance 'reds0_x_reg[0][7]' (FDRE) to 'blues0_x_reg[0][4]'
INFO: [Synth 8-3886] merging instance 'reds0_x_reg[0][6]' (FDRE) to 'blues0_x_reg[0][4]'
INFO: [Synth 8-3886] merging instance 'reds0_x_reg[0][5]' (FDSE) to 'blues0_x_reg[0][0]'
INFO: [Synth 8-3886] merging instance 'reds0_x_reg[0][1]' (FDRE) to 'blues0_x_reg[0][4]'
INFO: [Synth 8-3886] merging instance 'reds0_x_reg[0][2]' (FDSE) to 'blues0_x_reg[0][0]'
INFO: [Synth 8-3886] merging instance 'reds0_x_reg[0][3]' (FDSE) to 'blues0_x_reg[0][0]'
INFO: [Synth 8-3886] merging instance 'reds0_x_reg[0][4]' (FDSE) to 'blues0_x_reg[0][0]'
INFO: [Synth 8-3886] merging instance 'reds0_x_reg[0][10]' (FDRE) to 'blues0_x_reg[0][4]'
INFO: [Synth 8-3886] merging instance 'blues0_x_reg[0][0]' (FDSE) to 'blues0_x_reg[0][1]'
INFO: [Synth 8-3886] merging instance 'blues0_x_reg[0][9]' (FDRE) to 'blues0_x_reg[0][4]'
INFO: [Synth 8-3886] merging instance 'blues0_x_reg[0][8]' (FDRE) to 'blues0_x_reg[0][4]'
INFO: [Synth 8-3886] merging instance 'blues0_x_reg[0][7]' (FDRE) to 'blues0_x_reg[0][4]'
INFO: [Synth 8-3886] merging instance 'blues0_x_reg[0][6]' (FDRE) to 'blues0_x_reg[0][4]'
INFO: [Synth 8-3886] merging instance 'blues0_x_reg[0][5]' (FDRE) to 'blues0_x_reg[0][4]'
INFO: [Synth 8-3886] merging instance 'blues0_x_reg[0][1]' (FDSE) to 'blues0_x_reg[0][2]'
INFO: [Synth 8-3886] merging instance 'blues0_x_reg[0][2]' (FDSE) to 'blues0_x_reg[0][3]'
INFO: [Synth 8-3886] merging instance 'blues0_x_reg[0][3]' (FDSE) to 'blues0_x_reg[2][0]'
INFO: [Synth 8-3886] merging instance 'blues0_x_reg[0][4]' (FDRE) to 'blues0_x_reg[0][10]'
INFO: [Synth 8-3886] merging instance 'blues0_x_reg[0][10]' (FDRE) to 'blues0_x_reg[2][2]'
INFO: [Synth 8-3886] merging instance 'reds0_x_reg[1][0]' (FDRE) to 'blues0_x_reg[2][2]'
INFO: [Synth 8-3886] merging instance 'reds0_x_reg[1][9]' (FDRE) to 'blues0_x_reg[2][2]'
INFO: [Synth 8-3886] merging instance 'reds0_x_reg[1][8]' (FDRE) to 'blues0_x_reg[2][2]'
INFO: [Synth 8-3886] merging instance 'reds0_x_reg[1][7]' (FDSE) to 'blues0_x_reg[2][0]'
INFO: [Synth 8-3886] merging instance 'reds0_x_reg[1][6]' (FDRE) to 'blues0_x_reg[2][2]'
INFO: [Synth 8-3886] merging instance 'reds0_x_reg[1][5]' (FDRE) to 'blues0_x_reg[2][2]'
INFO: [Synth 8-3886] merging instance 'reds0_x_reg[1][1]' (FDSE) to 'blues0_x_reg[2][0]'
INFO: [Synth 8-3886] merging instance 'reds0_x_reg[1][2]' (FDSE) to 'blues0_x_reg[2][0]'
INFO: [Synth 8-3886] merging instance 'reds0_x_reg[1][3]' (FDRE) to 'blues0_x_reg[2][2]'
INFO: [Synth 8-3886] merging instance 'reds0_x_reg[1][4]' (FDSE) to 'blues0_x_reg[2][0]'
INFO: [Synth 8-3886] merging instance 'reds0_x_reg[1][10]' (FDRE) to 'blues0_x_reg[2][2]'
INFO: [Synth 8-3886] merging instance 'blues0_x_reg[2][0]' (FDSE) to 'blues0_x_reg[2][1]'
INFO: [Synth 8-3886] merging instance 'blues0_x_reg[2][9]' (FDRE) to 'blues0_x_reg[2][2]'
INFO: [Synth 8-3886] merging instance 'blues0_x_reg[2][8]' (FDRE) to 'blues0_x_reg[2][2]'
INFO: [Synth 8-3886] merging instance 'blues0_x_reg[2][7]' (FDSE) to 'blues0_x_reg[2][1]'
INFO: [Synth 8-3886] merging instance 'blues0_x_reg[2][6]' (FDSE) to 'blues0_x_reg[2][1]'
INFO: [Synth 8-3886] merging instance 'blues0_x_reg[2][5]' (FDRE) to 'blues0_x_reg[2][2]'
INFO: [Synth 8-3886] merging instance 'blues0_x_reg[2][1]' (FDSE) to 'reds0_x_reg[4][2]'
INFO: [Synth 8-3886] merging instance 'blues0_x_reg[2][2]' (FDRE) to 'blues0_x_reg[2][3]'
INFO: [Synth 8-3886] merging instance 'blues0_x_reg[2][3]' (FDRE) to 'blues0_x_reg[2][4]'
INFO: [Synth 8-3886] merging instance 'blues0_x_reg[2][4]' (FDRE) to 'blues0_x_reg[2][10]'
INFO: [Synth 8-3886] merging instance 'blues0_x_reg[2][10]' (FDRE) to 'reds0_x_reg[4][0]'
INFO: [Synth 8-3886] merging instance 'reds0_x_reg[3][0]' (FDRE) to 'reds0_x_reg[4][0]'
INFO: [Synth 8-3886] merging instance 'reds0_x_reg[3][9]' (FDRE) to 'reds0_x_reg[4][0]'
INFO: [Synth 8-3886] merging instance 'reds0_x_reg[3][8]' (FDSE) to 'reds0_x_reg[4][2]'
INFO: [Synth 8-3886] merging instance 'reds0_x_reg[3][7]' (FDRE) to 'reds0_x_reg[4][0]'
INFO: [Synth 8-3886] merging instance 'reds0_x_reg[3][6]' (FDSE) to 'reds0_x_reg[4][2]'
INFO: [Synth 8-3886] merging instance 'reds0_x_reg[3][5]' (FDRE) to 'reds0_x_reg[4][0]'
INFO: [Synth 8-3886] merging instance 'reds0_x_reg[3][1]' (FDSE) to 'reds0_x_reg[4][2]'
INFO: [Synth 8-3886] merging instance 'reds0_x_reg[3][2]' (FDRE) to 'reds0_x_reg[4][0]'
INFO: [Synth 8-3886] merging instance 'reds0_x_reg[3][3]' (FDSE) to 'reds0_x_reg[4][2]'
INFO: [Synth 8-3886] merging instance 'reds0_x_reg[3][4]' (FDRE) to 'reds0_x_reg[4][0]'
INFO: [Synth 8-3886] merging instance 'reds0_x_reg[3][10]' (FDRE) to 'reds0_x_reg[4][0]'
INFO: [Synth 8-3886] merging instance 'reds0_x_reg[4][0]' (FDRE) to 'reds0_x_reg[4][1]'
INFO: [Synth 8-3886] merging instance 'reds0_x_reg[4][9]' (FDRE) to 'reds0_x_reg[4][1]'
INFO: [Synth 8-3886] merging instance 'reds0_x_reg[4][8]' (FDSE) to 'reds0_x_reg[4][2]'
INFO: [Synth 8-3886] merging instance 'reds0_x_reg[4][7]' (FDSE) to 'reds0_x_reg[4][2]'
INFO: [Synth 8-3886] merging instance 'reds0_x_reg[4][6]' (FDRE) to 'reds0_x_reg[4][1]'
INFO: [Synth 8-3886] merging instance 'reds0_x_reg[4][5]' (FDSE) to 'reds0_x_reg[4][2]'
INFO: [Synth 8-3886] merging instance 'reds0_x_reg[4][1]' (FDRE) to 'reds0_x_reg[4][3]'
INFO: [Synth 8-3886] merging instance 'reds0_x_reg[4][2]' (FDSE) to 'reds0_x_reg[6][3]'
INFO: [Synth 8-3886] merging instance 'reds0_x_reg[4][3]' (FDRE) to 'reds0_x_reg[4][4]'
INFO: [Synth 8-3886] merging instance 'reds0_x_reg[4][4]' (FDRE) to 'reds0_x_reg[4][10]'
INFO: [Synth 8-3886] merging instance 'reds0_x_reg[4][10]' (FDRE) to 'reds0_x_reg[6][0]'
INFO: [Synth 8-3886] merging instance 'reds0_x_reg[5][0]' (FDRE) to 'reds0_x_reg[6][0]'
INFO: [Synth 8-3886] merging instance 'reds0_x_reg[5][9]' (FDRE) to 'reds0_x_reg[6][0]'
INFO: [Synth 8-3886] merging instance 'reds0_x_reg[5][8]' (FDSE) to 'reds0_x_reg[6][3]'
INFO: [Synth 8-3886] merging instance 'reds0_x_reg[5][7]' (FDSE) to 'reds0_x_reg[6][3]'
INFO: [Synth 8-3886] merging instance 'reds0_x_reg[5][6]' (FDSE) to 'reds0_x_reg[6][3]'
INFO: [Synth 8-3886] merging instance 'reds0_x_reg[5][5]' (FDSE) to 'reds0_x_reg[6][3]'
INFO: [Synth 8-3886] merging instance 'reds0_x_reg[5][1]' (FDSE) to 'reds0_x_reg[6][3]'
INFO: [Synth 8-3886] merging instance 'reds0_x_reg[5][2]' (FDSE) to 'reds0_x_reg[6][3]'
INFO: [Synth 8-3886] merging instance 'reds0_x_reg[5][3]' (FDSE) to 'reds0_x_reg[6][3]'
INFO: [Synth 8-3886] merging instance 'reds0_x_reg[5][4]' (FDSE) to 'reds0_x_reg[6][3]'
INFO: [Synth 8-3886] merging instance 'reds0_x_reg[5][10]' (FDRE) to 'reds0_x_reg[6][0]'
INFO: [Synth 8-3886] merging instance 'reds0_x_reg[6][0]' (FDRE) to 'reds0_x_reg[6][1]'
INFO: [Synth 8-3886] merging instance 'reds0_x_reg[6][9]' (FDSE) to 'reds0_x_reg[6][3]'
INFO: [Synth 8-3886] merging instance 'reds0_x_reg[6][8]' (FDRE) to 'reds0_x_reg[6][1]'
INFO: [Synth 8-3886] merging instance 'reds0_x_reg[6][7]' (FDRE) to 'reds0_x_reg[6][1]'
INFO: [Synth 8-3886] merging instance 'reds0_x_reg[6][6]' (FDSE) to 'reds0_x_reg[6][3]'
INFO: [Synth 8-3886] merging instance 'reds0_x_reg[6][5]' (FDRE) to 'reds0_x_reg[6][1]'
INFO: [Synth 8-3886] merging instance 'reds0_x_reg[6][1]' (FDRE) to 'reds0_x_reg[6][2]'
INFO: [Synth 8-3886] merging instance 'reds0_x_reg[6][2]' (FDRE) to 'reds0_x_reg[6][10]'
INFO: [Synth 8-3886] merging instance 'reds0_x_reg[6][3]' (FDSE) to 'reds0_x_reg[6][4]'
INFO: [Synth 8-3886] merging instance 'reds0_x_reg[6][4]' (FDSE) to 'blues0_x_reg[7][0]'
INFO: [Synth 8-3886] merging instance 'reds0_x_reg[6][10]' (FDRE) to 'blues0_x_reg[7][1]'
INFO: [Synth 8-3886] merging instance 'reds0_x_reg[7][0]' (FDRE) to 'blues0_x_reg[7][1]'
INFO: [Synth 8-3886] merging instance 'reds0_x_reg[7][9]' (FDSE) to 'blues0_x_reg[7][0]'
INFO: [Synth 8-3886] merging instance 'reds0_x_reg[7][8]' (FDRE) to 'blues0_x_reg[7][1]'
INFO: [Synth 8-3886] merging instance 'reds0_x_reg[7][7]' (FDSE) to 'blues0_x_reg[7][0]'
INFO: [Synth 8-3886] merging instance 'reds0_x_reg[7][6]' (FDRE) to 'blues0_x_reg[7][1]'
INFO: [Synth 8-3886] merging instance 'reds0_x_reg[7][5]' (FDSE) to 'blues0_x_reg[7][0]'
INFO: [Synth 8-3886] merging instance 'reds0_x_reg[7][1]' (FDSE) to 'blues0_x_reg[7][0]'
INFO: [Synth 8-3886] merging instance 'reds0_x_reg[7][2]' (FDRE) to 'blues0_x_reg[7][1]'
INFO: [Synth 8-3886] merging instance 'reds0_x_reg[7][3]' (FDRE) to 'blues0_x_reg[7][1]'
INFO: [Synth 8-3886] merging instance 'reds0_x_reg[7][4]' (FDSE) to 'blues0_x_reg[7][0]'
INFO: [Synth 8-3886] merging instance 'reds0_x_reg[7][10]' (FDRE) to 'blues0_x_reg[7][1]'
INFO: [Synth 8-3886] merging instance 'blues0_x_reg[7][0]' (FDSE) to 'blues0_x_reg[7][2]'
INFO: [Common 17-14] Message 'Synth 8-3886' appears 100 times and further instances of the messages will be disabled. Use the Tcl command set_msg_config to change the current settings.
INFO: [Synth 8-3333] propagating constant 1 across sequential element (\blues0_x_reg[9][4] )
INFO: [Synth 8-3333] propagating constant 0 across sequential element (\blues0_x_reg[9][10] )
INFO: [Synth 8-3333] propagating constant 0 across sequential element (\shot_x_reg[19][0] )
INFO: [Synth 8-3333] propagating constant 0 across sequential element (\shot_x_reg[0][0] )
INFO: [Synth 8-3333] propagating constant 0 across sequential element (\shot_x_reg[1][0] )
INFO: [Synth 8-3333] propagating constant 0 across sequential element (\shot_x_reg[2][0] )
INFO: [Synth 8-3333] propagating constant 0 across sequential element (\shot_x_reg[3][0] )
INFO: [Synth 8-3333] propagating constant 0 across sequential element (\shot_x_reg[4][0] )
INFO: [Synth 8-3333] propagating constant 0 across sequential element (\shot_x_reg[5][0] )
INFO: [Synth 8-3333] propagating constant 0 across sequential element (\shot_x_reg[6][0] )
INFO: [Synth 8-3333] propagating constant 0 across sequential element (\shot_x_reg[7][0] )
INFO: [Synth 8-3333] propagating constant 0 across sequential element (\shot_x_reg[8][0] )
INFO: [Synth 8-3333] propagating constant 0 across sequential element (\shot_x_reg[9][0] )
INFO: [Synth 8-3333] propagating constant 0 across sequential element (\shot_x_reg[10][0] )
INFO: [Synth 8-3333] propagating constant 0 across sequential element (\shot_x_reg[11][0] )
INFO: [Synth 8-3333] propagating constant 0 across sequential element (\shot_x_reg[12][0] )
INFO: [Synth 8-3333] propagating constant 0 across sequential element (\shot_x_reg[13][0] )
INFO: [Synth 8-3333] propagating constant 0 across sequential element (\shot_x_reg[14][0] )
INFO: [Synth 8-3333] propagating constant 0 across sequential element (\shot_x_reg[15][0] )
INFO: [Synth 8-3333] propagating constant 0 across sequential element (\shot_x_reg[16][0] )
INFO: [Synth 8-3333] propagating constant 0 across sequential element (\shot_x_reg[17][0] )
INFO: [Synth 8-3333] propagating constant 0 across sequential element (\shot_x_reg[18][0] )
