xilinx rtfpga
INFO: [Synth 8-3886] merging instance 'blues1_y_reg[9][0]' (FDSE) to 'blues3_y_reg[9][0]'
INFO: [Synth 8-3886] merging instance 'blues3_y_reg[9][0]' (FDSE) to 'blues3_y_reg[9][4]'
INFO: [Synth 8-3886] merging instance 'reds0_x_reg[9][0]' (FDRE) to 'blues3_y_reg[9][1]'
INFO: [Synth 8-3886] merging instance 'blues0_x_reg[1][0]' (FDSE) to 'blues3_y_reg[9][4]'
INFO: [Synth 8-3886] merging instance 'reds0_x_reg[2][0]' (FDRE) to 'blues3_y_reg[9][1]'
INFO: [Synth 8-3886] merging instance 'blues0_x_reg[3][0]' (FDSE) to 'blues3_y_reg[9][4]'
INFO: [Synth 8-3886] merging instance 'blues0_x_reg[4][0]' (FDSE) to 'blues3_y_reg[9][4]'
INFO: [Synth 8-3886] merging instance 'blues0_x_reg[5][0]' (FDSE) to 'blues3_y_reg[9][4]'
INFO: [Synth 8-3886] merging instance 'blues0_x_reg[6][0]' (FDSE) to 'blues3_y_reg[9][4]'
INFO: [Synth 8-3886] merging instance 'reds0_x_reg[8][0]' (FDRE) to 'blues3_y_reg[9][1]'
INFO: [Synth 8-3886] merging instance 'blues0_x_reg[8][0]' (FDSE) to 'blues3_y_reg[9][4]'
INFO: [Synth 8-3886] merging instance 'blues0_x_reg[3][9]' (FDRE) to 'blues3_y_reg[9][1]'
INFO: [Synth 8-3886] merging instance 'blues0_x_reg[3][8]' (FDSE) to 'blues3_y_reg[9][4]'
INFO: [Synth 8-3886] merging instance 'blues0_x_reg[3][7]' (FDRE) to 'blues3_y_reg[9][1]'
INFO: [Synth 8-3886] merging instance 'blues0_x_reg[3][6]' (FDRE) to 'blues3_y_reg[9][1]'
INFO: [Synth 8-3886] merging instance 'blues0_x_reg[3][5]' (FDRE) to 'blues3_y_reg[9][1]'
INFO: [Synth 8-3886] merging instance 'blues0_x_reg[3][1]' (FDRE) to 'blues3_y_reg[9][1]'
INFO: [Synth 8-3886] merging instance 'blues0_x_reg[3][2]' (FDSE) to 'blues3_y_reg[9][4]'
INFO: [Synth 8-3886] merging instance 'blues0_x_reg[3][3]' (FDSE) to 'blues3_y_reg[9][4]'
INFO: [Synth 8-3886] merging instance 'blues0_x_reg[3][4]' (FDSE) to 'blues3_y_reg[9][4]'
INFO: [Synth 8-3886] merging instance 'blues0_x_reg[3][10]' (FDRE) to 'blues3_y_reg[9][1]'
INFO: [Synth 8-3886] merging instance 'blues0_x_reg[4][9]' (FDRE) to 'blues3_y_reg[9][1]'
INFO: [Synth 8-3886] merging instance 'blues0_x_reg[4][8]' (FDSE) to 'blues3_y_reg[9][4]'
INFO: [Synth 8-3886] merging instance 'blues0_x_reg[4][7]' (FDRE) to 'blues3_y_reg[9][1]'
INFO: [Synth 8-3886] merging instance 'blues0_x_reg[4][6]' (FDSE) to 'blues3_y_reg[9][4]'
INFO: [Synth 8-3886] merging instance 'blues0_x_reg[4][5]' (FDSE) to 'blues3_y_reg[9][4]'
INFO: [Synth 8-3886] merging instance 'blues0_x_reg[4][1]' (FDSE) to 'blues3_y_reg[9][4]'
INFO: [Synth 8-3886] merging instance 'blues0_x_reg[4][2]' (FDSE) to 'blues3_y_reg[9][4]'
INFO: [Synth 8-3886] merging instance 'blues0_x_reg[4][3]' (FDRE) to 'blues3_y_reg[9][1]'
INFO: [Synth 8-3886] merging instance 'blues0_x_reg[4][4]' (FDSE) to 'blues3_y_reg[9][4]'
INFO: [Synth 8-3886] merging instance 'blues0_x_reg[4][10]' (FDRE) to 'blues3_y_reg[9][1]'
INFO: [Synth 8-3886] merging instance 'blues0_x_reg[5][9]' (FDRE) to 'blues3_y_reg[9][1]'
INFO: [Synth 8-3886] merging instance 'blues0_x_reg[5][8]' (FDSE) to 'blues3_y_reg[9][4]'
INFO: [Synth 8-3886] merging instance 'blues0_x_reg[5][7]' (FDSE) to 'blues3_y_reg[9][4]'
INFO: [Synth 8-3886] merging instance 'blues0_x_reg[5][6]' (FDSE) to 'blues3_y_reg[9][4]'
INFO: [Synth 8-3886] merging instance 'blues0_x_reg[5][5]' (FDRE) to 'blues3_y_reg[9][1]'
INFO: [Synth 8-3886] merging instance 'blues0_x_reg[5][1]' (FDRE) to 'blues3_y_reg[9][1]'
INFO: [Synth 8-3886] merging instance 'blues0_x_reg[5][2]' (FDRE) to 'blues3_y_reg[9][1]'
INFO: [Synth 8-3886] merging instance 'blues0_x_reg[5][3]' (FDRE) to 'blues3_y_reg[9][1]'
INFO: [Synth 8-3886] merging instance 'blues0_x_reg[5][4]' (FDSE) to 'blues3_y_reg[9][4]'
INFO: [Synth 8-3886] merging instance 'blues0_x_reg[5][10]' (FDRE) to 'blues3_y_reg[9][1]'
INFO: [Synth 8-3886] merging instance 'blues0_x_reg[6][9]' (FDSE) to 'blues3_y_reg[9][4]'
INFO: [Synth 8-3886] merging instance 'blues0_x_reg[6][8]' (FDRE) to 'blues3_y_reg[9][1]'
INFO: [Synth 8-3886] merging instance 'blues0_x_reg[6][7]' (FDRE) to 'blues3_y_reg[9][1]'
INFO: [Synth 8-3886] merging instance 'blues0_x_reg[6][6]' (FDRE) to 'blues3_y_reg[9][1]'
INFO: [Synth 8-3886] merging instance 'blues0_x_reg[6][5]' (FDSE) to 'blues3_y_reg[9][4]'
INFO: [Synth 8-3886] merging instance 'blues0_x_reg[6][1]' (FDSE) to 'blues3_y_reg[9][4]'
INFO: [Synth 8-3886] merging instance 'blues0_x_reg[6][2]' (FDRE) to 'blues3_y_reg[9][1]'
INFO: [Synth 8-3886] merging instance 'blues0_x_reg[6][3]' (FDSE) to 'blues3_y_reg[9][4]'
INFO: [Synth 8-3886] merging instance 'blues0_x_reg[6][4]' (FDRE) to 'blues3_y_reg[9][1]'
INFO: [Synth 8-3886] merging instance 'blues0_x_reg[6][10]' (FDRE) to 'blues3_y_reg[9][1]'
INFO: [Synth 8-3886] merging instance 'reds0_x_reg[8][9]' (FDSE) to 'blues3_y_reg[9][4]'
INFO: [Synth 8-3886] merging instance 'reds0_x_reg[8][8]' (FDSE) to 'blues3_y_reg[9][4]'
INFO: [Synth 8-3886] merging instance 'reds0_x_reg[8][7]' (FDRE) to 'blues3_y_reg[9][1]'
INFO: [Synth 8-3886] merging instance 'reds0_x_reg[8][6]' (FDRE) to 'blues3_y_reg[9][1]'
INFO: [Synth 8-3886] merging instance 'reds0_x_reg[8][5]' (FDRE) to 'blues3_y_reg[9][1]'
INFO: [Synth 8-3886] merging instance 'reds0_x_reg[8][1]' (FDRE) to 'blues3_y_reg[9][1]'
INFO: [Synth 8-3886] merging instance 'reds0_x_reg[8][2]' (FDSE) to 'blues3_y_reg[9][4]'
INFO: [Synth 8-3886] merging instance 'reds0_x_reg[8][3]' (FDSE) to 'blues3_y_reg[9][4]'
INFO: [Synth 8-3886] merging instance 'reds0_x_reg[8][4]' (FDRE) to 'blues3_y_reg[9][1]'
INFO: [Synth 8-3886] merging instance 'reds0_x_reg[8][10]' (FDRE) to 'blues3_y_reg[9][1]'
INFO: [Synth 8-3886] merging instance 'blues0_x_reg[8][9]' (FDSE) to 'blues3_y_reg[9][4]'
INFO: [Synth 8-3886] merging instance 'blues0_x_reg[8][8]' (FDRE) to 'blues3_y_reg[9][1]'
INFO: [Synth 8-3886] merging instance 'blues0_x_reg[8][7]' (FDSE) to 'blues3_y_reg[9][4]'
INFO: [Synth 8-3886] merging instance 'blues0_x_reg[8][6]' (FDSE) to 'blues3_y_reg[9][4]'
INFO: [Synth 8-3886] merging instance 'blues0_x_reg[8][5]' (FDRE) to 'blues3_y_reg[9][1]'
INFO: [Synth 8-3886] merging instance 'blues0_x_reg[8][1]' (FDSE) to 'blues3_y_reg[9][4]'
INFO: [Synth 8-3886] merging instance 'blues0_x_reg[8][2]' (FDSE) to 'blues3_y_reg[9][4]'
INFO: [Synth 8-3886] merging instance 'blues0_x_reg[8][3]' (FDSE) to 'blues3_y_reg[9][4]'
INFO: [Synth 8-3886] merging instance 'blues0_x_reg[8][4]' (FDSE) to 'blues3_y_reg[9][4]'
INFO: [Synth 8-3886] merging instance 'blues0_x_reg[8][10]' (FDRE) to 'blues3_y_reg[9][1]'
INFO: [Synth 8-3886] merging instance 'blues0_x_reg[1][9]' (FDRE) to 'blues3_y_reg[9][1]'
INFO: [Synth 8-3886] merging instance 'blues0_x_reg[1][8]' (FDRE) to 'blues3_y_reg[9][1]'
INFO: [Synth 8-3886] merging instance 'blues0_x_reg[1][7]' (FDRE) to 'blues3_y_reg[9][1]'
INFO: [Synth 8-3886] merging instance 'blues0_x_reg[1][6]' (FDSE) to 'blues3_y_reg[9][4]'
INFO: [Synth 8-3886] merging instance 'blues0_x_reg[1][5]' (FDSE) to 'blues3_y_reg[9][4]'
INFO: [Synth 8-3886] merging instance 'blues0_x_reg[1][1]' (FDRE) to 'blues3_y_reg[9][1]'
INFO: [Synth 8-3886] merging instance 'blues0_x_reg[1][2]' (FDRE) to 'blues3_y_reg[9][1]'
INFO: [Synth 8-3886] merging instance 'blues0_x_reg[1][3]' (FDSE) to 'blues3_y_reg[9][4]'
INFO: [Synth 8-3886] merging instance 'blues0_x_reg[1][4]' (FDRE) to 'blues3_y_reg[9][1]'
INFO: [Synth 8-3886] merging instance 'blues0_x_reg[1][10]' (FDRE) to 'blues3_y_reg[9][1]'
INFO: [Synth 8-3886] merging instance 'reds0_x_reg[2][9]' (FDRE) to 'blues3_y_reg[9][1]'
INFO: [Common 17-14] Message 'Synth 8-3886' appears 100 times and further instances of the messages will be disabled. Use the Tcl command set_msg_config to change the current settings.
INFO: [Synth 8-3333] propagating constant 1 across sequential element (\reds0_x_reg[9][2] )
INFO: [Synth 8-3333] propagating constant 0 across sequential element (\reds0_x_reg[9][10] )
