GENOME NON_GENOME PIN 753: GENOME NON_GENOME PIN 36
GENOME NON_GENOME PIN 36: GENOME NON_GENOME PIN 753
GENOME NON_GENOME PIN 754: GENOME NON_GENOME PIN 37 GENOME NON_GENOME PIN 48
GENOME NON_GENOME PIN 37: GENOME NON_GENOME PIN 754 GENOME NON_GENOME PIN 103
GENOME NON_GENOME PIN 755: GENOME NON_GENOME PIN 38 GENOME NON_GENOME PIN 49
GENOME NON_GENOME PIN 38: GENOME NON_GENOME PIN 755 GENOME NON_GENOME PIN 102
GENOME NON_GENOME PIN 48: GENOME NON_GENOME PIN 754
GENOME NON_GENOME PIN 49: GENOME NON_GENOME PIN 755
GENOME NON_GENOME PIN 388: GENOME NON_GENOME PIN 60
GENOME NON_GENOME PIN 60: GENOME NON_GENOME PIN 388
GENOME NON_GENOME PIN 102: GENOME NON_GENOME PIN 99 GENOME NON_GENOME PIN 38
GENOME NON_GENOME PIN 99: GENOME NON_GENOME PIN 102 GENOME NON_GENOME PIN 88
GENOME NON_GENOME PIN 82: GENOME NON_GENOME PIN 147
GENOME NON_GENOME PIN 147: GENOME NON_GENOME PIN 82 GENOME NON_GENOME PIN 148 GENOME NON_GENOME PIN 149 GENOME NON_GENOME PIN 150
GENOME NON_GENOME PIN 66: GENOME NON_GENOME PIN 148
GENOME NON_GENOME PIN 148: GENOME NON_GENOME PIN 66 GENOME NON_GENOME PIN 147
GENOME NON_GENOME PIN 65: GENOME NON_GENOME PIN 151
GENOME NON_GENOME PIN 151: GENOME NON_GENOME PIN 65
GENOME NON_GENOME PIN 67: GENOME NON_GENOME PIN 173
GENOME NON_GENOME PIN 173: GENOME NON_GENOME PIN 67
GENOME NON_GENOME PIN 184: GENOME NON_GENOME PIN 185 GENOME NON_GENOME PIN 186 GENOME NON_GENOME PIN 187
GENOME NON_GENOME PIN 185: GENOME NON_GENOME PIN 184
GENOME NON_GENOME PIN 186: GENOME NON_GENOME PIN 184
GENOME NON_GENOME PIN 187: GENOME NON_GENOME PIN 184
GENOME NON_GENOME PIN 189: GENOME NON_GENOME PIN 190 GENOME NON_GENOME PIN 191 GENOME NON_GENOME PIN 192 GENOME NON_GENOME PIN 193 GENOME NON_GENOME PIN 194 GENOME NON_GENOME PIN 195 GENOME NON_GENOME PIN 196 GENOME NON_GENOME PIN 197 GENOME NON_GENOME PIN 198 GENOME NON_GENOME PIN 199 GENOME NON_GENOME PIN 200
GENOME NON_GENOME PIN 190: GENOME NON_GENOME PIN 189
GENOME NON_GENOME PIN 191: GENOME NON_GENOME PIN 189
GENOME NON_GENOME PIN 192: GENOME NON_GENOME PIN 189
GENOME NON_GENOME PIN 193: GENOME NON_GENOME PIN 189
GENOME NON_GENOME PIN 194: GENOME NON_GENOME PIN 189
GENOME NON_GENOME PIN 195: GENOME NON_GENOME PIN 189
GENOME NON_GENOME PIN 196: GENOME NON_GENOME PIN 189
GENOME NON_GENOME PIN 197: GENOME NON_GENOME PIN 189
GENOME NON_GENOME PIN 198: GENOME NON_GENOME PIN 189
GENOME NON_GENOME PIN 199: GENOME NON_GENOME PIN 189
GENOME NON_GENOME PIN 200: GENOME NON_GENOME PIN 189
GENOME NON_GENOME PIN 201: GENOME NON_GENOME PIN 202 GENOME NON_GENOME PIN 203 GENOME NON_GENOME PIN 204 GENOME NON_GENOME PIN 205 GENOME NON_GENOME PIN 206 GENOME NON_GENOME PIN 207 GENOME NON_GENOME PIN 208 GENOME NON_GENOME PIN 209 GENOME NON_GENOME PIN 210 GENOME NON_GENOME PIN 211 GENOME NON_GENOME PIN 212
GENOME NON_GENOME PIN 202: GENOME NON_GENOME PIN 201
GENOME NON_GENOME PIN 203: GENOME NON_GENOME PIN 201
GENOME NON_GENOME PIN 204: GENOME NON_GENOME PIN 201
GENOME NON_GENOME PIN 205: GENOME NON_GENOME PIN 201
GENOME NON_GENOME PIN 206: GENOME NON_GENOME PIN 201
GENOME NON_GENOME PIN 207: GENOME NON_GENOME PIN 201
GENOME NON_GENOME PIN 208: GENOME NON_GENOME PIN 201
GENOME NON_GENOME PIN 209: GENOME NON_GENOME PIN 201
GENOME NON_GENOME PIN 210: GENOME NON_GENOME PIN 201
GENOME NON_GENOME PIN 211: GENOME NON_GENOME PIN 201
GENOME NON_GENOME PIN 212: GENOME NON_GENOME PIN 201
GENOME NON_GENOME PIN 213: GENOME NON_GENOME PIN 214 GENOME NON_GENOME PIN 215 GENOME NON_GENOME PIN 216 GENOME NON_GENOME PIN 217 GENOME NON_GENOME PIN 218 GENOME NON_GENOME PIN 219 GENOME NON_GENOME PIN 220 GENOME NON_GENOME PIN 221 GENOME NON_GENOME PIN 222 GENOME NON_GENOME PIN 223 GENOME NON_GENOME PIN 224
GENOME NON_GENOME PIN 214: GENOME NON_GENOME PIN 213
GENOME NON_GENOME PIN 215: GENOME NON_GENOME PIN 213
GENOME NON_GENOME PIN 216: GENOME NON_GENOME PIN 213
GENOME NON_GENOME PIN 217: GENOME NON_GENOME PIN 213
GENOME NON_GENOME PIN 218: GENOME NON_GENOME PIN 213
GENOME NON_GENOME PIN 219: GENOME NON_GENOME PIN 213
GENOME NON_GENOME PIN 220: GENOME NON_GENOME PIN 213
GENOME NON_GENOME PIN 221: GENOME NON_GENOME PIN 213
GENOME NON_GENOME PIN 222: GENOME NON_GENOME PIN 213
GENOME NON_GENOME PIN 223: GENOME NON_GENOME PIN 213
GENOME NON_GENOME PIN 224: GENOME NON_GENOME PIN 213
GENOME NON_GENOME PIN 225: GENOME NON_GENOME PIN 226 GENOME NON_GENOME PIN 227 GENOME NON_GENOME PIN 228 GENOME NON_GENOME PIN 229 GENOME NON_GENOME PIN 230 GENOME NON_GENOME PIN 231 GENOME NON_GENOME PIN 232 GENOME NON_GENOME PIN 233 GENOME NON_GENOME PIN 234 GENOME NON_GENOME PIN 235 GENOME NON_GENOME PIN 236
GENOME NON_GENOME PIN 226: GENOME NON_GENOME PIN 225
GENOME NON_GENOME PIN 227: GENOME NON_GENOME PIN 225
GENOME NON_GENOME PIN 228: GENOME NON_GENOME PIN 225
GENOME NON_GENOME PIN 229: GENOME NON_GENOME PIN 225
GENOME NON_GENOME PIN 230: GENOME NON_GENOME PIN 225
GENOME NON_GENOME PIN 231: GENOME NON_GENOME PIN 225
GENOME NON_GENOME PIN 232: GENOME NON_GENOME PIN 225
GENOME NON_GENOME PIN 233: GENOME NON_GENOME PIN 225
GENOME NON_GENOME PIN 234: GENOME NON_GENOME PIN 225
GENOME NON_GENOME PIN 235: GENOME NON_GENOME PIN 225
GENOME NON_GENOME PIN 236: GENOME NON_GENOME PIN 225
GENOME NON_GENOME PIN 237: GENOME NON_GENOME PIN 238 GENOME NON_GENOME PIN 239 GENOME NON_GENOME PIN 240 GENOME NON_GENOME PIN 241 GENOME NON_GENOME PIN 242 GENOME NON_GENOME PIN 243 GENOME NON_GENOME PIN 244 GENOME NON_GENOME PIN 245 GENOME NON_GENOME PIN 246 GENOME NON_GENOME PIN 247 GENOME NON_GENOME PIN 248
GENOME NON_GENOME PIN 238: GENOME NON_GENOME PIN 237
GENOME NON_GENOME PIN 239: GENOME NON_GENOME PIN 237
GENOME NON_GENOME PIN 240: GENOME NON_GENOME PIN 237
GENOME NON_GENOME PIN 241: GENOME NON_GENOME PIN 237
GENOME NON_GENOME PIN 242: GENOME NON_GENOME PIN 237
GENOME NON_GENOME PIN 243: GENOME NON_GENOME PIN 237
GENOME NON_GENOME PIN 244: GENOME NON_GENOME PIN 237
GENOME NON_GENOME PIN 245: GENOME NON_GENOME PIN 237
GENOME NON_GENOME PIN 246: GENOME NON_GENOME PIN 237
GENOME NON_GENOME PIN 247: GENOME NON_GENOME PIN 237
GENOME NON_GENOME PIN 248: GENOME NON_GENOME PIN 237
GENOME NON_GENOME PIN 30: GENOME NON_GENOME PIN 35
GENOME NON_GENOME PIN 35: GENOME NON_GENOME PIN 30
GENOME NON_GENOME PIN 71: GENOME NON_GENOME PIN 69
GENOME NON_GENOME PIN 69: GENOME NON_GENOME PIN 71
GENOME NON_GENOME PIN 73: GENOME NON_GENOME PIN 77
GENOME NON_GENOME PIN 77: GENOME NON_GENOME PIN 73
GENOME NON_GENOME PIN 17: GENOME NON_GENOME PIN 29
GENOME NON_GENOME PIN 29: GENOME NON_GENOME PIN 17
GENOME NON_GENOME PIN 62: GENOME NON_GENOME PIN 40
GENOME NON_GENOME PIN 40: GENOME NON_GENOME PIN 62
GENOME NON_GENOME PIN 51: GENOME NON_GENOME PIN 75
GENOME NON_GENOME PIN 75: GENOME NON_GENOME PIN 51
GENOME NON_GENOME PIN 88: GENOME NON_GENOME PIN 99
GENOME NON_GENOME PIN 110: GENOME NON_GENOME PIN 111 GENOME NON_GENOME PIN 112 GENOME NON_GENOME PIN 113
GENOME NON_GENOME PIN 111: GENOME NON_GENOME PIN 110
GENOME NON_GENOME PIN 112: GENOME NON_GENOME PIN 110
GENOME NON_GENOME PIN 113: GENOME NON_GENOME PIN 110
GENOME NON_GENOME PIN 123: GENOME NON_GENOME PIN 124 GENOME NON_GENOME PIN 125 GENOME NON_GENOME PIN 126
GENOME NON_GENOME PIN 124: GENOME NON_GENOME PIN 123
GENOME NON_GENOME PIN 125: GENOME NON_GENOME PIN 123
GENOME NON_GENOME PIN 126: GENOME NON_GENOME PIN 123
GENOME NON_GENOME PIN 149: GENOME NON_GENOME PIN 147
GENOME NON_GENOME PIN 150: GENOME NON_GENOME PIN 147
GENOME NON_GENOME PIN 161: GENOME NON_GENOME PIN 162 GENOME NON_GENOME PIN 163 GENOME NON_GENOME PIN 164
GENOME NON_GENOME PIN 162: GENOME NON_GENOME PIN 161
GENOME NON_GENOME PIN 163: GENOME NON_GENOME PIN 161
GENOME NON_GENOME PIN 164: GENOME NON_GENOME PIN 161
INST gameplay_screen__GB11 PIN 102: INST gameplay_screen__GB0 PIN 1329 TYPE 0 GENOME gameplay_screen__GB11 PIN 102
INST gameplay_screen__GB11 PIN 103: INST gameplay_screen__GB0 PIN 1330 TYPE 0 GENOME gameplay_screen__GB11 PIN 103
INST gameplay_screen__GB11 PIN 104: INST gameplay_screen__GB0 PIN 1331 TYPE 0 GENOME gameplay_screen__GB11 PIN 104
INST gameplay_screen__GB11 PIN 105: INST gameplay_screen__GB0 PIN 1332 TYPE 0 GENOME gameplay_screen__GB11 PIN 105
INST gameplay_screen__GB11 PIN 106: INST gameplay_screen__GB0 PIN 1333 TYPE 0 GENOME gameplay_screen__GB11 PIN 106
INST gameplay_screen__GB11 PIN 107: INST gameplay_screen__GB0 PIN 1334 TYPE 0 GENOME gameplay_screen__GB11 PIN 107
INST gameplay_screen__GB11 PIN 108: INST gameplay_screen__GB0 PIN 1335 TYPE 0 GENOME gameplay_screen__GB11 PIN 108
INST gameplay_screen__GB11 PIN 109: INST gameplay_screen__GB0 PIN 1336 TYPE 0 GENOME gameplay_screen__GB11 PIN 109
INST gameplay_screen__GB11 PIN 110: INST gameplay_screen__GB11 PIN 111 TYPE 2 INST gameplay_screen__GB0 PIN 1338 TYPE 4 INST gameplay_screen__GB11 PIN 112 TYPE 2 INST gameplay_screen__GB0 PIN 1339 TYPE 4 INST gameplay_screen__GB11 PIN 113 TYPE 2 INST gameplay_screen__GB0 PIN 1340 TYPE 4
INST gameplay_screen__GB11 PIN 115: INST gameplay_screen__GB0 PIN 1341 TYPE 0 GENOME gameplay_screen__GB11 PIN 115
INST gameplay_screen__GB11 PIN 116: INST gameplay_screen__GB0 PIN 1342 TYPE 0 GENOME gameplay_screen__GB11 PIN 116
INST gameplay_screen__GB11 PIN 117: INST gameplay_screen__GB0 PIN 1343 TYPE 0 GENOME gameplay_screen__GB11 PIN 117
INST gameplay_screen__GB11 PIN 118: INST gameplay_screen__GB0 PIN 1344 TYPE 0 GENOME gameplay_screen__GB11 PIN 118
INST gameplay_screen__GB11 PIN 119: INST gameplay_screen__GB0 PIN 1345 TYPE 0 GENOME gameplay_screen__GB11 PIN 119
INST gameplay_screen__GB11 PIN 120: INST gameplay_screen__GB0 PIN 1346 TYPE 0 GENOME gameplay_screen__GB11 PIN 120
INST gameplay_screen__GB11 PIN 121: INST gameplay_screen__GB0 PIN 1347 TYPE 0 GENOME gameplay_screen__GB11 PIN 121
INST gameplay_screen__GB11 PIN 122: INST gameplay_screen__GB0 PIN 1348 TYPE 0 GENOME gameplay_screen__GB11 PIN 122
INST gameplay_screen__GB11 PIN 123: INST gameplay_screen__GB11 PIN 124 TYPE 2 INST gameplay_screen__GB0 PIN 1350 TYPE 4 INST gameplay_screen__GB11 PIN 125 TYPE 2 INST gameplay_screen__GB0 PIN 1351 TYPE 4 INST gameplay_screen__GB11 PIN 126 TYPE 2 INST gameplay_screen__GB0 PIN 1352 TYPE 4
INST gameplay_screen__GB11 PIN 139: INST gameplay_screen__GB0 PIN 1365 TYPE 0 GENOME gameplay_screen__GB11 PIN 139
INST gameplay_screen__GB11 PIN 140: INST gameplay_screen__GB0 PIN 1366 TYPE 0 GENOME gameplay_screen__GB11 PIN 140
INST gameplay_screen__GB11 PIN 141: INST gameplay_screen__GB0 PIN 1367 TYPE 0 GENOME gameplay_screen__GB11 PIN 141
INST gameplay_screen__GB11 PIN 142: INST gameplay_screen__GB0 PIN 1368 TYPE 0 GENOME gameplay_screen__GB11 PIN 142
INST gameplay_screen__GB11 PIN 143: INST gameplay_screen__GB0 PIN 1369 TYPE 0 GENOME gameplay_screen__GB11 PIN 143
INST gameplay_screen__GB11 PIN 144: INST gameplay_screen__GB0 PIN 1370 TYPE 0 GENOME gameplay_screen__GB11 PIN 144
INST gameplay_screen__GB11 PIN 145: INST gameplay_screen__GB0 PIN 1371 TYPE 0 GENOME gameplay_screen__GB11 PIN 145
INST gameplay_screen__GB11 PIN 146: INST gameplay_screen__GB0 PIN 1372 TYPE 0 GENOME gameplay_screen__GB11 PIN 146
INST gameplay_screen__GB11 PIN 147: INST gameplay_screen__GB11 PIN 148 TYPE 2 INST gameplay_screen__GB0 PIN 1374 TYPE 4 INST gameplay_screen__GB11 PIN 149 TYPE 2 INST gameplay_screen__GB0 PIN 1375 TYPE 4 INST gameplay_screen__GB11 PIN 150 TYPE 2 INST gameplay_screen__GB0 PIN 1376 TYPE 4
INST gameplay_screen__GB11 PIN 153: INST gameplay_screen__GB0 PIN 1377 TYPE 0 GENOME gameplay_screen__GB11 PIN 153
INST gameplay_screen__GB11 PIN 154: INST gameplay_screen__GB0 PIN 1378 TYPE 0 GENOME gameplay_screen__GB11 PIN 154
INST gameplay_screen__GB11 PIN 155: INST gameplay_screen__GB0 PIN 1379 TYPE 0 GENOME gameplay_screen__GB11 PIN 155
INST gameplay_screen__GB11 PIN 156: INST gameplay_screen__GB0 PIN 1380 TYPE 0 GENOME gameplay_screen__GB11 PIN 156
INST gameplay_screen__GB11 PIN 157: INST gameplay_screen__GB0 PIN 1381 TYPE 0 GENOME gameplay_screen__GB11 PIN 157
INST gameplay_screen__GB11 PIN 158: INST gameplay_screen__GB0 PIN 1382 TYPE 0 GENOME gameplay_screen__GB11 PIN 158
INST gameplay_screen__GB11 PIN 159: INST gameplay_screen__GB0 PIN 1383 TYPE 0 GENOME gameplay_screen__GB11 PIN 159
INST gameplay_screen__GB11 PIN 160: INST gameplay_screen__GB0 PIN 1384 TYPE 0 GENOME gameplay_screen__GB11 PIN 160
INST gameplay_screen__GB11 PIN 161: INST gameplay_screen__GB11 PIN 162 TYPE 2 INST gameplay_screen__GB0 PIN 1386 TYPE 4 INST gameplay_screen__GB11 PIN 163 TYPE 2 INST gameplay_screen__GB0 PIN 1387 TYPE 4 INST gameplay_screen__GB11 PIN 164 TYPE 2 INST gameplay_screen__GB0 PIN 1388 TYPE 4
INST gameplay_screen__GB2 PIN 189: INST gameplay_screen__GB2 PIN 190 TYPE 2 INST gameplay_screen__GB0 PIN 1450 TYPE 4 INST gameplay_screen__GB2 PIN 191 TYPE 2 INST gameplay_screen__GB0 PIN 1451 TYPE 4 INST gameplay_screen__GB2 PIN 192 TYPE 2 INST gameplay_screen__GB0 PIN 1452 TYPE 4 INST gameplay_screen__GB2 PIN 193 TYPE 2 INST gameplay_screen__GB0 PIN 1453 TYPE 4 INST gameplay_screen__GB2 PIN 194 TYPE 2 INST gameplay_screen__GB0 PIN 1454 TYPE 4 INST gameplay_screen__GB2 PIN 195 TYPE 2 INST gameplay_screen__GB0 PIN 1455 TYPE 4 INST gameplay_screen__GB2 PIN 196 TYPE 2 INST gameplay_screen__GB0 PIN 1456 TYPE 4 INST gameplay_screen__GB2 PIN 197 TYPE 2 INST gameplay_screen__GB0 PIN 1457 TYPE 4 INST gameplay_screen__GB2 PIN 198 TYPE 2 INST gameplay_screen__GB0 PIN 1458 TYPE 4 INST gameplay_screen__GB2 PIN 199 TYPE 2 INST gameplay_screen__GB0 PIN 1459 TYPE 4 INST gameplay_screen__GB2 PIN 200 TYPE 2 INST gameplay_screen__GB0 PIN 1460 TYPE 4
INST gameplay_screen__GB2 PIN 201: INST gameplay_screen__GB2 PIN 202 TYPE 2 INST gameplay_screen__GB0 PIN 1462 TYPE 4 INST gameplay_screen__GB2 PIN 203 TYPE 2 INST gameplay_screen__GB0 PIN 1463 TYPE 4 INST gameplay_screen__GB2 PIN 204 TYPE 2 INST gameplay_screen__GB0 PIN 1464 TYPE 4 INST gameplay_screen__GB2 PIN 205 TYPE 2 INST gameplay_screen__GB0 PIN 1465 TYPE 4 INST gameplay_screen__GB2 PIN 206 TYPE 2 INST gameplay_screen__GB0 PIN 1466 TYPE 4 INST gameplay_screen__GB2 PIN 207 TYPE 2 INST gameplay_screen__GB0 PIN 1467 TYPE 4 INST gameplay_screen__GB2 PIN 208 TYPE 2 INST gameplay_screen__GB0 PIN 1468 TYPE 4 INST gameplay_screen__GB2 PIN 209 TYPE 2 INST gameplay_screen__GB0 PIN 1469 TYPE 4 INST gameplay_screen__GB2 PIN 210 TYPE 2 INST gameplay_screen__GB0 PIN 1470 TYPE 4 INST gameplay_screen__GB2 PIN 211 TYPE 2 INST gameplay_screen__GB0 PIN 1471 TYPE 4 INST gameplay_screen__GB2 PIN 212 TYPE 2 INST gameplay_screen__GB0 PIN 1472 TYPE 4
INST gameplay_screen__GB2 PIN 213: INST gameplay_screen__GB2 PIN 214 TYPE 2 INST gameplay_screen__GB0 PIN 1481 TYPE 4 INST gameplay_screen__GB2 PIN 215 TYPE 2 INST gameplay_screen__GB0 PIN 1482 TYPE 4 INST gameplay_screen__GB2 PIN 216 TYPE 2 INST gameplay_screen__GB0 PIN 1483 TYPE 4 INST gameplay_screen__GB2 PIN 217 TYPE 2 INST gameplay_screen__GB0 PIN 1484 TYPE 4 INST gameplay_screen__GB2 PIN 218 TYPE 2 INST gameplay_screen__GB0 PIN 1485 TYPE 4 INST gameplay_screen__GB2 PIN 219 TYPE 2 INST gameplay_screen__GB0 PIN 1486 TYPE 4 INST gameplay_screen__GB2 PIN 220 TYPE 2 INST gameplay_screen__GB0 PIN 1487 TYPE 4 INST gameplay_screen__GB2 PIN 221 TYPE 2 INST gameplay_screen__GB0 PIN 1488 TYPE 4 INST gameplay_screen__GB2 PIN 222 TYPE 2 INST gameplay_screen__GB0 PIN 1489 TYPE 4 INST gameplay_screen__GB2 PIN 223 TYPE 2 INST gameplay_screen__GB0 PIN 1490 TYPE 4 INST gameplay_screen__GB2 PIN 224 TYPE 2 INST gameplay_screen__GB0 PIN 1491 TYPE 4
INST gameplay_screen__GB2 PIN 225: INST gameplay_screen__GB2 PIN 226 TYPE 2 INST gameplay_screen__GB0 PIN 1493 TYPE 4 INST gameplay_screen__GB2 PIN 227 TYPE 2 INST gameplay_screen__GB0 PIN 1494 TYPE 4 INST gameplay_screen__GB2 PIN 228 TYPE 2 INST gameplay_screen__GB0 PIN 1495 TYPE 4 INST gameplay_screen__GB2 PIN 229 TYPE 2 INST gameplay_screen__GB0 PIN 1496 TYPE 4 INST gameplay_screen__GB2 PIN 230 TYPE 2 INST gameplay_screen__GB0 PIN 1497 TYPE 4 INST gameplay_screen__GB2 PIN 231 TYPE 2 INST gameplay_screen__GB0 PIN 1498 TYPE 4 INST gameplay_screen__GB2 PIN 232 TYPE 2 INST gameplay_screen__GB0 PIN 1499 TYPE 4 INST gameplay_screen__GB2 PIN 233 TYPE 2 INST gameplay_screen__GB0 PIN 1500 TYPE 4 INST gameplay_screen__GB2 PIN 234 TYPE 2 INST gameplay_screen__GB0 PIN 1501 TYPE 4 INST gameplay_screen__GB2 PIN 235 TYPE 2 INST gameplay_screen__GB0 PIN 1502 TYPE 4 INST gameplay_screen__GB2 PIN 236 TYPE 2 INST gameplay_screen__GB0 PIN 1503 TYPE 4
INST gameplay_screen__GB2 PIN 237: INST gameplay_screen__GB2 PIN 238 TYPE 2 INST gameplay_screen__GB0 PIN 1505 TYPE 4 INST gameplay_screen__GB2 PIN 239 TYPE 2 INST gameplay_screen__GB0 PIN 1506 TYPE 4 INST gameplay_screen__GB2 PIN 240 TYPE 2 INST gameplay_screen__GB0 PIN 1507 TYPE 4 INST gameplay_screen__GB2 PIN 241 TYPE 2 INST gameplay_screen__GB0 PIN 1508 TYPE 4 INST gameplay_screen__GB2 PIN 242 TYPE 2 INST gameplay_screen__GB0 PIN 1509 TYPE 4 INST gameplay_screen__GB2 PIN 243 TYPE 2 INST gameplay_screen__GB0 PIN 1510 TYPE 4 INST gameplay_screen__GB2 PIN 244 TYPE 2 INST gameplay_screen__GB0 PIN 1511 TYPE 4 INST gameplay_screen__GB2 PIN 245 TYPE 2 INST gameplay_screen__GB0 PIN 1512 TYPE 4 INST gameplay_screen__GB2 PIN 246 TYPE 2 INST gameplay_screen__GB0 PIN 1513 TYPE 4 INST gameplay_screen__GB2 PIN 247 TYPE 2 INST gameplay_screen__GB0 PIN 1514 TYPE 4 INST gameplay_screen__GB2 PIN 248 TYPE 2 INST gameplay_screen__GB0 PIN 1515 TYPE 4
INST gameplay_screen__GB2 PIN 176: INST gameplay_screen__GB0 PIN 1571 TYPE 0 GENOME gameplay_screen__GB2 PIN 176
INST gameplay_screen__GB2 PIN 177: INST gameplay_screen__GB0 PIN 1572 TYPE 0 GENOME gameplay_screen__GB2 PIN 177
INST gameplay_screen__GB2 PIN 178: INST gameplay_screen__GB0 PIN 1573 TYPE 0 GENOME gameplay_screen__GB2 PIN 178
INST gameplay_screen__GB2 PIN 179: INST gameplay_screen__GB0 PIN 1574 TYPE 0 GENOME gameplay_screen__GB2 PIN 179
INST gameplay_screen__GB2 PIN 180: INST gameplay_screen__GB0 PIN 1575 TYPE 0 GENOME gameplay_screen__GB2 PIN 180
INST gameplay_screen__GB2 PIN 181: INST gameplay_screen__GB0 PIN 1576 TYPE 0 GENOME gameplay_screen__GB2 PIN 181
INST gameplay_screen__GB2 PIN 182: INST gameplay_screen__GB0 PIN 1577 TYPE 0 GENOME gameplay_screen__GB2 PIN 182
INST gameplay_screen__GB2 PIN 183: INST gameplay_screen__GB0 PIN 1578 TYPE 0 GENOME gameplay_screen__GB2 PIN 183
INST gameplay_screen__GB2 PIN 184: INST gameplay_screen__GB2 PIN 185 TYPE 2 INST gameplay_screen__GB0 PIN 1580 TYPE 4 INST gameplay_screen__GB2 PIN 186 TYPE 2 INST gameplay_screen__GB0 PIN 1581 TYPE 4 INST gameplay_screen__GB2 PIN 187 TYPE 2 INST gameplay_screen__GB0 PIN 1582 TYPE 4
INST gameplay_screen__GB9 PIN 140: INST gameplay_screen__GB2 PIN 49 TYPE 3 INST gameplay_screen__GB1 PIN 546 TYPE 4 INST gameplay_screen__GB2 PIN 38 TYPE 3 INST gameplay_screen__GB1 PIN 724 TYPE 4
INST gameplay_screen__GB9 PIN 139: INST gameplay_screen__GB2 PIN 37 TYPE 3 INST gameplay_screen__GB1 PIN 723 TYPE 4
INST gameplay_screen__GB2 PIN 37: GENOME gameplay_screen__GB2 PIN 37
INST gameplay_screen__GB2 PIN 38: GENOME gameplay_screen__GB2 PIN 38
INST gameplay_screen__GB2 PIN 49: GENOME gameplay_screen__GB2 PIN 49
INST gameplay_screen__GB2 PIN 185: GENOME gameplay_screen__GB2 PIN 185
INST gameplay_screen__GB2 PIN 186: GENOME gameplay_screen__GB2 PIN 186
INST gameplay_screen__GB2 PIN 187: GENOME gameplay_screen__GB2 PIN 187
INST gameplay_screen__GB2 PIN 190: GENOME gameplay_screen__GB2 PIN 190
INST gameplay_screen__GB2 PIN 191: GENOME gameplay_screen__GB2 PIN 191
INST gameplay_screen__GB2 PIN 192: GENOME gameplay_screen__GB2 PIN 192
INST gameplay_screen__GB2 PIN 193: GENOME gameplay_screen__GB2 PIN 193
INST gameplay_screen__GB2 PIN 194: GENOME gameplay_screen__GB2 PIN 194
INST gameplay_screen__GB2 PIN 195: GENOME gameplay_screen__GB2 PIN 195
INST gameplay_screen__GB2 PIN 196: GENOME gameplay_screen__GB2 PIN 196
INST gameplay_screen__GB2 PIN 197: GENOME gameplay_screen__GB2 PIN 197
INST gameplay_screen__GB2 PIN 198: GENOME gameplay_screen__GB2 PIN 198
INST gameplay_screen__GB2 PIN 199: GENOME gameplay_screen__GB2 PIN 199
INST gameplay_screen__GB2 PIN 200: GENOME gameplay_screen__GB2 PIN 200
INST gameplay_screen__GB2 PIN 202: GENOME gameplay_screen__GB2 PIN 202
INST gameplay_screen__GB2 PIN 203: GENOME gameplay_screen__GB2 PIN 203
INST gameplay_screen__GB2 PIN 204: GENOME gameplay_screen__GB2 PIN 204
INST gameplay_screen__GB2 PIN 205: GENOME gameplay_screen__GB2 PIN 205
INST gameplay_screen__GB2 PIN 206: GENOME gameplay_screen__GB2 PIN 206
INST gameplay_screen__GB2 PIN 207: GENOME gameplay_screen__GB2 PIN 207
INST gameplay_screen__GB2 PIN 208: GENOME gameplay_screen__GB2 PIN 208
INST gameplay_screen__GB2 PIN 209: GENOME gameplay_screen__GB2 PIN 209
INST gameplay_screen__GB2 PIN 210: GENOME gameplay_screen__GB2 PIN 210
INST gameplay_screen__GB2 PIN 211: GENOME gameplay_screen__GB2 PIN 211
INST gameplay_screen__GB2 PIN 212: GENOME gameplay_screen__GB2 PIN 212
INST gameplay_screen__GB2 PIN 214: GENOME gameplay_screen__GB2 PIN 214
INST gameplay_screen__GB2 PIN 215: GENOME gameplay_screen__GB2 PIN 215
INST gameplay_screen__GB2 PIN 216: GENOME gameplay_screen__GB2 PIN 216
INST gameplay_screen__GB2 PIN 217: GENOME gameplay_screen__GB2 PIN 217
INST gameplay_screen__GB2 PIN 218: GENOME gameplay_screen__GB2 PIN 218
INST gameplay_screen__GB2 PIN 219: GENOME gameplay_screen__GB2 PIN 219
INST gameplay_screen__GB2 PIN 220: GENOME gameplay_screen__GB2 PIN 220
INST gameplay_screen__GB2 PIN 221: GENOME gameplay_screen__GB2 PIN 221
INST gameplay_screen__GB2 PIN 222: GENOME gameplay_screen__GB2 PIN 222
INST gameplay_screen__GB2 PIN 223: GENOME gameplay_screen__GB2 PIN 223
INST gameplay_screen__GB2 PIN 224: GENOME gameplay_screen__GB2 PIN 224
INST gameplay_screen__GB2 PIN 226: GENOME gameplay_screen__GB2 PIN 226
INST gameplay_screen__GB2 PIN 227: GENOME gameplay_screen__GB2 PIN 227
INST gameplay_screen__GB2 PIN 228: GENOME gameplay_screen__GB2 PIN 228
INST gameplay_screen__GB2 PIN 229: GENOME gameplay_screen__GB2 PIN 229
INST gameplay_screen__GB2 PIN 230: GENOME gameplay_screen__GB2 PIN 230
INST gameplay_screen__GB2 PIN 231: GENOME gameplay_screen__GB2 PIN 231
INST gameplay_screen__GB2 PIN 232: GENOME gameplay_screen__GB2 PIN 232
INST gameplay_screen__GB2 PIN 233: GENOME gameplay_screen__GB2 PIN 233
INST gameplay_screen__GB2 PIN 234: GENOME gameplay_screen__GB2 PIN 234
INST gameplay_screen__GB2 PIN 235: GENOME gameplay_screen__GB2 PIN 235
INST gameplay_screen__GB2 PIN 236: GENOME gameplay_screen__GB2 PIN 236
INST gameplay_screen__GB2 PIN 238: GENOME gameplay_screen__GB2 PIN 238
INST gameplay_screen__GB2 PIN 239: GENOME gameplay_screen__GB2 PIN 239
INST gameplay_screen__GB2 PIN 240: GENOME gameplay_screen__GB2 PIN 240
INST gameplay_screen__GB2 PIN 241: GENOME gameplay_screen__GB2 PIN 241
INST gameplay_screen__GB2 PIN 242: GENOME gameplay_screen__GB2 PIN 242
INST gameplay_screen__GB2 PIN 243: GENOME gameplay_screen__GB2 PIN 243
INST gameplay_screen__GB2 PIN 244: GENOME gameplay_screen__GB2 PIN 244
INST gameplay_screen__GB2 PIN 245: GENOME gameplay_screen__GB2 PIN 245
INST gameplay_screen__GB2 PIN 246: GENOME gameplay_screen__GB2 PIN 246
INST gameplay_screen__GB2 PIN 247: GENOME gameplay_screen__GB2 PIN 247
INST gameplay_screen__GB2 PIN 248: GENOME gameplay_screen__GB2 PIN 248
INST gameplay_screen__GB11 PIN 111: GENOME gameplay_screen__GB11 PIN 111
INST gameplay_screen__GB11 PIN 112: GENOME gameplay_screen__GB11 PIN 112
INST gameplay_screen__GB11 PIN 113: GENOME gameplay_screen__GB11 PIN 113
INST gameplay_screen__GB11 PIN 124: GENOME gameplay_screen__GB11 PIN 124
INST gameplay_screen__GB11 PIN 125: GENOME gameplay_screen__GB11 PIN 125
INST gameplay_screen__GB11 PIN 126: GENOME gameplay_screen__GB11 PIN 126
INST gameplay_screen__GB11 PIN 148: GENOME gameplay_screen__GB11 PIN 148
INST gameplay_screen__GB11 PIN 149: GENOME gameplay_screen__GB11 PIN 149
INST gameplay_screen__GB11 PIN 150: GENOME gameplay_screen__GB11 PIN 150
INST gameplay_screen__GB11 PIN 162: GENOME gameplay_screen__GB11 PIN 162
INST gameplay_screen__GB11 PIN 163: GENOME gameplay_screen__GB11 PIN 163
INST gameplay_screen__GB11 PIN 164: GENOME gameplay_screen__GB11 PIN 164
INST top_level__GC0 PIN 102: GENOME top_level__GC0 PIN 102 INST top_level__GC0 PIN 38 TYPE 5
INST top_level__GC0 PIN 38: GENOME top_level__GC0 PIN 38
INST top_level__GC0 PIN 103: GENOME top_level__GC0 PIN 103 INST top_level__GC0 PIN 37 TYPE 5
INST top_level__GC0 PIN 37: GENOME top_level__GC0 PIN 37
INST top_level__GC0 PIN 104: GENOME top_level__GC0 PIN 104 INST top_level__GC0 PIN 39 TYPE 5
INST top_level__GC0 PIN 39: GENOME top_level__GC0 PIN 39
GENOME NON_GENOME PIN 103: GENOME NON_GENOME PIN 37
GENOME NON_GENOME PIN 39: GENOME NON_GENOME PIN 104
GENOME NON_GENOME PIN 104: GENOME NON_GENOME PIN 39
