xilinx rtfpga
INFO: [Synth 8-3886] merging instance 'blues_x_reg[1][0][0]' (FDSE) to 'reds_y_reg[1][9][0]'
INFO: [Synth 8-3886] merging instance 'reds_y_reg[1][9][0]' (FDSE) to 'reds_y_reg[1][9][3]'
INFO: [Synth 8-3886] merging instance 'blues_y_reg[1][9][0]' (FDSE) to 'reds_y_reg[1][9][3]'
INFO: [Synth 8-3886] merging instance 'blues_x_reg[1][1][0]' (FDRE) to 'reds_y_reg[1][9][1]'
INFO: [Synth 8-3886] merging instance 'blues_x_reg[1][2][0]' (FDSE) to 'reds_y_reg[1][9][3]'
INFO: [Synth 8-3886] merging instance 'blues_x_reg[1][3][0]' (FDRE) to 'reds_y_reg[1][9][1]'
INFO: [Synth 8-3886] merging instance 'blues_x_reg[1][4][0]' (FDSE) to 'reds_y_reg[1][9][3]'
INFO: [Synth 8-3886] merging instance 'blues_x_reg[1][4][1]' (FDSE) to 'reds_y_reg[1][9][3]'
INFO: [Synth 8-3886] merging instance 'blues_x_reg[1][4][2]' (FDRE) to 'reds_y_reg[1][9][1]'
INFO: [Synth 8-3886] merging instance 'blues_x_reg[1][4][3]' (FDSE) to 'reds_y_reg[1][9][3]'
INFO: [Synth 8-3886] merging instance 'blues_x_reg[1][4][4]' (FDRE) to 'reds_y_reg[1][9][1]'
INFO: [Synth 8-3886] merging instance 'blues_x_reg[1][4][5]' (FDRE) to 'reds_y_reg[1][9][1]'
INFO: [Synth 8-3886] merging instance 'blues_x_reg[1][4][6]' (FDRE) to 'reds_y_reg[1][9][1]'
INFO: [Synth 8-3886] merging instance 'blues_x_reg[1][4][7]' (FDSE) to 'reds_y_reg[1][9][3]'
INFO: [Synth 8-3886] merging instance 'blues_x_reg[1][4][8]' (FDSE) to 'reds_y_reg[1][9][3]'
INFO: [Synth 8-3886] merging instance 'blues_x_reg[1][4][9]' (FDRE) to 'reds_y_reg[1][9][1]'
INFO: [Synth 8-3886] merging instance 'blues_x_reg[1][4][10]' (FDRE) to 'reds_y_reg[1][9][1]'
INFO: [Synth 8-3886] merging instance 'blues_x_reg[1][5][0]' (FDRE) to 'reds_y_reg[1][9][1]'
INFO: [Synth 8-3886] merging instance 'blues_x_reg[1][5][1]' (FDRE) to 'reds_y_reg[1][9][1]'
INFO: [Synth 8-3886] merging instance 'blues_x_reg[1][5][2]' (FDRE) to 'reds_y_reg[1][9][1]'
INFO: [Synth 8-3886] merging instance 'blues_x_reg[1][5][3]' (FDSE) to 'reds_y_reg[1][9][3]'
INFO: [Synth 8-3886] merging instance 'blues_x_reg[1][5][4]' (FDSE) to 'reds_y_reg[1][9][3]'
INFO: [Synth 8-3886] merging instance 'blues_x_reg[1][5][5]' (FDSE) to 'reds_y_reg[1][9][3]'
INFO: [Synth 8-3886] merging instance 'blues_x_reg[1][5][6]' (FDRE) to 'reds_y_reg[1][9][1]'
INFO: [Synth 8-3886] merging instance 'blues_x_reg[1][5][7]' (FDSE) to 'reds_y_reg[1][9][3]'
INFO: [Synth 8-3886] merging instance 'blues_x_reg[1][5][8]' (FDSE) to 'reds_y_reg[1][9][3]'
INFO: [Synth 8-3886] merging instance 'blues_x_reg[1][5][9]' (FDRE) to 'reds_y_reg[1][9][1]'
INFO: [Synth 8-3886] merging instance 'blues_x_reg[1][5][10]' (FDRE) to 'reds_y_reg[1][9][1]'
INFO: [Synth 8-3886] merging instance 'blues_x_reg[1][6][0]' (FDSE) to 'reds_y_reg[1][9][3]'
INFO: [Synth 8-3886] merging instance 'blues_x_reg[1][7][0]' (FDRE) to 'reds_y_reg[1][9][1]'
INFO: [Synth 8-3886] merging instance 'blues_x_reg[1][8][0]' (FDSE) to 'reds_y_reg[1][9][3]'
INFO: [Synth 8-3886] merging instance 'blues_x_reg[1][8][1]' (FDSE) to 'reds_y_reg[1][9][3]'
INFO: [Synth 8-3886] merging instance 'blues_x_reg[1][8][2]' (FDSE) to 'reds_y_reg[1][9][3]'
INFO: [Synth 8-3886] merging instance 'blues_x_reg[1][8][3]' (FDSE) to 'reds_y_reg[1][9][3]'
INFO: [Synth 8-3886] merging instance 'blues_x_reg[1][8][4]' (FDSE) to 'reds_y_reg[1][9][3]'
INFO: [Synth 8-3886] merging instance 'blues_x_reg[1][8][5]' (FDSE) to 'reds_y_reg[1][9][3]'
INFO: [Synth 8-3886] merging instance 'blues_x_reg[1][8][6]' (FDRE) to 'reds_y_reg[1][9][1]'
INFO: [Synth 8-3886] merging instance 'blues_x_reg[1][8][7]' (FDRE) to 'reds_y_reg[1][9][1]'
INFO: [Synth 8-3886] merging instance 'blues_x_reg[1][8][8]' (FDRE) to 'reds_y_reg[1][9][1]'
INFO: [Synth 8-3886] merging instance 'blues_x_reg[1][8][9]' (FDSE) to 'reds_y_reg[1][9][3]'
INFO: [Synth 8-3886] merging instance 'blues_x_reg[1][8][10]' (FDRE) to 'reds_y_reg[1][9][1]'
INFO: [Synth 8-3886] merging instance 'blues_x_reg[1][1][9]' (FDRE) to 'reds_y_reg[1][9][1]'
INFO: [Synth 8-3886] merging instance 'blues_x_reg[1][1][8]' (FDSE) to 'reds_y_reg[1][9][3]'
INFO: [Synth 8-3886] merging instance 'blues_x_reg[1][1][7]' (FDRE) to 'reds_y_reg[1][9][1]'
INFO: [Synth 8-3886] merging instance 'blues_x_reg[1][1][6]' (FDRE) to 'reds_y_reg[1][9][1]'
INFO: [Synth 8-3886] merging instance 'blues_x_reg[1][1][5]' (FDRE) to 'reds_y_reg[1][9][1]'
INFO: [Synth 8-3886] merging instance 'blues_x_reg[1][1][1]' (FDRE) to 'reds_y_reg[1][9][1]'
INFO: [Synth 8-3886] merging instance 'blues_x_reg[1][1][2]' (FDSE) to 'reds_y_reg[1][9][3]'
INFO: [Synth 8-3886] merging instance 'blues_x_reg[1][1][3]' (FDRE) to 'reds_y_reg[1][9][1]'
INFO: [Synth 8-3886] merging instance 'blues_x_reg[1][1][4]' (FDRE) to 'reds_y_reg[1][9][1]'
INFO: [Synth 8-3886] merging instance 'blues_x_reg[1][1][10]' (FDRE) to 'reds_y_reg[1][9][1]'
INFO: [Synth 8-3886] merging instance 'blues_x_reg[1][9][0]' (FDRE) to 'reds_y_reg[1][9][1]'
INFO: [Synth 8-3886] merging instance 'blues_x_reg[1][9][1]' (FDRE) to 'reds_y_reg[1][9][1]'
INFO: [Synth 8-3886] merging instance 'blues_x_reg[1][9][2]' (FDSE) to 'reds_y_reg[1][9][3]'
INFO: [Synth 8-3886] merging instance 'blues_x_reg[1][9][3]' (FDSE) to 'reds_y_reg[1][9][3]'
INFO: [Synth 8-3886] merging instance 'blues_x_reg[1][9][4]' (FDRE) to 'reds_y_reg[1][9][1]'
INFO: [Synth 8-3886] merging instance 'blues_x_reg[1][9][5]' (FDSE) to 'reds_y_reg[1][9][3]'
INFO: [Synth 8-3886] merging instance 'blues_x_reg[1][9][6]' (FDSE) to 'reds_y_reg[1][9][3]'
INFO: [Synth 8-3886] merging instance 'blues_x_reg[1][9][7]' (FDRE) to 'reds_y_reg[1][9][1]'
INFO: [Synth 8-3886] merging instance 'blues_x_reg[1][9][8]' (FDRE) to 'reds_y_reg[1][9][1]'
INFO: [Synth 8-3886] merging instance 'blues_x_reg[1][9][9]' (FDSE) to 'reds_y_reg[1][9][3]'
INFO: [Synth 8-3886] merging instance 'blues_x_reg[1][9][10]' (FDRE) to 'reds_y_reg[1][9][1]'
INFO: [Synth 8-3886] merging instance 'reds_y_reg[0][9][0]' (FDRE) to 'reds_y_reg[1][9][1]'
INFO: [Synth 8-3886] merging instance 'reds_y_reg[0][9][1]' (FDRE) to 'reds_y_reg[1][9][1]'
INFO: [Synth 8-3886] merging instance 'reds_y_reg[0][9][2]' (FDSE) to 'reds_y_reg[1][9][3]'
INFO: [Synth 8-3886] merging instance 'reds_y_reg[0][9][3]' (FDSE) to 'reds_y_reg[1][9][3]'
INFO: [Synth 8-3886] merging instance 'reds_y_reg[0][9][4]' (FDSE) to 'reds_y_reg[1][9][3]'
INFO: [Synth 8-3886] merging instance 'reds_y_reg[0][9][5]' (FDSE) to 'reds_y_reg[1][9][3]'
INFO: [Synth 8-3886] merging instance 'reds_y_reg[0][9][6]' (FDRE) to 'reds_y_reg[1][9][1]'
INFO: [Synth 8-3886] merging instance 'reds_y_reg[0][9][7]' (FDRE) to 'reds_y_reg[1][9][1]'
INFO: [Synth 8-3886] merging instance 'reds_y_reg[0][9][8]' (FDRE) to 'reds_y_reg[1][9][1]'
INFO: [Synth 8-3886] merging instance 'reds_y_reg[0][9][9]' (FDRE) to 'reds_y_reg[1][9][1]'
INFO: [Synth 8-3886] merging instance 'blues_y_reg[0][9][0]' (FDRE) to 'reds_y_reg[1][9][1]'
INFO: [Synth 8-3886] merging instance 'blues_y_reg[0][9][1]' (FDSE) to 'reds_y_reg[1][9][3]'
INFO: [Synth 8-3886] merging instance 'blues_y_reg[0][9][2]' (FDSE) to 'reds_y_reg[1][9][3]'
INFO: [Synth 8-3886] merging instance 'blues_y_reg[0][9][3]' (FDRE) to 'reds_y_reg[1][9][1]'
INFO: [Synth 8-3886] merging instance 'blues_y_reg[0][9][4]' (FDSE) to 'reds_y_reg[1][9][3]'
INFO: [Synth 8-3886] merging instance 'blues_y_reg[0][9][5]' (FDRE) to 'reds_y_reg[1][9][1]'
INFO: [Synth 8-3886] merging instance 'blues_y_reg[0][9][6]' (FDRE) to 'reds_y_reg[1][9][1]'
INFO: [Synth 8-3886] merging instance 'blues_y_reg[0][9][7]' (FDSE) to 'reds_y_reg[1][9][3]'
INFO: [Synth 8-3886] merging instance 'blues_y_reg[0][9][8]' (FDRE) to 'reds_y_reg[1][9][1]'
INFO: [Synth 8-3886] merging instance 'blues_y_reg[0][9][9]' (FDRE) to 'reds_y_reg[1][9][1]'
INFO: [Synth 8-3886] merging instance 'reds_y_reg[1][9][8]' (FDRE) to 'reds_y_reg[1][9][1]'
INFO: [Synth 8-3886] merging instance 'reds_y_reg[1][9][7]' (FDRE) to 'reds_y_reg[1][9][1]'
INFO: [Synth 8-3886] merging instance 'reds_y_reg[1][9][6]' (FDSE) to 'reds_y_reg[1][9][3]'
INFO: [Synth 8-3886] merging instance 'reds_y_reg[1][9][5]' (FDSE) to 'reds_y_reg[1][9][3]'
INFO: [Synth 8-3886] merging instance 'reds_y_reg[1][9][1]' (FDRE) to 'reds_y_reg[1][9][2]'
INFO: [Synth 8-3886] merging instance 'reds_y_reg[1][9][2]' (FDRE) to 'reds_y_reg[1][9][4]'
INFO: [Synth 8-3886] merging instance 'reds_y_reg[1][9][3]' (FDSE) to 'blues_x_reg[1][3][1]'
INFO: [Synth 8-3886] merging instance 'reds_y_reg[1][9][4]' (FDRE) to 'reds_y_reg[1][9][9]'
INFO: [Synth 8-3886] merging instance 'reds_y_reg[1][9][9]' (FDRE) to 'blues_x_reg[1][3][5]'
INFO: [Synth 8-3886] merging instance 'blues_x_reg[1][0][9]' (FDRE) to 'blues_x_reg[1][3][5]'
INFO: [Synth 8-3886] merging instance 'blues_x_reg[1][0][8]' (FDRE) to 'blues_x_reg[1][3][5]'
INFO: [Synth 8-3886] merging instance 'blues_x_reg[1][0][7]' (FDSE) to 'blues_x_reg[1][3][1]'
INFO: [Synth 8-3886] merging instance 'blues_x_reg[1][0][6]' (FDSE) to 'blues_x_reg[1][3][1]'
INFO: [Synth 8-3886] merging instance 'blues_x_reg[1][0][5]' (FDRE) to 'blues_x_reg[1][3][5]'
INFO: [Synth 8-3886] merging instance 'blues_x_reg[1][0][1]' (FDSE) to 'blues_x_reg[1][3][1]'
INFO: [Synth 8-3886] merging instance 'blues_x_reg[1][0][2]' (FDSE) to 'blues_x_reg[1][3][1]'
INFO: [Synth 8-3886] merging instance 'blues_x_reg[1][0][3]' (FDRE) to 'blues_x_reg[1][3][5]'
INFO: [Synth 8-3886] merging instance 'blues_x_reg[1][0][4]' (FDSE) to 'blues_x_reg[1][3][1]'
INFO: [Common 17-14] Message 'Synth 8-3886' appears 100 times and further instances of the messages will be disabled. Use the Tcl command set_msg_config to change the current settings.
INFO: [Synth 8-3333] propagating constant 1 across sequential element (\blues_y_reg[1][9][1] )
INFO: [Synth 8-3333] propagating constant 0 across sequential element (\blues_y_reg[1][9][9] )
