GENOME NON_GENOME PIN 6: GENOME NON_GENOME PIN 4 GENOME NON_GENOME PIN 444
GENOME NON_GENOME PIN 4: GENOME NON_GENOME PIN 6 GENOME NON_GENOME PIN 442
GENOME NON_GENOME PIN 5: GENOME NON_GENOME PIN 8 GENOME NON_GENOME PIN 443
GENOME NON_GENOME PIN 8: GENOME NON_GENOME PIN 5 GENOME NON_GENOME PIN 449
GENOME NON_GENOME PIN 472: GENOME NON_GENOME PIN 18 GENOME NON_GENOME PIN 28
GENOME NON_GENOME PIN 18: GENOME NON_GENOME PIN 472
GENOME NON_GENOME PIN 473: GENOME NON_GENOME PIN 19 GENOME NON_GENOME PIN 29
GENOME NON_GENOME PIN 19: GENOME NON_GENOME PIN 473
GENOME NON_GENOME PIN 471: GENOME NON_GENOME PIN 27
GENOME NON_GENOME PIN 27: GENOME NON_GENOME PIN 471
GENOME NON_GENOME PIN 28: GENOME NON_GENOME PIN 472
GENOME NON_GENOME PIN 29: GENOME NON_GENOME PIN 473
GENOME NON_GENOME PIN 102: GENOME NON_GENOME PIN 40 GENOME NON_GENOME PIN 38
GENOME NON_GENOME PIN 40: GENOME NON_GENOME PIN 102
GENOME NON_GENOME PIN 416: GENOME NON_GENOME PIN 58
GENOME NON_GENOME PIN 58: GENOME NON_GENOME PIN 416
GENOME NON_GENOME PIN 417: GENOME NON_GENOME PIN 59 GENOME NON_GENOME PIN 70
GENOME NON_GENOME PIN 59: GENOME NON_GENOME PIN 417
GENOME NON_GENOME PIN 418: GENOME NON_GENOME PIN 60 GENOME NON_GENOME PIN 71
GENOME NON_GENOME PIN 60: GENOME NON_GENOME PIN 418
GENOME NON_GENOME PIN 70: GENOME NON_GENOME PIN 417
GENOME NON_GENOME PIN 71: GENOME NON_GENOME PIN 418
GENOME NON_GENOME PIN 196: GENOME NON_GENOME PIN 85
GENOME NON_GENOME PIN 85: GENOME NON_GENOME PIN 196
GENOME NON_GENOME PIN 153: GENOME NON_GENOME PIN 143
GENOME NON_GENOME PIN 143: GENOME NON_GENOME PIN 153
GENOME NON_GENOME PIN 105: GENOME NON_GENOME PIN 176
GENOME NON_GENOME PIN 176: GENOME NON_GENOME PIN 105
GENOME NON_GENOME PIN 351: GENOME NON_GENOME PIN 177 GENOME NON_GENOME PIN 349
GENOME NON_GENOME PIN 177: GENOME NON_GENOME PIN 351 GENOME NON_GENOME PIN 178 GENOME NON_GENOME PIN 179 GENOME NON_GENOME PIN 180
GENOME NON_GENOME PIN 352: GENOME NON_GENOME PIN 199 GENOME NON_GENOME PIN 349
GENOME NON_GENOME PIN 199: GENOME NON_GENOME PIN 352
GENOME NON_GENOME PIN 353: GENOME NON_GENOME PIN 201
GENOME NON_GENOME PIN 201: GENOME NON_GENOME PIN 353 GENOME NON_GENOME PIN 202 GENOME NON_GENOME PIN 203 GENOME NON_GENOME PIN 204
GENOME NON_GENOME PIN 354: GENOME NON_GENOME PIN 202
GENOME NON_GENOME PIN 202: GENOME NON_GENOME PIN 354 GENOME NON_GENOME PIN 201
GENOME NON_GENOME PIN 355: GENOME NON_GENOME PIN 203
GENOME NON_GENOME PIN 203: GENOME NON_GENOME PIN 355 GENOME NON_GENOME PIN 201
GENOME NON_GENOME PIN 356: GENOME NON_GENOME PIN 204
GENOME NON_GENOME PIN 204: GENOME NON_GENOME PIN 356 GENOME NON_GENOME PIN 201
GENOME NON_GENOME PIN 359: GENOME NON_GENOME PIN 205
GENOME NON_GENOME PIN 205: GENOME NON_GENOME PIN 359
GENOME NON_GENOME PIN 357: GENOME NON_GENOME PIN 207
GENOME NON_GENOME PIN 207: GENOME NON_GENOME PIN 357
GENOME NON_GENOME PIN 438: GENOME NON_GENOME PIN 0
GENOME NON_GENOME PIN 0: GENOME NON_GENOME PIN 438
GENOME NON_GENOME PIN 439: GENOME NON_GENOME PIN 1
GENOME NON_GENOME PIN 1: GENOME NON_GENOME PIN 439
GENOME NON_GENOME PIN 440: GENOME NON_GENOME PIN 2
GENOME NON_GENOME PIN 2: GENOME NON_GENOME PIN 440
GENOME NON_GENOME PIN 441: GENOME NON_GENOME PIN 3
GENOME NON_GENOME PIN 3: GENOME NON_GENOME PIN 441
GENOME NON_GENOME PIN 442: GENOME NON_GENOME PIN 4
GENOME NON_GENOME PIN 443: GENOME NON_GENOME PIN 5
GENOME NON_GENOME PIN 444: GENOME NON_GENOME PIN 6
GENOME NON_GENOME PIN 446: GENOME NON_GENOME PIN 7
GENOME NON_GENOME PIN 7: GENOME NON_GENOME PIN 446
GENOME NON_GENOME PIN 449: GENOME NON_GENOME PIN 8
GENOME NON_GENOME PIN 430: GENOME NON_GENOME PIN 41
GENOME NON_GENOME PIN 41: GENOME NON_GENOME PIN 430
GENOME NON_GENOME PIN 432: GENOME NON_GENOME PIN 42
GENOME NON_GENOME PIN 42: GENOME NON_GENOME PIN 432
GENOME NON_GENOME PIN 433: GENOME NON_GENOME PIN 54
GENOME NON_GENOME PIN 54: GENOME NON_GENOME PIN 433
GENOME NON_GENOME PIN 434: GENOME NON_GENOME PIN 55
GENOME NON_GENOME PIN 55: GENOME NON_GENOME PIN 434
GENOME NON_GENOME PIN 437: GENOME NON_GENOME PIN 66
GENOME NON_GENOME PIN 66: GENOME NON_GENOME PIN 437
GENOME NON_GENOME PIN 97: GENOME NON_GENOME PIN 98 GENOME NON_GENOME PIN 99 GENOME NON_GENOME PIN 100
GENOME NON_GENOME PIN 98: GENOME NON_GENOME PIN 97
GENOME NON_GENOME PIN 99: GENOME NON_GENOME PIN 97
GENOME NON_GENOME PIN 100: GENOME NON_GENOME PIN 97
GENOME NON_GENOME PIN 109: GENOME NON_GENOME PIN 110 GENOME NON_GENOME PIN 111 GENOME NON_GENOME PIN 112
GENOME NON_GENOME PIN 110: GENOME NON_GENOME PIN 109
GENOME NON_GENOME PIN 111: GENOME NON_GENOME PIN 109
GENOME NON_GENOME PIN 112: GENOME NON_GENOME PIN 109
GENOME NON_GENOME PIN 121: GENOME NON_GENOME PIN 122 GENOME NON_GENOME PIN 123 GENOME NON_GENOME PIN 124
GENOME NON_GENOME PIN 122: GENOME NON_GENOME PIN 121
GENOME NON_GENOME PIN 123: GENOME NON_GENOME PIN 121
GENOME NON_GENOME PIN 124: GENOME NON_GENOME PIN 121
GENOME NON_GENOME PIN 133: GENOME NON_GENOME PIN 134 GENOME NON_GENOME PIN 135 GENOME NON_GENOME PIN 136
GENOME NON_GENOME PIN 134: GENOME NON_GENOME PIN 133
GENOME NON_GENOME PIN 135: GENOME NON_GENOME PIN 133
GENOME NON_GENOME PIN 136: GENOME NON_GENOME PIN 133
GENOME NON_GENOME PIN 145: GENOME NON_GENOME PIN 146 GENOME NON_GENOME PIN 147 GENOME NON_GENOME PIN 148
GENOME NON_GENOME PIN 146: GENOME NON_GENOME PIN 145
GENOME NON_GENOME PIN 147: GENOME NON_GENOME PIN 145
GENOME NON_GENOME PIN 148: GENOME NON_GENOME PIN 145
GENOME NON_GENOME PIN 165: GENOME NON_GENOME PIN 166 GENOME NON_GENOME PIN 167 GENOME NON_GENOME PIN 168
GENOME NON_GENOME PIN 166: GENOME NON_GENOME PIN 165
GENOME NON_GENOME PIN 167: GENOME NON_GENOME PIN 165
GENOME NON_GENOME PIN 168: GENOME NON_GENOME PIN 165
GENOME NON_GENOME PIN 178: GENOME NON_GENOME PIN 177
GENOME NON_GENOME PIN 179: GENOME NON_GENOME PIN 177
GENOME NON_GENOME PIN 180: GENOME NON_GENOME PIN 177
GENOME NON_GENOME PIN 189: GENOME NON_GENOME PIN 190 GENOME NON_GENOME PIN 191 GENOME NON_GENOME PIN 192
GENOME NON_GENOME PIN 190: GENOME NON_GENOME PIN 189
GENOME NON_GENOME PIN 191: GENOME NON_GENOME PIN 189
GENOME NON_GENOME PIN 192: GENOME NON_GENOME PIN 189
GENOME NON_GENOME PIN 213: GENOME NON_GENOME PIN 214 GENOME NON_GENOME PIN 215 GENOME NON_GENOME PIN 216
GENOME NON_GENOME PIN 214: GENOME NON_GENOME PIN 213
GENOME NON_GENOME PIN 215: GENOME NON_GENOME PIN 213
GENOME NON_GENOME PIN 216: GENOME NON_GENOME PIN 213
GENOME NON_GENOME PIN 225: GENOME NON_GENOME PIN 226 GENOME NON_GENOME PIN 227 GENOME NON_GENOME PIN 228
GENOME NON_GENOME PIN 226: GENOME NON_GENOME PIN 225
GENOME NON_GENOME PIN 227: GENOME NON_GENOME PIN 225
GENOME NON_GENOME PIN 228: GENOME NON_GENOME PIN 225
GENOME NON_GENOME PIN 237: GENOME NON_GENOME PIN 238 GENOME NON_GENOME PIN 239 GENOME NON_GENOME PIN 240
GENOME NON_GENOME PIN 238: GENOME NON_GENOME PIN 237
GENOME NON_GENOME PIN 239: GENOME NON_GENOME PIN 237
GENOME NON_GENOME PIN 240: GENOME NON_GENOME PIN 237
GENOME NON_GENOME PIN 249: GENOME NON_GENOME PIN 250 GENOME NON_GENOME PIN 251 GENOME NON_GENOME PIN 252
GENOME NON_GENOME PIN 250: GENOME NON_GENOME PIN 249
GENOME NON_GENOME PIN 251: GENOME NON_GENOME PIN 249
GENOME NON_GENOME PIN 252: GENOME NON_GENOME PIN 249
GENOME NON_GENOME PIN 253: GENOME NON_GENOME PIN 254 GENOME NON_GENOME PIN 255 GENOME NON_GENOME PIN 256
GENOME NON_GENOME PIN 254: GENOME NON_GENOME PIN 253
GENOME NON_GENOME PIN 255: GENOME NON_GENOME PIN 253
GENOME NON_GENOME PIN 256: GENOME NON_GENOME PIN 253
GENOME NON_GENOME PIN 276: GENOME NON_GENOME PIN 277 GENOME NON_GENOME PIN 278 GENOME NON_GENOME PIN 279
GENOME NON_GENOME PIN 277: GENOME NON_GENOME PIN 276
GENOME NON_GENOME PIN 278: GENOME NON_GENOME PIN 276
GENOME NON_GENOME PIN 279: GENOME NON_GENOME PIN 276
GENOME NON_GENOME PIN 288: GENOME NON_GENOME PIN 289 GENOME NON_GENOME PIN 290 GENOME NON_GENOME PIN 291
GENOME NON_GENOME PIN 289: GENOME NON_GENOME PIN 288
GENOME NON_GENOME PIN 290: GENOME NON_GENOME PIN 288
GENOME NON_GENOME PIN 291: GENOME NON_GENOME PIN 288
GENOME NON_GENOME PIN 300: GENOME NON_GENOME PIN 301 GENOME NON_GENOME PIN 302 GENOME NON_GENOME PIN 303
GENOME NON_GENOME PIN 301: GENOME NON_GENOME PIN 300
GENOME NON_GENOME PIN 302: GENOME NON_GENOME PIN 300
GENOME NON_GENOME PIN 303: GENOME NON_GENOME PIN 300
GENOME NON_GENOME PIN 312: GENOME NON_GENOME PIN 313 GENOME NON_GENOME PIN 314 GENOME NON_GENOME PIN 315
GENOME NON_GENOME PIN 313: GENOME NON_GENOME PIN 312
GENOME NON_GENOME PIN 314: GENOME NON_GENOME PIN 312
GENOME NON_GENOME PIN 315: GENOME NON_GENOME PIN 312
GENOME NON_GENOME PIN 325: GENOME NON_GENOME PIN 326 GENOME NON_GENOME PIN 327 GENOME NON_GENOME PIN 328
GENOME NON_GENOME PIN 326: GENOME NON_GENOME PIN 325
GENOME NON_GENOME PIN 327: GENOME NON_GENOME PIN 325
GENOME NON_GENOME PIN 328: GENOME NON_GENOME PIN 325
GENOME NON_GENOME PIN 345: GENOME NON_GENOME PIN 346 GENOME NON_GENOME PIN 347 GENOME NON_GENOME PIN 348
GENOME NON_GENOME PIN 346: GENOME NON_GENOME PIN 345
GENOME NON_GENOME PIN 347: GENOME NON_GENOME PIN 345
GENOME NON_GENOME PIN 348: GENOME NON_GENOME PIN 345
GENOME NON_GENOME PIN 349: GENOME NON_GENOME PIN 350 GENOME NON_GENOME PIN 351 GENOME NON_GENOME PIN 352
GENOME NON_GENOME PIN 350: GENOME NON_GENOME PIN 349
GENOME NON_GENOME PIN 369: GENOME NON_GENOME PIN 370 GENOME NON_GENOME PIN 371 GENOME NON_GENOME PIN 372
GENOME NON_GENOME PIN 370: GENOME NON_GENOME PIN 369
GENOME NON_GENOME PIN 371: GENOME NON_GENOME PIN 369
GENOME NON_GENOME PIN 372: GENOME NON_GENOME PIN 369
GENOME NON_GENOME PIN 373: GENOME NON_GENOME PIN 374 GENOME NON_GENOME PIN 375 GENOME NON_GENOME PIN 376 GENOME NON_GENOME PIN 377 GENOME NON_GENOME PIN 378 GENOME NON_GENOME PIN 379 GENOME NON_GENOME PIN 380 GENOME NON_GENOME PIN 381 GENOME NON_GENOME PIN 382 GENOME NON_GENOME PIN 383 GENOME NON_GENOME PIN 384
GENOME NON_GENOME PIN 374: GENOME NON_GENOME PIN 373
GENOME NON_GENOME PIN 375: GENOME NON_GENOME PIN 373
GENOME NON_GENOME PIN 376: GENOME NON_GENOME PIN 373
GENOME NON_GENOME PIN 377: GENOME NON_GENOME PIN 373
GENOME NON_GENOME PIN 378: GENOME NON_GENOME PIN 373
GENOME NON_GENOME PIN 379: GENOME NON_GENOME PIN 373
GENOME NON_GENOME PIN 380: GENOME NON_GENOME PIN 373
GENOME NON_GENOME PIN 381: GENOME NON_GENOME PIN 373
GENOME NON_GENOME PIN 382: GENOME NON_GENOME PIN 373
GENOME NON_GENOME PIN 383: GENOME NON_GENOME PIN 373
GENOME NON_GENOME PIN 384: GENOME NON_GENOME PIN 373
GENOME NON_GENOME PIN 385: GENOME NON_GENOME PIN 386 GENOME NON_GENOME PIN 387 GENOME NON_GENOME PIN 388 GENOME NON_GENOME PIN 389 GENOME NON_GENOME PIN 390 GENOME NON_GENOME PIN 391 GENOME NON_GENOME PIN 392 GENOME NON_GENOME PIN 393 GENOME NON_GENOME PIN 394 GENOME NON_GENOME PIN 395 GENOME NON_GENOME PIN 396
GENOME NON_GENOME PIN 386: GENOME NON_GENOME PIN 385
GENOME NON_GENOME PIN 387: GENOME NON_GENOME PIN 385
GENOME NON_GENOME PIN 388: GENOME NON_GENOME PIN 385
GENOME NON_GENOME PIN 389: GENOME NON_GENOME PIN 385
GENOME NON_GENOME PIN 390: GENOME NON_GENOME PIN 385
GENOME NON_GENOME PIN 391: GENOME NON_GENOME PIN 385
GENOME NON_GENOME PIN 392: GENOME NON_GENOME PIN 385
GENOME NON_GENOME PIN 393: GENOME NON_GENOME PIN 385
GENOME NON_GENOME PIN 394: GENOME NON_GENOME PIN 385
GENOME NON_GENOME PIN 395: GENOME NON_GENOME PIN 385
GENOME NON_GENOME PIN 396: GENOME NON_GENOME PIN 385
GENOME NON_GENOME PIN 397: GENOME NON_GENOME PIN 398 GENOME NON_GENOME PIN 399 GENOME NON_GENOME PIN 400 GENOME NON_GENOME PIN 401 GENOME NON_GENOME PIN 402 GENOME NON_GENOME PIN 403 GENOME NON_GENOME PIN 404 GENOME NON_GENOME PIN 405 GENOME NON_GENOME PIN 406 GENOME NON_GENOME PIN 407 GENOME NON_GENOME PIN 408
GENOME NON_GENOME PIN 398: GENOME NON_GENOME PIN 397
GENOME NON_GENOME PIN 399: GENOME NON_GENOME PIN 397
GENOME NON_GENOME PIN 400: GENOME NON_GENOME PIN 397
GENOME NON_GENOME PIN 401: GENOME NON_GENOME PIN 397
GENOME NON_GENOME PIN 402: GENOME NON_GENOME PIN 397
GENOME NON_GENOME PIN 403: GENOME NON_GENOME PIN 397
GENOME NON_GENOME PIN 404: GENOME NON_GENOME PIN 397
GENOME NON_GENOME PIN 405: GENOME NON_GENOME PIN 397
GENOME NON_GENOME PIN 406: GENOME NON_GENOME PIN 397
GENOME NON_GENOME PIN 407: GENOME NON_GENOME PIN 397
GENOME NON_GENOME PIN 408: GENOME NON_GENOME PIN 397
INST gameplay_screen__GB2 PIN 461: INST top_level__GC0 PIN 40 TYPE 5
INST gameplay_screen__GB2 PIN 20: INST gameplay_screen__GB3 PIN 440 TYPE 0 INST gameplay_screen__GB1 PIN 259 TYPE 0 GENOME gameplay_screen__GB2 PIN 20
INST gameplay_screen__GB2 PIN 21: INST gameplay_screen__GB3 PIN 441 TYPE 0 INST gameplay_screen__GB1 PIN 260 TYPE 0 GENOME gameplay_screen__GB2 PIN 21
INST gameplay_screen__GB2 PIN 22: INST gameplay_screen__GB3 PIN 442 TYPE 1 INST gameplay_screen__GB1 PIN 261 TYPE 1 GENOME gameplay_screen__GB2 PIN 22
INST gameplay_screen__GB2 PIN 23: INST gameplay_screen__GB3 PIN 443 TYPE 0 INST gameplay_screen__GB1 PIN 262 TYPE 0 GENOME gameplay_screen__GB2 PIN 23
INST gameplay_screen__GB2 PIN 24: INST gameplay_screen__GB3 PIN 444 TYPE 1 INST gameplay_screen__GB1 PIN 263 TYPE 1 GENOME gameplay_screen__GB2 PIN 24
INST gameplay_screen__GB2 PIN 25: INST gameplay_screen__GB3 PIN 445 TYPE 1 INST gameplay_screen__GB1 PIN 264 TYPE 1 GENOME gameplay_screen__GB2 PIN 25
INST gameplay_screen__GB2 PIN 26: INST gameplay_screen__GB3 PIN 446 TYPE 1 INST gameplay_screen__GB1 PIN 265 TYPE 1 GENOME gameplay_screen__GB2 PIN 26
INST gameplay_screen__GB2 PIN 27: INST gameplay_screen__GB3 PIN 447 TYPE 1 INST gameplay_screen__GB1 PIN 266 TYPE 1 GENOME gameplay_screen__GB2 PIN 27
INST gameplay_screen__GB2 PIN 28: INST gameplay_screen__GB3 PIN 448 TYPE 1 INST gameplay_screen__GB1 PIN 267 TYPE 1 GENOME gameplay_screen__GB2 PIN 28
INST gameplay_screen__GB2 PIN 29: INST gameplay_screen__GB3 PIN 449 TYPE 0 INST gameplay_screen__GB1 PIN 268 TYPE 0 GENOME gameplay_screen__GB2 PIN 29
INST gameplay_screen__GB2 PIN 44: INST gameplay_screen__GB9 PIN 275 TYPE 0 INST gameplay_screen__GB3 PIN 430 TYPE 0 INST gameplay_screen__GB1 PIN 269 TYPE 0 GENOME gameplay_screen__GB2 PIN 44
INST gameplay_screen__GB2 PIN 45: INST gameplay_screen__GB9 PIN 276 TYPE 0 INST gameplay_screen__GB3 PIN 431 TYPE 0 INST gameplay_screen__GB1 PIN 270 TYPE 0 GENOME gameplay_screen__GB2 PIN 45
INST gameplay_screen__GB2 PIN 46: INST gameplay_screen__GB9 PIN 277 TYPE 1 INST gameplay_screen__GB3 PIN 432 TYPE 1 INST gameplay_screen__GB1 PIN 271 TYPE 1 GENOME gameplay_screen__GB2 PIN 46
INST gameplay_screen__GB2 PIN 47: INST gameplay_screen__GB9 PIN 278 TYPE 0 INST gameplay_screen__GB3 PIN 433 TYPE 0 INST gameplay_screen__GB1 PIN 272 TYPE 0 GENOME gameplay_screen__GB2 PIN 47
INST gameplay_screen__GB2 PIN 48: INST gameplay_screen__GB9 PIN 279 TYPE 1 INST gameplay_screen__GB3 PIN 434 TYPE 1 INST gameplay_screen__GB1 PIN 273 TYPE 1 GENOME gameplay_screen__GB2 PIN 48
INST gameplay_screen__GB2 PIN 49: INST gameplay_screen__GB9 PIN 280 TYPE 1 INST gameplay_screen__GB3 PIN 435 TYPE 1 INST gameplay_screen__GB1 PIN 274 TYPE 1 GENOME gameplay_screen__GB2 PIN 49
INST gameplay_screen__GB2 PIN 50: INST gameplay_screen__GB9 PIN 281 TYPE 0 INST gameplay_screen__GB3 PIN 436 TYPE 0 INST gameplay_screen__GB1 PIN 275 TYPE 0 GENOME gameplay_screen__GB2 PIN 50
INST gameplay_screen__GB2 PIN 51: INST gameplay_screen__GB9 PIN 282 TYPE 1 INST gameplay_screen__GB3 PIN 437 TYPE 1 INST gameplay_screen__GB1 PIN 276 TYPE 1 GENOME gameplay_screen__GB2 PIN 51
INST gameplay_screen__GB2 PIN 52: INST gameplay_screen__GB9 PIN 283 TYPE 0 INST gameplay_screen__GB3 PIN 438 TYPE 0 INST gameplay_screen__GB1 PIN 277 TYPE 0 GENOME gameplay_screen__GB2 PIN 52
INST gameplay_screen__GB2 PIN 53: INST gameplay_screen__GB9 PIN 284 TYPE 0 INST gameplay_screen__GB3 PIN 439 TYPE 0 INST gameplay_screen__GB1 PIN 278 TYPE 0 GENOME gameplay_screen__GB2 PIN 53
INST gameplay_screen__GB2 PIN 67: INST gameplay_screen__GB1 PIN 464 TYPE 0 INST gameplay_screen__GB0 PIN 923 TYPE 0 GENOME gameplay_screen__GB2 PIN 67
INST gameplay_screen__GB2 PIN 68: INST gameplay_screen__GB1 PIN 465 TYPE 0 INST gameplay_screen__GB0 PIN 924 TYPE 0 GENOME gameplay_screen__GB2 PIN 68
INST gameplay_screen__GB2 PIN 69: INST gameplay_screen__GB1 PIN 466 TYPE 0 INST gameplay_screen__GB0 PIN 925 TYPE 0 GENOME gameplay_screen__GB2 PIN 69
INST gameplay_screen__GB2 PIN 70: INST gameplay_screen__GB1 PIN 467 TYPE 1 INST gameplay_screen__GB0 PIN 926 TYPE 1 GENOME gameplay_screen__GB2 PIN 70
INST gameplay_screen__GB2 PIN 71: INST gameplay_screen__GB1 PIN 468 TYPE 0 INST gameplay_screen__GB0 PIN 927 TYPE 0 GENOME gameplay_screen__GB2 PIN 71
INST gameplay_screen__GB2 PIN 72: INST gameplay_screen__GB1 PIN 469 TYPE 0 INST gameplay_screen__GB0 PIN 928 TYPE 0 GENOME gameplay_screen__GB2 PIN 72
INST gameplay_screen__GB2 PIN 73: INST gameplay_screen__GB1 PIN 470 TYPE 0 INST gameplay_screen__GB0 PIN 929 TYPE 0 GENOME gameplay_screen__GB2 PIN 73
INST gameplay_screen__GB2 PIN 74: INST gameplay_screen__GB1 PIN 471 TYPE 1 INST gameplay_screen__GB0 PIN 930 TYPE 1 GENOME gameplay_screen__GB2 PIN 74
INST gameplay_screen__GB2 PIN 75: INST gameplay_screen__GB1 PIN 472 TYPE 1 INST gameplay_screen__GB0 PIN 931 TYPE 1 GENOME gameplay_screen__GB2 PIN 75
INST gameplay_screen__GB2 PIN 76: INST gameplay_screen__GB1 PIN 473 TYPE 0 INST gameplay_screen__GB0 PIN 932 TYPE 0 GENOME gameplay_screen__GB2 PIN 76
INST gameplay_screen__GB11 PIN 499: INST gameplay_screen__GB1 PIN 59 TYPE 3 INST gameplay_screen__GB3 PIN 408 TYPE 4
INST gameplay_screen__GB11 PIN 500: INST gameplay_screen__GB1 PIN 60 TYPE 3 INST gameplay_screen__GB3 PIN 409 TYPE 4 INST gameplay_screen__GB1 PIN 71 TYPE 3 INST gameplay_screen__GB3 PIN 419 TYPE 4
INST gameplay_screen__GB1 PIN 27: INST gameplay_screen__GB3 PIN 457 TYPE 0 GENOME gameplay_screen__GB1 PIN 27
INST gameplay_screen__GB1 PIN 28: INST gameplay_screen__GB3 PIN 458 TYPE 1 GENOME gameplay_screen__GB1 PIN 28
INST gameplay_screen__GB1 PIN 29: INST gameplay_screen__GB3 PIN 459 TYPE 0 GENOME gameplay_screen__GB1 PIN 29
INST gameplay_screen__GB1 PIN 18: INST gameplay_screen__GB3 PIN 468 TYPE 0 GENOME gameplay_screen__GB1 PIN 18
INST gameplay_screen__GB1 PIN 19: INST gameplay_screen__GB3 PIN 469 TYPE 0 GENOME gameplay_screen__GB1 PIN 19
INST gameplay_screen__GB2 PIN 266: INST gameplay_screen__GB3 PIN 712 TYPE 0 GENOME gameplay_screen__GB2 PIN 266
INST gameplay_screen__GB2 PIN 267: INST gameplay_screen__GB3 PIN 713 TYPE 0 GENOME gameplay_screen__GB2 PIN 267
INST gameplay_screen__GB2 PIN 268: INST gameplay_screen__GB3 PIN 714 TYPE 0 GENOME gameplay_screen__GB2 PIN 268
INST gameplay_screen__GB2 PIN 269: INST gameplay_screen__GB3 PIN 715 TYPE 1 GENOME gameplay_screen__GB2 PIN 269
INST gameplay_screen__GB2 PIN 270: INST gameplay_screen__GB3 PIN 716 TYPE 1 GENOME gameplay_screen__GB2 PIN 270
INST gameplay_screen__GB2 PIN 271: INST gameplay_screen__GB3 PIN 717 TYPE 1 GENOME gameplay_screen__GB2 PIN 271
INST gameplay_screen__GB2 PIN 272: INST gameplay_screen__GB3 PIN 718 TYPE 0 GENOME gameplay_screen__GB2 PIN 272
INST gameplay_screen__GB2 PIN 273: INST gameplay_screen__GB3 PIN 719 TYPE 0 GENOME gameplay_screen__GB2 PIN 273
INST gameplay_screen__GB2 PIN 274: INST gameplay_screen__GB3 PIN 720 TYPE 1 GENOME gameplay_screen__GB2 PIN 274
INST gameplay_screen__GB2 PIN 275: INST gameplay_screen__GB3 PIN 721 TYPE 1 GENOME gameplay_screen__GB2 PIN 275
INST gameplay_screen__GB2 PIN 97: INST gameplay_screen__GB2 PIN 98 TYPE 2 INST gameplay_screen__GB0 PIN 1521 TYPE 4 INST gameplay_screen__GB2 PIN 99 TYPE 2 INST gameplay_screen__GB0 PIN 1522 TYPE 4 INST gameplay_screen__GB2 PIN 100 TYPE 2 INST gameplay_screen__GB0 PIN 1523 TYPE 4
INST gameplay_screen__GB2 PIN 101: INST gameplay_screen__GB0 PIN 1524 TYPE 0 GENOME gameplay_screen__GB2 PIN 101
INST gameplay_screen__GB2 PIN 102: INST gameplay_screen__GB0 PIN 1525 TYPE 0 GENOME gameplay_screen__GB2 PIN 102
INST gameplay_screen__GB2 PIN 103: INST gameplay_screen__GB0 PIN 1526 TYPE 0 GENOME gameplay_screen__GB2 PIN 103
INST gameplay_screen__GB2 PIN 104: INST gameplay_screen__GB0 PIN 1527 TYPE 0 GENOME gameplay_screen__GB2 PIN 104
INST gameplay_screen__GB2 PIN 105: INST gameplay_screen__GB0 PIN 1528 TYPE 0 GENOME gameplay_screen__GB2 PIN 105
INST gameplay_screen__GB2 PIN 106: INST gameplay_screen__GB0 PIN 1529 TYPE 0 GENOME gameplay_screen__GB2 PIN 106
INST gameplay_screen__GB2 PIN 107: INST gameplay_screen__GB0 PIN 1530 TYPE 0 GENOME gameplay_screen__GB2 PIN 107
INST gameplay_screen__GB2 PIN 108: INST gameplay_screen__GB0 PIN 1531 TYPE 0 GENOME gameplay_screen__GB2 PIN 108
INST gameplay_screen__GB2 PIN 109: INST gameplay_screen__GB2 PIN 110 TYPE 2 INST gameplay_screen__GB0 PIN 1533 TYPE 4 INST gameplay_screen__GB2 PIN 111 TYPE 2 INST gameplay_screen__GB0 PIN 1534 TYPE 4 INST gameplay_screen__GB2 PIN 112 TYPE 2 INST gameplay_screen__GB0 PIN 1535 TYPE 4
INST gameplay_screen__GB2 PIN 113: INST gameplay_screen__GB0 PIN 1536 TYPE 0 GENOME gameplay_screen__GB2 PIN 113
INST gameplay_screen__GB2 PIN 114: INST gameplay_screen__GB0 PIN 1537 TYPE 0 GENOME gameplay_screen__GB2 PIN 114
INST gameplay_screen__GB2 PIN 115: INST gameplay_screen__GB0 PIN 1538 TYPE 0 GENOME gameplay_screen__GB2 PIN 115
INST gameplay_screen__GB2 PIN 116: INST gameplay_screen__GB0 PIN 1539 TYPE 0 GENOME gameplay_screen__GB2 PIN 116
INST gameplay_screen__GB2 PIN 117: INST gameplay_screen__GB0 PIN 1540 TYPE 0 GENOME gameplay_screen__GB2 PIN 117
INST gameplay_screen__GB2 PIN 118: INST gameplay_screen__GB0 PIN 1541 TYPE 0 GENOME gameplay_screen__GB2 PIN 118
INST gameplay_screen__GB2 PIN 119: INST gameplay_screen__GB0 PIN 1542 TYPE 0 GENOME gameplay_screen__GB2 PIN 119
INST gameplay_screen__GB2 PIN 120: INST gameplay_screen__GB0 PIN 1543 TYPE 0 GENOME gameplay_screen__GB2 PIN 120
INST gameplay_screen__GB2 PIN 121: INST gameplay_screen__GB2 PIN 122 TYPE 2 INST gameplay_screen__GB0 PIN 1545 TYPE 4 INST gameplay_screen__GB2 PIN 123 TYPE 2 INST gameplay_screen__GB0 PIN 1546 TYPE 4 INST gameplay_screen__GB2 PIN 124 TYPE 2 INST gameplay_screen__GB0 PIN 1547 TYPE 4
INST gameplay_screen__GB2 PIN 125: INST gameplay_screen__GB0 PIN 1548 TYPE 0 GENOME gameplay_screen__GB2 PIN 125
INST gameplay_screen__GB2 PIN 126: INST gameplay_screen__GB0 PIN 1549 TYPE 0 GENOME gameplay_screen__GB2 PIN 126
INST gameplay_screen__GB2 PIN 127: INST gameplay_screen__GB0 PIN 1550 TYPE 0 GENOME gameplay_screen__GB2 PIN 127
INST gameplay_screen__GB2 PIN 128: INST gameplay_screen__GB0 PIN 1551 TYPE 0 GENOME gameplay_screen__GB2 PIN 128
INST gameplay_screen__GB2 PIN 129: INST gameplay_screen__GB0 PIN 1552 TYPE 0 GENOME gameplay_screen__GB2 PIN 129
INST gameplay_screen__GB2 PIN 130: INST gameplay_screen__GB0 PIN 1553 TYPE 0 GENOME gameplay_screen__GB2 PIN 130
INST gameplay_screen__GB2 PIN 131: INST gameplay_screen__GB0 PIN 1554 TYPE 0 GENOME gameplay_screen__GB2 PIN 131
INST gameplay_screen__GB2 PIN 132: INST gameplay_screen__GB0 PIN 1555 TYPE 0 GENOME gameplay_screen__GB2 PIN 132
INST gameplay_screen__GB2 PIN 133: INST gameplay_screen__GB2 PIN 134 TYPE 2 INST gameplay_screen__GB0 PIN 1629 TYPE 4 INST gameplay_screen__GB2 PIN 135 TYPE 2 INST gameplay_screen__GB0 PIN 1630 TYPE 4 INST gameplay_screen__GB2 PIN 136 TYPE 2 INST gameplay_screen__GB0 PIN 1631 TYPE 4
INST gameplay_screen__GB2 PIN 137: INST gameplay_screen__GB0 PIN 1632 TYPE 0 GENOME gameplay_screen__GB2 PIN 137
INST gameplay_screen__GB2 PIN 138: INST gameplay_screen__GB0 PIN 1633 TYPE 0 GENOME gameplay_screen__GB2 PIN 138
INST gameplay_screen__GB2 PIN 139: INST gameplay_screen__GB0 PIN 1634 TYPE 0 GENOME gameplay_screen__GB2 PIN 139
INST gameplay_screen__GB2 PIN 140: INST gameplay_screen__GB0 PIN 1635 TYPE 0 GENOME gameplay_screen__GB2 PIN 140
INST gameplay_screen__GB2 PIN 141: INST gameplay_screen__GB0 PIN 1636 TYPE 0 GENOME gameplay_screen__GB2 PIN 141
INST gameplay_screen__GB2 PIN 142: INST gameplay_screen__GB0 PIN 1637 TYPE 0 GENOME gameplay_screen__GB2 PIN 142
INST gameplay_screen__GB2 PIN 143: INST gameplay_screen__GB0 PIN 1638 TYPE 0 GENOME gameplay_screen__GB2 PIN 143
INST gameplay_screen__GB2 PIN 144: INST gameplay_screen__GB0 PIN 1639 TYPE 0 GENOME gameplay_screen__GB2 PIN 144
INST gameplay_screen__GB2 PIN 145: INST gameplay_screen__GB2 PIN 146 TYPE 2 INST gameplay_screen__GB0 PIN 1641 TYPE 4 INST gameplay_screen__GB2 PIN 147 TYPE 2 INST gameplay_screen__GB0 PIN 1642 TYPE 4 INST gameplay_screen__GB2 PIN 148 TYPE 2 INST gameplay_screen__GB0 PIN 1643 TYPE 4
INST gameplay_screen__GB2 PIN 149: INST gameplay_screen__GB0 PIN 1644 TYPE 0 GENOME gameplay_screen__GB2 PIN 149
INST gameplay_screen__GB2 PIN 150: INST gameplay_screen__GB0 PIN 1645 TYPE 0 GENOME gameplay_screen__GB2 PIN 150
INST gameplay_screen__GB2 PIN 151: INST gameplay_screen__GB0 PIN 1646 TYPE 0 GENOME gameplay_screen__GB2 PIN 151
INST gameplay_screen__GB2 PIN 152: INST gameplay_screen__GB0 PIN 1647 TYPE 0 GENOME gameplay_screen__GB2 PIN 152
INST gameplay_screen__GB2 PIN 153: INST gameplay_screen__GB0 PIN 1648 TYPE 0 GENOME gameplay_screen__GB2 PIN 153
INST gameplay_screen__GB2 PIN 154: INST gameplay_screen__GB0 PIN 1649 TYPE 0 GENOME gameplay_screen__GB2 PIN 154
INST gameplay_screen__GB2 PIN 155: INST gameplay_screen__GB0 PIN 1650 TYPE 0 GENOME gameplay_screen__GB2 PIN 155
INST gameplay_screen__GB2 PIN 156: INST gameplay_screen__GB0 PIN 1651 TYPE 0 GENOME gameplay_screen__GB2 PIN 156
INST gameplay_screen__GB2 PIN 157: INST gameplay_screen__GB0 PIN 1652 TYPE 0 GENOME gameplay_screen__GB2 PIN 157
INST gameplay_screen__GB2 PIN 158: INST gameplay_screen__GB0 PIN 1653 TYPE 0 GENOME gameplay_screen__GB2 PIN 158
INST gameplay_screen__GB2 PIN 159: INST gameplay_screen__GB0 PIN 1654 TYPE 0 GENOME gameplay_screen__GB2 PIN 159
INST gameplay_screen__GB2 PIN 160: INST gameplay_screen__GB0 PIN 1655 TYPE 0 GENOME gameplay_screen__GB2 PIN 160
INST gameplay_screen__GB2 PIN 161: INST gameplay_screen__GB0 PIN 1656 TYPE 0 GENOME gameplay_screen__GB2 PIN 161
INST gameplay_screen__GB2 PIN 162: INST gameplay_screen__GB0 PIN 1657 TYPE 0 GENOME gameplay_screen__GB2 PIN 162
INST gameplay_screen__GB2 PIN 163: INST gameplay_screen__GB0 PIN 1658 TYPE 0 GENOME gameplay_screen__GB2 PIN 163
INST gameplay_screen__GB2 PIN 164: INST gameplay_screen__GB0 PIN 1659 TYPE 0 GENOME gameplay_screen__GB2 PIN 164
INST gameplay_screen__GB2 PIN 165: INST gameplay_screen__GB2 PIN 166 TYPE 2 INST gameplay_screen__GB0 PIN 1661 TYPE 4 INST gameplay_screen__GB2 PIN 167 TYPE 2 INST gameplay_screen__GB0 PIN 1662 TYPE 4 INST gameplay_screen__GB2 PIN 168 TYPE 2 INST gameplay_screen__GB0 PIN 1663 TYPE 4
INST gameplay_screen__GB2 PIN 169: INST gameplay_screen__GB0 PIN 1664 TYPE 0 GENOME gameplay_screen__GB2 PIN 169
INST gameplay_screen__GB2 PIN 170: INST gameplay_screen__GB0 PIN 1665 TYPE 0 GENOME gameplay_screen__GB2 PIN 170
INST gameplay_screen__GB2 PIN 171: INST gameplay_screen__GB0 PIN 1666 TYPE 0 GENOME gameplay_screen__GB2 PIN 171
INST gameplay_screen__GB2 PIN 172: INST gameplay_screen__GB0 PIN 1667 TYPE 0 GENOME gameplay_screen__GB2 PIN 172
INST gameplay_screen__GB2 PIN 173: INST gameplay_screen__GB0 PIN 1668 TYPE 0 GENOME gameplay_screen__GB2 PIN 173
INST gameplay_screen__GB2 PIN 174: INST gameplay_screen__GB0 PIN 1669 TYPE 0 GENOME gameplay_screen__GB2 PIN 174
INST gameplay_screen__GB2 PIN 175: INST gameplay_screen__GB0 PIN 1670 TYPE 0 GENOME gameplay_screen__GB2 PIN 175
INST gameplay_screen__GB2 PIN 176: INST gameplay_screen__GB0 PIN 1671 TYPE 0 GENOME gameplay_screen__GB2 PIN 176
INST gameplay_screen__GB2 PIN 177: INST gameplay_screen__GB2 PIN 178 TYPE 2 INST gameplay_screen__GB0 PIN 1673 TYPE 4 INST gameplay_screen__GB2 PIN 179 TYPE 2 INST gameplay_screen__GB0 PIN 1674 TYPE 4 INST gameplay_screen__GB2 PIN 180 TYPE 2 INST gameplay_screen__GB0 PIN 1675 TYPE 4
INST gameplay_screen__GB2 PIN 181: INST gameplay_screen__GB0 PIN 1676 TYPE 0 GENOME gameplay_screen__GB2 PIN 181
INST gameplay_screen__GB2 PIN 182: INST gameplay_screen__GB0 PIN 1677 TYPE 0 GENOME gameplay_screen__GB2 PIN 182
INST gameplay_screen__GB2 PIN 183: INST gameplay_screen__GB0 PIN 1678 TYPE 0 GENOME gameplay_screen__GB2 PIN 183
INST gameplay_screen__GB2 PIN 184: INST gameplay_screen__GB0 PIN 1679 TYPE 0 GENOME gameplay_screen__GB2 PIN 184
INST gameplay_screen__GB2 PIN 185: INST gameplay_screen__GB0 PIN 1680 TYPE 0 GENOME gameplay_screen__GB2 PIN 185
INST gameplay_screen__GB2 PIN 186: INST gameplay_screen__GB0 PIN 1681 TYPE 0 GENOME gameplay_screen__GB2 PIN 186
INST gameplay_screen__GB2 PIN 187: INST gameplay_screen__GB0 PIN 1682 TYPE 0 GENOME gameplay_screen__GB2 PIN 187
INST gameplay_screen__GB2 PIN 188: INST gameplay_screen__GB0 PIN 1683 TYPE 0 GENOME gameplay_screen__GB2 PIN 188
INST gameplay_screen__GB2 PIN 189: INST gameplay_screen__GB2 PIN 190 TYPE 2 INST gameplay_screen__GB0 PIN 1685 TYPE 4 INST gameplay_screen__GB2 PIN 191 TYPE 2 INST gameplay_screen__GB0 PIN 1686 TYPE 4 INST gameplay_screen__GB2 PIN 192 TYPE 2 INST gameplay_screen__GB0 PIN 1687 TYPE 4
INST gameplay_screen__GB2 PIN 193: INST gameplay_screen__GB0 PIN 1688 TYPE 0 GENOME gameplay_screen__GB2 PIN 193
INST gameplay_screen__GB2 PIN 194: INST gameplay_screen__GB0 PIN 1689 TYPE 0 GENOME gameplay_screen__GB2 PIN 194
INST gameplay_screen__GB2 PIN 195: INST gameplay_screen__GB0 PIN 1690 TYPE 0 GENOME gameplay_screen__GB2 PIN 195
INST gameplay_screen__GB2 PIN 196: INST gameplay_screen__GB0 PIN 1691 TYPE 0 GENOME gameplay_screen__GB2 PIN 196
INST gameplay_screen__GB2 PIN 197: INST gameplay_screen__GB0 PIN 1692 TYPE 0 GENOME gameplay_screen__GB2 PIN 197
INST gameplay_screen__GB2 PIN 198: INST gameplay_screen__GB0 PIN 1693 TYPE 0 GENOME gameplay_screen__GB2 PIN 198
INST gameplay_screen__GB2 PIN 199: INST gameplay_screen__GB0 PIN 1694 TYPE 0 GENOME gameplay_screen__GB2 PIN 199
INST gameplay_screen__GB2 PIN 200: INST gameplay_screen__GB0 PIN 1695 TYPE 0 GENOME gameplay_screen__GB2 PIN 200
INST gameplay_screen__GB2 PIN 201: INST gameplay_screen__GB2 PIN 202 TYPE 2 INST gameplay_screen__GB0 PIN 1697 TYPE 4 INST gameplay_screen__GB2 PIN 203 TYPE 2 INST gameplay_screen__GB0 PIN 1698 TYPE 4 INST gameplay_screen__GB2 PIN 204 TYPE 2 INST gameplay_screen__GB0 PIN 1699 TYPE 4
INST gameplay_screen__GB2 PIN 205: INST gameplay_screen__GB0 PIN 1700 TYPE 0 GENOME gameplay_screen__GB2 PIN 205
INST gameplay_screen__GB2 PIN 206: INST gameplay_screen__GB0 PIN 1701 TYPE 0 GENOME gameplay_screen__GB2 PIN 206
INST gameplay_screen__GB2 PIN 207: INST gameplay_screen__GB0 PIN 1702 TYPE 0 GENOME gameplay_screen__GB2 PIN 207
INST gameplay_screen__GB2 PIN 208: INST gameplay_screen__GB0 PIN 1703 TYPE 0 GENOME gameplay_screen__GB2 PIN 208
INST gameplay_screen__GB2 PIN 209: INST gameplay_screen__GB0 PIN 1704 TYPE 0 GENOME gameplay_screen__GB2 PIN 209
INST gameplay_screen__GB2 PIN 210: INST gameplay_screen__GB0 PIN 1705 TYPE 0 GENOME gameplay_screen__GB2 PIN 210
INST gameplay_screen__GB2 PIN 211: INST gameplay_screen__GB0 PIN 1706 TYPE 0 GENOME gameplay_screen__GB2 PIN 211
INST gameplay_screen__GB2 PIN 212: INST gameplay_screen__GB0 PIN 1707 TYPE 0 GENOME gameplay_screen__GB2 PIN 212
INST gameplay_screen__GB2 PIN 213: INST gameplay_screen__GB2 PIN 214 TYPE 2 INST gameplay_screen__GB0 PIN 1709 TYPE 4 INST gameplay_screen__GB2 PIN 215 TYPE 2 INST gameplay_screen__GB0 PIN 1710 TYPE 4 INST gameplay_screen__GB2 PIN 216 TYPE 2 INST gameplay_screen__GB0 PIN 1711 TYPE 4
INST gameplay_screen__GB2 PIN 217: INST gameplay_screen__GB0 PIN 1712 TYPE 0 GENOME gameplay_screen__GB2 PIN 217
INST gameplay_screen__GB2 PIN 218: INST gameplay_screen__GB0 PIN 1713 TYPE 0 GENOME gameplay_screen__GB2 PIN 218
INST gameplay_screen__GB2 PIN 219: INST gameplay_screen__GB0 PIN 1714 TYPE 0 GENOME gameplay_screen__GB2 PIN 219
INST gameplay_screen__GB2 PIN 220: INST gameplay_screen__GB0 PIN 1715 TYPE 0 GENOME gameplay_screen__GB2 PIN 220
INST gameplay_screen__GB2 PIN 221: INST gameplay_screen__GB0 PIN 1716 TYPE 0 GENOME gameplay_screen__GB2 PIN 221
INST gameplay_screen__GB2 PIN 222: INST gameplay_screen__GB0 PIN 1717 TYPE 0 GENOME gameplay_screen__GB2 PIN 222
INST gameplay_screen__GB2 PIN 223: INST gameplay_screen__GB0 PIN 1718 TYPE 0 GENOME gameplay_screen__GB2 PIN 223
INST gameplay_screen__GB2 PIN 224: INST gameplay_screen__GB0 PIN 1719 TYPE 0 GENOME gameplay_screen__GB2 PIN 224
INST gameplay_screen__GB2 PIN 225: INST gameplay_screen__GB2 PIN 226 TYPE 2 INST gameplay_screen__GB0 PIN 1721 TYPE 4 INST gameplay_screen__GB2 PIN 227 TYPE 2 INST gameplay_screen__GB0 PIN 1722 TYPE 4 INST gameplay_screen__GB2 PIN 228 TYPE 2 INST gameplay_screen__GB0 PIN 1723 TYPE 4
INST gameplay_screen__GB2 PIN 229: INST gameplay_screen__GB0 PIN 1724 TYPE 0 GENOME gameplay_screen__GB2 PIN 229
INST gameplay_screen__GB2 PIN 230: INST gameplay_screen__GB0 PIN 1725 TYPE 0 GENOME gameplay_screen__GB2 PIN 230
INST gameplay_screen__GB2 PIN 231: INST gameplay_screen__GB0 PIN 1726 TYPE 0 GENOME gameplay_screen__GB2 PIN 231
INST gameplay_screen__GB2 PIN 232: INST gameplay_screen__GB0 PIN 1727 TYPE 0 GENOME gameplay_screen__GB2 PIN 232
INST gameplay_screen__GB2 PIN 233: INST gameplay_screen__GB0 PIN 1728 TYPE 0 GENOME gameplay_screen__GB2 PIN 233
INST gameplay_screen__GB2 PIN 234: INST gameplay_screen__GB0 PIN 1729 TYPE 0 GENOME gameplay_screen__GB2 PIN 234
INST gameplay_screen__GB2 PIN 235: INST gameplay_screen__GB0 PIN 1730 TYPE 0 GENOME gameplay_screen__GB2 PIN 235
INST gameplay_screen__GB2 PIN 236: INST gameplay_screen__GB0 PIN 1731 TYPE 0 GENOME gameplay_screen__GB2 PIN 236
INST gameplay_screen__GB2 PIN 237: INST gameplay_screen__GB2 PIN 238 TYPE 2 INST gameplay_screen__GB0 PIN 1733 TYPE 4 INST gameplay_screen__GB2 PIN 239 TYPE 2 INST gameplay_screen__GB0 PIN 1734 TYPE 4 INST gameplay_screen__GB2 PIN 240 TYPE 2 INST gameplay_screen__GB0 PIN 1735 TYPE 4
INST gameplay_screen__GB2 PIN 241: INST gameplay_screen__GB0 PIN 1748 TYPE 0 GENOME gameplay_screen__GB2 PIN 241
INST gameplay_screen__GB2 PIN 242: INST gameplay_screen__GB0 PIN 1749 TYPE 0 GENOME gameplay_screen__GB2 PIN 242
INST gameplay_screen__GB2 PIN 243: INST gameplay_screen__GB0 PIN 1750 TYPE 0 GENOME gameplay_screen__GB2 PIN 243
INST gameplay_screen__GB2 PIN 244: INST gameplay_screen__GB0 PIN 1751 TYPE 0 GENOME gameplay_screen__GB2 PIN 244
INST gameplay_screen__GB2 PIN 245: INST gameplay_screen__GB0 PIN 1752 TYPE 0 GENOME gameplay_screen__GB2 PIN 245
INST gameplay_screen__GB2 PIN 246: INST gameplay_screen__GB0 PIN 1753 TYPE 0 GENOME gameplay_screen__GB2 PIN 246
INST gameplay_screen__GB2 PIN 247: INST gameplay_screen__GB0 PIN 1754 TYPE 0 GENOME gameplay_screen__GB2 PIN 247
INST gameplay_screen__GB2 PIN 248: INST gameplay_screen__GB0 PIN 1755 TYPE 0 GENOME gameplay_screen__GB2 PIN 248
INST gameplay_screen__GB2 PIN 249: INST gameplay_screen__GB2 PIN 250 TYPE 2 INST gameplay_screen__GB0 PIN 1757 TYPE 4 INST gameplay_screen__GB2 PIN 251 TYPE 2 INST gameplay_screen__GB0 PIN 1758 TYPE 4 INST gameplay_screen__GB2 PIN 252 TYPE 2 INST gameplay_screen__GB0 PIN 1759 TYPE 4
INST gameplay_screen__GB2 PIN 253: INST gameplay_screen__GB2 PIN 254 TYPE 2 INST gameplay_screen__GB0 PIN 1761 TYPE 4 INST gameplay_screen__GB2 PIN 255 TYPE 2 INST gameplay_screen__GB0 PIN 1762 TYPE 4 INST gameplay_screen__GB2 PIN 256 TYPE 2 INST gameplay_screen__GB0 PIN 1763 TYPE 4
INST gameplay_screen__GB2 PIN 257: INST gameplay_screen__GB0 PIN 1764 TYPE 0 GENOME gameplay_screen__GB2 PIN 257
INST gameplay_screen__GB2 PIN 258: INST gameplay_screen__GB0 PIN 1765 TYPE 0 GENOME gameplay_screen__GB2 PIN 258
INST gameplay_screen__GB2 PIN 259: INST gameplay_screen__GB0 PIN 1766 TYPE 0 GENOME gameplay_screen__GB2 PIN 259
INST gameplay_screen__GB2 PIN 260: INST gameplay_screen__GB0 PIN 1767 TYPE 0 GENOME gameplay_screen__GB2 PIN 260
INST gameplay_screen__GB2 PIN 261: INST gameplay_screen__GB0 PIN 1768 TYPE 0 GENOME gameplay_screen__GB2 PIN 261
INST gameplay_screen__GB2 PIN 262: INST gameplay_screen__GB0 PIN 1769 TYPE 0 GENOME gameplay_screen__GB2 PIN 262
INST gameplay_screen__GB2 PIN 263: INST gameplay_screen__GB0 PIN 1770 TYPE 0 GENOME gameplay_screen__GB2 PIN 263
INST gameplay_screen__GB2 PIN 264: INST gameplay_screen__GB0 PIN 1771 TYPE 0 GENOME gameplay_screen__GB2 PIN 264
INST gameplay_screen__GB2 PIN 373: INST gameplay_screen__GB2 PIN 374 TYPE 2 INST gameplay_screen__GB0 PIN 1809 TYPE 4 INST gameplay_screen__GB2 PIN 375 TYPE 2 INST gameplay_screen__GB0 PIN 1810 TYPE 4 INST gameplay_screen__GB2 PIN 376 TYPE 2 INST gameplay_screen__GB0 PIN 1811 TYPE 4 INST gameplay_screen__GB2 PIN 377 TYPE 2 INST gameplay_screen__GB0 PIN 1812 TYPE 4 INST gameplay_screen__GB2 PIN 378 TYPE 2 INST gameplay_screen__GB0 PIN 1813 TYPE 4 INST gameplay_screen__GB2 PIN 379 TYPE 2 INST gameplay_screen__GB0 PIN 1814 TYPE 4 INST gameplay_screen__GB2 PIN 380 TYPE 2 INST gameplay_screen__GB0 PIN 1815 TYPE 4 INST gameplay_screen__GB2 PIN 381 TYPE 2 INST gameplay_screen__GB0 PIN 1816 TYPE 4 INST gameplay_screen__GB2 PIN 382 TYPE 2 INST gameplay_screen__GB0 PIN 1817 TYPE 4 INST gameplay_screen__GB2 PIN 383 TYPE 2 INST gameplay_screen__GB0 PIN 1818 TYPE 4 INST gameplay_screen__GB2 PIN 384 TYPE 2 INST gameplay_screen__GB0 PIN 1819 TYPE 4
INST gameplay_screen__GB2 PIN 385: INST gameplay_screen__GB2 PIN 386 TYPE 2 INST gameplay_screen__GB0 PIN 1833 TYPE 4 INST gameplay_screen__GB2 PIN 387 TYPE 2 INST gameplay_screen__GB0 PIN 1834 TYPE 4 INST gameplay_screen__GB2 PIN 388 TYPE 2 INST gameplay_screen__GB0 PIN 1835 TYPE 4 INST gameplay_screen__GB2 PIN 389 TYPE 2 INST gameplay_screen__GB0 PIN 1836 TYPE 4 INST gameplay_screen__GB2 PIN 390 TYPE 2 INST gameplay_screen__GB0 PIN 1837 TYPE 4 INST gameplay_screen__GB2 PIN 391 TYPE 2 INST gameplay_screen__GB0 PIN 1838 TYPE 4 INST gameplay_screen__GB2 PIN 392 TYPE 2 INST gameplay_screen__GB0 PIN 1839 TYPE 4 INST gameplay_screen__GB2 PIN 393 TYPE 2 INST gameplay_screen__GB0 PIN 1840 TYPE 4 INST gameplay_screen__GB2 PIN 394 TYPE 2 INST gameplay_screen__GB0 PIN 1841 TYPE 4 INST gameplay_screen__GB2 PIN 395 TYPE 2 INST gameplay_screen__GB0 PIN 1842 TYPE 4 INST gameplay_screen__GB2 PIN 396 TYPE 2 INST gameplay_screen__GB0 PIN 1843 TYPE 4
INST gameplay_screen__GB2 PIN 397: INST gameplay_screen__GB2 PIN 398 TYPE 2 INST gameplay_screen__GB0 PIN 1857 TYPE 4 INST gameplay_screen__GB2 PIN 399 TYPE 2 INST gameplay_screen__GB0 PIN 1858 TYPE 4 INST gameplay_screen__GB2 PIN 400 TYPE 2 INST gameplay_screen__GB0 PIN 1859 TYPE 4 INST gameplay_screen__GB2 PIN 401 TYPE 2 INST gameplay_screen__GB0 PIN 1860 TYPE 4 INST gameplay_screen__GB2 PIN 402 TYPE 2 INST gameplay_screen__GB0 PIN 1861 TYPE 4 INST gameplay_screen__GB2 PIN 403 TYPE 2 INST gameplay_screen__GB0 PIN 1862 TYPE 4 INST gameplay_screen__GB2 PIN 404 TYPE 2 INST gameplay_screen__GB0 PIN 1863 TYPE 4 INST gameplay_screen__GB2 PIN 405 TYPE 2 INST gameplay_screen__GB0 PIN 1864 TYPE 4 INST gameplay_screen__GB2 PIN 406 TYPE 2 INST gameplay_screen__GB0 PIN 1865 TYPE 4 INST gameplay_screen__GB2 PIN 407 TYPE 2 INST gameplay_screen__GB0 PIN 1866 TYPE 4 INST gameplay_screen__GB2 PIN 408 TYPE 2 INST gameplay_screen__GB0 PIN 1867 TYPE 4
INST gameplay_screen__GB2 PIN 337: INST gameplay_screen__GB0 PIN 1898 TYPE 0 GENOME gameplay_screen__GB2 PIN 337
INST gameplay_screen__GB2 PIN 338: INST gameplay_screen__GB0 PIN 1899 TYPE 0 GENOME gameplay_screen__GB2 PIN 338
INST gameplay_screen__GB2 PIN 339: INST gameplay_screen__GB0 PIN 1900 TYPE 0 GENOME gameplay_screen__GB2 PIN 339
INST gameplay_screen__GB2 PIN 340: INST gameplay_screen__GB0 PIN 1901 TYPE 0 GENOME gameplay_screen__GB2 PIN 340
INST gameplay_screen__GB2 PIN 341: INST gameplay_screen__GB0 PIN 1902 TYPE 0 GENOME gameplay_screen__GB2 PIN 341
INST gameplay_screen__GB2 PIN 342: INST gameplay_screen__GB0 PIN 1903 TYPE 0 GENOME gameplay_screen__GB2 PIN 342
INST gameplay_screen__GB2 PIN 343: INST gameplay_screen__GB0 PIN 1904 TYPE 0 GENOME gameplay_screen__GB2 PIN 343
INST gameplay_screen__GB2 PIN 344: INST gameplay_screen__GB0 PIN 1905 TYPE 0 GENOME gameplay_screen__GB2 PIN 344
INST gameplay_screen__GB2 PIN 345: INST gameplay_screen__GB2 PIN 346 TYPE 2 INST gameplay_screen__GB0 PIN 1907 TYPE 4 INST gameplay_screen__GB2 PIN 347 TYPE 2 INST gameplay_screen__GB0 PIN 1908 TYPE 4 INST gameplay_screen__GB2 PIN 348 TYPE 2 INST gameplay_screen__GB0 PIN 1909 TYPE 4
INST gameplay_screen__GB2 PIN 361: INST gameplay_screen__GB0 PIN 1910 TYPE 0 GENOME gameplay_screen__GB2 PIN 361
INST gameplay_screen__GB2 PIN 362: INST gameplay_screen__GB0 PIN 1911 TYPE 0 GENOME gameplay_screen__GB2 PIN 362
INST gameplay_screen__GB2 PIN 363: INST gameplay_screen__GB0 PIN 1912 TYPE 0 GENOME gameplay_screen__GB2 PIN 363
INST gameplay_screen__GB2 PIN 364: INST gameplay_screen__GB0 PIN 1913 TYPE 0 GENOME gameplay_screen__GB2 PIN 364
INST gameplay_screen__GB2 PIN 365: INST gameplay_screen__GB0 PIN 1914 TYPE 0 GENOME gameplay_screen__GB2 PIN 365
INST gameplay_screen__GB2 PIN 366: INST gameplay_screen__GB0 PIN 1915 TYPE 0 GENOME gameplay_screen__GB2 PIN 366
INST gameplay_screen__GB2 PIN 367: INST gameplay_screen__GB0 PIN 1916 TYPE 0 GENOME gameplay_screen__GB2 PIN 367
INST gameplay_screen__GB2 PIN 368: INST gameplay_screen__GB0 PIN 1917 TYPE 0 GENOME gameplay_screen__GB2 PIN 368
INST gameplay_screen__GB2 PIN 369: INST gameplay_screen__GB2 PIN 370 TYPE 2 INST gameplay_screen__GB0 PIN 1919 TYPE 4 INST gameplay_screen__GB2 PIN 371 TYPE 2 INST gameplay_screen__GB0 PIN 1920 TYPE 4 INST gameplay_screen__GB2 PIN 372 TYPE 2 INST gameplay_screen__GB0 PIN 1921 TYPE 4
INST gameplay_screen__GB2 PIN 300: INST gameplay_screen__GB2 PIN 301 TYPE 2 INST gameplay_screen__GB0 PIN 1923 TYPE 4 INST gameplay_screen__GB2 PIN 302 TYPE 2 INST gameplay_screen__GB0 PIN 1924 TYPE 4 INST gameplay_screen__GB2 PIN 303 TYPE 2 INST gameplay_screen__GB0 PIN 1925 TYPE 4
INST gameplay_screen__GB2 PIN 304: INST gameplay_screen__GB0 PIN 1926 TYPE 0 GENOME gameplay_screen__GB2 PIN 304
INST gameplay_screen__GB2 PIN 305: INST gameplay_screen__GB0 PIN 1927 TYPE 0 GENOME gameplay_screen__GB2 PIN 305
INST gameplay_screen__GB2 PIN 306: INST gameplay_screen__GB0 PIN 1928 TYPE 0 GENOME gameplay_screen__GB2 PIN 306
INST gameplay_screen__GB2 PIN 307: INST gameplay_screen__GB0 PIN 1929 TYPE 0 GENOME gameplay_screen__GB2 PIN 307
INST gameplay_screen__GB2 PIN 308: INST gameplay_screen__GB0 PIN 1930 TYPE 0 GENOME gameplay_screen__GB2 PIN 308
INST gameplay_screen__GB2 PIN 309: INST gameplay_screen__GB0 PIN 1931 TYPE 0 GENOME gameplay_screen__GB2 PIN 309
INST gameplay_screen__GB2 PIN 310: INST gameplay_screen__GB0 PIN 1932 TYPE 0 GENOME gameplay_screen__GB2 PIN 310
INST gameplay_screen__GB2 PIN 311: INST gameplay_screen__GB0 PIN 1933 TYPE 0 GENOME gameplay_screen__GB2 PIN 311
INST gameplay_screen__GB2 PIN 312: INST gameplay_screen__GB2 PIN 313 TYPE 2 INST gameplay_screen__GB0 PIN 1935 TYPE 4 INST gameplay_screen__GB2 PIN 314 TYPE 2 INST gameplay_screen__GB0 PIN 1936 TYPE 4 INST gameplay_screen__GB2 PIN 315 TYPE 2 INST gameplay_screen__GB0 PIN 1937 TYPE 4
INST gameplay_screen__GB2 PIN 316: INST gameplay_screen__GB0 PIN 1938 TYPE 0 GENOME gameplay_screen__GB2 PIN 316
INST gameplay_screen__GB2 PIN 317: INST gameplay_screen__GB0 PIN 1939 TYPE 0 GENOME gameplay_screen__GB2 PIN 317
INST gameplay_screen__GB2 PIN 318: INST gameplay_screen__GB0 PIN 1940 TYPE 0 GENOME gameplay_screen__GB2 PIN 318
INST gameplay_screen__GB2 PIN 319: INST gameplay_screen__GB0 PIN 1941 TYPE 0 GENOME gameplay_screen__GB2 PIN 319
INST gameplay_screen__GB2 PIN 320: INST gameplay_screen__GB0 PIN 1942 TYPE 0 GENOME gameplay_screen__GB2 PIN 320
INST gameplay_screen__GB2 PIN 321: INST gameplay_screen__GB0 PIN 1943 TYPE 0 GENOME gameplay_screen__GB2 PIN 321
INST gameplay_screen__GB2 PIN 322: INST gameplay_screen__GB0 PIN 1944 TYPE 0 GENOME gameplay_screen__GB2 PIN 322
INST gameplay_screen__GB2 PIN 323: INST gameplay_screen__GB0 PIN 1945 TYPE 0 GENOME gameplay_screen__GB2 PIN 323
INST gameplay_screen__GB2 PIN 325: INST gameplay_screen__GB2 PIN 326 TYPE 2 INST gameplay_screen__GB0 PIN 1947 TYPE 4 INST gameplay_screen__GB2 PIN 327 TYPE 2 INST gameplay_screen__GB0 PIN 1948 TYPE 4 INST gameplay_screen__GB2 PIN 328 TYPE 2 INST gameplay_screen__GB0 PIN 1949 TYPE 4
INST gameplay_screen__GB2 PIN 329: INST gameplay_screen__GB0 PIN 1950 TYPE 0 GENOME gameplay_screen__GB2 PIN 329
INST gameplay_screen__GB2 PIN 330: INST gameplay_screen__GB0 PIN 1951 TYPE 0 GENOME gameplay_screen__GB2 PIN 330
INST gameplay_screen__GB2 PIN 331: INST gameplay_screen__GB0 PIN 1952 TYPE 0 GENOME gameplay_screen__GB2 PIN 331
INST gameplay_screen__GB2 PIN 332: INST gameplay_screen__GB0 PIN 1953 TYPE 0 GENOME gameplay_screen__GB2 PIN 332
INST gameplay_screen__GB2 PIN 333: INST gameplay_screen__GB0 PIN 1954 TYPE 0 GENOME gameplay_screen__GB2 PIN 333
INST gameplay_screen__GB2 PIN 334: INST gameplay_screen__GB0 PIN 1955 TYPE 0 GENOME gameplay_screen__GB2 PIN 334
INST gameplay_screen__GB2 PIN 335: INST gameplay_screen__GB0 PIN 1956 TYPE 0 GENOME gameplay_screen__GB2 PIN 335
INST gameplay_screen__GB2 PIN 336: INST gameplay_screen__GB0 PIN 1957 TYPE 0 GENOME gameplay_screen__GB2 PIN 336
INST gameplay_screen__GB2 PIN 349: INST gameplay_screen__GB2 PIN 350 TYPE 2 INST gameplay_screen__GB0 PIN 1959 TYPE 4 INST gameplay_screen__GB2 PIN 351 TYPE 2 INST gameplay_screen__GB0 PIN 1960 TYPE 4 INST gameplay_screen__GB2 PIN 352 TYPE 2 INST gameplay_screen__GB0 PIN 1961 TYPE 4
INST gameplay_screen__GB2 PIN 353: INST gameplay_screen__GB0 PIN 1962 TYPE 0 GENOME gameplay_screen__GB2 PIN 353
INST gameplay_screen__GB2 PIN 354: INST gameplay_screen__GB0 PIN 1963 TYPE 0 GENOME gameplay_screen__GB2 PIN 354
INST gameplay_screen__GB2 PIN 355: INST gameplay_screen__GB0 PIN 1964 TYPE 0 GENOME gameplay_screen__GB2 PIN 355
INST gameplay_screen__GB2 PIN 356: INST gameplay_screen__GB0 PIN 1965 TYPE 0 GENOME gameplay_screen__GB2 PIN 356
INST gameplay_screen__GB2 PIN 357: INST gameplay_screen__GB0 PIN 1966 TYPE 0 GENOME gameplay_screen__GB2 PIN 357
INST gameplay_screen__GB2 PIN 358: INST gameplay_screen__GB0 PIN 1967 TYPE 0 GENOME gameplay_screen__GB2 PIN 358
INST gameplay_screen__GB2 PIN 359: INST gameplay_screen__GB0 PIN 1968 TYPE 0 GENOME gameplay_screen__GB2 PIN 359
INST gameplay_screen__GB2 PIN 360: INST gameplay_screen__GB0 PIN 1969 TYPE 0 GENOME gameplay_screen__GB2 PIN 360
INST gameplay_screen__GB2 PIN 276: INST gameplay_screen__GB2 PIN 277 TYPE 2 INST gameplay_screen__GB0 PIN 2043 TYPE 4 INST gameplay_screen__GB2 PIN 278 TYPE 2 INST gameplay_screen__GB0 PIN 2044 TYPE 4 INST gameplay_screen__GB2 PIN 279 TYPE 2 INST gameplay_screen__GB0 PIN 2045 TYPE 4
INST gameplay_screen__GB2 PIN 280: INST gameplay_screen__GB0 PIN 2046 TYPE 0 GENOME gameplay_screen__GB2 PIN 280
INST gameplay_screen__GB2 PIN 281: INST gameplay_screen__GB0 PIN 2047 TYPE 0 GENOME gameplay_screen__GB2 PIN 281
INST gameplay_screen__GB2 PIN 282: INST gameplay_screen__GB0 PIN 2048 TYPE 0 GENOME gameplay_screen__GB2 PIN 282
INST gameplay_screen__GB2 PIN 283: INST gameplay_screen__GB0 PIN 2049 TYPE 0 GENOME gameplay_screen__GB2 PIN 283
INST gameplay_screen__GB2 PIN 284: INST gameplay_screen__GB0 PIN 2050 TYPE 0 GENOME gameplay_screen__GB2 PIN 284
INST gameplay_screen__GB2 PIN 285: INST gameplay_screen__GB0 PIN 2051 TYPE 0 GENOME gameplay_screen__GB2 PIN 285
INST gameplay_screen__GB2 PIN 286: INST gameplay_screen__GB0 PIN 2052 TYPE 0 GENOME gameplay_screen__GB2 PIN 286
INST gameplay_screen__GB2 PIN 287: INST gameplay_screen__GB0 PIN 2053 TYPE 0 GENOME gameplay_screen__GB2 PIN 287
INST gameplay_screen__GB2 PIN 288: INST gameplay_screen__GB2 PIN 289 TYPE 2 INST gameplay_screen__GB0 PIN 2055 TYPE 4 INST gameplay_screen__GB2 PIN 290 TYPE 2 INST gameplay_screen__GB0 PIN 2056 TYPE 4 INST gameplay_screen__GB2 PIN 291 TYPE 2 INST gameplay_screen__GB0 PIN 2057 TYPE 4
INST gameplay_screen__GB2 PIN 292: INST gameplay_screen__GB0 PIN 2058 TYPE 0 GENOME gameplay_screen__GB2 PIN 292
INST gameplay_screen__GB2 PIN 293: INST gameplay_screen__GB0 PIN 2059 TYPE 0 GENOME gameplay_screen__GB2 PIN 293
INST gameplay_screen__GB2 PIN 294: INST gameplay_screen__GB0 PIN 2060 TYPE 0 GENOME gameplay_screen__GB2 PIN 294
INST gameplay_screen__GB2 PIN 295: INST gameplay_screen__GB0 PIN 2061 TYPE 0 GENOME gameplay_screen__GB2 PIN 295
INST gameplay_screen__GB2 PIN 296: INST gameplay_screen__GB0 PIN 2062 TYPE 0 GENOME gameplay_screen__GB2 PIN 296
INST gameplay_screen__GB2 PIN 297: INST gameplay_screen__GB0 PIN 2063 TYPE 0 GENOME gameplay_screen__GB2 PIN 297
INST gameplay_screen__GB2 PIN 298: INST gameplay_screen__GB0 PIN 2064 TYPE 0 GENOME gameplay_screen__GB2 PIN 298
INST gameplay_screen__GB2 PIN 299: INST gameplay_screen__GB0 PIN 2065 TYPE 0 GENOME gameplay_screen__GB2 PIN 299
INST gameplay_screen__GB2 PIN 98: GENOME gameplay_screen__GB2 PIN 98
INST gameplay_screen__GB2 PIN 99: GENOME gameplay_screen__GB2 PIN 99
INST gameplay_screen__GB2 PIN 100: GENOME gameplay_screen__GB2 PIN 100
INST gameplay_screen__GB2 PIN 110: GENOME gameplay_screen__GB2 PIN 110
INST gameplay_screen__GB2 PIN 111: GENOME gameplay_screen__GB2 PIN 111
INST gameplay_screen__GB2 PIN 112: GENOME gameplay_screen__GB2 PIN 112
INST gameplay_screen__GB2 PIN 122: GENOME gameplay_screen__GB2 PIN 122
INST gameplay_screen__GB2 PIN 123: GENOME gameplay_screen__GB2 PIN 123
INST gameplay_screen__GB2 PIN 124: GENOME gameplay_screen__GB2 PIN 124
INST gameplay_screen__GB2 PIN 134: GENOME gameplay_screen__GB2 PIN 134
INST gameplay_screen__GB2 PIN 135: GENOME gameplay_screen__GB2 PIN 135
INST gameplay_screen__GB2 PIN 136: GENOME gameplay_screen__GB2 PIN 136
INST gameplay_screen__GB2 PIN 146: GENOME gameplay_screen__GB2 PIN 146
INST gameplay_screen__GB2 PIN 147: GENOME gameplay_screen__GB2 PIN 147
INST gameplay_screen__GB2 PIN 148: GENOME gameplay_screen__GB2 PIN 148
INST gameplay_screen__GB2 PIN 166: GENOME gameplay_screen__GB2 PIN 166
INST gameplay_screen__GB2 PIN 167: GENOME gameplay_screen__GB2 PIN 167
INST gameplay_screen__GB2 PIN 168: GENOME gameplay_screen__GB2 PIN 168
INST gameplay_screen__GB2 PIN 178: GENOME gameplay_screen__GB2 PIN 178
INST gameplay_screen__GB2 PIN 179: GENOME gameplay_screen__GB2 PIN 179
INST gameplay_screen__GB2 PIN 180: GENOME gameplay_screen__GB2 PIN 180
INST gameplay_screen__GB2 PIN 190: GENOME gameplay_screen__GB2 PIN 190
INST gameplay_screen__GB2 PIN 191: GENOME gameplay_screen__GB2 PIN 191
INST gameplay_screen__GB2 PIN 192: GENOME gameplay_screen__GB2 PIN 192
INST gameplay_screen__GB2 PIN 202: GENOME gameplay_screen__GB2 PIN 202
INST gameplay_screen__GB2 PIN 203: GENOME gameplay_screen__GB2 PIN 203
INST gameplay_screen__GB2 PIN 204: GENOME gameplay_screen__GB2 PIN 204
INST gameplay_screen__GB2 PIN 214: GENOME gameplay_screen__GB2 PIN 214
INST gameplay_screen__GB2 PIN 215: GENOME gameplay_screen__GB2 PIN 215
INST gameplay_screen__GB2 PIN 216: GENOME gameplay_screen__GB2 PIN 216
INST gameplay_screen__GB2 PIN 226: GENOME gameplay_screen__GB2 PIN 226
INST gameplay_screen__GB2 PIN 227: GENOME gameplay_screen__GB2 PIN 227
INST gameplay_screen__GB2 PIN 228: GENOME gameplay_screen__GB2 PIN 228
INST gameplay_screen__GB2 PIN 238: GENOME gameplay_screen__GB2 PIN 238
INST gameplay_screen__GB2 PIN 239: GENOME gameplay_screen__GB2 PIN 239
INST gameplay_screen__GB2 PIN 240: GENOME gameplay_screen__GB2 PIN 240
INST gameplay_screen__GB2 PIN 250: GENOME gameplay_screen__GB2 PIN 250
INST gameplay_screen__GB2 PIN 251: GENOME gameplay_screen__GB2 PIN 251
INST gameplay_screen__GB2 PIN 252: GENOME gameplay_screen__GB2 PIN 252
INST gameplay_screen__GB2 PIN 254: GENOME gameplay_screen__GB2 PIN 254
INST gameplay_screen__GB2 PIN 255: GENOME gameplay_screen__GB2 PIN 255
INST gameplay_screen__GB2 PIN 256: GENOME gameplay_screen__GB2 PIN 256
INST gameplay_screen__GB2 PIN 277: GENOME gameplay_screen__GB2 PIN 277
INST gameplay_screen__GB2 PIN 278: GENOME gameplay_screen__GB2 PIN 278
INST gameplay_screen__GB2 PIN 279: GENOME gameplay_screen__GB2 PIN 279
INST gameplay_screen__GB2 PIN 289: GENOME gameplay_screen__GB2 PIN 289
INST gameplay_screen__GB2 PIN 290: GENOME gameplay_screen__GB2 PIN 290
INST gameplay_screen__GB2 PIN 291: GENOME gameplay_screen__GB2 PIN 291
INST gameplay_screen__GB2 PIN 301: GENOME gameplay_screen__GB2 PIN 301
INST gameplay_screen__GB2 PIN 302: GENOME gameplay_screen__GB2 PIN 302
INST gameplay_screen__GB2 PIN 303: GENOME gameplay_screen__GB2 PIN 303
INST gameplay_screen__GB2 PIN 313: GENOME gameplay_screen__GB2 PIN 313
INST gameplay_screen__GB2 PIN 314: GENOME gameplay_screen__GB2 PIN 314
INST gameplay_screen__GB2 PIN 315: GENOME gameplay_screen__GB2 PIN 315
INST gameplay_screen__GB2 PIN 326: GENOME gameplay_screen__GB2 PIN 326
INST gameplay_screen__GB2 PIN 327: GENOME gameplay_screen__GB2 PIN 327
INST gameplay_screen__GB2 PIN 328: GENOME gameplay_screen__GB2 PIN 328
INST gameplay_screen__GB2 PIN 346: GENOME gameplay_screen__GB2 PIN 346
INST gameplay_screen__GB2 PIN 347: GENOME gameplay_screen__GB2 PIN 347
INST gameplay_screen__GB2 PIN 348: GENOME gameplay_screen__GB2 PIN 348
INST gameplay_screen__GB2 PIN 350: GENOME gameplay_screen__GB2 PIN 350
INST gameplay_screen__GB2 PIN 351: GENOME gameplay_screen__GB2 PIN 351
INST gameplay_screen__GB2 PIN 352: GENOME gameplay_screen__GB2 PIN 352
INST gameplay_screen__GB2 PIN 370: GENOME gameplay_screen__GB2 PIN 370
INST gameplay_screen__GB2 PIN 371: GENOME gameplay_screen__GB2 PIN 371
INST gameplay_screen__GB2 PIN 372: GENOME gameplay_screen__GB2 PIN 372
INST gameplay_screen__GB2 PIN 374: GENOME gameplay_screen__GB2 PIN 374
INST gameplay_screen__GB2 PIN 375: GENOME gameplay_screen__GB2 PIN 375
INST gameplay_screen__GB2 PIN 376: GENOME gameplay_screen__GB2 PIN 376
INST gameplay_screen__GB2 PIN 377: GENOME gameplay_screen__GB2 PIN 377
INST gameplay_screen__GB2 PIN 378: GENOME gameplay_screen__GB2 PIN 378
INST gameplay_screen__GB2 PIN 379: GENOME gameplay_screen__GB2 PIN 379
INST gameplay_screen__GB2 PIN 380: GENOME gameplay_screen__GB2 PIN 380
INST gameplay_screen__GB2 PIN 381: GENOME gameplay_screen__GB2 PIN 381
INST gameplay_screen__GB2 PIN 382: GENOME gameplay_screen__GB2 PIN 382
INST gameplay_screen__GB2 PIN 383: GENOME gameplay_screen__GB2 PIN 383
INST gameplay_screen__GB2 PIN 384: GENOME gameplay_screen__GB2 PIN 384
INST gameplay_screen__GB2 PIN 386: GENOME gameplay_screen__GB2 PIN 386
INST gameplay_screen__GB2 PIN 387: GENOME gameplay_screen__GB2 PIN 387
INST gameplay_screen__GB2 PIN 388: GENOME gameplay_screen__GB2 PIN 388
INST gameplay_screen__GB2 PIN 389: GENOME gameplay_screen__GB2 PIN 389
INST gameplay_screen__GB2 PIN 390: GENOME gameplay_screen__GB2 PIN 390
INST gameplay_screen__GB2 PIN 391: GENOME gameplay_screen__GB2 PIN 391
INST gameplay_screen__GB2 PIN 392: GENOME gameplay_screen__GB2 PIN 392
INST gameplay_screen__GB2 PIN 393: GENOME gameplay_screen__GB2 PIN 393
INST gameplay_screen__GB2 PIN 394: GENOME gameplay_screen__GB2 PIN 394
INST gameplay_screen__GB2 PIN 395: GENOME gameplay_screen__GB2 PIN 395
INST gameplay_screen__GB2 PIN 396: GENOME gameplay_screen__GB2 PIN 396
INST gameplay_screen__GB2 PIN 398: GENOME gameplay_screen__GB2 PIN 398
INST gameplay_screen__GB2 PIN 399: GENOME gameplay_screen__GB2 PIN 399
INST gameplay_screen__GB2 PIN 400: GENOME gameplay_screen__GB2 PIN 400
INST gameplay_screen__GB2 PIN 401: GENOME gameplay_screen__GB2 PIN 401
INST gameplay_screen__GB2 PIN 402: GENOME gameplay_screen__GB2 PIN 402
INST gameplay_screen__GB2 PIN 403: GENOME gameplay_screen__GB2 PIN 403
INST gameplay_screen__GB2 PIN 404: GENOME gameplay_screen__GB2 PIN 404
INST gameplay_screen__GB2 PIN 405: GENOME gameplay_screen__GB2 PIN 405
INST gameplay_screen__GB2 PIN 406: GENOME gameplay_screen__GB2 PIN 406
INST gameplay_screen__GB2 PIN 407: GENOME gameplay_screen__GB2 PIN 407
INST gameplay_screen__GB2 PIN 408: GENOME gameplay_screen__GB2 PIN 408
INST gameplay_screen__GB1 PIN 59: GENOME gameplay_screen__GB1 PIN 59
INST gameplay_screen__GB1 PIN 60: GENOME gameplay_screen__GB1 PIN 60
INST gameplay_screen__GB1 PIN 71: GENOME gameplay_screen__GB1 PIN 71
INST gameplay_screen__GB1 PIN 259: GENOME gameplay_screen__GB1 PIN 259
INST gameplay_screen__GB1 PIN 260: GENOME gameplay_screen__GB1 PIN 260
INST gameplay_screen__GB1 PIN 261: GENOME gameplay_screen__GB1 PIN 261
INST gameplay_screen__GB1 PIN 262: GENOME gameplay_screen__GB1 PIN 262
INST gameplay_screen__GB1 PIN 263: GENOME gameplay_screen__GB1 PIN 263
INST gameplay_screen__GB1 PIN 264: GENOME gameplay_screen__GB1 PIN 264
INST gameplay_screen__GB1 PIN 265: GENOME gameplay_screen__GB1 PIN 265
INST gameplay_screen__GB1 PIN 266: GENOME gameplay_screen__GB1 PIN 266
INST gameplay_screen__GB1 PIN 267: GENOME gameplay_screen__GB1 PIN 267
INST gameplay_screen__GB1 PIN 268: GENOME gameplay_screen__GB1 PIN 268
INST gameplay_screen__GB1 PIN 269: GENOME gameplay_screen__GB1 PIN 269
INST gameplay_screen__GB1 PIN 270: GENOME gameplay_screen__GB1 PIN 270
INST gameplay_screen__GB1 PIN 271: GENOME gameplay_screen__GB1 PIN 271
INST gameplay_screen__GB1 PIN 272: GENOME gameplay_screen__GB1 PIN 272
INST gameplay_screen__GB1 PIN 273: GENOME gameplay_screen__GB1 PIN 273
INST gameplay_screen__GB1 PIN 274: GENOME gameplay_screen__GB1 PIN 274
INST gameplay_screen__GB1 PIN 275: GENOME gameplay_screen__GB1 PIN 275
INST gameplay_screen__GB1 PIN 276: GENOME gameplay_screen__GB1 PIN 276
INST gameplay_screen__GB1 PIN 277: GENOME gameplay_screen__GB1 PIN 277
INST gameplay_screen__GB1 PIN 278: GENOME gameplay_screen__GB1 PIN 278
INST gameplay_screen__GB1 PIN 464: GENOME gameplay_screen__GB1 PIN 464
INST gameplay_screen__GB1 PIN 465: GENOME gameplay_screen__GB1 PIN 465
INST gameplay_screen__GB1 PIN 466: GENOME gameplay_screen__GB1 PIN 466
INST gameplay_screen__GB1 PIN 467: GENOME gameplay_screen__GB1 PIN 467
INST gameplay_screen__GB1 PIN 468: GENOME gameplay_screen__GB1 PIN 468
INST gameplay_screen__GB1 PIN 469: GENOME gameplay_screen__GB1 PIN 469
INST gameplay_screen__GB1 PIN 470: GENOME gameplay_screen__GB1 PIN 470
INST gameplay_screen__GB1 PIN 471: GENOME gameplay_screen__GB1 PIN 471
INST gameplay_screen__GB1 PIN 472: GENOME gameplay_screen__GB1 PIN 472
INST gameplay_screen__GB1 PIN 473: GENOME gameplay_screen__GB1 PIN 473
INST top_level__GC0 PIN 102: GENOME top_level__GC0 PIN 102 INST top_level__GC0 PIN 38 TYPE 5
INST top_level__GC0 PIN 38: GENOME top_level__GC0 PIN 38
INST top_level__GC0 PIN 103: GENOME top_level__GC0 PIN 103 INST top_level__GC0 PIN 37 TYPE 5
INST top_level__GC0 PIN 37: GENOME top_level__GC0 PIN 37
INST top_level__GC0 PIN 104: GENOME top_level__GC0 PIN 104 INST top_level__GC0 PIN 39 TYPE 5
INST top_level__GC0 PIN 39: GENOME top_level__GC0 PIN 39
GENOME NON_GENOME PIN 38: GENOME NON_GENOME PIN 102
GENOME NON_GENOME PIN 37: GENOME NON_GENOME PIN 103
GENOME NON_GENOME PIN 103: GENOME NON_GENOME PIN 37
GENOME NON_GENOME PIN 39: GENOME NON_GENOME PIN 104
GENOME NON_GENOME PIN 104: GENOME NON_GENOME PIN 39
INST gameplay_screen__GB1 PIN 20: INST gameplay_screen__GB3 PIN 450 TYPE 0 GENOME gameplay_screen__GB1 PIN 20
INST gameplay_screen__GB1 PIN 21: INST gameplay_screen__GB3 PIN 451 TYPE 0 GENOME gameplay_screen__GB1 PIN 21
INST gameplay_screen__GB1 PIN 22: INST gameplay_screen__GB3 PIN 452 TYPE 0 GENOME gameplay_screen__GB1 PIN 22
INST gameplay_screen__GB1 PIN 23: INST gameplay_screen__GB3 PIN 453 TYPE 1 GENOME gameplay_screen__GB1 PIN 23
INST gameplay_screen__GB1 PIN 24: INST gameplay_screen__GB3 PIN 454 TYPE 0 GENOME gameplay_screen__GB1 PIN 24
INST gameplay_screen__GB1 PIN 25: INST gameplay_screen__GB3 PIN 455 TYPE 1 GENOME gameplay_screen__GB1 PIN 25
INST gameplay_screen__GB1 PIN 26: INST gameplay_screen__GB3 PIN 456 TYPE 1 GENOME gameplay_screen__GB1 PIN 26
INST gameplay_screen__GB1 PIN 10: INST gameplay_screen__GB3 PIN 460 TYPE 0 GENOME gameplay_screen__GB1 PIN 10
INST gameplay_screen__GB1 PIN 11: INST gameplay_screen__GB3 PIN 461 TYPE 0 GENOME gameplay_screen__GB1 PIN 11
INST gameplay_screen__GB1 PIN 12: INST gameplay_screen__GB3 PIN 462 TYPE 0 GENOME gameplay_screen__GB1 PIN 12
INST gameplay_screen__GB1 PIN 13: INST gameplay_screen__GB3 PIN 463 TYPE 1 GENOME gameplay_screen__GB1 PIN 13
INST gameplay_screen__GB1 PIN 14: INST gameplay_screen__GB3 PIN 464 TYPE 1 GENOME gameplay_screen__GB1 PIN 14
INST gameplay_screen__GB1 PIN 15: INST gameplay_screen__GB3 PIN 465 TYPE 0 GENOME gameplay_screen__GB1 PIN 15
INST gameplay_screen__GB1 PIN 16: INST gameplay_screen__GB3 PIN 466 TYPE 0 GENOME gameplay_screen__GB1 PIN 16
INST gameplay_screen__GB1 PIN 17: INST gameplay_screen__GB3 PIN 467 TYPE 1 GENOME gameplay_screen__GB1 PIN 17
