GENOME NON_GENOME PIN 189: GENOME NON_GENOME PIN 30
GENOME NON_GENOME PIN 30: GENOME NON_GENOME PIN 189
GENOME NON_GENOME PIN 31: GENOME NON_GENOME PIN 113 GENOME NON_GENOME PIN 190
GENOME NON_GENOME PIN 113: GENOME NON_GENOME PIN 31
GENOME NON_GENOME PIN 824: GENOME NON_GENOME PIN 153
GENOME NON_GENOME PIN 153: GENOME NON_GENOME PIN 824 GENOME NON_GENOME PIN 186
GENOME NON_GENOME PIN 825: GENOME NON_GENOME PIN 154 GENOME NON_GENOME PIN 165
GENOME NON_GENOME PIN 154: GENOME NON_GENOME PIN 825 GENOME NON_GENOME PIN 187 GENOME NON_GENOME PIN 336
GENOME NON_GENOME PIN 826: GENOME NON_GENOME PIN 155 GENOME NON_GENOME PIN 166
GENOME NON_GENOME PIN 155: GENOME NON_GENOME PIN 826
GENOME NON_GENOME PIN 165: GENOME NON_GENOME PIN 825 GENOME NON_GENOME PIN 176 GENOME NON_GENOME PIN 324
GENOME NON_GENOME PIN 166: GENOME NON_GENOME PIN 826
GENOME NON_GENOME PIN 190: GENOME NON_GENOME PIN 31
GENOME NON_GENOME PIN 788: GENOME NON_GENOME PIN 206 GENOME NON_GENOME PIN 232
GENOME NON_GENOME PIN 206: GENOME NON_GENOME PIN 788
GENOME NON_GENOME PIN 787: GENOME NON_GENOME PIN 231
GENOME NON_GENOME PIN 231: GENOME NON_GENOME PIN 787
GENOME NON_GENOME PIN 232: GENOME NON_GENOME PIN 788
GENOME NON_GENOME PIN 315: GENOME NON_GENOME PIN 316 GENOME NON_GENOME PIN 317 GENOME NON_GENOME PIN 318 GENOME NON_GENOME PIN 319 GENOME NON_GENOME PIN 320 GENOME NON_GENOME PIN 321 GENOME NON_GENOME PIN 322 GENOME NON_GENOME PIN 323 GENOME NON_GENOME PIN 324 GENOME NON_GENOME PIN 325 GENOME NON_GENOME PIN 326 GENOME NON_GENOME PIN 308
GENOME NON_GENOME PIN 316: GENOME NON_GENOME PIN 315 GENOME NON_GENOME PIN 308
GENOME NON_GENOME PIN 317: GENOME NON_GENOME PIN 315 GENOME NON_GENOME PIN 308
GENOME NON_GENOME PIN 318: GENOME NON_GENOME PIN 315 GENOME NON_GENOME PIN 308 GENOME NON_GENOME PIN 319 GENOME NON_GENOME PIN 320 GENOME NON_GENOME PIN 321
GENOME NON_GENOME PIN 319: GENOME NON_GENOME PIN 315 GENOME NON_GENOME PIN 308 GENOME NON_GENOME PIN 318
GENOME NON_GENOME PIN 320: GENOME NON_GENOME PIN 315 GENOME NON_GENOME PIN 321 GENOME NON_GENOME PIN 322 GENOME NON_GENOME PIN 323 GENOME NON_GENOME PIN 324 GENOME NON_GENOME PIN 325 GENOME NON_GENOME PIN 326 GENOME NON_GENOME PIN 327 GENOME NON_GENOME PIN 328 GENOME NON_GENOME PIN 329 GENOME NON_GENOME PIN 330 GENOME NON_GENOME PIN 331 GENOME NON_GENOME PIN 318
GENOME NON_GENOME PIN 321: GENOME NON_GENOME PIN 315 GENOME NON_GENOME PIN 320 GENOME NON_GENOME PIN 318
GENOME NON_GENOME PIN 322: GENOME NON_GENOME PIN 315 GENOME NON_GENOME PIN 320 GENOME NON_GENOME PIN 163
GENOME NON_GENOME PIN 323: GENOME NON_GENOME PIN 315 GENOME NON_GENOME PIN 320 GENOME NON_GENOME PIN 164
GENOME NON_GENOME PIN 324: GENOME NON_GENOME PIN 315 GENOME NON_GENOME PIN 320 GENOME NON_GENOME PIN 165
GENOME NON_GENOME PIN 325: GENOME NON_GENOME PIN 315 GENOME NON_GENOME PIN 320
GENOME NON_GENOME PIN 326: GENOME NON_GENOME PIN 315 GENOME NON_GENOME PIN 320
GENOME NON_GENOME PIN 327: GENOME NON_GENOME PIN 328 GENOME NON_GENOME PIN 329 GENOME NON_GENOME PIN 330 GENOME NON_GENOME PIN 331 GENOME NON_GENOME PIN 332 GENOME NON_GENOME PIN 333 GENOME NON_GENOME PIN 334 GENOME NON_GENOME PIN 335 GENOME NON_GENOME PIN 336 GENOME NON_GENOME PIN 337 GENOME NON_GENOME PIN 338 GENOME NON_GENOME PIN 320
GENOME NON_GENOME PIN 328: GENOME NON_GENOME PIN 327 GENOME NON_GENOME PIN 320
GENOME NON_GENOME PIN 329: GENOME NON_GENOME PIN 327 GENOME NON_GENOME PIN 320
GENOME NON_GENOME PIN 330: GENOME NON_GENOME PIN 327 GENOME NON_GENOME PIN 320
GENOME NON_GENOME PIN 331: GENOME NON_GENOME PIN 327 GENOME NON_GENOME PIN 320
GENOME NON_GENOME PIN 332: GENOME NON_GENOME PIN 327
GENOME NON_GENOME PIN 333: GENOME NON_GENOME PIN 327
GENOME NON_GENOME PIN 334: GENOME NON_GENOME PIN 327 GENOME NON_GENOME PIN 185
GENOME NON_GENOME PIN 335: GENOME NON_GENOME PIN 327 GENOME NON_GENOME PIN 186
GENOME NON_GENOME PIN 336: GENOME NON_GENOME PIN 327 GENOME NON_GENOME PIN 154
GENOME NON_GENOME PIN 337: GENOME NON_GENOME PIN 327
GENOME NON_GENOME PIN 338: GENOME NON_GENOME PIN 327
GENOME NON_GENOME PIN 20: GENOME NON_GENOME PIN 15
GENOME NON_GENOME PIN 15: GENOME NON_GENOME PIN 20 GENOME NON_GENOME PIN 28
GENOME NON_GENOME PIN 784: GENOME NON_GENOME PIN 47 GENOME NON_GENOME PIN 61
GENOME NON_GENOME PIN 47: GENOME NON_GENOME PIN 784 GENOME NON_GENOME PIN 35
GENOME NON_GENOME PIN 785: GENOME NON_GENOME PIN 48 GENOME NON_GENOME PIN 62
GENOME NON_GENOME PIN 48: GENOME NON_GENOME PIN 785
GENOME NON_GENOME PIN 783: GENOME NON_GENOME PIN 60
GENOME NON_GENOME PIN 60: GENOME NON_GENOME PIN 783
GENOME NON_GENOME PIN 61: GENOME NON_GENOME PIN 784
GENOME NON_GENOME PIN 62: GENOME NON_GENOME PIN 785
GENOME NON_GENOME PIN 462: GENOME NON_GENOME PIN 64
GENOME NON_GENOME PIN 64: GENOME NON_GENOME PIN 462
GENOME NON_GENOME PIN 449: GENOME NON_GENOME PIN 65
GENOME NON_GENOME PIN 65: GENOME NON_GENOME PIN 449
GENOME NON_GENOME PIN 448: GENOME NON_GENOME PIN 66
GENOME NON_GENOME PIN 66: GENOME NON_GENOME PIN 448 GENOME NON_GENOME PIN 55
GENOME NON_GENOME PIN 445: GENOME NON_GENOME PIN 67
GENOME NON_GENOME PIN 67: GENOME NON_GENOME PIN 445 GENOME NON_GENOME PIN 56
GENOME NON_GENOME PIN 440: GENOME NON_GENOME PIN 68
GENOME NON_GENOME PIN 68: GENOME NON_GENOME PIN 440
GENOME NON_GENOME PIN 433: GENOME NON_GENOME PIN 81
GENOME NON_GENOME PIN 81: GENOME NON_GENOME PIN 433
GENOME NON_GENOME PIN 83: GENOME NON_GENOME PIN 82
GENOME NON_GENOME PIN 82: GENOME NON_GENOME PIN 83
GENOME NON_GENOME PIN 432: GENOME NON_GENOME PIN 89
GENOME NON_GENOME PIN 89: GENOME NON_GENOME PIN 432 GENOME NON_GENOME PIN 78
GENOME NON_GENOME PIN 98: GENOME NON_GENOME PIN 90 GENOME NON_GENOME PIN 22
GENOME NON_GENOME PIN 90: GENOME NON_GENOME PIN 98
GENOME NON_GENOME PIN 523: GENOME NON_GENOME PIN 100
GENOME NON_GENOME PIN 100: GENOME NON_GENOME PIN 523
GENOME NON_GENOME PIN 97: GENOME NON_GENOME PIN 101 GENOME NON_GENOME PIN 21 GENOME NON_GENOME PIN 86
GENOME NON_GENOME PIN 101: GENOME NON_GENOME PIN 97
GENOME NON_GENOME PIN 516: GENOME NON_GENOME PIN 102
GENOME NON_GENOME PIN 102: GENOME NON_GENOME PIN 516 GENOME NON_GENOME PIN 38
GENOME NON_GENOME PIN 511: GENOME NON_GENOME PIN 103
GENOME NON_GENOME PIN 103: GENOME NON_GENOME PIN 511 GENOME NON_GENOME PIN 37
GENOME NON_GENOME PIN 94: GENOME NON_GENOME PIN 104
GENOME NON_GENOME PIN 104: GENOME NON_GENOME PIN 94 GENOME NON_GENOME PIN 39
GENOME NON_GENOME PIN 507: GENOME NON_GENOME PIN 105
GENOME NON_GENOME PIN 105: GENOME NON_GENOME PIN 507
GENOME NON_GENOME PIN 93: GENOME NON_GENOME PIN 106
GENOME NON_GENOME PIN 106: GENOME NON_GENOME PIN 93
GENOME NON_GENOME PIN 500: GENOME NON_GENOME PIN 107
GENOME NON_GENOME PIN 107: GENOME NON_GENOME PIN 500
GENOME NON_GENOME PIN 136: GENOME NON_GENOME PIN 126 GENOME NON_GENOME PIN 137 GENOME NON_GENOME PIN 138 GENOME NON_GENOME PIN 139
GENOME NON_GENOME PIN 126: GENOME NON_GENOME PIN 136 GENOME NON_GENOME PIN 124
GENOME NON_GENOME PIN 495: GENOME NON_GENOME PIN 142
GENOME NON_GENOME PIN 142: GENOME NON_GENOME PIN 495 GENOME NON_GENOME PIN 109 GENOME NON_GENOME PIN 208
GENOME NON_GENOME PIN 92: GENOME NON_GENOME PIN 143
GENOME NON_GENOME PIN 143: GENOME NON_GENOME PIN 92 GENOME NON_GENOME PIN 110
GENOME NON_GENOME PIN 682: GENOME NON_GENOME PIN 203
GENOME NON_GENOME PIN 203: GENOME NON_GENOME PIN 682
GENOME NON_GENOME PIN 680: GENOME NON_GENOME PIN 204
GENOME NON_GENOME PIN 204: GENOME NON_GENOME PIN 680
GENOME NON_GENOME PIN 2: GENOME NON_GENOME PIN 205
GENOME NON_GENOME PIN 205: GENOME NON_GENOME PIN 2
GENOME NON_GENOME PIN 237: GENOME NON_GENOME PIN 238 GENOME NON_GENOME PIN 239 GENOME NON_GENOME PIN 240 GENOME NON_GENOME PIN 241 GENOME NON_GENOME PIN 242 GENOME NON_GENOME PIN 243 GENOME NON_GENOME PIN 244 GENOME NON_GENOME PIN 245 GENOME NON_GENOME PIN 246 GENOME NON_GENOME PIN 247 GENOME NON_GENOME PIN 248 GENOME NON_GENOME PIN 236
GENOME NON_GENOME PIN 238: GENOME NON_GENOME PIN 237 GENOME NON_GENOME PIN 236
GENOME NON_GENOME PIN 239: GENOME NON_GENOME PIN 237 GENOME NON_GENOME PIN 236
GENOME NON_GENOME PIN 240: GENOME NON_GENOME PIN 237
GENOME NON_GENOME PIN 241: GENOME NON_GENOME PIN 237
GENOME NON_GENOME PIN 242: GENOME NON_GENOME PIN 237
GENOME NON_GENOME PIN 243: GENOME NON_GENOME PIN 237
GENOME NON_GENOME PIN 244: GENOME NON_GENOME PIN 237
GENOME NON_GENOME PIN 245: GENOME NON_GENOME PIN 237
GENOME NON_GENOME PIN 246: GENOME NON_GENOME PIN 237 GENOME NON_GENOME PIN 247 GENOME NON_GENOME PIN 248 GENOME NON_GENOME PIN 249
GENOME NON_GENOME PIN 247: GENOME NON_GENOME PIN 237 GENOME NON_GENOME PIN 246
GENOME NON_GENOME PIN 248: GENOME NON_GENOME PIN 237 GENOME NON_GENOME PIN 246 GENOME NON_GENOME PIN 249 GENOME NON_GENOME PIN 250 GENOME NON_GENOME PIN 251
GENOME NON_GENOME PIN 251: GENOME NON_GENOME PIN 252 GENOME NON_GENOME PIN 253 GENOME NON_GENOME PIN 254 GENOME NON_GENOME PIN 255 GENOME NON_GENOME PIN 256 GENOME NON_GENOME PIN 257 GENOME NON_GENOME PIN 258 GENOME NON_GENOME PIN 259 GENOME NON_GENOME PIN 260 GENOME NON_GENOME PIN 261 GENOME NON_GENOME PIN 262 GENOME NON_GENOME PIN 248
GENOME NON_GENOME PIN 252: GENOME NON_GENOME PIN 251
GENOME NON_GENOME PIN 253: GENOME NON_GENOME PIN 251
GENOME NON_GENOME PIN 254: GENOME NON_GENOME PIN 251
GENOME NON_GENOME PIN 255: GENOME NON_GENOME PIN 251
GENOME NON_GENOME PIN 256: GENOME NON_GENOME PIN 251
GENOME NON_GENOME PIN 257: GENOME NON_GENOME PIN 251
GENOME NON_GENOME PIN 258: GENOME NON_GENOME PIN 251 GENOME NON_GENOME PIN 259 GENOME NON_GENOME PIN 260 GENOME NON_GENOME PIN 261
GENOME NON_GENOME PIN 259: GENOME NON_GENOME PIN 251 GENOME NON_GENOME PIN 258
GENOME NON_GENOME PIN 260: GENOME NON_GENOME PIN 251 GENOME NON_GENOME PIN 258
GENOME NON_GENOME PIN 261: GENOME NON_GENOME PIN 251 GENOME NON_GENOME PIN 258
GENOME NON_GENOME PIN 262: GENOME NON_GENOME PIN 251
GENOME NON_GENOME PIN 565: GENOME NON_GENOME PIN 263
GENOME NON_GENOME PIN 263: GENOME NON_GENOME PIN 565
GENOME NON_GENOME PIN 139: GENOME NON_GENOME PIN 264 GENOME NON_GENOME PIN 136
GENOME NON_GENOME PIN 264: GENOME NON_GENOME PIN 139
GENOME NON_GENOME PIN 573: GENOME NON_GENOME PIN 265
GENOME NON_GENOME PIN 265: GENOME NON_GENOME PIN 573
GENOME NON_GENOME PIN 140: GENOME NON_GENOME PIN 266
GENOME NON_GENOME PIN 266: GENOME NON_GENOME PIN 140
GENOME NON_GENOME PIN 579: GENOME NON_GENOME PIN 267
GENOME NON_GENOME PIN 267: GENOME NON_GENOME PIN 579
GENOME NON_GENOME PIN 279: GENOME NON_GENOME PIN 280 GENOME NON_GENOME PIN 281 GENOME NON_GENOME PIN 282
GENOME NON_GENOME PIN 280: GENOME NON_GENOME PIN 279
GENOME NON_GENOME PIN 281: GENOME NON_GENOME PIN 279
GENOME NON_GENOME PIN 282: GENOME NON_GENOME PIN 279 GENOME NON_GENOME PIN 283 GENOME NON_GENOME PIN 284 GENOME NON_GENOME PIN 285
GENOME NON_GENOME PIN 283: GENOME NON_GENOME PIN 284 GENOME NON_GENOME PIN 285 GENOME NON_GENOME PIN 286 GENOME NON_GENOME PIN 282
GENOME NON_GENOME PIN 284: GENOME NON_GENOME PIN 283 GENOME NON_GENOME PIN 282
GENOME NON_GENOME PIN 285: GENOME NON_GENOME PIN 283 GENOME NON_GENOME PIN 282
GENOME NON_GENOME PIN 286: GENOME NON_GENOME PIN 283
GENOME NON_GENOME PIN 304: GENOME NON_GENOME PIN 305 GENOME NON_GENOME PIN 306 GENOME NON_GENOME PIN 307
GENOME NON_GENOME PIN 305: GENOME NON_GENOME PIN 304
GENOME NON_GENOME PIN 306: GENOME NON_GENOME PIN 304 GENOME NON_GENOME PIN 307 GENOME NON_GENOME PIN 308 GENOME NON_GENOME PIN 309
GENOME NON_GENOME PIN 307: GENOME NON_GENOME PIN 304 GENOME NON_GENOME PIN 306
GENOME NON_GENOME PIN 308: GENOME NON_GENOME PIN 309 GENOME NON_GENOME PIN 310 GENOME NON_GENOME PIN 311 GENOME NON_GENOME PIN 312 GENOME NON_GENOME PIN 313 GENOME NON_GENOME PIN 314 GENOME NON_GENOME PIN 315 GENOME NON_GENOME PIN 316 GENOME NON_GENOME PIN 317 GENOME NON_GENOME PIN 318 GENOME NON_GENOME PIN 319 GENOME NON_GENOME PIN 306
GENOME NON_GENOME PIN 309: GENOME NON_GENOME PIN 308 GENOME NON_GENOME PIN 306
GENOME NON_GENOME PIN 310: GENOME NON_GENOME PIN 308
GENOME NON_GENOME PIN 311: GENOME NON_GENOME PIN 308
GENOME NON_GENOME PIN 312: GENOME NON_GENOME PIN 308 GENOME NON_GENOME PIN 119
GENOME NON_GENOME PIN 313: GENOME NON_GENOME PIN 308 GENOME NON_GENOME PIN 120
GENOME NON_GENOME PIN 314: GENOME NON_GENOME PIN 308 GENOME NON_GENOME PIN 121
GENOME NON_GENOME PIN 28: GENOME NON_GENOME PIN 15
GENOME NON_GENOME PIN 41: GENOME NON_GENOME PIN 52
GENOME NON_GENOME PIN 52: GENOME NON_GENOME PIN 41
GENOME NON_GENOME PIN 124: GENOME NON_GENOME PIN 125 GENOME NON_GENOME PIN 126 GENOME NON_GENOME PIN 127
GENOME NON_GENOME PIN 125: GENOME NON_GENOME PIN 124
GENOME NON_GENOME PIN 127: GENOME NON_GENOME PIN 124
GENOME NON_GENOME PIN 137: GENOME NON_GENOME PIN 136
GENOME NON_GENOME PIN 138: GENOME NON_GENOME PIN 136
GENOME NON_GENOME PIN 22: GENOME NON_GENOME PIN 11 GENOME NON_GENOME PIN 98
GENOME NON_GENOME PIN 11: GENOME NON_GENOME PIN 22 GENOME NON_GENOME PIN 23
GENOME NON_GENOME PIN 21: GENOME NON_GENOME PIN 97
GENOME NON_GENOME PIN 12: GENOME NON_GENOME PIN 23 GENOME NON_GENOME PIN 99
GENOME NON_GENOME PIN 23: GENOME NON_GENOME PIN 12 GENOME NON_GENOME PIN 11
GENOME NON_GENOME PIN 269: GENOME NON_GENOME PIN 32
GENOME NON_GENOME PIN 32: GENOME NON_GENOME PIN 269
GENOME NON_GENOME PIN 33: GENOME NON_GENOME PIN 44 GENOME NON_GENOME PIN 270
GENOME NON_GENOME PIN 44: GENOME NON_GENOME PIN 33
GENOME NON_GENOME PIN 34: GENOME NON_GENOME PIN 45 GENOME NON_GENOME PIN 271
GENOME NON_GENOME PIN 45: GENOME NON_GENOME PIN 34
GENOME NON_GENOME PIN 55: GENOME NON_GENOME PIN 66
GENOME NON_GENOME PIN 56: GENOME NON_GENOME PIN 67
GENOME NON_GENOME PIN 298: GENOME NON_GENOME PIN 76
GENOME NON_GENOME PIN 76: GENOME NON_GENOME PIN 298
GENOME NON_GENOME PIN 77: GENOME NON_GENOME PIN 88 GENOME NON_GENOME PIN 299
GENOME NON_GENOME PIN 88: GENOME NON_GENOME PIN 77
GENOME NON_GENOME PIN 78: GENOME NON_GENOME PIN 89 GENOME NON_GENOME PIN 300
GENOME NON_GENOME PIN 99: GENOME NON_GENOME PIN 12
GENOME NON_GENOME PIN 109: GENOME NON_GENOME PIN 142
GENOME NON_GENOME PIN 119: GENOME NON_GENOME PIN 312 GENOME NON_GENOME PIN 108
GENOME NON_GENOME PIN 120: GENOME NON_GENOME PIN 131 GENOME NON_GENOME PIN 313
GENOME NON_GENOME PIN 131: GENOME NON_GENOME PIN 120
GENOME NON_GENOME PIN 121: GENOME NON_GENOME PIN 132 GENOME NON_GENOME PIN 314
GENOME NON_GENOME PIN 132: GENOME NON_GENOME PIN 121 GENOME NON_GENOME PIN 167
GENOME NON_GENOME PIN 207: GENOME NON_GENOME PIN 141
GENOME NON_GENOME PIN 141: GENOME NON_GENOME PIN 207
GENOME NON_GENOME PIN 110: GENOME NON_GENOME PIN 143 GENOME NON_GENOME PIN 209
GENOME NON_GENOME PIN 186: GENOME NON_GENOME PIN 153 GENOME NON_GENOME PIN 335
GENOME NON_GENOME PIN 163: GENOME NON_GENOME PIN 322
GENOME NON_GENOME PIN 164: GENOME NON_GENOME PIN 175 GENOME NON_GENOME PIN 323
GENOME NON_GENOME PIN 175: GENOME NON_GENOME PIN 164
GENOME NON_GENOME PIN 176: GENOME NON_GENOME PIN 165
GENOME NON_GENOME PIN 185: GENOME NON_GENOME PIN 334
GENOME NON_GENOME PIN 187: GENOME NON_GENOME PIN 154
GENOME NON_GENOME PIN 196: GENOME NON_GENOME PIN 197 GENOME NON_GENOME PIN 198 GENOME NON_GENOME PIN 199
GENOME NON_GENOME PIN 197: GENOME NON_GENOME PIN 196
GENOME NON_GENOME PIN 198: GENOME NON_GENOME PIN 196
GENOME NON_GENOME PIN 199: GENOME NON_GENOME PIN 196
GENOME NON_GENOME PIN 208: GENOME NON_GENOME PIN 142
GENOME NON_GENOME PIN 209: GENOME NON_GENOME PIN 110
GENOME NON_GENOME PIN 270: GENOME NON_GENOME PIN 33 GENOME NON_GENOME PIN 271 GENOME NON_GENOME PIN 272 GENOME NON_GENOME PIN 273
GENOME NON_GENOME PIN 271: GENOME NON_GENOME PIN 34 GENOME NON_GENOME PIN 270
GENOME NON_GENOME PIN 299: GENOME NON_GENOME PIN 77
GENOME NON_GENOME PIN 300: GENOME NON_GENOME PIN 78
GENOME NON_GENOME PIN 35: GENOME NON_GENOME PIN 47
GENOME NON_GENOME PIN 75: GENOME NON_GENOME PIN 63
GENOME NON_GENOME PIN 63: GENOME NON_GENOME PIN 75
GENOME NON_GENOME PIN 86: GENOME NON_GENOME PIN 97
GENOME NON_GENOME PIN 108: GENOME NON_GENOME PIN 119
GENOME NON_GENOME PIN 156: GENOME NON_GENOME PIN 144
GENOME NON_GENOME PIN 144: GENOME NON_GENOME PIN 156
GENOME NON_GENOME PIN 167: GENOME NON_GENOME PIN 132
GENOME NON_GENOME PIN 249: GENOME NON_GENOME PIN 246 GENOME NON_GENOME PIN 248
GENOME NON_GENOME PIN 272: GENOME NON_GENOME PIN 270
GENOME NON_GENOME PIN 273: GENOME NON_GENOME PIN 270
GENOME NON_GENOME PIN 294: GENOME NON_GENOME PIN 295 GENOME NON_GENOME PIN 296 GENOME NON_GENOME PIN 297 GENOME NON_GENOME PIN 114
GENOME NON_GENOME PIN 295: GENOME NON_GENOME PIN 294
GENOME NON_GENOME PIN 296: GENOME NON_GENOME PIN 294 GENOME NON_GENOME PIN 116
GENOME NON_GENOME PIN 297: GENOME NON_GENOME PIN 294
INST gameplay_screen__GB2 PIN 207: INST gameplay_screen__GB8 PIN 364 TYPE 0 INST gameplay_screen__GB0 PIN 865 TYPE 0 GENOME gameplay_screen__GB2 PIN 207
INST gameplay_screen__GB2 PIN 208: INST gameplay_screen__GB8 PIN 365 TYPE 0 INST gameplay_screen__GB0 PIN 866 TYPE 0 GENOME gameplay_screen__GB2 PIN 208
INST gameplay_screen__GB2 PIN 209: INST gameplay_screen__GB8 PIN 366 TYPE 1 INST gameplay_screen__GB0 PIN 867 TYPE 1 GENOME gameplay_screen__GB2 PIN 209
INST gameplay_screen__GB2 PIN 210: INST gameplay_screen__GB8 PIN 367 TYPE 0 INST gameplay_screen__GB0 PIN 868 TYPE 0 GENOME gameplay_screen__GB2 PIN 210
INST gameplay_screen__GB2 PIN 211: INST gameplay_screen__GB8 PIN 368 TYPE 1 INST gameplay_screen__GB0 PIN 869 TYPE 1 GENOME gameplay_screen__GB2 PIN 211
INST gameplay_screen__GB2 PIN 212: INST gameplay_screen__GB8 PIN 369 TYPE 0 INST gameplay_screen__GB0 PIN 870 TYPE 0 GENOME gameplay_screen__GB2 PIN 212
INST gameplay_screen__GB2 PIN 213: INST gameplay_screen__GB8 PIN 370 TYPE 0 INST gameplay_screen__GB0 PIN 871 TYPE 0 GENOME gameplay_screen__GB2 PIN 213
INST gameplay_screen__GB2 PIN 214: INST gameplay_screen__GB8 PIN 371 TYPE 0 INST gameplay_screen__GB0 PIN 872 TYPE 0 GENOME gameplay_screen__GB2 PIN 214
INST gameplay_screen__GB2 PIN 215: INST gameplay_screen__GB8 PIN 372 TYPE 0 INST gameplay_screen__GB0 PIN 873 TYPE 0 GENOME gameplay_screen__GB2 PIN 215
INST gameplay_screen__GB2 PIN 216: INST gameplay_screen__GB8 PIN 373 TYPE 0 INST gameplay_screen__GB0 PIN 874 TYPE 0 GENOME gameplay_screen__GB2 PIN 216
INST gameplay_screen__GB12 PIN 262: INST gameplay_screen__GB11 PIN 471 TYPE 0 GENOME gameplay_screen__GB12 PIN 262
INST gameplay_screen__GB12 PIN 263: INST gameplay_screen__GB11 PIN 472 TYPE 0 GENOME gameplay_screen__GB12 PIN 263
INST gameplay_screen__GB12 PIN 264: INST gameplay_screen__GB11 PIN 473 TYPE 0 GENOME gameplay_screen__GB12 PIN 264
INST gameplay_screen__GB12 PIN 265: INST gameplay_screen__GB11 PIN 474 TYPE 0 GENOME gameplay_screen__GB12 PIN 265
INST gameplay_screen__GB12 PIN 266: INST gameplay_screen__GB11 PIN 475 TYPE 0 GENOME gameplay_screen__GB12 PIN 266
INST gameplay_screen__GB12 PIN 267: INST gameplay_screen__GB11 PIN 476 TYPE 0 GENOME gameplay_screen__GB12 PIN 267
INST gameplay_screen__GB12 PIN 268: INST gameplay_screen__GB11 PIN 477 TYPE 0 GENOME gameplay_screen__GB12 PIN 268
INST gameplay_screen__GB12 PIN 269: INST gameplay_screen__GB11 PIN 478 TYPE 0 GENOME gameplay_screen__GB12 PIN 269
INST gameplay_screen__GB12 PIN 270: INST gameplay_screen__GB12 PIN 271 TYPE 2 INST gameplay_screen__GB11 PIN 480 TYPE 4 INST gameplay_screen__GB12 PIN 272 TYPE 2 INST gameplay_screen__GB11 PIN 481 TYPE 4 INST gameplay_screen__GB12 PIN 273 TYPE 2 INST gameplay_screen__GB11 PIN 482 TYPE 4
INST gameplay_screen__GB12 PIN 250: INST gameplay_screen__GB11 PIN 483 TYPE 0 GENOME gameplay_screen__GB12 PIN 250
INST gameplay_screen__GB12 PIN 251: INST gameplay_screen__GB11 PIN 484 TYPE 0 GENOME gameplay_screen__GB12 PIN 251
INST gameplay_screen__GB12 PIN 252: INST gameplay_screen__GB11 PIN 485 TYPE 0 GENOME gameplay_screen__GB12 PIN 252
INST gameplay_screen__GB12 PIN 253: INST gameplay_screen__GB11 PIN 486 TYPE 0 GENOME gameplay_screen__GB12 PIN 253
INST gameplay_screen__GB12 PIN 254: INST gameplay_screen__GB11 PIN 487 TYPE 0 GENOME gameplay_screen__GB12 PIN 254
INST gameplay_screen__GB12 PIN 255: INST gameplay_screen__GB11 PIN 488 TYPE 0 GENOME gameplay_screen__GB12 PIN 255
INST gameplay_screen__GB12 PIN 256: INST gameplay_screen__GB11 PIN 489 TYPE 0 GENOME gameplay_screen__GB12 PIN 256
INST gameplay_screen__GB12 PIN 257: INST gameplay_screen__GB11 PIN 490 TYPE 0 GENOME gameplay_screen__GB12 PIN 257
INST gameplay_screen__GB12 PIN 258: INST gameplay_screen__GB12 PIN 259 TYPE 2 INST gameplay_screen__GB11 PIN 492 TYPE 4 INST gameplay_screen__GB12 PIN 260 TYPE 2 INST gameplay_screen__GB11 PIN 493 TYPE 4 INST gameplay_screen__GB12 PIN 261 TYPE 2 INST gameplay_screen__GB11 PIN 494 TYPE 4
INST gameplay_screen__GB12 PIN 238: INST gameplay_screen__GB11 PIN 495 TYPE 0 GENOME gameplay_screen__GB12 PIN 238
INST gameplay_screen__GB12 PIN 239: INST gameplay_screen__GB11 PIN 496 TYPE 0 GENOME gameplay_screen__GB12 PIN 239
INST gameplay_screen__GB12 PIN 240: INST gameplay_screen__GB11 PIN 497 TYPE 0 GENOME gameplay_screen__GB12 PIN 240
INST gameplay_screen__GB12 PIN 241: INST gameplay_screen__GB11 PIN 498 TYPE 0 GENOME gameplay_screen__GB12 PIN 241
INST gameplay_screen__GB12 PIN 242: INST gameplay_screen__GB11 PIN 499 TYPE 0 GENOME gameplay_screen__GB12 PIN 242
INST gameplay_screen__GB12 PIN 243: INST gameplay_screen__GB11 PIN 500 TYPE 0 GENOME gameplay_screen__GB12 PIN 243
INST gameplay_screen__GB12 PIN 244: INST gameplay_screen__GB11 PIN 501 TYPE 0 GENOME gameplay_screen__GB12 PIN 244
INST gameplay_screen__GB12 PIN 245: INST gameplay_screen__GB11 PIN 502 TYPE 0 GENOME gameplay_screen__GB12 PIN 245
INST gameplay_screen__GB12 PIN 246: INST gameplay_screen__GB12 PIN 247 TYPE 2 INST gameplay_screen__GB11 PIN 504 TYPE 4 INST gameplay_screen__GB12 PIN 248 TYPE 2 INST gameplay_screen__GB11 PIN 505 TYPE 4 INST gameplay_screen__GB12 PIN 249 TYPE 2 INST gameplay_screen__GB11 PIN 506 TYPE 4
INST gameplay_screen__GB11 PIN 110: INST gameplay_screen__GB11 PIN 143 TYPE 2 INST gameplay_screen__GB10 PIN 364 TYPE 4 INST gameplay_screen__GB11 PIN 209 TYPE 2 INST gameplay_screen__GB12 PIN 522 TYPE 4
INST gameplay_screen__GB11 PIN 154: INST gameplay_screen__GB11 PIN 187 TYPE 2 INST gameplay_screen__GB10 PIN 481 TYPE 4 INST gameplay_screen__GB11 PIN 336 TYPE 2 INST gameplay_screen__GB12 PIN 594 TYPE 4
INST gameplay_screen__GB11 PIN 56: INST gameplay_screen__GB11 PIN 67 TYPE 2 INST gameplay_screen__GB10 PIN 615 TYPE 4
INST gameplay_screen__GB11 PIN 12: INST gameplay_screen__GB11 PIN 23 TYPE 2 INST gameplay_screen__GB10 PIN 635 TYPE 4 INST gameplay_screen__GB11 PIN 99 TYPE 2 INST gameplay_screen__GB12 PIN 544 TYPE 4
INST gameplay_screen__GB11 PIN 34: INST gameplay_screen__GB11 PIN 45 TYPE 2 INST gameplay_screen__GB10 PIN 665 TYPE 4 INST gameplay_screen__GB11 PIN 271 TYPE 2 INST gameplay_screen__GB12 PIN 554 TYPE 4
INST gameplay_screen__GB11 PIN 78: INST gameplay_screen__GB11 PIN 89 TYPE 2 INST gameplay_screen__GB10 PIN 685 TYPE 4 INST gameplay_screen__GB11 PIN 300 TYPE 2 INST gameplay_screen__GB12 PIN 564 TYPE 4
INST gameplay_screen__GB11 PIN 121: INST gameplay_screen__GB11 PIN 132 TYPE 2 INST gameplay_screen__GB10 PIN 705 TYPE 4 INST gameplay_screen__GB11 PIN 314 TYPE 2 INST gameplay_screen__GB12 PIN 574 TYPE 4
INST gameplay_screen__GB11 PIN 165: INST gameplay_screen__GB11 PIN 176 TYPE 2 INST gameplay_screen__GB10 PIN 725 TYPE 4 INST gameplay_screen__GB11 PIN 324 TYPE 2 INST gameplay_screen__GB12 PIN 584 TYPE 4
INST gameplay_screen__GB12 PIN 298: INST gameplay_screen__GB10 PIN 844 TYPE 0 GENOME gameplay_screen__GB12 PIN 298
INST gameplay_screen__GB12 PIN 299: INST gameplay_screen__GB10 PIN 845 TYPE 0 GENOME gameplay_screen__GB12 PIN 299
INST gameplay_screen__GB12 PIN 300: INST gameplay_screen__GB10 PIN 846 TYPE 0 GENOME gameplay_screen__GB12 PIN 300
INST gameplay_screen__GB12 PIN 301: INST gameplay_screen__GB10 PIN 847 TYPE 0 GENOME gameplay_screen__GB12 PIN 301
INST gameplay_screen__GB12 PIN 302: INST gameplay_screen__GB10 PIN 848 TYPE 0 GENOME gameplay_screen__GB12 PIN 302
INST gameplay_screen__GB12 PIN 303: INST gameplay_screen__GB10 PIN 849 TYPE 0 GENOME gameplay_screen__GB12 PIN 303
INST gameplay_screen__GB12 PIN 304: INST gameplay_screen__GB10 PIN 850 TYPE 0 GENOME gameplay_screen__GB12 PIN 304
INST gameplay_screen__GB12 PIN 305: INST gameplay_screen__GB10 PIN 851 TYPE 0 GENOME gameplay_screen__GB12 PIN 305
INST gameplay_screen__GB12 PIN 306: INST gameplay_screen__GB12 PIN 307 TYPE 2 INST gameplay_screen__GB10 PIN 853 TYPE 4 INST gameplay_screen__GB12 PIN 308 TYPE 2 INST gameplay_screen__GB10 PIN 854 TYPE 4 INST gameplay_screen__GB12 PIN 309 TYPE 2 INST gameplay_screen__GB10 PIN 855 TYPE 4
INST gameplay_screen__GB12 PIN 310: INST gameplay_screen__GB10 PIN 856 TYPE 0 GENOME gameplay_screen__GB12 PIN 310
INST gameplay_screen__GB12 PIN 311: INST gameplay_screen__GB10 PIN 857 TYPE 0 GENOME gameplay_screen__GB12 PIN 311
INST gameplay_screen__GB12 PIN 312: INST gameplay_screen__GB10 PIN 858 TYPE 0 GENOME gameplay_screen__GB12 PIN 312
INST gameplay_screen__GB12 PIN 313: INST gameplay_screen__GB10 PIN 859 TYPE 0 GENOME gameplay_screen__GB12 PIN 313
INST gameplay_screen__GB12 PIN 314: INST gameplay_screen__GB10 PIN 860 TYPE 0 GENOME gameplay_screen__GB12 PIN 314
INST gameplay_screen__GB12 PIN 315: INST gameplay_screen__GB10 PIN 861 TYPE 0 GENOME gameplay_screen__GB12 PIN 315
INST gameplay_screen__GB12 PIN 316: INST gameplay_screen__GB10 PIN 862 TYPE 0 GENOME gameplay_screen__GB12 PIN 316
INST gameplay_screen__GB12 PIN 317: INST gameplay_screen__GB10 PIN 863 TYPE 0 GENOME gameplay_screen__GB12 PIN 317
INST gameplay_screen__GB12 PIN 318: INST gameplay_screen__GB12 PIN 319 TYPE 2 INST gameplay_screen__GB10 PIN 865 TYPE 4 INST gameplay_screen__GB12 PIN 320 TYPE 2 INST gameplay_screen__GB10 PIN 866 TYPE 4 INST gameplay_screen__GB12 PIN 321 TYPE 2 INST gameplay_screen__GB10 PIN 867 TYPE 4
INST gameplay_screen__GB12 PIN 274: INST gameplay_screen__GB10 PIN 955 TYPE 0 GENOME gameplay_screen__GB12 PIN 274
INST gameplay_screen__GB12 PIN 275: INST gameplay_screen__GB10 PIN 956 TYPE 0 GENOME gameplay_screen__GB12 PIN 275
INST gameplay_screen__GB12 PIN 276: INST gameplay_screen__GB10 PIN 957 TYPE 0 GENOME gameplay_screen__GB12 PIN 276
INST gameplay_screen__GB12 PIN 277: INST gameplay_screen__GB10 PIN 958 TYPE 0 GENOME gameplay_screen__GB12 PIN 277
INST gameplay_screen__GB12 PIN 278: INST gameplay_screen__GB10 PIN 959 TYPE 0 GENOME gameplay_screen__GB12 PIN 278
INST gameplay_screen__GB12 PIN 279: INST gameplay_screen__GB10 PIN 960 TYPE 0 GENOME gameplay_screen__GB12 PIN 279
INST gameplay_screen__GB12 PIN 280: INST gameplay_screen__GB10 PIN 961 TYPE 0 GENOME gameplay_screen__GB12 PIN 280
INST gameplay_screen__GB12 PIN 281: INST gameplay_screen__GB10 PIN 962 TYPE 0 GENOME gameplay_screen__GB12 PIN 281
INST gameplay_screen__GB12 PIN 282: INST gameplay_screen__GB12 PIN 283 TYPE 2 INST gameplay_screen__GB10 PIN 964 TYPE 4 INST gameplay_screen__GB12 PIN 284 TYPE 2 INST gameplay_screen__GB10 PIN 965 TYPE 4 INST gameplay_screen__GB12 PIN 285 TYPE 2 INST gameplay_screen__GB10 PIN 966 TYPE 4
INST gameplay_screen__GB12 PIN 286: INST gameplay_screen__GB10 PIN 967 TYPE 0 GENOME gameplay_screen__GB12 PIN 286
INST gameplay_screen__GB12 PIN 287: INST gameplay_screen__GB10 PIN 968 TYPE 0 GENOME gameplay_screen__GB12 PIN 287
INST gameplay_screen__GB12 PIN 288: INST gameplay_screen__GB10 PIN 969 TYPE 0 GENOME gameplay_screen__GB12 PIN 288
INST gameplay_screen__GB12 PIN 289: INST gameplay_screen__GB10 PIN 970 TYPE 0 GENOME gameplay_screen__GB12 PIN 289
INST gameplay_screen__GB12 PIN 290: INST gameplay_screen__GB10 PIN 971 TYPE 0 GENOME gameplay_screen__GB12 PIN 290
INST gameplay_screen__GB12 PIN 291: INST gameplay_screen__GB10 PIN 972 TYPE 0 GENOME gameplay_screen__GB12 PIN 291
INST gameplay_screen__GB12 PIN 292: INST gameplay_screen__GB10 PIN 973 TYPE 0 GENOME gameplay_screen__GB12 PIN 292
INST gameplay_screen__GB12 PIN 293: INST gameplay_screen__GB10 PIN 974 TYPE 0 GENOME gameplay_screen__GB12 PIN 293
INST gameplay_screen__GB12 PIN 294: INST gameplay_screen__GB12 PIN 295 TYPE 2 INST gameplay_screen__GB10 PIN 976 TYPE 4 INST gameplay_screen__GB12 PIN 296 TYPE 2 INST gameplay_screen__GB10 PIN 977 TYPE 4 INST gameplay_screen__GB12 PIN 297 TYPE 2 INST gameplay_screen__GB10 PIN 978 TYPE 4
INST gameplay_screen__GB11 PIN 142: INST gameplay_screen__GB11 PIN 208 TYPE 2 INST gameplay_screen__GB12 PIN 521 TYPE 4
INST gameplay_screen__GB11 PIN 22: INST gameplay_screen__GB11 PIN 98 TYPE 2 INST gameplay_screen__GB12 PIN 543 TYPE 4
INST gameplay_screen__GB11 PIN 33: INST gameplay_screen__GB11 PIN 270 TYPE 2 INST gameplay_screen__GB12 PIN 553 TYPE 4
INST gameplay_screen__GB11 PIN 77: INST gameplay_screen__GB11 PIN 299 TYPE 2 INST gameplay_screen__GB12 PIN 563 TYPE 4
INST gameplay_screen__GB11 PIN 120: INST gameplay_screen__GB11 PIN 313 TYPE 2 INST gameplay_screen__GB12 PIN 573 TYPE 4
INST gameplay_screen__GB11 PIN 164: INST gameplay_screen__GB11 PIN 323 TYPE 2 INST gameplay_screen__GB12 PIN 583 TYPE 4
INST gameplay_screen__GB11 PIN 186: INST gameplay_screen__GB11 PIN 335 TYPE 2 INST gameplay_screen__GB12 PIN 593 TYPE 4
INST gameplay_screen__GB0 PIN 42: INST gameplay_screen__GB1 PIN 232 TYPE 3 INST gameplay_screen__GB6 PIN 612 TYPE 4
INST gameplay_screen__GB1 PIN 31: INST gameplay_screen__GB1 PIN 190 TYPE 2 INST gameplay_screen__GB0 PIN 994 TYPE 4
INST gameplay_screen__GB2 PIN 4: INST gameplay_screen__GB0 PIN 1270 TYPE 0 GENOME gameplay_screen__GB2 PIN 4
INST gameplay_screen__GB2 PIN 5: INST gameplay_screen__GB0 PIN 1271 TYPE 0 GENOME gameplay_screen__GB2 PIN 5
INST gameplay_screen__GB2 PIN 6: INST gameplay_screen__GB0 PIN 1272 TYPE 1 GENOME gameplay_screen__GB2 PIN 6
INST gameplay_screen__GB2 PIN 7: INST gameplay_screen__GB0 PIN 1273 TYPE 0 GENOME gameplay_screen__GB2 PIN 7
INST gameplay_screen__GB2 PIN 8: INST gameplay_screen__GB0 PIN 1274 TYPE 1 GENOME gameplay_screen__GB2 PIN 8
INST gameplay_screen__GB2 PIN 9: INST gameplay_screen__GB0 PIN 1275 TYPE 1 GENOME gameplay_screen__GB2 PIN 9
INST gameplay_screen__GB2 PIN 10: INST gameplay_screen__GB0 PIN 1276 TYPE 1 GENOME gameplay_screen__GB2 PIN 10
INST gameplay_screen__GB2 PIN 11: INST gameplay_screen__GB0 PIN 1277 TYPE 1 GENOME gameplay_screen__GB2 PIN 11
INST gameplay_screen__GB2 PIN 12: INST gameplay_screen__GB0 PIN 1278 TYPE 1 GENOME gameplay_screen__GB2 PIN 12
INST gameplay_screen__GB2 PIN 13: INST gameplay_screen__GB0 PIN 1279 TYPE 0 GENOME gameplay_screen__GB2 PIN 13
INST gameplay_screen__GB11 PIN 188: INST gameplay_screen__GB0 PIN 1596 TYPE 0 GENOME gameplay_screen__GB11 PIN 188
INST gameplay_screen__GB11 PIN 189: INST gameplay_screen__GB0 PIN 1597 TYPE 0 GENOME gameplay_screen__GB11 PIN 189
INST gameplay_screen__GB11 PIN 190: INST gameplay_screen__GB0 PIN 1598 TYPE 0 GENOME gameplay_screen__GB11 PIN 190
INST gameplay_screen__GB11 PIN 191: INST gameplay_screen__GB0 PIN 1599 TYPE 0 GENOME gameplay_screen__GB11 PIN 191
INST gameplay_screen__GB11 PIN 192: INST gameplay_screen__GB0 PIN 1600 TYPE 0 GENOME gameplay_screen__GB11 PIN 192
INST gameplay_screen__GB11 PIN 193: INST gameplay_screen__GB0 PIN 1601 TYPE 0 GENOME gameplay_screen__GB11 PIN 193
INST gameplay_screen__GB11 PIN 194: INST gameplay_screen__GB0 PIN 1602 TYPE 0 GENOME gameplay_screen__GB11 PIN 194
INST gameplay_screen__GB11 PIN 195: INST gameplay_screen__GB0 PIN 1603 TYPE 0 GENOME gameplay_screen__GB11 PIN 195
INST gameplay_screen__GB11 PIN 196: INST gameplay_screen__GB11 PIN 197 TYPE 2 INST gameplay_screen__GB0 PIN 1605 TYPE 4 INST gameplay_screen__GB11 PIN 198 TYPE 2 INST gameplay_screen__GB0 PIN 1606 TYPE 4 INST gameplay_screen__GB11 PIN 199 TYPE 2 INST gameplay_screen__GB0 PIN 1607 TYPE 4
INST gameplay_screen__GB2 PIN 237: INST gameplay_screen__GB2 PIN 238 TYPE 2 INST gameplay_screen__GB0 PIN 1693 TYPE 4 INST gameplay_screen__GB2 PIN 239 TYPE 2 INST gameplay_screen__GB0 PIN 1694 TYPE 4 INST gameplay_screen__GB2 PIN 240 TYPE 2 INST gameplay_screen__GB0 PIN 1695 TYPE 4 INST gameplay_screen__GB2 PIN 241 TYPE 2 INST gameplay_screen__GB0 PIN 1696 TYPE 4 INST gameplay_screen__GB2 PIN 242 TYPE 2 INST gameplay_screen__GB0 PIN 1697 TYPE 4 INST gameplay_screen__GB2 PIN 243 TYPE 2 INST gameplay_screen__GB0 PIN 1698 TYPE 4 INST gameplay_screen__GB2 PIN 244 TYPE 2 INST gameplay_screen__GB0 PIN 1699 TYPE 4 INST gameplay_screen__GB2 PIN 245 TYPE 2 INST gameplay_screen__GB0 PIN 1700 TYPE 4 INST gameplay_screen__GB2 PIN 246 TYPE 2 INST gameplay_screen__GB0 PIN 1701 TYPE 4 INST gameplay_screen__GB2 PIN 247 TYPE 2 INST gameplay_screen__GB0 PIN 1702 TYPE 4 INST gameplay_screen__GB2 PIN 248 TYPE 2 INST gameplay_screen__GB0 PIN 1703 TYPE 4
INST gameplay_screen__GB1 PIN 315: INST gameplay_screen__GB1 PIN 316 TYPE 2 INST gameplay_screen__GB0 PIN 1705 TYPE 4 INST gameplay_screen__GB1 PIN 317 TYPE 2 INST gameplay_screen__GB0 PIN 1706 TYPE 4 INST gameplay_screen__GB1 PIN 318 TYPE 2 INST gameplay_screen__GB0 PIN 1707 TYPE 4 INST gameplay_screen__GB1 PIN 319 TYPE 2 INST gameplay_screen__GB0 PIN 1708 TYPE 4 INST gameplay_screen__GB1 PIN 320 TYPE 2 INST gameplay_screen__GB0 PIN 1709 TYPE 4 INST gameplay_screen__GB1 PIN 321 TYPE 2 INST gameplay_screen__GB0 PIN 1710 TYPE 4 INST gameplay_screen__GB1 PIN 322 TYPE 2 INST gameplay_screen__GB0 PIN 1711 TYPE 4 INST gameplay_screen__GB1 PIN 323 TYPE 2 INST gameplay_screen__GB0 PIN 1712 TYPE 4 INST gameplay_screen__GB1 PIN 324 TYPE 2 INST gameplay_screen__GB0 PIN 1713 TYPE 4 INST gameplay_screen__GB1 PIN 325 TYPE 2 INST gameplay_screen__GB0 PIN 1714 TYPE 4 INST gameplay_screen__GB1 PIN 326 TYPE 2 INST gameplay_screen__GB0 PIN 1715 TYPE 4
INST gameplay_screen__GB2 PIN 251: INST gameplay_screen__GB2 PIN 252 TYPE 2 INST gameplay_screen__GB0 PIN 1717 TYPE 4 INST gameplay_screen__GB2 PIN 253 TYPE 2 INST gameplay_screen__GB0 PIN 1718 TYPE 4 INST gameplay_screen__GB2 PIN 254 TYPE 2 INST gameplay_screen__GB0 PIN 1719 TYPE 4 INST gameplay_screen__GB2 PIN 255 TYPE 2 INST gameplay_screen__GB0 PIN 1720 TYPE 4 INST gameplay_screen__GB2 PIN 256 TYPE 2 INST gameplay_screen__GB0 PIN 1721 TYPE 4 INST gameplay_screen__GB2 PIN 257 TYPE 2 INST gameplay_screen__GB0 PIN 1722 TYPE 4 INST gameplay_screen__GB2 PIN 258 TYPE 2 INST gameplay_screen__GB0 PIN 1723 TYPE 4 INST gameplay_screen__GB2 PIN 259 TYPE 2 INST gameplay_screen__GB0 PIN 1724 TYPE 4 INST gameplay_screen__GB2 PIN 260 TYPE 2 INST gameplay_screen__GB0 PIN 1725 TYPE 4 INST gameplay_screen__GB2 PIN 261 TYPE 2 INST gameplay_screen__GB0 PIN 1726 TYPE 4 INST gameplay_screen__GB2 PIN 262 TYPE 2 INST gameplay_screen__GB0 PIN 1727 TYPE 4
INST gameplay_screen__GB1 PIN 327: INST gameplay_screen__GB1 PIN 328 TYPE 2 INST gameplay_screen__GB0 PIN 1765 TYPE 4 INST gameplay_screen__GB1 PIN 329 TYPE 2 INST gameplay_screen__GB0 PIN 1766 TYPE 4 INST gameplay_screen__GB1 PIN 330 TYPE 2 INST gameplay_screen__GB0 PIN 1767 TYPE 4 INST gameplay_screen__GB1 PIN 331 TYPE 2 INST gameplay_screen__GB0 PIN 1768 TYPE 4 INST gameplay_screen__GB1 PIN 332 TYPE 2 INST gameplay_screen__GB0 PIN 1769 TYPE 4 INST gameplay_screen__GB1 PIN 333 TYPE 2 INST gameplay_screen__GB0 PIN 1770 TYPE 4 INST gameplay_screen__GB1 PIN 334 TYPE 2 INST gameplay_screen__GB0 PIN 1771 TYPE 4 INST gameplay_screen__GB1 PIN 335 TYPE 2 INST gameplay_screen__GB0 PIN 1772 TYPE 4 INST gameplay_screen__GB1 PIN 336 TYPE 2 INST gameplay_screen__GB0 PIN 1773 TYPE 4 INST gameplay_screen__GB1 PIN 337 TYPE 2 INST gameplay_screen__GB0 PIN 1774 TYPE 4 INST gameplay_screen__GB1 PIN 338 TYPE 2 INST gameplay_screen__GB0 PIN 1775 TYPE 4
INST gameplay_screen__GB2 PIN 308: INST gameplay_screen__GB2 PIN 309 TYPE 2 INST gameplay_screen__GB0 PIN 1790 TYPE 4 INST gameplay_screen__GB2 PIN 310 TYPE 2 INST gameplay_screen__GB0 PIN 1791 TYPE 4 INST gameplay_screen__GB2 PIN 311 TYPE 2 INST gameplay_screen__GB0 PIN 1792 TYPE 4 INST gameplay_screen__GB2 PIN 312 TYPE 2 INST gameplay_screen__GB0 PIN 1793 TYPE 4 INST gameplay_screen__GB2 PIN 313 TYPE 2 INST gameplay_screen__GB0 PIN 1794 TYPE 4 INST gameplay_screen__GB2 PIN 314 TYPE 2 INST gameplay_screen__GB0 PIN 1795 TYPE 4 INST gameplay_screen__GB2 PIN 315 TYPE 2 INST gameplay_screen__GB0 PIN 1796 TYPE 4 INST gameplay_screen__GB2 PIN 316 TYPE 2 INST gameplay_screen__GB0 PIN 1797 TYPE 4 INST gameplay_screen__GB2 PIN 317 TYPE 2 INST gameplay_screen__GB0 PIN 1798 TYPE 4 INST gameplay_screen__GB2 PIN 318 TYPE 2 INST gameplay_screen__GB0 PIN 1799 TYPE 4 INST gameplay_screen__GB2 PIN 319 TYPE 2 INST gameplay_screen__GB0 PIN 1800 TYPE 4
INST gameplay_screen__GB2 PIN 320: INST gameplay_screen__GB2 PIN 321 TYPE 2 INST gameplay_screen__GB0 PIN 1802 TYPE 4 INST gameplay_screen__GB2 PIN 322 TYPE 2 INST gameplay_screen__GB0 PIN 1803 TYPE 4 INST gameplay_screen__GB2 PIN 323 TYPE 2 INST gameplay_screen__GB0 PIN 1804 TYPE 4 INST gameplay_screen__GB2 PIN 324 TYPE 2 INST gameplay_screen__GB0 PIN 1805 TYPE 4 INST gameplay_screen__GB2 PIN 325 TYPE 2 INST gameplay_screen__GB0 PIN 1806 TYPE 4 INST gameplay_screen__GB2 PIN 326 TYPE 2 INST gameplay_screen__GB0 PIN 1807 TYPE 4 INST gameplay_screen__GB2 PIN 327 TYPE 2 INST gameplay_screen__GB0 PIN 1808 TYPE 4 INST gameplay_screen__GB2 PIN 328 TYPE 2 INST gameplay_screen__GB0 PIN 1809 TYPE 4 INST gameplay_screen__GB2 PIN 329 TYPE 2 INST gameplay_screen__GB0 PIN 1810 TYPE 4 INST gameplay_screen__GB2 PIN 330 TYPE 2 INST gameplay_screen__GB0 PIN 1811 TYPE 4 INST gameplay_screen__GB2 PIN 331 TYPE 2 INST gameplay_screen__GB0 PIN 1812 TYPE 4
INST gameplay_screen__GB2 PIN 296: INST gameplay_screen__GB0 PIN 1850 TYPE 0 GENOME gameplay_screen__GB2 PIN 296
INST gameplay_screen__GB2 PIN 297: INST gameplay_screen__GB0 PIN 1851 TYPE 0 GENOME gameplay_screen__GB2 PIN 297
INST gameplay_screen__GB2 PIN 298: INST gameplay_screen__GB0 PIN 1852 TYPE 0 GENOME gameplay_screen__GB2 PIN 298
INST gameplay_screen__GB2 PIN 299: INST gameplay_screen__GB0 PIN 1853 TYPE 0 GENOME gameplay_screen__GB2 PIN 299
INST gameplay_screen__GB2 PIN 300: INST gameplay_screen__GB0 PIN 1854 TYPE 0 GENOME gameplay_screen__GB2 PIN 300
INST gameplay_screen__GB2 PIN 301: INST gameplay_screen__GB0 PIN 1855 TYPE 0 GENOME gameplay_screen__GB2 PIN 301
INST gameplay_screen__GB2 PIN 302: INST gameplay_screen__GB0 PIN 1856 TYPE 0 GENOME gameplay_screen__GB2 PIN 302
INST gameplay_screen__GB2 PIN 303: INST gameplay_screen__GB0 PIN 1857 TYPE 0 GENOME gameplay_screen__GB2 PIN 303
INST gameplay_screen__GB2 PIN 304: INST gameplay_screen__GB2 PIN 305 TYPE 2 INST gameplay_screen__GB0 PIN 1859 TYPE 4 INST gameplay_screen__GB2 PIN 306 TYPE 2 INST gameplay_screen__GB0 PIN 1860 TYPE 4 INST gameplay_screen__GB2 PIN 307 TYPE 2 INST gameplay_screen__GB0 PIN 1861 TYPE 4
INST gameplay_screen__GB2 PIN 271: INST gameplay_screen__GB0 PIN 1958 TYPE 0 GENOME gameplay_screen__GB2 PIN 271
INST gameplay_screen__GB2 PIN 272: INST gameplay_screen__GB0 PIN 1959 TYPE 0 GENOME gameplay_screen__GB2 PIN 272
INST gameplay_screen__GB2 PIN 273: INST gameplay_screen__GB0 PIN 1960 TYPE 0 GENOME gameplay_screen__GB2 PIN 273
INST gameplay_screen__GB2 PIN 274: INST gameplay_screen__GB0 PIN 1961 TYPE 0 GENOME gameplay_screen__GB2 PIN 274
INST gameplay_screen__GB2 PIN 275: INST gameplay_screen__GB0 PIN 1962 TYPE 0 GENOME gameplay_screen__GB2 PIN 275
INST gameplay_screen__GB2 PIN 276: INST gameplay_screen__GB0 PIN 1963 TYPE 0 GENOME gameplay_screen__GB2 PIN 276
INST gameplay_screen__GB2 PIN 277: INST gameplay_screen__GB0 PIN 1964 TYPE 0 GENOME gameplay_screen__GB2 PIN 277
INST gameplay_screen__GB2 PIN 278: INST gameplay_screen__GB0 PIN 1965 TYPE 0 GENOME gameplay_screen__GB2 PIN 278
INST gameplay_screen__GB2 PIN 279: INST gameplay_screen__GB2 PIN 280 TYPE 2 INST gameplay_screen__GB0 PIN 1967 TYPE 4 INST gameplay_screen__GB2 PIN 281 TYPE 2 INST gameplay_screen__GB0 PIN 1968 TYPE 4 INST gameplay_screen__GB2 PIN 282 TYPE 2 INST gameplay_screen__GB0 PIN 1969 TYPE 4
INST gameplay_screen__GB9 PIN 124: INST gameplay_screen__GB9 PIN 125 TYPE 2 INST gameplay_screen__GB0 PIN 1971 TYPE 4 INST gameplay_screen__GB9 PIN 126 TYPE 2 INST gameplay_screen__GB0 PIN 1972 TYPE 4 INST gameplay_screen__GB9 PIN 127 TYPE 2 INST gameplay_screen__GB0 PIN 1973 TYPE 4
INST gameplay_screen__GB9 PIN 128: INST gameplay_screen__GB0 PIN 1974 TYPE 0 GENOME gameplay_screen__GB9 PIN 128
INST gameplay_screen__GB9 PIN 129: INST gameplay_screen__GB0 PIN 1975 TYPE 0 GENOME gameplay_screen__GB9 PIN 129
INST gameplay_screen__GB9 PIN 130: INST gameplay_screen__GB0 PIN 1976 TYPE 0 GENOME gameplay_screen__GB9 PIN 130
INST gameplay_screen__GB9 PIN 131: INST gameplay_screen__GB0 PIN 1977 TYPE 0 GENOME gameplay_screen__GB9 PIN 131
INST gameplay_screen__GB9 PIN 132: INST gameplay_screen__GB0 PIN 1978 TYPE 0 GENOME gameplay_screen__GB9 PIN 132
INST gameplay_screen__GB9 PIN 133: INST gameplay_screen__GB0 PIN 1979 TYPE 0 GENOME gameplay_screen__GB9 PIN 133
INST gameplay_screen__GB9 PIN 134: INST gameplay_screen__GB0 PIN 1980 TYPE 0 GENOME gameplay_screen__GB9 PIN 134
INST gameplay_screen__GB9 PIN 135: INST gameplay_screen__GB0 PIN 1981 TYPE 0 GENOME gameplay_screen__GB9 PIN 135
INST gameplay_screen__GB9 PIN 136: INST gameplay_screen__GB9 PIN 137 TYPE 2 INST gameplay_screen__GB0 PIN 1983 TYPE 4 INST gameplay_screen__GB9 PIN 138 TYPE 2 INST gameplay_screen__GB0 PIN 1984 TYPE 4 INST gameplay_screen__GB9 PIN 139 TYPE 2 INST gameplay_screen__GB0 PIN 1985 TYPE 4
INST gameplay_screen__GB9 PIN 140: INST gameplay_screen__GB0 PIN 1986 TYPE 0 GENOME gameplay_screen__GB9 PIN 140
INST gameplay_screen__GB9 PIN 141: INST gameplay_screen__GB0 PIN 1987 TYPE 0 GENOME gameplay_screen__GB9 PIN 141
INST gameplay_screen__GB9 PIN 142: INST gameplay_screen__GB0 PIN 1988 TYPE 0 GENOME gameplay_screen__GB9 PIN 142
INST gameplay_screen__GB9 PIN 143: INST gameplay_screen__GB0 PIN 1989 TYPE 0 GENOME gameplay_screen__GB9 PIN 143
INST gameplay_screen__GB9 PIN 144: INST gameplay_screen__GB0 PIN 1990 TYPE 0 GENOME gameplay_screen__GB9 PIN 144
INST gameplay_screen__GB9 PIN 145: INST gameplay_screen__GB0 PIN 1991 TYPE 0 GENOME gameplay_screen__GB9 PIN 145
INST gameplay_screen__GB9 PIN 146: INST gameplay_screen__GB0 PIN 1992 TYPE 0 GENOME gameplay_screen__GB9 PIN 146
INST gameplay_screen__GB9 PIN 147: INST gameplay_screen__GB0 PIN 1993 TYPE 0 GENOME gameplay_screen__GB9 PIN 147
INST gameplay_screen__GB2 PIN 283: INST gameplay_screen__GB2 PIN 284 TYPE 2 INST gameplay_screen__GB0 PIN 1995 TYPE 4 INST gameplay_screen__GB2 PIN 285 TYPE 2 INST gameplay_screen__GB0 PIN 1996 TYPE 4 INST gameplay_screen__GB2 PIN 286 TYPE 2 INST gameplay_screen__GB0 PIN 1997 TYPE 4
INST gameplay_screen__GB2 PIN 287: INST gameplay_screen__GB0 PIN 1998 TYPE 0 GENOME gameplay_screen__GB2 PIN 287
INST gameplay_screen__GB2 PIN 288: INST gameplay_screen__GB0 PIN 1999 TYPE 0 GENOME gameplay_screen__GB2 PIN 288
INST gameplay_screen__GB2 PIN 289: INST gameplay_screen__GB0 PIN 2000 TYPE 0 GENOME gameplay_screen__GB2 PIN 289
INST gameplay_screen__GB2 PIN 290: INST gameplay_screen__GB0 PIN 2001 TYPE 0 GENOME gameplay_screen__GB2 PIN 290
INST gameplay_screen__GB2 PIN 291: INST gameplay_screen__GB0 PIN 2002 TYPE 0 GENOME gameplay_screen__GB2 PIN 291
INST gameplay_screen__GB2 PIN 292: INST gameplay_screen__GB0 PIN 2003 TYPE 0 GENOME gameplay_screen__GB2 PIN 292
INST gameplay_screen__GB2 PIN 293: INST gameplay_screen__GB0 PIN 2004 TYPE 0 GENOME gameplay_screen__GB2 PIN 293
INST gameplay_screen__GB2 PIN 294: INST gameplay_screen__GB0 PIN 2005 TYPE 0 GENOME gameplay_screen__GB2 PIN 294
INST gameplay_screen__GB0 PIN 99: INST gameplay_screen__GB1 PIN 166 TYPE 3 INST gameplay_screen__GB5 PIN 325 TYPE 4 INST gameplay_screen__GB1 PIN 155 TYPE 3 INST gameplay_screen__GB5 PIN 335 TYPE 4
INST gameplay_screen__GB0 PIN 98: INST gameplay_screen__GB1 PIN 154 TYPE 3 INST gameplay_screen__GB5 PIN 334 TYPE 4
INST gameplay_screen__GB11 PIN 361: INST gameplay_screen__GB2 PIN 48 TYPE 3 INST gameplay_screen__GB5 PIN 399 TYPE 4 INST gameplay_screen__GB2 PIN 62 TYPE 3 INST gameplay_screen__GB5 PIN 409 TYPE 4
INST gameplay_screen__GB11 PIN 360: INST gameplay_screen__GB2 PIN 61 TYPE 3 INST gameplay_screen__GB5 PIN 408 TYPE 4
INST gameplay_screen__GB2 PIN 27: INST gameplay_screen__GB5 PIN 414 TYPE 0 GENOME gameplay_screen__GB2 PIN 27
INST gameplay_screen__GB2 PIN 28: INST gameplay_screen__GB5 PIN 415 TYPE 0 GENOME gameplay_screen__GB2 PIN 28
INST gameplay_screen__GB2 PIN 29: INST gameplay_screen__GB5 PIN 416 TYPE 1 GENOME gameplay_screen__GB2 PIN 29
INST gameplay_screen__GB2 PIN 30: INST gameplay_screen__GB5 PIN 417 TYPE 0 GENOME gameplay_screen__GB2 PIN 30
INST gameplay_screen__GB2 PIN 31: INST gameplay_screen__GB5 PIN 418 TYPE 1 GENOME gameplay_screen__GB2 PIN 31
INST gameplay_screen__GB2 PIN 32: INST gameplay_screen__GB5 PIN 419 TYPE 1 GENOME gameplay_screen__GB2 PIN 32
INST gameplay_screen__GB2 PIN 33: INST gameplay_screen__GB5 PIN 420 TYPE 0 GENOME gameplay_screen__GB2 PIN 33
INST gameplay_screen__GB2 PIN 34: INST gameplay_screen__GB5 PIN 421 TYPE 1 GENOME gameplay_screen__GB2 PIN 34
INST gameplay_screen__GB2 PIN 35: INST gameplay_screen__GB5 PIN 422 TYPE 0 GENOME gameplay_screen__GB2 PIN 35
INST gameplay_screen__GB2 PIN 36: INST gameplay_screen__GB5 PIN 423 TYPE 0 GENOME gameplay_screen__GB2 PIN 36
INST gameplay_screen__GB2 PIN 48: GENOME gameplay_screen__GB2 PIN 48
INST gameplay_screen__GB2 PIN 61: GENOME gameplay_screen__GB2 PIN 61
INST gameplay_screen__GB2 PIN 62: GENOME gameplay_screen__GB2 PIN 62
INST gameplay_screen__GB2 PIN 238: GENOME gameplay_screen__GB2 PIN 238
INST gameplay_screen__GB2 PIN 239: GENOME gameplay_screen__GB2 PIN 239
INST gameplay_screen__GB2 PIN 240: GENOME gameplay_screen__GB2 PIN 240
INST gameplay_screen__GB2 PIN 241: GENOME gameplay_screen__GB2 PIN 241
INST gameplay_screen__GB2 PIN 242: GENOME gameplay_screen__GB2 PIN 242
INST gameplay_screen__GB2 PIN 243: GENOME gameplay_screen__GB2 PIN 243
INST gameplay_screen__GB2 PIN 244: GENOME gameplay_screen__GB2 PIN 244
INST gameplay_screen__GB2 PIN 245: GENOME gameplay_screen__GB2 PIN 245
INST gameplay_screen__GB2 PIN 246: GENOME gameplay_screen__GB2 PIN 246
INST gameplay_screen__GB2 PIN 247: GENOME gameplay_screen__GB2 PIN 247
INST gameplay_screen__GB2 PIN 248: GENOME gameplay_screen__GB2 PIN 248
INST gameplay_screen__GB2 PIN 252: GENOME gameplay_screen__GB2 PIN 252
INST gameplay_screen__GB2 PIN 253: GENOME gameplay_screen__GB2 PIN 253
INST gameplay_screen__GB2 PIN 254: GENOME gameplay_screen__GB2 PIN 254
INST gameplay_screen__GB2 PIN 255: GENOME gameplay_screen__GB2 PIN 255
INST gameplay_screen__GB2 PIN 256: GENOME gameplay_screen__GB2 PIN 256
INST gameplay_screen__GB2 PIN 257: GENOME gameplay_screen__GB2 PIN 257
INST gameplay_screen__GB2 PIN 258: GENOME gameplay_screen__GB2 PIN 258
INST gameplay_screen__GB2 PIN 259: GENOME gameplay_screen__GB2 PIN 259
INST gameplay_screen__GB2 PIN 260: GENOME gameplay_screen__GB2 PIN 260
INST gameplay_screen__GB2 PIN 261: GENOME gameplay_screen__GB2 PIN 261
INST gameplay_screen__GB2 PIN 262: GENOME gameplay_screen__GB2 PIN 262
INST gameplay_screen__GB2 PIN 280: GENOME gameplay_screen__GB2 PIN 280
INST gameplay_screen__GB2 PIN 281: GENOME gameplay_screen__GB2 PIN 281
INST gameplay_screen__GB2 PIN 282: GENOME gameplay_screen__GB2 PIN 282
INST gameplay_screen__GB2 PIN 284: GENOME gameplay_screen__GB2 PIN 284
INST gameplay_screen__GB2 PIN 285: GENOME gameplay_screen__GB2 PIN 285
INST gameplay_screen__GB2 PIN 286: GENOME gameplay_screen__GB2 PIN 286
INST gameplay_screen__GB2 PIN 305: GENOME gameplay_screen__GB2 PIN 305
INST gameplay_screen__GB2 PIN 306: GENOME gameplay_screen__GB2 PIN 306
INST gameplay_screen__GB2 PIN 307: GENOME gameplay_screen__GB2 PIN 307
INST gameplay_screen__GB2 PIN 309: GENOME gameplay_screen__GB2 PIN 309
INST gameplay_screen__GB2 PIN 310: GENOME gameplay_screen__GB2 PIN 310
INST gameplay_screen__GB2 PIN 311: GENOME gameplay_screen__GB2 PIN 311
INST gameplay_screen__GB2 PIN 312: GENOME gameplay_screen__GB2 PIN 312
INST gameplay_screen__GB2 PIN 313: GENOME gameplay_screen__GB2 PIN 313
INST gameplay_screen__GB2 PIN 314: GENOME gameplay_screen__GB2 PIN 314
INST gameplay_screen__GB2 PIN 315: GENOME gameplay_screen__GB2 PIN 315
INST gameplay_screen__GB2 PIN 316: GENOME gameplay_screen__GB2 PIN 316
INST gameplay_screen__GB2 PIN 317: GENOME gameplay_screen__GB2 PIN 317
INST gameplay_screen__GB2 PIN 318: GENOME gameplay_screen__GB2 PIN 318
INST gameplay_screen__GB2 PIN 319: GENOME gameplay_screen__GB2 PIN 319
INST gameplay_screen__GB2 PIN 321: GENOME gameplay_screen__GB2 PIN 321
INST gameplay_screen__GB2 PIN 322: GENOME gameplay_screen__GB2 PIN 322
INST gameplay_screen__GB2 PIN 323: GENOME gameplay_screen__GB2 PIN 323
INST gameplay_screen__GB2 PIN 324: GENOME gameplay_screen__GB2 PIN 324
INST gameplay_screen__GB2 PIN 325: GENOME gameplay_screen__GB2 PIN 325
INST gameplay_screen__GB2 PIN 326: GENOME gameplay_screen__GB2 PIN 326
INST gameplay_screen__GB2 PIN 327: GENOME gameplay_screen__GB2 PIN 327
INST gameplay_screen__GB2 PIN 328: GENOME gameplay_screen__GB2 PIN 328
INST gameplay_screen__GB2 PIN 329: GENOME gameplay_screen__GB2 PIN 329
INST gameplay_screen__GB2 PIN 330: GENOME gameplay_screen__GB2 PIN 330
INST gameplay_screen__GB2 PIN 331: GENOME gameplay_screen__GB2 PIN 331
INST gameplay_screen__GB12 PIN 247: GENOME gameplay_screen__GB12 PIN 247
INST gameplay_screen__GB12 PIN 248: GENOME gameplay_screen__GB12 PIN 248
INST gameplay_screen__GB12 PIN 249: GENOME gameplay_screen__GB12 PIN 249
INST gameplay_screen__GB12 PIN 259: GENOME gameplay_screen__GB12 PIN 259
INST gameplay_screen__GB12 PIN 260: GENOME gameplay_screen__GB12 PIN 260
INST gameplay_screen__GB12 PIN 261: GENOME gameplay_screen__GB12 PIN 261
INST gameplay_screen__GB12 PIN 271: GENOME gameplay_screen__GB12 PIN 271
INST gameplay_screen__GB12 PIN 272: GENOME gameplay_screen__GB12 PIN 272
INST gameplay_screen__GB12 PIN 273: GENOME gameplay_screen__GB12 PIN 273
INST gameplay_screen__GB12 PIN 283: GENOME gameplay_screen__GB12 PIN 283
INST gameplay_screen__GB12 PIN 284: GENOME gameplay_screen__GB12 PIN 284
INST gameplay_screen__GB12 PIN 285: GENOME gameplay_screen__GB12 PIN 285
INST gameplay_screen__GB12 PIN 295: GENOME gameplay_screen__GB12 PIN 295
INST gameplay_screen__GB12 PIN 296: GENOME gameplay_screen__GB12 PIN 296
INST gameplay_screen__GB12 PIN 297: GENOME gameplay_screen__GB12 PIN 297
INST gameplay_screen__GB12 PIN 307: GENOME gameplay_screen__GB12 PIN 307
INST gameplay_screen__GB12 PIN 308: GENOME gameplay_screen__GB12 PIN 308
INST gameplay_screen__GB12 PIN 309: GENOME gameplay_screen__GB12 PIN 309
INST gameplay_screen__GB12 PIN 319: GENOME gameplay_screen__GB12 PIN 319
INST gameplay_screen__GB12 PIN 320: GENOME gameplay_screen__GB12 PIN 320
INST gameplay_screen__GB12 PIN 321: GENOME gameplay_screen__GB12 PIN 321
INST gameplay_screen__GB11 PIN 23: GENOME gameplay_screen__GB11 PIN 23
INST gameplay_screen__GB11 PIN 45: GENOME gameplay_screen__GB11 PIN 45
INST gameplay_screen__GB11 PIN 67: GENOME gameplay_screen__GB11 PIN 67
INST gameplay_screen__GB11 PIN 89: GENOME gameplay_screen__GB11 PIN 89
INST gameplay_screen__GB11 PIN 98: GENOME gameplay_screen__GB11 PIN 98
INST gameplay_screen__GB11 PIN 99: GENOME gameplay_screen__GB11 PIN 99
INST gameplay_screen__GB11 PIN 132: GENOME gameplay_screen__GB11 PIN 132
INST gameplay_screen__GB11 PIN 143: GENOME gameplay_screen__GB11 PIN 143
INST gameplay_screen__GB11 PIN 176: GENOME gameplay_screen__GB11 PIN 176
INST gameplay_screen__GB11 PIN 187: GENOME gameplay_screen__GB11 PIN 187
INST gameplay_screen__GB11 PIN 197: GENOME gameplay_screen__GB11 PIN 197
INST gameplay_screen__GB11 PIN 198: GENOME gameplay_screen__GB11 PIN 198
INST gameplay_screen__GB11 PIN 199: GENOME gameplay_screen__GB11 PIN 199
INST gameplay_screen__GB11 PIN 208: GENOME gameplay_screen__GB11 PIN 208
INST gameplay_screen__GB11 PIN 209: GENOME gameplay_screen__GB11 PIN 209
INST gameplay_screen__GB11 PIN 270: GENOME gameplay_screen__GB11 PIN 270
INST gameplay_screen__GB11 PIN 271: GENOME gameplay_screen__GB11 PIN 271
INST gameplay_screen__GB11 PIN 299: GENOME gameplay_screen__GB11 PIN 299
INST gameplay_screen__GB11 PIN 300: GENOME gameplay_screen__GB11 PIN 300
INST gameplay_screen__GB11 PIN 313: GENOME gameplay_screen__GB11 PIN 313
INST gameplay_screen__GB11 PIN 314: GENOME gameplay_screen__GB11 PIN 314
INST gameplay_screen__GB11 PIN 323: GENOME gameplay_screen__GB11 PIN 323
INST gameplay_screen__GB11 PIN 324: GENOME gameplay_screen__GB11 PIN 324
INST gameplay_screen__GB11 PIN 335: GENOME gameplay_screen__GB11 PIN 335
INST gameplay_screen__GB11 PIN 336: GENOME gameplay_screen__GB11 PIN 336
INST gameplay_screen__GB11 PIN 471: GENOME gameplay_screen__GB11 PIN 471
INST gameplay_screen__GB11 PIN 472: GENOME gameplay_screen__GB11 PIN 472
INST gameplay_screen__GB11 PIN 473: GENOME gameplay_screen__GB11 PIN 473
INST gameplay_screen__GB11 PIN 474: GENOME gameplay_screen__GB11 PIN 474
INST gameplay_screen__GB11 PIN 475: GENOME gameplay_screen__GB11 PIN 475
INST gameplay_screen__GB11 PIN 476: GENOME gameplay_screen__GB11 PIN 476
INST gameplay_screen__GB11 PIN 477: GENOME gameplay_screen__GB11 PIN 477
INST gameplay_screen__GB11 PIN 478: GENOME gameplay_screen__GB11 PIN 478
INST gameplay_screen__GB11 PIN 480: GENOME gameplay_screen__GB11 PIN 480 INST gameplay_screen__GB12 PIN 270 TYPE 5
INST gameplay_screen__GB11 PIN 479: GENOME gameplay_screen__GB11 PIN 479
INST gameplay_screen__GB11 PIN 481: GENOME gameplay_screen__GB11 PIN 481 INST gameplay_screen__GB12 PIN 270 TYPE 5
INST gameplay_screen__GB11 PIN 482: GENOME gameplay_screen__GB11 PIN 482 INST gameplay_screen__GB12 PIN 270 TYPE 5
INST gameplay_screen__GB11 PIN 483: GENOME gameplay_screen__GB11 PIN 483
INST gameplay_screen__GB11 PIN 484: GENOME gameplay_screen__GB11 PIN 484
INST gameplay_screen__GB11 PIN 485: GENOME gameplay_screen__GB11 PIN 485
INST gameplay_screen__GB11 PIN 486: GENOME gameplay_screen__GB11 PIN 486
INST gameplay_screen__GB11 PIN 487: GENOME gameplay_screen__GB11 PIN 487
INST gameplay_screen__GB11 PIN 488: GENOME gameplay_screen__GB11 PIN 488
INST gameplay_screen__GB11 PIN 489: GENOME gameplay_screen__GB11 PIN 489
INST gameplay_screen__GB11 PIN 490: GENOME gameplay_screen__GB11 PIN 490
INST gameplay_screen__GB11 PIN 492: GENOME gameplay_screen__GB11 PIN 492 INST gameplay_screen__GB12 PIN 258 TYPE 5
INST gameplay_screen__GB11 PIN 491: GENOME gameplay_screen__GB11 PIN 491
INST gameplay_screen__GB11 PIN 493: GENOME gameplay_screen__GB11 PIN 493 INST gameplay_screen__GB12 PIN 258 TYPE 5
INST gameplay_screen__GB11 PIN 494: GENOME gameplay_screen__GB11 PIN 494 INST gameplay_screen__GB12 PIN 258 TYPE 5
INST gameplay_screen__GB11 PIN 495: GENOME gameplay_screen__GB11 PIN 495
INST gameplay_screen__GB11 PIN 496: GENOME gameplay_screen__GB11 PIN 496
INST gameplay_screen__GB11 PIN 497: GENOME gameplay_screen__GB11 PIN 497
INST gameplay_screen__GB11 PIN 498: GENOME gameplay_screen__GB11 PIN 498
INST gameplay_screen__GB11 PIN 499: GENOME gameplay_screen__GB11 PIN 499
INST gameplay_screen__GB11 PIN 500: GENOME gameplay_screen__GB11 PIN 500
INST gameplay_screen__GB11 PIN 501: GENOME gameplay_screen__GB11 PIN 501
INST gameplay_screen__GB11 PIN 502: GENOME gameplay_screen__GB11 PIN 502
INST gameplay_screen__GB11 PIN 504: GENOME gameplay_screen__GB11 PIN 504 INST gameplay_screen__GB12 PIN 246 TYPE 5
INST gameplay_screen__GB11 PIN 503: GENOME gameplay_screen__GB11 PIN 503
INST gameplay_screen__GB11 PIN 505: GENOME gameplay_screen__GB11 PIN 505 INST gameplay_screen__GB12 PIN 246 TYPE 5
INST gameplay_screen__GB11 PIN 506: GENOME gameplay_screen__GB11 PIN 506 INST gameplay_screen__GB12 PIN 246 TYPE 5
GENOME NON_GENOME PIN 220: GENOME NON_GENOME PIN 221 GENOME NON_GENOME PIN 222 GENOME NON_GENOME PIN 223
GENOME NON_GENOME PIN 221: GENOME NON_GENOME PIN 220
GENOME NON_GENOME PIN 222: GENOME NON_GENOME PIN 220
GENOME NON_GENOME PIN 223: GENOME NON_GENOME PIN 220
GENOME NON_GENOME PIN 236: GENOME NON_GENOME PIN 237 GENOME NON_GENOME PIN 238 GENOME NON_GENOME PIN 239
GENOME NON_GENOME PIN 250: GENOME NON_GENOME PIN 248
GENOME NON_GENOME PIN 479: GENOME NON_GENOME PIN 480 GENOME NON_GENOME PIN 481 GENOME NON_GENOME PIN 482
GENOME NON_GENOME PIN 480: GENOME NON_GENOME PIN 479
GENOME NON_GENOME PIN 481: GENOME NON_GENOME PIN 479
GENOME NON_GENOME PIN 482: GENOME NON_GENOME PIN 479
GENOME NON_GENOME PIN 491: GENOME NON_GENOME PIN 492 GENOME NON_GENOME PIN 493 GENOME NON_GENOME PIN 494
GENOME NON_GENOME PIN 492: GENOME NON_GENOME PIN 491
GENOME NON_GENOME PIN 493: GENOME NON_GENOME PIN 491
GENOME NON_GENOME PIN 494: GENOME NON_GENOME PIN 491
GENOME NON_GENOME PIN 503: GENOME NON_GENOME PIN 504 GENOME NON_GENOME PIN 505 GENOME NON_GENOME PIN 506
GENOME NON_GENOME PIN 504: GENOME NON_GENOME PIN 503
GENOME NON_GENOME PIN 505: GENOME NON_GENOME PIN 503
GENOME NON_GENOME PIN 506: GENOME NON_GENOME PIN 503
INST gameplay_screen__GB1 PIN 154: GENOME gameplay_screen__GB1 PIN 154
INST gameplay_screen__GB1 PIN 155: GENOME gameplay_screen__GB1 PIN 155
INST gameplay_screen__GB1 PIN 166: GENOME gameplay_screen__GB1 PIN 166
INST gameplay_screen__GB1 PIN 190: GENOME gameplay_screen__GB1 PIN 190
INST gameplay_screen__GB1 PIN 232: GENOME gameplay_screen__GB1 PIN 232
INST gameplay_screen__GB1 PIN 316: GENOME gameplay_screen__GB1 PIN 316
INST gameplay_screen__GB1 PIN 317: GENOME gameplay_screen__GB1 PIN 317
INST gameplay_screen__GB1 PIN 318: GENOME gameplay_screen__GB1 PIN 318
INST gameplay_screen__GB1 PIN 319: GENOME gameplay_screen__GB1 PIN 319
INST gameplay_screen__GB1 PIN 320: GENOME gameplay_screen__GB1 PIN 320
INST gameplay_screen__GB1 PIN 321: GENOME gameplay_screen__GB1 PIN 321
INST gameplay_screen__GB1 PIN 322: GENOME gameplay_screen__GB1 PIN 322
INST gameplay_screen__GB1 PIN 323: GENOME gameplay_screen__GB1 PIN 323
INST gameplay_screen__GB1 PIN 324: GENOME gameplay_screen__GB1 PIN 324
INST gameplay_screen__GB1 PIN 325: GENOME gameplay_screen__GB1 PIN 325
INST gameplay_screen__GB1 PIN 326: GENOME gameplay_screen__GB1 PIN 326
INST gameplay_screen__GB1 PIN 328: GENOME gameplay_screen__GB1 PIN 328
INST gameplay_screen__GB1 PIN 329: GENOME gameplay_screen__GB1 PIN 329
INST gameplay_screen__GB1 PIN 330: GENOME gameplay_screen__GB1 PIN 330
INST gameplay_screen__GB1 PIN 331: GENOME gameplay_screen__GB1 PIN 331
INST gameplay_screen__GB1 PIN 332: GENOME gameplay_screen__GB1 PIN 332
INST gameplay_screen__GB1 PIN 333: GENOME gameplay_screen__GB1 PIN 333
INST gameplay_screen__GB1 PIN 334: GENOME gameplay_screen__GB1 PIN 334
INST gameplay_screen__GB1 PIN 335: GENOME gameplay_screen__GB1 PIN 335
INST gameplay_screen__GB1 PIN 336: GENOME gameplay_screen__GB1 PIN 336
INST gameplay_screen__GB1 PIN 337: GENOME gameplay_screen__GB1 PIN 337
INST gameplay_screen__GB1 PIN 338: GENOME gameplay_screen__GB1 PIN 338
INST gameplay_screen__GB9 PIN 125: GENOME gameplay_screen__GB9 PIN 125
INST gameplay_screen__GB9 PIN 126: GENOME gameplay_screen__GB9 PIN 126
INST gameplay_screen__GB9 PIN 127: GENOME gameplay_screen__GB9 PIN 127
INST gameplay_screen__GB9 PIN 137: GENOME gameplay_screen__GB9 PIN 137
INST gameplay_screen__GB9 PIN 138: GENOME gameplay_screen__GB9 PIN 138
INST gameplay_screen__GB9 PIN 139: GENOME gameplay_screen__GB9 PIN 139
INST top_level__GC0 PIN 102: GENOME top_level__GC0 PIN 102 INST top_level__GC0 PIN 38 TYPE 5
INST top_level__GC0 PIN 38: GENOME top_level__GC0 PIN 38
INST top_level__GC0 PIN 103: GENOME top_level__GC0 PIN 103 INST top_level__GC0 PIN 37 TYPE 5
INST top_level__GC0 PIN 37: GENOME top_level__GC0 PIN 37
INST top_level__GC0 PIN 104: GENOME top_level__GC0 PIN 104 INST top_level__GC0 PIN 39 TYPE 5
INST top_level__GC0 PIN 39: GENOME top_level__GC0 PIN 39
GENOME NON_GENOME PIN 38: GENOME NON_GENOME PIN 102
GENOME NON_GENOME PIN 37: GENOME NON_GENOME PIN 103
GENOME NON_GENOME PIN 39: GENOME NON_GENOME PIN 104
INST gameplay_screen__GB11 PIN 212: INST gameplay_screen__GB0 PIN 1608 TYPE 0 GENOME gameplay_screen__GB11 PIN 212
INST gameplay_screen__GB11 PIN 213: INST gameplay_screen__GB0 PIN 1609 TYPE 0 GENOME gameplay_screen__GB11 PIN 213
INST gameplay_screen__GB11 PIN 214: INST gameplay_screen__GB0 PIN 1610 TYPE 0 GENOME gameplay_screen__GB11 PIN 214
INST gameplay_screen__GB11 PIN 215: INST gameplay_screen__GB0 PIN 1611 TYPE 0 GENOME gameplay_screen__GB11 PIN 215
INST gameplay_screen__GB11 PIN 216: INST gameplay_screen__GB0 PIN 1612 TYPE 0 GENOME gameplay_screen__GB11 PIN 216
INST gameplay_screen__GB11 PIN 217: INST gameplay_screen__GB0 PIN 1613 TYPE 0 GENOME gameplay_screen__GB11 PIN 217
INST gameplay_screen__GB11 PIN 218: INST gameplay_screen__GB0 PIN 1614 TYPE 0 GENOME gameplay_screen__GB11 PIN 218
INST gameplay_screen__GB11 PIN 219: INST gameplay_screen__GB0 PIN 1615 TYPE 0 GENOME gameplay_screen__GB11 PIN 219
INST gameplay_screen__GB11 PIN 220: INST gameplay_screen__GB11 PIN 221 TYPE 2 INST gameplay_screen__GB0 PIN 1617 TYPE 4 INST gameplay_screen__GB11 PIN 222 TYPE 2 INST gameplay_screen__GB0 PIN 1618 TYPE 4 INST gameplay_screen__GB11 PIN 223 TYPE 2 INST gameplay_screen__GB0 PIN 1619 TYPE 4
INST gameplay_screen__GB11 PIN 228: INST gameplay_screen__GB0 PIN 1656 TYPE 0 GENOME gameplay_screen__GB11 PIN 228
INST gameplay_screen__GB11 PIN 229: INST gameplay_screen__GB0 PIN 1657 TYPE 0 GENOME gameplay_screen__GB11 PIN 229
INST gameplay_screen__GB11 PIN 230: INST gameplay_screen__GB0 PIN 1658 TYPE 0 GENOME gameplay_screen__GB11 PIN 230
INST gameplay_screen__GB11 PIN 231: INST gameplay_screen__GB0 PIN 1659 TYPE 0 GENOME gameplay_screen__GB11 PIN 231
INST gameplay_screen__GB11 PIN 232: INST gameplay_screen__GB0 PIN 1660 TYPE 0 GENOME gameplay_screen__GB11 PIN 232
INST gameplay_screen__GB11 PIN 233: INST gameplay_screen__GB0 PIN 1661 TYPE 0 GENOME gameplay_screen__GB11 PIN 233
INST gameplay_screen__GB11 PIN 234: INST gameplay_screen__GB0 PIN 1662 TYPE 0 GENOME gameplay_screen__GB11 PIN 234
INST gameplay_screen__GB11 PIN 235: INST gameplay_screen__GB0 PIN 1663 TYPE 0 GENOME gameplay_screen__GB11 PIN 235
INST gameplay_screen__GB11 PIN 236: INST gameplay_screen__GB11 PIN 237 TYPE 2 INST gameplay_screen__GB0 PIN 1665 TYPE 4 INST gameplay_screen__GB11 PIN 238 TYPE 2 INST gameplay_screen__GB0 PIN 1666 TYPE 4 INST gameplay_screen__GB11 PIN 239 TYPE 2 INST gameplay_screen__GB0 PIN 1667 TYPE 4
INST gameplay_screen__GB11 PIN 240: INST gameplay_screen__GB0 PIN 1668 TYPE 0 GENOME gameplay_screen__GB11 PIN 240
INST gameplay_screen__GB11 PIN 241: INST gameplay_screen__GB0 PIN 1669 TYPE 0 GENOME gameplay_screen__GB11 PIN 241
INST gameplay_screen__GB11 PIN 242: INST gameplay_screen__GB0 PIN 1670 TYPE 0 GENOME gameplay_screen__GB11 PIN 242
INST gameplay_screen__GB11 PIN 243: INST gameplay_screen__GB0 PIN 1671 TYPE 0 GENOME gameplay_screen__GB11 PIN 243
INST gameplay_screen__GB11 PIN 244: INST gameplay_screen__GB0 PIN 1672 TYPE 0 GENOME gameplay_screen__GB11 PIN 244
INST gameplay_screen__GB11 PIN 245: INST gameplay_screen__GB0 PIN 1673 TYPE 0 GENOME gameplay_screen__GB11 PIN 245
INST gameplay_screen__GB11 PIN 246: INST gameplay_screen__GB0 PIN 1674 TYPE 0 GENOME gameplay_screen__GB11 PIN 246
INST gameplay_screen__GB11 PIN 247: INST gameplay_screen__GB0 PIN 1675 TYPE 0 GENOME gameplay_screen__GB11 PIN 247
INST gameplay_screen__GB11 PIN 248: INST gameplay_screen__GB11 PIN 249 TYPE 2 INST gameplay_screen__GB0 PIN 1677 TYPE 4 INST gameplay_screen__GB11 PIN 250 TYPE 2 INST gameplay_screen__GB0 PIN 1678 TYPE 4 INST gameplay_screen__GB11 PIN 251 TYPE 2 INST gameplay_screen__GB0 PIN 1679 TYPE 4
INST gameplay_screen__GB11 PIN 221: GENOME gameplay_screen__GB11 PIN 221
INST gameplay_screen__GB11 PIN 222: GENOME gameplay_screen__GB11 PIN 222
INST gameplay_screen__GB11 PIN 223: GENOME gameplay_screen__GB11 PIN 223
INST gameplay_screen__GB11 PIN 237: GENOME gameplay_screen__GB11 PIN 237
INST gameplay_screen__GB11 PIN 238: GENOME gameplay_screen__GB11 PIN 238
INST gameplay_screen__GB11 PIN 239: GENOME gameplay_screen__GB11 PIN 239
INST gameplay_screen__GB11 PIN 249: GENOME gameplay_screen__GB11 PIN 249
INST gameplay_screen__GB11 PIN 250: GENOME gameplay_screen__GB11 PIN 250
INST gameplay_screen__GB11 PIN 251: GENOME gameplay_screen__GB11 PIN 251
GENOME NON_GENOME PIN 114: GENOME NON_GENOME PIN 294
GENOME NON_GENOME PIN 116: GENOME NON_GENOME PIN 296
GENOME NON_GENOME PIN 123: GENOME NON_GENOME PIN 303
GENOME NON_GENOME PIN 303: GENOME NON_GENOME PIN 123
INST gameplay_screen__GB1 PIN 114: INST gameplay_screen__GB1 PIN 294 TYPE 2 INST gameplay_screen__GB0 PIN 2109 TYPE 4
INST gameplay_screen__GB1 PIN 116: INST gameplay_screen__GB1 PIN 296 TYPE 2 INST gameplay_screen__GB0 PIN 2111 TYPE 4
INST gameplay_screen__GB1 PIN 123: INST gameplay_screen__GB1 PIN 303 TYPE 2 INST gameplay_screen__GB0 PIN 2118 TYPE 4
