GENOME NON_GENOME PIN 303: GENOME NON_GENOME PIN 20
GENOME NON_GENOME PIN 20: GENOME NON_GENOME PIN 303
GENOME NON_GENOME PIN 10: GENOME NON_GENOME PIN 32
GENOME NON_GENOME PIN 32: GENOME NON_GENOME PIN 10
GENOME NON_GENOME PIN 609: GENOME NON_GENOME PIN 42
GENOME NON_GENOME PIN 42: GENOME NON_GENOME PIN 609
GENOME NON_GENOME PIN 610: GENOME NON_GENOME PIN 43
GENOME NON_GENOME PIN 43: GENOME NON_GENOME PIN 610
GENOME NON_GENOME PIN 21: GENOME NON_GENOME PIN 68 GENOME NON_GENOME PIN 304
GENOME NON_GENOME PIN 68: GENOME NON_GENOME PIN 21
GENOME NON_GENOME PIN 57: GENOME NON_GENOME PIN 91
GENOME NON_GENOME PIN 91: GENOME NON_GENOME PIN 57
GENOME NON_GENOME PIN 600: GENOME NON_GENOME PIN 109 GENOME NON_GENOME PIN 120
GENOME NON_GENOME PIN 109: GENOME NON_GENOME PIN 600
GENOME NON_GENOME PIN 599: GENOME NON_GENOME PIN 119
GENOME NON_GENOME PIN 119: GENOME NON_GENOME PIN 599
GENOME NON_GENOME PIN 120: GENOME NON_GENOME PIN 600
GENOME NON_GENOME PIN 479: GENOME NON_GENOME PIN 144 GENOME NON_GENOME PIN 155
GENOME NON_GENOME PIN 144: GENOME NON_GENOME PIN 479
GENOME NON_GENOME PIN 478: GENOME NON_GENOME PIN 154
GENOME NON_GENOME PIN 154: GENOME NON_GENOME PIN 478
GENOME NON_GENOME PIN 155: GENOME NON_GENOME PIN 479
GENOME NON_GENOME PIN 467: GENOME NON_GENOME PIN 166 GENOME NON_GENOME PIN 177
GENOME NON_GENOME PIN 166: GENOME NON_GENOME PIN 467
GENOME NON_GENOME PIN 466: GENOME NON_GENOME PIN 176
GENOME NON_GENOME PIN 176: GENOME NON_GENOME PIN 466
GENOME NON_GENOME PIN 177: GENOME NON_GENOME PIN 467
GENOME NON_GENOME PIN 192: GENOME NON_GENOME PIN 193 GENOME NON_GENOME PIN 194 GENOME NON_GENOME PIN 195 GENOME NON_GENOME PIN 196 GENOME NON_GENOME PIN 197 GENOME NON_GENOME PIN 198 GENOME NON_GENOME PIN 199 GENOME NON_GENOME PIN 200 GENOME NON_GENOME PIN 201 GENOME NON_GENOME PIN 202 GENOME NON_GENOME PIN 203
GENOME NON_GENOME PIN 193: GENOME NON_GENOME PIN 192
GENOME NON_GENOME PIN 194: GENOME NON_GENOME PIN 192
GENOME NON_GENOME PIN 195: GENOME NON_GENOME PIN 192
GENOME NON_GENOME PIN 196: GENOME NON_GENOME PIN 192
GENOME NON_GENOME PIN 197: GENOME NON_GENOME PIN 192
GENOME NON_GENOME PIN 198: GENOME NON_GENOME PIN 192
GENOME NON_GENOME PIN 199: GENOME NON_GENOME PIN 192
GENOME NON_GENOME PIN 200: GENOME NON_GENOME PIN 192
GENOME NON_GENOME PIN 201: GENOME NON_GENOME PIN 192
GENOME NON_GENOME PIN 202: GENOME NON_GENOME PIN 192
GENOME NON_GENOME PIN 203: GENOME NON_GENOME PIN 192
GENOME NON_GENOME PIN 571: GENOME NON_GENOME PIN 221
GENOME NON_GENOME PIN 221: GENOME NON_GENOME PIN 571
GENOME NON_GENOME PIN 572: GENOME NON_GENOME PIN 222 GENOME NON_GENOME PIN 233
GENOME NON_GENOME PIN 222: GENOME NON_GENOME PIN 572
GENOME NON_GENOME PIN 233: GENOME NON_GENOME PIN 572
GENOME NON_GENOME PIN 234: GENOME NON_GENOME PIN 235 GENOME NON_GENOME PIN 236 GENOME NON_GENOME PIN 237 GENOME NON_GENOME PIN 238 GENOME NON_GENOME PIN 239 GENOME NON_GENOME PIN 240 GENOME NON_GENOME PIN 241 GENOME NON_GENOME PIN 242 GENOME NON_GENOME PIN 243 GENOME NON_GENOME PIN 244 GENOME NON_GENOME PIN 245
GENOME NON_GENOME PIN 235: GENOME NON_GENOME PIN 234
GENOME NON_GENOME PIN 236: GENOME NON_GENOME PIN 234
GENOME NON_GENOME PIN 237: GENOME NON_GENOME PIN 234
GENOME NON_GENOME PIN 238: GENOME NON_GENOME PIN 234
GENOME NON_GENOME PIN 239: GENOME NON_GENOME PIN 234
GENOME NON_GENOME PIN 240: GENOME NON_GENOME PIN 234
GENOME NON_GENOME PIN 241: GENOME NON_GENOME PIN 234
GENOME NON_GENOME PIN 242: GENOME NON_GENOME PIN 234
GENOME NON_GENOME PIN 243: GENOME NON_GENOME PIN 234
GENOME NON_GENOME PIN 244: GENOME NON_GENOME PIN 234
GENOME NON_GENOME PIN 245: GENOME NON_GENOME PIN 234
GENOME NON_GENOME PIN 560: GENOME NON_GENOME PIN 254
GENOME NON_GENOME PIN 254: GENOME NON_GENOME PIN 560
GENOME NON_GENOME PIN 561: GENOME NON_GENOME PIN 255
GENOME NON_GENOME PIN 255: GENOME NON_GENOME PIN 561
GENOME NON_GENOME PIN 257: GENOME NON_GENOME PIN 258 GENOME NON_GENOME PIN 259 GENOME NON_GENOME PIN 260
GENOME NON_GENOME PIN 258: GENOME NON_GENOME PIN 257
GENOME NON_GENOME PIN 259: GENOME NON_GENOME PIN 257
GENOME NON_GENOME PIN 260: GENOME NON_GENOME PIN 257
GENOME NON_GENOME PIN 269: GENOME NON_GENOME PIN 270 GENOME NON_GENOME PIN 271 GENOME NON_GENOME PIN 272
GENOME NON_GENOME PIN 270: GENOME NON_GENOME PIN 269
GENOME NON_GENOME PIN 271: GENOME NON_GENOME PIN 269
GENOME NON_GENOME PIN 272: GENOME NON_GENOME PIN 269
GENOME NON_GENOME PIN 619: GENOME NON_GENOME PIN 289
GENOME NON_GENOME PIN 289: GENOME NON_GENOME PIN 619
GENOME NON_GENOME PIN 620: GENOME NON_GENOME PIN 290
GENOME NON_GENOME PIN 290: GENOME NON_GENOME PIN 620
GENOME NON_GENOME PIN 304: GENOME NON_GENOME PIN 21
GENOME NON_GENOME PIN 305: GENOME NON_GENOME PIN 306 GENOME NON_GENOME PIN 307 GENOME NON_GENOME PIN 308
GENOME NON_GENOME PIN 306: GENOME NON_GENOME PIN 305
GENOME NON_GENOME PIN 307: GENOME NON_GENOME PIN 305
GENOME NON_GENOME PIN 308: GENOME NON_GENOME PIN 305
GENOME NON_GENOME PIN 317: GENOME NON_GENOME PIN 318 GENOME NON_GENOME PIN 319 GENOME NON_GENOME PIN 320
GENOME NON_GENOME PIN 318: GENOME NON_GENOME PIN 317
GENOME NON_GENOME PIN 319: GENOME NON_GENOME PIN 317
GENOME NON_GENOME PIN 320: GENOME NON_GENOME PIN 317
GENOME NON_GENOME PIN 7: GENOME NON_GENOME PIN 27
GENOME NON_GENOME PIN 27: GENOME NON_GENOME PIN 7
GENOME NON_GENOME PIN 23: GENOME NON_GENOME PIN 38
GENOME NON_GENOME PIN 38: GENOME NON_GENOME PIN 23 GENOME NON_GENOME PIN 102
GENOME NON_GENOME PIN 66: GENOME NON_GENOME PIN 65
GENOME NON_GENOME PIN 65: GENOME NON_GENOME PIN 66
GENOME NON_GENOME PIN 75: GENOME NON_GENOME PIN 74
GENOME NON_GENOME PIN 74: GENOME NON_GENOME PIN 75
INST gameplay_screen__GB9 PIN 55: INST gameplay_screen__GB1 PIN 290 TYPE 3 INST gameplay_screen__GB5 PIN 544 TYPE 4 INST gameplay_screen__GB2 PIN 330 TYPE 4
INST gameplay_screen__GB10 PIN 163: INST gameplay_screen__GB1 PIN 255 TYPE 3 INST gameplay_screen__GB5 PIN 554 TYPE 4 INST gameplay_screen__GB2 PIN 414 TYPE 4
INST gameplay_screen__GB0 PIN 148: INST gameplay_screen__GB1 PIN 43 TYPE 3 INST gameplay_screen__GB5 PIN 458 TYPE 4 INST gameplay_screen__GB2 PIN 597 TYPE 4
INST gameplay_screen__GB1 PIN 305: INST gameplay_screen__GB1 PIN 306 TYPE 2 INST gameplay_screen__GB4 PIN 373 TYPE 4 INST gameplay_screen__GB1 PIN 307 TYPE 2 INST gameplay_screen__GB4 PIN 374 TYPE 4 INST gameplay_screen__GB1 PIN 308 TYPE 2 INST gameplay_screen__GB4 PIN 375 TYPE 4
INST gameplay_screen__GB1 PIN 309: INST gameplay_screen__GB4 PIN 376 TYPE 0 GENOME gameplay_screen__GB1 PIN 309
INST gameplay_screen__GB1 PIN 310: INST gameplay_screen__GB4 PIN 377 TYPE 0 GENOME gameplay_screen__GB1 PIN 310
INST gameplay_screen__GB1 PIN 311: INST gameplay_screen__GB4 PIN 378 TYPE 0 GENOME gameplay_screen__GB1 PIN 311
INST gameplay_screen__GB1 PIN 312: INST gameplay_screen__GB4 PIN 379 TYPE 0 GENOME gameplay_screen__GB1 PIN 312
INST gameplay_screen__GB1 PIN 313: INST gameplay_screen__GB4 PIN 380 TYPE 0 GENOME gameplay_screen__GB1 PIN 313
INST gameplay_screen__GB1 PIN 314: INST gameplay_screen__GB4 PIN 381 TYPE 0 GENOME gameplay_screen__GB1 PIN 314
INST gameplay_screen__GB1 PIN 315: INST gameplay_screen__GB4 PIN 382 TYPE 0 GENOME gameplay_screen__GB1 PIN 315
INST gameplay_screen__GB1 PIN 316: INST gameplay_screen__GB4 PIN 383 TYPE 0 GENOME gameplay_screen__GB1 PIN 316
INST gameplay_screen__GB1 PIN 317: INST gameplay_screen__GB1 PIN 318 TYPE 2 INST gameplay_screen__GB4 PIN 424 TYPE 4 INST gameplay_screen__GB1 PIN 319 TYPE 2 INST gameplay_screen__GB4 PIN 425 TYPE 4 INST gameplay_screen__GB1 PIN 320 TYPE 2 INST gameplay_screen__GB4 PIN 426 TYPE 4
INST gameplay_screen__GB1 PIN 321: INST gameplay_screen__GB4 PIN 427 TYPE 0 GENOME gameplay_screen__GB1 PIN 321
INST gameplay_screen__GB1 PIN 322: INST gameplay_screen__GB4 PIN 428 TYPE 0 GENOME gameplay_screen__GB1 PIN 322
INST gameplay_screen__GB1 PIN 323: INST gameplay_screen__GB4 PIN 429 TYPE 0 GENOME gameplay_screen__GB1 PIN 323
INST gameplay_screen__GB1 PIN 324: INST gameplay_screen__GB4 PIN 430 TYPE 0 GENOME gameplay_screen__GB1 PIN 324
INST gameplay_screen__GB1 PIN 325: INST gameplay_screen__GB4 PIN 431 TYPE 0 GENOME gameplay_screen__GB1 PIN 325
INST gameplay_screen__GB1 PIN 326: INST gameplay_screen__GB4 PIN 432 TYPE 0 GENOME gameplay_screen__GB1 PIN 326
INST gameplay_screen__GB1 PIN 327: INST gameplay_screen__GB4 PIN 433 TYPE 0 GENOME gameplay_screen__GB1 PIN 327
INST gameplay_screen__GB1 PIN 328: INST gameplay_screen__GB4 PIN 434 TYPE 0 GENOME gameplay_screen__GB1 PIN 328
INST gameplay_screen__GB1 PIN 269: INST gameplay_screen__GB1 PIN 270 TYPE 2 INST gameplay_screen__GB4 PIN 460 TYPE 4 INST gameplay_screen__GB1 PIN 271 TYPE 2 INST gameplay_screen__GB4 PIN 461 TYPE 4 INST gameplay_screen__GB1 PIN 272 TYPE 2 INST gameplay_screen__GB4 PIN 462 TYPE 4
INST gameplay_screen__GB1 PIN 273: INST gameplay_screen__GB4 PIN 463 TYPE 0 GENOME gameplay_screen__GB1 PIN 273
INST gameplay_screen__GB1 PIN 274: INST gameplay_screen__GB4 PIN 464 TYPE 0 GENOME gameplay_screen__GB1 PIN 274
INST gameplay_screen__GB1 PIN 275: INST gameplay_screen__GB4 PIN 465 TYPE 0 GENOME gameplay_screen__GB1 PIN 275
INST gameplay_screen__GB1 PIN 276: INST gameplay_screen__GB4 PIN 466 TYPE 0 GENOME gameplay_screen__GB1 PIN 276
INST gameplay_screen__GB1 PIN 277: INST gameplay_screen__GB4 PIN 467 TYPE 0 GENOME gameplay_screen__GB1 PIN 277
INST gameplay_screen__GB1 PIN 278: INST gameplay_screen__GB4 PIN 468 TYPE 0 GENOME gameplay_screen__GB1 PIN 278
INST gameplay_screen__GB1 PIN 279: INST gameplay_screen__GB4 PIN 469 TYPE 0 GENOME gameplay_screen__GB1 PIN 279
INST gameplay_screen__GB1 PIN 280: INST gameplay_screen__GB4 PIN 470 TYPE 0 GENOME gameplay_screen__GB1 PIN 280
INST gameplay_screen__GB1 PIN 257: INST gameplay_screen__GB1 PIN 258 TYPE 2 INST gameplay_screen__GB4 PIN 472 TYPE 4 INST gameplay_screen__GB1 PIN 259 TYPE 2 INST gameplay_screen__GB4 PIN 473 TYPE 4 INST gameplay_screen__GB1 PIN 260 TYPE 2 INST gameplay_screen__GB4 PIN 474 TYPE 4
INST gameplay_screen__GB1 PIN 261: INST gameplay_screen__GB4 PIN 475 TYPE 0 GENOME gameplay_screen__GB1 PIN 261
INST gameplay_screen__GB1 PIN 262: INST gameplay_screen__GB4 PIN 476 TYPE 0 GENOME gameplay_screen__GB1 PIN 262
INST gameplay_screen__GB1 PIN 263: INST gameplay_screen__GB4 PIN 477 TYPE 0 GENOME gameplay_screen__GB1 PIN 263
INST gameplay_screen__GB1 PIN 264: INST gameplay_screen__GB4 PIN 478 TYPE 0 GENOME gameplay_screen__GB1 PIN 264
INST gameplay_screen__GB1 PIN 265: INST gameplay_screen__GB4 PIN 479 TYPE 0 GENOME gameplay_screen__GB1 PIN 265
INST gameplay_screen__GB1 PIN 266: INST gameplay_screen__GB4 PIN 480 TYPE 0 GENOME gameplay_screen__GB1 PIN 266
INST gameplay_screen__GB1 PIN 267: INST gameplay_screen__GB4 PIN 481 TYPE 0 GENOME gameplay_screen__GB1 PIN 267
INST gameplay_screen__GB1 PIN 268: INST gameplay_screen__GB4 PIN 482 TYPE 0 GENOME gameplay_screen__GB1 PIN 268
INST gameplay_screen__GB1 PIN 192: INST gameplay_screen__GB1 PIN 193 TYPE 2 INST gameplay_screen__GB4 PIN 616 TYPE 4 INST gameplay_screen__GB1 PIN 194 TYPE 2 INST gameplay_screen__GB4 PIN 617 TYPE 4 INST gameplay_screen__GB1 PIN 195 TYPE 2 INST gameplay_screen__GB4 PIN 618 TYPE 4 INST gameplay_screen__GB1 PIN 196 TYPE 2 INST gameplay_screen__GB4 PIN 619 TYPE 4 INST gameplay_screen__GB1 PIN 197 TYPE 2 INST gameplay_screen__GB4 PIN 620 TYPE 4 INST gameplay_screen__GB1 PIN 198 TYPE 2 INST gameplay_screen__GB4 PIN 621 TYPE 4 INST gameplay_screen__GB1 PIN 199 TYPE 2 INST gameplay_screen__GB4 PIN 622 TYPE 4 INST gameplay_screen__GB1 PIN 200 TYPE 2 INST gameplay_screen__GB4 PIN 623 TYPE 4 INST gameplay_screen__GB1 PIN 201 TYPE 2 INST gameplay_screen__GB4 PIN 624 TYPE 4 INST gameplay_screen__GB1 PIN 202 TYPE 2 INST gameplay_screen__GB4 PIN 625 TYPE 4 INST gameplay_screen__GB1 PIN 203 TYPE 2 INST gameplay_screen__GB4 PIN 626 TYPE 4
INST gameplay_screen__GB1 PIN 234: INST gameplay_screen__GB1 PIN 235 TYPE 2 INST gameplay_screen__GB4 PIN 628 TYPE 4 INST gameplay_screen__GB1 PIN 236 TYPE 2 INST gameplay_screen__GB4 PIN 629 TYPE 4 INST gameplay_screen__GB1 PIN 237 TYPE 2 INST gameplay_screen__GB4 PIN 630 TYPE 4 INST gameplay_screen__GB1 PIN 238 TYPE 2 INST gameplay_screen__GB4 PIN 631 TYPE 4 INST gameplay_screen__GB1 PIN 239 TYPE 2 INST gameplay_screen__GB4 PIN 632 TYPE 4 INST gameplay_screen__GB1 PIN 240 TYPE 2 INST gameplay_screen__GB4 PIN 633 TYPE 4 INST gameplay_screen__GB1 PIN 241 TYPE 2 INST gameplay_screen__GB4 PIN 634 TYPE 4 INST gameplay_screen__GB1 PIN 242 TYPE 2 INST gameplay_screen__GB4 PIN 635 TYPE 4 INST gameplay_screen__GB1 PIN 243 TYPE 2 INST gameplay_screen__GB4 PIN 636 TYPE 4 INST gameplay_screen__GB1 PIN 244 TYPE 2 INST gameplay_screen__GB4 PIN 637 TYPE 4 INST gameplay_screen__GB1 PIN 245 TYPE 2 INST gameplay_screen__GB4 PIN 638 TYPE 4
INST gameplay_screen__GB1 PIN 21: INST gameplay_screen__GB1 PIN 304 TYPE 2 INST gameplay_screen__GB4 PIN 755 TYPE 4
INST gameplay_screen__GB4 PIN 129: INST gameplay_screen__GB1 PIN 120 TYPE 3 INST gameplay_screen__GB0 PIN 548 TYPE 4
INST gameplay_screen__GB2 PIN 186: INST gameplay_screen__GB1 PIN 177 TYPE 3 INST gameplay_screen__GB0 PIN 583 TYPE 4
INST gameplay_screen__GB2 PIN 115: INST gameplay_screen__GB1 PIN 222 TYPE 3 INST gameplay_screen__GB0 PIN 631 TYPE 4
INST gameplay_screen__GB2 PIN 126: INST gameplay_screen__GB1 PIN 155 TYPE 3 INST gameplay_screen__GB0 PIN 809 TYPE 4
INST gameplay_screen__GB1 PIN 43: GENOME gameplay_screen__GB1 PIN 43
INST gameplay_screen__GB1 PIN 120: GENOME gameplay_screen__GB1 PIN 120
INST gameplay_screen__GB1 PIN 155: GENOME gameplay_screen__GB1 PIN 155
INST gameplay_screen__GB1 PIN 177: GENOME gameplay_screen__GB1 PIN 177
INST gameplay_screen__GB1 PIN 193: GENOME gameplay_screen__GB1 PIN 193
INST gameplay_screen__GB1 PIN 194: GENOME gameplay_screen__GB1 PIN 194
INST gameplay_screen__GB1 PIN 195: GENOME gameplay_screen__GB1 PIN 195
INST gameplay_screen__GB1 PIN 196: GENOME gameplay_screen__GB1 PIN 196
INST gameplay_screen__GB1 PIN 197: GENOME gameplay_screen__GB1 PIN 197
INST gameplay_screen__GB1 PIN 198: GENOME gameplay_screen__GB1 PIN 198
INST gameplay_screen__GB1 PIN 199: GENOME gameplay_screen__GB1 PIN 199
INST gameplay_screen__GB1 PIN 200: GENOME gameplay_screen__GB1 PIN 200
INST gameplay_screen__GB1 PIN 201: GENOME gameplay_screen__GB1 PIN 201
INST gameplay_screen__GB1 PIN 202: GENOME gameplay_screen__GB1 PIN 202
INST gameplay_screen__GB1 PIN 203: GENOME gameplay_screen__GB1 PIN 203
INST gameplay_screen__GB1 PIN 222: GENOME gameplay_screen__GB1 PIN 222
INST gameplay_screen__GB1 PIN 235: GENOME gameplay_screen__GB1 PIN 235
INST gameplay_screen__GB1 PIN 236: GENOME gameplay_screen__GB1 PIN 236
INST gameplay_screen__GB1 PIN 237: GENOME gameplay_screen__GB1 PIN 237
INST gameplay_screen__GB1 PIN 238: GENOME gameplay_screen__GB1 PIN 238
INST gameplay_screen__GB1 PIN 239: GENOME gameplay_screen__GB1 PIN 239
INST gameplay_screen__GB1 PIN 240: GENOME gameplay_screen__GB1 PIN 240
INST gameplay_screen__GB1 PIN 241: GENOME gameplay_screen__GB1 PIN 241
INST gameplay_screen__GB1 PIN 242: GENOME gameplay_screen__GB1 PIN 242
INST gameplay_screen__GB1 PIN 243: GENOME gameplay_screen__GB1 PIN 243
INST gameplay_screen__GB1 PIN 244: GENOME gameplay_screen__GB1 PIN 244
INST gameplay_screen__GB1 PIN 245: GENOME gameplay_screen__GB1 PIN 245
INST gameplay_screen__GB1 PIN 255: GENOME gameplay_screen__GB1 PIN 255
INST gameplay_screen__GB1 PIN 258: GENOME gameplay_screen__GB1 PIN 258
INST gameplay_screen__GB1 PIN 259: GENOME gameplay_screen__GB1 PIN 259
INST gameplay_screen__GB1 PIN 260: GENOME gameplay_screen__GB1 PIN 260
INST gameplay_screen__GB1 PIN 270: GENOME gameplay_screen__GB1 PIN 270
INST gameplay_screen__GB1 PIN 271: GENOME gameplay_screen__GB1 PIN 271
INST gameplay_screen__GB1 PIN 272: GENOME gameplay_screen__GB1 PIN 272
INST gameplay_screen__GB1 PIN 290: GENOME gameplay_screen__GB1 PIN 290
INST gameplay_screen__GB1 PIN 304: GENOME gameplay_screen__GB1 PIN 304
INST gameplay_screen__GB1 PIN 306: GENOME gameplay_screen__GB1 PIN 306
INST gameplay_screen__GB1 PIN 307: GENOME gameplay_screen__GB1 PIN 307
INST gameplay_screen__GB1 PIN 308: GENOME gameplay_screen__GB1 PIN 308
INST gameplay_screen__GB1 PIN 318: GENOME gameplay_screen__GB1 PIN 318
INST gameplay_screen__GB1 PIN 319: GENOME gameplay_screen__GB1 PIN 319
INST gameplay_screen__GB1 PIN 320: GENOME gameplay_screen__GB1 PIN 320
INST top_level__GC0 PIN 102: GENOME top_level__GC0 PIN 102 INST top_level__GC0 PIN 38 TYPE 5
INST top_level__GC0 PIN 38: GENOME top_level__GC0 PIN 38
INST top_level__GC0 PIN 103: GENOME top_level__GC0 PIN 103 INST top_level__GC0 PIN 37 TYPE 5
INST top_level__GC0 PIN 37: GENOME top_level__GC0 PIN 37
INST top_level__GC0 PIN 104: GENOME top_level__GC0 PIN 104 INST top_level__GC0 PIN 39 TYPE 5
INST top_level__GC0 PIN 39: GENOME top_level__GC0 PIN 39
GENOME NON_GENOME PIN 102: GENOME NON_GENOME PIN 38
GENOME NON_GENOME PIN 37: GENOME NON_GENOME PIN 103
GENOME NON_GENOME PIN 103: GENOME NON_GENOME PIN 37
GENOME NON_GENOME PIN 39: GENOME NON_GENOME PIN 104
GENOME NON_GENOME PIN 104: GENOME NON_GENOME PIN 39
