GENOME NON_GENOME PIN 119: GENOME NON_GENOME PIN 120 GENOME NON_GENOME PIN 121 GENOME NON_GENOME PIN 122
GENOME NON_GENOME PIN 120: GENOME NON_GENOME PIN 119
GENOME NON_GENOME PIN 121: GENOME NON_GENOME PIN 119
GENOME NON_GENOME PIN 122: GENOME NON_GENOME PIN 119
GENOME NON_GENOME PIN 131: GENOME NON_GENOME PIN 132 GENOME NON_GENOME PIN 133 GENOME NON_GENOME PIN 134
GENOME NON_GENOME PIN 132: GENOME NON_GENOME PIN 131
GENOME NON_GENOME PIN 133: GENOME NON_GENOME PIN 131
GENOME NON_GENOME PIN 134: GENOME NON_GENOME PIN 131
GENOME NON_GENOME PIN 143: GENOME NON_GENOME PIN 144 GENOME NON_GENOME PIN 145 GENOME NON_GENOME PIN 146
GENOME NON_GENOME PIN 144: GENOME NON_GENOME PIN 143
GENOME NON_GENOME PIN 145: GENOME NON_GENOME PIN 143
GENOME NON_GENOME PIN 146: GENOME NON_GENOME PIN 143
GENOME NON_GENOME PIN 155: GENOME NON_GENOME PIN 156 GENOME NON_GENOME PIN 157 GENOME NON_GENOME PIN 158 GENOME NON_GENOME PIN 159 GENOME NON_GENOME PIN 160 GENOME NON_GENOME PIN 161 GENOME NON_GENOME PIN 162 GENOME NON_GENOME PIN 163 GENOME NON_GENOME PIN 164 GENOME NON_GENOME PIN 165 GENOME NON_GENOME PIN 166
GENOME NON_GENOME PIN 156: GENOME NON_GENOME PIN 155
GENOME NON_GENOME PIN 157: GENOME NON_GENOME PIN 155
GENOME NON_GENOME PIN 158: GENOME NON_GENOME PIN 155
GENOME NON_GENOME PIN 159: GENOME NON_GENOME PIN 155
GENOME NON_GENOME PIN 160: GENOME NON_GENOME PIN 155
GENOME NON_GENOME PIN 161: GENOME NON_GENOME PIN 155
GENOME NON_GENOME PIN 162: GENOME NON_GENOME PIN 155
GENOME NON_GENOME PIN 163: GENOME NON_GENOME PIN 155
GENOME NON_GENOME PIN 164: GENOME NON_GENOME PIN 155
GENOME NON_GENOME PIN 165: GENOME NON_GENOME PIN 155
GENOME NON_GENOME PIN 166: GENOME NON_GENOME PIN 155
GENOME NON_GENOME PIN 167: GENOME NON_GENOME PIN 168 GENOME NON_GENOME PIN 169 GENOME NON_GENOME PIN 170 GENOME NON_GENOME PIN 171 GENOME NON_GENOME PIN 172 GENOME NON_GENOME PIN 173 GENOME NON_GENOME PIN 174 GENOME NON_GENOME PIN 175 GENOME NON_GENOME PIN 176 GENOME NON_GENOME PIN 177 GENOME NON_GENOME PIN 178
GENOME NON_GENOME PIN 168: GENOME NON_GENOME PIN 167
GENOME NON_GENOME PIN 169: GENOME NON_GENOME PIN 167
GENOME NON_GENOME PIN 170: GENOME NON_GENOME PIN 167
GENOME NON_GENOME PIN 171: GENOME NON_GENOME PIN 167
GENOME NON_GENOME PIN 172: GENOME NON_GENOME PIN 167
GENOME NON_GENOME PIN 173: GENOME NON_GENOME PIN 167
GENOME NON_GENOME PIN 174: GENOME NON_GENOME PIN 167
GENOME NON_GENOME PIN 175: GENOME NON_GENOME PIN 167
GENOME NON_GENOME PIN 176: GENOME NON_GENOME PIN 167
GENOME NON_GENOME PIN 177: GENOME NON_GENOME PIN 167
GENOME NON_GENOME PIN 178: GENOME NON_GENOME PIN 167
GENOME NON_GENOME PIN 179: GENOME NON_GENOME PIN 180 GENOME NON_GENOME PIN 181 GENOME NON_GENOME PIN 182 GENOME NON_GENOME PIN 183 GENOME NON_GENOME PIN 184 GENOME NON_GENOME PIN 185 GENOME NON_GENOME PIN 186 GENOME NON_GENOME PIN 187 GENOME NON_GENOME PIN 188 GENOME NON_GENOME PIN 189 GENOME NON_GENOME PIN 190
GENOME NON_GENOME PIN 180: GENOME NON_GENOME PIN 179
GENOME NON_GENOME PIN 181: GENOME NON_GENOME PIN 179
GENOME NON_GENOME PIN 182: GENOME NON_GENOME PIN 179
GENOME NON_GENOME PIN 183: GENOME NON_GENOME PIN 179
GENOME NON_GENOME PIN 184: GENOME NON_GENOME PIN 179
GENOME NON_GENOME PIN 185: GENOME NON_GENOME PIN 179
GENOME NON_GENOME PIN 186: GENOME NON_GENOME PIN 179
GENOME NON_GENOME PIN 187: GENOME NON_GENOME PIN 179
GENOME NON_GENOME PIN 188: GENOME NON_GENOME PIN 179
GENOME NON_GENOME PIN 189: GENOME NON_GENOME PIN 179
GENOME NON_GENOME PIN 190: GENOME NON_GENOME PIN 179
GENOME NON_GENOME PIN 191: GENOME NON_GENOME PIN 192 GENOME NON_GENOME PIN 193 GENOME NON_GENOME PIN 194 GENOME NON_GENOME PIN 195 GENOME NON_GENOME PIN 196 GENOME NON_GENOME PIN 197 GENOME NON_GENOME PIN 198 GENOME NON_GENOME PIN 199 GENOME NON_GENOME PIN 200 GENOME NON_GENOME PIN 201 GENOME NON_GENOME PIN 202
GENOME NON_GENOME PIN 192: GENOME NON_GENOME PIN 191
GENOME NON_GENOME PIN 193: GENOME NON_GENOME PIN 191
GENOME NON_GENOME PIN 194: GENOME NON_GENOME PIN 191
GENOME NON_GENOME PIN 195: GENOME NON_GENOME PIN 191
GENOME NON_GENOME PIN 196: GENOME NON_GENOME PIN 191
GENOME NON_GENOME PIN 197: GENOME NON_GENOME PIN 191
GENOME NON_GENOME PIN 198: GENOME NON_GENOME PIN 191
GENOME NON_GENOME PIN 199: GENOME NON_GENOME PIN 191
GENOME NON_GENOME PIN 200: GENOME NON_GENOME PIN 191
GENOME NON_GENOME PIN 201: GENOME NON_GENOME PIN 191
GENOME NON_GENOME PIN 202: GENOME NON_GENOME PIN 191
GENOME NON_GENOME PIN 203: GENOME NON_GENOME PIN 204 GENOME NON_GENOME PIN 205 GENOME NON_GENOME PIN 206 GENOME NON_GENOME PIN 207 GENOME NON_GENOME PIN 208 GENOME NON_GENOME PIN 209 GENOME NON_GENOME PIN 210 GENOME NON_GENOME PIN 211 GENOME NON_GENOME PIN 212 GENOME NON_GENOME PIN 213 GENOME NON_GENOME PIN 214
GENOME NON_GENOME PIN 204: GENOME NON_GENOME PIN 203
GENOME NON_GENOME PIN 205: GENOME NON_GENOME PIN 203
GENOME NON_GENOME PIN 206: GENOME NON_GENOME PIN 203
GENOME NON_GENOME PIN 207: GENOME NON_GENOME PIN 203
GENOME NON_GENOME PIN 208: GENOME NON_GENOME PIN 203
GENOME NON_GENOME PIN 209: GENOME NON_GENOME PIN 203
GENOME NON_GENOME PIN 210: GENOME NON_GENOME PIN 203
GENOME NON_GENOME PIN 211: GENOME NON_GENOME PIN 203
GENOME NON_GENOME PIN 212: GENOME NON_GENOME PIN 203
GENOME NON_GENOME PIN 213: GENOME NON_GENOME PIN 203
GENOME NON_GENOME PIN 214: GENOME NON_GENOME PIN 203
INST gameplay_screen__GB1 PIN 255: INST top_level__GC0 PIN 40 TYPE 5
INST gameplay_screen__GB1 PIN 256: INST top_level__GC0 PIN 15 TYPE 5
INST gameplay_screen__GB1 PIN 60: INST gameplay_screen__GB0 PIN 549 TYPE 0 GENOME gameplay_screen__GB1 PIN 60
INST gameplay_screen__GB1 PIN 61: INST gameplay_screen__GB0 PIN 550 TYPE 0 GENOME gameplay_screen__GB1 PIN 61
INST gameplay_screen__GB1 PIN 62: INST gameplay_screen__GB0 PIN 551 TYPE 0 GENOME gameplay_screen__GB1 PIN 62
INST gameplay_screen__GB1 PIN 63: INST gameplay_screen__GB0 PIN 552 TYPE 1 GENOME gameplay_screen__GB1 PIN 63
INST gameplay_screen__GB1 PIN 64: INST gameplay_screen__GB0 PIN 553 TYPE 1 GENOME gameplay_screen__GB1 PIN 64
INST gameplay_screen__GB1 PIN 65: INST gameplay_screen__GB0 PIN 554 TYPE 0 GENOME gameplay_screen__GB1 PIN 65
INST gameplay_screen__GB1 PIN 66: INST gameplay_screen__GB0 PIN 555 TYPE 0 GENOME gameplay_screen__GB1 PIN 66
INST gameplay_screen__GB1 PIN 67: INST gameplay_screen__GB0 PIN 556 TYPE 0 GENOME gameplay_screen__GB1 PIN 67
INST gameplay_screen__GB1 PIN 68: INST gameplay_screen__GB0 PIN 557 TYPE 0 GENOME gameplay_screen__GB1 PIN 68
INST gameplay_screen__GB1 PIN 69: INST gameplay_screen__GB0 PIN 558 TYPE 1 GENOME gameplay_screen__GB1 PIN 69
INST gameplay_screen__GB1 PIN 70: INST gameplay_screen__GB0 PIN 559 TYPE 1 GENOME gameplay_screen__GB1 PIN 70
INST gameplay_screen__GB1 PIN 143: INST gameplay_screen__GB1 PIN 144 TYPE 2 INST gameplay_screen__GB2 PIN 1501 TYPE 4 INST gameplay_screen__GB1 PIN 145 TYPE 2 INST gameplay_screen__GB2 PIN 1502 TYPE 4 INST gameplay_screen__GB1 PIN 146 TYPE 2 INST gameplay_screen__GB2 PIN 1503 TYPE 4
INST gameplay_screen__GB1 PIN 147: INST gameplay_screen__GB2 PIN 1504 TYPE 0 GENOME gameplay_screen__GB1 PIN 147
INST gameplay_screen__GB1 PIN 148: INST gameplay_screen__GB2 PIN 1505 TYPE 0 GENOME gameplay_screen__GB1 PIN 148
INST gameplay_screen__GB1 PIN 149: INST gameplay_screen__GB2 PIN 1506 TYPE 0 GENOME gameplay_screen__GB1 PIN 149
INST gameplay_screen__GB1 PIN 150: INST gameplay_screen__GB2 PIN 1507 TYPE 0 GENOME gameplay_screen__GB1 PIN 150
INST gameplay_screen__GB1 PIN 151: INST gameplay_screen__GB2 PIN 1508 TYPE 0 GENOME gameplay_screen__GB1 PIN 151
INST gameplay_screen__GB1 PIN 152: INST gameplay_screen__GB2 PIN 1509 TYPE 0 GENOME gameplay_screen__GB1 PIN 152
INST gameplay_screen__GB1 PIN 153: INST gameplay_screen__GB2 PIN 1510 TYPE 0 GENOME gameplay_screen__GB1 PIN 153
INST gameplay_screen__GB1 PIN 154: INST gameplay_screen__GB2 PIN 1511 TYPE 0 GENOME gameplay_screen__GB1 PIN 154
INST gameplay_screen__GB1 PIN 85: INST gameplay_screen__GB0 PIN 582 TYPE 0 GENOME gameplay_screen__GB1 PIN 85
INST gameplay_screen__GB1 PIN 86: INST gameplay_screen__GB0 PIN 583 TYPE 0 GENOME gameplay_screen__GB1 PIN 86
INST gameplay_screen__GB1 PIN 87: INST gameplay_screen__GB0 PIN 584 TYPE 1 GENOME gameplay_screen__GB1 PIN 87
INST gameplay_screen__GB1 PIN 88: INST gameplay_screen__GB0 PIN 585 TYPE 0 GENOME gameplay_screen__GB1 PIN 88
INST gameplay_screen__GB1 PIN 89: INST gameplay_screen__GB0 PIN 586 TYPE 1 GENOME gameplay_screen__GB1 PIN 89
INST gameplay_screen__GB1 PIN 90: INST gameplay_screen__GB0 PIN 587 TYPE 0 GENOME gameplay_screen__GB1 PIN 90
INST gameplay_screen__GB1 PIN 91: INST gameplay_screen__GB0 PIN 588 TYPE 0 GENOME gameplay_screen__GB1 PIN 91
INST gameplay_screen__GB1 PIN 92: INST gameplay_screen__GB0 PIN 589 TYPE 1 GENOME gameplay_screen__GB1 PIN 92
INST gameplay_screen__GB1 PIN 93: INST gameplay_screen__GB0 PIN 590 TYPE 0 GENOME gameplay_screen__GB1 PIN 93
INST gameplay_screen__GB1 PIN 94: INST gameplay_screen__GB0 PIN 591 TYPE 1 GENOME gameplay_screen__GB1 PIN 94
INST gameplay_screen__GB1 PIN 95: INST gameplay_screen__GB0 PIN 592 TYPE 0 GENOME gameplay_screen__GB1 PIN 95
INST gameplay_screen__GB1 PIN 108: INST gameplay_screen__GB0 PIN 593 TYPE 0 GENOME gameplay_screen__GB1 PIN 108
INST gameplay_screen__GB1 PIN 109: INST gameplay_screen__GB0 PIN 594 TYPE 0 GENOME gameplay_screen__GB1 PIN 109
INST gameplay_screen__GB1 PIN 110: INST gameplay_screen__GB0 PIN 595 TYPE 0 GENOME gameplay_screen__GB1 PIN 110
INST gameplay_screen__GB1 PIN 111: INST gameplay_screen__GB0 PIN 596 TYPE 0 GENOME gameplay_screen__GB1 PIN 111
INST gameplay_screen__GB1 PIN 112: INST gameplay_screen__GB0 PIN 597 TYPE 0 GENOME gameplay_screen__GB1 PIN 112
INST gameplay_screen__GB1 PIN 113: INST gameplay_screen__GB0 PIN 598 TYPE 0 GENOME gameplay_screen__GB1 PIN 113
INST gameplay_screen__GB1 PIN 114: INST gameplay_screen__GB0 PIN 599 TYPE 0 GENOME gameplay_screen__GB1 PIN 114
INST gameplay_screen__GB1 PIN 115: INST gameplay_screen__GB0 PIN 600 TYPE 1 GENOME gameplay_screen__GB1 PIN 115
INST gameplay_screen__GB1 PIN 116: INST gameplay_screen__GB0 PIN 601 TYPE 1 GENOME gameplay_screen__GB1 PIN 116
INST gameplay_screen__GB1 PIN 117: INST gameplay_screen__GB0 PIN 602 TYPE 1 GENOME gameplay_screen__GB1 PIN 117
INST gameplay_screen__GB1 PIN 118: INST gameplay_screen__GB0 PIN 603 TYPE 1 GENOME gameplay_screen__GB1 PIN 118
INST gameplay_screen__GB1 PIN 37: INST gameplay_screen__GB0 PIN 605 TYPE 0 GENOME gameplay_screen__GB1 PIN 37
INST gameplay_screen__GB1 PIN 38: INST gameplay_screen__GB0 PIN 606 TYPE 0 GENOME gameplay_screen__GB1 PIN 38
INST gameplay_screen__GB1 PIN 39: INST gameplay_screen__GB0 PIN 607 TYPE 1 GENOME gameplay_screen__GB1 PIN 39
INST gameplay_screen__GB1 PIN 40: INST gameplay_screen__GB0 PIN 608 TYPE 0 GENOME gameplay_screen__GB1 PIN 40
INST gameplay_screen__GB1 PIN 41: INST gameplay_screen__GB0 PIN 609 TYPE 0 GENOME gameplay_screen__GB1 PIN 41
INST gameplay_screen__GB1 PIN 42: INST gameplay_screen__GB0 PIN 610 TYPE 0 GENOME gameplay_screen__GB1 PIN 42
INST gameplay_screen__GB1 PIN 43: INST gameplay_screen__GB0 PIN 611 TYPE 0 GENOME gameplay_screen__GB1 PIN 43
INST gameplay_screen__GB1 PIN 44: INST gameplay_screen__GB0 PIN 612 TYPE 1 GENOME gameplay_screen__GB1 PIN 44
INST gameplay_screen__GB1 PIN 45: INST gameplay_screen__GB0 PIN 613 TYPE 1 GENOME gameplay_screen__GB1 PIN 45
INST gameplay_screen__GB1 PIN 46: INST gameplay_screen__GB0 PIN 614 TYPE 1 GENOME gameplay_screen__GB1 PIN 46
INST gameplay_screen__GB1 PIN 47: INST gameplay_screen__GB0 PIN 615 TYPE 0 GENOME gameplay_screen__GB1 PIN 47
INST gameplay_screen__GB1 PIN 48: INST gameplay_screen__GB0 PIN 616 TYPE 0 GENOME gameplay_screen__GB1 PIN 48
INST gameplay_screen__GB1 PIN 49: INST gameplay_screen__GB0 PIN 617 TYPE 0 GENOME gameplay_screen__GB1 PIN 49
INST gameplay_screen__GB1 PIN 50: INST gameplay_screen__GB0 PIN 618 TYPE 0 GENOME gameplay_screen__GB1 PIN 50
INST gameplay_screen__GB1 PIN 51: INST gameplay_screen__GB0 PIN 619 TYPE 1 GENOME gameplay_screen__GB1 PIN 51
INST gameplay_screen__GB1 PIN 52: INST gameplay_screen__GB0 PIN 620 TYPE 1 GENOME gameplay_screen__GB1 PIN 52
INST gameplay_screen__GB1 PIN 53: INST gameplay_screen__GB0 PIN 621 TYPE 1 GENOME gameplay_screen__GB1 PIN 53
INST gameplay_screen__GB1 PIN 54: INST gameplay_screen__GB0 PIN 622 TYPE 0 GENOME gameplay_screen__GB1 PIN 54
INST gameplay_screen__GB1 PIN 55: INST gameplay_screen__GB0 PIN 623 TYPE 1 GENOME gameplay_screen__GB1 PIN 55
INST gameplay_screen__GB1 PIN 56: INST gameplay_screen__GB0 PIN 624 TYPE 1 GENOME gameplay_screen__GB1 PIN 56
INST gameplay_screen__GB1 PIN 57: INST gameplay_screen__GB0 PIN 625 TYPE 0 GENOME gameplay_screen__GB1 PIN 57
INST gameplay_screen__GB1 PIN 58: INST gameplay_screen__GB0 PIN 626 TYPE 1 GENOME gameplay_screen__GB1 PIN 58
INST gameplay_screen__GB1 PIN 96: INST gameplay_screen__GB0 PIN 627 TYPE 0 GENOME gameplay_screen__GB1 PIN 96
INST gameplay_screen__GB1 PIN 97: INST gameplay_screen__GB0 PIN 628 TYPE 0 GENOME gameplay_screen__GB1 PIN 97
INST gameplay_screen__GB1 PIN 98: INST gameplay_screen__GB0 PIN 629 TYPE 1 GENOME gameplay_screen__GB1 PIN 98
INST gameplay_screen__GB1 PIN 99: INST gameplay_screen__GB0 PIN 630 TYPE 0 GENOME gameplay_screen__GB1 PIN 99
INST gameplay_screen__GB1 PIN 100: INST gameplay_screen__GB0 PIN 631 TYPE 1 GENOME gameplay_screen__GB1 PIN 100
INST gameplay_screen__GB1 PIN 101: INST gameplay_screen__GB0 PIN 632 TYPE 1 GENOME gameplay_screen__GB1 PIN 101
INST gameplay_screen__GB1 PIN 102: INST gameplay_screen__GB0 PIN 633 TYPE 1 GENOME gameplay_screen__GB1 PIN 102
INST gameplay_screen__GB1 PIN 103: INST gameplay_screen__GB0 PIN 634 TYPE 0 GENOME gameplay_screen__GB1 PIN 103
INST gameplay_screen__GB1 PIN 104: INST gameplay_screen__GB0 PIN 635 TYPE 1 GENOME gameplay_screen__GB1 PIN 104
INST gameplay_screen__GB1 PIN 105: INST gameplay_screen__GB0 PIN 636 TYPE 1 GENOME gameplay_screen__GB1 PIN 105
INST gameplay_screen__GB1 PIN 106: INST gameplay_screen__GB0 PIN 637 TYPE 1 GENOME gameplay_screen__GB1 PIN 106
INST gameplay_screen__GB1 PIN 72: INST gameplay_screen__GB0 PIN 649 TYPE 0 GENOME gameplay_screen__GB1 PIN 72
INST gameplay_screen__GB1 PIN 73: INST gameplay_screen__GB0 PIN 650 TYPE 0 GENOME gameplay_screen__GB1 PIN 73
INST gameplay_screen__GB1 PIN 74: INST gameplay_screen__GB0 PIN 651 TYPE 1 GENOME gameplay_screen__GB1 PIN 74
INST gameplay_screen__GB1 PIN 75: INST gameplay_screen__GB0 PIN 652 TYPE 0 GENOME gameplay_screen__GB1 PIN 75
INST gameplay_screen__GB1 PIN 76: INST gameplay_screen__GB0 PIN 653 TYPE 0 GENOME gameplay_screen__GB1 PIN 76
INST gameplay_screen__GB1 PIN 77: INST gameplay_screen__GB0 PIN 654 TYPE 0 GENOME gameplay_screen__GB1 PIN 77
INST gameplay_screen__GB1 PIN 78: INST gameplay_screen__GB0 PIN 655 TYPE 1 GENOME gameplay_screen__GB1 PIN 78
INST gameplay_screen__GB1 PIN 79: INST gameplay_screen__GB0 PIN 656 TYPE 1 GENOME gameplay_screen__GB1 PIN 79
INST gameplay_screen__GB1 PIN 80: INST gameplay_screen__GB0 PIN 657 TYPE 1 GENOME gameplay_screen__GB1 PIN 80
INST gameplay_screen__GB1 PIN 81: INST gameplay_screen__GB0 PIN 658 TYPE 0 GENOME gameplay_screen__GB1 PIN 81
INST gameplay_screen__GB1 PIN 82: INST gameplay_screen__GB0 PIN 659 TYPE 1 GENOME gameplay_screen__GB1 PIN 82
INST gameplay_screen__GB1 PIN 26: INST gameplay_screen__GB0 PIN 683 TYPE 0 GENOME gameplay_screen__GB1 PIN 26
INST gameplay_screen__GB1 PIN 27: INST gameplay_screen__GB0 PIN 684 TYPE 0 GENOME gameplay_screen__GB1 PIN 27
INST gameplay_screen__GB1 PIN 28: INST gameplay_screen__GB0 PIN 685 TYPE 0 GENOME gameplay_screen__GB1 PIN 28
INST gameplay_screen__GB1 PIN 29: INST gameplay_screen__GB0 PIN 686 TYPE 0 GENOME gameplay_screen__GB1 PIN 29
INST gameplay_screen__GB1 PIN 30: INST gameplay_screen__GB0 PIN 687 TYPE 1 GENOME gameplay_screen__GB1 PIN 30
INST gameplay_screen__GB1 PIN 31: INST gameplay_screen__GB0 PIN 688 TYPE 1 GENOME gameplay_screen__GB1 PIN 31
INST gameplay_screen__GB1 PIN 32: INST gameplay_screen__GB0 PIN 689 TYPE 0 GENOME gameplay_screen__GB1 PIN 32
INST gameplay_screen__GB1 PIN 33: INST gameplay_screen__GB0 PIN 690 TYPE 1 GENOME gameplay_screen__GB1 PIN 33
INST gameplay_screen__GB1 PIN 34: INST gameplay_screen__GB0 PIN 691 TYPE 0 GENOME gameplay_screen__GB1 PIN 34
INST gameplay_screen__GB1 PIN 35: INST gameplay_screen__GB0 PIN 692 TYPE 0 GENOME gameplay_screen__GB1 PIN 35
INST gameplay_screen__GB1 PIN 36: INST gameplay_screen__GB0 PIN 693 TYPE 1 GENOME gameplay_screen__GB1 PIN 36
INST gameplay_screen__GB1 PIN 15: INST gameplay_screen__GB0 PIN 696 TYPE 0 GENOME gameplay_screen__GB1 PIN 15
INST gameplay_screen__GB1 PIN 16: INST gameplay_screen__GB0 PIN 697 TYPE 0 GENOME gameplay_screen__GB1 PIN 16
INST gameplay_screen__GB1 PIN 17: INST gameplay_screen__GB0 PIN 698 TYPE 0 GENOME gameplay_screen__GB1 PIN 17
INST gameplay_screen__GB1 PIN 18: INST gameplay_screen__GB0 PIN 699 TYPE 0 GENOME gameplay_screen__GB1 PIN 18
INST gameplay_screen__GB1 PIN 19: INST gameplay_screen__GB0 PIN 700 TYPE 0 GENOME gameplay_screen__GB1 PIN 19
INST gameplay_screen__GB1 PIN 20: INST gameplay_screen__GB0 PIN 701 TYPE 1 GENOME gameplay_screen__GB1 PIN 20
INST gameplay_screen__GB1 PIN 21: INST gameplay_screen__GB0 PIN 702 TYPE 1 GENOME gameplay_screen__GB1 PIN 21
INST gameplay_screen__GB1 PIN 22: INST gameplay_screen__GB0 PIN 703 TYPE 1 GENOME gameplay_screen__GB1 PIN 22
INST gameplay_screen__GB1 PIN 23: INST gameplay_screen__GB0 PIN 704 TYPE 1 GENOME gameplay_screen__GB1 PIN 23
INST gameplay_screen__GB1 PIN 24: INST gameplay_screen__GB0 PIN 705 TYPE 0 GENOME gameplay_screen__GB1 PIN 24
INST gameplay_screen__GB1 PIN 25: INST gameplay_screen__GB0 PIN 706 TYPE 0 GENOME gameplay_screen__GB1 PIN 25
INST gameplay_screen__GB1 PIN 203: INST gameplay_screen__GB1 PIN 204 TYPE 2 INST gameplay_screen__GB3 PIN 158 TYPE 4 INST gameplay_screen__GB1 PIN 205 TYPE 2 INST gameplay_screen__GB3 PIN 159 TYPE 4 INST gameplay_screen__GB1 PIN 206 TYPE 2 INST gameplay_screen__GB3 PIN 160 TYPE 4 INST gameplay_screen__GB1 PIN 207 TYPE 2 INST gameplay_screen__GB3 PIN 161 TYPE 4 INST gameplay_screen__GB1 PIN 208 TYPE 2 INST gameplay_screen__GB3 PIN 162 TYPE 4 INST gameplay_screen__GB1 PIN 209 TYPE 2 INST gameplay_screen__GB3 PIN 163 TYPE 4 INST gameplay_screen__GB1 PIN 210 TYPE 2 INST gameplay_screen__GB3 PIN 164 TYPE 4 INST gameplay_screen__GB1 PIN 211 TYPE 2 INST gameplay_screen__GB3 PIN 165 TYPE 4 INST gameplay_screen__GB1 PIN 212 TYPE 2 INST gameplay_screen__GB3 PIN 166 TYPE 4 INST gameplay_screen__GB1 PIN 213 TYPE 2 INST gameplay_screen__GB3 PIN 167 TYPE 4 INST gameplay_screen__GB1 PIN 214 TYPE 2 INST gameplay_screen__GB3 PIN 168 TYPE 4
INST gameplay_screen__GB1 PIN 155: INST gameplay_screen__GB1 PIN 156 TYPE 2 INST gameplay_screen__GB3 PIN 777 TYPE 4 INST gameplay_screen__GB1 PIN 157 TYPE 2 INST gameplay_screen__GB3 PIN 778 TYPE 4 INST gameplay_screen__GB1 PIN 158 TYPE 2 INST gameplay_screen__GB3 PIN 779 TYPE 4 INST gameplay_screen__GB1 PIN 159 TYPE 2 INST gameplay_screen__GB3 PIN 780 TYPE 4 INST gameplay_screen__GB1 PIN 160 TYPE 2 INST gameplay_screen__GB3 PIN 781 TYPE 4 INST gameplay_screen__GB1 PIN 161 TYPE 2 INST gameplay_screen__GB3 PIN 782 TYPE 4 INST gameplay_screen__GB1 PIN 162 TYPE 2 INST gameplay_screen__GB3 PIN 783 TYPE 4 INST gameplay_screen__GB1 PIN 163 TYPE 2 INST gameplay_screen__GB3 PIN 784 TYPE 4 INST gameplay_screen__GB1 PIN 164 TYPE 2 INST gameplay_screen__GB3 PIN 785 TYPE 4 INST gameplay_screen__GB1 PIN 165 TYPE 2 INST gameplay_screen__GB3 PIN 786 TYPE 4 INST gameplay_screen__GB1 PIN 166 TYPE 2 INST gameplay_screen__GB3 PIN 787 TYPE 4
INST gameplay_screen__GB1 PIN 167: INST gameplay_screen__GB1 PIN 168 TYPE 2 INST gameplay_screen__GB3 PIN 801 TYPE 4 INST gameplay_screen__GB1 PIN 169 TYPE 2 INST gameplay_screen__GB3 PIN 802 TYPE 4 INST gameplay_screen__GB1 PIN 170 TYPE 2 INST gameplay_screen__GB3 PIN 803 TYPE 4 INST gameplay_screen__GB1 PIN 171 TYPE 2 INST gameplay_screen__GB3 PIN 804 TYPE 4 INST gameplay_screen__GB1 PIN 172 TYPE 2 INST gameplay_screen__GB3 PIN 805 TYPE 4 INST gameplay_screen__GB1 PIN 173 TYPE 2 INST gameplay_screen__GB3 PIN 806 TYPE 4 INST gameplay_screen__GB1 PIN 174 TYPE 2 INST gameplay_screen__GB3 PIN 807 TYPE 4 INST gameplay_screen__GB1 PIN 175 TYPE 2 INST gameplay_screen__GB3 PIN 808 TYPE 4 INST gameplay_screen__GB1 PIN 176 TYPE 2 INST gameplay_screen__GB3 PIN 809 TYPE 4 INST gameplay_screen__GB1 PIN 177 TYPE 2 INST gameplay_screen__GB3 PIN 810 TYPE 4 INST gameplay_screen__GB1 PIN 178 TYPE 2 INST gameplay_screen__GB3 PIN 811 TYPE 4
INST gameplay_screen__GB1 PIN 179: INST gameplay_screen__GB1 PIN 180 TYPE 2 INST gameplay_screen__GB3 PIN 885 TYPE 4 INST gameplay_screen__GB1 PIN 181 TYPE 2 INST gameplay_screen__GB3 PIN 886 TYPE 4 INST gameplay_screen__GB1 PIN 182 TYPE 2 INST gameplay_screen__GB3 PIN 887 TYPE 4 INST gameplay_screen__GB1 PIN 183 TYPE 2 INST gameplay_screen__GB3 PIN 888 TYPE 4 INST gameplay_screen__GB1 PIN 184 TYPE 2 INST gameplay_screen__GB3 PIN 889 TYPE 4 INST gameplay_screen__GB1 PIN 185 TYPE 2 INST gameplay_screen__GB3 PIN 890 TYPE 4 INST gameplay_screen__GB1 PIN 186 TYPE 2 INST gameplay_screen__GB3 PIN 891 TYPE 4 INST gameplay_screen__GB1 PIN 187 TYPE 2 INST gameplay_screen__GB3 PIN 892 TYPE 4 INST gameplay_screen__GB1 PIN 188 TYPE 2 INST gameplay_screen__GB3 PIN 893 TYPE 4 INST gameplay_screen__GB1 PIN 189 TYPE 2 INST gameplay_screen__GB3 PIN 894 TYPE 4 INST gameplay_screen__GB1 PIN 190 TYPE 2 INST gameplay_screen__GB3 PIN 895 TYPE 4
INST gameplay_screen__GB1 PIN 191: INST gameplay_screen__GB1 PIN 192 TYPE 2 INST gameplay_screen__GB3 PIN 897 TYPE 4 INST gameplay_screen__GB1 PIN 193 TYPE 2 INST gameplay_screen__GB3 PIN 898 TYPE 4 INST gameplay_screen__GB1 PIN 194 TYPE 2 INST gameplay_screen__GB3 PIN 899 TYPE 4 INST gameplay_screen__GB1 PIN 195 TYPE 2 INST gameplay_screen__GB3 PIN 900 TYPE 4 INST gameplay_screen__GB1 PIN 196 TYPE 2 INST gameplay_screen__GB3 PIN 901 TYPE 4 INST gameplay_screen__GB1 PIN 197 TYPE 2 INST gameplay_screen__GB3 PIN 902 TYPE 4 INST gameplay_screen__GB1 PIN 198 TYPE 2 INST gameplay_screen__GB3 PIN 903 TYPE 4 INST gameplay_screen__GB1 PIN 199 TYPE 2 INST gameplay_screen__GB3 PIN 904 TYPE 4 INST gameplay_screen__GB1 PIN 200 TYPE 2 INST gameplay_screen__GB3 PIN 905 TYPE 4 INST gameplay_screen__GB1 PIN 201 TYPE 2 INST gameplay_screen__GB3 PIN 906 TYPE 4 INST gameplay_screen__GB1 PIN 202 TYPE 2 INST gameplay_screen__GB3 PIN 907 TYPE 4
INST gameplay_screen__GB1 PIN 131: INST gameplay_screen__GB1 PIN 132 TYPE 2 INST gameplay_screen__GB4 PIN 1353 TYPE 4 INST gameplay_screen__GB1 PIN 133 TYPE 2 INST gameplay_screen__GB4 PIN 1354 TYPE 4 INST gameplay_screen__GB1 PIN 134 TYPE 2 INST gameplay_screen__GB4 PIN 1355 TYPE 4
INST gameplay_screen__GB1 PIN 135: INST gameplay_screen__GB4 PIN 1356 TYPE 0 GENOME gameplay_screen__GB1 PIN 135
INST gameplay_screen__GB1 PIN 136: INST gameplay_screen__GB4 PIN 1357 TYPE 0 GENOME gameplay_screen__GB1 PIN 136
INST gameplay_screen__GB1 PIN 137: INST gameplay_screen__GB4 PIN 1358 TYPE 0 GENOME gameplay_screen__GB1 PIN 137
INST gameplay_screen__GB1 PIN 138: INST gameplay_screen__GB4 PIN 1359 TYPE 0 GENOME gameplay_screen__GB1 PIN 138
INST gameplay_screen__GB1 PIN 139: INST gameplay_screen__GB4 PIN 1360 TYPE 0 GENOME gameplay_screen__GB1 PIN 139
INST gameplay_screen__GB1 PIN 140: INST gameplay_screen__GB4 PIN 1361 TYPE 0 GENOME gameplay_screen__GB1 PIN 140
INST gameplay_screen__GB1 PIN 141: INST gameplay_screen__GB4 PIN 1362 TYPE 0 GENOME gameplay_screen__GB1 PIN 141
INST gameplay_screen__GB1 PIN 142: INST gameplay_screen__GB4 PIN 1363 TYPE 0 GENOME gameplay_screen__GB1 PIN 142
INST gameplay_screen__GB1 PIN 119: INST gameplay_screen__GB1 PIN 120 TYPE 2 INST gameplay_screen__GB4 PIN 1509 TYPE 4 INST gameplay_screen__GB1 PIN 121 TYPE 2 INST gameplay_screen__GB4 PIN 1510 TYPE 4 INST gameplay_screen__GB1 PIN 122 TYPE 2 INST gameplay_screen__GB4 PIN 1511 TYPE 4
INST gameplay_screen__GB1 PIN 123: INST gameplay_screen__GB4 PIN 1512 TYPE 0 GENOME gameplay_screen__GB1 PIN 123
INST gameplay_screen__GB1 PIN 124: INST gameplay_screen__GB4 PIN 1513 TYPE 0 GENOME gameplay_screen__GB1 PIN 124
INST gameplay_screen__GB1 PIN 125: INST gameplay_screen__GB4 PIN 1514 TYPE 0 GENOME gameplay_screen__GB1 PIN 125
INST gameplay_screen__GB1 PIN 126: INST gameplay_screen__GB4 PIN 1515 TYPE 0 GENOME gameplay_screen__GB1 PIN 126
INST gameplay_screen__GB1 PIN 127: INST gameplay_screen__GB4 PIN 1516 TYPE 0 GENOME gameplay_screen__GB1 PIN 127
INST gameplay_screen__GB1 PIN 128: INST gameplay_screen__GB4 PIN 1517 TYPE 0 GENOME gameplay_screen__GB1 PIN 128
INST gameplay_screen__GB1 PIN 129: INST gameplay_screen__GB4 PIN 1518 TYPE 0 GENOME gameplay_screen__GB1 PIN 129
INST gameplay_screen__GB1 PIN 130: INST gameplay_screen__GB4 PIN 1519 TYPE 0 GENOME gameplay_screen__GB1 PIN 130
INST gameplay_screen__GB1 PIN 120: GENOME gameplay_screen__GB1 PIN 120
INST gameplay_screen__GB1 PIN 121: GENOME gameplay_screen__GB1 PIN 121
INST gameplay_screen__GB1 PIN 122: GENOME gameplay_screen__GB1 PIN 122
INST gameplay_screen__GB1 PIN 132: GENOME gameplay_screen__GB1 PIN 132
INST gameplay_screen__GB1 PIN 133: GENOME gameplay_screen__GB1 PIN 133
INST gameplay_screen__GB1 PIN 134: GENOME gameplay_screen__GB1 PIN 134
INST gameplay_screen__GB1 PIN 144: GENOME gameplay_screen__GB1 PIN 144
INST gameplay_screen__GB1 PIN 145: GENOME gameplay_screen__GB1 PIN 145
INST gameplay_screen__GB1 PIN 146: GENOME gameplay_screen__GB1 PIN 146
INST gameplay_screen__GB1 PIN 156: GENOME gameplay_screen__GB1 PIN 156
INST gameplay_screen__GB1 PIN 157: GENOME gameplay_screen__GB1 PIN 157
INST gameplay_screen__GB1 PIN 158: GENOME gameplay_screen__GB1 PIN 158
INST gameplay_screen__GB1 PIN 159: GENOME gameplay_screen__GB1 PIN 159
INST gameplay_screen__GB1 PIN 160: GENOME gameplay_screen__GB1 PIN 160
INST gameplay_screen__GB1 PIN 161: GENOME gameplay_screen__GB1 PIN 161
INST gameplay_screen__GB1 PIN 162: GENOME gameplay_screen__GB1 PIN 162
INST gameplay_screen__GB1 PIN 163: GENOME gameplay_screen__GB1 PIN 163
INST gameplay_screen__GB1 PIN 164: GENOME gameplay_screen__GB1 PIN 164
INST gameplay_screen__GB1 PIN 165: GENOME gameplay_screen__GB1 PIN 165
INST gameplay_screen__GB1 PIN 166: GENOME gameplay_screen__GB1 PIN 166
INST gameplay_screen__GB1 PIN 168: GENOME gameplay_screen__GB1 PIN 168
INST gameplay_screen__GB1 PIN 169: GENOME gameplay_screen__GB1 PIN 169
INST gameplay_screen__GB1 PIN 170: GENOME gameplay_screen__GB1 PIN 170
INST gameplay_screen__GB1 PIN 171: GENOME gameplay_screen__GB1 PIN 171
INST gameplay_screen__GB1 PIN 172: GENOME gameplay_screen__GB1 PIN 172
INST gameplay_screen__GB1 PIN 173: GENOME gameplay_screen__GB1 PIN 173
INST gameplay_screen__GB1 PIN 174: GENOME gameplay_screen__GB1 PIN 174
INST gameplay_screen__GB1 PIN 175: GENOME gameplay_screen__GB1 PIN 175
INST gameplay_screen__GB1 PIN 176: GENOME gameplay_screen__GB1 PIN 176
INST gameplay_screen__GB1 PIN 177: GENOME gameplay_screen__GB1 PIN 177
INST gameplay_screen__GB1 PIN 178: GENOME gameplay_screen__GB1 PIN 178
INST gameplay_screen__GB1 PIN 180: GENOME gameplay_screen__GB1 PIN 180
INST gameplay_screen__GB1 PIN 181: GENOME gameplay_screen__GB1 PIN 181
INST gameplay_screen__GB1 PIN 182: GENOME gameplay_screen__GB1 PIN 182
INST gameplay_screen__GB1 PIN 183: GENOME gameplay_screen__GB1 PIN 183
INST gameplay_screen__GB1 PIN 184: GENOME gameplay_screen__GB1 PIN 184
INST gameplay_screen__GB1 PIN 185: GENOME gameplay_screen__GB1 PIN 185
INST gameplay_screen__GB1 PIN 186: GENOME gameplay_screen__GB1 PIN 186
INST gameplay_screen__GB1 PIN 187: GENOME gameplay_screen__GB1 PIN 187
INST gameplay_screen__GB1 PIN 188: GENOME gameplay_screen__GB1 PIN 188
INST gameplay_screen__GB1 PIN 189: GENOME gameplay_screen__GB1 PIN 189
INST gameplay_screen__GB1 PIN 190: GENOME gameplay_screen__GB1 PIN 190
INST gameplay_screen__GB1 PIN 192: GENOME gameplay_screen__GB1 PIN 192
INST gameplay_screen__GB1 PIN 193: GENOME gameplay_screen__GB1 PIN 193
INST gameplay_screen__GB1 PIN 194: GENOME gameplay_screen__GB1 PIN 194
INST gameplay_screen__GB1 PIN 195: GENOME gameplay_screen__GB1 PIN 195
INST gameplay_screen__GB1 PIN 196: GENOME gameplay_screen__GB1 PIN 196
INST gameplay_screen__GB1 PIN 197: GENOME gameplay_screen__GB1 PIN 197
INST gameplay_screen__GB1 PIN 198: GENOME gameplay_screen__GB1 PIN 198
INST gameplay_screen__GB1 PIN 199: GENOME gameplay_screen__GB1 PIN 199
INST gameplay_screen__GB1 PIN 200: GENOME gameplay_screen__GB1 PIN 200
INST gameplay_screen__GB1 PIN 201: GENOME gameplay_screen__GB1 PIN 201
INST gameplay_screen__GB1 PIN 202: GENOME gameplay_screen__GB1 PIN 202
INST gameplay_screen__GB1 PIN 204: GENOME gameplay_screen__GB1 PIN 204
INST gameplay_screen__GB1 PIN 205: GENOME gameplay_screen__GB1 PIN 205
INST gameplay_screen__GB1 PIN 206: GENOME gameplay_screen__GB1 PIN 206
INST gameplay_screen__GB1 PIN 207: GENOME gameplay_screen__GB1 PIN 207
INST gameplay_screen__GB1 PIN 208: GENOME gameplay_screen__GB1 PIN 208
INST gameplay_screen__GB1 PIN 209: GENOME gameplay_screen__GB1 PIN 209
INST gameplay_screen__GB1 PIN 210: GENOME gameplay_screen__GB1 PIN 210
INST gameplay_screen__GB1 PIN 211: GENOME gameplay_screen__GB1 PIN 211
INST gameplay_screen__GB1 PIN 212: GENOME gameplay_screen__GB1 PIN 212
INST gameplay_screen__GB1 PIN 213: GENOME gameplay_screen__GB1 PIN 213
INST gameplay_screen__GB1 PIN 214: GENOME gameplay_screen__GB1 PIN 214
INST top_level__GC0 PIN 102: GENOME top_level__GC0 PIN 102 INST top_level__GC0 PIN 38 TYPE 5
INST top_level__GC0 PIN 38: GENOME top_level__GC0 PIN 38
INST top_level__GC0 PIN 103: GENOME top_level__GC0 PIN 103 INST top_level__GC0 PIN 37 TYPE 5
INST top_level__GC0 PIN 37: GENOME top_level__GC0 PIN 37
INST top_level__GC0 PIN 104: GENOME top_level__GC0 PIN 104 INST top_level__GC0 PIN 39 TYPE 5
INST top_level__GC0 PIN 39: GENOME top_level__GC0 PIN 39
GENOME NON_GENOME PIN 38: GENOME NON_GENOME PIN 102
GENOME NON_GENOME PIN 102: GENOME NON_GENOME PIN 38
GENOME NON_GENOME PIN 37: GENOME NON_GENOME PIN 103
GENOME NON_GENOME PIN 103: GENOME NON_GENOME PIN 37
GENOME NON_GENOME PIN 39: GENOME NON_GENOME PIN 104
GENOME NON_GENOME PIN 104: GENOME NON_GENOME PIN 39
INST gameplay_screen__GB1 PIN 0: INST gameplay_screen__GB3 PIN 205 TYPE 0 GENOME gameplay_screen__GB1 PIN 0
INST gameplay_screen__GB1 PIN 1: INST gameplay_screen__GB3 PIN 206 TYPE 0 GENOME gameplay_screen__GB1 PIN 1
INST gameplay_screen__GB1 PIN 215: INST gameplay_screen__GB4 PIN 591 TYPE 5
INST gameplay_screen__GB1 PIN 216: INST gameplay_screen__GB4 PIN 592 TYPE 5
INST gameplay_screen__GB1 PIN 217: INST gameplay_screen__GB4 PIN 593 TYPE 5
INST gameplay_screen__GB1 PIN 218: INST gameplay_screen__GB4 PIN 594 TYPE 5
INST gameplay_screen__GB1 PIN 219: INST gameplay_screen__GB4 PIN 595 TYPE 5
INST gameplay_screen__GB1 PIN 220: INST gameplay_screen__GB4 PIN 596 TYPE 5
INST gameplay_screen__GB1 PIN 221: INST gameplay_screen__GB4 PIN 597 TYPE 5
INST gameplay_screen__GB1 PIN 222: INST gameplay_screen__GB4 PIN 598 TYPE 5
INST gameplay_screen__GB1 PIN 223: INST gameplay_screen__GB4 PIN 599 TYPE 5
INST gameplay_screen__GB1 PIN 224: INST gameplay_screen__GB4 PIN 600 TYPE 5
INST gameplay_screen__GB1 PIN 225: INST gameplay_screen__GB4 PIN 611 TYPE 5
INST gameplay_screen__GB1 PIN 226: INST gameplay_screen__GB4 PIN 612 TYPE 5
INST gameplay_screen__GB1 PIN 227: INST gameplay_screen__GB4 PIN 613 TYPE 5
INST gameplay_screen__GB1 PIN 228: INST gameplay_screen__GB4 PIN 614 TYPE 5
INST gameplay_screen__GB1 PIN 229: INST gameplay_screen__GB4 PIN 615 TYPE 5
INST gameplay_screen__GB1 PIN 230: INST gameplay_screen__GB4 PIN 616 TYPE 5
INST gameplay_screen__GB1 PIN 231: INST gameplay_screen__GB4 PIN 617 TYPE 5
INST gameplay_screen__GB1 PIN 232: INST gameplay_screen__GB4 PIN 618 TYPE 5
INST gameplay_screen__GB1 PIN 233: INST gameplay_screen__GB4 PIN 619 TYPE 5
INST gameplay_screen__GB1 PIN 234: INST gameplay_screen__GB4 PIN 620 TYPE 5
INST gameplay_screen__GB1 PIN 235: INST gameplay_screen__GB4 PIN 651 TYPE 5
INST gameplay_screen__GB1 PIN 236: INST gameplay_screen__GB4 PIN 652 TYPE 5
INST gameplay_screen__GB1 PIN 237: INST gameplay_screen__GB4 PIN 653 TYPE 5
INST gameplay_screen__GB1 PIN 238: INST gameplay_screen__GB4 PIN 654 TYPE 5
INST gameplay_screen__GB1 PIN 239: INST gameplay_screen__GB4 PIN 655 TYPE 5
INST gameplay_screen__GB1 PIN 240: INST gameplay_screen__GB4 PIN 656 TYPE 5
INST gameplay_screen__GB1 PIN 241: INST gameplay_screen__GB4 PIN 657 TYPE 5
INST gameplay_screen__GB1 PIN 242: INST gameplay_screen__GB4 PIN 658 TYPE 5
INST gameplay_screen__GB1 PIN 243: INST gameplay_screen__GB4 PIN 659 TYPE 5
INST gameplay_screen__GB1 PIN 244: INST gameplay_screen__GB4 PIN 660 TYPE 5
INST gameplay_screen__GB1 PIN 245: INST gameplay_screen__GB4 PIN 661 TYPE 5
INST gameplay_screen__GB1 PIN 246: INST gameplay_screen__GB4 PIN 662 TYPE 5
INST gameplay_screen__GB1 PIN 247: INST gameplay_screen__GB4 PIN 663 TYPE 5
INST gameplay_screen__GB1 PIN 248: INST gameplay_screen__GB4 PIN 664 TYPE 5
INST gameplay_screen__GB1 PIN 249: INST gameplay_screen__GB4 PIN 665 TYPE 5
INST gameplay_screen__GB1 PIN 250: INST gameplay_screen__GB4 PIN 666 TYPE 5
INST gameplay_screen__GB1 PIN 251: INST gameplay_screen__GB4 PIN 667 TYPE 5
INST gameplay_screen__GB1 PIN 252: INST gameplay_screen__GB4 PIN 668 TYPE 5
INST gameplay_screen__GB1 PIN 253: INST gameplay_screen__GB4 PIN 669 TYPE 5
INST gameplay_screen__GB1 PIN 254: INST gameplay_screen__GB4 PIN 670 TYPE 5
