xilinx rtfpga
WARNING: [Synth 8-3917] design gameplay_screen__GB0 has port shot_made5[9] driven by constant 0
WARNING: [Synth 8-3917] design gameplay_screen__GB0 has port shot_made5[8] driven by constant 0
WARNING: [Synth 8-3917] design gameplay_screen__GB0 has port O25[9] driven by constant 0
WARNING: [Synth 8-3917] design gameplay_screen__GB0 has port O25[8] driven by constant 0
WARNING: [Synth 8-3917] design gameplay_screen__GB0 has port O25[7] driven by constant 0
WARNING: [Synth 8-3917] design gameplay_screen__GB0 has port O26[9] driven by constant 0
WARNING: [Synth 8-3917] design gameplay_screen__GB0 has port O26[8] driven by constant 0
WARNING: [Synth 8-3917] design gameplay_screen__GB0 has port O28[9] driven by constant 0
WARNING: [Synth 8-3917] design gameplay_screen__GB0 has port O28[8] driven by constant 0
WARNING: [Synth 8-3917] design gameplay_screen__GB0 has port O35[9] driven by constant 0
WARNING: [Synth 8-3917] design gameplay_screen__GB0 has port O35[8] driven by constant 0
WARNING: [Synth 8-3917] design gameplay_screen__GB0 has port O35[7] driven by constant 0
WARNING: [Synth 8-3917] design gameplay_screen__GB0 has port O53[9] driven by constant 0
WARNING: [Synth 8-3917] design gameplay_screen__GB0 has port O53[8] driven by constant 0
INFO: [Synth 8-3886] merging instance 'reds_y_reg[0][0][6]' (FDE) to 'reds_y_reg[0][0][2]'
INFO: [Synth 8-3886] merging instance 'reds_y_reg[0][0][5]' (FDE) to 'reds_y_reg[0][0][4]'
INFO: [Synth 8-3886] merging instance 'reds_y_reg[0][0][3]' (FDE) to 'reds_y_reg[0][0][4]'
INFO: [Synth 8-3333] propagating constant 0 across sequential element (\reds_y_reg[0][0][4] )
INFO: [Synth 8-3886] merging instance 'reds_y_reg[1][3][6]' (FDE) to 'reds_y_reg[1][3][5]'
INFO: [Synth 8-3886] merging instance 'reds_y_reg[1][3][5]' (FDE) to 'reds_y_reg[1][3][4]'
INFO: [Synth 8-3886] merging instance 'reds_y_reg[1][3][2]' (FDE) to 'reds_y_reg[1][3][3]'
INFO: [Synth 8-3333] propagating constant 0 across sequential element (\reds_y_reg[1][3][3] )
