xilinx rtfpga
WARNING: [Synth 8-3917] design gameplay_screen__GB10 has port shot_made5[9] driven by constant 0
WARNING: [Synth 8-3917] design gameplay_screen__GB10 has port shot_made5[8] driven by constant 0
WARNING: [Synth 8-3917] design gameplay_screen__GB10 has port O276[9] driven by constant 0
WARNING: [Synth 8-3917] design gameplay_screen__GB10 has port O277[9] driven by constant 0
WARNING: [Synth 8-3917] design gameplay_screen__GB10 has port shot_made6[9] driven by constant 0
WARNING: [Synth 8-3917] design gameplay_screen__GB10 has port shot_made6[8] driven by constant 0
WARNING: [Synth 8-3917] design gameplay_screen__GB10 has port O280[9] driven by constant 0
WARNING: [Synth 8-3917] design gameplay_screen__GB10 has port O280[8] driven by constant 0
WARNING: [Synth 8-3917] design gameplay_screen__GB10 has port O283[9] driven by constant 0
WARNING: [Synth 8-3917] design gameplay_screen__GB10 has port O284[9] driven by constant 0
WARNING: [Synth 8-3917] design gameplay_screen__GB10 has port O285[9] driven by constant 0
WARNING: [Synth 8-3917] design gameplay_screen__GB10 has port O285[8] driven by constant 0
WARNING: [Synth 8-3917] design gameplay_screen__GB10 has port O287[9] driven by constant 0
WARNING: [Synth 8-3917] design gameplay_screen__GB10 has port O288[9] driven by constant 0
WARNING: [Synth 8-3917] design gameplay_screen__GB10 has port O291[9] driven by constant 0
WARNING: [Synth 8-3917] design gameplay_screen__GB10 has port O292[9] driven by constant 0
WARNING: [Synth 8-3917] design gameplay_screen__GB10 has port O293[9] driven by constant 0
WARNING: [Synth 8-3917] design gameplay_screen__GB10 has port O296[9] driven by constant 0
WARNING: [Synth 8-3917] design gameplay_screen__GB10 has port O297[9] driven by constant 0
WARNING: [Synth 8-3917] design gameplay_screen__GB10 has port O298[9] driven by constant 0
INFO: [Synth 8-3886] merging instance 'blues_y_reg[1][9][7]' (FDE) to 'blues_y_reg[1][9][6]'
INFO: [Synth 8-3886] merging instance 'blues_y_reg[1][9][6]' (FDE) to 'blues_y_reg[1][9][3]'
INFO: [Synth 8-3886] merging instance 'blues_y_reg[1][9][5]' (FDE) to 'blues_y_reg[1][9][4]'
INFO: [Synth 8-3886] merging instance 'blues_y_reg[1][9][3]' (FDE) to 'blues_y_reg[1][9][2]'
INFO: [Synth 8-3333] propagating constant 0 across sequential element (\blues_y_reg[1][9][4] )
INFO: [Synth 8-3886] merging instance 'blues_y_reg[0][2][7]' (FDE) to 'blues_y_reg[0][2][5]'
INFO: [Synth 8-3886] merging instance 'blues_y_reg[0][2][6]' (FDE) to 'blues_y_reg[0][2][4]'
INFO: [Synth 8-3886] merging instance 'blues_y_reg[0][2][3]' (FDE) to 'blues_y_reg[0][2][4]'
INFO: [Synth 8-3886] merging instance 'blues_y_reg[0][2][2]' (FDE) to 'blues_y_reg[0][2][4]'
INFO: [Synth 8-3333] propagating constant 0 across sequential element (\blues_y_reg[0][2][4] )
INFO: [Synth 8-3886] merging instance 'blues_y_reg[1][4][7]' (FDE) to 'blues_y_reg[1][4][6]'
INFO: [Synth 8-3886] merging instance 'blues_y_reg[1][4][6]' (FDE) to 'blues_y_reg[1][4][3]'
INFO: [Synth 8-3886] merging instance 'blues_y_reg[1][4][5]' (FDE) to 'blues_y_reg[1][4][4]'
INFO: [Synth 8-3886] merging instance 'blues_y_reg[1][4][2]' (FDE) to 'blues_y_reg[1][4][3]'
INFO: [Synth 8-3333] propagating constant 0 across sequential element (\blues_y_reg[1][4][4] )
INFO: [Synth 8-3886] merging instance 'blues_y_reg[1][5][7]' (FDE) to 'blues_y_reg[1][5][6]'
INFO: [Synth 8-3886] merging instance 'blues_y_reg[1][5][6]' (FDE) to 'blues_y_reg[1][5][3]'
INFO: [Synth 8-3886] merging instance 'blues_y_reg[1][5][5]' (FDE) to 'blues_y_reg[1][5][4]'
INFO: [Synth 8-3886] merging instance 'blues_y_reg[1][5][2]' (FDE) to 'blues_y_reg[1][5][3]'
INFO: [Synth 8-3333] propagating constant 0 across sequential element (\blues_y_reg[1][5][4] )
INFO: [Synth 8-3886] merging instance 'blues_y_reg[1][7][7]' (FDE) to 'blues_y_reg[1][7][6]'
INFO: [Synth 8-3886] merging instance 'blues_y_reg[1][7][6]' (FDE) to 'blues_y_reg[1][7][3]'
INFO: [Synth 8-3886] merging instance 'blues_y_reg[1][7][5]' (FDE) to 'blues_y_reg[1][7][4]'
INFO: [Synth 8-3886] merging instance 'blues_y_reg[1][7][2]' (FDE) to 'blues_y_reg[1][7][3]'
INFO: [Synth 8-3333] propagating constant 0 across sequential element (\blues_y_reg[1][7][4] )
INFO: [Synth 8-3886] merging instance 'reds_y_reg[0][8][6]' (FDE) to 'reds_y_reg[0][8][2]'
INFO: [Synth 8-3886] merging instance 'reds_y_reg[0][8][5]' (FDE) to 'reds_y_reg[0][8][4]'
INFO: [Synth 8-3886] merging instance 'reds_y_reg[0][8][3]' (FDE) to 'reds_y_reg[0][8][4]'
INFO: [Synth 8-3333] propagating constant 0 across sequential element (\reds_y_reg[0][8][4] )
INFO: [Synth 8-3886] merging instance 'reds_y_reg[0][9][6]' (FDE) to 'reds_y_reg[0][9][2]'
INFO: [Synth 8-3886] merging instance 'reds_y_reg[0][9][5]' (FDE) to 'reds_y_reg[0][9][4]'
INFO: [Synth 8-3886] merging instance 'reds_y_reg[0][9][3]' (FDE) to 'reds_y_reg[0][9][4]'
INFO: [Synth 8-3333] propagating constant 0 across sequential element (\reds_y_reg[0][9][4] )
INFO: [Synth 8-3886] merging instance 'blues_y_reg[0][3][7]' (FDE) to 'blues_y_reg[0][3][5]'
INFO: [Synth 8-3886] merging instance 'blues_y_reg[0][3][6]' (FDE) to 'blues_y_reg[0][3][4]'
INFO: [Synth 8-3886] merging instance 'blues_y_reg[0][3][2]' (FDE) to 'blues_y_reg[0][3][4]'
INFO: [Synth 8-3886] merging instance 'blues_y_reg[0][3][3]' (FDE) to 'blues_y_reg[0][3][4]'
INFO: [Synth 8-3333] propagating constant 0 across sequential element (\blues_y_reg[0][3][4] )
